2023-04-02 17:25:14,408 - args: Namespace(dataset='Cora', datapath='../dataset', log_dir='logs/', name='debug', epoch=200, model_lr=0.01, alpha=0.01, x_dim=64, routit=3, val_frac=0.05, test_frac=0.1, dropout=0, model='VGAE', gpu=-1, trails=5, seed=-1, verbose=1, argv=['/home/dell/zxj/VGDAE_TNNLS_1/VGDAE/hys_k/main/main_k1.py'], device=device(type='cuda', index=1))
2023-04-02 17:25:17,001 - Epoch:000, train_loss:7.0108, val_auc:0.7705, val_ap: 0.8000, text_auc:0.7741, text_ap: 0.8201
2023-04-02 17:25:17,026 - Epoch:001, train_loss:6.7496, val_auc:0.7874, val_ap: 0.8170, text_auc:0.7911, text_ap: 0.8341
2023-04-02 17:25:17,050 - Epoch:002, train_loss:6.6601, val_auc:0.7975, val_ap: 0.8273, text_auc:0.7997, text_ap: 0.8403
2023-04-02 17:25:17,076 - Epoch:003, train_loss:6.3626, val_auc:0.8045, val_ap: 0.8337, text_auc:0.8043, text_ap: 0.8440
2023-04-02 17:25:17,101 - Epoch:004, train_loss:5.9978, val_auc:0.8082, val_ap: 0.8376, text_auc:0.8078, text_ap: 0.8461
2023-04-02 17:25:17,126 - Epoch:005, train_loss:5.8620, val_auc:0.8120, val_ap: 0.8414, text_auc:0.8107, text_ap: 0.8479
2023-04-02 17:25:17,148 - Epoch:006, train_loss:5.6318, val_auc:0.8148, val_ap: 0.8437, text_auc:0.8135, text_ap: 0.8499
2023-04-02 17:25:17,171 - Epoch:007, train_loss:5.3741, val_auc:0.8171, val_ap: 0.8453, text_auc:0.8159, text_ap: 0.8515
2023-04-02 17:25:17,194 - Epoch:008, train_loss:5.1611, val_auc:0.8195, val_ap: 0.8474, text_auc:0.8180, text_ap: 0.8530
2023-04-02 17:25:17,217 - Epoch:009, train_loss:5.1061, val_auc:0.8220, val_ap: 0.8491, text_auc:0.8201, text_ap: 0.8545
2023-04-02 17:25:17,246 - Epoch:010, train_loss:4.8347, val_auc:0.8246, val_ap: 0.8512, text_auc:0.8222, text_ap: 0.8559
2023-04-02 17:25:17,275 - Epoch:011, train_loss:4.7350, val_auc:0.8273, val_ap: 0.8529, text_auc:0.8246, text_ap: 0.8575
2023-04-02 17:25:17,304 - Epoch:012, train_loss:4.6249, val_auc:0.8305, val_ap: 0.8553, text_auc:0.8273, text_ap: 0.8594
2023-04-02 17:25:17,335 - Epoch:013, train_loss:4.4006, val_auc:0.8332, val_ap: 0.8573, text_auc:0.8304, text_ap: 0.8615
2023-04-02 17:25:17,366 - Epoch:014, train_loss:4.3229, val_auc:0.8358, val_ap: 0.8593, text_auc:0.8335, text_ap: 0.8637
2023-04-02 17:25:17,391 - Epoch:015, train_loss:4.1178, val_auc:0.8392, val_ap: 0.8620, text_auc:0.8370, text_ap: 0.8661
2023-04-02 17:25:17,418 - Epoch:016, train_loss:4.0068, val_auc:0.8426, val_ap: 0.8646, text_auc:0.8405, text_ap: 0.8685
2023-04-02 17:25:17,446 - Epoch:017, train_loss:3.9689, val_auc:0.8465, val_ap: 0.8678, text_auc:0.8448, text_ap: 0.8714
2023-04-02 17:25:17,476 - Epoch:018, train_loss:3.8626, val_auc:0.8507, val_ap: 0.8711, text_auc:0.8500, text_ap: 0.8750
2023-04-02 17:25:17,503 - Epoch:019, train_loss:3.8768, val_auc:0.8556, val_ap: 0.8751, text_auc:0.8554, text_ap: 0.8788
2023-04-02 17:25:17,531 - Epoch:020, train_loss:3.7012, val_auc:0.8609, val_ap: 0.8796, text_auc:0.8620, text_ap: 0.8836
2023-04-02 17:25:17,556 - Epoch:021, train_loss:3.4999, val_auc:0.8682, val_ap: 0.8859, text_auc:0.8698, text_ap: 0.8893
2023-04-02 17:25:17,588 - Epoch:022, train_loss:3.3745, val_auc:0.8768, val_ap: 0.8929, text_auc:0.8786, text_ap: 0.8956
2023-04-02 17:25:17,616 - Epoch:023, train_loss:3.4301, val_auc:0.8880, val_ap: 0.9011, text_auc:0.8891, text_ap: 0.9030
2023-04-02 17:25:17,642 - Epoch:024, train_loss:3.1507, val_auc:0.9030, val_ap: 0.9119, text_auc:0.9008, text_ap: 0.9111
2023-04-02 17:25:17,667 - Epoch:025, train_loss:3.0574, val_auc:0.9142, val_ap: 0.9205, text_auc:0.9087, text_ap: 0.9159
2023-04-02 17:25:17,688 - Epoch:026, train_loss:2.8686, val_auc:0.9109, val_ap: 0.9184
2023-04-02 17:25:17,714 - Epoch:027, train_loss:2.7865, val_auc:0.9153, val_ap: 0.9210, text_auc:0.9119, text_ap: 0.9185
2023-04-02 17:25:17,736 - Epoch:028, train_loss:2.7161, val_auc:0.9150, val_ap: 0.9206
2023-04-02 17:25:17,757 - Epoch:029, train_loss:2.7157, val_auc:0.9139, val_ap: 0.9194
2023-04-02 17:25:17,779 - Epoch:030, train_loss:2.6672, val_auc:0.9152, val_ap: 0.9204
2023-04-02 17:25:17,807 - Epoch:031, train_loss:2.6665, val_auc:0.9170, val_ap: 0.9219, text_auc:0.9151, text_ap: 0.9216
2023-04-02 17:25:17,830 - Epoch:032, train_loss:2.5945, val_auc:0.9169, val_ap: 0.9216
2023-04-02 17:25:17,855 - Epoch:033, train_loss:2.5064, val_auc:0.9162, val_ap: 0.9217
2023-04-02 17:25:17,877 - Epoch:034, train_loss:2.4178, val_auc:0.9157, val_ap: 0.9214
2023-04-02 17:25:17,898 - Epoch:035, train_loss:2.3979, val_auc:0.9165, val_ap: 0.9215
2023-04-02 17:25:17,924 - Epoch:036, train_loss:2.2713, val_auc:0.9183, val_ap: 0.9222, text_auc:0.9164, text_ap: 0.9226
2023-04-02 17:25:17,950 - Epoch:037, train_loss:2.2558, val_auc:0.9197, val_ap: 0.9230, text_auc:0.9174, text_ap: 0.9229
2023-04-02 17:25:17,975 - Epoch:038, train_loss:2.2591, val_auc:0.9203, val_ap: 0.9234, text_auc:0.9175, text_ap: 0.9226
2023-04-02 17:25:17,995 - Epoch:039, train_loss:2.2421, val_auc:0.9203, val_ap: 0.9229
2023-04-02 17:25:18,017 - Epoch:040, train_loss:2.2163, val_auc:0.9194, val_ap: 0.9225
2023-04-02 17:25:18,040 - Epoch:041, train_loss:2.1351, val_auc:0.9183, val_ap: 0.9215
2023-04-02 17:25:18,061 - Epoch:042, train_loss:2.0252, val_auc:0.9176, val_ap: 0.9203
2023-04-02 17:25:18,086 - Epoch:043, train_loss:2.0697, val_auc:0.9167, val_ap: 0.9194
2023-04-02 17:25:18,108 - Epoch:044, train_loss:2.0156, val_auc:0.9175, val_ap: 0.9196
2023-04-02 17:25:18,130 - Epoch:045, train_loss:1.9931, val_auc:0.9184, val_ap: 0.9202
2023-04-02 17:25:18,152 - Epoch:046, train_loss:1.9377, val_auc:0.9192, val_ap: 0.9209
2023-04-02 17:25:18,176 - Epoch:047, train_loss:1.9289, val_auc:0.9194, val_ap: 0.9213
2023-04-02 17:25:18,198 - Epoch:048, train_loss:1.9317, val_auc:0.9194, val_ap: 0.9214
2023-04-02 17:25:18,219 - Epoch:049, train_loss:1.8625, val_auc:0.9195, val_ap: 0.9213
2023-04-02 17:25:18,241 - Epoch:050, train_loss:1.8621, val_auc:0.9189, val_ap: 0.9208
2023-04-02 17:25:18,262 - Epoch:051, train_loss:1.8653, val_auc:0.9176, val_ap: 0.9199
2023-04-02 17:25:18,281 - Epoch:052, train_loss:1.8179, val_auc:0.9163, val_ap: 0.9187
2023-04-02 17:25:18,302 - Epoch:053, train_loss:1.7764, val_auc:0.9155, val_ap: 0.9179
2023-04-02 17:25:18,322 - Epoch:054, train_loss:1.7710, val_auc:0.9150, val_ap: 0.9173
2023-04-02 17:25:18,343 - Epoch:055, train_loss:1.7209, val_auc:0.9151, val_ap: 0.9172
2023-04-02 17:25:18,366 - Epoch:056, train_loss:1.7366, val_auc:0.9152, val_ap: 0.9169
2023-04-02 17:25:18,389 - Epoch:057, train_loss:1.7320, val_auc:0.9165, val_ap: 0.9179
2023-04-02 17:25:18,411 - Epoch:058, train_loss:1.7067, val_auc:0.9173, val_ap: 0.9185
2023-04-02 17:25:18,433 - Epoch:059, train_loss:1.6971, val_auc:0.9176, val_ap: 0.9187
2023-04-02 17:25:18,452 - Epoch:060, train_loss:1.6860, val_auc:0.9183, val_ap: 0.9193
2023-04-02 17:25:18,473 - Epoch:061, train_loss:1.6571, val_auc:0.9193, val_ap: 0.9201
2023-04-02 17:25:18,494 - Epoch:062, train_loss:1.6426, val_auc:0.9202, val_ap: 0.9208
2023-04-02 17:25:18,512 - Epoch:063, train_loss:1.6660, val_auc:0.9214, val_ap: 0.9218
2023-04-02 17:25:18,538 - Epoch:064, train_loss:1.6308, val_auc:0.9223, val_ap: 0.9225, text_auc:0.9169, text_ap: 0.9223
2023-04-02 17:25:18,565 - Epoch:065, train_loss:1.6214, val_auc:0.9229, val_ap: 0.9228, text_auc:0.9175, text_ap: 0.9227
2023-04-02 17:25:18,592 - Epoch:066, train_loss:1.5787, val_auc:0.9232, val_ap: 0.9231, text_auc:0.9178, text_ap: 0.9229
2023-04-02 17:25:18,621 - Epoch:067, train_loss:1.6027, val_auc:0.9232, val_ap: 0.9232, text_auc:0.9177, text_ap: 0.9227
2023-04-02 17:25:18,642 - Epoch:068, train_loss:1.5626, val_auc:0.9226, val_ap: 0.9226
2023-04-02 17:25:18,663 - Epoch:069, train_loss:1.5751, val_auc:0.9212, val_ap: 0.9214
2023-04-02 17:25:18,684 - Epoch:070, train_loss:1.5297, val_auc:0.9204, val_ap: 0.9208
2023-04-02 17:25:18,705 - Epoch:071, train_loss:1.5573, val_auc:0.9195, val_ap: 0.9200
2023-04-02 17:25:18,724 - Epoch:072, train_loss:1.5452, val_auc:0.9191, val_ap: 0.9199
2023-04-02 17:25:18,743 - Epoch:073, train_loss:1.5441, val_auc:0.9192, val_ap: 0.9198
2023-04-02 17:25:18,764 - Epoch:074, train_loss:1.5331, val_auc:0.9194, val_ap: 0.9198
2023-04-02 17:25:18,784 - Epoch:075, train_loss:1.5278, val_auc:0.9202, val_ap: 0.9203
2023-04-02 17:25:18,804 - Epoch:076, train_loss:1.4831, val_auc:0.9210, val_ap: 0.9208
2023-04-02 17:25:18,825 - Epoch:077, train_loss:1.5109, val_auc:0.9215, val_ap: 0.9212
2023-04-02 17:25:18,847 - Epoch:078, train_loss:1.5122, val_auc:0.9215, val_ap: 0.9211
2023-04-02 17:25:18,871 - Epoch:079, train_loss:1.4593, val_auc:0.9218, val_ap: 0.9213
2023-04-02 17:25:18,893 - Epoch:080, train_loss:1.4824, val_auc:0.9220, val_ap: 0.9214
2023-04-02 17:25:18,913 - Epoch:081, train_loss:1.4796, val_auc:0.9222, val_ap: 0.9214
2023-04-02 17:25:18,944 - Epoch:082, train_loss:1.4608, val_auc:0.9220, val_ap: 0.9214
2023-04-02 17:25:18,967 - Epoch:083, train_loss:1.4388, val_auc:0.9220, val_ap: 0.9216
2023-04-02 17:25:18,985 - Epoch:084, train_loss:1.4211, val_auc:0.9218, val_ap: 0.9215
2023-04-02 17:25:19,005 - Epoch:085, train_loss:1.4304, val_auc:0.9217, val_ap: 0.9215
2023-04-02 17:25:19,026 - Epoch:086, train_loss:1.4465, val_auc:0.9210, val_ap: 0.9208
2023-04-02 17:25:19,048 - Epoch:087, train_loss:1.4192, val_auc:0.9204, val_ap: 0.9205
2023-04-02 17:25:19,067 - Epoch:088, train_loss:1.3835, val_auc:0.9201, val_ap: 0.9201
2023-04-02 17:25:19,086 - Epoch:089, train_loss:1.4054, val_auc:0.9197, val_ap: 0.9198
2023-04-02 17:25:19,106 - Epoch:090, train_loss:1.4106, val_auc:0.9199, val_ap: 0.9201
2023-04-02 17:25:19,127 - Epoch:091, train_loss:1.3928, val_auc:0.9202, val_ap: 0.9202
2023-04-02 17:25:19,146 - Epoch:092, train_loss:1.3925, val_auc:0.9207, val_ap: 0.9206
2023-04-02 17:25:19,167 - Epoch:093, train_loss:1.4041, val_auc:0.9210, val_ap: 0.9209
2023-04-02 17:25:19,187 - Epoch:094, train_loss:1.3811, val_auc:0.9211, val_ap: 0.9210
2023-04-02 17:25:19,207 - Epoch:095, train_loss:1.3955, val_auc:0.9213, val_ap: 0.9210
2023-04-02 17:25:19,228 - Epoch:096, train_loss:1.3351, val_auc:0.9213, val_ap: 0.9212
2023-04-02 17:25:19,250 - Epoch:097, train_loss:1.3741, val_auc:0.9213, val_ap: 0.9213
2023-04-02 17:25:19,269 - Epoch:098, train_loss:1.3543, val_auc:0.9213, val_ap: 0.9214
2023-04-02 17:25:19,294 - Epoch:099, train_loss:1.3604, val_auc:0.9210, val_ap: 0.9211
2023-04-02 17:25:19,316 - Epoch:100, train_loss:1.3509, val_auc:0.9211, val_ap: 0.9211
2023-04-02 17:25:19,337 - Epoch:101, train_loss:1.3437, val_auc:0.9212, val_ap: 0.9211
2023-04-02 17:25:19,358 - Epoch:102, train_loss:1.3698, val_auc:0.9211, val_ap: 0.9210
2023-04-02 17:25:19,380 - Epoch:103, train_loss:1.3820, val_auc:0.9212, val_ap: 0.9210
2023-04-02 17:25:19,399 - Epoch:104, train_loss:1.3389, val_auc:0.9214, val_ap: 0.9211
2023-04-02 17:25:19,420 - Epoch:105, train_loss:1.3260, val_auc:0.9215, val_ap: 0.9212
2023-04-02 17:25:19,442 - Epoch:106, train_loss:1.3138, val_auc:0.9214, val_ap: 0.9210
2023-04-02 17:25:19,466 - Epoch:107, train_loss:1.3538, val_auc:0.9210, val_ap: 0.9207
2023-04-02 17:25:19,486 - Epoch:108, train_loss:1.3215, val_auc:0.9205, val_ap: 0.9204
2023-04-02 17:25:19,510 - Epoch:109, train_loss:1.3346, val_auc:0.9202, val_ap: 0.9200
2023-04-02 17:25:19,530 - Epoch:110, train_loss:1.3093, val_auc:0.9198, val_ap: 0.9198
2023-04-02 17:25:19,547 - Epoch:111, train_loss:1.3030, val_auc:0.9197, val_ap: 0.9200
2023-04-02 17:25:19,566 - Epoch:112, train_loss:1.3117, val_auc:0.9202, val_ap: 0.9203
2023-04-02 17:25:19,586 - Epoch:113, train_loss:1.3157, val_auc:0.9208, val_ap: 0.9206
2023-04-02 17:25:19,605 - Epoch:114, train_loss:1.2918, val_auc:0.9219, val_ap: 0.9212
2023-04-02 17:25:19,626 - Epoch:115, train_loss:1.3055, val_auc:0.9224, val_ap: 0.9215
2023-04-02 17:25:19,644 - Epoch:116, train_loss:1.3089, val_auc:0.9229, val_ap: 0.9217
2023-04-02 17:25:19,663 - Epoch:117, train_loss:1.3011, val_auc:0.9233, val_ap: 0.9222
2023-04-02 17:25:19,684 - Epoch:118, train_loss:1.3026, val_auc:0.9237, val_ap: 0.9226
2023-04-02 17:25:19,700 - Epoch:119, train_loss:1.2837, val_auc:0.9237, val_ap: 0.9223
2023-04-02 17:25:19,716 - Epoch:120, train_loss:1.2910, val_auc:0.9235, val_ap: 0.9222
2023-04-02 17:25:19,735 - Epoch:121, train_loss:1.2700, val_auc:0.9232, val_ap: 0.9218
2023-04-02 17:25:19,754 - Epoch:122, train_loss:1.2712, val_auc:0.9229, val_ap: 0.9214
2023-04-02 17:25:19,776 - Epoch:123, train_loss:1.2963, val_auc:0.9227, val_ap: 0.9214
2023-04-02 17:25:19,792 - Epoch:124, train_loss:1.2821, val_auc:0.9225, val_ap: 0.9212
2023-04-02 17:25:19,808 - Epoch:125, train_loss:1.2480, val_auc:0.9225, val_ap: 0.9212
2023-04-02 17:25:19,828 - Epoch:126, train_loss:1.2848, val_auc:0.9221, val_ap: 0.9210
2023-04-02 17:25:19,847 - Epoch:127, train_loss:1.2829, val_auc:0.9222, val_ap: 0.9212
2023-04-02 17:25:19,872 - Epoch:128, train_loss:1.2711, val_auc:0.9223, val_ap: 0.9213
2023-04-02 17:25:19,897 - Epoch:129, train_loss:1.2442, val_auc:0.9226, val_ap: 0.9215
2023-04-02 17:25:19,919 - Epoch:130, train_loss:1.2609, val_auc:0.9227, val_ap: 0.9217
2023-04-02 17:25:19,933 - Epoch:131, train_loss:1.2366, val_auc:0.9228, val_ap: 0.9219
2023-04-02 17:25:19,946 - Epoch:132, train_loss:1.2573, val_auc:0.9229, val_ap: 0.9218
2023-04-02 17:25:19,961 - Epoch:133, train_loss:1.2551, val_auc:0.9229, val_ap: 0.9217
2023-04-02 17:25:19,975 - Epoch:134, train_loss:1.2338, val_auc:0.9228, val_ap: 0.9215
2023-04-02 17:25:19,991 - Epoch:135, train_loss:1.2645, val_auc:0.9225, val_ap: 0.9212
2023-04-02 17:25:20,004 - Epoch:136, train_loss:1.2401, val_auc:0.9223, val_ap: 0.9212
2023-04-02 17:25:20,021 - Epoch:137, train_loss:1.2467, val_auc:0.9222, val_ap: 0.9212
2023-04-02 17:25:20,034 - Epoch:138, train_loss:1.2274, val_auc:0.9222, val_ap: 0.9213
2023-04-02 17:25:20,049 - Epoch:139, train_loss:1.2607, val_auc:0.9220, val_ap: 0.9212
2023-04-02 17:25:20,063 - Epoch:140, train_loss:1.2538, val_auc:0.9221, val_ap: 0.9215
2023-04-02 17:25:20,076 - Epoch:141, train_loss:1.2308, val_auc:0.9223, val_ap: 0.9216
2023-04-02 17:25:20,092 - Epoch:142, train_loss:1.2386, val_auc:0.9227, val_ap: 0.9218
2023-04-02 17:25:20,105 - Epoch:143, train_loss:1.2116, val_auc:0.9227, val_ap: 0.9219
2023-04-02 17:25:20,121 - Epoch:144, train_loss:1.2294, val_auc:0.9229, val_ap: 0.9219
2023-04-02 17:25:20,134 - Epoch:145, train_loss:1.2462, val_auc:0.9228, val_ap: 0.9218
2023-04-02 17:25:20,147 - Epoch:146, train_loss:1.2404, val_auc:0.9227, val_ap: 0.9217
2023-04-02 17:25:20,161 - Epoch:147, train_loss:1.2185, val_auc:0.9223, val_ap: 0.9215
2023-04-02 17:25:20,174 - Epoch:148, train_loss:1.2294, val_auc:0.9221, val_ap: 0.9214
2023-04-02 17:25:20,187 - Epoch:149, train_loss:1.2336, val_auc:0.9217, val_ap: 0.9212
2023-04-02 17:25:20,203 - Epoch:150, train_loss:1.2305, val_auc:0.9214, val_ap: 0.9210
2023-04-02 17:25:20,216 - Epoch:151, train_loss:1.2173, val_auc:0.9214, val_ap: 0.9213
2023-04-02 17:25:20,232 - Epoch:152, train_loss:1.2240, val_auc:0.9218, val_ap: 0.9216
2023-04-02 17:25:20,245 - Epoch:153, train_loss:1.1999, val_auc:0.9223, val_ap: 0.9223
2023-04-02 17:25:20,258 - Epoch:154, train_loss:1.2178, val_auc:0.9230, val_ap: 0.9229
2023-04-02 17:25:20,272 - Epoch:155, train_loss:1.2200, val_auc:0.9231, val_ap: 0.9229
2023-04-02 17:25:20,285 - Epoch:156, train_loss:1.2081, val_auc:0.9233, val_ap: 0.9230
2023-04-02 17:25:20,302 - Epoch:157, train_loss:1.2184, val_auc:0.9234, val_ap: 0.9230, text_auc:0.9244, text_ap: 0.9276
2023-04-02 17:25:20,321 - Epoch:158, train_loss:1.2173, val_auc:0.9237, val_ap: 0.9233, text_auc:0.9246, text_ap: 0.9278
2023-04-02 17:25:20,340 - Epoch:159, train_loss:1.2217, val_auc:0.9239, val_ap: 0.9234, text_auc:0.9251, text_ap: 0.9282
2023-04-02 17:25:20,356 - Epoch:160, train_loss:1.1980, val_auc:0.9238, val_ap: 0.9236, text_auc:0.9254, text_ap: 0.9285
2023-04-02 17:25:20,369 - Epoch:161, train_loss:1.2143, val_auc:0.9234, val_ap: 0.9235
2023-04-02 17:25:20,382 - Epoch:162, train_loss:1.2020, val_auc:0.9229, val_ap: 0.9231
2023-04-02 17:25:20,395 - Epoch:163, train_loss:1.1973, val_auc:0.9224, val_ap: 0.9226
2023-04-02 17:25:20,408 - Epoch:164, train_loss:1.2146, val_auc:0.9221, val_ap: 0.9224
2023-04-02 17:25:20,424 - Epoch:165, train_loss:1.2092, val_auc:0.9217, val_ap: 0.9220
2023-04-02 17:25:20,437 - Epoch:166, train_loss:1.1953, val_auc:0.9216, val_ap: 0.9218
2023-04-02 17:25:20,453 - Epoch:167, train_loss:1.1974, val_auc:0.9221, val_ap: 0.9222
2023-04-02 17:25:20,466 - Epoch:168, train_loss:1.1899, val_auc:0.9225, val_ap: 0.9224
2023-04-02 17:25:20,479 - Epoch:169, train_loss:1.1987, val_auc:0.9228, val_ap: 0.9227
2023-04-02 17:25:20,495 - Epoch:170, train_loss:1.1875, val_auc:0.9233, val_ap: 0.9232
2023-04-02 17:25:20,508 - Epoch:171, train_loss:1.1972, val_auc:0.9235, val_ap: 0.9234
2023-04-02 17:25:20,524 - Epoch:172, train_loss:1.1941, val_auc:0.9236, val_ap: 0.9236
2023-04-02 17:25:20,537 - Epoch:173, train_loss:1.1717, val_auc:0.9237, val_ap: 0.9237
2023-04-02 17:25:20,553 - Epoch:174, train_loss:1.1860, val_auc:0.9237, val_ap: 0.9238, text_auc:0.9253, text_ap: 0.9286
2023-04-02 17:25:20,570 - Epoch:175, train_loss:1.1950, val_auc:0.9238, val_ap: 0.9238, text_auc:0.9258, text_ap: 0.9290
2023-04-02 17:25:20,586 - Epoch:176, train_loss:1.1847, val_auc:0.9238, val_ap: 0.9239, text_auc:0.9260, text_ap: 0.9291
2023-04-02 17:25:20,599 - Epoch:177, train_loss:1.2096, val_auc:0.9237, val_ap: 0.9238
2023-04-02 17:25:20,615 - Epoch:178, train_loss:1.1816, val_auc:0.9237, val_ap: 0.9236
2023-04-02 17:25:20,628 - Epoch:179, train_loss:1.1739, val_auc:0.9234, val_ap: 0.9232
2023-04-02 17:25:20,644 - Epoch:180, train_loss:1.1902, val_auc:0.9230, val_ap: 0.9229
2023-04-02 17:25:20,658 - Epoch:181, train_loss:1.1991, val_auc:0.9226, val_ap: 0.9225
2023-04-02 17:25:20,672 - Epoch:182, train_loss:1.1968, val_auc:0.9225, val_ap: 0.9224
2023-04-02 17:25:20,686 - Epoch:183, train_loss:1.1664, val_auc:0.9224, val_ap: 0.9223
2023-04-02 17:25:20,699 - Epoch:184, train_loss:1.1710, val_auc:0.9220, val_ap: 0.9219
2023-04-02 17:25:20,715 - Epoch:185, train_loss:1.1761, val_auc:0.9220, val_ap: 0.9219
2023-04-02 17:25:20,728 - Epoch:186, train_loss:1.1858, val_auc:0.9222, val_ap: 0.9222
2023-04-02 17:25:20,741 - Epoch:187, train_loss:1.1806, val_auc:0.9225, val_ap: 0.9223
2023-04-02 17:25:20,755 - Epoch:188, train_loss:1.1723, val_auc:0.9225, val_ap: 0.9226
2023-04-02 17:25:20,768 - Epoch:189, train_loss:1.1664, val_auc:0.9229, val_ap: 0.9229
2023-04-02 17:25:20,781 - Epoch:190, train_loss:1.1768, val_auc:0.9231, val_ap: 0.9230
2023-04-02 17:25:20,797 - Epoch:191, train_loss:1.1720, val_auc:0.9233, val_ap: 0.9232
2023-04-02 17:25:20,811 - Epoch:192, train_loss:1.1659, val_auc:0.9232, val_ap: 0.9232
2023-04-02 17:25:20,825 - Epoch:193, train_loss:1.1749, val_auc:0.9235, val_ap: 0.9233
2023-04-02 17:25:20,838 - Epoch:194, train_loss:1.1761, val_auc:0.9233, val_ap: 0.9230
2023-04-02 17:25:20,851 - Epoch:195, train_loss:1.1744, val_auc:0.9232, val_ap: 0.9226
2023-04-02 17:25:20,865 - Epoch:196, train_loss:1.1699, val_auc:0.9231, val_ap: 0.9224
2023-04-02 17:25:20,878 - Epoch:197, train_loss:1.1669, val_auc:0.9231, val_ap: 0.9226
2023-04-02 17:25:20,891 - Epoch:198, train_loss:1.1654, val_auc:0.9232, val_ap: 0.9227
2023-04-02 17:25:20,907 - Epoch:199, train_loss:1.1674, val_auc:0.9231, val_ap: 0.9227
2023-04-02 17:25:20,907 - final results:
2023-04-02 17:25:20,908 - ====================================================================================
2023-04-02 17:25:20,908 - k=1
2023-04-02 17:25:20,908 - AUC:0.9260+-0.0000 [0.9259962049335863]
2023-04-02 17:25:20,908 - AP:0.9291+-0.0000 [0.9291305918125075]
2023-04-02 17:25:20,973 - Epoch:000, train_loss:7.1351, val_auc:0.7852, val_ap: 0.8211, text_auc:0.7437, text_ap: 0.7805
2023-04-02 17:25:21,000 - Epoch:001, train_loss:6.7575, val_auc:0.8027, val_ap: 0.8354, text_auc:0.7626, text_ap: 0.7979
2023-04-02 17:25:21,027 - Epoch:002, train_loss:6.4435, val_auc:0.8115, val_ap: 0.8421, text_auc:0.7727, text_ap: 0.8055
2023-04-02 17:25:21,057 - Epoch:003, train_loss:6.2109, val_auc:0.8175, val_ap: 0.8466, text_auc:0.7786, text_ap: 0.8102
2023-04-02 17:25:21,081 - Epoch:004, train_loss:6.1549, val_auc:0.8224, val_ap: 0.8499, text_auc:0.7844, text_ap: 0.8150
2023-04-02 17:25:21,104 - Epoch:005, train_loss:5.9781, val_auc:0.8266, val_ap: 0.8525, text_auc:0.7888, text_ap: 0.8186
2023-04-02 17:25:21,128 - Epoch:006, train_loss:5.8015, val_auc:0.8299, val_ap: 0.8545, text_auc:0.7927, text_ap: 0.8217
2023-04-02 17:25:21,154 - Epoch:007, train_loss:5.3142, val_auc:0.8332, val_ap: 0.8564, text_auc:0.7961, text_ap: 0.8246
2023-04-02 17:25:21,173 - Epoch:008, train_loss:5.3364, val_auc:0.8366, val_ap: 0.8583, text_auc:0.7991, text_ap: 0.8269
2023-04-02 17:25:21,193 - Epoch:009, train_loss:5.1174, val_auc:0.8396, val_ap: 0.8603, text_auc:0.8019, text_ap: 0.8291
2023-04-02 17:25:21,218 - Epoch:010, train_loss:4.8894, val_auc:0.8427, val_ap: 0.8620, text_auc:0.8049, text_ap: 0.8313
2023-04-02 17:25:21,249 - Epoch:011, train_loss:4.7746, val_auc:0.8458, val_ap: 0.8644, text_auc:0.8080, text_ap: 0.8340
2023-04-02 17:25:21,275 - Epoch:012, train_loss:4.6707, val_auc:0.8484, val_ap: 0.8664, text_auc:0.8108, text_ap: 0.8366
2023-04-02 17:25:21,305 - Epoch:013, train_loss:4.4299, val_auc:0.8519, val_ap: 0.8690, text_auc:0.8140, text_ap: 0.8395
2023-04-02 17:25:21,327 - Epoch:014, train_loss:4.2527, val_auc:0.8555, val_ap: 0.8718, text_auc:0.8169, text_ap: 0.8420
2023-04-02 17:25:21,350 - Epoch:015, train_loss:4.1864, val_auc:0.8590, val_ap: 0.8744, text_auc:0.8197, text_ap: 0.8444
2023-04-02 17:25:21,374 - Epoch:016, train_loss:3.9878, val_auc:0.8626, val_ap: 0.8771, text_auc:0.8231, text_ap: 0.8472
2023-04-02 17:25:21,397 - Epoch:017, train_loss:3.8600, val_auc:0.8660, val_ap: 0.8802, text_auc:0.8267, text_ap: 0.8503
2023-04-02 17:25:21,420 - Epoch:018, train_loss:3.7553, val_auc:0.8702, val_ap: 0.8833, text_auc:0.8309, text_ap: 0.8540
2023-04-02 17:25:21,442 - Epoch:019, train_loss:3.7569, val_auc:0.8747, val_ap: 0.8870, text_auc:0.8361, text_ap: 0.8584
2023-04-02 17:25:21,465 - Epoch:020, train_loss:3.5309, val_auc:0.8800, val_ap: 0.8917, text_auc:0.8425, text_ap: 0.8637
2023-04-02 17:25:21,487 - Epoch:021, train_loss:3.5468, val_auc:0.8862, val_ap: 0.8977, text_auc:0.8500, text_ap: 0.8697
2023-04-02 17:25:21,511 - Epoch:022, train_loss:3.4661, val_auc:0.8934, val_ap: 0.9042, text_auc:0.8594, text_ap: 0.8776
2023-04-02 17:25:21,534 - Epoch:023, train_loss:3.3640, val_auc:0.9016, val_ap: 0.9119, text_auc:0.8727, text_ap: 0.8882
2023-04-02 17:25:21,557 - Epoch:024, train_loss:3.1959, val_auc:0.9115, val_ap: 0.9218, text_auc:0.8899, text_ap: 0.9018
2023-04-02 17:25:21,581 - Epoch:025, train_loss:3.1686, val_auc:0.9217, val_ap: 0.9314, text_auc:0.9083, text_ap: 0.9164
2023-04-02 17:25:21,604 - Epoch:026, train_loss:2.9763, val_auc:0.9281, val_ap: 0.9368, text_auc:0.9180, text_ap: 0.9260
2023-04-02 17:25:21,626 - Epoch:027, train_loss:2.9360, val_auc:0.9308, val_ap: 0.9375, text_auc:0.9183, text_ap: 0.9271
2023-04-02 17:25:21,653 - Epoch:028, train_loss:2.7800, val_auc:0.9319, val_ap: 0.9370, text_auc:0.9155, text_ap: 0.9247
2023-04-02 17:25:21,675 - Epoch:029, train_loss:2.7923, val_auc:0.9328, val_ap: 0.9364, text_auc:0.9139, text_ap: 0.9234
2023-04-02 17:25:21,698 - Epoch:030, train_loss:2.6784, val_auc:0.9343, val_ap: 0.9367, text_auc:0.9139, text_ap: 0.9232
2023-04-02 17:25:21,724 - Epoch:031, train_loss:2.7311, val_auc:0.9363, val_ap: 0.9383, text_auc:0.9156, text_ap: 0.9244
2023-04-02 17:25:21,749 - Epoch:032, train_loss:2.6278, val_auc:0.9379, val_ap: 0.9393, text_auc:0.9177, text_ap: 0.9258
2023-04-02 17:25:21,774 - Epoch:033, train_loss:2.5136, val_auc:0.9380, val_ap: 0.9398, text_auc:0.9193, text_ap: 0.9264
2023-04-02 17:25:21,792 - Epoch:034, train_loss:2.4572, val_auc:0.9375, val_ap: 0.9397
2023-04-02 17:25:21,812 - Epoch:035, train_loss:2.4066, val_auc:0.9368, val_ap: 0.9393
2023-04-02 17:25:21,836 - Epoch:036, train_loss:2.3125, val_auc:0.9363, val_ap: 0.9395
2023-04-02 17:25:21,859 - Epoch:037, train_loss:2.2958, val_auc:0.9367, val_ap: 0.9404
2023-04-02 17:25:21,881 - Epoch:038, train_loss:2.3048, val_auc:0.9362, val_ap: 0.9405
2023-04-02 17:25:21,900 - Epoch:039, train_loss:2.1888, val_auc:0.9362, val_ap: 0.9408
2023-04-02 17:25:21,919 - Epoch:040, train_loss:2.1925, val_auc:0.9363, val_ap: 0.9407
2023-04-02 17:25:21,943 - Epoch:041, train_loss:2.1536, val_auc:0.9372, val_ap: 0.9415, text_auc:0.9247, text_ap: 0.9301
2023-04-02 17:25:21,967 - Epoch:042, train_loss:2.0896, val_auc:0.9376, val_ap: 0.9417, text_auc:0.9246, text_ap: 0.9303
2023-04-02 17:25:21,994 - Epoch:043, train_loss:2.0509, val_auc:0.9382, val_ap: 0.9418, text_auc:0.9242, text_ap: 0.9301
2023-04-02 17:25:22,022 - Epoch:044, train_loss:2.0186, val_auc:0.9386, val_ap: 0.9417, text_auc:0.9237, text_ap: 0.9298
2023-04-02 17:25:22,050 - Epoch:045, train_loss:1.9876, val_auc:0.9392, val_ap: 0.9417, text_auc:0.9233, text_ap: 0.9294
2023-04-02 17:25:22,076 - Epoch:046, train_loss:1.9856, val_auc:0.9397, val_ap: 0.9416, text_auc:0.9236, text_ap: 0.9295
2023-04-02 17:25:22,100 - Epoch:047, train_loss:1.9655, val_auc:0.9399, val_ap: 0.9416, text_auc:0.9238, text_ap: 0.9292
2023-04-02 17:25:22,121 - Epoch:048, train_loss:1.9278, val_auc:0.9398, val_ap: 0.9413
2023-04-02 17:25:22,142 - Epoch:049, train_loss:1.8829, val_auc:0.9399, val_ap: 0.9414
2023-04-02 17:25:22,166 - Epoch:050, train_loss:1.8596, val_auc:0.9403, val_ap: 0.9418, text_auc:0.9244, text_ap: 0.9290
2023-04-02 17:25:22,184 - Epoch:051, train_loss:1.8574, val_auc:0.9401, val_ap: 0.9418
2023-04-02 17:25:22,209 - Epoch:052, train_loss:1.7996, val_auc:0.9405, val_ap: 0.9420, text_auc:0.9249, text_ap: 0.9292
2023-04-02 17:25:22,229 - Epoch:053, train_loss:1.7805, val_auc:0.9403, val_ap: 0.9421
2023-04-02 17:25:22,254 - Epoch:054, train_loss:1.7935, val_auc:0.9400, val_ap: 0.9422
2023-04-02 17:25:22,279 - Epoch:055, train_loss:1.7416, val_auc:0.9401, val_ap: 0.9424, text_auc:0.9265, text_ap: 0.9306
2023-04-02 17:25:22,302 - Epoch:056, train_loss:1.7682, val_auc:0.9402, val_ap: 0.9426, text_auc:0.9270, text_ap: 0.9311
2023-04-02 17:25:22,327 - Epoch:057, train_loss:1.7423, val_auc:0.9405, val_ap: 0.9427, text_auc:0.9272, text_ap: 0.9314
2023-04-02 17:25:22,351 - Epoch:058, train_loss:1.6836, val_auc:0.9406, val_ap: 0.9428, text_auc:0.9273, text_ap: 0.9316
2023-04-02 17:25:22,380 - Epoch:059, train_loss:1.6873, val_auc:0.9408, val_ap: 0.9431, text_auc:0.9272, text_ap: 0.9318
2023-04-02 17:25:22,400 - Epoch:060, train_loss:1.7012, val_auc:0.9406, val_ap: 0.9430
2023-04-02 17:25:22,422 - Epoch:061, train_loss:1.6621, val_auc:0.9408, val_ap: 0.9428
2023-04-02 17:25:22,448 - Epoch:062, train_loss:1.6347, val_auc:0.9412, val_ap: 0.9431, text_auc:0.9266, text_ap: 0.9311
2023-04-02 17:25:22,471 - Epoch:063, train_loss:1.6315, val_auc:0.9419, val_ap: 0.9438, text_auc:0.9268, text_ap: 0.9312
2023-04-02 17:25:22,500 - Epoch:064, train_loss:1.6333, val_auc:0.9423, val_ap: 0.9438, text_auc:0.9269, text_ap: 0.9311
2023-04-02 17:25:22,528 - Epoch:065, train_loss:1.6065, val_auc:0.9428, val_ap: 0.9441, text_auc:0.9271, text_ap: 0.9312
2023-04-02 17:25:22,553 - Epoch:066, train_loss:1.6278, val_auc:0.9431, val_ap: 0.9441, text_auc:0.9270, text_ap: 0.9310
2023-04-02 17:25:22,578 - Epoch:067, train_loss:1.6081, val_auc:0.9438, val_ap: 0.9447, text_auc:0.9271, text_ap: 0.9310
2023-04-02 17:25:22,603 - Epoch:068, train_loss:1.5989, val_auc:0.9439, val_ap: 0.9448, text_auc:0.9272, text_ap: 0.9310
2023-04-02 17:25:22,630 - Epoch:069, train_loss:1.5607, val_auc:0.9440, val_ap: 0.9448, text_auc:0.9274, text_ap: 0.9310
2023-04-02 17:25:22,655 - Epoch:070, train_loss:1.5358, val_auc:0.9441, val_ap: 0.9450, text_auc:0.9276, text_ap: 0.9311
2023-04-02 17:25:22,674 - Epoch:071, train_loss:1.5689, val_auc:0.9439, val_ap: 0.9451
2023-04-02 17:25:22,703 - Epoch:072, train_loss:1.5291, val_auc:0.9440, val_ap: 0.9455, text_auc:0.9286, text_ap: 0.9319
2023-04-02 17:25:22,723 - Epoch:073, train_loss:1.5273, val_auc:0.9439, val_ap: 0.9456
2023-04-02 17:25:22,747 - Epoch:074, train_loss:1.5256, val_auc:0.9436, val_ap: 0.9455
2023-04-02 17:25:22,767 - Epoch:075, train_loss:1.5045, val_auc:0.9431, val_ap: 0.9452
2023-04-02 17:25:22,789 - Epoch:076, train_loss:1.5200, val_auc:0.9428, val_ap: 0.9449
2023-04-02 17:25:22,809 - Epoch:077, train_loss:1.4851, val_auc:0.9432, val_ap: 0.9448
2023-04-02 17:25:22,828 - Epoch:078, train_loss:1.4715, val_auc:0.9433, val_ap: 0.9447
2023-04-02 17:25:22,848 - Epoch:079, train_loss:1.4952, val_auc:0.9433, val_ap: 0.9446
2023-04-02 17:25:22,869 - Epoch:080, train_loss:1.4530, val_auc:0.9435, val_ap: 0.9447
2023-04-02 17:25:22,891 - Epoch:081, train_loss:1.4771, val_auc:0.9437, val_ap: 0.9448
2023-04-02 17:25:22,921 - Epoch:082, train_loss:1.4445, val_auc:0.9444, val_ap: 0.9453, text_auc:0.9283, text_ap: 0.9318
2023-04-02 17:25:22,946 - Epoch:083, train_loss:1.4842, val_auc:0.9449, val_ap: 0.9456, text_auc:0.9286, text_ap: 0.9320
2023-04-02 17:25:22,972 - Epoch:084, train_loss:1.4284, val_auc:0.9454, val_ap: 0.9460, text_auc:0.9292, text_ap: 0.9325
2023-04-02 17:25:22,996 - Epoch:085, train_loss:1.4398, val_auc:0.9456, val_ap: 0.9462, text_auc:0.9298, text_ap: 0.9329
2023-04-02 17:25:23,022 - Epoch:086, train_loss:1.4447, val_auc:0.9459, val_ap: 0.9463, text_auc:0.9304, text_ap: 0.9334
2023-04-02 17:25:23,042 - Epoch:087, train_loss:1.4298, val_auc:0.9457, val_ap: 0.9460
2023-04-02 17:25:23,062 - Epoch:088, train_loss:1.4130, val_auc:0.9455, val_ap: 0.9460
2023-04-02 17:25:23,083 - Epoch:089, train_loss:1.4303, val_auc:0.9453, val_ap: 0.9457
2023-04-02 17:25:23,105 - Epoch:090, train_loss:1.4117, val_auc:0.9450, val_ap: 0.9457
2023-04-02 17:25:23,131 - Epoch:091, train_loss:1.4103, val_auc:0.9449, val_ap: 0.9459
2023-04-02 17:25:23,153 - Epoch:092, train_loss:1.4172, val_auc:0.9448, val_ap: 0.9458
2023-04-02 17:25:23,174 - Epoch:093, train_loss:1.3877, val_auc:0.9449, val_ap: 0.9460
2023-04-02 17:25:23,194 - Epoch:094, train_loss:1.3990, val_auc:0.9450, val_ap: 0.9459
2023-04-02 17:25:23,212 - Epoch:095, train_loss:1.3852, val_auc:0.9451, val_ap: 0.9462
2023-04-02 17:25:23,233 - Epoch:096, train_loss:1.3642, val_auc:0.9451, val_ap: 0.9462
2023-04-02 17:25:23,254 - Epoch:097, train_loss:1.3796, val_auc:0.9452, val_ap: 0.9461
2023-04-02 17:25:23,273 - Epoch:098, train_loss:1.3431, val_auc:0.9452, val_ap: 0.9461
2023-04-02 17:25:23,294 - Epoch:099, train_loss:1.3771, val_auc:0.9452, val_ap: 0.9462
2023-04-02 17:25:23,315 - Epoch:100, train_loss:1.3612, val_auc:0.9455, val_ap: 0.9464
2023-04-02 17:25:23,334 - Epoch:101, train_loss:1.3726, val_auc:0.9454, val_ap: 0.9464
2023-04-02 17:25:23,354 - Epoch:102, train_loss:1.3510, val_auc:0.9452, val_ap: 0.9463
2023-04-02 17:25:23,374 - Epoch:103, train_loss:1.3055, val_auc:0.9451, val_ap: 0.9462
2023-04-02 17:25:23,394 - Epoch:104, train_loss:1.3362, val_auc:0.9452, val_ap: 0.9462
2023-04-02 17:25:23,415 - Epoch:105, train_loss:1.3328, val_auc:0.9456, val_ap: 0.9465
2023-04-02 17:25:23,434 - Epoch:106, train_loss:1.3403, val_auc:0.9455, val_ap: 0.9464
2023-04-02 17:25:23,459 - Epoch:107, train_loss:1.3452, val_auc:0.9459, val_ap: 0.9467, text_auc:0.9345, text_ap: 0.9371
2023-04-02 17:25:23,485 - Epoch:108, train_loss:1.3223, val_auc:0.9460, val_ap: 0.9468, text_auc:0.9344, text_ap: 0.9371
2023-04-02 17:25:23,505 - Epoch:109, train_loss:1.3355, val_auc:0.9461, val_ap: 0.9467
2023-04-02 17:25:23,530 - Epoch:110, train_loss:1.3224, val_auc:0.9462, val_ap: 0.9467, text_auc:0.9340, text_ap: 0.9367
2023-04-02 17:25:23,552 - Epoch:111, train_loss:1.2941, val_auc:0.9461, val_ap: 0.9466
2023-04-02 17:25:23,571 - Epoch:112, train_loss:1.3076, val_auc:0.9456, val_ap: 0.9462
2023-04-02 17:25:23,591 - Epoch:113, train_loss:1.3005, val_auc:0.9455, val_ap: 0.9462
2023-04-02 17:25:23,610 - Epoch:114, train_loss:1.3109, val_auc:0.9455, val_ap: 0.9462
2023-04-02 17:25:23,630 - Epoch:115, train_loss:1.2971, val_auc:0.9455, val_ap: 0.9463
2023-04-02 17:25:23,654 - Epoch:116, train_loss:1.3051, val_auc:0.9456, val_ap: 0.9464
2023-04-02 17:25:23,674 - Epoch:117, train_loss:1.3121, val_auc:0.9459, val_ap: 0.9466
2023-04-02 17:25:23,700 - Epoch:118, train_loss:1.3150, val_auc:0.9461, val_ap: 0.9470, text_auc:0.9350, text_ap: 0.9378
2023-04-02 17:25:23,726 - Epoch:119, train_loss:1.3074, val_auc:0.9465, val_ap: 0.9474, text_auc:0.9356, text_ap: 0.9384
2023-04-02 17:25:23,751 - Epoch:120, train_loss:1.2839, val_auc:0.9468, val_ap: 0.9476, text_auc:0.9360, text_ap: 0.9386
2023-04-02 17:25:23,772 - Epoch:121, train_loss:1.2677, val_auc:0.9467, val_ap: 0.9475
2023-04-02 17:25:23,793 - Epoch:122, train_loss:1.2730, val_auc:0.9467, val_ap: 0.9475
2023-04-02 17:25:23,813 - Epoch:123, train_loss:1.2884, val_auc:0.9463, val_ap: 0.9471
2023-04-02 17:25:23,833 - Epoch:124, train_loss:1.2930, val_auc:0.9461, val_ap: 0.9469
2023-04-02 17:25:23,854 - Epoch:125, train_loss:1.2709, val_auc:0.9458, val_ap: 0.9467
2023-04-02 17:25:23,873 - Epoch:126, train_loss:1.2946, val_auc:0.9456, val_ap: 0.9464
2023-04-02 17:25:23,893 - Epoch:127, train_loss:1.2827, val_auc:0.9452, val_ap: 0.9460
2023-04-02 17:25:23,913 - Epoch:128, train_loss:1.2747, val_auc:0.9452, val_ap: 0.9457
2023-04-02 17:25:23,933 - Epoch:129, train_loss:1.2787, val_auc:0.9451, val_ap: 0.9456
2023-04-02 17:25:23,951 - Epoch:130, train_loss:1.2511, val_auc:0.9452, val_ap: 0.9457
2023-04-02 17:25:23,968 - Epoch:131, train_loss:1.2518, val_auc:0.9455, val_ap: 0.9461
2023-04-02 17:25:23,987 - Epoch:132, train_loss:1.2715, val_auc:0.9456, val_ap: 0.9464
2023-04-02 17:25:24,008 - Epoch:133, train_loss:1.2439, val_auc:0.9460, val_ap: 0.9468
2023-04-02 17:25:24,029 - Epoch:134, train_loss:1.2474, val_auc:0.9461, val_ap: 0.9470
2023-04-02 17:25:24,048 - Epoch:135, train_loss:1.2472, val_auc:0.9464, val_ap: 0.9472
2023-04-02 17:25:24,068 - Epoch:136, train_loss:1.2453, val_auc:0.9467, val_ap: 0.9473
2023-04-02 17:25:24,089 - Epoch:137, train_loss:1.2493, val_auc:0.9468, val_ap: 0.9474
2023-04-02 17:25:24,110 - Epoch:138, train_loss:1.2387, val_auc:0.9469, val_ap: 0.9471
2023-04-02 17:25:24,128 - Epoch:139, train_loss:1.2333, val_auc:0.9471, val_ap: 0.9472
2023-04-02 17:25:24,148 - Epoch:140, train_loss:1.2419, val_auc:0.9471, val_ap: 0.9473
2023-04-02 17:25:24,170 - Epoch:141, train_loss:1.2208, val_auc:0.9470, val_ap: 0.9471
2023-04-02 17:25:24,191 - Epoch:142, train_loss:1.2456, val_auc:0.9469, val_ap: 0.9470
2023-04-02 17:25:24,209 - Epoch:143, train_loss:1.2524, val_auc:0.9468, val_ap: 0.9468
2023-04-02 17:25:24,229 - Epoch:144, train_loss:1.2295, val_auc:0.9469, val_ap: 0.9470
2023-04-02 17:25:24,250 - Epoch:145, train_loss:1.2177, val_auc:0.9471, val_ap: 0.9471
2023-04-02 17:25:24,277 - Epoch:146, train_loss:1.2396, val_auc:0.9472, val_ap: 0.9473, text_auc:0.9380, text_ap: 0.9400
2023-04-02 17:25:24,304 - Epoch:147, train_loss:1.2397, val_auc:0.9475, val_ap: 0.9477, text_auc:0.9382, text_ap: 0.9401
2023-04-02 17:25:24,330 - Epoch:148, train_loss:1.2376, val_auc:0.9477, val_ap: 0.9477, text_auc:0.9385, text_ap: 0.9403
2023-04-02 17:25:24,356 - Epoch:149, train_loss:1.2276, val_auc:0.9479, val_ap: 0.9479, text_auc:0.9385, text_ap: 0.9405
2023-04-02 17:25:24,380 - Epoch:150, train_loss:1.2093, val_auc:0.9482, val_ap: 0.9480, text_auc:0.9388, text_ap: 0.9407
2023-04-02 17:25:24,404 - Epoch:151, train_loss:1.2237, val_auc:0.9485, val_ap: 0.9484, text_auc:0.9388, text_ap: 0.9407
2023-04-02 17:25:24,430 - Epoch:152, train_loss:1.2254, val_auc:0.9485, val_ap: 0.9485, text_auc:0.9388, text_ap: 0.9407
2023-04-02 17:25:24,455 - Epoch:153, train_loss:1.2125, val_auc:0.9485, val_ap: 0.9485, text_auc:0.9389, text_ap: 0.9407
2023-04-02 17:25:24,478 - Epoch:154, train_loss:1.2188, val_auc:0.9486, val_ap: 0.9484
2023-04-02 17:25:24,503 - Epoch:155, train_loss:1.2140, val_auc:0.9488, val_ap: 0.9485, text_auc:0.9389, text_ap: 0.9406
2023-04-02 17:25:24,527 - Epoch:156, train_loss:1.2376, val_auc:0.9489, val_ap: 0.9485, text_auc:0.9388, text_ap: 0.9404
2023-04-02 17:25:24,548 - Epoch:157, train_loss:1.2010, val_auc:0.9488, val_ap: 0.9482
2023-04-02 17:25:24,569 - Epoch:158, train_loss:1.2202, val_auc:0.9486, val_ap: 0.9479
2023-04-02 17:25:24,593 - Epoch:159, train_loss:1.2183, val_auc:0.9486, val_ap: 0.9479
2023-04-02 17:25:24,616 - Epoch:160, train_loss:1.2105, val_auc:0.9483, val_ap: 0.9478
2023-04-02 17:25:24,636 - Epoch:161, train_loss:1.1973, val_auc:0.9482, val_ap: 0.9477
2023-04-02 17:25:24,653 - Epoch:162, train_loss:1.2014, val_auc:0.9482, val_ap: 0.9478
2023-04-02 17:25:24,668 - Epoch:163, train_loss:1.2055, val_auc:0.9482, val_ap: 0.9478
2023-04-02 17:25:24,685 - Epoch:164, train_loss:1.2089, val_auc:0.9486, val_ap: 0.9482
2023-04-02 17:25:24,708 - Epoch:165, train_loss:1.2117, val_auc:0.9490, val_ap: 0.9485, text_auc:0.9389, text_ap: 0.9405
2023-04-02 17:25:24,728 - Epoch:166, train_loss:1.2078, val_auc:0.9491, val_ap: 0.9487, text_auc:0.9392, text_ap: 0.9407
2023-04-02 17:25:24,751 - Epoch:167, train_loss:1.2018, val_auc:0.9492, val_ap: 0.9488, text_auc:0.9395, text_ap: 0.9408
2023-04-02 17:25:24,773 - Epoch:168, train_loss:1.2074, val_auc:0.9493, val_ap: 0.9488, text_auc:0.9397, text_ap: 0.9409
2023-04-02 17:25:24,788 - Epoch:169, train_loss:1.2078, val_auc:0.9492, val_ap: 0.9486
2023-04-02 17:25:24,804 - Epoch:170, train_loss:1.2082, val_auc:0.9491, val_ap: 0.9484
2023-04-02 17:25:24,819 - Epoch:171, train_loss:1.1937, val_auc:0.9489, val_ap: 0.9481
2023-04-02 17:25:24,835 - Epoch:172, train_loss:1.2142, val_auc:0.9488, val_ap: 0.9479
2023-04-02 17:25:24,850 - Epoch:173, train_loss:1.2091, val_auc:0.9487, val_ap: 0.9477
2023-04-02 17:25:24,865 - Epoch:174, train_loss:1.1994, val_auc:0.9484, val_ap: 0.9475
2023-04-02 17:25:24,880 - Epoch:175, train_loss:1.2036, val_auc:0.9483, val_ap: 0.9474
2023-04-02 17:25:24,895 - Epoch:176, train_loss:1.2056, val_auc:0.9482, val_ap: 0.9475
2023-04-02 17:25:24,910 - Epoch:177, train_loss:1.1877, val_auc:0.9486, val_ap: 0.9478
2023-04-02 17:25:24,925 - Epoch:178, train_loss:1.1924, val_auc:0.9487, val_ap: 0.9480
2023-04-02 17:25:24,941 - Epoch:179, train_loss:1.1868, val_auc:0.9487, val_ap: 0.9480
2023-04-02 17:25:24,957 - Epoch:180, train_loss:1.1884, val_auc:0.9486, val_ap: 0.9480
2023-04-02 17:25:24,976 - Epoch:181, train_loss:1.1824, val_auc:0.9485, val_ap: 0.9479
2023-04-02 17:25:24,992 - Epoch:182, train_loss:1.1823, val_auc:0.9484, val_ap: 0.9478
2023-04-02 17:25:25,008 - Epoch:183, train_loss:1.1798, val_auc:0.9485, val_ap: 0.9477
2023-04-02 17:25:25,027 - Epoch:184, train_loss:1.1644, val_auc:0.9486, val_ap: 0.9477
2023-04-02 17:25:25,043 - Epoch:185, train_loss:1.1821, val_auc:0.9488, val_ap: 0.9479
2023-04-02 17:25:25,058 - Epoch:186, train_loss:1.1687, val_auc:0.9489, val_ap: 0.9479
2023-04-02 17:25:25,077 - Epoch:187, train_loss:1.1770, val_auc:0.9489, val_ap: 0.9480
2023-04-02 17:25:25,097 - Epoch:188, train_loss:1.1666, val_auc:0.9488, val_ap: 0.9480
2023-04-02 17:25:25,114 - Epoch:189, train_loss:1.1766, val_auc:0.9487, val_ap: 0.9481
2023-04-02 17:25:25,129 - Epoch:190, train_loss:1.1724, val_auc:0.9486, val_ap: 0.9480
2023-04-02 17:25:25,148 - Epoch:191, train_loss:1.1666, val_auc:0.9483, val_ap: 0.9477
2023-04-02 17:25:25,167 - Epoch:192, train_loss:1.1667, val_auc:0.9482, val_ap: 0.9476
2023-04-02 17:25:25,183 - Epoch:193, train_loss:1.1897, val_auc:0.9480, val_ap: 0.9476
2023-04-02 17:25:25,198 - Epoch:194, train_loss:1.1798, val_auc:0.9480, val_ap: 0.9475
2023-04-02 17:25:25,213 - Epoch:195, train_loss:1.1764, val_auc:0.9480, val_ap: 0.9475
2023-04-02 17:25:25,229 - Epoch:196, train_loss:1.1718, val_auc:0.9479, val_ap: 0.9474
2023-04-02 17:25:25,248 - Epoch:197, train_loss:1.1574, val_auc:0.9477, val_ap: 0.9473
2023-04-02 17:25:25,265 - Epoch:198, train_loss:1.1764, val_auc:0.9475, val_ap: 0.9472
2023-04-02 17:25:25,280 - Epoch:199, train_loss:1.1784, val_auc:0.9477, val_ap: 0.9476
2023-04-02 17:25:25,280 - final results:
2023-04-02 17:25:25,280 - ====================================================================================
2023-04-02 17:25:25,280 - k=1
2023-04-02 17:25:25,280 - AUC:0.9329+-0.0069 [0.9259962049335863, 0.9397254157830115]
2023-04-02 17:25:25,281 - AP:0.9350+-0.0059 [0.9291305918125075, 0.9409428564612548]
2023-04-02 17:25:25,330 - Epoch:000, train_loss:7.0808, val_auc:0.7669, val_ap: 0.8161, text_auc:0.7976, text_ap: 0.8280
2023-04-02 17:25:25,350 - Epoch:001, train_loss:6.7342, val_auc:0.7799, val_ap: 0.8268, text_auc:0.8123, text_ap: 0.8412
2023-04-02 17:25:25,370 - Epoch:002, train_loss:6.5298, val_auc:0.7896, val_ap: 0.8333, text_auc:0.8195, text_ap: 0.8476
2023-04-02 17:25:25,390 - Epoch:003, train_loss:6.4176, val_auc:0.7982, val_ap: 0.8398, text_auc:0.8257, text_ap: 0.8533
2023-04-02 17:25:25,409 - Epoch:004, train_loss:6.0076, val_auc:0.8057, val_ap: 0.8457, text_auc:0.8304, text_ap: 0.8572
2023-04-02 17:25:25,429 - Epoch:005, train_loss:5.8127, val_auc:0.8115, val_ap: 0.8505, text_auc:0.8338, text_ap: 0.8600
2023-04-02 17:25:25,448 - Epoch:006, train_loss:5.6259, val_auc:0.8172, val_ap: 0.8550, text_auc:0.8368, text_ap: 0.8622
2023-04-02 17:25:25,467 - Epoch:007, train_loss:5.4852, val_auc:0.8223, val_ap: 0.8589, text_auc:0.8400, text_ap: 0.8646
2023-04-02 17:25:25,487 - Epoch:008, train_loss:5.1763, val_auc:0.8263, val_ap: 0.8620, text_auc:0.8426, text_ap: 0.8664
2023-04-02 17:25:25,507 - Epoch:009, train_loss:5.1731, val_auc:0.8295, val_ap: 0.8646, text_auc:0.8446, text_ap: 0.8680
2023-04-02 17:25:25,528 - Epoch:010, train_loss:4.8980, val_auc:0.8327, val_ap: 0.8673, text_auc:0.8464, text_ap: 0.8692
2023-04-02 17:25:25,549 - Epoch:011, train_loss:4.9736, val_auc:0.8355, val_ap: 0.8697, text_auc:0.8482, text_ap: 0.8705
2023-04-02 17:25:25,569 - Epoch:012, train_loss:4.6326, val_auc:0.8383, val_ap: 0.8718, text_auc:0.8501, text_ap: 0.8720
2023-04-02 17:25:25,589 - Epoch:013, train_loss:4.4679, val_auc:0.8410, val_ap: 0.8739, text_auc:0.8520, text_ap: 0.8736
2023-04-02 17:25:25,609 - Epoch:014, train_loss:4.4430, val_auc:0.8436, val_ap: 0.8758, text_auc:0.8536, text_ap: 0.8748
2023-04-02 17:25:25,629 - Epoch:015, train_loss:4.1021, val_auc:0.8464, val_ap: 0.8780, text_auc:0.8556, text_ap: 0.8764
2023-04-02 17:25:25,648 - Epoch:016, train_loss:4.1738, val_auc:0.8493, val_ap: 0.8802, text_auc:0.8577, text_ap: 0.8781
2023-04-02 17:25:25,668 - Epoch:017, train_loss:3.9105, val_auc:0.8524, val_ap: 0.8827, text_auc:0.8602, text_ap: 0.8799
2023-04-02 17:25:25,688 - Epoch:018, train_loss:3.8569, val_auc:0.8558, val_ap: 0.8854, text_auc:0.8632, text_ap: 0.8822
2023-04-02 17:25:25,709 - Epoch:019, train_loss:3.8073, val_auc:0.8600, val_ap: 0.8883, text_auc:0.8671, text_ap: 0.8852
2023-04-02 17:25:25,730 - Epoch:020, train_loss:3.7120, val_auc:0.8649, val_ap: 0.8919, text_auc:0.8717, text_ap: 0.8889
2023-04-02 17:25:25,750 - Epoch:021, train_loss:3.5106, val_auc:0.8713, val_ap: 0.8967, text_auc:0.8773, text_ap: 0.8931
2023-04-02 17:25:25,769 - Epoch:022, train_loss:3.4943, val_auc:0.8788, val_ap: 0.9023, text_auc:0.8839, text_ap: 0.8982
2023-04-02 17:25:25,794 - Epoch:023, train_loss:3.4706, val_auc:0.8890, val_ap: 0.9100, text_auc:0.8918, text_ap: 0.9044
2023-04-02 17:25:25,821 - Epoch:024, train_loss:3.2177, val_auc:0.9018, val_ap: 0.9193, text_auc:0.9020, text_ap: 0.9125
2023-04-02 17:25:25,847 - Epoch:025, train_loss:3.1554, val_auc:0.9173, val_ap: 0.9309, text_auc:0.9143, text_ap: 0.9228
2023-04-02 17:25:25,875 - Epoch:026, train_loss:2.9962, val_auc:0.9329, val_ap: 0.9425, text_auc:0.9273, text_ap: 0.9340
2023-04-02 17:25:25,902 - Epoch:027, train_loss:2.9841, val_auc:0.9409, val_ap: 0.9500, text_auc:0.9352, text_ap: 0.9412
2023-04-02 17:25:25,930 - Epoch:028, train_loss:2.7782, val_auc:0.9405, val_ap: 0.9505, text_auc:0.9362, text_ap: 0.9426
2023-04-02 17:25:25,959 - Epoch:029, train_loss:2.6018, val_auc:0.9434, val_ap: 0.9522, text_auc:0.9371, text_ap: 0.9427
2023-04-02 17:25:25,987 - Epoch:030, train_loss:2.7298, val_auc:0.9464, val_ap: 0.9540, text_auc:0.9371, text_ap: 0.9425
2023-04-02 17:25:26,015 - Epoch:031, train_loss:2.6095, val_auc:0.9486, val_ap: 0.9556, text_auc:0.9366, text_ap: 0.9417
2023-04-02 17:25:26,043 - Epoch:032, train_loss:2.5905, val_auc:0.9500, val_ap: 0.9563, text_auc:0.9370, text_ap: 0.9419
2023-04-02 17:25:26,072 - Epoch:033, train_loss:2.5038, val_auc:0.9508, val_ap: 0.9567, text_auc:0.9381, text_ap: 0.9425
2023-04-02 17:25:26,102 - Epoch:034, train_loss:2.5239, val_auc:0.9513, val_ap: 0.9570, text_auc:0.9396, text_ap: 0.9434
2023-04-02 17:25:26,125 - Epoch:035, train_loss:2.4182, val_auc:0.9494, val_ap: 0.9553
2023-04-02 17:25:26,150 - Epoch:036, train_loss:2.3830, val_auc:0.9472, val_ap: 0.9534
2023-04-02 17:25:26,174 - Epoch:037, train_loss:2.2401, val_auc:0.9442, val_ap: 0.9511
2023-04-02 17:25:26,198 - Epoch:038, train_loss:2.2671, val_auc:0.9431, val_ap: 0.9499
2023-04-02 17:25:26,225 - Epoch:039, train_loss:2.2394, val_auc:0.9423, val_ap: 0.9492
2023-04-02 17:25:26,245 - Epoch:040, train_loss:2.2076, val_auc:0.9416, val_ap: 0.9485
2023-04-02 17:25:26,270 - Epoch:041, train_loss:2.1356, val_auc:0.9417, val_ap: 0.9482
2023-04-02 17:25:26,294 - Epoch:042, train_loss:2.0963, val_auc:0.9420, val_ap: 0.9484
2023-04-02 17:25:26,317 - Epoch:043, train_loss:2.0809, val_auc:0.9424, val_ap: 0.9488
2023-04-02 17:25:26,341 - Epoch:044, train_loss:2.0946, val_auc:0.9432, val_ap: 0.9493
2023-04-02 17:25:26,365 - Epoch:045, train_loss:2.0707, val_auc:0.9446, val_ap: 0.9503
2023-04-02 17:25:26,386 - Epoch:046, train_loss:1.9727, val_auc:0.9458, val_ap: 0.9511
2023-04-02 17:25:26,407 - Epoch:047, train_loss:1.9741, val_auc:0.9468, val_ap: 0.9517
2023-04-02 17:25:26,433 - Epoch:048, train_loss:1.9452, val_auc:0.9473, val_ap: 0.9521
2023-04-02 17:25:26,456 - Epoch:049, train_loss:1.8820, val_auc:0.9472, val_ap: 0.9520
2023-04-02 17:25:26,478 - Epoch:050, train_loss:1.8624, val_auc:0.9465, val_ap: 0.9513
2023-04-02 17:25:26,498 - Epoch:051, train_loss:1.8715, val_auc:0.9461, val_ap: 0.9511
2023-04-02 17:25:26,521 - Epoch:052, train_loss:1.8506, val_auc:0.9457, val_ap: 0.9506
2023-04-02 17:25:26,542 - Epoch:053, train_loss:1.8205, val_auc:0.9450, val_ap: 0.9502
2023-04-02 17:25:26,565 - Epoch:054, train_loss:1.7878, val_auc:0.9437, val_ap: 0.9490
2023-04-02 17:25:26,587 - Epoch:055, train_loss:1.8057, val_auc:0.9432, val_ap: 0.9486
2023-04-02 17:25:26,609 - Epoch:056, train_loss:1.7429, val_auc:0.9430, val_ap: 0.9484
2023-04-02 17:25:26,633 - Epoch:057, train_loss:1.7768, val_auc:0.9425, val_ap: 0.9480
2023-04-02 17:25:26,655 - Epoch:058, train_loss:1.7292, val_auc:0.9430, val_ap: 0.9482
2023-04-02 17:25:26,677 - Epoch:059, train_loss:1.6847, val_auc:0.9433, val_ap: 0.9483
2023-04-02 17:25:26,698 - Epoch:060, train_loss:1.6526, val_auc:0.9435, val_ap: 0.9484
2023-04-02 17:25:26,718 - Epoch:061, train_loss:1.6721, val_auc:0.9439, val_ap: 0.9486
2023-04-02 17:25:26,739 - Epoch:062, train_loss:1.6465, val_auc:0.9441, val_ap: 0.9487
2023-04-02 17:25:26,760 - Epoch:063, train_loss:1.6581, val_auc:0.9447, val_ap: 0.9491
2023-04-02 17:25:26,785 - Epoch:064, train_loss:1.6665, val_auc:0.9446, val_ap: 0.9490
2023-04-02 17:25:26,806 - Epoch:065, train_loss:1.6386, val_auc:0.9445, val_ap: 0.9490
2023-04-02 17:25:26,827 - Epoch:066, train_loss:1.5947, val_auc:0.9443, val_ap: 0.9487
2023-04-02 17:25:26,849 - Epoch:067, train_loss:1.5951, val_auc:0.9446, val_ap: 0.9489
2023-04-02 17:25:26,870 - Epoch:068, train_loss:1.5581, val_auc:0.9447, val_ap: 0.9490
2023-04-02 17:25:26,894 - Epoch:069, train_loss:1.5422, val_auc:0.9451, val_ap: 0.9494
2023-04-02 17:25:26,916 - Epoch:070, train_loss:1.5669, val_auc:0.9456, val_ap: 0.9497
2023-04-02 17:25:26,937 - Epoch:071, train_loss:1.5331, val_auc:0.9457, val_ap: 0.9498
2023-04-02 17:25:26,960 - Epoch:072, train_loss:1.5583, val_auc:0.9460, val_ap: 0.9500
2023-04-02 17:25:26,982 - Epoch:073, train_loss:1.5463, val_auc:0.9463, val_ap: 0.9503
2023-04-02 17:25:27,005 - Epoch:074, train_loss:1.5363, val_auc:0.9464, val_ap: 0.9503
2023-04-02 17:25:27,029 - Epoch:075, train_loss:1.5061, val_auc:0.9464, val_ap: 0.9503
2023-04-02 17:25:27,051 - Epoch:076, train_loss:1.5012, val_auc:0.9464, val_ap: 0.9501
2023-04-02 17:25:27,075 - Epoch:077, train_loss:1.4727, val_auc:0.9460, val_ap: 0.9496
2023-04-02 17:25:27,099 - Epoch:078, train_loss:1.4617, val_auc:0.9456, val_ap: 0.9491
2023-04-02 17:25:27,119 - Epoch:079, train_loss:1.4888, val_auc:0.9454, val_ap: 0.9489
2023-04-02 17:25:27,140 - Epoch:080, train_loss:1.4611, val_auc:0.9451, val_ap: 0.9487
2023-04-02 17:25:27,162 - Epoch:081, train_loss:1.4640, val_auc:0.9453, val_ap: 0.9488
2023-04-02 17:25:27,186 - Epoch:082, train_loss:1.4385, val_auc:0.9454, val_ap: 0.9490
2023-04-02 17:25:27,210 - Epoch:083, train_loss:1.4383, val_auc:0.9454, val_ap: 0.9491
2023-04-02 17:25:27,230 - Epoch:084, train_loss:1.4368, val_auc:0.9456, val_ap: 0.9494
2023-04-02 17:25:27,252 - Epoch:085, train_loss:1.4307, val_auc:0.9459, val_ap: 0.9497
2023-04-02 17:25:27,274 - Epoch:086, train_loss:1.4137, val_auc:0.9464, val_ap: 0.9502
2023-04-02 17:25:27,295 - Epoch:087, train_loss:1.4323, val_auc:0.9473, val_ap: 0.9509
2023-04-02 17:25:27,319 - Epoch:088, train_loss:1.4327, val_auc:0.9477, val_ap: 0.9511
2023-04-02 17:25:27,342 - Epoch:089, train_loss:1.4148, val_auc:0.9482, val_ap: 0.9514
2023-04-02 17:25:27,363 - Epoch:090, train_loss:1.4025, val_auc:0.9484, val_ap: 0.9514
2023-04-02 17:25:27,385 - Epoch:091, train_loss:1.3884, val_auc:0.9485, val_ap: 0.9514
2023-04-02 17:25:27,410 - Epoch:092, train_loss:1.3912, val_auc:0.9485, val_ap: 0.9514
2023-04-02 17:25:27,431 - Epoch:093, train_loss:1.3732, val_auc:0.9480, val_ap: 0.9509
2023-04-02 17:25:27,453 - Epoch:094, train_loss:1.3998, val_auc:0.9476, val_ap: 0.9506
2023-04-02 17:25:27,473 - Epoch:095, train_loss:1.3831, val_auc:0.9471, val_ap: 0.9502
2023-04-02 17:25:27,492 - Epoch:096, train_loss:1.3479, val_auc:0.9471, val_ap: 0.9502
2023-04-02 17:25:27,511 - Epoch:097, train_loss:1.3806, val_auc:0.9470, val_ap: 0.9501
2023-04-02 17:25:27,532 - Epoch:098, train_loss:1.3838, val_auc:0.9471, val_ap: 0.9503
2023-04-02 17:25:27,553 - Epoch:099, train_loss:1.3480, val_auc:0.9473, val_ap: 0.9504
2023-04-02 17:25:27,571 - Epoch:100, train_loss:1.3840, val_auc:0.9474, val_ap: 0.9503
2023-04-02 17:25:27,591 - Epoch:101, train_loss:1.3437, val_auc:0.9475, val_ap: 0.9504
2023-04-02 17:25:27,613 - Epoch:102, train_loss:1.3321, val_auc:0.9476, val_ap: 0.9504
2023-04-02 17:25:27,634 - Epoch:103, train_loss:1.3409, val_auc:0.9475, val_ap: 0.9502
2023-04-02 17:25:27,652 - Epoch:104, train_loss:1.3144, val_auc:0.9475, val_ap: 0.9502
2023-04-02 17:25:27,672 - Epoch:105, train_loss:1.3403, val_auc:0.9474, val_ap: 0.9500
2023-04-02 17:25:27,694 - Epoch:106, train_loss:1.3361, val_auc:0.9477, val_ap: 0.9502
2023-04-02 17:25:27,714 - Epoch:107, train_loss:1.3358, val_auc:0.9479, val_ap: 0.9504
2023-04-02 17:25:27,733 - Epoch:108, train_loss:1.3326, val_auc:0.9486, val_ap: 0.9509
2023-04-02 17:25:27,754 - Epoch:109, train_loss:1.2938, val_auc:0.9490, val_ap: 0.9513
2023-04-02 17:25:27,775 - Epoch:110, train_loss:1.3029, val_auc:0.9493, val_ap: 0.9517
2023-04-02 17:25:27,793 - Epoch:111, train_loss:1.3314, val_auc:0.9496, val_ap: 0.9520
2023-04-02 17:25:27,813 - Epoch:112, train_loss:1.2782, val_auc:0.9495, val_ap: 0.9519
2023-04-02 17:25:27,835 - Epoch:113, train_loss:1.3104, val_auc:0.9495, val_ap: 0.9521
2023-04-02 17:25:27,857 - Epoch:114, train_loss:1.3172, val_auc:0.9494, val_ap: 0.9518
2023-04-02 17:25:27,876 - Epoch:115, train_loss:1.3064, val_auc:0.9489, val_ap: 0.9514
2023-04-02 17:25:27,898 - Epoch:116, train_loss:1.3124, val_auc:0.9483, val_ap: 0.9510
2023-04-02 17:25:27,923 - Epoch:117, train_loss:1.2992, val_auc:0.9482, val_ap: 0.9508
2023-04-02 17:25:27,943 - Epoch:118, train_loss:1.2860, val_auc:0.9478, val_ap: 0.9503
2023-04-02 17:25:27,966 - Epoch:119, train_loss:1.2912, val_auc:0.9478, val_ap: 0.9502
2023-04-02 17:25:27,987 - Epoch:120, train_loss:1.2773, val_auc:0.9481, val_ap: 0.9504
2023-04-02 17:25:28,005 - Epoch:121, train_loss:1.2953, val_auc:0.9487, val_ap: 0.9509
2023-04-02 17:25:28,026 - Epoch:122, train_loss:1.2704, val_auc:0.9491, val_ap: 0.9511
2023-04-02 17:25:28,047 - Epoch:123, train_loss:1.2689, val_auc:0.9494, val_ap: 0.9514
2023-04-02 17:25:28,072 - Epoch:124, train_loss:1.2815, val_auc:0.9500, val_ap: 0.9520
2023-04-02 17:25:28,096 - Epoch:125, train_loss:1.2785, val_auc:0.9502, val_ap: 0.9522
2023-04-02 17:25:28,117 - Epoch:126, train_loss:1.2730, val_auc:0.9503, val_ap: 0.9523
2023-04-02 17:25:28,139 - Epoch:127, train_loss:1.2787, val_auc:0.9505, val_ap: 0.9525
2023-04-02 17:25:28,164 - Epoch:128, train_loss:1.2773, val_auc:0.9506, val_ap: 0.9527
2023-04-02 17:25:28,186 - Epoch:129, train_loss:1.2730, val_auc:0.9506, val_ap: 0.9527
2023-04-02 17:25:28,207 - Epoch:130, train_loss:1.2431, val_auc:0.9505, val_ap: 0.9526
2023-04-02 17:25:28,227 - Epoch:131, train_loss:1.2595, val_auc:0.9503, val_ap: 0.9524
2023-04-02 17:25:28,249 - Epoch:132, train_loss:1.2681, val_auc:0.9500, val_ap: 0.9522
2023-04-02 17:25:28,273 - Epoch:133, train_loss:1.2802, val_auc:0.9499, val_ap: 0.9521
2023-04-02 17:25:28,295 - Epoch:134, train_loss:1.2492, val_auc:0.9497, val_ap: 0.9520
2023-04-02 17:25:28,316 - Epoch:135, train_loss:1.2463, val_auc:0.9497, val_ap: 0.9520
2023-04-02 17:25:28,338 - Epoch:136, train_loss:1.2635, val_auc:0.9498, val_ap: 0.9522
2023-04-02 17:25:28,361 - Epoch:137, train_loss:1.2318, val_auc:0.9499, val_ap: 0.9522
2023-04-02 17:25:28,386 - Epoch:138, train_loss:1.2527, val_auc:0.9499, val_ap: 0.9522
2023-04-02 17:25:28,408 - Epoch:139, train_loss:1.2481, val_auc:0.9501, val_ap: 0.9522
2023-04-02 17:25:28,429 - Epoch:140, train_loss:1.2438, val_auc:0.9504, val_ap: 0.9523
2023-04-02 17:25:28,452 - Epoch:141, train_loss:1.2466, val_auc:0.9506, val_ap: 0.9525
2023-04-02 17:25:28,478 - Epoch:142, train_loss:1.2475, val_auc:0.9509, val_ap: 0.9528
2023-04-02 17:25:28,498 - Epoch:143, train_loss:1.2373, val_auc:0.9511, val_ap: 0.9531
2023-04-02 17:25:28,520 - Epoch:144, train_loss:1.2331, val_auc:0.9510, val_ap: 0.9530
2023-04-02 17:25:28,540 - Epoch:145, train_loss:1.2296, val_auc:0.9510, val_ap: 0.9530
2023-04-02 17:25:28,560 - Epoch:146, train_loss:1.2438, val_auc:0.9509, val_ap: 0.9530
2023-04-02 17:25:28,580 - Epoch:147, train_loss:1.2174, val_auc:0.9508, val_ap: 0.9529
2023-04-02 17:25:28,600 - Epoch:148, train_loss:1.2222, val_auc:0.9509, val_ap: 0.9530
2023-04-02 17:25:28,620 - Epoch:149, train_loss:1.2287, val_auc:0.9508, val_ap: 0.9529
2023-04-02 17:25:28,641 - Epoch:150, train_loss:1.2224, val_auc:0.9508, val_ap: 0.9529
2023-04-02 17:25:28,661 - Epoch:151, train_loss:1.2151, val_auc:0.9511, val_ap: 0.9532
2023-04-02 17:25:28,684 - Epoch:152, train_loss:1.2141, val_auc:0.9511, val_ap: 0.9531
2023-04-02 17:25:28,707 - Epoch:153, train_loss:1.2046, val_auc:0.9508, val_ap: 0.9528
2023-04-02 17:25:28,728 - Epoch:154, train_loss:1.2330, val_auc:0.9505, val_ap: 0.9526
2023-04-02 17:25:28,750 - Epoch:155, train_loss:1.2108, val_auc:0.9505, val_ap: 0.9525
2023-04-02 17:25:28,771 - Epoch:156, train_loss:1.2060, val_auc:0.9507, val_ap: 0.9526
2023-04-02 17:25:28,791 - Epoch:157, train_loss:1.2029, val_auc:0.9508, val_ap: 0.9528
2023-04-02 17:25:28,812 - Epoch:158, train_loss:1.2055, val_auc:0.9507, val_ap: 0.9529
2023-04-02 17:25:28,832 - Epoch:159, train_loss:1.2154, val_auc:0.9507, val_ap: 0.9530
2023-04-02 17:25:28,852 - Epoch:160, train_loss:1.2053, val_auc:0.9511, val_ap: 0.9534
2023-04-02 17:25:28,873 - Epoch:161, train_loss:1.2060, val_auc:0.9511, val_ap: 0.9533
2023-04-02 17:25:28,897 - Epoch:162, train_loss:1.2192, val_auc:0.9515, val_ap: 0.9536
2023-04-02 17:25:28,919 - Epoch:163, train_loss:1.1925, val_auc:0.9519, val_ap: 0.9540
2023-04-02 17:25:28,940 - Epoch:164, train_loss:1.2132, val_auc:0.9519, val_ap: 0.9540
2023-04-02 17:25:28,962 - Epoch:165, train_loss:1.2086, val_auc:0.9519, val_ap: 0.9541
2023-04-02 17:25:28,984 - Epoch:166, train_loss:1.2149, val_auc:0.9518, val_ap: 0.9540
2023-04-02 17:25:29,009 - Epoch:167, train_loss:1.2133, val_auc:0.9518, val_ap: 0.9538
2023-04-02 17:25:29,031 - Epoch:168, train_loss:1.2235, val_auc:0.9518, val_ap: 0.9537
2023-04-02 17:25:29,054 - Epoch:169, train_loss:1.2010, val_auc:0.9519, val_ap: 0.9536
2023-04-02 17:25:29,076 - Epoch:170, train_loss:1.2096, val_auc:0.9516, val_ap: 0.9533
2023-04-02 17:25:29,098 - Epoch:171, train_loss:1.1821, val_auc:0.9514, val_ap: 0.9531
2023-04-02 17:25:29,121 - Epoch:172, train_loss:1.1981, val_auc:0.9514, val_ap: 0.9530
2023-04-02 17:25:29,143 - Epoch:173, train_loss:1.2072, val_auc:0.9516, val_ap: 0.9531
2023-04-02 17:25:29,163 - Epoch:174, train_loss:1.1894, val_auc:0.9517, val_ap: 0.9533
2023-04-02 17:25:29,182 - Epoch:175, train_loss:1.1905, val_auc:0.9520, val_ap: 0.9536
2023-04-02 17:25:29,203 - Epoch:176, train_loss:1.1865, val_auc:0.9523, val_ap: 0.9539
2023-04-02 17:25:29,224 - Epoch:177, train_loss:1.1842, val_auc:0.9524, val_ap: 0.9540
2023-04-02 17:25:29,248 - Epoch:178, train_loss:1.2094, val_auc:0.9527, val_ap: 0.9542
2023-04-02 17:25:29,273 - Epoch:179, train_loss:1.1838, val_auc:0.9526, val_ap: 0.9540
2023-04-02 17:25:29,295 - Epoch:180, train_loss:1.2151, val_auc:0.9527, val_ap: 0.9541
2023-04-02 17:25:29,318 - Epoch:181, train_loss:1.1835, val_auc:0.9529, val_ap: 0.9543
2023-04-02 17:25:29,341 - Epoch:182, train_loss:1.1774, val_auc:0.9528, val_ap: 0.9542
2023-04-02 17:25:29,362 - Epoch:183, train_loss:1.1747, val_auc:0.9530, val_ap: 0.9544
2023-04-02 17:25:29,384 - Epoch:184, train_loss:1.1811, val_auc:0.9531, val_ap: 0.9544
2023-04-02 17:25:29,407 - Epoch:185, train_loss:1.1801, val_auc:0.9531, val_ap: 0.9542
2023-04-02 17:25:29,430 - Epoch:186, train_loss:1.1905, val_auc:0.9532, val_ap: 0.9543
2023-04-02 17:25:29,452 - Epoch:187, train_loss:1.1754, val_auc:0.9532, val_ap: 0.9543
2023-04-02 17:25:29,474 - Epoch:188, train_loss:1.1707, val_auc:0.9530, val_ap: 0.9540
2023-04-02 17:25:29,495 - Epoch:189, train_loss:1.1900, val_auc:0.9530, val_ap: 0.9541
2023-04-02 17:25:29,515 - Epoch:190, train_loss:1.1648, val_auc:0.9529, val_ap: 0.9539
2023-04-02 17:25:29,534 - Epoch:191, train_loss:1.1958, val_auc:0.9527, val_ap: 0.9538
2023-04-02 17:25:29,556 - Epoch:192, train_loss:1.1737, val_auc:0.9526, val_ap: 0.9538
2023-04-02 17:25:29,577 - Epoch:193, train_loss:1.1861, val_auc:0.9526, val_ap: 0.9540
2023-04-02 17:25:29,596 - Epoch:194, train_loss:1.1671, val_auc:0.9527, val_ap: 0.9541
2023-04-02 17:25:29,615 - Epoch:195, train_loss:1.1608, val_auc:0.9526, val_ap: 0.9539
2023-04-02 17:25:29,636 - Epoch:196, train_loss:1.1675, val_auc:0.9526, val_ap: 0.9540
2023-04-02 17:25:29,656 - Epoch:197, train_loss:1.1686, val_auc:0.9527, val_ap: 0.9543
2023-04-02 17:25:29,677 - Epoch:198, train_loss:1.1770, val_auc:0.9527, val_ap: 0.9541
2023-04-02 17:25:29,696 - Epoch:199, train_loss:1.1662, val_auc:0.9532, val_ap: 0.9546
2023-04-02 17:25:29,696 - final results:
2023-04-02 17:25:29,696 - ====================================================================================
2023-04-02 17:25:29,696 - k=1
2023-04-02 17:25:29,697 - AUC:0.9351+-0.0064 [0.9259962049335863, 0.9397254157830115, 0.9395525854340022]
2023-04-02 17:25:29,697 - AP:0.9378+-0.0062 [0.9291305918125075, 0.9409428564612548, 0.9433560101605063]
2023-04-02 17:25:29,747 - Epoch:000, train_loss:7.0718, val_auc:0.7937, val_ap: 0.8398, text_auc:0.8097, text_ap: 0.8379
2023-04-02 17:25:29,770 - Epoch:001, train_loss:6.6620, val_auc:0.8097, val_ap: 0.8531, text_auc:0.8250, text_ap: 0.8519
2023-04-02 17:25:29,796 - Epoch:002, train_loss:6.6229, val_auc:0.8198, val_ap: 0.8612, text_auc:0.8335, text_ap: 0.8590
2023-04-02 17:25:29,827 - Epoch:003, train_loss:6.2530, val_auc:0.8271, val_ap: 0.8675, text_auc:0.8380, text_ap: 0.8619
2023-04-02 17:25:29,855 - Epoch:004, train_loss:6.1073, val_auc:0.8322, val_ap: 0.8716, text_auc:0.8412, text_ap: 0.8636
2023-04-02 17:25:29,883 - Epoch:005, train_loss:5.7871, val_auc:0.8374, val_ap: 0.8762, text_auc:0.8441, text_ap: 0.8654
2023-04-02 17:25:29,909 - Epoch:006, train_loss:5.5528, val_auc:0.8419, val_ap: 0.8801, text_auc:0.8466, text_ap: 0.8668
2023-04-02 17:25:29,933 - Epoch:007, train_loss:5.3682, val_auc:0.8460, val_ap: 0.8836, text_auc:0.8490, text_ap: 0.8684
2023-04-02 17:25:29,960 - Epoch:008, train_loss:5.3060, val_auc:0.8494, val_ap: 0.8863, text_auc:0.8513, text_ap: 0.8697
2023-04-02 17:25:29,984 - Epoch:009, train_loss:5.0692, val_auc:0.8524, val_ap: 0.8888, text_auc:0.8537, text_ap: 0.8711
2023-04-02 17:25:30,010 - Epoch:010, train_loss:5.0015, val_auc:0.8549, val_ap: 0.8907, text_auc:0.8560, text_ap: 0.8728
2023-04-02 17:25:30,034 - Epoch:011, train_loss:4.6515, val_auc:0.8576, val_ap: 0.8927, text_auc:0.8586, text_ap: 0.8744
2023-04-02 17:25:30,060 - Epoch:012, train_loss:4.4748, val_auc:0.8605, val_ap: 0.8950, text_auc:0.8614, text_ap: 0.8763
2023-04-02 17:25:30,084 - Epoch:013, train_loss:4.4410, val_auc:0.8634, val_ap: 0.8971, text_auc:0.8645, text_ap: 0.8785
2023-04-02 17:25:30,109 - Epoch:014, train_loss:4.2782, val_auc:0.8667, val_ap: 0.8997, text_auc:0.8675, text_ap: 0.8806
2023-04-02 17:25:30,133 - Epoch:015, train_loss:4.2414, val_auc:0.8699, val_ap: 0.9020, text_auc:0.8710, text_ap: 0.8830
2023-04-02 17:25:30,158 - Epoch:016, train_loss:4.0175, val_auc:0.8730, val_ap: 0.9036, text_auc:0.8748, text_ap: 0.8857
2023-04-02 17:25:30,183 - Epoch:017, train_loss:4.0295, val_auc:0.8764, val_ap: 0.9057, text_auc:0.8792, text_ap: 0.8892
2023-04-02 17:25:30,209 - Epoch:018, train_loss:3.8098, val_auc:0.8807, val_ap: 0.9086, text_auc:0.8841, text_ap: 0.8927
2023-04-02 17:25:30,234 - Epoch:019, train_loss:3.7602, val_auc:0.8861, val_ap: 0.9127, text_auc:0.8904, text_ap: 0.8979
2023-04-02 17:25:30,260 - Epoch:020, train_loss:3.5632, val_auc:0.8928, val_ap: 0.9167, text_auc:0.8978, text_ap: 0.9040
2023-04-02 17:25:30,284 - Epoch:021, train_loss:3.5687, val_auc:0.9018, val_ap: 0.9223, text_auc:0.9070, text_ap: 0.9118
2023-04-02 17:25:30,309 - Epoch:022, train_loss:3.3745, val_auc:0.9135, val_ap: 0.9285, text_auc:0.9172, text_ap: 0.9207
2023-04-02 17:25:30,335 - Epoch:023, train_loss:3.2868, val_auc:0.9266, val_ap: 0.9348, text_auc:0.9277, text_ap: 0.9300
2023-04-02 17:25:30,360 - Epoch:024, train_loss:3.1299, val_auc:0.9343, val_ap: 0.9372, text_auc:0.9329, text_ap: 0.9353
2023-04-02 17:25:30,385 - Epoch:025, train_loss:2.9289, val_auc:0.9353, val_ap: 0.9369, text_auc:0.9327, text_ap: 0.9356
2023-04-02 17:25:30,411 - Epoch:026, train_loss:2.9805, val_auc:0.9356, val_ap: 0.9368, text_auc:0.9323, text_ap: 0.9349
2023-04-02 17:25:30,435 - Epoch:027, train_loss:2.7295, val_auc:0.9353, val_ap: 0.9372, text_auc:0.9318, text_ap: 0.9340
2023-04-02 17:25:30,455 - Epoch:028, train_loss:2.7952, val_auc:0.9349, val_ap: 0.9373
2023-04-02 17:25:30,481 - Epoch:029, train_loss:2.7629, val_auc:0.9346, val_ap: 0.9380, text_auc:0.9339, text_ap: 0.9347
2023-04-02 17:25:30,501 - Epoch:030, train_loss:2.7187, val_auc:0.9344, val_ap: 0.9378
2023-04-02 17:25:30,528 - Epoch:031, train_loss:2.6339, val_auc:0.9355, val_ap: 0.9390, text_auc:0.9373, text_ap: 0.9365
2023-04-02 17:25:30,550 - Epoch:032, train_loss:2.5331, val_auc:0.9340, val_ap: 0.9380
2023-04-02 17:25:30,570 - Epoch:033, train_loss:2.5066, val_auc:0.9328, val_ap: 0.9373
2023-04-02 17:25:30,592 - Epoch:034, train_loss:2.4321, val_auc:0.9316, val_ap: 0.9366
2023-04-02 17:25:30,614 - Epoch:035, train_loss:2.3605, val_auc:0.9318, val_ap: 0.9369
2023-04-02 17:25:30,638 - Epoch:036, train_loss:2.3093, val_auc:0.9333, val_ap: 0.9378
2023-04-02 17:25:30,663 - Epoch:037, train_loss:2.2310, val_auc:0.9354, val_ap: 0.9392, text_auc:0.9424, text_ap: 0.9417
2023-04-02 17:25:30,688 - Epoch:038, train_loss:2.2272, val_auc:0.9374, val_ap: 0.9399, text_auc:0.9433, text_ap: 0.9426
2023-04-02 17:25:30,714 - Epoch:039, train_loss:2.1975, val_auc:0.9381, val_ap: 0.9400, text_auc:0.9432, text_ap: 0.9425
2023-04-02 17:25:30,738 - Epoch:040, train_loss:2.1578, val_auc:0.9386, val_ap: 0.9397, text_auc:0.9425, text_ap: 0.9414
2023-04-02 17:25:30,760 - Epoch:041, train_loss:2.1574, val_auc:0.9381, val_ap: 0.9389
2023-04-02 17:25:30,781 - Epoch:042, train_loss:2.0563, val_auc:0.9373, val_ap: 0.9378
2023-04-02 17:25:30,803 - Epoch:043, train_loss:2.0561, val_auc:0.9367, val_ap: 0.9374
2023-04-02 17:25:30,824 - Epoch:044, train_loss:2.0298, val_auc:0.9365, val_ap: 0.9375
2023-04-02 17:25:30,843 - Epoch:045, train_loss:1.9883, val_auc:0.9359, val_ap: 0.9375
2023-04-02 17:25:30,862 - Epoch:046, train_loss:2.0084, val_auc:0.9353, val_ap: 0.9378
2023-04-02 17:25:30,884 - Epoch:047, train_loss:1.9218, val_auc:0.9345, val_ap: 0.9378
2023-04-02 17:25:30,906 - Epoch:048, train_loss:1.8974, val_auc:0.9333, val_ap: 0.9373
2023-04-02 17:25:30,930 - Epoch:049, train_loss:1.8933, val_auc:0.9325, val_ap: 0.9367
2023-04-02 17:25:30,951 - Epoch:050, train_loss:1.8198, val_auc:0.9322, val_ap: 0.9358
2023-04-02 17:25:30,971 - Epoch:051, train_loss:1.8311, val_auc:0.9324, val_ap: 0.9358
2023-04-02 17:25:30,991 - Epoch:052, train_loss:1.8266, val_auc:0.9329, val_ap: 0.9358
2023-04-02 17:25:31,011 - Epoch:053, train_loss:1.7940, val_auc:0.9335, val_ap: 0.9361
2023-04-02 17:25:31,032 - Epoch:054, train_loss:1.7567, val_auc:0.9344, val_ap: 0.9367
2023-04-02 17:25:31,056 - Epoch:055, train_loss:1.7460, val_auc:0.9349, val_ap: 0.9367
2023-04-02 17:25:31,077 - Epoch:056, train_loss:1.7912, val_auc:0.9352, val_ap: 0.9370
2023-04-02 17:25:31,097 - Epoch:057, train_loss:1.7341, val_auc:0.9352, val_ap: 0.9370
2023-04-02 17:25:31,120 - Epoch:058, train_loss:1.7060, val_auc:0.9351, val_ap: 0.9370
2023-04-02 17:25:31,142 - Epoch:059, train_loss:1.6833, val_auc:0.9347, val_ap: 0.9366
2023-04-02 17:25:31,163 - Epoch:060, train_loss:1.6631, val_auc:0.9338, val_ap: 0.9357
2023-04-02 17:25:31,183 - Epoch:061, train_loss:1.6710, val_auc:0.9332, val_ap: 0.9354
2023-04-02 17:25:31,204 - Epoch:062, train_loss:1.6421, val_auc:0.9329, val_ap: 0.9350
2023-04-02 17:25:31,225 - Epoch:063, train_loss:1.6374, val_auc:0.9327, val_ap: 0.9348
2023-04-02 17:25:31,246 - Epoch:064, train_loss:1.6042, val_auc:0.9327, val_ap: 0.9348
2023-04-02 17:25:31,267 - Epoch:065, train_loss:1.6163, val_auc:0.9327, val_ap: 0.9350
2023-04-02 17:25:31,286 - Epoch:066, train_loss:1.5751, val_auc:0.9329, val_ap: 0.9350
2023-04-02 17:25:31,307 - Epoch:067, train_loss:1.5618, val_auc:0.9330, val_ap: 0.9350
2023-04-02 17:25:31,326 - Epoch:068, train_loss:1.5992, val_auc:0.9335, val_ap: 0.9355
2023-04-02 17:25:31,347 - Epoch:069, train_loss:1.5642, val_auc:0.9339, val_ap: 0.9361
2023-04-02 17:25:31,367 - Epoch:070, train_loss:1.5815, val_auc:0.9341, val_ap: 0.9366
2023-04-02 17:25:31,388 - Epoch:071, train_loss:1.5401, val_auc:0.9347, val_ap: 0.9370
2023-04-02 17:25:31,407 - Epoch:072, train_loss:1.5322, val_auc:0.9352, val_ap: 0.9377
2023-04-02 17:25:31,428 - Epoch:073, train_loss:1.5064, val_auc:0.9353, val_ap: 0.9375
2023-04-02 17:25:31,449 - Epoch:074, train_loss:1.5210, val_auc:0.9352, val_ap: 0.9375
2023-04-02 17:25:31,469 - Epoch:075, train_loss:1.4981, val_auc:0.9350, val_ap: 0.9368
2023-04-02 17:25:31,490 - Epoch:076, train_loss:1.5190, val_auc:0.9345, val_ap: 0.9360
2023-04-02 17:25:31,512 - Epoch:077, train_loss:1.4698, val_auc:0.9339, val_ap: 0.9355
2023-04-02 17:25:31,534 - Epoch:078, train_loss:1.4774, val_auc:0.9339, val_ap: 0.9355
2023-04-02 17:25:31,554 - Epoch:079, train_loss:1.4156, val_auc:0.9337, val_ap: 0.9355
2023-04-02 17:25:31,574 - Epoch:080, train_loss:1.4378, val_auc:0.9335, val_ap: 0.9355
2023-04-02 17:25:31,595 - Epoch:081, train_loss:1.4851, val_auc:0.9336, val_ap: 0.9354
2023-04-02 17:25:31,615 - Epoch:082, train_loss:1.4592, val_auc:0.9337, val_ap: 0.9359
2023-04-02 17:25:31,635 - Epoch:083, train_loss:1.4522, val_auc:0.9340, val_ap: 0.9362
2023-04-02 17:25:31,657 - Epoch:084, train_loss:1.4356, val_auc:0.9344, val_ap: 0.9368
2023-04-02 17:25:31,677 - Epoch:085, train_loss:1.4032, val_auc:0.9349, val_ap: 0.9375
2023-04-02 17:25:31,700 - Epoch:086, train_loss:1.4259, val_auc:0.9352, val_ap: 0.9377
2023-04-02 17:25:31,721 - Epoch:087, train_loss:1.4198, val_auc:0.9354, val_ap: 0.9379
2023-04-02 17:25:31,740 - Epoch:088, train_loss:1.4009, val_auc:0.9358, val_ap: 0.9381
2023-04-02 17:25:31,760 - Epoch:089, train_loss:1.4350, val_auc:0.9358, val_ap: 0.9382
2023-04-02 17:25:31,781 - Epoch:090, train_loss:1.3682, val_auc:0.9353, val_ap: 0.9377
2023-04-02 17:25:31,800 - Epoch:091, train_loss:1.3837, val_auc:0.9353, val_ap: 0.9377
2023-04-02 17:25:31,820 - Epoch:092, train_loss:1.3812, val_auc:0.9352, val_ap: 0.9375
2023-04-02 17:25:31,840 - Epoch:093, train_loss:1.3886, val_auc:0.9354, val_ap: 0.9376
2023-04-02 17:25:31,863 - Epoch:094, train_loss:1.3757, val_auc:0.9353, val_ap: 0.9372
2023-04-02 17:25:31,887 - Epoch:095, train_loss:1.3901, val_auc:0.9355, val_ap: 0.9371
2023-04-02 17:25:31,908 - Epoch:096, train_loss:1.3631, val_auc:0.9357, val_ap: 0.9368
2023-04-02 17:25:31,929 - Epoch:097, train_loss:1.3562, val_auc:0.9358, val_ap: 0.9369
2023-04-02 17:25:31,950 - Epoch:098, train_loss:1.3784, val_auc:0.9358, val_ap: 0.9370
2023-04-02 17:25:31,971 - Epoch:099, train_loss:1.3432, val_auc:0.9359, val_ap: 0.9380
2023-04-02 17:25:31,991 - Epoch:100, train_loss:1.3899, val_auc:0.9358, val_ap: 0.9382
2023-04-02 17:25:32,011 - Epoch:101, train_loss:1.3473, val_auc:0.9357, val_ap: 0.9384
2023-04-02 17:25:32,032 - Epoch:102, train_loss:1.3537, val_auc:0.9353, val_ap: 0.9383
2023-04-02 17:25:32,052 - Epoch:103, train_loss:1.3645, val_auc:0.9353, val_ap: 0.9383
2023-04-02 17:25:32,072 - Epoch:104, train_loss:1.3487, val_auc:0.9352, val_ap: 0.9383
2023-04-02 17:25:32,091 - Epoch:105, train_loss:1.3164, val_auc:0.9351, val_ap: 0.9382
2023-04-02 17:25:32,113 - Epoch:106, train_loss:1.3227, val_auc:0.9352, val_ap: 0.9380
2023-04-02 17:25:32,135 - Epoch:107, train_loss:1.3542, val_auc:0.9356, val_ap: 0.9380
2023-04-02 17:25:32,160 - Epoch:108, train_loss:1.2991, val_auc:0.9358, val_ap: 0.9379
2023-04-02 17:25:32,181 - Epoch:109, train_loss:1.3136, val_auc:0.9363, val_ap: 0.9382
2023-04-02 17:25:32,202 - Epoch:110, train_loss:1.3172, val_auc:0.9366, val_ap: 0.9384
2023-04-02 17:25:32,223 - Epoch:111, train_loss:1.3202, val_auc:0.9366, val_ap: 0.9383
2023-04-02 17:25:32,244 - Epoch:112, train_loss:1.3143, val_auc:0.9365, val_ap: 0.9387
2023-04-02 17:25:32,264 - Epoch:113, train_loss:1.2936, val_auc:0.9361, val_ap: 0.9387
2023-04-02 17:25:32,284 - Epoch:114, train_loss:1.2887, val_auc:0.9357, val_ap: 0.9386
2023-04-02 17:25:32,303 - Epoch:115, train_loss:1.2916, val_auc:0.9355, val_ap: 0.9386
2023-04-02 17:25:32,324 - Epoch:116, train_loss:1.2923, val_auc:0.9352, val_ap: 0.9386
2023-04-02 17:25:32,343 - Epoch:117, train_loss:1.3066, val_auc:0.9351, val_ap: 0.9385
2023-04-02 17:25:32,365 - Epoch:118, train_loss:1.2795, val_auc:0.9351, val_ap: 0.9384
2023-04-02 17:25:32,390 - Epoch:119, train_loss:1.2895, val_auc:0.9353, val_ap: 0.9383
2023-04-02 17:25:32,411 - Epoch:120, train_loss:1.2908, val_auc:0.9355, val_ap: 0.9379
2023-04-02 17:25:32,432 - Epoch:121, train_loss:1.2943, val_auc:0.9356, val_ap: 0.9379
2023-04-02 17:25:32,452 - Epoch:122, train_loss:1.2651, val_auc:0.9360, val_ap: 0.9381
2023-04-02 17:25:32,474 - Epoch:123, train_loss:1.2729, val_auc:0.9364, val_ap: 0.9385
2023-04-02 17:25:32,495 - Epoch:124, train_loss:1.2670, val_auc:0.9367, val_ap: 0.9387
2023-04-02 17:25:32,516 - Epoch:125, train_loss:1.2627, val_auc:0.9370, val_ap: 0.9391
2023-04-02 17:25:32,536 - Epoch:126, train_loss:1.2790, val_auc:0.9372, val_ap: 0.9392
2023-04-02 17:25:32,556 - Epoch:127, train_loss:1.2791, val_auc:0.9373, val_ap: 0.9394
2023-04-02 17:25:32,576 - Epoch:128, train_loss:1.2692, val_auc:0.9374, val_ap: 0.9396
2023-04-02 17:25:32,596 - Epoch:129, train_loss:1.2796, val_auc:0.9376, val_ap: 0.9399
2023-04-02 17:25:32,615 - Epoch:130, train_loss:1.2635, val_auc:0.9373, val_ap: 0.9398
2023-04-02 17:25:32,640 - Epoch:131, train_loss:1.2590, val_auc:0.9370, val_ap: 0.9397
2023-04-02 17:25:32,665 - Epoch:132, train_loss:1.2695, val_auc:0.9368, val_ap: 0.9394
2023-04-02 17:25:32,688 - Epoch:133, train_loss:1.2641, val_auc:0.9365, val_ap: 0.9390
2023-04-02 17:25:32,713 - Epoch:134, train_loss:1.2278, val_auc:0.9363, val_ap: 0.9388
2023-04-02 17:25:32,736 - Epoch:135, train_loss:1.2668, val_auc:0.9363, val_ap: 0.9388
2023-04-02 17:25:32,758 - Epoch:136, train_loss:1.2509, val_auc:0.9364, val_ap: 0.9388
2023-04-02 17:25:32,780 - Epoch:137, train_loss:1.2380, val_auc:0.9367, val_ap: 0.9390
2023-04-02 17:25:32,808 - Epoch:138, train_loss:1.2593, val_auc:0.9370, val_ap: 0.9394
2023-04-02 17:25:32,832 - Epoch:139, train_loss:1.2571, val_auc:0.9371, val_ap: 0.9394
2023-04-02 17:25:32,856 - Epoch:140, train_loss:1.2488, val_auc:0.9373, val_ap: 0.9396
2023-04-02 17:25:32,878 - Epoch:141, train_loss:1.2443, val_auc:0.9374, val_ap: 0.9398
2023-04-02 17:25:32,899 - Epoch:142, train_loss:1.2369, val_auc:0.9373, val_ap: 0.9395
2023-04-02 17:25:32,920 - Epoch:143, train_loss:1.2161, val_auc:0.9374, val_ap: 0.9397
2023-04-02 17:25:32,948 - Epoch:144, train_loss:1.2275, val_auc:0.9374, val_ap: 0.9397
2023-04-02 17:25:32,971 - Epoch:145, train_loss:1.2354, val_auc:0.9375, val_ap: 0.9398
2023-04-02 17:25:32,998 - Epoch:146, train_loss:1.2473, val_auc:0.9375, val_ap: 0.9397
2023-04-02 17:25:33,020 - Epoch:147, train_loss:1.2487, val_auc:0.9373, val_ap: 0.9395
2023-04-02 17:25:33,041 - Epoch:148, train_loss:1.2412, val_auc:0.9372, val_ap: 0.9395
2023-04-02 17:25:33,069 - Epoch:149, train_loss:1.2354, val_auc:0.9372, val_ap: 0.9395
2023-04-02 17:25:33,092 - Epoch:150, train_loss:1.2409, val_auc:0.9371, val_ap: 0.9397
2023-04-02 17:25:33,121 - Epoch:151, train_loss:1.2237, val_auc:0.9371, val_ap: 0.9397
2023-04-02 17:25:33,146 - Epoch:152, train_loss:1.2162, val_auc:0.9374, val_ap: 0.9400
2023-04-02 17:25:33,168 - Epoch:153, train_loss:1.2098, val_auc:0.9374, val_ap: 0.9398
2023-04-02 17:25:33,190 - Epoch:154, train_loss:1.2213, val_auc:0.9375, val_ap: 0.9400
2023-04-02 17:25:33,212 - Epoch:155, train_loss:1.2105, val_auc:0.9378, val_ap: 0.9403
2023-04-02 17:25:33,236 - Epoch:156, train_loss:1.2232, val_auc:0.9377, val_ap: 0.9402
2023-04-02 17:25:33,258 - Epoch:157, train_loss:1.2285, val_auc:0.9379, val_ap: 0.9402
2023-04-02 17:25:33,280 - Epoch:158, train_loss:1.1923, val_auc:0.9380, val_ap: 0.9401
2023-04-02 17:25:33,306 - Epoch:159, train_loss:1.2065, val_auc:0.9385, val_ap: 0.9403, text_auc:0.9458, text_ap: 0.9442
2023-04-02 17:25:33,332 - Epoch:160, train_loss:1.2184, val_auc:0.9387, val_ap: 0.9402, text_auc:0.9459, text_ap: 0.9442
2023-04-02 17:25:33,361 - Epoch:161, train_loss:1.2208, val_auc:0.9390, val_ap: 0.9403, text_auc:0.9459, text_ap: 0.9441
2023-04-02 17:25:33,384 - Epoch:162, train_loss:1.2012, val_auc:0.9389, val_ap: 0.9403
2023-04-02 17:25:33,412 - Epoch:163, train_loss:1.2037, val_auc:0.9388, val_ap: 0.9404
2023-04-02 17:25:33,435 - Epoch:164, train_loss:1.1990, val_auc:0.9386, val_ap: 0.9402
2023-04-02 17:25:33,458 - Epoch:165, train_loss:1.1980, val_auc:0.9384, val_ap: 0.9402
2023-04-02 17:25:33,480 - Epoch:166, train_loss:1.1965, val_auc:0.9382, val_ap: 0.9402
2023-04-02 17:25:33,501 - Epoch:167, train_loss:1.1995, val_auc:0.9379, val_ap: 0.9402
2023-04-02 17:25:33,523 - Epoch:168, train_loss:1.2019, val_auc:0.9377, val_ap: 0.9402
2023-04-02 17:25:33,544 - Epoch:169, train_loss:1.2092, val_auc:0.9378, val_ap: 0.9402
2023-04-02 17:25:33,571 - Epoch:170, train_loss:1.2056, val_auc:0.9379, val_ap: 0.9403
2023-04-02 17:25:33,594 - Epoch:171, train_loss:1.1967, val_auc:0.9378, val_ap: 0.9401
2023-04-02 17:25:33,619 - Epoch:172, train_loss:1.1857, val_auc:0.9377, val_ap: 0.9401
2023-04-02 17:25:33,642 - Epoch:173, train_loss:1.1833, val_auc:0.9379, val_ap: 0.9401
2023-04-02 17:25:33,664 - Epoch:174, train_loss:1.1852, val_auc:0.9384, val_ap: 0.9404
2023-04-02 17:25:33,686 - Epoch:175, train_loss:1.1964, val_auc:0.9386, val_ap: 0.9405
2023-04-02 17:25:33,721 - Epoch:176, train_loss:1.1776, val_auc:0.9390, val_ap: 0.9407, text_auc:0.9454, text_ap: 0.9441
2023-04-02 17:25:33,748 - Epoch:177, train_loss:1.1699, val_auc:0.9392, val_ap: 0.9407, text_auc:0.9456, text_ap: 0.9443
2023-04-02 17:25:33,775 - Epoch:178, train_loss:1.1856, val_auc:0.9394, val_ap: 0.9409, text_auc:0.9459, text_ap: 0.9447
2023-04-02 17:25:33,799 - Epoch:179, train_loss:1.2028, val_auc:0.9396, val_ap: 0.9410, text_auc:0.9464, text_ap: 0.9451
2023-04-02 17:25:33,825 - Epoch:180, train_loss:1.1883, val_auc:0.9398, val_ap: 0.9412, text_auc:0.9468, text_ap: 0.9454
2023-04-02 17:25:33,845 - Epoch:181, train_loss:1.1970, val_auc:0.9397, val_ap: 0.9408
2023-04-02 17:25:33,870 - Epoch:182, train_loss:1.1944, val_auc:0.9394, val_ap: 0.9406
2023-04-02 17:25:33,891 - Epoch:183, train_loss:1.1864, val_auc:0.9390, val_ap: 0.9402
2023-04-02 17:25:33,913 - Epoch:184, train_loss:1.1692, val_auc:0.9388, val_ap: 0.9399
2023-04-02 17:25:33,932 - Epoch:185, train_loss:1.1911, val_auc:0.9386, val_ap: 0.9400
2023-04-02 17:25:33,952 - Epoch:186, train_loss:1.1809, val_auc:0.9383, val_ap: 0.9401
2023-04-02 17:25:33,972 - Epoch:187, train_loss:1.1820, val_auc:0.9380, val_ap: 0.9397
2023-04-02 17:25:33,992 - Epoch:188, train_loss:1.1754, val_auc:0.9378, val_ap: 0.9396
2023-04-02 17:25:34,012 - Epoch:189, train_loss:1.1768, val_auc:0.9379, val_ap: 0.9397
2023-04-02 17:25:34,033 - Epoch:190, train_loss:1.1670, val_auc:0.9384, val_ap: 0.9401
2023-04-02 17:25:34,053 - Epoch:191, train_loss:1.1745, val_auc:0.9388, val_ap: 0.9403
2023-04-02 17:25:34,073 - Epoch:192, train_loss:1.1676, val_auc:0.9392, val_ap: 0.9405
2023-04-02 17:25:34,093 - Epoch:193, train_loss:1.1677, val_auc:0.9395, val_ap: 0.9407
2023-04-02 17:25:34,113 - Epoch:194, train_loss:1.1808, val_auc:0.9399, val_ap: 0.9410
2023-04-02 17:25:34,134 - Epoch:195, train_loss:1.1646, val_auc:0.9399, val_ap: 0.9409
2023-04-02 17:25:34,154 - Epoch:196, train_loss:1.1747, val_auc:0.9399, val_ap: 0.9408
2023-04-02 17:25:34,174 - Epoch:197, train_loss:1.1737, val_auc:0.9398, val_ap: 0.9406
2023-04-02 17:25:34,194 - Epoch:198, train_loss:1.1697, val_auc:0.9397, val_ap: 0.9406
2023-04-02 17:25:34,214 - Epoch:199, train_loss:1.1780, val_auc:0.9394, val_ap: 0.9405
2023-04-02 17:25:34,215 - final results:
2023-04-02 17:25:34,215 - ====================================================================================
2023-04-02 17:25:34,215 - k=1
2023-04-02 17:25:34,215 - AUC:0.9380+-0.0075 [0.9259962049335863, 0.9397254157830115, 0.9395525854340022, 0.9468438657828315]
2023-04-02 17:25:34,215 - AP:0.9397+-0.0063 [0.9291305918125075, 0.9409428564612548, 0.9433560101605063, 0.94536659406732]
2023-04-02 17:25:34,265 - Epoch:000, train_loss:6.8274, val_auc:0.7908, val_ap: 0.8190, text_auc:0.7650, text_ap: 0.8051
2023-04-02 17:25:34,289 - Epoch:001, train_loss:6.7082, val_auc:0.8102, val_ap: 0.8335, text_auc:0.7817, text_ap: 0.8173
2023-04-02 17:25:34,311 - Epoch:002, train_loss:6.7015, val_auc:0.8188, val_ap: 0.8415, text_auc:0.7903, text_ap: 0.8234
2023-04-02 17:25:34,333 - Epoch:003, train_loss:6.2742, val_auc:0.8243, val_ap: 0.8466, text_auc:0.7962, text_ap: 0.8280
2023-04-02 17:25:34,356 - Epoch:004, train_loss:5.8462, val_auc:0.8288, val_ap: 0.8511, text_auc:0.8015, text_ap: 0.8325
2023-04-02 17:25:34,379 - Epoch:005, train_loss:5.8845, val_auc:0.8326, val_ap: 0.8539, text_auc:0.8047, text_ap: 0.8353
2023-04-02 17:25:34,402 - Epoch:006, train_loss:5.5153, val_auc:0.8353, val_ap: 0.8556, text_auc:0.8069, text_ap: 0.8371
2023-04-02 17:25:34,424 - Epoch:007, train_loss:5.4429, val_auc:0.8375, val_ap: 0.8571, text_auc:0.8091, text_ap: 0.8388
2023-04-02 17:25:34,447 - Epoch:008, train_loss:5.2317, val_auc:0.8397, val_ap: 0.8585, text_auc:0.8113, text_ap: 0.8406
2023-04-02 17:25:34,469 - Epoch:009, train_loss:5.1162, val_auc:0.8426, val_ap: 0.8606, text_auc:0.8139, text_ap: 0.8429
2023-04-02 17:25:34,491 - Epoch:010, train_loss:4.9121, val_auc:0.8459, val_ap: 0.8632, text_auc:0.8161, text_ap: 0.8447
2023-04-02 17:25:34,518 - Epoch:011, train_loss:4.7390, val_auc:0.8495, val_ap: 0.8662, text_auc:0.8189, text_ap: 0.8471
2023-04-02 17:25:34,542 - Epoch:012, train_loss:4.6734, val_auc:0.8536, val_ap: 0.8694, text_auc:0.8223, text_ap: 0.8499
2023-04-02 17:25:34,565 - Epoch:013, train_loss:4.4773, val_auc:0.8579, val_ap: 0.8725, text_auc:0.8258, text_ap: 0.8529
2023-04-02 17:25:34,591 - Epoch:014, train_loss:4.3145, val_auc:0.8623, val_ap: 0.8757, text_auc:0.8297, text_ap: 0.8560
2023-04-02 17:25:34,614 - Epoch:015, train_loss:4.1649, val_auc:0.8671, val_ap: 0.8795, text_auc:0.8338, text_ap: 0.8594
2023-04-02 17:25:34,637 - Epoch:016, train_loss:4.0541, val_auc:0.8722, val_ap: 0.8832, text_auc:0.8385, text_ap: 0.8634
2023-04-02 17:25:34,660 - Epoch:017, train_loss:3.9920, val_auc:0.8773, val_ap: 0.8871, text_auc:0.8434, text_ap: 0.8673
2023-04-02 17:25:34,682 - Epoch:018, train_loss:3.7897, val_auc:0.8837, val_ap: 0.8916, text_auc:0.8491, text_ap: 0.8720
2023-04-02 17:25:34,709 - Epoch:019, train_loss:3.6853, val_auc:0.8912, val_ap: 0.8972, text_auc:0.8570, text_ap: 0.8783
2023-04-02 17:25:34,735 - Epoch:020, train_loss:3.5765, val_auc:0.9004, val_ap: 0.9050, text_auc:0.8672, text_ap: 0.8865
2023-04-02 17:25:34,758 - Epoch:021, train_loss:3.4491, val_auc:0.9114, val_ap: 0.9140, text_auc:0.8801, text_ap: 0.8970
2023-04-02 17:25:34,781 - Epoch:022, train_loss:3.4231, val_auc:0.9228, val_ap: 0.9232, text_auc:0.8934, text_ap: 0.9077
2023-04-02 17:25:34,803 - Epoch:023, train_loss:3.2238, val_auc:0.9311, val_ap: 0.9308, text_auc:0.9046, text_ap: 0.9169
2023-04-02 17:25:34,824 - Epoch:024, train_loss:3.0979, val_auc:0.9310, val_ap: 0.9310, text_auc:0.9074, text_ap: 0.9191
2023-04-02 17:25:34,843 - Epoch:025, train_loss:3.0126, val_auc:0.9289, val_ap: 0.9287
2023-04-02 17:25:34,862 - Epoch:026, train_loss:2.9467, val_auc:0.9290, val_ap: 0.9294
2023-04-02 17:25:34,886 - Epoch:027, train_loss:2.9125, val_auc:0.9292, val_ap: 0.9299
2023-04-02 17:25:34,909 - Epoch:028, train_loss:2.7470, val_auc:0.9309, val_ap: 0.9315, text_auc:0.9056, text_ap: 0.9193
2023-04-02 17:25:34,931 - Epoch:029, train_loss:2.6771, val_auc:0.9326, val_ap: 0.9332, text_auc:0.9071, text_ap: 0.9209
2023-04-02 17:25:34,953 - Epoch:030, train_loss:2.7277, val_auc:0.9357, val_ap: 0.9356, text_auc:0.9097, text_ap: 0.9231
2023-04-02 17:25:34,979 - Epoch:031, train_loss:2.6831, val_auc:0.9390, val_ap: 0.9382, text_auc:0.9123, text_ap: 0.9249
2023-04-02 17:25:35,004 - Epoch:032, train_loss:2.5973, val_auc:0.9413, val_ap: 0.9401, text_auc:0.9145, text_ap: 0.9265
2023-04-02 17:25:35,026 - Epoch:033, train_loss:2.4485, val_auc:0.9427, val_ap: 0.9408, text_auc:0.9158, text_ap: 0.9271
2023-04-02 17:25:35,049 - Epoch:034, train_loss:2.4976, val_auc:0.9438, val_ap: 0.9408, text_auc:0.9181, text_ap: 0.9285
2023-04-02 17:25:35,068 - Epoch:035, train_loss:2.3756, val_auc:0.9441, val_ap: 0.9401
2023-04-02 17:25:35,087 - Epoch:036, train_loss:2.3649, val_auc:0.9441, val_ap: 0.9398
2023-04-02 17:25:35,106 - Epoch:037, train_loss:2.2520, val_auc:0.9437, val_ap: 0.9393
2023-04-02 17:25:35,125 - Epoch:038, train_loss:2.2364, val_auc:0.9424, val_ap: 0.9384
2023-04-02 17:25:35,140 - Epoch:039, train_loss:2.1764, val_auc:0.9417, val_ap: 0.9382
2023-04-02 17:25:35,158 - Epoch:040, train_loss:2.1359, val_auc:0.9406, val_ap: 0.9373
2023-04-02 17:25:35,178 - Epoch:041, train_loss:2.1469, val_auc:0.9394, val_ap: 0.9366
2023-04-02 17:25:35,198 - Epoch:042, train_loss:2.1231, val_auc:0.9386, val_ap: 0.9363
2023-04-02 17:25:35,217 - Epoch:043, train_loss:2.0489, val_auc:0.9383, val_ap: 0.9362
2023-04-02 17:25:35,236 - Epoch:044, train_loss:1.9748, val_auc:0.9390, val_ap: 0.9372
2023-04-02 17:25:35,257 - Epoch:045, train_loss:2.0022, val_auc:0.9401, val_ap: 0.9382
2023-04-02 17:25:35,277 - Epoch:046, train_loss:1.9332, val_auc:0.9412, val_ap: 0.9392
2023-04-02 17:25:35,297 - Epoch:047, train_loss:1.9902, val_auc:0.9420, val_ap: 0.9400
2023-04-02 17:25:35,319 - Epoch:048, train_loss:1.9137, val_auc:0.9427, val_ap: 0.9407
2023-04-02 17:25:35,342 - Epoch:049, train_loss:1.9330, val_auc:0.9434, val_ap: 0.9416, text_auc:0.9216, text_ap: 0.9317
2023-04-02 17:25:35,367 - Epoch:050, train_loss:1.8485, val_auc:0.9436, val_ap: 0.9418, text_auc:0.9215, text_ap: 0.9316
2023-04-02 17:25:35,385 - Epoch:051, train_loss:1.8476, val_auc:0.9431, val_ap: 0.9416
2023-04-02 17:25:35,402 - Epoch:052, train_loss:1.7970, val_auc:0.9425, val_ap: 0.9409
2023-04-02 17:25:35,421 - Epoch:053, train_loss:1.8395, val_auc:0.9419, val_ap: 0.9401
2023-04-02 17:25:35,441 - Epoch:054, train_loss:1.7985, val_auc:0.9413, val_ap: 0.9398
2023-04-02 17:25:35,462 - Epoch:055, train_loss:1.7762, val_auc:0.9410, val_ap: 0.9393
2023-04-02 17:25:35,483 - Epoch:056, train_loss:1.7244, val_auc:0.9409, val_ap: 0.9390
2023-04-02 17:25:35,503 - Epoch:057, train_loss:1.7072, val_auc:0.9411, val_ap: 0.9388
2023-04-02 17:25:35,523 - Epoch:058, train_loss:1.7578, val_auc:0.9416, val_ap: 0.9389
2023-04-02 17:25:35,542 - Epoch:059, train_loss:1.7580, val_auc:0.9422, val_ap: 0.9392
2023-04-02 17:25:35,562 - Epoch:060, train_loss:1.6513, val_auc:0.9426, val_ap: 0.9394
2023-04-02 17:25:35,581 - Epoch:061, train_loss:1.6895, val_auc:0.9429, val_ap: 0.9397
2023-04-02 17:25:35,601 - Epoch:062, train_loss:1.6751, val_auc:0.9428, val_ap: 0.9396
2023-04-02 17:25:35,621 - Epoch:063, train_loss:1.6694, val_auc:0.9431, val_ap: 0.9399
2023-04-02 17:25:35,640 - Epoch:064, train_loss:1.6050, val_auc:0.9433, val_ap: 0.9401
2023-04-02 17:25:35,661 - Epoch:065, train_loss:1.6053, val_auc:0.9434, val_ap: 0.9406
2023-04-02 17:25:35,680 - Epoch:066, train_loss:1.6231, val_auc:0.9436, val_ap: 0.9409
2023-04-02 17:25:35,700 - Epoch:067, train_loss:1.5824, val_auc:0.9436, val_ap: 0.9411
2023-04-02 17:25:35,719 - Epoch:068, train_loss:1.5965, val_auc:0.9436, val_ap: 0.9410
2023-04-02 17:25:35,742 - Epoch:069, train_loss:1.5730, val_auc:0.9437, val_ap: 0.9411
2023-04-02 17:25:35,760 - Epoch:070, train_loss:1.5597, val_auc:0.9438, val_ap: 0.9409
2023-04-02 17:25:35,781 - Epoch:071, train_loss:1.5621, val_auc:0.9437, val_ap: 0.9407
2023-04-02 17:25:35,799 - Epoch:072, train_loss:1.5094, val_auc:0.9433, val_ap: 0.9405
2023-04-02 17:25:35,822 - Epoch:073, train_loss:1.5229, val_auc:0.9432, val_ap: 0.9401
2023-04-02 17:25:35,841 - Epoch:074, train_loss:1.5355, val_auc:0.9432, val_ap: 0.9398
2023-04-02 17:25:35,864 - Epoch:075, train_loss:1.4914, val_auc:0.9435, val_ap: 0.9397
2023-04-02 17:25:35,883 - Epoch:076, train_loss:1.4864, val_auc:0.9435, val_ap: 0.9395
2023-04-02 17:25:35,904 - Epoch:077, train_loss:1.5212, val_auc:0.9434, val_ap: 0.9387
2023-04-02 17:25:35,924 - Epoch:078, train_loss:1.4970, val_auc:0.9435, val_ap: 0.9383
2023-04-02 17:25:35,944 - Epoch:079, train_loss:1.5000, val_auc:0.9435, val_ap: 0.9382
2023-04-02 17:25:35,964 - Epoch:080, train_loss:1.5060, val_auc:0.9436, val_ap: 0.9382
2023-04-02 17:25:35,985 - Epoch:081, train_loss:1.4594, val_auc:0.9435, val_ap: 0.9381
2023-04-02 17:25:36,004 - Epoch:082, train_loss:1.4608, val_auc:0.9434, val_ap: 0.9380
2023-04-02 17:25:36,024 - Epoch:083, train_loss:1.4752, val_auc:0.9434, val_ap: 0.9381
2023-04-02 17:25:36,044 - Epoch:084, train_loss:1.4197, val_auc:0.9434, val_ap: 0.9383
2023-04-02 17:25:36,064 - Epoch:085, train_loss:1.4426, val_auc:0.9436, val_ap: 0.9390
2023-04-02 17:25:36,083 - Epoch:086, train_loss:1.4311, val_auc:0.9433, val_ap: 0.9388
2023-04-02 17:25:36,103 - Epoch:087, train_loss:1.4394, val_auc:0.9433, val_ap: 0.9389
2023-04-02 17:25:36,123 - Epoch:088, train_loss:1.4133, val_auc:0.9430, val_ap: 0.9387
2023-04-02 17:25:36,141 - Epoch:089, train_loss:1.4324, val_auc:0.9432, val_ap: 0.9389
2023-04-02 17:25:36,164 - Epoch:090, train_loss:1.3731, val_auc:0.9434, val_ap: 0.9389
2023-04-02 17:25:36,183 - Epoch:091, train_loss:1.4048, val_auc:0.9434, val_ap: 0.9387
2023-04-02 17:25:36,204 - Epoch:092, train_loss:1.4062, val_auc:0.9439, val_ap: 0.9388
2023-04-02 17:25:36,223 - Epoch:093, train_loss:1.3822, val_auc:0.9441, val_ap: 0.9388
2023-04-02 17:25:36,241 - Epoch:094, train_loss:1.3865, val_auc:0.9444, val_ap: 0.9393
2023-04-02 17:25:36,259 - Epoch:095, train_loss:1.3916, val_auc:0.9444, val_ap: 0.9391
2023-04-02 17:25:36,277 - Epoch:096, train_loss:1.3652, val_auc:0.9444, val_ap: 0.9393
2023-04-02 17:25:36,297 - Epoch:097, train_loss:1.3620, val_auc:0.9443, val_ap: 0.9390
2023-04-02 17:25:36,317 - Epoch:098, train_loss:1.3748, val_auc:0.9443, val_ap: 0.9389
2023-04-02 17:25:36,337 - Epoch:099, train_loss:1.3637, val_auc:0.9442, val_ap: 0.9386
2023-04-02 17:25:36,357 - Epoch:100, train_loss:1.3636, val_auc:0.9438, val_ap: 0.9381
2023-04-02 17:25:36,376 - Epoch:101, train_loss:1.3422, val_auc:0.9436, val_ap: 0.9384
2023-04-02 17:25:36,396 - Epoch:102, train_loss:1.3429, val_auc:0.9433, val_ap: 0.9380
2023-04-02 17:25:36,415 - Epoch:103, train_loss:1.3325, val_auc:0.9431, val_ap: 0.9378
2023-04-02 17:25:36,435 - Epoch:104, train_loss:1.3209, val_auc:0.9433, val_ap: 0.9379
2023-04-02 17:25:36,459 - Epoch:105, train_loss:1.3195, val_auc:0.9438, val_ap: 0.9382
2023-04-02 17:25:36,479 - Epoch:106, train_loss:1.3345, val_auc:0.9444, val_ap: 0.9386
2023-04-02 17:25:36,499 - Epoch:107, train_loss:1.3227, val_auc:0.9448, val_ap: 0.9391
2023-04-02 17:25:36,520 - Epoch:108, train_loss:1.3235, val_auc:0.9451, val_ap: 0.9393
2023-04-02 17:25:36,540 - Epoch:109, train_loss:1.3332, val_auc:0.9451, val_ap: 0.9396
2023-04-02 17:25:36,561 - Epoch:110, train_loss:1.3474, val_auc:0.9449, val_ap: 0.9395
2023-04-02 17:25:36,581 - Epoch:111, train_loss:1.3131, val_auc:0.9449, val_ap: 0.9394
2023-04-02 17:25:36,601 - Epoch:112, train_loss:1.3158, val_auc:0.9451, val_ap: 0.9395
2023-04-02 17:25:36,621 - Epoch:113, train_loss:1.3206, val_auc:0.9451, val_ap: 0.9391
2023-04-02 17:25:36,640 - Epoch:114, train_loss:1.2778, val_auc:0.9452, val_ap: 0.9391
2023-04-02 17:25:36,660 - Epoch:115, train_loss:1.2973, val_auc:0.9453, val_ap: 0.9392
2023-04-02 17:25:36,680 - Epoch:116, train_loss:1.2831, val_auc:0.9450, val_ap: 0.9389
2023-04-02 17:25:36,700 - Epoch:117, train_loss:1.2790, val_auc:0.9449, val_ap: 0.9387
2023-04-02 17:25:36,721 - Epoch:118, train_loss:1.2768, val_auc:0.9444, val_ap: 0.9382
2023-04-02 17:25:36,741 - Epoch:119, train_loss:1.3073, val_auc:0.9438, val_ap: 0.9376
2023-04-02 17:25:36,762 - Epoch:120, train_loss:1.2773, val_auc:0.9435, val_ap: 0.9372
2023-04-02 17:25:36,782 - Epoch:121, train_loss:1.2795, val_auc:0.9435, val_ap: 0.9373
2023-04-02 17:25:36,802 - Epoch:122, train_loss:1.2834, val_auc:0.9437, val_ap: 0.9377
2023-04-02 17:25:36,823 - Epoch:123, train_loss:1.2774, val_auc:0.9442, val_ap: 0.9382
2023-04-02 17:25:36,843 - Epoch:124, train_loss:1.2606, val_auc:0.9447, val_ap: 0.9388
2023-04-02 17:25:36,863 - Epoch:125, train_loss:1.2698, val_auc:0.9451, val_ap: 0.9390
2023-04-02 17:25:36,882 - Epoch:126, train_loss:1.2907, val_auc:0.9456, val_ap: 0.9394
2023-04-02 17:25:36,906 - Epoch:127, train_loss:1.2556, val_auc:0.9458, val_ap: 0.9397, text_auc:0.9305, text_ap: 0.9371
2023-04-02 17:25:36,928 - Epoch:128, train_loss:1.2678, val_auc:0.9460, val_ap: 0.9399, text_auc:0.9308, text_ap: 0.9374
2023-04-02 17:25:36,951 - Epoch:129, train_loss:1.2609, val_auc:0.9462, val_ap: 0.9400, text_auc:0.9313, text_ap: 0.9379
2023-04-02 17:25:36,974 - Epoch:130, train_loss:1.2506, val_auc:0.9463, val_ap: 0.9401, text_auc:0.9319, text_ap: 0.9384
2023-04-02 17:25:36,997 - Epoch:131, train_loss:1.2583, val_auc:0.9463, val_ap: 0.9403, text_auc:0.9319, text_ap: 0.9385
2023-04-02 17:25:37,016 - Epoch:132, train_loss:1.2524, val_auc:0.9461, val_ap: 0.9402
2023-04-02 17:25:37,034 - Epoch:133, train_loss:1.2664, val_auc:0.9459, val_ap: 0.9400
2023-04-02 17:25:37,052 - Epoch:134, train_loss:1.2640, val_auc:0.9457, val_ap: 0.9398
2023-04-02 17:25:37,072 - Epoch:135, train_loss:1.2450, val_auc:0.9453, val_ap: 0.9395
2023-04-02 17:25:37,091 - Epoch:136, train_loss:1.2494, val_auc:0.9448, val_ap: 0.9391
2023-04-02 17:25:37,111 - Epoch:137, train_loss:1.2427, val_auc:0.9447, val_ap: 0.9387
2023-04-02 17:25:37,131 - Epoch:138, train_loss:1.2432, val_auc:0.9443, val_ap: 0.9382
2023-04-02 17:25:37,152 - Epoch:139, train_loss:1.2473, val_auc:0.9442, val_ap: 0.9380
2023-04-02 17:25:37,171 - Epoch:140, train_loss:1.2349, val_auc:0.9445, val_ap: 0.9378
2023-04-02 17:25:37,191 - Epoch:141, train_loss:1.2445, val_auc:0.9449, val_ap: 0.9379
2023-04-02 17:25:37,210 - Epoch:142, train_loss:1.2340, val_auc:0.9453, val_ap: 0.9381
2023-04-02 17:25:37,231 - Epoch:143, train_loss:1.2503, val_auc:0.9458, val_ap: 0.9390
2023-04-02 17:25:37,249 - Epoch:144, train_loss:1.2572, val_auc:0.9460, val_ap: 0.9394
2023-04-02 17:25:37,272 - Epoch:145, train_loss:1.2155, val_auc:0.9462, val_ap: 0.9398
2023-04-02 17:25:37,290 - Epoch:146, train_loss:1.2339, val_auc:0.9460, val_ap: 0.9399
2023-04-02 17:25:37,311 - Epoch:147, train_loss:1.2284, val_auc:0.9459, val_ap: 0.9403
2023-04-02 17:25:37,330 - Epoch:148, train_loss:1.2283, val_auc:0.9458, val_ap: 0.9402
2023-04-02 17:25:37,352 - Epoch:149, train_loss:1.2084, val_auc:0.9455, val_ap: 0.9399
2023-04-02 17:25:37,370 - Epoch:150, train_loss:1.2242, val_auc:0.9451, val_ap: 0.9396
2023-04-02 17:25:37,393 - Epoch:151, train_loss:1.2274, val_auc:0.9447, val_ap: 0.9394
2023-04-02 17:25:37,414 - Epoch:152, train_loss:1.2237, val_auc:0.9444, val_ap: 0.9390
2023-04-02 17:25:37,433 - Epoch:153, train_loss:1.2029, val_auc:0.9444, val_ap: 0.9387
2023-04-02 17:25:37,452 - Epoch:154, train_loss:1.2153, val_auc:0.9447, val_ap: 0.9387
2023-04-02 17:25:37,472 - Epoch:155, train_loss:1.2210, val_auc:0.9449, val_ap: 0.9386
2023-04-02 17:25:37,492 - Epoch:156, train_loss:1.2153, val_auc:0.9455, val_ap: 0.9387
2023-04-02 17:25:37,511 - Epoch:157, train_loss:1.2157, val_auc:0.9460, val_ap: 0.9391
2023-04-02 17:25:37,534 - Epoch:158, train_loss:1.2256, val_auc:0.9462, val_ap: 0.9391
2023-04-02 17:25:37,553 - Epoch:159, train_loss:1.2205, val_auc:0.9465, val_ap: 0.9393
2023-04-02 17:25:37,573 - Epoch:160, train_loss:1.1893, val_auc:0.9466, val_ap: 0.9396
2023-04-02 17:25:37,593 - Epoch:161, train_loss:1.2227, val_auc:0.9466, val_ap: 0.9398
2023-04-02 17:25:37,612 - Epoch:162, train_loss:1.1959, val_auc:0.9463, val_ap: 0.9398
2023-04-02 17:25:37,632 - Epoch:163, train_loss:1.2051, val_auc:0.9459, val_ap: 0.9396
2023-04-02 17:25:37,650 - Epoch:164, train_loss:1.2119, val_auc:0.9455, val_ap: 0.9392
2023-04-02 17:25:37,673 - Epoch:165, train_loss:1.2150, val_auc:0.9451, val_ap: 0.9390
2023-04-02 17:25:37,694 - Epoch:166, train_loss:1.2021, val_auc:0.9448, val_ap: 0.9388
2023-04-02 17:25:37,714 - Epoch:167, train_loss:1.2078, val_auc:0.9446, val_ap: 0.9388
2023-04-02 17:25:37,735 - Epoch:168, train_loss:1.2171, val_auc:0.9444, val_ap: 0.9386
2023-04-02 17:25:37,755 - Epoch:169, train_loss:1.2127, val_auc:0.9447, val_ap: 0.9386
2023-04-02 17:25:37,773 - Epoch:170, train_loss:1.1990, val_auc:0.9449, val_ap: 0.9385
2023-04-02 17:25:37,793 - Epoch:171, train_loss:1.2068, val_auc:0.9453, val_ap: 0.9388
2023-04-02 17:25:37,815 - Epoch:172, train_loss:1.1795, val_auc:0.9460, val_ap: 0.9393
2023-04-02 17:25:37,835 - Epoch:173, train_loss:1.1968, val_auc:0.9464, val_ap: 0.9393
2023-04-02 17:25:37,856 - Epoch:174, train_loss:1.1922, val_auc:0.9468, val_ap: 0.9397
2023-04-02 17:25:37,881 - Epoch:175, train_loss:1.1928, val_auc:0.9469, val_ap: 0.9397, text_auc:0.9358, text_ap: 0.9411
2023-04-02 17:25:37,903 - Epoch:176, train_loss:1.1929, val_auc:0.9469, val_ap: 0.9398, text_auc:0.9357, text_ap: 0.9411
2023-04-02 17:25:37,927 - Epoch:177, train_loss:1.1795, val_auc:0.9469, val_ap: 0.9399, text_auc:0.9353, text_ap: 0.9409
2023-04-02 17:25:37,946 - Epoch:178, train_loss:1.1897, val_auc:0.9464, val_ap: 0.9398
2023-04-02 17:25:37,968 - Epoch:179, train_loss:1.1900, val_auc:0.9462, val_ap: 0.9400
2023-04-02 17:25:37,988 - Epoch:180, train_loss:1.1969, val_auc:0.9459, val_ap: 0.9396
2023-04-02 17:25:38,008 - Epoch:181, train_loss:1.1916, val_auc:0.9457, val_ap: 0.9391
2023-04-02 17:25:38,030 - Epoch:182, train_loss:1.1825, val_auc:0.9456, val_ap: 0.9391
2023-04-02 17:25:38,051 - Epoch:183, train_loss:1.1826, val_auc:0.9455, val_ap: 0.9389
2023-04-02 17:25:38,071 - Epoch:184, train_loss:1.1838, val_auc:0.9453, val_ap: 0.9384
2023-04-02 17:25:38,092 - Epoch:185, train_loss:1.1728, val_auc:0.9455, val_ap: 0.9385
2023-04-02 17:25:38,111 - Epoch:186, train_loss:1.1759, val_auc:0.9457, val_ap: 0.9382
2023-04-02 17:25:38,131 - Epoch:187, train_loss:1.1836, val_auc:0.9458, val_ap: 0.9383
2023-04-02 17:25:38,151 - Epoch:188, train_loss:1.1788, val_auc:0.9462, val_ap: 0.9391
2023-04-02 17:25:38,171 - Epoch:189, train_loss:1.1757, val_auc:0.9466, val_ap: 0.9395
2023-04-02 17:25:38,190 - Epoch:190, train_loss:1.1807, val_auc:0.9468, val_ap: 0.9396
2023-04-02 17:25:38,214 - Epoch:191, train_loss:1.1890, val_auc:0.9471, val_ap: 0.9401, text_auc:0.9364, text_ap: 0.9417
2023-04-02 17:25:38,236 - Epoch:192, train_loss:1.1800, val_auc:0.9473, val_ap: 0.9403, text_auc:0.9362, text_ap: 0.9415
2023-04-02 17:25:38,260 - Epoch:193, train_loss:1.1726, val_auc:0.9476, val_ap: 0.9406, text_auc:0.9361, text_ap: 0.9415
2023-04-02 17:25:38,280 - Epoch:194, train_loss:1.1779, val_auc:0.9473, val_ap: 0.9405
2023-04-02 17:25:38,299 - Epoch:195, train_loss:1.1645, val_auc:0.9469, val_ap: 0.9401
2023-04-02 17:25:38,319 - Epoch:196, train_loss:1.1803, val_auc:0.9469, val_ap: 0.9399
2023-04-02 17:25:38,338 - Epoch:197, train_loss:1.1735, val_auc:0.9466, val_ap: 0.9394
2023-04-02 17:25:38,359 - Epoch:198, train_loss:1.1577, val_auc:0.9465, val_ap: 0.9391
2023-04-02 17:25:38,379 - Epoch:199, train_loss:1.1737, val_auc:0.9462, val_ap: 0.9387
2023-04-02 17:25:38,379 - final results:
2023-04-02 17:25:38,379 - ====================================================================================
2023-04-02 17:25:38,379 - k=1
2023-04-02 17:25:38,380 - AUC:0.9377+-0.0068 [0.9259962049335863, 0.9397254157830115, 0.9395525854340022, 0.9468438657828315, 0.9361427866733396]
2023-04-02 17:25:38,380 - AP:0.9401+-0.0057 [0.9291305918125075, 0.9409428564612548, 0.9433560101605063, 0.94536659406732, 0.9414734986753526]
2023-04-02 17:25:38,380 - [0.9376521717213542]
2023-04-02 17:25:38,380 - [0.9400539102353882]
