2023-04-04 17:09:12,635 - args: Namespace(datapath='../dataset', dataset='Citeseer', log_dir='logs/', name='debug', model='GAE', k=5, x_dim=64, routit=3, dropout=0, gpu=-1, epoch=200, model_lr=0.01, val_frac=0.05, test_frac=0.1, trails=5, seed=-1, verbose=1, argv=['/home/dell/zxj/VGDAE_TNNLS_1/VGDAE/Updata/abl_update/DisenGCN/gae_citeseer.py'], device=device(type='cuda', index=1))
2023-04-04 17:09:16,448 - Epoch:000, train_loss:4.9386, val_auc:0.9127, val_ap: 0.9303, text_auc:0.9065, text_ap: 0.9229
2023-04-04 17:09:16,492 - Epoch:001, train_loss:3.8337, val_auc:0.9420, val_ap: 0.9497, text_auc:0.9402, text_ap: 0.9470
2023-04-04 17:09:16,543 - Epoch:002, train_loss:3.4154, val_auc:0.9564, val_ap: 0.9603, text_auc:0.9590, text_ap: 0.9607
2023-04-04 17:09:16,598 - Epoch:003, train_loss:2.3588, val_auc:0.9595, val_ap: 0.9624, text_auc:0.9626, text_ap: 0.9627
2023-04-04 17:09:16,623 - Epoch:004, train_loss:1.7586, val_auc:0.9584, val_ap: 0.9609
2023-04-04 17:09:16,663 - Epoch:005, train_loss:1.5540, val_auc:0.9577, val_ap: 0.9601
2023-04-04 17:09:16,696 - Epoch:006, train_loss:1.4454, val_auc:0.9573, val_ap: 0.9597
2023-04-04 17:09:16,721 - Epoch:007, train_loss:1.2716, val_auc:0.9575, val_ap: 0.9598
2023-04-04 17:09:16,748 - Epoch:008, train_loss:1.1825, val_auc:0.9574, val_ap: 0.9596
2023-04-04 17:09:16,781 - Epoch:009, train_loss:1.1423, val_auc:0.9578, val_ap: 0.9599
2023-04-04 17:09:16,814 - Epoch:010, train_loss:1.1249, val_auc:0.9583, val_ap: 0.9605
2023-04-04 17:09:16,855 - Epoch:011, train_loss:1.0973, val_auc:0.9586, val_ap: 0.9607
2023-04-04 17:09:16,897 - Epoch:012, train_loss:1.0689, val_auc:0.9590, val_ap: 0.9609
2023-04-04 17:09:16,938 - Epoch:013, train_loss:1.0189, val_auc:0.9588, val_ap: 0.9609
2023-04-04 17:09:16,972 - Epoch:014, train_loss:1.0041, val_auc:0.9585, val_ap: 0.9607
2023-04-04 17:09:17,017 - Epoch:015, train_loss:0.9716, val_auc:0.9586, val_ap: 0.9609
2023-04-04 17:09:17,054 - Epoch:016, train_loss:0.9682, val_auc:0.9583, val_ap: 0.9608
2023-04-04 17:09:17,084 - Epoch:017, train_loss:0.9634, val_auc:0.9581, val_ap: 0.9605
2023-04-04 17:09:17,120 - Epoch:018, train_loss:0.9646, val_auc:0.9581, val_ap: 0.9606
2023-04-04 17:09:17,153 - Epoch:019, train_loss:0.9378, val_auc:0.9581, val_ap: 0.9606
2023-04-04 17:09:17,176 - Epoch:020, train_loss:0.9333, val_auc:0.9581, val_ap: 0.9607
2023-04-04 17:09:17,215 - Epoch:021, train_loss:0.9177, val_auc:0.9584, val_ap: 0.9609
2023-04-04 17:09:17,244 - Epoch:022, train_loss:0.8964, val_auc:0.9585, val_ap: 0.9610
2023-04-04 17:09:17,277 - Epoch:023, train_loss:0.9145, val_auc:0.9591, val_ap: 0.9614
2023-04-04 17:09:17,306 - Epoch:024, train_loss:0.8706, val_auc:0.9594, val_ap: 0.9616
2023-04-04 17:09:17,352 - Epoch:025, train_loss:0.8780, val_auc:0.9599, val_ap: 0.9620, text_auc:0.9713, text_ap: 0.9701
2023-04-04 17:09:17,413 - Epoch:026, train_loss:0.8714, val_auc:0.9600, val_ap: 0.9621, text_auc:0.9715, text_ap: 0.9701
2023-04-04 17:09:17,462 - Epoch:027, train_loss:0.8839, val_auc:0.9603, val_ap: 0.9624, text_auc:0.9715, text_ap: 0.9702
2023-04-04 17:09:17,504 - Epoch:028, train_loss:0.8518, val_auc:0.9603, val_ap: 0.9624
2023-04-04 17:09:17,558 - Epoch:029, train_loss:0.8606, val_auc:0.9605, val_ap: 0.9626, text_auc:0.9717, text_ap: 0.9705
2023-04-04 17:09:17,588 - Epoch:030, train_loss:0.8474, val_auc:0.9604, val_ap: 0.9625
2023-04-04 17:09:17,638 - Epoch:031, train_loss:0.8414, val_auc:0.9604, val_ap: 0.9626
2023-04-04 17:09:17,672 - Epoch:032, train_loss:0.8481, val_auc:0.9602, val_ap: 0.9624
2023-04-04 17:09:17,708 - Epoch:033, train_loss:0.8175, val_auc:0.9603, val_ap: 0.9624
2023-04-04 17:09:17,743 - Epoch:034, train_loss:0.8247, val_auc:0.9602, val_ap: 0.9625
2023-04-04 17:09:17,769 - Epoch:035, train_loss:0.8388, val_auc:0.9602, val_ap: 0.9625
2023-04-04 17:09:17,803 - Epoch:036, train_loss:0.8316, val_auc:0.9603, val_ap: 0.9626
2023-04-04 17:09:17,846 - Epoch:037, train_loss:0.8101, val_auc:0.9603, val_ap: 0.9627
2023-04-04 17:09:17,909 - Epoch:038, train_loss:0.8080, val_auc:0.9604, val_ap: 0.9628, text_auc:0.9732, text_ap: 0.9719
2023-04-04 17:09:17,973 - Epoch:039, train_loss:0.8041, val_auc:0.9606, val_ap: 0.9630, text_auc:0.9732, text_ap: 0.9719
2023-04-04 17:09:18,026 - Epoch:040, train_loss:0.7982, val_auc:0.9608, val_ap: 0.9632, text_auc:0.9732, text_ap: 0.9720
2023-04-04 17:09:18,094 - Epoch:041, train_loss:0.7901, val_auc:0.9609, val_ap: 0.9634, text_auc:0.9732, text_ap: 0.9721
2023-04-04 17:09:18,156 - Epoch:042, train_loss:0.7931, val_auc:0.9611, val_ap: 0.9637, text_auc:0.9731, text_ap: 0.9721
2023-04-04 17:09:18,231 - Epoch:043, train_loss:0.7900, val_auc:0.9612, val_ap: 0.9637, text_auc:0.9731, text_ap: 0.9722
2023-04-04 17:09:18,286 - Epoch:044, train_loss:0.8082, val_auc:0.9611, val_ap: 0.9637, text_auc:0.9730, text_ap: 0.9722
2023-04-04 17:09:18,356 - Epoch:045, train_loss:0.7917, val_auc:0.9611, val_ap: 0.9638, text_auc:0.9731, text_ap: 0.9723
2023-04-04 17:09:18,426 - Epoch:046, train_loss:0.7897, val_auc:0.9613, val_ap: 0.9640, text_auc:0.9731, text_ap: 0.9724
2023-04-04 17:09:18,457 - Epoch:047, train_loss:0.7924, val_auc:0.9610, val_ap: 0.9639
2023-04-04 17:09:18,484 - Epoch:048, train_loss:0.7881, val_auc:0.9609, val_ap: 0.9639
2023-04-04 17:09:18,505 - Epoch:049, train_loss:0.7693, val_auc:0.9608, val_ap: 0.9640
2023-04-04 17:09:18,549 - Epoch:050, train_loss:0.7704, val_auc:0.9607, val_ap: 0.9641
2023-04-04 17:09:18,590 - Epoch:051, train_loss:0.7762, val_auc:0.9603, val_ap: 0.9639
2023-04-04 17:09:18,620 - Epoch:052, train_loss:0.7851, val_auc:0.9602, val_ap: 0.9640
2023-04-04 17:09:18,645 - Epoch:053, train_loss:0.7720, val_auc:0.9599, val_ap: 0.9639
2023-04-04 17:09:18,690 - Epoch:054, train_loss:0.7680, val_auc:0.9597, val_ap: 0.9638
2023-04-04 17:09:18,728 - Epoch:055, train_loss:0.7619, val_auc:0.9598, val_ap: 0.9639
2023-04-04 17:09:18,752 - Epoch:056, train_loss:0.7640, val_auc:0.9600, val_ap: 0.9641
2023-04-04 17:09:18,786 - Epoch:057, train_loss:0.7648, val_auc:0.9599, val_ap: 0.9641
2023-04-04 17:09:18,828 - Epoch:058, train_loss:0.7750, val_auc:0.9601, val_ap: 0.9643
2023-04-04 17:09:18,856 - Epoch:059, train_loss:0.7852, val_auc:0.9602, val_ap: 0.9645
2023-04-04 17:09:18,886 - Epoch:060, train_loss:0.7632, val_auc:0.9601, val_ap: 0.9645
2023-04-04 17:09:18,913 - Epoch:061, train_loss:0.7650, val_auc:0.9599, val_ap: 0.9645
2023-04-04 17:09:18,948 - Epoch:062, train_loss:0.7614, val_auc:0.9596, val_ap: 0.9644
2023-04-04 17:09:18,981 - Epoch:063, train_loss:0.7637, val_auc:0.9594, val_ap: 0.9643
2023-04-04 17:09:19,016 - Epoch:064, train_loss:0.7573, val_auc:0.9592, val_ap: 0.9643
2023-04-04 17:09:19,046 - Epoch:065, train_loss:0.7631, val_auc:0.9589, val_ap: 0.9642
2023-04-04 17:09:19,090 - Epoch:066, train_loss:0.7524, val_auc:0.9588, val_ap: 0.9640
2023-04-04 17:09:19,125 - Epoch:067, train_loss:0.7607, val_auc:0.9588, val_ap: 0.9642
2023-04-04 17:09:19,162 - Epoch:068, train_loss:0.7618, val_auc:0.9587, val_ap: 0.9640
2023-04-04 17:09:19,202 - Epoch:069, train_loss:0.7544, val_auc:0.9587, val_ap: 0.9640
2023-04-04 17:09:19,233 - Epoch:070, train_loss:0.7577, val_auc:0.9588, val_ap: 0.9641
2023-04-04 17:09:19,276 - Epoch:071, train_loss:0.7540, val_auc:0.9588, val_ap: 0.9642
2023-04-04 17:09:19,317 - Epoch:072, train_loss:0.7567, val_auc:0.9587, val_ap: 0.9642
2023-04-04 17:09:19,353 - Epoch:073, train_loss:0.7474, val_auc:0.9587, val_ap: 0.9644
2023-04-04 17:09:19,383 - Epoch:074, train_loss:0.7492, val_auc:0.9587, val_ap: 0.9645
2023-04-04 17:09:19,413 - Epoch:075, train_loss:0.7408, val_auc:0.9586, val_ap: 0.9645
2023-04-04 17:09:19,456 - Epoch:076, train_loss:0.7544, val_auc:0.9585, val_ap: 0.9645
2023-04-04 17:09:19,496 - Epoch:077, train_loss:0.7544, val_auc:0.9584, val_ap: 0.9644
2023-04-04 17:09:19,549 - Epoch:078, train_loss:0.7586, val_auc:0.9582, val_ap: 0.9642
2023-04-04 17:09:19,622 - Epoch:079, train_loss:0.7499, val_auc:0.9584, val_ap: 0.9643
2023-04-04 17:09:19,654 - Epoch:080, train_loss:0.7510, val_auc:0.9584, val_ap: 0.9644
2023-04-04 17:09:19,692 - Epoch:081, train_loss:0.7548, val_auc:0.9585, val_ap: 0.9646
2023-04-04 17:09:19,715 - Epoch:082, train_loss:0.7475, val_auc:0.9585, val_ap: 0.9646
2023-04-04 17:09:19,756 - Epoch:083, train_loss:0.7488, val_auc:0.9585, val_ap: 0.9647
2023-04-04 17:09:19,806 - Epoch:084, train_loss:0.7501, val_auc:0.9582, val_ap: 0.9645
2023-04-04 17:09:19,849 - Epoch:085, train_loss:0.7551, val_auc:0.9581, val_ap: 0.9644
2023-04-04 17:09:19,877 - Epoch:086, train_loss:0.7545, val_auc:0.9579, val_ap: 0.9643
2023-04-04 17:09:19,922 - Epoch:087, train_loss:0.7479, val_auc:0.9579, val_ap: 0.9644
2023-04-04 17:09:19,972 - Epoch:088, train_loss:0.7422, val_auc:0.9582, val_ap: 0.9645
2023-04-04 17:09:20,018 - Epoch:089, train_loss:0.7559, val_auc:0.9581, val_ap: 0.9645
2023-04-04 17:09:20,037 - Epoch:090, train_loss:0.7529, val_auc:0.9582, val_ap: 0.9645
2023-04-04 17:09:20,078 - Epoch:091, train_loss:0.7582, val_auc:0.9582, val_ap: 0.9644
2023-04-04 17:09:20,105 - Epoch:092, train_loss:0.7413, val_auc:0.9581, val_ap: 0.9644
2023-04-04 17:09:20,130 - Epoch:093, train_loss:0.7417, val_auc:0.9581, val_ap: 0.9644
2023-04-04 17:09:20,161 - Epoch:094, train_loss:0.7461, val_auc:0.9579, val_ap: 0.9643
2023-04-04 17:09:20,209 - Epoch:095, train_loss:0.7380, val_auc:0.9580, val_ap: 0.9642
2023-04-04 17:09:20,237 - Epoch:096, train_loss:0.7351, val_auc:0.9580, val_ap: 0.9642
2023-04-04 17:09:20,270 - Epoch:097, train_loss:0.7482, val_auc:0.9581, val_ap: 0.9643
2023-04-04 17:09:20,311 - Epoch:098, train_loss:0.7487, val_auc:0.9582, val_ap: 0.9644
2023-04-04 17:09:20,345 - Epoch:099, train_loss:0.7434, val_auc:0.9580, val_ap: 0.9643
2023-04-04 17:09:20,378 - Epoch:100, train_loss:0.7467, val_auc:0.9579, val_ap: 0.9642
2023-04-04 17:09:20,412 - Epoch:101, train_loss:0.7398, val_auc:0.9578, val_ap: 0.9641
2023-04-04 17:09:20,466 - Epoch:102, train_loss:0.7506, val_auc:0.9578, val_ap: 0.9640
2023-04-04 17:09:20,503 - Epoch:103, train_loss:0.7326, val_auc:0.9578, val_ap: 0.9639
2023-04-04 17:09:20,526 - Epoch:104, train_loss:0.7416, val_auc:0.9579, val_ap: 0.9640
2023-04-04 17:09:20,561 - Epoch:105, train_loss:0.7469, val_auc:0.9579, val_ap: 0.9640
2023-04-04 17:09:20,605 - Epoch:106, train_loss:0.7441, val_auc:0.9577, val_ap: 0.9639
2023-04-04 17:09:20,632 - Epoch:107, train_loss:0.7443, val_auc:0.9577, val_ap: 0.9639
2023-04-04 17:09:20,662 - Epoch:108, train_loss:0.7406, val_auc:0.9580, val_ap: 0.9641
2023-04-04 17:09:20,707 - Epoch:109, train_loss:0.7418, val_auc:0.9580, val_ap: 0.9641
2023-04-04 17:09:20,751 - Epoch:110, train_loss:0.7444, val_auc:0.9581, val_ap: 0.9641
2023-04-04 17:09:20,782 - Epoch:111, train_loss:0.7518, val_auc:0.9578, val_ap: 0.9639
2023-04-04 17:09:20,809 - Epoch:112, train_loss:0.7417, val_auc:0.9577, val_ap: 0.9638
2023-04-04 17:09:20,836 - Epoch:113, train_loss:0.7461, val_auc:0.9578, val_ap: 0.9637
2023-04-04 17:09:20,879 - Epoch:114, train_loss:0.7336, val_auc:0.9579, val_ap: 0.9637
2023-04-04 17:09:20,903 - Epoch:115, train_loss:0.7370, val_auc:0.9576, val_ap: 0.9635
2023-04-04 17:09:20,928 - Epoch:116, train_loss:0.7552, val_auc:0.9575, val_ap: 0.9634
2023-04-04 17:09:20,962 - Epoch:117, train_loss:0.7396, val_auc:0.9574, val_ap: 0.9634
2023-04-04 17:09:20,994 - Epoch:118, train_loss:0.7446, val_auc:0.9572, val_ap: 0.9632
2023-04-04 17:09:21,033 - Epoch:119, train_loss:0.7443, val_auc:0.9573, val_ap: 0.9633
2023-04-04 17:09:21,063 - Epoch:120, train_loss:0.7431, val_auc:0.9576, val_ap: 0.9635
2023-04-04 17:09:21,104 - Epoch:121, train_loss:0.7352, val_auc:0.9578, val_ap: 0.9638
2023-04-04 17:09:21,148 - Epoch:122, train_loss:0.7365, val_auc:0.9579, val_ap: 0.9638
2023-04-04 17:09:21,173 - Epoch:123, train_loss:0.7460, val_auc:0.9580, val_ap: 0.9639
2023-04-04 17:09:21,197 - Epoch:124, train_loss:0.7349, val_auc:0.9579, val_ap: 0.9638
2023-04-04 17:09:21,219 - Epoch:125, train_loss:0.7523, val_auc:0.9577, val_ap: 0.9636
2023-04-04 17:09:21,257 - Epoch:126, train_loss:0.7396, val_auc:0.9575, val_ap: 0.9635
2023-04-04 17:09:21,296 - Epoch:127, train_loss:0.7443, val_auc:0.9577, val_ap: 0.9637
2023-04-04 17:09:21,321 - Epoch:128, train_loss:0.7512, val_auc:0.9579, val_ap: 0.9638
2023-04-04 17:09:21,343 - Epoch:129, train_loss:0.7357, val_auc:0.9584, val_ap: 0.9642
2023-04-04 17:09:21,387 - Epoch:130, train_loss:0.7449, val_auc:0.9585, val_ap: 0.9643
2023-04-04 17:09:21,425 - Epoch:131, train_loss:0.7399, val_auc:0.9585, val_ap: 0.9642
2023-04-04 17:09:21,456 - Epoch:132, train_loss:0.7492, val_auc:0.9585, val_ap: 0.9642
2023-04-04 17:09:21,495 - Epoch:133, train_loss:0.7367, val_auc:0.9587, val_ap: 0.9642
2023-04-04 17:09:21,551 - Epoch:134, train_loss:0.7351, val_auc:0.9585, val_ap: 0.9641
2023-04-04 17:09:21,588 - Epoch:135, train_loss:0.7388, val_auc:0.9581, val_ap: 0.9639
2023-04-04 17:09:21,614 - Epoch:136, train_loss:0.7371, val_auc:0.9581, val_ap: 0.9640
2023-04-04 17:09:21,635 - Epoch:137, train_loss:0.7516, val_auc:0.9581, val_ap: 0.9640
2023-04-04 17:09:21,667 - Epoch:138, train_loss:0.7325, val_auc:0.9582, val_ap: 0.9641
2023-04-04 17:09:21,704 - Epoch:139, train_loss:0.7429, val_auc:0.9584, val_ap: 0.9643
2023-04-04 17:09:21,761 - Epoch:140, train_loss:0.7344, val_auc:0.9582, val_ap: 0.9640
2023-04-04 17:09:21,811 - Epoch:141, train_loss:0.7393, val_auc:0.9581, val_ap: 0.9639
2023-04-04 17:09:21,858 - Epoch:142, train_loss:0.7352, val_auc:0.9582, val_ap: 0.9640
2023-04-04 17:09:21,905 - Epoch:143, train_loss:0.7355, val_auc:0.9582, val_ap: 0.9641
2023-04-04 17:09:21,944 - Epoch:144, train_loss:0.7410, val_auc:0.9583, val_ap: 0.9643
2023-04-04 17:09:21,977 - Epoch:145, train_loss:0.7440, val_auc:0.9582, val_ap: 0.9643
2023-04-04 17:09:22,011 - Epoch:146, train_loss:0.7372, val_auc:0.9583, val_ap: 0.9643
2023-04-04 17:09:22,045 - Epoch:147, train_loss:0.7423, val_auc:0.9582, val_ap: 0.9642
2023-04-04 17:09:22,064 - Epoch:148, train_loss:0.7345, val_auc:0.9581, val_ap: 0.9641
2023-04-04 17:09:22,107 - Epoch:149, train_loss:0.7402, val_auc:0.9581, val_ap: 0.9641
2023-04-04 17:09:22,142 - Epoch:150, train_loss:0.7426, val_auc:0.9581, val_ap: 0.9641
2023-04-04 17:09:22,168 - Epoch:151, train_loss:0.7415, val_auc:0.9583, val_ap: 0.9643
2023-04-04 17:09:22,202 - Epoch:152, train_loss:0.7433, val_auc:0.9584, val_ap: 0.9643
2023-04-04 17:09:22,225 - Epoch:153, train_loss:0.7415, val_auc:0.9581, val_ap: 0.9641
2023-04-04 17:09:22,258 - Epoch:154, train_loss:0.7437, val_auc:0.9583, val_ap: 0.9642
2023-04-04 17:09:22,300 - Epoch:155, train_loss:0.7382, val_auc:0.9584, val_ap: 0.9643
2023-04-04 17:09:22,333 - Epoch:156, train_loss:0.7258, val_auc:0.9585, val_ap: 0.9642
2023-04-04 17:09:22,358 - Epoch:157, train_loss:0.7331, val_auc:0.9589, val_ap: 0.9645
2023-04-04 17:09:22,392 - Epoch:158, train_loss:0.7449, val_auc:0.9589, val_ap: 0.9645
2023-04-04 17:09:22,428 - Epoch:159, train_loss:0.7356, val_auc:0.9590, val_ap: 0.9645
2023-04-04 17:09:22,469 - Epoch:160, train_loss:0.7347, val_auc:0.9590, val_ap: 0.9646
2023-04-04 17:09:22,494 - Epoch:161, train_loss:0.7332, val_auc:0.9592, val_ap: 0.9648
2023-04-04 17:09:22,533 - Epoch:162, train_loss:0.7327, val_auc:0.9593, val_ap: 0.9649
2023-04-04 17:09:22,566 - Epoch:163, train_loss:0.7418, val_auc:0.9594, val_ap: 0.9649
2023-04-04 17:09:22,603 - Epoch:164, train_loss:0.7328, val_auc:0.9595, val_ap: 0.9650
2023-04-04 17:09:22,643 - Epoch:165, train_loss:0.7490, val_auc:0.9595, val_ap: 0.9651
2023-04-04 17:09:22,685 - Epoch:166, train_loss:0.7395, val_auc:0.9595, val_ap: 0.9652
2023-04-04 17:09:22,723 - Epoch:167, train_loss:0.7334, val_auc:0.9595, val_ap: 0.9651
2023-04-04 17:09:22,754 - Epoch:168, train_loss:0.7333, val_auc:0.9595, val_ap: 0.9652
2023-04-04 17:09:22,802 - Epoch:169, train_loss:0.7347, val_auc:0.9595, val_ap: 0.9653
2023-04-04 17:09:22,833 - Epoch:170, train_loss:0.7333, val_auc:0.9597, val_ap: 0.9655
2023-04-04 17:09:22,898 - Epoch:171, train_loss:0.7406, val_auc:0.9602, val_ap: 0.9658, text_auc:0.9557, text_ap: 0.9622
2023-04-04 17:09:22,971 - Epoch:172, train_loss:0.7333, val_auc:0.9608, val_ap: 0.9662, text_auc:0.9557, text_ap: 0.9623
2023-04-04 17:09:23,009 - Epoch:173, train_loss:0.7352, val_auc:0.9607, val_ap: 0.9662
2023-04-04 17:09:23,035 - Epoch:174, train_loss:0.7361, val_auc:0.9602, val_ap: 0.9660
2023-04-04 17:09:23,064 - Epoch:175, train_loss:0.7408, val_auc:0.9598, val_ap: 0.9658
2023-04-04 17:09:23,104 - Epoch:176, train_loss:0.7324, val_auc:0.9595, val_ap: 0.9656
2023-04-04 17:09:23,130 - Epoch:177, train_loss:0.7331, val_auc:0.9596, val_ap: 0.9657
2023-04-04 17:09:23,164 - Epoch:178, train_loss:0.7326, val_auc:0.9597, val_ap: 0.9658
2023-04-04 17:09:23,205 - Epoch:179, train_loss:0.7306, val_auc:0.9600, val_ap: 0.9659
2023-04-04 17:09:23,242 - Epoch:180, train_loss:0.7389, val_auc:0.9599, val_ap: 0.9658
2023-04-04 17:09:23,275 - Epoch:181, train_loss:0.7470, val_auc:0.9597, val_ap: 0.9658
2023-04-04 17:09:23,300 - Epoch:182, train_loss:0.7424, val_auc:0.9591, val_ap: 0.9657
2023-04-04 17:09:23,328 - Epoch:183, train_loss:0.7343, val_auc:0.9587, val_ap: 0.9653
2023-04-04 17:09:23,359 - Epoch:184, train_loss:0.7330, val_auc:0.9584, val_ap: 0.9651
2023-04-04 17:09:23,386 - Epoch:185, train_loss:0.7327, val_auc:0.9580, val_ap: 0.9648
2023-04-04 17:09:23,433 - Epoch:186, train_loss:0.7333, val_auc:0.9579, val_ap: 0.9648
2023-04-04 17:09:23,465 - Epoch:187, train_loss:0.7464, val_auc:0.9578, val_ap: 0.9647
2023-04-04 17:09:23,489 - Epoch:188, train_loss:0.7343, val_auc:0.9576, val_ap: 0.9646
2023-04-04 17:09:23,511 - Epoch:189, train_loss:0.7360, val_auc:0.9572, val_ap: 0.9645
2023-04-04 17:09:23,577 - Epoch:190, train_loss:0.7400, val_auc:0.9567, val_ap: 0.9642
2023-04-04 17:09:23,628 - Epoch:191, train_loss:0.7338, val_auc:0.9560, val_ap: 0.9638
2023-04-04 17:09:23,667 - Epoch:192, train_loss:0.7441, val_auc:0.9563, val_ap: 0.9639
2023-04-04 17:09:23,690 - Epoch:193, train_loss:0.7271, val_auc:0.9563, val_ap: 0.9638
2023-04-04 17:09:23,727 - Epoch:194, train_loss:0.7300, val_auc:0.9564, val_ap: 0.9638
2023-04-04 17:09:23,781 - Epoch:195, train_loss:0.7325, val_auc:0.9561, val_ap: 0.9637
2023-04-04 17:09:23,821 - Epoch:196, train_loss:0.7340, val_auc:0.9556, val_ap: 0.9634
2023-04-04 17:09:23,874 - Epoch:197, train_loss:0.7396, val_auc:0.9553, val_ap: 0.9633
2023-04-04 17:09:23,919 - Epoch:198, train_loss:0.7409, val_auc:0.9547, val_ap: 0.9630
2023-04-04 17:09:23,954 - Epoch:199, train_loss:0.7322, val_auc:0.9544, val_ap: 0.9627
2023-04-04 17:09:23,954 - final results:
2023-04-04 17:09:23,954 - ====================================================================================
2023-04-04 17:09:23,955 - AUC:0.9557+-0.0000 [0.9556671899529043]
2023-04-04 17:09:23,955 - AP:0.9623+-0.0000 [0.9622587847617551]
2023-04-04 17:09:24,133 - Epoch:000, train_loss:4.9337, val_auc:0.9168, val_ap: 0.9305, text_auc:0.9077, text_ap: 0.9278
2023-04-04 17:09:24,195 - Epoch:001, train_loss:3.8985, val_auc:0.9576, val_ap: 0.9600, text_auc:0.9420, text_ap: 0.9527
2023-04-04 17:09:24,251 - Epoch:002, train_loss:3.0402, val_auc:0.9687, val_ap: 0.9677, text_auc:0.9551, text_ap: 0.9610
2023-04-04 17:09:24,330 - Epoch:003, train_loss:2.3079, val_auc:0.9705, val_ap: 0.9679, text_auc:0.9604, text_ap: 0.9639
2023-04-04 17:09:24,396 - Epoch:004, train_loss:1.7066, val_auc:0.9715, val_ap: 0.9683, text_auc:0.9600, text_ap: 0.9633
2023-04-04 17:09:24,460 - Epoch:005, train_loss:1.5628, val_auc:0.9726, val_ap: 0.9694, text_auc:0.9592, text_ap: 0.9628
2023-04-04 17:09:24,517 - Epoch:006, train_loss:1.5463, val_auc:0.9726, val_ap: 0.9692
2023-04-04 17:09:24,552 - Epoch:007, train_loss:1.2019, val_auc:0.9722, val_ap: 0.9685
2023-04-04 17:09:24,584 - Epoch:008, train_loss:1.0573, val_auc:0.9723, val_ap: 0.9684
2023-04-04 17:09:24,643 - Epoch:009, train_loss:1.0789, val_auc:0.9729, val_ap: 0.9689
2023-04-04 17:09:24,678 - Epoch:010, train_loss:1.1231, val_auc:0.9730, val_ap: 0.9689
2023-04-04 17:09:24,723 - Epoch:011, train_loss:1.0883, val_auc:0.9731, val_ap: 0.9688
2023-04-04 17:09:24,764 - Epoch:012, train_loss:1.0169, val_auc:0.9729, val_ap: 0.9686
2023-04-04 17:09:24,813 - Epoch:013, train_loss:0.9976, val_auc:0.9727, val_ap: 0.9681
2023-04-04 17:09:24,856 - Epoch:014, train_loss:0.9955, val_auc:0.9727, val_ap: 0.9683
2023-04-04 17:09:24,905 - Epoch:015, train_loss:1.0159, val_auc:0.9726, val_ap: 0.9681
2023-04-04 17:09:24,959 - Epoch:016, train_loss:0.9642, val_auc:0.9726, val_ap: 0.9682
2023-04-04 17:09:24,999 - Epoch:017, train_loss:0.9315, val_auc:0.9730, val_ap: 0.9685
2023-04-04 17:09:25,073 - Epoch:018, train_loss:0.9183, val_auc:0.9733, val_ap: 0.9688, text_auc:0.9654, text_ap: 0.9679
2023-04-04 17:09:25,139 - Epoch:019, train_loss:0.8995, val_auc:0.9737, val_ap: 0.9690, text_auc:0.9660, text_ap: 0.9684
2023-04-04 17:09:25,209 - Epoch:020, train_loss:0.9105, val_auc:0.9741, val_ap: 0.9693, text_auc:0.9663, text_ap: 0.9687
2023-04-04 17:09:25,247 - Epoch:021, train_loss:0.9110, val_auc:0.9743, val_ap: 0.9694, text_auc:0.9665, text_ap: 0.9691
2023-04-04 17:09:25,280 - Epoch:022, train_loss:0.9171, val_auc:0.9742, val_ap: 0.9694
2023-04-04 17:09:25,323 - Epoch:023, train_loss:0.8853, val_auc:0.9742, val_ap: 0.9693
2023-04-04 17:09:25,380 - Epoch:024, train_loss:0.8761, val_auc:0.9743, val_ap: 0.9692
2023-04-04 17:09:25,412 - Epoch:025, train_loss:0.8733, val_auc:0.9741, val_ap: 0.9689
2023-04-04 17:09:25,453 - Epoch:026, train_loss:0.8437, val_auc:0.9737, val_ap: 0.9686
2023-04-04 17:09:25,486 - Epoch:027, train_loss:0.8388, val_auc:0.9735, val_ap: 0.9684
2023-04-04 17:09:25,534 - Epoch:028, train_loss:0.8627, val_auc:0.9732, val_ap: 0.9682
2023-04-04 17:09:25,586 - Epoch:029, train_loss:0.8407, val_auc:0.9731, val_ap: 0.9680
2023-04-04 17:09:25,622 - Epoch:030, train_loss:0.8269, val_auc:0.9730, val_ap: 0.9680
2023-04-04 17:09:25,675 - Epoch:031, train_loss:0.8228, val_auc:0.9731, val_ap: 0.9681
2023-04-04 17:09:25,716 - Epoch:032, train_loss:0.8463, val_auc:0.9732, val_ap: 0.9683
2023-04-04 17:09:25,772 - Epoch:033, train_loss:0.8155, val_auc:0.9732, val_ap: 0.9685
2023-04-04 17:09:25,800 - Epoch:034, train_loss:0.8054, val_auc:0.9733, val_ap: 0.9685
2023-04-04 17:09:25,866 - Epoch:035, train_loss:0.8263, val_auc:0.9733, val_ap: 0.9686
2023-04-04 17:09:25,918 - Epoch:036, train_loss:0.8080, val_auc:0.9733, val_ap: 0.9685
2023-04-04 17:09:25,954 - Epoch:037, train_loss:0.8175, val_auc:0.9731, val_ap: 0.9683
2023-04-04 17:09:26,011 - Epoch:038, train_loss:0.7921, val_auc:0.9729, val_ap: 0.9681
2023-04-04 17:09:26,064 - Epoch:039, train_loss:0.8014, val_auc:0.9728, val_ap: 0.9681
2023-04-04 17:09:26,093 - Epoch:040, train_loss:0.7872, val_auc:0.9725, val_ap: 0.9680
2023-04-04 17:09:26,115 - Epoch:041, train_loss:0.7808, val_auc:0.9722, val_ap: 0.9678
2023-04-04 17:09:26,154 - Epoch:042, train_loss:0.7883, val_auc:0.9720, val_ap: 0.9678
2023-04-04 17:09:26,189 - Epoch:043, train_loss:0.7755, val_auc:0.9721, val_ap: 0.9679
2023-04-04 17:09:26,228 - Epoch:044, train_loss:0.7839, val_auc:0.9720, val_ap: 0.9679
2023-04-04 17:09:26,268 - Epoch:045, train_loss:0.7988, val_auc:0.9719, val_ap: 0.9678
2023-04-04 17:09:26,295 - Epoch:046, train_loss:0.7891, val_auc:0.9716, val_ap: 0.9677
2023-04-04 17:09:26,348 - Epoch:047, train_loss:0.7788, val_auc:0.9716, val_ap: 0.9677
2023-04-04 17:09:26,386 - Epoch:048, train_loss:0.7771, val_auc:0.9715, val_ap: 0.9677
2023-04-04 17:09:26,441 - Epoch:049, train_loss:0.7787, val_auc:0.9715, val_ap: 0.9677
2023-04-04 17:09:26,474 - Epoch:050, train_loss:0.7766, val_auc:0.9714, val_ap: 0.9677
2023-04-04 17:09:26,501 - Epoch:051, train_loss:0.7725, val_auc:0.9713, val_ap: 0.9676
2023-04-04 17:09:26,548 - Epoch:052, train_loss:0.7699, val_auc:0.9712, val_ap: 0.9677
2023-04-04 17:09:26,597 - Epoch:053, train_loss:0.7766, val_auc:0.9711, val_ap: 0.9680
2023-04-04 17:09:26,644 - Epoch:054, train_loss:0.7640, val_auc:0.9711, val_ap: 0.9681
2023-04-04 17:09:26,699 - Epoch:055, train_loss:0.7747, val_auc:0.9710, val_ap: 0.9681
2023-04-04 17:09:26,748 - Epoch:056, train_loss:0.7665, val_auc:0.9709, val_ap: 0.9681
2023-04-04 17:09:26,790 - Epoch:057, train_loss:0.7600, val_auc:0.9706, val_ap: 0.9679
2023-04-04 17:09:26,823 - Epoch:058, train_loss:0.7634, val_auc:0.9701, val_ap: 0.9676
2023-04-04 17:09:26,871 - Epoch:059, train_loss:0.7612, val_auc:0.9699, val_ap: 0.9673
2023-04-04 17:09:26,918 - Epoch:060, train_loss:0.7640, val_auc:0.9698, val_ap: 0.9672
2023-04-04 17:09:26,953 - Epoch:061, train_loss:0.7602, val_auc:0.9697, val_ap: 0.9673
2023-04-04 17:09:27,005 - Epoch:062, train_loss:0.7560, val_auc:0.9697, val_ap: 0.9674
2023-04-04 17:09:27,053 - Epoch:063, train_loss:0.7568, val_auc:0.9696, val_ap: 0.9675
2023-04-04 17:09:27,083 - Epoch:064, train_loss:0.7600, val_auc:0.9697, val_ap: 0.9677
2023-04-04 17:09:27,112 - Epoch:065, train_loss:0.7656, val_auc:0.9698, val_ap: 0.9681
2023-04-04 17:09:27,152 - Epoch:066, train_loss:0.7653, val_auc:0.9696, val_ap: 0.9681
2023-04-04 17:09:27,193 - Epoch:067, train_loss:0.7518, val_auc:0.9694, val_ap: 0.9679
2023-04-04 17:09:27,226 - Epoch:068, train_loss:0.7584, val_auc:0.9691, val_ap: 0.9678
2023-04-04 17:09:27,272 - Epoch:069, train_loss:0.7514, val_auc:0.9689, val_ap: 0.9676
2023-04-04 17:09:27,324 - Epoch:070, train_loss:0.7542, val_auc:0.9689, val_ap: 0.9677
2023-04-04 17:09:27,356 - Epoch:071, train_loss:0.7428, val_auc:0.9688, val_ap: 0.9677
2023-04-04 17:09:27,395 - Epoch:072, train_loss:0.7479, val_auc:0.9688, val_ap: 0.9677
2023-04-04 17:09:27,447 - Epoch:073, train_loss:0.7585, val_auc:0.9690, val_ap: 0.9679
2023-04-04 17:09:27,475 - Epoch:074, train_loss:0.7581, val_auc:0.9692, val_ap: 0.9680
2023-04-04 17:09:27,517 - Epoch:075, train_loss:0.7417, val_auc:0.9693, val_ap: 0.9680
2023-04-04 17:09:27,575 - Epoch:076, train_loss:0.7540, val_auc:0.9693, val_ap: 0.9680
2023-04-04 17:09:27,615 - Epoch:077, train_loss:0.7467, val_auc:0.9693, val_ap: 0.9681
2023-04-04 17:09:27,657 - Epoch:078, train_loss:0.7676, val_auc:0.9695, val_ap: 0.9682
2023-04-04 17:09:27,698 - Epoch:079, train_loss:0.7540, val_auc:0.9693, val_ap: 0.9681
2023-04-04 17:09:27,741 - Epoch:080, train_loss:0.7500, val_auc:0.9694, val_ap: 0.9682
2023-04-04 17:09:27,790 - Epoch:081, train_loss:0.7407, val_auc:0.9693, val_ap: 0.9680
2023-04-04 17:09:27,842 - Epoch:082, train_loss:0.7454, val_auc:0.9691, val_ap: 0.9679
2023-04-04 17:09:27,888 - Epoch:083, train_loss:0.7452, val_auc:0.9689, val_ap: 0.9677
2023-04-04 17:09:27,929 - Epoch:084, train_loss:0.7545, val_auc:0.9688, val_ap: 0.9676
2023-04-04 17:09:27,971 - Epoch:085, train_loss:0.7338, val_auc:0.9690, val_ap: 0.9678
2023-04-04 17:09:28,013 - Epoch:086, train_loss:0.7564, val_auc:0.9689, val_ap: 0.9676
2023-04-04 17:09:28,052 - Epoch:087, train_loss:0.7584, val_auc:0.9691, val_ap: 0.9677
2023-04-04 17:09:28,102 - Epoch:088, train_loss:0.7473, val_auc:0.9692, val_ap: 0.9678
2023-04-04 17:09:28,158 - Epoch:089, train_loss:0.7536, val_auc:0.9692, val_ap: 0.9679
2023-04-04 17:09:28,208 - Epoch:090, train_loss:0.7492, val_auc:0.9690, val_ap: 0.9679
2023-04-04 17:09:28,250 - Epoch:091, train_loss:0.7446, val_auc:0.9688, val_ap: 0.9678
2023-04-04 17:09:28,313 - Epoch:092, train_loss:0.7510, val_auc:0.9688, val_ap: 0.9676
2023-04-04 17:09:28,353 - Epoch:093, train_loss:0.7425, val_auc:0.9686, val_ap: 0.9676
2023-04-04 17:09:28,408 - Epoch:094, train_loss:0.7463, val_auc:0.9685, val_ap: 0.9676
2023-04-04 17:09:28,472 - Epoch:095, train_loss:0.7476, val_auc:0.9687, val_ap: 0.9677
2023-04-04 17:09:28,514 - Epoch:096, train_loss:0.7432, val_auc:0.9690, val_ap: 0.9680
2023-04-04 17:09:28,565 - Epoch:097, train_loss:0.7372, val_auc:0.9693, val_ap: 0.9684
2023-04-04 17:09:28,598 - Epoch:098, train_loss:0.7449, val_auc:0.9693, val_ap: 0.9684
2023-04-04 17:09:28,657 - Epoch:099, train_loss:0.7465, val_auc:0.9692, val_ap: 0.9684
2023-04-04 17:09:28,714 - Epoch:100, train_loss:0.7400, val_auc:0.9692, val_ap: 0.9684
2023-04-04 17:09:28,781 - Epoch:101, train_loss:0.7441, val_auc:0.9690, val_ap: 0.9682
2023-04-04 17:09:28,824 - Epoch:102, train_loss:0.7395, val_auc:0.9690, val_ap: 0.9682
2023-04-04 17:09:28,894 - Epoch:103, train_loss:0.7407, val_auc:0.9689, val_ap: 0.9681
2023-04-04 17:09:28,942 - Epoch:104, train_loss:0.7365, val_auc:0.9687, val_ap: 0.9680
2023-04-04 17:09:29,005 - Epoch:105, train_loss:0.7441, val_auc:0.9687, val_ap: 0.9680
2023-04-04 17:09:29,044 - Epoch:106, train_loss:0.7474, val_auc:0.9683, val_ap: 0.9679
2023-04-04 17:09:29,079 - Epoch:107, train_loss:0.7448, val_auc:0.9679, val_ap: 0.9676
2023-04-04 17:09:29,147 - Epoch:108, train_loss:0.7479, val_auc:0.9680, val_ap: 0.9676
2023-04-04 17:09:29,190 - Epoch:109, train_loss:0.7406, val_auc:0.9678, val_ap: 0.9675
2023-04-04 17:09:29,227 - Epoch:110, train_loss:0.7463, val_auc:0.9675, val_ap: 0.9673
2023-04-04 17:09:29,266 - Epoch:111, train_loss:0.7433, val_auc:0.9673, val_ap: 0.9671
2023-04-04 17:09:29,299 - Epoch:112, train_loss:0.7418, val_auc:0.9672, val_ap: 0.9671
2023-04-04 17:09:29,356 - Epoch:113, train_loss:0.7542, val_auc:0.9668, val_ap: 0.9668
2023-04-04 17:09:29,412 - Epoch:114, train_loss:0.7437, val_auc:0.9666, val_ap: 0.9669
2023-04-04 17:09:29,461 - Epoch:115, train_loss:0.7401, val_auc:0.9663, val_ap: 0.9668
2023-04-04 17:09:29,514 - Epoch:116, train_loss:0.7406, val_auc:0.9662, val_ap: 0.9668
2023-04-04 17:09:29,545 - Epoch:117, train_loss:0.7341, val_auc:0.9660, val_ap: 0.9666
2023-04-04 17:09:29,595 - Epoch:118, train_loss:0.7349, val_auc:0.9656, val_ap: 0.9664
2023-04-04 17:09:29,662 - Epoch:119, train_loss:0.7424, val_auc:0.9651, val_ap: 0.9660
2023-04-04 17:09:29,710 - Epoch:120, train_loss:0.7456, val_auc:0.9647, val_ap: 0.9657
2023-04-04 17:09:29,741 - Epoch:121, train_loss:0.7388, val_auc:0.9644, val_ap: 0.9655
2023-04-04 17:09:29,796 - Epoch:122, train_loss:0.7457, val_auc:0.9641, val_ap: 0.9654
2023-04-04 17:09:29,857 - Epoch:123, train_loss:0.7342, val_auc:0.9639, val_ap: 0.9654
2023-04-04 17:09:29,898 - Epoch:124, train_loss:0.7403, val_auc:0.9636, val_ap: 0.9652
2023-04-04 17:09:29,948 - Epoch:125, train_loss:0.7386, val_auc:0.9632, val_ap: 0.9650
2023-04-04 17:09:30,009 - Epoch:126, train_loss:0.7461, val_auc:0.9629, val_ap: 0.9648
2023-04-04 17:09:30,037 - Epoch:127, train_loss:0.7477, val_auc:0.9626, val_ap: 0.9646
2023-04-04 17:09:30,070 - Epoch:128, train_loss:0.7375, val_auc:0.9624, val_ap: 0.9644
2023-04-04 17:09:30,129 - Epoch:129, train_loss:0.7400, val_auc:0.9621, val_ap: 0.9643
2023-04-04 17:09:30,183 - Epoch:130, train_loss:0.7398, val_auc:0.9620, val_ap: 0.9643
2023-04-04 17:09:30,200 - Epoch:131, train_loss:0.7386, val_auc:0.9619, val_ap: 0.9643
2023-04-04 17:09:30,247 - Epoch:132, train_loss:0.7470, val_auc:0.9616, val_ap: 0.9643
2023-04-04 17:09:30,299 - Epoch:133, train_loss:0.7424, val_auc:0.9614, val_ap: 0.9642
2023-04-04 17:09:30,372 - Epoch:134, train_loss:0.7320, val_auc:0.9613, val_ap: 0.9642
2023-04-04 17:09:30,413 - Epoch:135, train_loss:0.7421, val_auc:0.9614, val_ap: 0.9642
2023-04-04 17:09:30,440 - Epoch:136, train_loss:0.7327, val_auc:0.9612, val_ap: 0.9640
2023-04-04 17:09:30,504 - Epoch:137, train_loss:0.7418, val_auc:0.9610, val_ap: 0.9638
2023-04-04 17:09:30,544 - Epoch:138, train_loss:0.7378, val_auc:0.9609, val_ap: 0.9637
2023-04-04 17:09:30,620 - Epoch:139, train_loss:0.7348, val_auc:0.9609, val_ap: 0.9638
2023-04-04 17:09:30,675 - Epoch:140, train_loss:0.7388, val_auc:0.9610, val_ap: 0.9639
2023-04-04 17:09:30,721 - Epoch:141, train_loss:0.7358, val_auc:0.9608, val_ap: 0.9639
2023-04-04 17:09:30,772 - Epoch:142, train_loss:0.7377, val_auc:0.9604, val_ap: 0.9638
2023-04-04 17:09:30,826 - Epoch:143, train_loss:0.7417, val_auc:0.9605, val_ap: 0.9639
2023-04-04 17:09:30,859 - Epoch:144, train_loss:0.7411, val_auc:0.9605, val_ap: 0.9638
2023-04-04 17:09:30,916 - Epoch:145, train_loss:0.7425, val_auc:0.9608, val_ap: 0.9642
2023-04-04 17:09:30,973 - Epoch:146, train_loss:0.7348, val_auc:0.9609, val_ap: 0.9642
2023-04-04 17:09:31,010 - Epoch:147, train_loss:0.7350, val_auc:0.9607, val_ap: 0.9641
2023-04-04 17:09:31,061 - Epoch:148, train_loss:0.7360, val_auc:0.9604, val_ap: 0.9639
2023-04-04 17:09:31,127 - Epoch:149, train_loss:0.7453, val_auc:0.9600, val_ap: 0.9637
2023-04-04 17:09:31,155 - Epoch:150, train_loss:0.7360, val_auc:0.9599, val_ap: 0.9638
2023-04-04 17:09:31,227 - Epoch:151, train_loss:0.7343, val_auc:0.9598, val_ap: 0.9639
2023-04-04 17:09:31,267 - Epoch:152, train_loss:0.7388, val_auc:0.9600, val_ap: 0.9641
2023-04-04 17:09:31,320 - Epoch:153, train_loss:0.7343, val_auc:0.9603, val_ap: 0.9642
2023-04-04 17:09:31,360 - Epoch:154, train_loss:0.7281, val_auc:0.9607, val_ap: 0.9643
2023-04-04 17:09:31,395 - Epoch:155, train_loss:0.7386, val_auc:0.9609, val_ap: 0.9644
2023-04-04 17:09:31,440 - Epoch:156, train_loss:0.7328, val_auc:0.9609, val_ap: 0.9643
2023-04-04 17:09:31,474 - Epoch:157, train_loss:0.7346, val_auc:0.9610, val_ap: 0.9645
2023-04-04 17:09:31,520 - Epoch:158, train_loss:0.7401, val_auc:0.9610, val_ap: 0.9645
2023-04-04 17:09:31,588 - Epoch:159, train_loss:0.7277, val_auc:0.9608, val_ap: 0.9645
2023-04-04 17:09:31,630 - Epoch:160, train_loss:0.7359, val_auc:0.9609, val_ap: 0.9647
2023-04-04 17:09:31,689 - Epoch:161, train_loss:0.7348, val_auc:0.9612, val_ap: 0.9648
2023-04-04 17:09:31,745 - Epoch:162, train_loss:0.7326, val_auc:0.9614, val_ap: 0.9649
2023-04-04 17:09:31,818 - Epoch:163, train_loss:0.7284, val_auc:0.9617, val_ap: 0.9650
2023-04-04 17:09:31,882 - Epoch:164, train_loss:0.7425, val_auc:0.9619, val_ap: 0.9652
2023-04-04 17:09:31,925 - Epoch:165, train_loss:0.7382, val_auc:0.9618, val_ap: 0.9652
2023-04-04 17:09:31,968 - Epoch:166, train_loss:0.7358, val_auc:0.9618, val_ap: 0.9653
2023-04-04 17:09:32,006 - Epoch:167, train_loss:0.7366, val_auc:0.9619, val_ap: 0.9654
2023-04-04 17:09:32,074 - Epoch:168, train_loss:0.7395, val_auc:0.9622, val_ap: 0.9656
2023-04-04 17:09:32,116 - Epoch:169, train_loss:0.7344, val_auc:0.9626, val_ap: 0.9658
2023-04-04 17:09:32,164 - Epoch:170, train_loss:0.7421, val_auc:0.9626, val_ap: 0.9658
2023-04-04 17:09:32,208 - Epoch:171, train_loss:0.7288, val_auc:0.9627, val_ap: 0.9659
2023-04-04 17:09:32,239 - Epoch:172, train_loss:0.7331, val_auc:0.9625, val_ap: 0.9658
2023-04-04 17:09:32,311 - Epoch:173, train_loss:0.7380, val_auc:0.9621, val_ap: 0.9656
2023-04-04 17:09:32,375 - Epoch:174, train_loss:0.7303, val_auc:0.9621, val_ap: 0.9656
2023-04-04 17:09:32,418 - Epoch:175, train_loss:0.7373, val_auc:0.9622, val_ap: 0.9656
2023-04-04 17:09:32,483 - Epoch:176, train_loss:0.7303, val_auc:0.9625, val_ap: 0.9658
2023-04-04 17:09:32,525 - Epoch:177, train_loss:0.7402, val_auc:0.9624, val_ap: 0.9658
2023-04-04 17:09:32,575 - Epoch:178, train_loss:0.7398, val_auc:0.9625, val_ap: 0.9660
2023-04-04 17:09:32,621 - Epoch:179, train_loss:0.7287, val_auc:0.9625, val_ap: 0.9660
2023-04-04 17:09:32,671 - Epoch:180, train_loss:0.7304, val_auc:0.9624, val_ap: 0.9660
2023-04-04 17:09:32,726 - Epoch:181, train_loss:0.7325, val_auc:0.9622, val_ap: 0.9659
2023-04-04 17:09:32,788 - Epoch:182, train_loss:0.7371, val_auc:0.9620, val_ap: 0.9658
2023-04-04 17:09:32,840 - Epoch:183, train_loss:0.7284, val_auc:0.9622, val_ap: 0.9659
2023-04-04 17:09:32,890 - Epoch:184, train_loss:0.7317, val_auc:0.9621, val_ap: 0.9659
2023-04-04 17:09:32,950 - Epoch:185, train_loss:0.7251, val_auc:0.9621, val_ap: 0.9659
2023-04-04 17:09:32,998 - Epoch:186, train_loss:0.7304, val_auc:0.9622, val_ap: 0.9660
2023-04-04 17:09:33,042 - Epoch:187, train_loss:0.7413, val_auc:0.9622, val_ap: 0.9660
2023-04-04 17:09:33,087 - Epoch:188, train_loss:0.7402, val_auc:0.9623, val_ap: 0.9663
2023-04-04 17:09:33,117 - Epoch:189, train_loss:0.7399, val_auc:0.9621, val_ap: 0.9661
2023-04-04 17:09:33,196 - Epoch:190, train_loss:0.7278, val_auc:0.9620, val_ap: 0.9661
2023-04-04 17:09:33,247 - Epoch:191, train_loss:0.7426, val_auc:0.9619, val_ap: 0.9660
2023-04-04 17:09:33,275 - Epoch:192, train_loss:0.7358, val_auc:0.9619, val_ap: 0.9659
2023-04-04 17:09:33,356 - Epoch:193, train_loss:0.7350, val_auc:0.9618, val_ap: 0.9658
2023-04-04 17:09:33,400 - Epoch:194, train_loss:0.7383, val_auc:0.9617, val_ap: 0.9657
2023-04-04 17:09:33,436 - Epoch:195, train_loss:0.7365, val_auc:0.9618, val_ap: 0.9659
2023-04-04 17:09:33,467 - Epoch:196, train_loss:0.7331, val_auc:0.9617, val_ap: 0.9660
2023-04-04 17:09:33,537 - Epoch:197, train_loss:0.7381, val_auc:0.9618, val_ap: 0.9661
2023-04-04 17:09:33,591 - Epoch:198, train_loss:0.7414, val_auc:0.9616, val_ap: 0.9659
2023-04-04 17:09:33,625 - Epoch:199, train_loss:0.7428, val_auc:0.9617, val_ap: 0.9658
2023-04-04 17:09:33,625 - final results:
2023-04-04 17:09:33,625 - ====================================================================================
2023-04-04 17:09:33,626 - AUC:0.9611+-0.0054 [0.9556671899529043, 0.9665354425793986]
2023-04-04 17:09:33,626 - AP:0.9657+-0.0034 [0.9622587847617551, 0.9690555791036982]
2023-04-04 17:09:33,847 - Epoch:000, train_loss:4.9377, val_auc:0.9162, val_ap: 0.9284, text_auc:0.9194, text_ap: 0.9366
2023-04-04 17:09:33,926 - Epoch:001, train_loss:3.7981, val_auc:0.9474, val_ap: 0.9528, text_auc:0.9477, text_ap: 0.9551
2023-04-04 17:09:33,980 - Epoch:002, train_loss:3.2941, val_auc:0.9578, val_ap: 0.9615, text_auc:0.9590, text_ap: 0.9635
2023-04-04 17:09:34,051 - Epoch:003, train_loss:2.7596, val_auc:0.9628, val_ap: 0.9651, text_auc:0.9617, text_ap: 0.9652
2023-04-04 17:09:34,123 - Epoch:004, train_loss:2.1151, val_auc:0.9652, val_ap: 0.9673, text_auc:0.9619, text_ap: 0.9648
2023-04-04 17:09:34,205 - Epoch:005, train_loss:1.4811, val_auc:0.9656, val_ap: 0.9678, text_auc:0.9615, text_ap: 0.9644
2023-04-04 17:09:34,275 - Epoch:006, train_loss:1.3297, val_auc:0.9655, val_ap: 0.9680, text_auc:0.9617, text_ap: 0.9647
2023-04-04 17:09:34,306 - Epoch:007, train_loss:1.3090, val_auc:0.9650, val_ap: 0.9678
2023-04-04 17:09:34,359 - Epoch:008, train_loss:1.2584, val_auc:0.9650, val_ap: 0.9679
2023-04-04 17:09:34,416 - Epoch:009, train_loss:1.2306, val_auc:0.9650, val_ap: 0.9680
2023-04-04 17:09:34,489 - Epoch:010, train_loss:1.1854, val_auc:0.9645, val_ap: 0.9676
2023-04-04 17:09:34,537 - Epoch:011, train_loss:1.0920, val_auc:0.9639, val_ap: 0.9673
2023-04-04 17:09:34,594 - Epoch:012, train_loss:1.0532, val_auc:0.9638, val_ap: 0.9670
2023-04-04 17:09:34,672 - Epoch:013, train_loss:1.0148, val_auc:0.9641, val_ap: 0.9672
2023-04-04 17:09:34,732 - Epoch:014, train_loss:1.0020, val_auc:0.9650, val_ap: 0.9678
2023-04-04 17:09:34,795 - Epoch:015, train_loss:1.0078, val_auc:0.9654, val_ap: 0.9681
2023-04-04 17:09:34,891 - Epoch:016, train_loss:0.9877, val_auc:0.9657, val_ap: 0.9685, text_auc:0.9639, text_ap: 0.9662
2023-04-04 17:09:34,933 - Epoch:017, train_loss:0.9996, val_auc:0.9659, val_ap: 0.9686, text_auc:0.9640, text_ap: 0.9663
2023-04-04 17:09:34,999 - Epoch:018, train_loss:0.9921, val_auc:0.9660, val_ap: 0.9688, text_auc:0.9641, text_ap: 0.9665
2023-04-04 17:09:35,055 - Epoch:019, train_loss:0.9468, val_auc:0.9657, val_ap: 0.9685
2023-04-04 17:09:35,090 - Epoch:020, train_loss:0.9384, val_auc:0.9657, val_ap: 0.9687
2023-04-04 17:09:35,145 - Epoch:021, train_loss:0.9103, val_auc:0.9655, val_ap: 0.9685
2023-04-04 17:09:35,181 - Epoch:022, train_loss:0.9060, val_auc:0.9657, val_ap: 0.9688
2023-04-04 17:09:35,229 - Epoch:023, train_loss:0.8969, val_auc:0.9655, val_ap: 0.9688
2023-04-04 17:09:35,296 - Epoch:024, train_loss:0.8799, val_auc:0.9654, val_ap: 0.9687
2023-04-04 17:09:35,346 - Epoch:025, train_loss:0.8903, val_auc:0.9653, val_ap: 0.9687
2023-04-04 17:09:35,413 - Epoch:026, train_loss:0.8738, val_auc:0.9652, val_ap: 0.9686
2023-04-04 17:09:35,459 - Epoch:027, train_loss:0.8810, val_auc:0.9656, val_ap: 0.9690
2023-04-04 17:09:35,557 - Epoch:028, train_loss:0.8466, val_auc:0.9659, val_ap: 0.9693, text_auc:0.9648, text_ap: 0.9674
2023-04-04 17:09:35,643 - Epoch:029, train_loss:0.8678, val_auc:0.9660, val_ap: 0.9694, text_auc:0.9650, text_ap: 0.9675
2023-04-04 17:09:35,700 - Epoch:030, train_loss:0.8436, val_auc:0.9660, val_ap: 0.9694
2023-04-04 17:09:35,765 - Epoch:031, train_loss:0.8368, val_auc:0.9660, val_ap: 0.9694
2023-04-04 17:09:35,816 - Epoch:032, train_loss:0.8420, val_auc:0.9659, val_ap: 0.9695
2023-04-04 17:09:35,844 - Epoch:033, train_loss:0.8115, val_auc:0.9659, val_ap: 0.9694
2023-04-04 17:09:35,890 - Epoch:034, train_loss:0.8321, val_auc:0.9657, val_ap: 0.9692
2023-04-04 17:09:35,938 - Epoch:035, train_loss:0.8316, val_auc:0.9655, val_ap: 0.9690
2023-04-04 17:09:36,018 - Epoch:036, train_loss:0.8071, val_auc:0.9651, val_ap: 0.9687
2023-04-04 17:09:36,068 - Epoch:037, train_loss:0.8205, val_auc:0.9652, val_ap: 0.9688
2023-04-04 17:09:36,105 - Epoch:038, train_loss:0.8194, val_auc:0.9653, val_ap: 0.9689
2023-04-04 17:09:36,166 - Epoch:039, train_loss:0.8231, val_auc:0.9652, val_ap: 0.9689
2023-04-04 17:09:36,224 - Epoch:040, train_loss:0.7945, val_auc:0.9652, val_ap: 0.9690
2023-04-04 17:09:36,290 - Epoch:041, train_loss:0.7995, val_auc:0.9650, val_ap: 0.9689
2023-04-04 17:09:36,341 - Epoch:042, train_loss:0.7985, val_auc:0.9645, val_ap: 0.9686
2023-04-04 17:09:36,380 - Epoch:043, train_loss:0.7995, val_auc:0.9642, val_ap: 0.9685
2023-04-04 17:09:36,427 - Epoch:044, train_loss:0.7996, val_auc:0.9640, val_ap: 0.9685
2023-04-04 17:09:36,498 - Epoch:045, train_loss:0.7851, val_auc:0.9638, val_ap: 0.9683
2023-04-04 17:09:36,562 - Epoch:046, train_loss:0.7966, val_auc:0.9635, val_ap: 0.9683
2023-04-04 17:09:36,624 - Epoch:047, train_loss:0.7753, val_auc:0.9635, val_ap: 0.9684
2023-04-04 17:09:36,667 - Epoch:048, train_loss:0.7846, val_auc:0.9634, val_ap: 0.9683
2023-04-04 17:09:36,709 - Epoch:049, train_loss:0.7764, val_auc:0.9635, val_ap: 0.9684
2023-04-04 17:09:36,769 - Epoch:050, train_loss:0.7764, val_auc:0.9636, val_ap: 0.9686
2023-04-04 17:09:36,822 - Epoch:051, train_loss:0.7835, val_auc:0.9637, val_ap: 0.9687
2023-04-04 17:09:36,863 - Epoch:052, train_loss:0.7806, val_auc:0.9632, val_ap: 0.9685
2023-04-04 17:09:36,912 - Epoch:053, train_loss:0.7659, val_auc:0.9624, val_ap: 0.9679
2023-04-04 17:09:36,971 - Epoch:054, train_loss:0.7663, val_auc:0.9619, val_ap: 0.9677
2023-04-04 17:09:37,026 - Epoch:055, train_loss:0.7642, val_auc:0.9616, val_ap: 0.9675
2023-04-04 17:09:37,064 - Epoch:056, train_loss:0.7700, val_auc:0.9614, val_ap: 0.9674
2023-04-04 17:09:37,126 - Epoch:057, train_loss:0.7786, val_auc:0.9611, val_ap: 0.9672
2023-04-04 17:09:37,191 - Epoch:058, train_loss:0.7599, val_auc:0.9608, val_ap: 0.9670
2023-04-04 17:09:37,221 - Epoch:059, train_loss:0.7562, val_auc:0.9607, val_ap: 0.9670
2023-04-04 17:09:37,275 - Epoch:060, train_loss:0.7635, val_auc:0.9605, val_ap: 0.9669
2023-04-04 17:09:37,394 - Epoch:061, train_loss:0.7730, val_auc:0.9603, val_ap: 0.9669
2023-04-04 17:09:37,468 - Epoch:062, train_loss:0.7602, val_auc:0.9600, val_ap: 0.9667
2023-04-04 17:09:37,507 - Epoch:063, train_loss:0.7657, val_auc:0.9598, val_ap: 0.9666
2023-04-04 17:09:37,577 - Epoch:064, train_loss:0.7585, val_auc:0.9597, val_ap: 0.9666
2023-04-04 17:09:37,673 - Epoch:065, train_loss:0.7680, val_auc:0.9593, val_ap: 0.9664
2023-04-04 17:09:37,733 - Epoch:066, train_loss:0.7620, val_auc:0.9589, val_ap: 0.9662
2023-04-04 17:09:37,765 - Epoch:067, train_loss:0.7765, val_auc:0.9587, val_ap: 0.9661
2023-04-04 17:09:37,816 - Epoch:068, train_loss:0.7586, val_auc:0.9581, val_ap: 0.9658
2023-04-04 17:09:37,889 - Epoch:069, train_loss:0.7612, val_auc:0.9578, val_ap: 0.9657
2023-04-04 17:09:37,974 - Epoch:070, train_loss:0.7632, val_auc:0.9573, val_ap: 0.9654
2023-04-04 17:09:38,018 - Epoch:071, train_loss:0.7593, val_auc:0.9568, val_ap: 0.9651
2023-04-04 17:09:38,091 - Epoch:072, train_loss:0.7496, val_auc:0.9564, val_ap: 0.9649
2023-04-04 17:09:38,156 - Epoch:073, train_loss:0.7573, val_auc:0.9563, val_ap: 0.9647
2023-04-04 17:09:38,225 - Epoch:074, train_loss:0.7638, val_auc:0.9561, val_ap: 0.9647
2023-04-04 17:09:38,276 - Epoch:075, train_loss:0.7569, val_auc:0.9559, val_ap: 0.9646
2023-04-04 17:09:38,299 - Epoch:076, train_loss:0.7504, val_auc:0.9556, val_ap: 0.9644
2023-04-04 17:09:38,337 - Epoch:077, train_loss:0.7616, val_auc:0.9552, val_ap: 0.9642
2023-04-04 17:09:38,364 - Epoch:078, train_loss:0.7589, val_auc:0.9545, val_ap: 0.9638
2023-04-04 17:09:38,401 - Epoch:079, train_loss:0.7487, val_auc:0.9541, val_ap: 0.9637
2023-04-04 17:09:38,445 - Epoch:080, train_loss:0.7630, val_auc:0.9542, val_ap: 0.9638
2023-04-04 17:09:38,509 - Epoch:081, train_loss:0.7504, val_auc:0.9537, val_ap: 0.9635
2023-04-04 17:09:38,537 - Epoch:082, train_loss:0.7464, val_auc:0.9535, val_ap: 0.9634
2023-04-04 17:09:38,596 - Epoch:083, train_loss:0.7557, val_auc:0.9534, val_ap: 0.9634
2023-04-04 17:09:38,659 - Epoch:084, train_loss:0.7579, val_auc:0.9531, val_ap: 0.9632
2023-04-04 17:09:38,705 - Epoch:085, train_loss:0.7644, val_auc:0.9526, val_ap: 0.9631
2023-04-04 17:09:38,747 - Epoch:086, train_loss:0.7451, val_auc:0.9520, val_ap: 0.9627
2023-04-04 17:09:38,814 - Epoch:087, train_loss:0.7569, val_auc:0.9517, val_ap: 0.9625
2023-04-04 17:09:38,860 - Epoch:088, train_loss:0.7554, val_auc:0.9512, val_ap: 0.9622
2023-04-04 17:09:38,903 - Epoch:089, train_loss:0.7460, val_auc:0.9510, val_ap: 0.9621
2023-04-04 17:09:38,996 - Epoch:090, train_loss:0.7473, val_auc:0.9507, val_ap: 0.9619
2023-04-04 17:09:39,038 - Epoch:091, train_loss:0.7515, val_auc:0.9502, val_ap: 0.9616
2023-04-04 17:09:39,072 - Epoch:092, train_loss:0.7486, val_auc:0.9497, val_ap: 0.9614
2023-04-04 17:09:39,111 - Epoch:093, train_loss:0.7391, val_auc:0.9494, val_ap: 0.9613
2023-04-04 17:09:39,153 - Epoch:094, train_loss:0.7506, val_auc:0.9493, val_ap: 0.9612
2023-04-04 17:09:39,215 - Epoch:095, train_loss:0.7502, val_auc:0.9492, val_ap: 0.9611
2023-04-04 17:09:39,277 - Epoch:096, train_loss:0.7487, val_auc:0.9491, val_ap: 0.9611
2023-04-04 17:09:39,328 - Epoch:097, train_loss:0.7423, val_auc:0.9488, val_ap: 0.9610
2023-04-04 17:09:39,408 - Epoch:098, train_loss:0.7394, val_auc:0.9487, val_ap: 0.9610
2023-04-04 17:09:39,455 - Epoch:099, train_loss:0.7416, val_auc:0.9484, val_ap: 0.9609
2023-04-04 17:09:39,521 - Epoch:100, train_loss:0.7482, val_auc:0.9480, val_ap: 0.9606
2023-04-04 17:09:39,576 - Epoch:101, train_loss:0.7499, val_auc:0.9473, val_ap: 0.9602
2023-04-04 17:09:39,615 - Epoch:102, train_loss:0.7465, val_auc:0.9471, val_ap: 0.9601
2023-04-04 17:09:39,680 - Epoch:103, train_loss:0.7471, val_auc:0.9469, val_ap: 0.9601
2023-04-04 17:09:39,738 - Epoch:104, train_loss:0.7414, val_auc:0.9467, val_ap: 0.9600
2023-04-04 17:09:39,806 - Epoch:105, train_loss:0.7417, val_auc:0.9469, val_ap: 0.9602
2023-04-04 17:09:39,852 - Epoch:106, train_loss:0.7405, val_auc:0.9470, val_ap: 0.9602
2023-04-04 17:09:39,893 - Epoch:107, train_loss:0.7352, val_auc:0.9468, val_ap: 0.9600
2023-04-04 17:09:39,945 - Epoch:108, train_loss:0.7499, val_auc:0.9465, val_ap: 0.9598
2023-04-04 17:09:39,995 - Epoch:109, train_loss:0.7354, val_auc:0.9462, val_ap: 0.9597
2023-04-04 17:09:40,096 - Epoch:110, train_loss:0.7489, val_auc:0.9457, val_ap: 0.9595
2023-04-04 17:09:40,119 - Epoch:111, train_loss:0.7383, val_auc:0.9454, val_ap: 0.9593
2023-04-04 17:09:40,191 - Epoch:112, train_loss:0.7424, val_auc:0.9449, val_ap: 0.9591
2023-04-04 17:09:40,244 - Epoch:113, train_loss:0.7531, val_auc:0.9449, val_ap: 0.9591
2023-04-04 17:09:40,280 - Epoch:114, train_loss:0.7603, val_auc:0.9445, val_ap: 0.9589
2023-04-04 17:09:40,324 - Epoch:115, train_loss:0.7465, val_auc:0.9441, val_ap: 0.9587
2023-04-04 17:09:40,376 - Epoch:116, train_loss:0.7536, val_auc:0.9442, val_ap: 0.9587
2023-04-04 17:09:40,414 - Epoch:117, train_loss:0.7392, val_auc:0.9442, val_ap: 0.9588
2023-04-04 17:09:40,459 - Epoch:118, train_loss:0.7401, val_auc:0.9437, val_ap: 0.9585
2023-04-04 17:09:40,535 - Epoch:119, train_loss:0.7502, val_auc:0.9433, val_ap: 0.9583
2023-04-04 17:09:40,583 - Epoch:120, train_loss:0.7363, val_auc:0.9433, val_ap: 0.9583
2023-04-04 17:09:40,640 - Epoch:121, train_loss:0.7480, val_auc:0.9430, val_ap: 0.9582
2023-04-04 17:09:40,698 - Epoch:122, train_loss:0.7421, val_auc:0.9428, val_ap: 0.9579
2023-04-04 17:09:40,751 - Epoch:123, train_loss:0.7383, val_auc:0.9429, val_ap: 0.9580
2023-04-04 17:09:40,794 - Epoch:124, train_loss:0.7430, val_auc:0.9429, val_ap: 0.9581
2023-04-04 17:09:40,880 - Epoch:125, train_loss:0.7421, val_auc:0.9428, val_ap: 0.9581
2023-04-04 17:09:40,919 - Epoch:126, train_loss:0.7396, val_auc:0.9422, val_ap: 0.9578
2023-04-04 17:09:40,964 - Epoch:127, train_loss:0.7386, val_auc:0.9418, val_ap: 0.9576
2023-04-04 17:09:41,023 - Epoch:128, train_loss:0.7354, val_auc:0.9417, val_ap: 0.9575
2023-04-04 17:09:41,072 - Epoch:129, train_loss:0.7367, val_auc:0.9417, val_ap: 0.9576
2023-04-04 17:09:41,097 - Epoch:130, train_loss:0.7368, val_auc:0.9419, val_ap: 0.9577
2023-04-04 17:09:41,159 - Epoch:131, train_loss:0.7443, val_auc:0.9420, val_ap: 0.9578
2023-04-04 17:09:41,229 - Epoch:132, train_loss:0.7484, val_auc:0.9421, val_ap: 0.9578
2023-04-04 17:09:41,282 - Epoch:133, train_loss:0.7411, val_auc:0.9415, val_ap: 0.9575
2023-04-04 17:09:41,330 - Epoch:134, train_loss:0.7365, val_auc:0.9409, val_ap: 0.9571
2023-04-04 17:09:41,398 - Epoch:135, train_loss:0.7438, val_auc:0.9405, val_ap: 0.9568
2023-04-04 17:09:41,451 - Epoch:136, train_loss:0.7399, val_auc:0.9404, val_ap: 0.9568
2023-04-04 17:09:41,482 - Epoch:137, train_loss:0.7509, val_auc:0.9404, val_ap: 0.9567
2023-04-04 17:09:41,519 - Epoch:138, train_loss:0.7430, val_auc:0.9402, val_ap: 0.9566
2023-04-04 17:09:41,546 - Epoch:139, train_loss:0.7347, val_auc:0.9402, val_ap: 0.9566
2023-04-04 17:09:41,607 - Epoch:140, train_loss:0.7317, val_auc:0.9402, val_ap: 0.9566
2023-04-04 17:09:41,674 - Epoch:141, train_loss:0.7517, val_auc:0.9403, val_ap: 0.9567
2023-04-04 17:09:41,705 - Epoch:142, train_loss:0.7362, val_auc:0.9399, val_ap: 0.9564
2023-04-04 17:09:41,753 - Epoch:143, train_loss:0.7441, val_auc:0.9395, val_ap: 0.9563
2023-04-04 17:09:41,795 - Epoch:144, train_loss:0.7328, val_auc:0.9391, val_ap: 0.9562
2023-04-04 17:09:41,867 - Epoch:145, train_loss:0.7547, val_auc:0.9389, val_ap: 0.9561
2023-04-04 17:09:41,926 - Epoch:146, train_loss:0.7455, val_auc:0.9385, val_ap: 0.9560
2023-04-04 17:09:41,994 - Epoch:147, train_loss:0.7467, val_auc:0.9388, val_ap: 0.9562
2023-04-04 17:09:42,051 - Epoch:148, train_loss:0.7373, val_auc:0.9390, val_ap: 0.9564
2023-04-04 17:09:42,104 - Epoch:149, train_loss:0.7411, val_auc:0.9383, val_ap: 0.9561
2023-04-04 17:09:42,192 - Epoch:150, train_loss:0.7366, val_auc:0.9381, val_ap: 0.9559
2023-04-04 17:09:42,257 - Epoch:151, train_loss:0.7394, val_auc:0.9380, val_ap: 0.9559
2023-04-04 17:09:42,290 - Epoch:152, train_loss:0.7362, val_auc:0.9382, val_ap: 0.9561
2023-04-04 17:09:42,349 - Epoch:153, train_loss:0.7413, val_auc:0.9381, val_ap: 0.9561
2023-04-04 17:09:42,382 - Epoch:154, train_loss:0.7395, val_auc:0.9374, val_ap: 0.9559
2023-04-04 17:09:42,458 - Epoch:155, train_loss:0.7486, val_auc:0.9368, val_ap: 0.9555
2023-04-04 17:09:42,514 - Epoch:156, train_loss:0.7446, val_auc:0.9367, val_ap: 0.9555
2023-04-04 17:09:42,559 - Epoch:157, train_loss:0.7386, val_auc:0.9370, val_ap: 0.9556
2023-04-04 17:09:42,630 - Epoch:158, train_loss:0.7331, val_auc:0.9370, val_ap: 0.9555
2023-04-04 17:09:42,692 - Epoch:159, train_loss:0.7309, val_auc:0.9368, val_ap: 0.9554
2023-04-04 17:09:42,746 - Epoch:160, train_loss:0.7433, val_auc:0.9364, val_ap: 0.9552
2023-04-04 17:09:42,816 - Epoch:161, train_loss:0.7407, val_auc:0.9361, val_ap: 0.9550
2023-04-04 17:09:42,892 - Epoch:162, train_loss:0.7407, val_auc:0.9357, val_ap: 0.9548
2023-04-04 17:09:42,948 - Epoch:163, train_loss:0.7320, val_auc:0.9360, val_ap: 0.9550
2023-04-04 17:09:42,996 - Epoch:164, train_loss:0.7312, val_auc:0.9363, val_ap: 0.9552
2023-04-04 17:09:43,050 - Epoch:165, train_loss:0.7484, val_auc:0.9365, val_ap: 0.9554
2023-04-04 17:09:43,095 - Epoch:166, train_loss:0.7249, val_auc:0.9364, val_ap: 0.9553
2023-04-04 17:09:43,148 - Epoch:167, train_loss:0.7392, val_auc:0.9365, val_ap: 0.9553
2023-04-04 17:09:43,203 - Epoch:168, train_loss:0.7317, val_auc:0.9366, val_ap: 0.9553
2023-04-04 17:09:43,280 - Epoch:169, train_loss:0.7401, val_auc:0.9362, val_ap: 0.9551
2023-04-04 17:09:43,316 - Epoch:170, train_loss:0.7291, val_auc:0.9360, val_ap: 0.9549
2023-04-04 17:09:43,384 - Epoch:171, train_loss:0.7480, val_auc:0.9359, val_ap: 0.9549
2023-04-04 17:09:43,471 - Epoch:172, train_loss:0.7352, val_auc:0.9357, val_ap: 0.9547
2023-04-04 17:09:43,519 - Epoch:173, train_loss:0.7356, val_auc:0.9356, val_ap: 0.9545
2023-04-04 17:09:43,552 - Epoch:174, train_loss:0.7333, val_auc:0.9356, val_ap: 0.9544
2023-04-04 17:09:43,618 - Epoch:175, train_loss:0.7388, val_auc:0.9352, val_ap: 0.9541
2023-04-04 17:09:43,676 - Epoch:176, train_loss:0.7337, val_auc:0.9352, val_ap: 0.9541
2023-04-04 17:09:43,740 - Epoch:177, train_loss:0.7282, val_auc:0.9356, val_ap: 0.9543
2023-04-04 17:09:43,800 - Epoch:178, train_loss:0.7393, val_auc:0.9358, val_ap: 0.9544
2023-04-04 17:09:43,862 - Epoch:179, train_loss:0.7339, val_auc:0.9357, val_ap: 0.9544
2023-04-04 17:09:43,918 - Epoch:180, train_loss:0.7294, val_auc:0.9356, val_ap: 0.9542
2023-04-04 17:09:43,955 - Epoch:181, train_loss:0.7322, val_auc:0.9360, val_ap: 0.9544
2023-04-04 17:09:43,992 - Epoch:182, train_loss:0.7380, val_auc:0.9364, val_ap: 0.9545
2023-04-04 17:09:44,055 - Epoch:183, train_loss:0.7405, val_auc:0.9365, val_ap: 0.9546
2023-04-04 17:09:44,099 - Epoch:184, train_loss:0.7320, val_auc:0.9366, val_ap: 0.9546
2023-04-04 17:09:44,125 - Epoch:185, train_loss:0.7325, val_auc:0.9365, val_ap: 0.9545
2023-04-04 17:09:44,190 - Epoch:186, train_loss:0.7280, val_auc:0.9366, val_ap: 0.9545
2023-04-04 17:09:44,249 - Epoch:187, train_loss:0.7377, val_auc:0.9364, val_ap: 0.9544
2023-04-04 17:09:44,280 - Epoch:188, train_loss:0.7407, val_auc:0.9361, val_ap: 0.9541
2023-04-04 17:09:44,311 - Epoch:189, train_loss:0.7272, val_auc:0.9360, val_ap: 0.9541
2023-04-04 17:09:44,354 - Epoch:190, train_loss:0.7327, val_auc:0.9359, val_ap: 0.9540
2023-04-04 17:09:44,401 - Epoch:191, train_loss:0.7351, val_auc:0.9366, val_ap: 0.9543
2023-04-04 17:09:44,459 - Epoch:192, train_loss:0.7326, val_auc:0.9365, val_ap: 0.9544
2023-04-04 17:09:44,492 - Epoch:193, train_loss:0.7332, val_auc:0.9368, val_ap: 0.9545
2023-04-04 17:09:44,542 - Epoch:194, train_loss:0.7419, val_auc:0.9369, val_ap: 0.9545
2023-04-04 17:09:44,613 - Epoch:195, train_loss:0.7286, val_auc:0.9367, val_ap: 0.9544
2023-04-04 17:09:44,652 - Epoch:196, train_loss:0.7309, val_auc:0.9369, val_ap: 0.9546
2023-04-04 17:09:44,694 - Epoch:197, train_loss:0.7369, val_auc:0.9375, val_ap: 0.9550
2023-04-04 17:09:44,736 - Epoch:198, train_loss:0.7329, val_auc:0.9377, val_ap: 0.9551
2023-04-04 17:09:44,785 - Epoch:199, train_loss:0.7389, val_auc:0.9378, val_ap: 0.9553
2023-04-04 17:09:44,786 - final results:
2023-04-04 17:09:44,786 - ====================================================================================
2023-04-04 17:09:44,786 - AUC:0.9624+-0.0048 [0.9556671899529043, 0.9665354425793986, 0.9649752445356842]
2023-04-04 17:09:44,786 - AP:0.9663+-0.0029 [0.9622587847617551, 0.9690555791036982, 0.9675177431088533]
2023-04-04 17:09:45,042 - Epoch:000, train_loss:4.9361, val_auc:0.9220, val_ap: 0.9370, text_auc:0.9210, text_ap: 0.9328
2023-04-04 17:09:45,140 - Epoch:001, train_loss:3.8526, val_auc:0.9593, val_ap: 0.9648, text_auc:0.9513, text_ap: 0.9554
2023-04-04 17:09:45,193 - Epoch:002, train_loss:3.3011, val_auc:0.9735, val_ap: 0.9746, text_auc:0.9663, text_ap: 0.9673
2023-04-04 17:09:45,236 - Epoch:003, train_loss:2.1100, val_auc:0.9731, val_ap: 0.9741
2023-04-04 17:09:45,324 - Epoch:004, train_loss:1.7982, val_auc:0.9737, val_ap: 0.9746, text_auc:0.9679, text_ap: 0.9673
2023-04-04 17:09:45,384 - Epoch:005, train_loss:1.5656, val_auc:0.9741, val_ap: 0.9748, text_auc:0.9678, text_ap: 0.9670
2023-04-04 17:09:45,438 - Epoch:006, train_loss:1.3242, val_auc:0.9744, val_ap: 0.9751, text_auc:0.9683, text_ap: 0.9675
2023-04-04 17:09:45,484 - Epoch:007, train_loss:1.2491, val_auc:0.9743, val_ap: 0.9748
2023-04-04 17:09:45,549 - Epoch:008, train_loss:1.1869, val_auc:0.9743, val_ap: 0.9747
2023-04-04 17:09:45,597 - Epoch:009, train_loss:1.1594, val_auc:0.9745, val_ap: 0.9746
2023-04-04 17:09:45,663 - Epoch:010, train_loss:1.1165, val_auc:0.9747, val_ap: 0.9747
2023-04-04 17:09:45,738 - Epoch:011, train_loss:1.0693, val_auc:0.9749, val_ap: 0.9749, text_auc:0.9705, text_ap: 0.9699
2023-04-04 17:09:45,810 - Epoch:012, train_loss:1.0486, val_auc:0.9751, val_ap: 0.9751, text_auc:0.9707, text_ap: 0.9701
2023-04-04 17:09:45,842 - Epoch:013, train_loss:1.0125, val_auc:0.9750, val_ap: 0.9751
2023-04-04 17:09:45,907 - Epoch:014, train_loss:1.0081, val_auc:0.9751, val_ap: 0.9753, text_auc:0.9710, text_ap: 0.9704
2023-04-04 17:09:45,963 - Epoch:015, train_loss:0.9859, val_auc:0.9750, val_ap: 0.9751
2023-04-04 17:09:46,015 - Epoch:016, train_loss:0.9571, val_auc:0.9750, val_ap: 0.9753
2023-04-04 17:09:46,064 - Epoch:017, train_loss:0.9754, val_auc:0.9752, val_ap: 0.9754, text_auc:0.9716, text_ap: 0.9709
2023-04-04 17:09:46,125 - Epoch:018, train_loss:0.9388, val_auc:0.9751, val_ap: 0.9753
2023-04-04 17:09:46,180 - Epoch:019, train_loss:0.9450, val_auc:0.9751, val_ap: 0.9753
2023-04-04 17:09:46,245 - Epoch:020, train_loss:0.9141, val_auc:0.9748, val_ap: 0.9750
2023-04-04 17:09:46,275 - Epoch:021, train_loss:0.9151, val_auc:0.9745, val_ap: 0.9747
2023-04-04 17:09:46,320 - Epoch:022, train_loss:0.8912, val_auc:0.9746, val_ap: 0.9749
2023-04-04 17:09:46,372 - Epoch:023, train_loss:0.8681, val_auc:0.9747, val_ap: 0.9750
2023-04-04 17:09:46,440 - Epoch:024, train_loss:0.8760, val_auc:0.9746, val_ap: 0.9749
2023-04-04 17:09:46,479 - Epoch:025, train_loss:0.8563, val_auc:0.9745, val_ap: 0.9748
2023-04-04 17:09:46,519 - Epoch:026, train_loss:0.8651, val_auc:0.9745, val_ap: 0.9749
2023-04-04 17:09:46,584 - Epoch:027, train_loss:0.8799, val_auc:0.9743, val_ap: 0.9747
2023-04-04 17:09:46,645 - Epoch:028, train_loss:0.8610, val_auc:0.9743, val_ap: 0.9748
2023-04-04 17:09:46,697 - Epoch:029, train_loss:0.8512, val_auc:0.9740, val_ap: 0.9746
2023-04-04 17:09:46,750 - Epoch:030, train_loss:0.8425, val_auc:0.9738, val_ap: 0.9744
2023-04-04 17:09:46,798 - Epoch:031, train_loss:0.8354, val_auc:0.9734, val_ap: 0.9740
2023-04-04 17:09:46,860 - Epoch:032, train_loss:0.8372, val_auc:0.9732, val_ap: 0.9740
2023-04-04 17:09:46,909 - Epoch:033, train_loss:0.8370, val_auc:0.9732, val_ap: 0.9739
2023-04-04 17:09:46,943 - Epoch:034, train_loss:0.8104, val_auc:0.9731, val_ap: 0.9739
2023-04-04 17:09:46,996 - Epoch:035, train_loss:0.8244, val_auc:0.9732, val_ap: 0.9742
2023-04-04 17:09:47,041 - Epoch:036, train_loss:0.8119, val_auc:0.9731, val_ap: 0.9741
2023-04-04 17:09:47,100 - Epoch:037, train_loss:0.8073, val_auc:0.9729, val_ap: 0.9740
2023-04-04 17:09:47,144 - Epoch:038, train_loss:0.8075, val_auc:0.9729, val_ap: 0.9741
2023-04-04 17:09:47,191 - Epoch:039, train_loss:0.8208, val_auc:0.9729, val_ap: 0.9742
2023-04-04 17:09:47,234 - Epoch:040, train_loss:0.7906, val_auc:0.9731, val_ap: 0.9744
2023-04-04 17:09:47,296 - Epoch:041, train_loss:0.8072, val_auc:0.9734, val_ap: 0.9746
2023-04-04 17:09:47,332 - Epoch:042, train_loss:0.8053, val_auc:0.9735, val_ap: 0.9747
2023-04-04 17:09:47,388 - Epoch:043, train_loss:0.8143, val_auc:0.9734, val_ap: 0.9747
2023-04-04 17:09:47,426 - Epoch:044, train_loss:0.7924, val_auc:0.9729, val_ap: 0.9745
2023-04-04 17:09:47,470 - Epoch:045, train_loss:0.7834, val_auc:0.9725, val_ap: 0.9742
2023-04-04 17:09:47,535 - Epoch:046, train_loss:0.7685, val_auc:0.9725, val_ap: 0.9743
2023-04-04 17:09:47,595 - Epoch:047, train_loss:0.7785, val_auc:0.9724, val_ap: 0.9742
2023-04-04 17:09:47,646 - Epoch:048, train_loss:0.7740, val_auc:0.9722, val_ap: 0.9742
2023-04-04 17:09:47,717 - Epoch:049, train_loss:0.7734, val_auc:0.9723, val_ap: 0.9743
2023-04-04 17:09:47,799 - Epoch:050, train_loss:0.7783, val_auc:0.9721, val_ap: 0.9742
2023-04-04 17:09:47,841 - Epoch:051, train_loss:0.7694, val_auc:0.9720, val_ap: 0.9741
2023-04-04 17:09:47,890 - Epoch:052, train_loss:0.7780, val_auc:0.9722, val_ap: 0.9744
2023-04-04 17:09:47,944 - Epoch:053, train_loss:0.7716, val_auc:0.9721, val_ap: 0.9745
2023-04-04 17:09:47,981 - Epoch:054, train_loss:0.7771, val_auc:0.9720, val_ap: 0.9744
2023-04-04 17:09:48,036 - Epoch:055, train_loss:0.7626, val_auc:0.9719, val_ap: 0.9745
2023-04-04 17:09:48,074 - Epoch:056, train_loss:0.7756, val_auc:0.9716, val_ap: 0.9743
2023-04-04 17:09:48,123 - Epoch:057, train_loss:0.7708, val_auc:0.9713, val_ap: 0.9742
2023-04-04 17:09:48,164 - Epoch:058, train_loss:0.7659, val_auc:0.9710, val_ap: 0.9741
2023-04-04 17:09:48,241 - Epoch:059, train_loss:0.7740, val_auc:0.9708, val_ap: 0.9740
2023-04-04 17:09:48,283 - Epoch:060, train_loss:0.7651, val_auc:0.9710, val_ap: 0.9742
2023-04-04 17:09:48,322 - Epoch:061, train_loss:0.7686, val_auc:0.9709, val_ap: 0.9742
2023-04-04 17:09:48,386 - Epoch:062, train_loss:0.7703, val_auc:0.9710, val_ap: 0.9743
2023-04-04 17:09:48,432 - Epoch:063, train_loss:0.7613, val_auc:0.9711, val_ap: 0.9744
2023-04-04 17:09:48,470 - Epoch:064, train_loss:0.7656, val_auc:0.9711, val_ap: 0.9744
2023-04-04 17:09:48,526 - Epoch:065, train_loss:0.7522, val_auc:0.9713, val_ap: 0.9746
2023-04-04 17:09:48,577 - Epoch:066, train_loss:0.7574, val_auc:0.9712, val_ap: 0.9745
2023-04-04 17:09:48,634 - Epoch:067, train_loss:0.7588, val_auc:0.9710, val_ap: 0.9745
2023-04-04 17:09:48,681 - Epoch:068, train_loss:0.7569, val_auc:0.9707, val_ap: 0.9743
2023-04-04 17:09:48,738 - Epoch:069, train_loss:0.7536, val_auc:0.9704, val_ap: 0.9742
2023-04-04 17:09:48,796 - Epoch:070, train_loss:0.7593, val_auc:0.9703, val_ap: 0.9742
2023-04-04 17:09:48,831 - Epoch:071, train_loss:0.7577, val_auc:0.9704, val_ap: 0.9743
2023-04-04 17:09:48,873 - Epoch:072, train_loss:0.7466, val_auc:0.9705, val_ap: 0.9744
2023-04-04 17:09:48,938 - Epoch:073, train_loss:0.7488, val_auc:0.9706, val_ap: 0.9745
2023-04-04 17:09:49,018 - Epoch:074, train_loss:0.7496, val_auc:0.9706, val_ap: 0.9745
2023-04-04 17:09:49,074 - Epoch:075, train_loss:0.7518, val_auc:0.9702, val_ap: 0.9743
2023-04-04 17:09:49,133 - Epoch:076, train_loss:0.7545, val_auc:0.9702, val_ap: 0.9743
2023-04-04 17:09:49,186 - Epoch:077, train_loss:0.7573, val_auc:0.9702, val_ap: 0.9743
2023-04-04 17:09:49,229 - Epoch:078, train_loss:0.7656, val_auc:0.9699, val_ap: 0.9741
2023-04-04 17:09:49,294 - Epoch:079, train_loss:0.7489, val_auc:0.9697, val_ap: 0.9740
2023-04-04 17:09:49,349 - Epoch:080, train_loss:0.7474, val_auc:0.9695, val_ap: 0.9739
2023-04-04 17:09:49,398 - Epoch:081, train_loss:0.7537, val_auc:0.9691, val_ap: 0.9736
2023-04-04 17:09:49,451 - Epoch:082, train_loss:0.7519, val_auc:0.9689, val_ap: 0.9736
2023-04-04 17:09:49,501 - Epoch:083, train_loss:0.7429, val_auc:0.9687, val_ap: 0.9735
2023-04-04 17:09:49,538 - Epoch:084, train_loss:0.7555, val_auc:0.9683, val_ap: 0.9733
2023-04-04 17:09:49,589 - Epoch:085, train_loss:0.7481, val_auc:0.9682, val_ap: 0.9733
2023-04-04 17:09:49,641 - Epoch:086, train_loss:0.7578, val_auc:0.9681, val_ap: 0.9733
2023-04-04 17:09:49,676 - Epoch:087, train_loss:0.7446, val_auc:0.9681, val_ap: 0.9734
2023-04-04 17:09:49,734 - Epoch:088, train_loss:0.7437, val_auc:0.9679, val_ap: 0.9732
2023-04-04 17:09:49,776 - Epoch:089, train_loss:0.7439, val_auc:0.9680, val_ap: 0.9733
2023-04-04 17:09:49,812 - Epoch:090, train_loss:0.7497, val_auc:0.9679, val_ap: 0.9733
2023-04-04 17:09:49,852 - Epoch:091, train_loss:0.7478, val_auc:0.9677, val_ap: 0.9732
2023-04-04 17:09:49,899 - Epoch:092, train_loss:0.7415, val_auc:0.9677, val_ap: 0.9732
2023-04-04 17:09:49,961 - Epoch:093, train_loss:0.7523, val_auc:0.9673, val_ap: 0.9731
2023-04-04 17:09:50,018 - Epoch:094, train_loss:0.7456, val_auc:0.9670, val_ap: 0.9729
2023-04-04 17:09:50,078 - Epoch:095, train_loss:0.7448, val_auc:0.9669, val_ap: 0.9729
2023-04-04 17:09:50,141 - Epoch:096, train_loss:0.7572, val_auc:0.9668, val_ap: 0.9729
2023-04-04 17:09:50,184 - Epoch:097, train_loss:0.7565, val_auc:0.9666, val_ap: 0.9727
2023-04-04 17:09:50,247 - Epoch:098, train_loss:0.7374, val_auc:0.9664, val_ap: 0.9725
2023-04-04 17:09:50,295 - Epoch:099, train_loss:0.7468, val_auc:0.9664, val_ap: 0.9725
2023-04-04 17:09:50,354 - Epoch:100, train_loss:0.7410, val_auc:0.9663, val_ap: 0.9724
2023-04-04 17:09:50,399 - Epoch:101, train_loss:0.7405, val_auc:0.9660, val_ap: 0.9723
2023-04-04 17:09:50,461 - Epoch:102, train_loss:0.7405, val_auc:0.9657, val_ap: 0.9722
2023-04-04 17:09:50,507 - Epoch:103, train_loss:0.7487, val_auc:0.9655, val_ap: 0.9721
2023-04-04 17:09:50,525 - Epoch:104, train_loss:0.7469, val_auc:0.9656, val_ap: 0.9722
2023-04-04 17:09:50,575 - Epoch:105, train_loss:0.7384, val_auc:0.9654, val_ap: 0.9721
2023-04-04 17:09:50,619 - Epoch:106, train_loss:0.7443, val_auc:0.9657, val_ap: 0.9724
2023-04-04 17:09:50,676 - Epoch:107, train_loss:0.7387, val_auc:0.9659, val_ap: 0.9725
2023-04-04 17:09:50,735 - Epoch:108, train_loss:0.7484, val_auc:0.9658, val_ap: 0.9724
2023-04-04 17:09:50,782 - Epoch:109, train_loss:0.7478, val_auc:0.9652, val_ap: 0.9720
2023-04-04 17:09:50,824 - Epoch:110, train_loss:0.7419, val_auc:0.9647, val_ap: 0.9716
2023-04-04 17:09:50,882 - Epoch:111, train_loss:0.7450, val_auc:0.9642, val_ap: 0.9713
2023-04-04 17:09:50,939 - Epoch:112, train_loss:0.7370, val_auc:0.9638, val_ap: 0.9711
2023-04-04 17:09:50,965 - Epoch:113, train_loss:0.7486, val_auc:0.9635, val_ap: 0.9709
2023-04-04 17:09:51,006 - Epoch:114, train_loss:0.7394, val_auc:0.9632, val_ap: 0.9707
2023-04-04 17:09:51,049 - Epoch:115, train_loss:0.7396, val_auc:0.9631, val_ap: 0.9707
2023-04-04 17:09:51,086 - Epoch:116, train_loss:0.7514, val_auc:0.9629, val_ap: 0.9706
2023-04-04 17:09:51,156 - Epoch:117, train_loss:0.7484, val_auc:0.9626, val_ap: 0.9705
2023-04-04 17:09:51,203 - Epoch:118, train_loss:0.7316, val_auc:0.9621, val_ap: 0.9702
2023-04-04 17:09:51,241 - Epoch:119, train_loss:0.7491, val_auc:0.9619, val_ap: 0.9700
2023-04-04 17:09:51,292 - Epoch:120, train_loss:0.7426, val_auc:0.9617, val_ap: 0.9699
2023-04-04 17:09:51,342 - Epoch:121, train_loss:0.7373, val_auc:0.9615, val_ap: 0.9697
2023-04-04 17:09:51,400 - Epoch:122, train_loss:0.7452, val_auc:0.9610, val_ap: 0.9694
2023-04-04 17:09:51,442 - Epoch:123, train_loss:0.7411, val_auc:0.9605, val_ap: 0.9691
2023-04-04 17:09:51,501 - Epoch:124, train_loss:0.7417, val_auc:0.9604, val_ap: 0.9691
2023-04-04 17:09:51,561 - Epoch:125, train_loss:0.7431, val_auc:0.9602, val_ap: 0.9690
2023-04-04 17:09:51,596 - Epoch:126, train_loss:0.7370, val_auc:0.9600, val_ap: 0.9690
2023-04-04 17:09:51,650 - Epoch:127, train_loss:0.7391, val_auc:0.9598, val_ap: 0.9689
2023-04-04 17:09:51,703 - Epoch:128, train_loss:0.7405, val_auc:0.9593, val_ap: 0.9687
2023-04-04 17:09:51,766 - Epoch:129, train_loss:0.7383, val_auc:0.9590, val_ap: 0.9686
2023-04-04 17:09:51,793 - Epoch:130, train_loss:0.7345, val_auc:0.9588, val_ap: 0.9685
2023-04-04 17:09:51,838 - Epoch:131, train_loss:0.7440, val_auc:0.9587, val_ap: 0.9685
2023-04-04 17:09:51,880 - Epoch:132, train_loss:0.7475, val_auc:0.9585, val_ap: 0.9684
2023-04-04 17:09:51,927 - Epoch:133, train_loss:0.7503, val_auc:0.9581, val_ap: 0.9682
2023-04-04 17:09:51,971 - Epoch:134, train_loss:0.7422, val_auc:0.9577, val_ap: 0.9681
2023-04-04 17:09:52,008 - Epoch:135, train_loss:0.7394, val_auc:0.9576, val_ap: 0.9680
2023-04-04 17:09:52,058 - Epoch:136, train_loss:0.7385, val_auc:0.9573, val_ap: 0.9679
2023-04-04 17:09:52,108 - Epoch:137, train_loss:0.7523, val_auc:0.9567, val_ap: 0.9676
2023-04-04 17:09:52,143 - Epoch:138, train_loss:0.7418, val_auc:0.9566, val_ap: 0.9676
2023-04-04 17:09:52,209 - Epoch:139, train_loss:0.7386, val_auc:0.9561, val_ap: 0.9674
2023-04-04 17:09:52,274 - Epoch:140, train_loss:0.7330, val_auc:0.9557, val_ap: 0.9672
2023-04-04 17:09:52,329 - Epoch:141, train_loss:0.7353, val_auc:0.9554, val_ap: 0.9672
2023-04-04 17:09:52,373 - Epoch:142, train_loss:0.7287, val_auc:0.9553, val_ap: 0.9671
2023-04-04 17:09:52,432 - Epoch:143, train_loss:0.7250, val_auc:0.9551, val_ap: 0.9670
2023-04-04 17:09:52,489 - Epoch:144, train_loss:0.7449, val_auc:0.9549, val_ap: 0.9669
2023-04-04 17:09:52,532 - Epoch:145, train_loss:0.7343, val_auc:0.9546, val_ap: 0.9667
2023-04-04 17:09:52,575 - Epoch:146, train_loss:0.7368, val_auc:0.9548, val_ap: 0.9669
2023-04-04 17:09:52,630 - Epoch:147, train_loss:0.7428, val_auc:0.9547, val_ap: 0.9669
2023-04-04 17:09:52,675 - Epoch:148, train_loss:0.7315, val_auc:0.9545, val_ap: 0.9666
2023-04-04 17:09:52,721 - Epoch:149, train_loss:0.7327, val_auc:0.9545, val_ap: 0.9666
2023-04-04 17:09:52,776 - Epoch:150, train_loss:0.7362, val_auc:0.9544, val_ap: 0.9665
2023-04-04 17:09:52,847 - Epoch:151, train_loss:0.7447, val_auc:0.9542, val_ap: 0.9665
2023-04-04 17:09:52,902 - Epoch:152, train_loss:0.7423, val_auc:0.9538, val_ap: 0.9663
2023-04-04 17:09:52,946 - Epoch:153, train_loss:0.7386, val_auc:0.9534, val_ap: 0.9662
2023-04-04 17:09:52,983 - Epoch:154, train_loss:0.7424, val_auc:0.9532, val_ap: 0.9661
2023-04-04 17:09:53,025 - Epoch:155, train_loss:0.7454, val_auc:0.9533, val_ap: 0.9661
2023-04-04 17:09:53,081 - Epoch:156, train_loss:0.7370, val_auc:0.9532, val_ap: 0.9660
2023-04-04 17:09:53,117 - Epoch:157, train_loss:0.7311, val_auc:0.9526, val_ap: 0.9657
2023-04-04 17:09:53,164 - Epoch:158, train_loss:0.7375, val_auc:0.9521, val_ap: 0.9654
2023-04-04 17:09:53,199 - Epoch:159, train_loss:0.7385, val_auc:0.9521, val_ap: 0.9653
2023-04-04 17:09:53,219 - Epoch:160, train_loss:0.7382, val_auc:0.9517, val_ap: 0.9651
2023-04-04 17:09:53,253 - Epoch:161, train_loss:0.7377, val_auc:0.9517, val_ap: 0.9652
2023-04-04 17:09:53,292 - Epoch:162, train_loss:0.7376, val_auc:0.9518, val_ap: 0.9652
2023-04-04 17:09:53,370 - Epoch:163, train_loss:0.7394, val_auc:0.9516, val_ap: 0.9651
2023-04-04 17:09:53,426 - Epoch:164, train_loss:0.7412, val_auc:0.9518, val_ap: 0.9652
2023-04-04 17:09:53,504 - Epoch:165, train_loss:0.7444, val_auc:0.9520, val_ap: 0.9654
2023-04-04 17:09:53,561 - Epoch:166, train_loss:0.7301, val_auc:0.9522, val_ap: 0.9654
2023-04-04 17:09:53,611 - Epoch:167, train_loss:0.7348, val_auc:0.9521, val_ap: 0.9653
2023-04-04 17:09:53,670 - Epoch:168, train_loss:0.7331, val_auc:0.9519, val_ap: 0.9652
2023-04-04 17:09:53,731 - Epoch:169, train_loss:0.7412, val_auc:0.9517, val_ap: 0.9651
2023-04-04 17:09:53,757 - Epoch:170, train_loss:0.7384, val_auc:0.9517, val_ap: 0.9652
2023-04-04 17:09:53,804 - Epoch:171, train_loss:0.7389, val_auc:0.9521, val_ap: 0.9654
2023-04-04 17:09:53,854 - Epoch:172, train_loss:0.7397, val_auc:0.9520, val_ap: 0.9654
2023-04-04 17:09:53,890 - Epoch:173, train_loss:0.7322, val_auc:0.9518, val_ap: 0.9652
2023-04-04 17:09:53,928 - Epoch:174, train_loss:0.7312, val_auc:0.9518, val_ap: 0.9651
2023-04-04 17:09:53,974 - Epoch:175, train_loss:0.7379, val_auc:0.9517, val_ap: 0.9649
2023-04-04 17:09:54,025 - Epoch:176, train_loss:0.7317, val_auc:0.9517, val_ap: 0.9648
2023-04-04 17:09:54,077 - Epoch:177, train_loss:0.7351, val_auc:0.9517, val_ap: 0.9649
2023-04-04 17:09:54,103 - Epoch:178, train_loss:0.7353, val_auc:0.9515, val_ap: 0.9649
2023-04-04 17:09:54,145 - Epoch:179, train_loss:0.7391, val_auc:0.9513, val_ap: 0.9648
2023-04-04 17:09:54,201 - Epoch:180, train_loss:0.7352, val_auc:0.9514, val_ap: 0.9649
2023-04-04 17:09:54,263 - Epoch:181, train_loss:0.7433, val_auc:0.9516, val_ap: 0.9650
2023-04-04 17:09:54,307 - Epoch:182, train_loss:0.7312, val_auc:0.9513, val_ap: 0.9647
2023-04-04 17:09:54,360 - Epoch:183, train_loss:0.7305, val_auc:0.9511, val_ap: 0.9645
2023-04-04 17:09:54,416 - Epoch:184, train_loss:0.7322, val_auc:0.9513, val_ap: 0.9645
2023-04-04 17:09:54,467 - Epoch:185, train_loss:0.7313, val_auc:0.9514, val_ap: 0.9645
2023-04-04 17:09:54,512 - Epoch:186, train_loss:0.7332, val_auc:0.9519, val_ap: 0.9647
2023-04-04 17:09:54,562 - Epoch:187, train_loss:0.7356, val_auc:0.9522, val_ap: 0.9648
2023-04-04 17:09:54,626 - Epoch:188, train_loss:0.7336, val_auc:0.9524, val_ap: 0.9650
2023-04-04 17:09:54,659 - Epoch:189, train_loss:0.7391, val_auc:0.9520, val_ap: 0.9648
2023-04-04 17:09:54,704 - Epoch:190, train_loss:0.7331, val_auc:0.9519, val_ap: 0.9646
2023-04-04 17:09:54,755 - Epoch:191, train_loss:0.7336, val_auc:0.9517, val_ap: 0.9645
2023-04-04 17:09:54,796 - Epoch:192, train_loss:0.7252, val_auc:0.9513, val_ap: 0.9642
2023-04-04 17:09:54,848 - Epoch:193, train_loss:0.7298, val_auc:0.9511, val_ap: 0.9641
2023-04-04 17:09:54,893 - Epoch:194, train_loss:0.7339, val_auc:0.9507, val_ap: 0.9638
2023-04-04 17:09:54,934 - Epoch:195, train_loss:0.7322, val_auc:0.9504, val_ap: 0.9637
2023-04-04 17:09:54,990 - Epoch:196, train_loss:0.7342, val_auc:0.9503, val_ap: 0.9636
2023-04-04 17:09:55,044 - Epoch:197, train_loss:0.7304, val_auc:0.9503, val_ap: 0.9637
2023-04-04 17:09:55,071 - Epoch:198, train_loss:0.7296, val_auc:0.9502, val_ap: 0.9635
2023-04-04 17:09:55,106 - Epoch:199, train_loss:0.7318, val_auc:0.9499, val_ap: 0.9633
2023-04-04 17:09:55,106 - final results:
2023-04-04 17:09:55,106 - ====================================================================================
2023-04-04 17:09:55,107 - AUC:0.9647+-0.0058 [0.9556671899529043, 0.9665354425793986, 0.9649752445356842, 0.9716024634705953]
2023-04-04 17:09:55,107 - AP:0.9674+-0.0032 [0.9622587847617551, 0.9690555791036982, 0.9675177431088533, 0.9708557522211866]
2023-04-04 17:09:55,270 - Epoch:000, train_loss:4.9349, val_auc:0.9308, val_ap: 0.9474, text_auc:0.9051, text_ap: 0.9286
2023-04-04 17:09:55,335 - Epoch:001, train_loss:3.9232, val_auc:0.9571, val_ap: 0.9662, text_auc:0.9422, text_ap: 0.9526
2023-04-04 17:09:55,419 - Epoch:002, train_loss:3.2327, val_auc:0.9702, val_ap: 0.9740, text_auc:0.9597, text_ap: 0.9634
2023-04-04 17:09:55,489 - Epoch:003, train_loss:1.9374, val_auc:0.9765, val_ap: 0.9775, text_auc:0.9603, text_ap: 0.9622
2023-04-04 17:09:55,540 - Epoch:004, train_loss:1.6387, val_auc:0.9758, val_ap: 0.9767
2023-04-04 17:09:55,586 - Epoch:005, train_loss:1.5891, val_auc:0.9745, val_ap: 0.9757
2023-04-04 17:09:55,644 - Epoch:006, train_loss:1.2802, val_auc:0.9738, val_ap: 0.9751
2023-04-04 17:09:55,690 - Epoch:007, train_loss:1.1618, val_auc:0.9740, val_ap: 0.9752
2023-04-04 17:09:55,729 - Epoch:008, train_loss:1.1403, val_auc:0.9748, val_ap: 0.9758
2023-04-04 17:09:55,769 - Epoch:009, train_loss:1.1340, val_auc:0.9755, val_ap: 0.9764
2023-04-04 17:09:55,796 - Epoch:010, train_loss:1.0978, val_auc:0.9756, val_ap: 0.9765
2023-04-04 17:09:55,840 - Epoch:011, train_loss:1.0291, val_auc:0.9761, val_ap: 0.9770
2023-04-04 17:09:55,898 - Epoch:012, train_loss:1.0265, val_auc:0.9762, val_ap: 0.9772
2023-04-04 17:09:55,963 - Epoch:013, train_loss:0.9797, val_auc:0.9765, val_ap: 0.9776, text_auc:0.9670, text_ap: 0.9671
2023-04-04 17:09:56,032 - Epoch:014, train_loss:0.9799, val_auc:0.9767, val_ap: 0.9779, text_auc:0.9677, text_ap: 0.9678
2023-04-04 17:09:56,113 - Epoch:015, train_loss:0.9400, val_auc:0.9772, val_ap: 0.9782, text_auc:0.9684, text_ap: 0.9683
2023-04-04 17:09:56,161 - Epoch:016, train_loss:0.9389, val_auc:0.9775, val_ap: 0.9785, text_auc:0.9690, text_ap: 0.9688
2023-04-04 17:09:56,230 - Epoch:017, train_loss:0.9372, val_auc:0.9779, val_ap: 0.9788, text_auc:0.9698, text_ap: 0.9695
2023-04-04 17:09:56,297 - Epoch:018, train_loss:0.9287, val_auc:0.9783, val_ap: 0.9792, text_auc:0.9705, text_ap: 0.9700
2023-04-04 17:09:56,361 - Epoch:019, train_loss:0.9202, val_auc:0.9788, val_ap: 0.9795, text_auc:0.9707, text_ap: 0.9704
2023-04-04 17:09:56,427 - Epoch:020, train_loss:0.8891, val_auc:0.9792, val_ap: 0.9800, text_auc:0.9708, text_ap: 0.9707
2023-04-04 17:09:56,503 - Epoch:021, train_loss:0.8825, val_auc:0.9794, val_ap: 0.9802, text_auc:0.9710, text_ap: 0.9711
2023-04-04 17:09:56,548 - Epoch:022, train_loss:0.8691, val_auc:0.9798, val_ap: 0.9806, text_auc:0.9712, text_ap: 0.9714
2023-04-04 17:09:56,619 - Epoch:023, train_loss:0.8747, val_auc:0.9801, val_ap: 0.9809, text_auc:0.9713, text_ap: 0.9716
2023-04-04 17:09:56,688 - Epoch:024, train_loss:0.8780, val_auc:0.9807, val_ap: 0.9815, text_auc:0.9714, text_ap: 0.9718
2023-04-04 17:09:56,748 - Epoch:025, train_loss:0.8769, val_auc:0.9808, val_ap: 0.9817, text_auc:0.9716, text_ap: 0.9721
2023-04-04 17:09:56,807 - Epoch:026, train_loss:0.8615, val_auc:0.9808, val_ap: 0.9818, text_auc:0.9720, text_ap: 0.9724
2023-04-04 17:09:56,881 - Epoch:027, train_loss:0.8380, val_auc:0.9811, val_ap: 0.9821, text_auc:0.9723, text_ap: 0.9727
2023-04-04 17:09:56,935 - Epoch:028, train_loss:0.8480, val_auc:0.9812, val_ap: 0.9823, text_auc:0.9726, text_ap: 0.9729
2023-04-04 17:09:56,970 - Epoch:029, train_loss:0.8274, val_auc:0.9812, val_ap: 0.9822
2023-04-04 17:09:57,039 - Epoch:030, train_loss:0.8288, val_auc:0.9811, val_ap: 0.9822
2023-04-04 17:09:57,130 - Epoch:031, train_loss:0.8193, val_auc:0.9813, val_ap: 0.9824, text_auc:0.9736, text_ap: 0.9737
2023-04-04 17:09:57,194 - Epoch:032, train_loss:0.8222, val_auc:0.9814, val_ap: 0.9824, text_auc:0.9738, text_ap: 0.9739
2023-04-04 17:09:57,254 - Epoch:033, train_loss:0.8207, val_auc:0.9815, val_ap: 0.9826, text_auc:0.9740, text_ap: 0.9742
2023-04-04 17:09:57,314 - Epoch:034, train_loss:0.8085, val_auc:0.9819, val_ap: 0.9829, text_auc:0.9742, text_ap: 0.9744
2023-04-04 17:09:57,376 - Epoch:035, train_loss:0.8164, val_auc:0.9823, val_ap: 0.9832, text_auc:0.9743, text_ap: 0.9746
2023-04-04 17:09:57,427 - Epoch:036, train_loss:0.7902, val_auc:0.9826, val_ap: 0.9835, text_auc:0.9744, text_ap: 0.9747
2023-04-04 17:09:57,493 - Epoch:037, train_loss:0.7925, val_auc:0.9827, val_ap: 0.9837, text_auc:0.9744, text_ap: 0.9748
2023-04-04 17:09:57,549 - Epoch:038, train_loss:0.7940, val_auc:0.9827, val_ap: 0.9838
2023-04-04 17:09:57,603 - Epoch:039, train_loss:0.7914, val_auc:0.9827, val_ap: 0.9838
2023-04-04 17:09:57,631 - Epoch:040, train_loss:0.7913, val_auc:0.9825, val_ap: 0.9837
2023-04-04 17:09:57,678 - Epoch:041, train_loss:0.7904, val_auc:0.9822, val_ap: 0.9835
2023-04-04 17:09:57,711 - Epoch:042, train_loss:0.7827, val_auc:0.9821, val_ap: 0.9835
2023-04-04 17:09:57,773 - Epoch:043, train_loss:0.7845, val_auc:0.9820, val_ap: 0.9834
2023-04-04 17:09:57,826 - Epoch:044, train_loss:0.7831, val_auc:0.9820, val_ap: 0.9834
2023-04-04 17:09:57,852 - Epoch:045, train_loss:0.7709, val_auc:0.9822, val_ap: 0.9836
2023-04-04 17:09:57,913 - Epoch:046, train_loss:0.7862, val_auc:0.9824, val_ap: 0.9839
2023-04-04 17:09:57,979 - Epoch:047, train_loss:0.7792, val_auc:0.9826, val_ap: 0.9841, text_auc:0.9749, text_ap: 0.9757
2023-04-04 17:09:58,046 - Epoch:048, train_loss:0.7849, val_auc:0.9827, val_ap: 0.9843, text_auc:0.9749, text_ap: 0.9757
2023-04-04 17:09:58,098 - Epoch:049, train_loss:0.7703, val_auc:0.9827, val_ap: 0.9842
2023-04-04 17:09:58,164 - Epoch:050, train_loss:0.7752, val_auc:0.9826, val_ap: 0.9842
2023-04-04 17:09:58,215 - Epoch:051, train_loss:0.7689, val_auc:0.9825, val_ap: 0.9842
2023-04-04 17:09:58,262 - Epoch:052, train_loss:0.7788, val_auc:0.9822, val_ap: 0.9840
2023-04-04 17:09:58,298 - Epoch:053, train_loss:0.7636, val_auc:0.9818, val_ap: 0.9838
2023-04-04 17:09:58,338 - Epoch:054, train_loss:0.7795, val_auc:0.9815, val_ap: 0.9836
2023-04-04 17:09:58,369 - Epoch:055, train_loss:0.7581, val_auc:0.9812, val_ap: 0.9834
2023-04-04 17:09:58,401 - Epoch:056, train_loss:0.7622, val_auc:0.9809, val_ap: 0.9833
2023-04-04 17:09:58,467 - Epoch:057, train_loss:0.7631, val_auc:0.9807, val_ap: 0.9832
2023-04-04 17:09:58,501 - Epoch:058, train_loss:0.7701, val_auc:0.9809, val_ap: 0.9834
2023-04-04 17:09:58,561 - Epoch:059, train_loss:0.7640, val_auc:0.9809, val_ap: 0.9835
2023-04-04 17:09:58,620 - Epoch:060, train_loss:0.7626, val_auc:0.9808, val_ap: 0.9835
2023-04-04 17:09:58,659 - Epoch:061, train_loss:0.7623, val_auc:0.9805, val_ap: 0.9832
2023-04-04 17:09:58,730 - Epoch:062, train_loss:0.7609, val_auc:0.9801, val_ap: 0.9830
2023-04-04 17:09:58,773 - Epoch:063, train_loss:0.7602, val_auc:0.9799, val_ap: 0.9828
2023-04-04 17:09:58,807 - Epoch:064, train_loss:0.7562, val_auc:0.9795, val_ap: 0.9827
2023-04-04 17:09:58,834 - Epoch:065, train_loss:0.7561, val_auc:0.9793, val_ap: 0.9826
2023-04-04 17:09:58,888 - Epoch:066, train_loss:0.7537, val_auc:0.9790, val_ap: 0.9824
2023-04-04 17:09:58,946 - Epoch:067, train_loss:0.7585, val_auc:0.9790, val_ap: 0.9824
2023-04-04 17:09:59,003 - Epoch:068, train_loss:0.7556, val_auc:0.9787, val_ap: 0.9823
2023-04-04 17:09:59,047 - Epoch:069, train_loss:0.7592, val_auc:0.9784, val_ap: 0.9822
2023-04-04 17:09:59,085 - Epoch:070, train_loss:0.7582, val_auc:0.9780, val_ap: 0.9819
2023-04-04 17:09:59,130 - Epoch:071, train_loss:0.7430, val_auc:0.9779, val_ap: 0.9819
2023-04-04 17:09:59,190 - Epoch:072, train_loss:0.7379, val_auc:0.9774, val_ap: 0.9817
2023-04-04 17:09:59,229 - Epoch:073, train_loss:0.7577, val_auc:0.9769, val_ap: 0.9813
2023-04-04 17:09:59,270 - Epoch:074, train_loss:0.7549, val_auc:0.9768, val_ap: 0.9813
2023-04-04 17:09:59,319 - Epoch:075, train_loss:0.7550, val_auc:0.9766, val_ap: 0.9812
2023-04-04 17:09:59,377 - Epoch:076, train_loss:0.7408, val_auc:0.9764, val_ap: 0.9811
2023-04-04 17:09:59,419 - Epoch:077, train_loss:0.7399, val_auc:0.9762, val_ap: 0.9810
2023-04-04 17:09:59,448 - Epoch:078, train_loss:0.7495, val_auc:0.9760, val_ap: 0.9809
2023-04-04 17:09:59,495 - Epoch:079, train_loss:0.7538, val_auc:0.9756, val_ap: 0.9807
2023-04-04 17:09:59,546 - Epoch:080, train_loss:0.7488, val_auc:0.9754, val_ap: 0.9805
2023-04-04 17:09:59,594 - Epoch:081, train_loss:0.7333, val_auc:0.9749, val_ap: 0.9802
2023-04-04 17:09:59,631 - Epoch:082, train_loss:0.7515, val_auc:0.9746, val_ap: 0.9800
2023-04-04 17:09:59,668 - Epoch:083, train_loss:0.7412, val_auc:0.9743, val_ap: 0.9799
2023-04-04 17:09:59,709 - Epoch:084, train_loss:0.7503, val_auc:0.9739, val_ap: 0.9797
2023-04-04 17:09:59,769 - Epoch:085, train_loss:0.7387, val_auc:0.9736, val_ap: 0.9795
2023-04-04 17:09:59,806 - Epoch:086, train_loss:0.7470, val_auc:0.9732, val_ap: 0.9793
2023-04-04 17:09:59,842 - Epoch:087, train_loss:0.7394, val_auc:0.9729, val_ap: 0.9792
2023-04-04 17:09:59,887 - Epoch:088, train_loss:0.7422, val_auc:0.9727, val_ap: 0.9790
2023-04-04 17:09:59,942 - Epoch:089, train_loss:0.7428, val_auc:0.9725, val_ap: 0.9789
2023-04-04 17:09:59,976 - Epoch:090, train_loss:0.7513, val_auc:0.9722, val_ap: 0.9787
2023-04-04 17:10:00,019 - Epoch:091, train_loss:0.7563, val_auc:0.9718, val_ap: 0.9784
2023-04-04 17:10:00,070 - Epoch:092, train_loss:0.7511, val_auc:0.9717, val_ap: 0.9783
2023-04-04 17:10:00,122 - Epoch:093, train_loss:0.7494, val_auc:0.9716, val_ap: 0.9782
2023-04-04 17:10:00,181 - Epoch:094, train_loss:0.7427, val_auc:0.9714, val_ap: 0.9782
2023-04-04 17:10:00,226 - Epoch:095, train_loss:0.7509, val_auc:0.9710, val_ap: 0.9780
2023-04-04 17:10:00,279 - Epoch:096, train_loss:0.7416, val_auc:0.9706, val_ap: 0.9778
2023-04-04 17:10:00,310 - Epoch:097, train_loss:0.7492, val_auc:0.9701, val_ap: 0.9776
2023-04-04 17:10:00,352 - Epoch:098, train_loss:0.7457, val_auc:0.9698, val_ap: 0.9774
2023-04-04 17:10:00,394 - Epoch:099, train_loss:0.7405, val_auc:0.9697, val_ap: 0.9774
2023-04-04 17:10:00,460 - Epoch:100, train_loss:0.7410, val_auc:0.9697, val_ap: 0.9774
2023-04-04 17:10:00,494 - Epoch:101, train_loss:0.7458, val_auc:0.9695, val_ap: 0.9774
2023-04-04 17:10:00,538 - Epoch:102, train_loss:0.7478, val_auc:0.9694, val_ap: 0.9773
2023-04-04 17:10:00,581 - Epoch:103, train_loss:0.7330, val_auc:0.9695, val_ap: 0.9773
2023-04-04 17:10:00,633 - Epoch:104, train_loss:0.7371, val_auc:0.9694, val_ap: 0.9773
2023-04-04 17:10:00,703 - Epoch:105, train_loss:0.7415, val_auc:0.9693, val_ap: 0.9773
2023-04-04 17:10:00,766 - Epoch:106, train_loss:0.7405, val_auc:0.9689, val_ap: 0.9772
2023-04-04 17:10:00,799 - Epoch:107, train_loss:0.7468, val_auc:0.9683, val_ap: 0.9769
2023-04-04 17:10:00,852 - Epoch:108, train_loss:0.7367, val_auc:0.9681, val_ap: 0.9768
2023-04-04 17:10:00,898 - Epoch:109, train_loss:0.7378, val_auc:0.9683, val_ap: 0.9770
2023-04-04 17:10:00,943 - Epoch:110, train_loss:0.7440, val_auc:0.9682, val_ap: 0.9769
2023-04-04 17:10:00,986 - Epoch:111, train_loss:0.7437, val_auc:0.9684, val_ap: 0.9771
2023-04-04 17:10:01,030 - Epoch:112, train_loss:0.7333, val_auc:0.9684, val_ap: 0.9771
2023-04-04 17:10:01,086 - Epoch:113, train_loss:0.7421, val_auc:0.9684, val_ap: 0.9770
2023-04-04 17:10:01,128 - Epoch:114, train_loss:0.7402, val_auc:0.9680, val_ap: 0.9768
2023-04-04 17:10:01,177 - Epoch:115, train_loss:0.7399, val_auc:0.9678, val_ap: 0.9767
2023-04-04 17:10:01,224 - Epoch:116, train_loss:0.7391, val_auc:0.9678, val_ap: 0.9767
2023-04-04 17:10:01,277 - Epoch:117, train_loss:0.7350, val_auc:0.9676, val_ap: 0.9766
2023-04-04 17:10:01,313 - Epoch:118, train_loss:0.7350, val_auc:0.9677, val_ap: 0.9766
2023-04-04 17:10:01,365 - Epoch:119, train_loss:0.7461, val_auc:0.9678, val_ap: 0.9767
2023-04-04 17:10:01,421 - Epoch:120, train_loss:0.7387, val_auc:0.9677, val_ap: 0.9766
2023-04-04 17:10:01,486 - Epoch:121, train_loss:0.7451, val_auc:0.9676, val_ap: 0.9765
2023-04-04 17:10:01,531 - Epoch:122, train_loss:0.7365, val_auc:0.9676, val_ap: 0.9765
2023-04-04 17:10:01,593 - Epoch:123, train_loss:0.7361, val_auc:0.9672, val_ap: 0.9762
2023-04-04 17:10:01,649 - Epoch:124, train_loss:0.7354, val_auc:0.9669, val_ap: 0.9760
2023-04-04 17:10:01,705 - Epoch:125, train_loss:0.7322, val_auc:0.9668, val_ap: 0.9760
2023-04-04 17:10:01,734 - Epoch:126, train_loss:0.7396, val_auc:0.9668, val_ap: 0.9759
2023-04-04 17:10:01,786 - Epoch:127, train_loss:0.7403, val_auc:0.9669, val_ap: 0.9760
2023-04-04 17:10:01,834 - Epoch:128, train_loss:0.7357, val_auc:0.9668, val_ap: 0.9758
2023-04-04 17:10:01,881 - Epoch:129, train_loss:0.7344, val_auc:0.9668, val_ap: 0.9759
2023-04-04 17:10:01,922 - Epoch:130, train_loss:0.7394, val_auc:0.9670, val_ap: 0.9760
2023-04-04 17:10:01,962 - Epoch:131, train_loss:0.7371, val_auc:0.9670, val_ap: 0.9759
2023-04-04 17:10:01,987 - Epoch:132, train_loss:0.7398, val_auc:0.9669, val_ap: 0.9758
2023-04-04 17:10:02,043 - Epoch:133, train_loss:0.7447, val_auc:0.9668, val_ap: 0.9759
2023-04-04 17:10:02,092 - Epoch:134, train_loss:0.7352, val_auc:0.9669, val_ap: 0.9760
2023-04-04 17:10:02,117 - Epoch:135, train_loss:0.7387, val_auc:0.9669, val_ap: 0.9760
2023-04-04 17:10:02,161 - Epoch:136, train_loss:0.7417, val_auc:0.9669, val_ap: 0.9760
2023-04-04 17:10:02,203 - Epoch:137, train_loss:0.7416, val_auc:0.9670, val_ap: 0.9759
2023-04-04 17:10:02,255 - Epoch:138, train_loss:0.7447, val_auc:0.9675, val_ap: 0.9762
2023-04-04 17:10:02,295 - Epoch:139, train_loss:0.7349, val_auc:0.9674, val_ap: 0.9760
2023-04-04 17:10:02,349 - Epoch:140, train_loss:0.7352, val_auc:0.9672, val_ap: 0.9759
2023-04-04 17:10:02,394 - Epoch:141, train_loss:0.7331, val_auc:0.9672, val_ap: 0.9759
2023-04-04 17:10:02,439 - Epoch:142, train_loss:0.7432, val_auc:0.9672, val_ap: 0.9759
2023-04-04 17:10:02,479 - Epoch:143, train_loss:0.7430, val_auc:0.9670, val_ap: 0.9758
2023-04-04 17:10:02,534 - Epoch:144, train_loss:0.7304, val_auc:0.9668, val_ap: 0.9757
2023-04-04 17:10:02,585 - Epoch:145, train_loss:0.7367, val_auc:0.9666, val_ap: 0.9754
2023-04-04 17:10:02,633 - Epoch:146, train_loss:0.7301, val_auc:0.9664, val_ap: 0.9753
2023-04-04 17:10:02,689 - Epoch:147, train_loss:0.7395, val_auc:0.9666, val_ap: 0.9754
2023-04-04 17:10:02,728 - Epoch:148, train_loss:0.7419, val_auc:0.9668, val_ap: 0.9755
2023-04-04 17:10:02,760 - Epoch:149, train_loss:0.7377, val_auc:0.9668, val_ap: 0.9754
2023-04-04 17:10:02,835 - Epoch:150, train_loss:0.7437, val_auc:0.9669, val_ap: 0.9755
2023-04-04 17:10:02,877 - Epoch:151, train_loss:0.7359, val_auc:0.9665, val_ap: 0.9752
2023-04-04 17:10:02,914 - Epoch:152, train_loss:0.7389, val_auc:0.9661, val_ap: 0.9748
2023-04-04 17:10:02,953 - Epoch:153, train_loss:0.7362, val_auc:0.9658, val_ap: 0.9746
2023-04-04 17:10:02,999 - Epoch:154, train_loss:0.7327, val_auc:0.9658, val_ap: 0.9745
2023-04-04 17:10:03,055 - Epoch:155, train_loss:0.7356, val_auc:0.9662, val_ap: 0.9747
2023-04-04 17:10:03,087 - Epoch:156, train_loss:0.7344, val_auc:0.9664, val_ap: 0.9747
2023-04-04 17:10:03,120 - Epoch:157, train_loss:0.7343, val_auc:0.9662, val_ap: 0.9745
2023-04-04 17:10:03,167 - Epoch:158, train_loss:0.7407, val_auc:0.9661, val_ap: 0.9745
2023-04-04 17:10:03,225 - Epoch:159, train_loss:0.7359, val_auc:0.9660, val_ap: 0.9745
2023-04-04 17:10:03,253 - Epoch:160, train_loss:0.7326, val_auc:0.9663, val_ap: 0.9746
2023-04-04 17:10:03,289 - Epoch:161, train_loss:0.7338, val_auc:0.9665, val_ap: 0.9746
2023-04-04 17:10:03,350 - Epoch:162, train_loss:0.7390, val_auc:0.9669, val_ap: 0.9748
2023-04-04 17:10:03,394 - Epoch:163, train_loss:0.7440, val_auc:0.9673, val_ap: 0.9750
2023-04-04 17:10:03,443 - Epoch:164, train_loss:0.7363, val_auc:0.9673, val_ap: 0.9750
2023-04-04 17:10:03,483 - Epoch:165, train_loss:0.7399, val_auc:0.9669, val_ap: 0.9747
2023-04-04 17:10:03,526 - Epoch:166, train_loss:0.7472, val_auc:0.9666, val_ap: 0.9746
2023-04-04 17:10:03,565 - Epoch:167, train_loss:0.7404, val_auc:0.9662, val_ap: 0.9743
2023-04-04 17:10:03,605 - Epoch:168, train_loss:0.7328, val_auc:0.9661, val_ap: 0.9743
2023-04-04 17:10:03,650 - Epoch:169, train_loss:0.7388, val_auc:0.9662, val_ap: 0.9744
2023-04-04 17:10:03,704 - Epoch:170, train_loss:0.7312, val_auc:0.9663, val_ap: 0.9744
2023-04-04 17:10:03,757 - Epoch:171, train_loss:0.7405, val_auc:0.9663, val_ap: 0.9743
2023-04-04 17:10:03,815 - Epoch:172, train_loss:0.7317, val_auc:0.9663, val_ap: 0.9743
2023-04-04 17:10:03,867 - Epoch:173, train_loss:0.7266, val_auc:0.9660, val_ap: 0.9741
2023-04-04 17:10:03,922 - Epoch:174, train_loss:0.7273, val_auc:0.9657, val_ap: 0.9738
2023-04-04 17:10:03,974 - Epoch:175, train_loss:0.7324, val_auc:0.9656, val_ap: 0.9737
2023-04-04 17:10:04,013 - Epoch:176, train_loss:0.7340, val_auc:0.9656, val_ap: 0.9737
2023-04-04 17:10:04,041 - Epoch:177, train_loss:0.7324, val_auc:0.9658, val_ap: 0.9738
2023-04-04 17:10:04,091 - Epoch:178, train_loss:0.7358, val_auc:0.9658, val_ap: 0.9738
2023-04-04 17:10:04,127 - Epoch:179, train_loss:0.7392, val_auc:0.9657, val_ap: 0.9739
2023-04-04 17:10:04,195 - Epoch:180, train_loss:0.7339, val_auc:0.9656, val_ap: 0.9738
2023-04-04 17:10:04,231 - Epoch:181, train_loss:0.7397, val_auc:0.9652, val_ap: 0.9735
2023-04-04 17:10:04,282 - Epoch:182, train_loss:0.7364, val_auc:0.9646, val_ap: 0.9731
2023-04-04 17:10:04,328 - Epoch:183, train_loss:0.7341, val_auc:0.9642, val_ap: 0.9729
2023-04-04 17:10:04,370 - Epoch:184, train_loss:0.7380, val_auc:0.9642, val_ap: 0.9728
2023-04-04 17:10:04,408 - Epoch:185, train_loss:0.7436, val_auc:0.9645, val_ap: 0.9730
2023-04-04 17:10:04,449 - Epoch:186, train_loss:0.7351, val_auc:0.9648, val_ap: 0.9732
2023-04-04 17:10:04,486 - Epoch:187, train_loss:0.7310, val_auc:0.9652, val_ap: 0.9734
2023-04-04 17:10:04,541 - Epoch:188, train_loss:0.7329, val_auc:0.9656, val_ap: 0.9735
2023-04-04 17:10:04,588 - Epoch:189, train_loss:0.7398, val_auc:0.9651, val_ap: 0.9732
2023-04-04 17:10:04,628 - Epoch:190, train_loss:0.7293, val_auc:0.9644, val_ap: 0.9729
2023-04-04 17:10:04,667 - Epoch:191, train_loss:0.7334, val_auc:0.9639, val_ap: 0.9725
2023-04-04 17:10:04,716 - Epoch:192, train_loss:0.7372, val_auc:0.9634, val_ap: 0.9721
2023-04-04 17:10:04,775 - Epoch:193, train_loss:0.7323, val_auc:0.9635, val_ap: 0.9722
2023-04-04 17:10:04,827 - Epoch:194, train_loss:0.7303, val_auc:0.9637, val_ap: 0.9722
2023-04-04 17:10:04,872 - Epoch:195, train_loss:0.7291, val_auc:0.9639, val_ap: 0.9723
2023-04-04 17:10:04,941 - Epoch:196, train_loss:0.7272, val_auc:0.9633, val_ap: 0.9720
2023-04-04 17:10:04,997 - Epoch:197, train_loss:0.7408, val_auc:0.9628, val_ap: 0.9716
2023-04-04 17:10:05,048 - Epoch:198, train_loss:0.7334, val_auc:0.9624, val_ap: 0.9714
2023-04-04 17:10:05,094 - Epoch:199, train_loss:0.7414, val_auc:0.9619, val_ap: 0.9711
2023-04-04 17:10:05,095 - final results:
2023-04-04 17:10:05,095 - ====================================================================================
2023-04-04 17:10:05,095 - AUC:0.9667+-0.0066 [0.9556671899529043, 0.9665354425793986, 0.9649752445356842, 0.9716024634705953, 0.9749402246105544]
2023-04-04 17:10:05,095 - AP:0.9691+-0.0044 [0.9622587847617551, 0.9690555791036982, 0.9675177431088533, 0.9708557522211866, 0.9757054899246111]
