2023-04-05 19:44:51,437 - args: Namespace(dataset='Cora', datapath='../dataset', log_dir='logs/', name='debug', epoch=200, model_lr=0.01, mi_lr=0.003, alpha=0.01, k=5, x_dim=32, mi_iter=5, routit=3, val_frac=0.05, test_frac=0.1, dropout=0, model='VGAE', mi_est='CLUBSample', gpu=-1, trails=5, seed=-1, verbose=1, argv=['/home/dell/zxj/visual/DGAE/main.py'], device=device(type='cuda', index=1))
2023-04-05 19:44:54,698 - Epoch:000, train_loss:13.1465, val_auc:0.7986, val_ap: 0.8337, text_auc:0.8292, text_ap: 0.8709
2023-04-05 19:44:55,018 - Epoch:001, train_loss:12.6663, val_auc:0.8259, val_ap: 0.8536, text_auc:0.8503, text_ap: 0.8855
2023-04-05 19:44:55,376 - Epoch:002, train_loss:12.4291, val_auc:0.8397, val_ap: 0.8642, text_auc:0.8599, text_ap: 0.8921
2023-04-05 19:44:55,721 - Epoch:003, train_loss:12.3076, val_auc:0.8493, val_ap: 0.8723, text_auc:0.8657, text_ap: 0.8961
2023-04-05 19:44:56,084 - Epoch:004, train_loss:11.7258, val_auc:0.8569, val_ap: 0.8790, text_auc:0.8699, text_ap: 0.8992
2023-04-05 19:44:56,454 - Epoch:005, train_loss:11.3699, val_auc:0.8625, val_ap: 0.8841, text_auc:0.8740, text_ap: 0.9024
2023-04-05 19:44:56,816 - Epoch:006, train_loss:11.0610, val_auc:0.8672, val_ap: 0.8881, text_auc:0.8777, text_ap: 0.9052
2023-04-05 19:44:57,177 - Epoch:007, train_loss:11.3226, val_auc:0.8719, val_ap: 0.8918, text_auc:0.8815, text_ap: 0.9080
2023-04-05 19:44:57,525 - Epoch:008, train_loss:10.7567, val_auc:0.8760, val_ap: 0.8955, text_auc:0.8853, text_ap: 0.9110
2023-04-05 19:44:57,874 - Epoch:009, train_loss:10.3682, val_auc:0.8808, val_ap: 0.8993, text_auc:0.8892, text_ap: 0.9141
2023-04-05 19:44:58,220 - Epoch:010, train_loss:9.9959, val_auc:0.8858, val_ap: 0.9032, text_auc:0.8941, text_ap: 0.9180
2023-04-05 19:44:58,585 - Epoch:011, train_loss:9.7098, val_auc:0.8923, val_ap: 0.9084, text_auc:0.9004, text_ap: 0.9225
2023-04-05 19:44:58,933 - Epoch:012, train_loss:9.7587, val_auc:0.9005, val_ap: 0.9147, text_auc:0.9086, text_ap: 0.9283
2023-04-05 19:44:59,144 - Epoch:013, train_loss:9.2242, val_auc:0.9107, val_ap: 0.9229, text_auc:0.9216, text_ap: 0.9374
2023-04-05 19:44:59,482 - Epoch:014, train_loss:8.3488, val_auc:0.9234, val_ap: 0.9334, text_auc:0.9365, text_ap: 0.9478
2023-04-05 19:44:59,838 - Epoch:015, train_loss:7.6084, val_auc:0.9335, val_ap: 0.9416, text_auc:0.9468, text_ap: 0.9547
2023-04-05 19:45:00,190 - Epoch:016, train_loss:7.1096, val_auc:0.9381, val_ap: 0.9437, text_auc:0.9523, text_ap: 0.9586
2023-04-05 19:45:00,529 - Epoch:017, train_loss:6.3533, val_auc:0.9421, val_ap: 0.9461, text_auc:0.9541, text_ap: 0.9597
2023-04-05 19:45:00,907 - Epoch:018, train_loss:6.1488, val_auc:0.9435, val_ap: 0.9467, text_auc:0.9553, text_ap: 0.9602
2023-04-05 19:45:01,264 - Epoch:019, train_loss:5.8344, val_auc:0.9458, val_ap: 0.9482, text_auc:0.9562, text_ap: 0.9607
2023-04-05 19:45:01,616 - Epoch:020, train_loss:5.5739, val_auc:0.9463, val_ap: 0.9482, text_auc:0.9557, text_ap: 0.9596
2023-04-05 19:45:01,948 - Epoch:021, train_loss:5.1195, val_auc:0.9457, val_ap: 0.9474
2023-04-05 19:45:02,298 - Epoch:022, train_loss:5.0626, val_auc:0.9453, val_ap: 0.9471
2023-04-05 19:45:02,657 - Epoch:023, train_loss:4.6345, val_auc:0.9441, val_ap: 0.9459
2023-04-05 19:45:03,038 - Epoch:024, train_loss:4.4508, val_auc:0.9423, val_ap: 0.9441
2023-04-05 19:45:03,357 - Epoch:025, train_loss:4.2602, val_auc:0.9407, val_ap: 0.9428
2023-04-05 19:45:03,700 - Epoch:026, train_loss:4.0779, val_auc:0.9393, val_ap: 0.9417
2023-04-05 19:45:04,037 - Epoch:027, train_loss:3.9143, val_auc:0.9384, val_ap: 0.9408
2023-04-05 19:45:04,370 - Epoch:028, train_loss:3.9309, val_auc:0.9375, val_ap: 0.9398
2023-04-05 19:45:04,699 - Epoch:029, train_loss:3.6229, val_auc:0.9375, val_ap: 0.9395
2023-04-05 19:45:05,031 - Epoch:030, train_loss:3.6095, val_auc:0.9374, val_ap: 0.9390
2023-04-05 19:45:05,368 - Epoch:031, train_loss:3.5461, val_auc:0.9375, val_ap: 0.9388
2023-04-05 19:45:05,698 - Epoch:032, train_loss:3.4118, val_auc:0.9374, val_ap: 0.9386
2023-04-05 19:45:06,029 - Epoch:033, train_loss:3.2462, val_auc:0.9381, val_ap: 0.9390
2023-04-05 19:45:06,374 - Epoch:034, train_loss:3.0532, val_auc:0.9388, val_ap: 0.9394
2023-04-05 19:45:06,712 - Epoch:035, train_loss:3.0019, val_auc:0.9390, val_ap: 0.9396
2023-04-05 19:45:07,060 - Epoch:036, train_loss:2.9775, val_auc:0.9388, val_ap: 0.9395
2023-04-05 19:45:07,397 - Epoch:037, train_loss:2.9114, val_auc:0.9387, val_ap: 0.9397
2023-04-05 19:45:07,755 - Epoch:038, train_loss:2.8087, val_auc:0.9385, val_ap: 0.9397
2023-04-05 19:45:08,099 - Epoch:039, train_loss:2.7688, val_auc:0.9379, val_ap: 0.9393
2023-04-05 19:45:08,446 - Epoch:040, train_loss:2.6814, val_auc:0.9376, val_ap: 0.9388
2023-04-05 19:45:08,792 - Epoch:041, train_loss:2.6121, val_auc:0.9379, val_ap: 0.9390
2023-04-05 19:45:09,149 - Epoch:042, train_loss:2.5325, val_auc:0.9374, val_ap: 0.9385
2023-04-05 19:45:09,488 - Epoch:043, train_loss:2.4379, val_auc:0.9372, val_ap: 0.9384
2023-04-05 19:45:09,825 - Epoch:044, train_loss:2.3432, val_auc:0.9372, val_ap: 0.9383
2023-04-05 19:45:10,161 - Epoch:045, train_loss:2.3477, val_auc:0.9373, val_ap: 0.9384
2023-04-05 19:45:10,500 - Epoch:046, train_loss:2.3331, val_auc:0.9372, val_ap: 0.9383
2023-04-05 19:45:10,841 - Epoch:047, train_loss:2.2650, val_auc:0.9382, val_ap: 0.9390
2023-04-05 19:45:11,178 - Epoch:048, train_loss:2.2620, val_auc:0.9386, val_ap: 0.9392
2023-04-05 19:45:11,518 - Epoch:049, train_loss:2.1346, val_auc:0.9394, val_ap: 0.9398
2023-04-05 19:45:11,867 - Epoch:050, train_loss:2.2061, val_auc:0.9399, val_ap: 0.9402
2023-04-05 19:45:12,208 - Epoch:051, train_loss:2.0497, val_auc:0.9400, val_ap: 0.9404
2023-04-05 19:45:12,548 - Epoch:052, train_loss:2.0790, val_auc:0.9402, val_ap: 0.9405
2023-04-05 19:45:12,890 - Epoch:053, train_loss:2.0068, val_auc:0.9402, val_ap: 0.9406
2023-04-05 19:45:13,229 - Epoch:054, train_loss:1.9972, val_auc:0.9404, val_ap: 0.9407
2023-04-05 19:45:13,590 - Epoch:055, train_loss:1.9938, val_auc:0.9401, val_ap: 0.9406
2023-04-05 19:45:13,939 - Epoch:056, train_loss:1.9096, val_auc:0.9396, val_ap: 0.9403
2023-04-05 19:45:14,286 - Epoch:057, train_loss:1.8925, val_auc:0.9396, val_ap: 0.9403
2023-04-05 19:45:14,649 - Epoch:058, train_loss:1.8868, val_auc:0.9397, val_ap: 0.9406
2023-04-05 19:45:15,016 - Epoch:059, train_loss:1.8469, val_auc:0.9399, val_ap: 0.9408
2023-04-05 19:45:15,376 - Epoch:060, train_loss:1.8311, val_auc:0.9401, val_ap: 0.9408
2023-04-05 19:45:15,743 - Epoch:061, train_loss:1.8344, val_auc:0.9402, val_ap: 0.9410
2023-04-05 19:45:16,097 - Epoch:062, train_loss:1.7590, val_auc:0.9406, val_ap: 0.9413
2023-04-05 19:45:16,435 - Epoch:063, train_loss:1.8253, val_auc:0.9411, val_ap: 0.9417
2023-04-05 19:45:16,781 - Epoch:064, train_loss:1.7797, val_auc:0.9415, val_ap: 0.9420
2023-04-05 19:45:17,125 - Epoch:065, train_loss:1.6747, val_auc:0.9419, val_ap: 0.9423
2023-04-05 19:45:17,469 - Epoch:066, train_loss:1.7375, val_auc:0.9418, val_ap: 0.9423
2023-04-05 19:45:17,819 - Epoch:067, train_loss:1.7231, val_auc:0.9417, val_ap: 0.9421
2023-04-05 19:45:18,162 - Epoch:068, train_loss:1.7618, val_auc:0.9414, val_ap: 0.9418
2023-04-05 19:45:18,500 - Epoch:069, train_loss:1.6816, val_auc:0.9414, val_ap: 0.9420
2023-04-05 19:45:18,837 - Epoch:070, train_loss:1.6350, val_auc:0.9417, val_ap: 0.9424
2023-04-05 19:45:19,170 - Epoch:071, train_loss:1.6302, val_auc:0.9415, val_ap: 0.9424
2023-04-05 19:45:19,509 - Epoch:072, train_loss:1.5988, val_auc:0.9414, val_ap: 0.9424
2023-04-05 19:45:19,845 - Epoch:073, train_loss:1.5731, val_auc:0.9419, val_ap: 0.9430
2023-04-05 19:45:20,183 - Epoch:074, train_loss:1.5897, val_auc:0.9422, val_ap: 0.9433
2023-04-05 19:45:20,516 - Epoch:075, train_loss:1.6139, val_auc:0.9426, val_ap: 0.9436
2023-04-05 19:45:20,848 - Epoch:076, train_loss:1.5131, val_auc:0.9430, val_ap: 0.9437
2023-04-05 19:45:21,183 - Epoch:077, train_loss:1.6068, val_auc:0.9433, val_ap: 0.9440
2023-04-05 19:45:21,518 - Epoch:078, train_loss:1.5552, val_auc:0.9434, val_ap: 0.9441
2023-04-05 19:45:21,861 - Epoch:079, train_loss:1.5550, val_auc:0.9434, val_ap: 0.9439
2023-04-05 19:45:22,194 - Epoch:080, train_loss:1.5614, val_auc:0.9433, val_ap: 0.9437
2023-04-05 19:45:22,528 - Epoch:081, train_loss:1.5321, val_auc:0.9430, val_ap: 0.9436
2023-04-05 19:45:22,865 - Epoch:082, train_loss:1.4666, val_auc:0.9431, val_ap: 0.9439
2023-04-05 19:45:23,210 - Epoch:083, train_loss:1.4596, val_auc:0.9432, val_ap: 0.9441
2023-04-05 19:45:23,552 - Epoch:084, train_loss:1.4935, val_auc:0.9430, val_ap: 0.9442
2023-04-05 19:45:23,892 - Epoch:085, train_loss:1.4912, val_auc:0.9429, val_ap: 0.9443
2023-04-05 19:45:24,232 - Epoch:086, train_loss:1.4977, val_auc:0.9431, val_ap: 0.9445
2023-04-05 19:45:24,569 - Epoch:087, train_loss:1.4281, val_auc:0.9433, val_ap: 0.9448
2023-04-05 19:45:24,908 - Epoch:088, train_loss:1.4667, val_auc:0.9436, val_ap: 0.9451
2023-04-05 19:45:25,247 - Epoch:089, train_loss:1.4227, val_auc:0.9435, val_ap: 0.9449
2023-04-05 19:45:25,587 - Epoch:090, train_loss:1.3940, val_auc:0.9435, val_ap: 0.9447
2023-04-05 19:45:25,929 - Epoch:091, train_loss:1.4047, val_auc:0.9432, val_ap: 0.9445
2023-04-05 19:45:26,268 - Epoch:092, train_loss:1.4155, val_auc:0.9430, val_ap: 0.9444
2023-04-05 19:45:26,607 - Epoch:093, train_loss:1.3981, val_auc:0.9432, val_ap: 0.9447
2023-04-05 19:45:26,949 - Epoch:094, train_loss:1.3591, val_auc:0.9435, val_ap: 0.9448
2023-04-05 19:45:27,286 - Epoch:095, train_loss:1.4020, val_auc:0.9434, val_ap: 0.9449
2023-04-05 19:45:27,623 - Epoch:096, train_loss:1.3767, val_auc:0.9431, val_ap: 0.9451
2023-04-05 19:45:27,962 - Epoch:097, train_loss:1.3798, val_auc:0.9432, val_ap: 0.9452
2023-04-05 19:45:28,294 - Epoch:098, train_loss:1.3386, val_auc:0.9433, val_ap: 0.9454
2023-04-05 19:45:28,626 - Epoch:099, train_loss:1.3502, val_auc:0.9433, val_ap: 0.9454
2023-04-05 19:45:28,960 - Epoch:100, train_loss:1.3410, val_auc:0.9432, val_ap: 0.9454
2023-04-05 19:45:29,294 - Epoch:101, train_loss:1.3199, val_auc:0.9431, val_ap: 0.9454
2023-04-05 19:45:29,643 - Epoch:102, train_loss:1.3156, val_auc:0.9431, val_ap: 0.9454
2023-04-05 19:45:29,978 - Epoch:103, train_loss:1.3322, val_auc:0.9431, val_ap: 0.9455
2023-04-05 19:45:30,324 - Epoch:104, train_loss:1.3709, val_auc:0.9430, val_ap: 0.9454
2023-04-05 19:45:30,663 - Epoch:105, train_loss:1.2865, val_auc:0.9428, val_ap: 0.9454
2023-04-05 19:45:30,998 - Epoch:106, train_loss:1.3179, val_auc:0.9428, val_ap: 0.9455
2023-04-05 19:45:31,344 - Epoch:107, train_loss:1.3148, val_auc:0.9432, val_ap: 0.9459
2023-04-05 19:45:31,686 - Epoch:108, train_loss:1.2685, val_auc:0.9436, val_ap: 0.9464
2023-04-05 19:45:32,025 - Epoch:109, train_loss:1.2837, val_auc:0.9439, val_ap: 0.9466
2023-04-05 19:45:32,370 - Epoch:110, train_loss:1.2596, val_auc:0.9439, val_ap: 0.9466
2023-04-05 19:45:32,703 - Epoch:111, train_loss:1.2451, val_auc:0.9439, val_ap: 0.9466
2023-04-05 19:45:33,035 - Epoch:112, train_loss:1.2604, val_auc:0.9434, val_ap: 0.9464
2023-04-05 19:45:33,370 - Epoch:113, train_loss:1.2868, val_auc:0.9431, val_ap: 0.9462
2023-04-05 19:45:33,702 - Epoch:114, train_loss:1.2563, val_auc:0.9429, val_ap: 0.9460
2023-04-05 19:45:34,037 - Epoch:115, train_loss:1.2483, val_auc:0.9427, val_ap: 0.9459
2023-04-05 19:45:34,372 - Epoch:116, train_loss:1.2717, val_auc:0.9426, val_ap: 0.9459
2023-04-05 19:45:34,711 - Epoch:117, train_loss:1.2551, val_auc:0.9429, val_ap: 0.9461
2023-04-05 19:45:35,053 - Epoch:118, train_loss:1.2526, val_auc:0.9432, val_ap: 0.9464
2023-04-05 19:45:35,389 - Epoch:119, train_loss:1.2141, val_auc:0.9437, val_ap: 0.9469
2023-04-05 19:45:35,726 - Epoch:120, train_loss:1.2515, val_auc:0.9439, val_ap: 0.9472
2023-04-05 19:45:36,063 - Epoch:121, train_loss:1.1894, val_auc:0.9436, val_ap: 0.9471
2023-04-05 19:45:36,397 - Epoch:122, train_loss:1.2341, val_auc:0.9439, val_ap: 0.9474
2023-04-05 19:45:36,734 - Epoch:123, train_loss:1.1949, val_auc:0.9440, val_ap: 0.9477
2023-04-05 19:45:37,065 - Epoch:124, train_loss:1.2182, val_auc:0.9439, val_ap: 0.9475
2023-04-05 19:45:37,401 - Epoch:125, train_loss:1.1877, val_auc:0.9437, val_ap: 0.9474
2023-04-05 19:45:37,736 - Epoch:126, train_loss:1.2171, val_auc:0.9435, val_ap: 0.9474
2023-04-05 19:45:38,073 - Epoch:127, train_loss:1.2137, val_auc:0.9430, val_ap: 0.9471
2023-04-05 19:45:38,408 - Epoch:128, train_loss:1.2063, val_auc:0.9425, val_ap: 0.9466
2023-04-05 19:45:38,752 - Epoch:129, train_loss:1.1688, val_auc:0.9424, val_ap: 0.9465
2023-04-05 19:45:39,091 - Epoch:130, train_loss:1.1731, val_auc:0.9425, val_ap: 0.9467
2023-04-05 19:45:39,446 - Epoch:131, train_loss:1.1727, val_auc:0.9431, val_ap: 0.9471
2023-04-05 19:45:39,784 - Epoch:132, train_loss:1.1758, val_auc:0.9435, val_ap: 0.9475
2023-04-05 19:45:40,128 - Epoch:133, train_loss:1.1880, val_auc:0.9440, val_ap: 0.9481
2023-04-05 19:45:40,473 - Epoch:134, train_loss:1.1534, val_auc:0.9439, val_ap: 0.9482
2023-04-05 19:45:40,816 - Epoch:135, train_loss:1.1560, val_auc:0.9438, val_ap: 0.9482
2023-04-05 19:45:41,157 - Epoch:136, train_loss:1.1601, val_auc:0.9433, val_ap: 0.9477
2023-04-05 19:45:41,514 - Epoch:137, train_loss:1.1560, val_auc:0.9427, val_ap: 0.9470
2023-04-05 19:45:41,866 - Epoch:138, train_loss:1.1441, val_auc:0.9421, val_ap: 0.9466
2023-04-05 19:45:42,212 - Epoch:139, train_loss:1.1594, val_auc:0.9419, val_ap: 0.9466
2023-04-05 19:45:42,551 - Epoch:140, train_loss:1.1657, val_auc:0.9415, val_ap: 0.9466
2023-04-05 19:45:42,886 - Epoch:141, train_loss:1.1557, val_auc:0.9411, val_ap: 0.9466
2023-04-05 19:45:43,221 - Epoch:142, train_loss:1.1242, val_auc:0.9412, val_ap: 0.9469
2023-04-05 19:45:43,558 - Epoch:143, train_loss:1.1320, val_auc:0.9415, val_ap: 0.9472
2023-04-05 19:45:43,895 - Epoch:144, train_loss:1.1447, val_auc:0.9418, val_ap: 0.9474
2023-04-05 19:45:44,229 - Epoch:145, train_loss:1.1074, val_auc:0.9417, val_ap: 0.9474
2023-04-05 19:45:44,563 - Epoch:146, train_loss:1.1153, val_auc:0.9422, val_ap: 0.9476
2023-04-05 19:45:44,898 - Epoch:147, train_loss:1.0935, val_auc:0.9423, val_ap: 0.9476
2023-04-05 19:45:45,238 - Epoch:148, train_loss:1.1374, val_auc:0.9420, val_ap: 0.9474
2023-04-05 19:45:45,577 - Epoch:149, train_loss:1.1392, val_auc:0.9418, val_ap: 0.9472
2023-04-05 19:45:45,913 - Epoch:150, train_loss:1.1176, val_auc:0.9416, val_ap: 0.9471
2023-04-05 19:45:46,250 - Epoch:151, train_loss:1.1174, val_auc:0.9413, val_ap: 0.9470
2023-04-05 19:45:46,583 - Epoch:152, train_loss:1.0980, val_auc:0.9407, val_ap: 0.9468
2023-04-05 19:45:46,915 - Epoch:153, train_loss:1.0828, val_auc:0.9402, val_ap: 0.9466
2023-04-05 19:45:47,248 - Epoch:154, train_loss:1.1248, val_auc:0.9397, val_ap: 0.9464
2023-04-05 19:45:47,580 - Epoch:155, train_loss:1.0815, val_auc:0.9393, val_ap: 0.9460
2023-04-05 19:45:47,913 - Epoch:156, train_loss:1.1077, val_auc:0.9395, val_ap: 0.9461
2023-04-05 19:45:48,245 - Epoch:157, train_loss:1.0971, val_auc:0.9400, val_ap: 0.9463
2023-04-05 19:45:48,578 - Epoch:158, train_loss:1.0713, val_auc:0.9401, val_ap: 0.9463
2023-04-05 19:45:48,909 - Epoch:159, train_loss:1.1069, val_auc:0.9403, val_ap: 0.9464
2023-04-05 19:45:49,244 - Epoch:160, train_loss:1.0838, val_auc:0.9403, val_ap: 0.9467
2023-04-05 19:45:49,576 - Epoch:161, train_loss:1.0839, val_auc:0.9401, val_ap: 0.9467
2023-04-05 19:45:49,908 - Epoch:162, train_loss:1.0828, val_auc:0.9394, val_ap: 0.9463
2023-04-05 19:45:50,240 - Epoch:163, train_loss:1.0722, val_auc:0.9386, val_ap: 0.9457
2023-04-05 19:45:50,570 - Epoch:164, train_loss:1.0679, val_auc:0.9381, val_ap: 0.9452
2023-04-05 19:45:50,902 - Epoch:165, train_loss:1.0940, val_auc:0.9375, val_ap: 0.9448
2023-04-05 19:45:51,241 - Epoch:166, train_loss:1.0829, val_auc:0.9374, val_ap: 0.9446
2023-04-05 19:45:51,577 - Epoch:167, train_loss:1.0782, val_auc:0.9378, val_ap: 0.9447
2023-04-05 19:45:51,907 - Epoch:168, train_loss:1.0803, val_auc:0.9382, val_ap: 0.9451
2023-04-05 19:45:52,239 - Epoch:169, train_loss:1.0628, val_auc:0.9385, val_ap: 0.9454
2023-04-05 19:45:52,571 - Epoch:170, train_loss:1.0568, val_auc:0.9387, val_ap: 0.9456
2023-04-05 19:45:52,904 - Epoch:171, train_loss:1.0524, val_auc:0.9385, val_ap: 0.9455
2023-04-05 19:45:53,237 - Epoch:172, train_loss:1.0811, val_auc:0.9385, val_ap: 0.9455
2023-04-05 19:45:53,567 - Epoch:173, train_loss:1.0574, val_auc:0.9380, val_ap: 0.9452
2023-04-05 19:45:53,902 - Epoch:174, train_loss:1.0442, val_auc:0.9374, val_ap: 0.9448
2023-04-05 19:45:54,239 - Epoch:175, train_loss:1.0448, val_auc:0.9371, val_ap: 0.9445
2023-04-05 19:45:54,572 - Epoch:176, train_loss:1.0605, val_auc:0.9372, val_ap: 0.9445
2023-04-05 19:45:54,909 - Epoch:177, train_loss:1.0470, val_auc:0.9375, val_ap: 0.9448
2023-04-05 19:45:55,244 - Epoch:178, train_loss:1.0478, val_auc:0.9377, val_ap: 0.9450
2023-04-05 19:45:55,582 - Epoch:179, train_loss:1.0314, val_auc:0.9372, val_ap: 0.9447
2023-04-05 19:45:55,918 - Epoch:180, train_loss:1.0291, val_auc:0.9371, val_ap: 0.9447
2023-04-05 19:45:56,254 - Epoch:181, train_loss:1.0296, val_auc:0.9366, val_ap: 0.9442
2023-04-05 19:45:56,589 - Epoch:182, train_loss:1.0391, val_auc:0.9362, val_ap: 0.9438
2023-04-05 19:45:56,925 - Epoch:183, train_loss:1.0244, val_auc:0.9353, val_ap: 0.9431
2023-04-05 19:45:57,262 - Epoch:184, train_loss:1.0511, val_auc:0.9352, val_ap: 0.9431
2023-04-05 19:45:57,596 - Epoch:185, train_loss:1.0240, val_auc:0.9358, val_ap: 0.9436
2023-04-05 19:45:57,929 - Epoch:186, train_loss:1.0394, val_auc:0.9369, val_ap: 0.9445
2023-04-05 19:45:58,267 - Epoch:187, train_loss:1.0497, val_auc:0.9378, val_ap: 0.9452
2023-04-05 19:45:58,601 - Epoch:188, train_loss:1.0411, val_auc:0.9380, val_ap: 0.9453
2023-04-05 19:45:58,938 - Epoch:189, train_loss:1.0531, val_auc:0.9378, val_ap: 0.9451
2023-04-05 19:45:59,274 - Epoch:190, train_loss:1.0379, val_auc:0.9374, val_ap: 0.9448
2023-04-05 19:45:59,608 - Epoch:191, train_loss:1.0208, val_auc:0.9366, val_ap: 0.9443
2023-04-05 19:45:59,943 - Epoch:192, train_loss:1.0230, val_auc:0.9358, val_ap: 0.9436
2023-04-05 19:46:00,281 - Epoch:193, train_loss:1.0248, val_auc:0.9354, val_ap: 0.9433
2023-04-05 19:46:00,618 - Epoch:194, train_loss:1.0297, val_auc:0.9357, val_ap: 0.9436
2023-04-05 19:46:00,956 - Epoch:195, train_loss:1.0149, val_auc:0.9366, val_ap: 0.9445
2023-04-05 19:46:01,294 - Epoch:196, train_loss:1.0115, val_auc:0.9372, val_ap: 0.9451
2023-04-05 19:46:01,632 - Epoch:197, train_loss:1.0143, val_auc:0.9376, val_ap: 0.9454
2023-04-05 19:46:01,978 - Epoch:198, train_loss:1.0255, val_auc:0.9377, val_ap: 0.9452
2023-04-05 19:46:02,318 - Epoch:199, train_loss:0.9882, val_auc:0.9372, val_ap: 0.9448
2023-04-05 19:46:02,321 - final results:
2023-04-05 19:46:02,322 - ====================================================================================
2023-04-05 19:46:02,322 - AUC:0.9557+-0.0000 [0.9556510123177631]
2023-04-05 19:46:02,323 - AP:0.9596+-0.0000 [0.9596308797662447]
2023-04-05 19:46:02,731 - Epoch:000, train_loss:12.5686, val_auc:0.7943, val_ap: 0.8278, text_auc:0.8262, text_ap: 0.8644
2023-04-05 19:46:03,080 - Epoch:001, train_loss:12.9995, val_auc:0.8218, val_ap: 0.8486, text_auc:0.8511, text_ap: 0.8823
2023-04-05 19:46:03,429 - Epoch:002, train_loss:12.4123, val_auc:0.8365, val_ap: 0.8595, text_auc:0.8621, text_ap: 0.8904
2023-04-05 19:46:03,773 - Epoch:003, train_loss:12.1542, val_auc:0.8458, val_ap: 0.8669, text_auc:0.8682, text_ap: 0.8950
2023-04-05 19:46:04,122 - Epoch:004, train_loss:11.4608, val_auc:0.8523, val_ap: 0.8720, text_auc:0.8725, text_ap: 0.8980
2023-04-05 19:46:04,470 - Epoch:005, train_loss:11.7953, val_auc:0.8582, val_ap: 0.8763, text_auc:0.8765, text_ap: 0.9006
2023-04-05 19:46:04,822 - Epoch:006, train_loss:11.2550, val_auc:0.8634, val_ap: 0.8800, text_auc:0.8799, text_ap: 0.9027
2023-04-05 19:46:05,172 - Epoch:007, train_loss:10.9365, val_auc:0.8686, val_ap: 0.8838, text_auc:0.8835, text_ap: 0.9048
2023-04-05 19:46:05,522 - Epoch:008, train_loss:10.7167, val_auc:0.8746, val_ap: 0.8888, text_auc:0.8877, text_ap: 0.9074
2023-04-05 19:46:05,873 - Epoch:009, train_loss:10.5651, val_auc:0.8822, val_ap: 0.8948, text_auc:0.8927, text_ap: 0.9103
2023-04-05 19:46:06,223 - Epoch:010, train_loss:9.6832, val_auc:0.8917, val_ap: 0.9025, text_auc:0.8995, text_ap: 0.9143
2023-04-05 19:46:06,577 - Epoch:011, train_loss:9.3949, val_auc:0.9045, val_ap: 0.9131, text_auc:0.9090, text_ap: 0.9197
2023-04-05 19:46:06,927 - Epoch:012, train_loss:9.2398, val_auc:0.9211, val_ap: 0.9277, text_auc:0.9209, text_ap: 0.9273
2023-04-05 19:46:07,275 - Epoch:013, train_loss:8.7799, val_auc:0.9306, val_ap: 0.9366, text_auc:0.9287, text_ap: 0.9338
2023-04-05 19:46:07,624 - Epoch:014, train_loss:8.2606, val_auc:0.9355, val_ap: 0.9406, text_auc:0.9328, text_ap: 0.9374
2023-04-05 19:46:07,980 - Epoch:015, train_loss:7.4788, val_auc:0.9437, val_ap: 0.9479, text_auc:0.9386, text_ap: 0.9418
2023-04-05 19:46:08,350 - Epoch:016, train_loss:7.0772, val_auc:0.9518, val_ap: 0.9565, text_auc:0.9425, text_ap: 0.9456
2023-04-05 19:46:08,708 - Epoch:017, train_loss:6.2296, val_auc:0.9537, val_ap: 0.9586, text_auc:0.9439, text_ap: 0.9467
2023-04-05 19:46:09,055 - Epoch:018, train_loss:6.0344, val_auc:0.9547, val_ap: 0.9582, text_auc:0.9462, text_ap: 0.9465
2023-04-05 19:46:09,404 - Epoch:019, train_loss:5.6513, val_auc:0.9557, val_ap: 0.9581, text_auc:0.9468, text_ap: 0.9451
2023-04-05 19:46:09,759 - Epoch:020, train_loss:5.4382, val_auc:0.9566, val_ap: 0.9592, text_auc:0.9455, text_ap: 0.9430
2023-04-05 19:46:10,094 - Epoch:021, train_loss:5.1008, val_auc:0.9557, val_ap: 0.9579
2023-04-05 19:46:10,439 - Epoch:022, train_loss:4.9723, val_auc:0.9554, val_ap: 0.9574
2023-04-05 19:46:10,788 - Epoch:023, train_loss:4.6070, val_auc:0.9558, val_ap: 0.9582
2023-04-05 19:46:11,138 - Epoch:024, train_loss:4.4914, val_auc:0.9555, val_ap: 0.9582
2023-04-05 19:46:11,478 - Epoch:025, train_loss:4.1251, val_auc:0.9552, val_ap: 0.9586
2023-04-05 19:46:11,819 - Epoch:026, train_loss:4.0385, val_auc:0.9554, val_ap: 0.9591
2023-04-05 19:46:12,162 - Epoch:027, train_loss:3.8859, val_auc:0.9552, val_ap: 0.9592
2023-04-05 19:46:12,516 - Epoch:028, train_loss:3.8816, val_auc:0.9552, val_ap: 0.9591
2023-04-05 19:46:12,871 - Epoch:029, train_loss:3.6932, val_auc:0.9558, val_ap: 0.9598
2023-04-05 19:46:13,226 - Epoch:030, train_loss:3.4740, val_auc:0.9566, val_ap: 0.9604, text_auc:0.9416, text_ap: 0.9413
2023-04-05 19:46:13,577 - Epoch:031, train_loss:3.3504, val_auc:0.9571, val_ap: 0.9607, text_auc:0.9421, text_ap: 0.9412
2023-04-05 19:46:13,916 - Epoch:032, train_loss:3.2567, val_auc:0.9569, val_ap: 0.9603
2023-04-05 19:46:14,253 - Epoch:033, train_loss:3.1393, val_auc:0.9564, val_ap: 0.9595
2023-04-05 19:46:14,592 - Epoch:034, train_loss:3.1384, val_auc:0.9554, val_ap: 0.9585
2023-04-05 19:46:14,935 - Epoch:035, train_loss:3.0195, val_auc:0.9545, val_ap: 0.9577
2023-04-05 19:46:15,273 - Epoch:036, train_loss:2.9366, val_auc:0.9535, val_ap: 0.9568
2023-04-05 19:46:15,611 - Epoch:037, train_loss:2.8266, val_auc:0.9534, val_ap: 0.9568
2023-04-05 19:46:15,944 - Epoch:038, train_loss:2.8353, val_auc:0.9531, val_ap: 0.9567
2023-04-05 19:46:16,279 - Epoch:039, train_loss:2.7589, val_auc:0.9533, val_ap: 0.9571
2023-04-05 19:46:16,615 - Epoch:040, train_loss:2.5895, val_auc:0.9535, val_ap: 0.9576
2023-04-05 19:46:16,957 - Epoch:041, train_loss:2.5821, val_auc:0.9539, val_ap: 0.9580
2023-04-05 19:46:17,298 - Epoch:042, train_loss:2.5819, val_auc:0.9544, val_ap: 0.9585
2023-04-05 19:46:17,639 - Epoch:043, train_loss:2.4885, val_auc:0.9548, val_ap: 0.9589
2023-04-05 19:46:17,996 - Epoch:044, train_loss:2.4002, val_auc:0.9552, val_ap: 0.9591
2023-04-05 19:46:18,343 - Epoch:045, train_loss:2.3748, val_auc:0.9555, val_ap: 0.9592
2023-04-05 19:46:18,683 - Epoch:046, train_loss:2.2705, val_auc:0.9557, val_ap: 0.9591
2023-04-05 19:46:19,027 - Epoch:047, train_loss:2.2817, val_auc:0.9559, val_ap: 0.9592
2023-04-05 19:46:19,368 - Epoch:048, train_loss:2.1922, val_auc:0.9561, val_ap: 0.9594
2023-04-05 19:46:19,707 - Epoch:049, train_loss:2.2411, val_auc:0.9561, val_ap: 0.9595
2023-04-05 19:46:20,042 - Epoch:050, train_loss:2.1399, val_auc:0.9558, val_ap: 0.9593
2023-04-05 19:46:20,392 - Epoch:051, train_loss:2.1223, val_auc:0.9557, val_ap: 0.9594
2023-04-05 19:46:20,742 - Epoch:052, train_loss:2.1154, val_auc:0.9556, val_ap: 0.9594
2023-04-05 19:46:21,088 - Epoch:053, train_loss:2.0116, val_auc:0.9556, val_ap: 0.9595
2023-04-05 19:46:21,431 - Epoch:054, train_loss:1.9840, val_auc:0.9558, val_ap: 0.9597
2023-04-05 19:46:21,780 - Epoch:055, train_loss:1.9962, val_auc:0.9559, val_ap: 0.9598
2023-04-05 19:46:22,117 - Epoch:056, train_loss:1.9178, val_auc:0.9563, val_ap: 0.9602
2023-04-05 19:46:22,464 - Epoch:057, train_loss:1.9613, val_auc:0.9564, val_ap: 0.9603
2023-04-05 19:46:22,804 - Epoch:058, train_loss:1.8692, val_auc:0.9566, val_ap: 0.9603
2023-04-05 19:46:23,145 - Epoch:059, train_loss:1.8354, val_auc:0.9565, val_ap: 0.9602
2023-04-05 19:46:23,493 - Epoch:060, train_loss:1.8574, val_auc:0.9564, val_ap: 0.9601
2023-04-05 19:46:23,831 - Epoch:061, train_loss:1.7817, val_auc:0.9566, val_ap: 0.9603
2023-04-05 19:46:24,177 - Epoch:062, train_loss:1.8251, val_auc:0.9568, val_ap: 0.9605
2023-04-05 19:46:24,541 - Epoch:063, train_loss:1.7477, val_auc:0.9571, val_ap: 0.9609, text_auc:0.9442, text_ap: 0.9432
2023-04-05 19:46:24,914 - Epoch:064, train_loss:1.7704, val_auc:0.9572, val_ap: 0.9610, text_auc:0.9445, text_ap: 0.9435
2023-04-05 19:46:25,270 - Epoch:065, train_loss:1.7834, val_auc:0.9573, val_ap: 0.9611, text_auc:0.9448, text_ap: 0.9437
2023-04-05 19:46:25,495 - Epoch:066, train_loss:1.7039, val_auc:0.9572, val_ap: 0.9612
2023-04-05 19:46:25,659 - Epoch:067, train_loss:1.7094, val_auc:0.9570, val_ap: 0.9612
2023-04-05 19:46:25,827 - Epoch:068, train_loss:1.6690, val_auc:0.9566, val_ap: 0.9610
2023-04-05 19:46:25,991 - Epoch:069, train_loss:1.6792, val_auc:0.9566, val_ap: 0.9610
2023-04-05 19:46:26,287 - Epoch:070, train_loss:1.6736, val_auc:0.9565, val_ap: 0.9608
2023-04-05 19:46:26,470 - Epoch:071, train_loss:1.6307, val_auc:0.9565, val_ap: 0.9607
2023-04-05 19:46:26,637 - Epoch:072, train_loss:1.6385, val_auc:0.9567, val_ap: 0.9608
2023-04-05 19:46:26,809 - Epoch:073, train_loss:1.6218, val_auc:0.9574, val_ap: 0.9614, text_auc:0.9456, text_ap: 0.9443
2023-04-05 19:46:27,125 - Epoch:074, train_loss:1.5418, val_auc:0.9579, val_ap: 0.9618, text_auc:0.9461, text_ap: 0.9450
2023-04-05 19:46:27,470 - Epoch:075, train_loss:1.5807, val_auc:0.9583, val_ap: 0.9622, text_auc:0.9466, text_ap: 0.9456
2023-04-05 19:46:27,823 - Epoch:076, train_loss:1.5499, val_auc:0.9587, val_ap: 0.9625, text_auc:0.9468, text_ap: 0.9459
2023-04-05 19:46:28,163 - Epoch:077, train_loss:1.5360, val_auc:0.9585, val_ap: 0.9625
2023-04-05 19:46:28,495 - Epoch:078, train_loss:1.5521, val_auc:0.9581, val_ap: 0.9624
2023-04-05 19:46:28,827 - Epoch:079, train_loss:1.5059, val_auc:0.9575, val_ap: 0.9621
2023-04-05 19:46:29,160 - Epoch:080, train_loss:1.5059, val_auc:0.9574, val_ap: 0.9621
2023-04-05 19:46:29,492 - Epoch:081, train_loss:1.5552, val_auc:0.9575, val_ap: 0.9622
2023-04-05 19:46:29,834 - Epoch:082, train_loss:1.4931, val_auc:0.9577, val_ap: 0.9622
2023-04-05 19:46:30,169 - Epoch:083, train_loss:1.4995, val_auc:0.9582, val_ap: 0.9625
2023-04-05 19:46:30,524 - Epoch:084, train_loss:1.4872, val_auc:0.9587, val_ap: 0.9629, text_auc:0.9470, text_ap: 0.9462
2023-04-05 19:46:30,870 - Epoch:085, train_loss:1.4604, val_auc:0.9587, val_ap: 0.9629, text_auc:0.9473, text_ap: 0.9466
2023-04-05 19:46:31,217 - Epoch:086, train_loss:1.4147, val_auc:0.9589, val_ap: 0.9631, text_auc:0.9475, text_ap: 0.9468
2023-04-05 19:46:31,545 - Epoch:087, train_loss:1.4092, val_auc:0.9587, val_ap: 0.9631
2023-04-05 19:46:31,877 - Epoch:088, train_loss:1.4371, val_auc:0.9586, val_ap: 0.9632
2023-04-05 19:46:32,209 - Epoch:089, train_loss:1.4312, val_auc:0.9586, val_ap: 0.9634
2023-04-05 19:46:32,544 - Epoch:090, train_loss:1.4052, val_auc:0.9583, val_ap: 0.9632
2023-04-05 19:46:32,898 - Epoch:091, train_loss:1.4048, val_auc:0.9587, val_ap: 0.9635, text_auc:0.9460, text_ap: 0.9461
2023-04-05 19:46:33,251 - Epoch:092, train_loss:1.4259, val_auc:0.9588, val_ap: 0.9636, text_auc:0.9458, text_ap: 0.9460
2023-04-05 19:46:33,601 - Epoch:093, train_loss:1.4032, val_auc:0.9591, val_ap: 0.9637, text_auc:0.9461, text_ap: 0.9461
2023-04-05 19:46:33,948 - Epoch:094, train_loss:1.4088, val_auc:0.9599, val_ap: 0.9641, text_auc:0.9467, text_ap: 0.9466
2023-04-05 19:46:34,295 - Epoch:095, train_loss:1.3731, val_auc:0.9601, val_ap: 0.9642, text_auc:0.9471, text_ap: 0.9469
2023-04-05 19:46:34,626 - Epoch:096, train_loss:1.3738, val_auc:0.9601, val_ap: 0.9641
2023-04-05 19:46:34,958 - Epoch:097, train_loss:1.3661, val_auc:0.9600, val_ap: 0.9641
2023-04-05 19:46:35,290 - Epoch:098, train_loss:1.3080, val_auc:0.9596, val_ap: 0.9639
2023-04-05 19:46:35,622 - Epoch:099, train_loss:1.3531, val_auc:0.9592, val_ap: 0.9637
2023-04-05 19:46:35,957 - Epoch:100, train_loss:1.3287, val_auc:0.9590, val_ap: 0.9637
2023-04-05 19:46:36,293 - Epoch:101, train_loss:1.3466, val_auc:0.9589, val_ap: 0.9636
2023-04-05 19:46:36,631 - Epoch:102, train_loss:1.3131, val_auc:0.9590, val_ap: 0.9637
2023-04-05 19:46:36,968 - Epoch:103, train_loss:1.3169, val_auc:0.9593, val_ap: 0.9639
2023-04-05 19:46:37,302 - Epoch:104, train_loss:1.3169, val_auc:0.9597, val_ap: 0.9640
2023-04-05 19:46:37,649 - Epoch:105, train_loss:1.2963, val_auc:0.9602, val_ap: 0.9641, text_auc:0.9474, text_ap: 0.9478
2023-04-05 19:46:37,999 - Epoch:106, train_loss:1.3064, val_auc:0.9603, val_ap: 0.9642, text_auc:0.9476, text_ap: 0.9482
2023-04-05 19:46:38,330 - Epoch:107, train_loss:1.2838, val_auc:0.9601, val_ap: 0.9642
2023-04-05 19:46:38,662 - Epoch:108, train_loss:1.2815, val_auc:0.9595, val_ap: 0.9639
2023-04-05 19:46:38,996 - Epoch:109, train_loss:1.2391, val_auc:0.9589, val_ap: 0.9637
2023-04-05 19:46:39,328 - Epoch:110, train_loss:1.2584, val_auc:0.9585, val_ap: 0.9634
2023-04-05 19:46:39,660 - Epoch:111, train_loss:1.2843, val_auc:0.9584, val_ap: 0.9634
2023-04-05 19:46:39,994 - Epoch:112, train_loss:1.2820, val_auc:0.9587, val_ap: 0.9635
2023-04-05 19:46:40,332 - Epoch:113, train_loss:1.2780, val_auc:0.9590, val_ap: 0.9637
2023-04-05 19:46:40,665 - Epoch:114, train_loss:1.2619, val_auc:0.9598, val_ap: 0.9640
2023-04-05 19:46:40,997 - Epoch:115, train_loss:1.2472, val_auc:0.9601, val_ap: 0.9642
2023-04-05 19:46:41,331 - Epoch:116, train_loss:1.2658, val_auc:0.9601, val_ap: 0.9641
2023-04-05 19:46:41,661 - Epoch:117, train_loss:1.2424, val_auc:0.9600, val_ap: 0.9640
2023-04-05 19:46:41,994 - Epoch:118, train_loss:1.2018, val_auc:0.9599, val_ap: 0.9640
2023-04-05 19:46:42,332 - Epoch:119, train_loss:1.2553, val_auc:0.9593, val_ap: 0.9638
2023-04-05 19:46:42,679 - Epoch:120, train_loss:1.2348, val_auc:0.9587, val_ap: 0.9636
2023-04-05 19:46:43,016 - Epoch:121, train_loss:1.2051, val_auc:0.9582, val_ap: 0.9634
2023-04-05 19:46:43,358 - Epoch:122, train_loss:1.1995, val_auc:0.9582, val_ap: 0.9635
2023-04-05 19:46:43,693 - Epoch:123, train_loss:1.2357, val_auc:0.9585, val_ap: 0.9636
2023-04-05 19:46:44,025 - Epoch:124, train_loss:1.2222, val_auc:0.9584, val_ap: 0.9635
2023-04-05 19:46:44,357 - Epoch:125, train_loss:1.2019, val_auc:0.9585, val_ap: 0.9634
2023-04-05 19:46:44,693 - Epoch:126, train_loss:1.1918, val_auc:0.9584, val_ap: 0.9631
2023-04-05 19:46:45,034 - Epoch:127, train_loss:1.1815, val_auc:0.9586, val_ap: 0.9631
2023-04-05 19:46:45,376 - Epoch:128, train_loss:1.1911, val_auc:0.9583, val_ap: 0.9628
2023-04-05 19:46:45,712 - Epoch:129, train_loss:1.1619, val_auc:0.9583, val_ap: 0.9630
2023-04-05 19:46:46,044 - Epoch:130, train_loss:1.1635, val_auc:0.9582, val_ap: 0.9632
2023-04-05 19:46:46,376 - Epoch:131, train_loss:1.1678, val_auc:0.9582, val_ap: 0.9634
2023-04-05 19:46:46,708 - Epoch:132, train_loss:1.1926, val_auc:0.9586, val_ap: 0.9638
2023-04-05 19:46:47,043 - Epoch:133, train_loss:1.1782, val_auc:0.9586, val_ap: 0.9638
2023-04-05 19:46:47,382 - Epoch:134, train_loss:1.1811, val_auc:0.9587, val_ap: 0.9638
2023-04-05 19:46:47,729 - Epoch:135, train_loss:1.1719, val_auc:0.9582, val_ap: 0.9634
2023-04-05 19:46:48,071 - Epoch:136, train_loss:1.1528, val_auc:0.9576, val_ap: 0.9629
2023-04-05 19:46:48,414 - Epoch:137, train_loss:1.1218, val_auc:0.9569, val_ap: 0.9624
2023-04-05 19:46:48,770 - Epoch:138, train_loss:1.1741, val_auc:0.9570, val_ap: 0.9624
2023-04-05 19:46:49,120 - Epoch:139, train_loss:1.1666, val_auc:0.9570, val_ap: 0.9626
2023-04-05 19:46:49,471 - Epoch:140, train_loss:1.1575, val_auc:0.9572, val_ap: 0.9629
2023-04-05 19:46:49,813 - Epoch:141, train_loss:1.1522, val_auc:0.9574, val_ap: 0.9629
2023-04-05 19:46:50,156 - Epoch:142, train_loss:1.1337, val_auc:0.9576, val_ap: 0.9630
2023-04-05 19:46:50,498 - Epoch:143, train_loss:1.1383, val_auc:0.9577, val_ap: 0.9631
2023-04-05 19:46:50,843 - Epoch:144, train_loss:1.1231, val_auc:0.9577, val_ap: 0.9633
2023-04-05 19:46:51,195 - Epoch:145, train_loss:1.1036, val_auc:0.9578, val_ap: 0.9635
2023-04-05 19:46:51,539 - Epoch:146, train_loss:1.1295, val_auc:0.9577, val_ap: 0.9635
2023-04-05 19:46:51,877 - Epoch:147, train_loss:1.1243, val_auc:0.9572, val_ap: 0.9631
2023-04-05 19:46:52,238 - Epoch:148, train_loss:1.1270, val_auc:0.9571, val_ap: 0.9631
2023-04-05 19:46:52,577 - Epoch:149, train_loss:1.1303, val_auc:0.9570, val_ap: 0.9630
2023-04-05 19:46:52,915 - Epoch:150, train_loss:1.1029, val_auc:0.9575, val_ap: 0.9635
2023-04-05 19:46:53,259 - Epoch:151, train_loss:1.1047, val_auc:0.9574, val_ap: 0.9634
2023-04-05 19:46:53,606 - Epoch:152, train_loss:1.1135, val_auc:0.9575, val_ap: 0.9636
2023-04-05 19:46:53,950 - Epoch:153, train_loss:1.1051, val_auc:0.9573, val_ap: 0.9635
2023-04-05 19:46:54,293 - Epoch:154, train_loss:1.0683, val_auc:0.9570, val_ap: 0.9634
2023-04-05 19:46:54,633 - Epoch:155, train_loss:1.1171, val_auc:0.9566, val_ap: 0.9631
2023-04-05 19:46:54,980 - Epoch:156, train_loss:1.1183, val_auc:0.9570, val_ap: 0.9635
2023-04-05 19:46:55,330 - Epoch:157, train_loss:1.1202, val_auc:0.9576, val_ap: 0.9638
2023-04-05 19:46:55,665 - Epoch:158, train_loss:1.0847, val_auc:0.9580, val_ap: 0.9641
2023-04-05 19:46:56,015 - Epoch:159, train_loss:1.1199, val_auc:0.9579, val_ap: 0.9640
2023-04-05 19:46:56,354 - Epoch:160, train_loss:1.1134, val_auc:0.9579, val_ap: 0.9641
2023-04-05 19:46:56,700 - Epoch:161, train_loss:1.0972, val_auc:0.9580, val_ap: 0.9640
2023-04-05 19:46:57,042 - Epoch:162, train_loss:1.0759, val_auc:0.9573, val_ap: 0.9635
2023-04-05 19:46:57,378 - Epoch:163, train_loss:1.0841, val_auc:0.9567, val_ap: 0.9632
2023-04-05 19:46:57,713 - Epoch:164, train_loss:1.0770, val_auc:0.9567, val_ap: 0.9633
2023-04-05 19:46:58,064 - Epoch:165, train_loss:1.0764, val_auc:0.9566, val_ap: 0.9633
2023-04-05 19:46:58,412 - Epoch:166, train_loss:1.0736, val_auc:0.9568, val_ap: 0.9635
2023-04-05 19:46:58,752 - Epoch:167, train_loss:1.0736, val_auc:0.9570, val_ap: 0.9637
2023-04-05 19:46:59,092 - Epoch:168, train_loss:1.1001, val_auc:0.9578, val_ap: 0.9642
2023-04-05 19:46:59,433 - Epoch:169, train_loss:1.0498, val_auc:0.9584, val_ap: 0.9645
2023-04-05 19:46:59,770 - Epoch:170, train_loss:1.0647, val_auc:0.9586, val_ap: 0.9645
2023-04-05 19:47:00,103 - Epoch:171, train_loss:1.0649, val_auc:0.9581, val_ap: 0.9642
2023-04-05 19:47:00,433 - Epoch:172, train_loss:1.0562, val_auc:0.9575, val_ap: 0.9638
2023-04-05 19:47:00,765 - Epoch:173, train_loss:1.0792, val_auc:0.9566, val_ap: 0.9631
2023-04-05 19:47:01,093 - Epoch:174, train_loss:1.0580, val_auc:0.9563, val_ap: 0.9630
2023-04-05 19:47:01,428 - Epoch:175, train_loss:1.0358, val_auc:0.9560, val_ap: 0.9631
2023-04-05 19:47:01,760 - Epoch:176, train_loss:1.0583, val_auc:0.9566, val_ap: 0.9635
2023-04-05 19:47:02,092 - Epoch:177, train_loss:1.0592, val_auc:0.9568, val_ap: 0.9637
2023-04-05 19:47:02,425 - Epoch:178, train_loss:1.0314, val_auc:0.9570, val_ap: 0.9638
2023-04-05 19:47:02,757 - Epoch:179, train_loss:1.0705, val_auc:0.9571, val_ap: 0.9638
2023-04-05 19:47:03,094 - Epoch:180, train_loss:1.0385, val_auc:0.9573, val_ap: 0.9639
2023-04-05 19:47:03,429 - Epoch:181, train_loss:1.0387, val_auc:0.9575, val_ap: 0.9639
2023-04-05 19:47:03,764 - Epoch:182, train_loss:1.0274, val_auc:0.9576, val_ap: 0.9638
2023-04-05 19:47:04,098 - Epoch:183, train_loss:1.0705, val_auc:0.9579, val_ap: 0.9639
2023-04-05 19:47:04,432 - Epoch:184, train_loss:0.9995, val_auc:0.9576, val_ap: 0.9637
2023-04-05 19:47:04,768 - Epoch:185, train_loss:1.0528, val_auc:0.9569, val_ap: 0.9633
2023-04-05 19:47:05,108 - Epoch:186, train_loss:1.0458, val_auc:0.9564, val_ap: 0.9632
2023-04-05 19:47:05,446 - Epoch:187, train_loss:1.0500, val_auc:0.9557, val_ap: 0.9629
2023-04-05 19:47:05,779 - Epoch:188, train_loss:1.0468, val_auc:0.9555, val_ap: 0.9627
2023-04-05 19:47:06,114 - Epoch:189, train_loss:1.0384, val_auc:0.9559, val_ap: 0.9629
2023-04-05 19:47:06,453 - Epoch:190, train_loss:1.0164, val_auc:0.9569, val_ap: 0.9635
2023-04-05 19:47:06,784 - Epoch:191, train_loss:1.0132, val_auc:0.9575, val_ap: 0.9638
2023-04-05 19:47:07,117 - Epoch:192, train_loss:1.0322, val_auc:0.9581, val_ap: 0.9641
2023-04-05 19:47:07,449 - Epoch:193, train_loss:1.0109, val_auc:0.9578, val_ap: 0.9640
2023-04-05 19:47:07,781 - Epoch:194, train_loss:1.0019, val_auc:0.9568, val_ap: 0.9634
2023-04-05 19:47:08,113 - Epoch:195, train_loss:1.0343, val_auc:0.9559, val_ap: 0.9627
2023-04-05 19:47:08,446 - Epoch:196, train_loss:1.0095, val_auc:0.9556, val_ap: 0.9626
2023-04-05 19:47:08,778 - Epoch:197, train_loss:1.0121, val_auc:0.9556, val_ap: 0.9627
2023-04-05 19:47:09,110 - Epoch:198, train_loss:1.0073, val_auc:0.9565, val_ap: 0.9633
2023-04-05 19:47:09,443 - Epoch:199, train_loss:1.0137, val_auc:0.9568, val_ap: 0.9635
2023-04-05 19:47:09,445 - final results:
2023-04-05 19:47:09,445 - ====================================================================================
2023-04-05 19:47:09,446 - AUC:0.9516+-0.0040 [0.9556510123177631, 0.9476360048824575]
2023-04-05 19:47:09,446 - AP:0.9539+-0.0057 [0.9596308797662447, 0.9481830159886383]
2023-04-05 19:47:09,844 - Epoch:000, train_loss:13.0864, val_auc:0.7960, val_ap: 0.8244, text_auc:0.7925, text_ap: 0.8324
2023-04-05 19:47:10,192 - Epoch:001, train_loss:12.6096, val_auc:0.8195, val_ap: 0.8456, text_auc:0.8141, text_ap: 0.8500
2023-04-05 19:47:10,539 - Epoch:002, train_loss:12.5250, val_auc:0.8320, val_ap: 0.8575, text_auc:0.8261, text_ap: 0.8592
2023-04-05 19:47:10,886 - Epoch:003, train_loss:11.8355, val_auc:0.8394, val_ap: 0.8636, text_auc:0.8345, text_ap: 0.8657
2023-04-05 19:47:11,230 - Epoch:004, train_loss:11.9906, val_auc:0.8444, val_ap: 0.8676, text_auc:0.8400, text_ap: 0.8698
2023-04-05 19:47:11,582 - Epoch:005, train_loss:11.6038, val_auc:0.8484, val_ap: 0.8709, text_auc:0.8446, text_ap: 0.8729
2023-04-05 19:47:11,931 - Epoch:006, train_loss:11.3788, val_auc:0.8518, val_ap: 0.8732, text_auc:0.8494, text_ap: 0.8763
2023-04-05 19:47:12,276 - Epoch:007, train_loss:11.0739, val_auc:0.8552, val_ap: 0.8764, text_auc:0.8539, text_ap: 0.8792
2023-04-05 19:47:12,619 - Epoch:008, train_loss:11.0809, val_auc:0.8596, val_ap: 0.8796, text_auc:0.8582, text_ap: 0.8820
2023-04-05 19:47:12,960 - Epoch:009, train_loss:10.4476, val_auc:0.8639, val_ap: 0.8826, text_auc:0.8628, text_ap: 0.8852
2023-04-05 19:47:13,302 - Epoch:010, train_loss:10.0700, val_auc:0.8684, val_ap: 0.8859, text_auc:0.8685, text_ap: 0.8889
2023-04-05 19:47:13,644 - Epoch:011, train_loss:9.6076, val_auc:0.8749, val_ap: 0.8917, text_auc:0.8755, text_ap: 0.8940
2023-04-05 19:47:13,987 - Epoch:012, train_loss:9.3757, val_auc:0.8856, val_ap: 0.9004, text_auc:0.8853, text_ap: 0.9011
2023-04-05 19:47:14,329 - Epoch:013, train_loss:9.1934, val_auc:0.9034, val_ap: 0.9135, text_auc:0.8995, text_ap: 0.9118
2023-04-05 19:47:14,674 - Epoch:014, train_loss:8.4407, val_auc:0.9302, val_ap: 0.9349, text_auc:0.9155, text_ap: 0.9234
2023-04-05 19:47:15,015 - Epoch:015, train_loss:8.0817, val_auc:0.9439, val_ap: 0.9473, text_auc:0.9221, text_ap: 0.9275
2023-04-05 19:47:15,339 - Epoch:016, train_loss:7.1277, val_auc:0.9407, val_ap: 0.9447
2023-04-05 19:47:15,671 - Epoch:017, train_loss:6.8751, val_auc:0.9377, val_ap: 0.9411
2023-04-05 19:47:16,003 - Epoch:018, train_loss:6.7645, val_auc:0.9400, val_ap: 0.9420
2023-04-05 19:47:16,355 - Epoch:019, train_loss:6.1218, val_auc:0.9466, val_ap: 0.9471, text_auc:0.9268, text_ap: 0.9293
2023-04-05 19:47:16,715 - Epoch:020, train_loss:5.7117, val_auc:0.9526, val_ap: 0.9522, text_auc:0.9286, text_ap: 0.9300
2023-04-05 19:47:17,077 - Epoch:021, train_loss:5.2712, val_auc:0.9559, val_ap: 0.9554, text_auc:0.9263, text_ap: 0.9276
2023-04-05 19:47:17,430 - Epoch:022, train_loss:4.9259, val_auc:0.9558, val_ap: 0.9551
2023-04-05 19:47:17,796 - Epoch:023, train_loss:4.7189, val_auc:0.9551, val_ap: 0.9543
2023-04-05 19:47:18,135 - Epoch:024, train_loss:4.7074, val_auc:0.9549, val_ap: 0.9542
2023-04-05 19:47:18,474 - Epoch:025, train_loss:4.6185, val_auc:0.9539, val_ap: 0.9537
2023-04-05 19:47:18,810 - Epoch:026, train_loss:4.2283, val_auc:0.9527, val_ap: 0.9529
2023-04-05 19:47:19,139 - Epoch:027, train_loss:4.0817, val_auc:0.9514, val_ap: 0.9519
2023-04-05 19:47:19,476 - Epoch:028, train_loss:3.8335, val_auc:0.9499, val_ap: 0.9504
2023-04-05 19:47:19,817 - Epoch:029, train_loss:3.7610, val_auc:0.9496, val_ap: 0.9500
2023-04-05 19:47:20,178 - Epoch:030, train_loss:3.5723, val_auc:0.9500, val_ap: 0.9503
2023-04-05 19:47:20,521 - Epoch:031, train_loss:3.4027, val_auc:0.9507, val_ap: 0.9506
2023-04-05 19:47:20,873 - Epoch:032, train_loss:3.3906, val_auc:0.9517, val_ap: 0.9511
2023-04-05 19:47:21,222 - Epoch:033, train_loss:3.2767, val_auc:0.9523, val_ap: 0.9517
2023-04-05 19:47:21,561 - Epoch:034, train_loss:3.1803, val_auc:0.9530, val_ap: 0.9525
2023-04-05 19:47:21,896 - Epoch:035, train_loss:3.1450, val_auc:0.9531, val_ap: 0.9527
2023-04-05 19:47:22,237 - Epoch:036, train_loss:3.0813, val_auc:0.9531, val_ap: 0.9527
2023-04-05 19:47:22,579 - Epoch:037, train_loss:2.9824, val_auc:0.9527, val_ap: 0.9523
2023-04-05 19:47:22,914 - Epoch:038, train_loss:2.8571, val_auc:0.9521, val_ap: 0.9519
2023-04-05 19:47:23,267 - Epoch:039, train_loss:2.7368, val_auc:0.9514, val_ap: 0.9515
2023-04-05 19:47:23,621 - Epoch:040, train_loss:2.7567, val_auc:0.9507, val_ap: 0.9509
2023-04-05 19:47:23,962 - Epoch:041, train_loss:2.6545, val_auc:0.9502, val_ap: 0.9506
2023-04-05 19:47:24,327 - Epoch:042, train_loss:2.5456, val_auc:0.9503, val_ap: 0.9508
2023-04-05 19:47:24,680 - Epoch:043, train_loss:2.5363, val_auc:0.9508, val_ap: 0.9510
2023-04-05 19:47:25,027 - Epoch:044, train_loss:2.4192, val_auc:0.9512, val_ap: 0.9512
2023-04-05 19:47:25,372 - Epoch:045, train_loss:2.3990, val_auc:0.9516, val_ap: 0.9515
2023-04-05 19:47:25,717 - Epoch:046, train_loss:2.2844, val_auc:0.9520, val_ap: 0.9519
2023-04-05 19:47:26,053 - Epoch:047, train_loss:2.3326, val_auc:0.9526, val_ap: 0.9524
2023-04-05 19:47:26,401 - Epoch:048, train_loss:2.2111, val_auc:0.9533, val_ap: 0.9530
2023-04-05 19:47:26,735 - Epoch:049, train_loss:2.1859, val_auc:0.9533, val_ap: 0.9529
2023-04-05 19:47:27,068 - Epoch:050, train_loss:2.2290, val_auc:0.9534, val_ap: 0.9531
2023-04-05 19:47:27,402 - Epoch:051, train_loss:2.1656, val_auc:0.9537, val_ap: 0.9533
2023-04-05 19:47:27,735 - Epoch:052, train_loss:2.1125, val_auc:0.9537, val_ap: 0.9534
2023-04-05 19:47:28,074 - Epoch:053, train_loss:2.1061, val_auc:0.9539, val_ap: 0.9536
2023-04-05 19:47:28,410 - Epoch:054, train_loss:2.0056, val_auc:0.9539, val_ap: 0.9537
2023-04-05 19:47:28,741 - Epoch:055, train_loss:1.9916, val_auc:0.9541, val_ap: 0.9539
2023-04-05 19:47:29,084 - Epoch:056, train_loss:1.9441, val_auc:0.9540, val_ap: 0.9538
2023-04-05 19:47:29,427 - Epoch:057, train_loss:1.8844, val_auc:0.9540, val_ap: 0.9539
2023-04-05 19:47:29,779 - Epoch:058, train_loss:1.9331, val_auc:0.9538, val_ap: 0.9536
2023-04-05 19:47:30,118 - Epoch:059, train_loss:1.8456, val_auc:0.9536, val_ap: 0.9533
2023-04-05 19:47:30,461 - Epoch:060, train_loss:1.8741, val_auc:0.9535, val_ap: 0.9531
2023-04-05 19:47:30,799 - Epoch:061, train_loss:1.8235, val_auc:0.9539, val_ap: 0.9533
2023-04-05 19:47:31,131 - Epoch:062, train_loss:1.7755, val_auc:0.9543, val_ap: 0.9537
2023-04-05 19:47:31,467 - Epoch:063, train_loss:1.7786, val_auc:0.9549, val_ap: 0.9544
2023-04-05 19:47:31,802 - Epoch:064, train_loss:1.7369, val_auc:0.9552, val_ap: 0.9546
2023-04-05 19:47:32,134 - Epoch:065, train_loss:1.6968, val_auc:0.9554, val_ap: 0.9547
2023-04-05 19:47:32,469 - Epoch:066, train_loss:1.6695, val_auc:0.9555, val_ap: 0.9547
2023-04-05 19:47:32,804 - Epoch:067, train_loss:1.7443, val_auc:0.9557, val_ap: 0.9550
2023-04-05 19:47:33,165 - Epoch:068, train_loss:1.6976, val_auc:0.9559, val_ap: 0.9553, text_auc:0.9270, text_ap: 0.9278
2023-04-05 19:47:33,525 - Epoch:069, train_loss:1.7017, val_auc:0.9563, val_ap: 0.9556, text_auc:0.9272, text_ap: 0.9280
2023-04-05 19:47:33,863 - Epoch:070, train_loss:1.6554, val_auc:0.9563, val_ap: 0.9555
2023-04-05 19:47:34,215 - Epoch:071, train_loss:1.6588, val_auc:0.9564, val_ap: 0.9557, text_auc:0.9276, text_ap: 0.9284
2023-04-05 19:47:34,563 - Epoch:072, train_loss:1.6702, val_auc:0.9565, val_ap: 0.9558, text_auc:0.9277, text_ap: 0.9286
2023-04-05 19:47:34,910 - Epoch:073, train_loss:1.5882, val_auc:0.9564, val_ap: 0.9558
2023-04-05 19:47:35,247 - Epoch:074, train_loss:1.5644, val_auc:0.9562, val_ap: 0.9556
2023-04-05 19:47:35,586 - Epoch:075, train_loss:1.5550, val_auc:0.9561, val_ap: 0.9555
2023-04-05 19:47:35,927 - Epoch:076, train_loss:1.5291, val_auc:0.9559, val_ap: 0.9554
2023-04-05 19:47:36,273 - Epoch:077, train_loss:1.5693, val_auc:0.9561, val_ap: 0.9556
2023-04-05 19:47:36,629 - Epoch:078, train_loss:1.5969, val_auc:0.9566, val_ap: 0.9560, text_auc:0.9284, text_ap: 0.9302
2023-04-05 19:47:36,986 - Epoch:079, train_loss:1.5055, val_auc:0.9567, val_ap: 0.9561, text_auc:0.9287, text_ap: 0.9306
2023-04-05 19:47:37,337 - Epoch:080, train_loss:1.5544, val_auc:0.9572, val_ap: 0.9566, text_auc:0.9290, text_ap: 0.9309
2023-04-05 19:47:37,682 - Epoch:081, train_loss:1.5229, val_auc:0.9575, val_ap: 0.9567, text_auc:0.9293, text_ap: 0.9311
2023-04-05 19:47:38,024 - Epoch:082, train_loss:1.4599, val_auc:0.9576, val_ap: 0.9568, text_auc:0.9293, text_ap: 0.9311
2023-04-05 19:47:38,353 - Epoch:083, train_loss:1.4933, val_auc:0.9574, val_ap: 0.9567
2023-04-05 19:47:38,688 - Epoch:084, train_loss:1.4887, val_auc:0.9568, val_ap: 0.9563
2023-04-05 19:47:39,048 - Epoch:085, train_loss:1.4616, val_auc:0.9567, val_ap: 0.9562
2023-04-05 19:47:39,394 - Epoch:086, train_loss:1.4311, val_auc:0.9566, val_ap: 0.9562
2023-04-05 19:47:39,757 - Epoch:087, train_loss:1.4462, val_auc:0.9565, val_ap: 0.9562
2023-04-05 19:47:40,096 - Epoch:088, train_loss:1.4123, val_auc:0.9564, val_ap: 0.9563
2023-04-05 19:47:40,437 - Epoch:089, train_loss:1.4736, val_auc:0.9564, val_ap: 0.9564
2023-04-05 19:47:40,777 - Epoch:090, train_loss:1.3896, val_auc:0.9563, val_ap: 0.9563
2023-04-05 19:47:41,116 - Epoch:091, train_loss:1.4113, val_auc:0.9564, val_ap: 0.9563
2023-04-05 19:47:41,454 - Epoch:092, train_loss:1.4111, val_auc:0.9565, val_ap: 0.9563
2023-04-05 19:47:41,787 - Epoch:093, train_loss:1.3816, val_auc:0.9569, val_ap: 0.9566
2023-04-05 19:47:42,141 - Epoch:094, train_loss:1.3753, val_auc:0.9576, val_ap: 0.9571, text_auc:0.9302, text_ap: 0.9326
2023-04-05 19:47:42,476 - Epoch:095, train_loss:1.3391, val_auc:0.9576, val_ap: 0.9571
2023-04-05 19:47:42,820 - Epoch:096, train_loss:1.4094, val_auc:0.9575, val_ap: 0.9571
2023-04-05 19:47:43,169 - Epoch:097, train_loss:1.3445, val_auc:0.9569, val_ap: 0.9568
2023-04-05 19:47:43,513 - Epoch:098, train_loss:1.3606, val_auc:0.9567, val_ap: 0.9568
2023-04-05 19:47:43,875 - Epoch:099, train_loss:1.3143, val_auc:0.9563, val_ap: 0.9566
2023-04-05 19:47:44,230 - Epoch:100, train_loss:1.3149, val_auc:0.9560, val_ap: 0.9564
2023-04-05 19:47:44,568 - Epoch:101, train_loss:1.3122, val_auc:0.9558, val_ap: 0.9562
2023-04-05 19:47:44,905 - Epoch:102, train_loss:1.3305, val_auc:0.9563, val_ap: 0.9567
2023-04-05 19:47:45,246 - Epoch:103, train_loss:1.3034, val_auc:0.9566, val_ap: 0.9568
2023-04-05 19:47:45,581 - Epoch:104, train_loss:1.3033, val_auc:0.9572, val_ap: 0.9573
2023-04-05 19:47:45,935 - Epoch:105, train_loss:1.3143, val_auc:0.9575, val_ap: 0.9575, text_auc:0.9313, text_ap: 0.9346
2023-04-05 19:47:46,275 - Epoch:106, train_loss:1.2550, val_auc:0.9575, val_ap: 0.9574
2023-04-05 19:47:46,609 - Epoch:107, train_loss:1.2730, val_auc:0.9572, val_ap: 0.9573
2023-04-05 19:47:46,951 - Epoch:108, train_loss:1.2844, val_auc:0.9567, val_ap: 0.9571
2023-04-05 19:47:47,299 - Epoch:109, train_loss:1.2889, val_auc:0.9563, val_ap: 0.9569
2023-04-05 19:47:47,647 - Epoch:110, train_loss:1.2594, val_auc:0.9559, val_ap: 0.9566
2023-04-05 19:47:47,987 - Epoch:111, train_loss:1.2791, val_auc:0.9558, val_ap: 0.9566
2023-04-05 19:47:48,330 - Epoch:112, train_loss:1.2509, val_auc:0.9556, val_ap: 0.9565
2023-04-05 19:47:48,663 - Epoch:113, train_loss:1.2586, val_auc:0.9560, val_ap: 0.9568
2023-04-05 19:47:48,996 - Epoch:114, train_loss:1.2439, val_auc:0.9560, val_ap: 0.9570
2023-04-05 19:47:49,329 - Epoch:115, train_loss:1.2587, val_auc:0.9564, val_ap: 0.9573
2023-04-05 19:47:49,666 - Epoch:116, train_loss:1.2708, val_auc:0.9564, val_ap: 0.9573
2023-04-05 19:47:50,010 - Epoch:117, train_loss:1.2417, val_auc:0.9567, val_ap: 0.9576
2023-04-05 19:47:50,351 - Epoch:118, train_loss:1.2322, val_auc:0.9566, val_ap: 0.9575
2023-04-05 19:47:50,690 - Epoch:119, train_loss:1.2265, val_auc:0.9566, val_ap: 0.9575
2023-04-05 19:47:51,032 - Epoch:120, train_loss:1.2207, val_auc:0.9564, val_ap: 0.9573
2023-04-05 19:47:51,370 - Epoch:121, train_loss:1.2135, val_auc:0.9562, val_ap: 0.9573
2023-04-05 19:47:51,701 - Epoch:122, train_loss:1.2234, val_auc:0.9559, val_ap: 0.9571
2023-04-05 19:47:52,038 - Epoch:123, train_loss:1.2066, val_auc:0.9557, val_ap: 0.9569
2023-04-05 19:47:52,383 - Epoch:124, train_loss:1.1819, val_auc:0.9556, val_ap: 0.9568
2023-04-05 19:47:52,720 - Epoch:125, train_loss:1.1781, val_auc:0.9555, val_ap: 0.9568
2023-04-05 19:47:53,058 - Epoch:126, train_loss:1.1628, val_auc:0.9560, val_ap: 0.9572
2023-04-05 19:47:53,394 - Epoch:127, train_loss:1.1634, val_auc:0.9565, val_ap: 0.9577
2023-04-05 19:47:53,726 - Epoch:128, train_loss:1.2002, val_auc:0.9566, val_ap: 0.9578
2023-04-05 19:47:54,071 - Epoch:129, train_loss:1.1820, val_auc:0.9566, val_ap: 0.9579
2023-04-05 19:47:54,409 - Epoch:130, train_loss:1.1721, val_auc:0.9564, val_ap: 0.9576
2023-04-05 19:47:54,742 - Epoch:131, train_loss:1.1563, val_auc:0.9564, val_ap: 0.9577
2023-04-05 19:47:55,080 - Epoch:132, train_loss:1.1651, val_auc:0.9563, val_ap: 0.9576
2023-04-05 19:47:55,421 - Epoch:133, train_loss:1.1788, val_auc:0.9560, val_ap: 0.9574
2023-04-05 19:47:55,767 - Epoch:134, train_loss:1.1538, val_auc:0.9554, val_ap: 0.9570
2023-04-05 19:47:56,113 - Epoch:135, train_loss:1.1970, val_auc:0.9550, val_ap: 0.9567
2023-04-05 19:47:56,455 - Epoch:136, train_loss:1.1603, val_auc:0.9549, val_ap: 0.9567
2023-04-05 19:47:56,794 - Epoch:137, train_loss:1.1632, val_auc:0.9552, val_ap: 0.9571
2023-04-05 19:47:57,132 - Epoch:138, train_loss:1.1544, val_auc:0.9553, val_ap: 0.9573
2023-04-05 19:47:57,467 - Epoch:139, train_loss:1.1513, val_auc:0.9555, val_ap: 0.9577
2023-04-05 19:47:57,804 - Epoch:140, train_loss:1.1418, val_auc:0.9557, val_ap: 0.9578
2023-04-05 19:47:58,142 - Epoch:141, train_loss:1.1484, val_auc:0.9557, val_ap: 0.9577
2023-04-05 19:47:58,477 - Epoch:142, train_loss:1.1534, val_auc:0.9559, val_ap: 0.9577
2023-04-05 19:47:58,820 - Epoch:143, train_loss:1.1552, val_auc:0.9559, val_ap: 0.9577
2023-04-05 19:47:59,171 - Epoch:144, train_loss:1.1420, val_auc:0.9559, val_ap: 0.9576
2023-04-05 19:47:59,524 - Epoch:145, train_loss:1.1164, val_auc:0.9561, val_ap: 0.9577
2023-04-05 19:47:59,874 - Epoch:146, train_loss:1.1306, val_auc:0.9559, val_ap: 0.9576
2023-04-05 19:48:00,219 - Epoch:147, train_loss:1.1187, val_auc:0.9562, val_ap: 0.9578
2023-04-05 19:48:00,569 - Epoch:148, train_loss:1.1414, val_auc:0.9561, val_ap: 0.9579
2023-04-05 19:48:00,917 - Epoch:149, train_loss:1.1062, val_auc:0.9557, val_ap: 0.9578
2023-04-05 19:48:01,256 - Epoch:150, train_loss:1.1424, val_auc:0.9556, val_ap: 0.9580
2023-04-05 19:48:01,593 - Epoch:151, train_loss:1.1052, val_auc:0.9551, val_ap: 0.9578
2023-04-05 19:48:01,930 - Epoch:152, train_loss:1.1153, val_auc:0.9553, val_ap: 0.9579
2023-04-05 19:48:02,266 - Epoch:153, train_loss:1.1223, val_auc:0.9552, val_ap: 0.9580
2023-04-05 19:48:02,604 - Epoch:154, train_loss:1.1311, val_auc:0.9550, val_ap: 0.9580
2023-04-05 19:48:02,944 - Epoch:155, train_loss:1.1037, val_auc:0.9552, val_ap: 0.9580
2023-04-05 19:48:03,277 - Epoch:156, train_loss:1.0955, val_auc:0.9554, val_ap: 0.9581
2023-04-05 19:48:03,609 - Epoch:157, train_loss:1.0970, val_auc:0.9552, val_ap: 0.9578
2023-04-05 19:48:03,973 - Epoch:158, train_loss:1.0695, val_auc:0.9556, val_ap: 0.9580
2023-04-05 19:48:04,320 - Epoch:159, train_loss:1.0863, val_auc:0.9557, val_ap: 0.9580
2023-04-05 19:48:04,664 - Epoch:160, train_loss:1.1024, val_auc:0.9555, val_ap: 0.9580
2023-04-05 19:48:05,011 - Epoch:161, train_loss:1.0807, val_auc:0.9554, val_ap: 0.9581
2023-04-05 19:48:05,359 - Epoch:162, train_loss:1.0938, val_auc:0.9550, val_ap: 0.9581
2023-04-05 19:48:05,709 - Epoch:163, train_loss:1.0852, val_auc:0.9548, val_ap: 0.9581
2023-04-05 19:48:06,051 - Epoch:164, train_loss:1.0696, val_auc:0.9545, val_ap: 0.9580
2023-04-05 19:48:06,404 - Epoch:165, train_loss:1.0830, val_auc:0.9541, val_ap: 0.9577
2023-04-05 19:48:06,750 - Epoch:166, train_loss:1.0907, val_auc:0.9539, val_ap: 0.9574
2023-04-05 19:48:07,111 - Epoch:167, train_loss:1.0960, val_auc:0.9542, val_ap: 0.9578
2023-04-05 19:48:07,476 - Epoch:168, train_loss:1.0401, val_auc:0.9545, val_ap: 0.9579
2023-04-05 19:48:07,825 - Epoch:169, train_loss:1.0619, val_auc:0.9545, val_ap: 0.9576
2023-04-05 19:48:08,191 - Epoch:170, train_loss:1.0678, val_auc:0.9545, val_ap: 0.9580
2023-04-05 19:48:08,541 - Epoch:171, train_loss:1.0477, val_auc:0.9542, val_ap: 0.9579
2023-04-05 19:48:08,889 - Epoch:172, train_loss:1.0516, val_auc:0.9538, val_ap: 0.9580
2023-04-05 19:48:09,243 - Epoch:173, train_loss:1.0481, val_auc:0.9530, val_ap: 0.9576
2023-04-05 19:48:09,573 - Epoch:174, train_loss:1.0474, val_auc:0.9530, val_ap: 0.9576
2023-04-05 19:48:09,926 - Epoch:175, train_loss:1.0609, val_auc:0.9530, val_ap: 0.9575
2023-04-05 19:48:10,278 - Epoch:176, train_loss:1.0638, val_auc:0.9531, val_ap: 0.9576
2023-04-05 19:48:10,467 - Epoch:177, train_loss:1.0756, val_auc:0.9535, val_ap: 0.9578
2023-04-05 19:48:10,809 - Epoch:178, train_loss:1.0318, val_auc:0.9537, val_ap: 0.9579
2023-04-05 19:48:11,151 - Epoch:179, train_loss:1.0507, val_auc:0.9539, val_ap: 0.9582
2023-04-05 19:48:11,500 - Epoch:180, train_loss:1.0464, val_auc:0.9541, val_ap: 0.9585
2023-04-05 19:48:11,739 - Epoch:181, train_loss:1.0339, val_auc:0.9538, val_ap: 0.9582
2023-04-05 19:48:11,909 - Epoch:182, train_loss:1.0397, val_auc:0.9533, val_ap: 0.9579
2023-04-05 19:48:12,079 - Epoch:183, train_loss:1.0437, val_auc:0.9530, val_ap: 0.9576
2023-04-05 19:48:12,251 - Epoch:184, train_loss:1.0404, val_auc:0.9526, val_ap: 0.9573
2023-04-05 19:48:12,429 - Epoch:185, train_loss:1.0532, val_auc:0.9525, val_ap: 0.9572
2023-04-05 19:48:12,599 - Epoch:186, train_loss:1.0336, val_auc:0.9525, val_ap: 0.9573
2023-04-05 19:48:12,771 - Epoch:187, train_loss:1.0066, val_auc:0.9528, val_ap: 0.9577
2023-04-05 19:48:12,944 - Epoch:188, train_loss:1.0580, val_auc:0.9532, val_ap: 0.9580
2023-04-05 19:48:13,095 - Epoch:189, train_loss:1.0136, val_auc:0.9536, val_ap: 0.9582
2023-04-05 19:48:13,318 - Epoch:190, train_loss:1.0596, val_auc:0.9534, val_ap: 0.9580
2023-04-05 19:48:13,509 - Epoch:191, train_loss:1.0277, val_auc:0.9534, val_ap: 0.9582
2023-04-05 19:48:13,865 - Epoch:192, train_loss:1.0124, val_auc:0.9535, val_ap: 0.9583
2023-04-05 19:48:14,211 - Epoch:193, train_loss:1.0178, val_auc:0.9529, val_ap: 0.9580
2023-04-05 19:48:14,565 - Epoch:194, train_loss:1.0311, val_auc:0.9527, val_ap: 0.9578
2023-04-05 19:48:14,908 - Epoch:195, train_loss:1.0174, val_auc:0.9526, val_ap: 0.9580
2023-04-05 19:48:15,251 - Epoch:196, train_loss:1.0178, val_auc:0.9524, val_ap: 0.9578
2023-04-05 19:48:15,613 - Epoch:197, train_loss:1.0083, val_auc:0.9528, val_ap: 0.9582
2023-04-05 19:48:15,950 - Epoch:198, train_loss:0.9891, val_auc:0.9531, val_ap: 0.9583
2023-04-05 19:48:16,293 - Epoch:199, train_loss:0.9982, val_auc:0.9539, val_ap: 0.9587
2023-04-05 19:48:16,295 - final results:
2023-04-05 19:48:16,296 - ====================================================================================
2023-04-05 19:48:16,296 - AUC:0.9449+-0.0101 [0.9556510123177631, 0.9476360048824575, 0.9312855337397248]
2023-04-05 19:48:16,296 - AP:0.9475+-0.0102 [0.9596308797662447, 0.9481830159886383, 0.934649191765381]
2023-04-05 19:48:16,699 - Epoch:000, train_loss:13.3685, val_auc:0.7838, val_ap: 0.8297, text_auc:0.8491, text_ap: 0.8774
2023-04-05 19:48:17,055 - Epoch:001, train_loss:12.7709, val_auc:0.8063, val_ap: 0.8441, text_auc:0.8667, text_ap: 0.8917
2023-04-05 19:48:17,413 - Epoch:002, train_loss:12.3702, val_auc:0.8173, val_ap: 0.8508, text_auc:0.8757, text_ap: 0.8988
2023-04-05 19:48:17,770 - Epoch:003, train_loss:11.8743, val_auc:0.8251, val_ap: 0.8557, text_auc:0.8813, text_ap: 0.9032
2023-04-05 19:48:18,134 - Epoch:004, train_loss:11.7247, val_auc:0.8311, val_ap: 0.8593, text_auc:0.8865, text_ap: 0.9072
2023-04-05 19:48:18,502 - Epoch:005, train_loss:11.0487, val_auc:0.8354, val_ap: 0.8622, text_auc:0.8907, text_ap: 0.9105
2023-04-05 19:48:18,863 - Epoch:006, train_loss:11.2031, val_auc:0.8410, val_ap: 0.8659, text_auc:0.8950, text_ap: 0.9136
2023-04-05 19:48:19,227 - Epoch:007, train_loss:11.0914, val_auc:0.8465, val_ap: 0.8703, text_auc:0.8993, text_ap: 0.9168
2023-04-05 19:48:19,584 - Epoch:008, train_loss:10.3637, val_auc:0.8515, val_ap: 0.8740, text_auc:0.9037, text_ap: 0.9201
2023-04-05 19:48:19,949 - Epoch:009, train_loss:10.4781, val_auc:0.8570, val_ap: 0.8783, text_auc:0.9082, text_ap: 0.9234
2023-04-05 19:48:20,300 - Epoch:010, train_loss:10.4368, val_auc:0.8640, val_ap: 0.8841, text_auc:0.9134, text_ap: 0.9274
2023-04-05 19:48:20,680 - Epoch:011, train_loss:9.6063, val_auc:0.8736, val_ap: 0.8912, text_auc:0.9197, text_ap: 0.9323
2023-04-05 19:48:21,035 - Epoch:012, train_loss:9.2496, val_auc:0.8873, val_ap: 0.9016, text_auc:0.9285, text_ap: 0.9392
2023-04-05 19:48:21,392 - Epoch:013, train_loss:8.8853, val_auc:0.9105, val_ap: 0.9187, text_auc:0.9409, text_ap: 0.9489
2023-04-05 19:48:21,741 - Epoch:014, train_loss:8.0250, val_auc:0.9392, val_ap: 0.9401, text_auc:0.9538, text_ap: 0.9581
2023-04-05 19:48:22,087 - Epoch:015, train_loss:7.2658, val_auc:0.9497, val_ap: 0.9485, text_auc:0.9554, text_ap: 0.9586
2023-04-05 19:48:22,423 - Epoch:016, train_loss:6.2738, val_auc:0.9462, val_ap: 0.9467
2023-04-05 19:48:22,755 - Epoch:017, train_loss:6.3564, val_auc:0.9462, val_ap: 0.9469
2023-04-05 19:48:23,091 - Epoch:018, train_loss:6.0571, val_auc:0.9472, val_ap: 0.9476
2023-04-05 19:48:23,427 - Epoch:019, train_loss:5.6129, val_auc:0.9484, val_ap: 0.9484
2023-04-05 19:48:23,774 - Epoch:020, train_loss:5.3601, val_auc:0.9496, val_ap: 0.9487, text_auc:0.9592, text_ap: 0.9607
2023-04-05 19:48:24,118 - Epoch:021, train_loss:5.3058, val_auc:0.9505, val_ap: 0.9482, text_auc:0.9586, text_ap: 0.9602
2023-04-05 19:48:24,464 - Epoch:022, train_loss:4.7513, val_auc:0.9510, val_ap: 0.9481, text_auc:0.9575, text_ap: 0.9593
2023-04-05 19:48:24,811 - Epoch:023, train_loss:4.6741, val_auc:0.9512, val_ap: 0.9481, text_auc:0.9563, text_ap: 0.9581
2023-04-05 19:48:25,155 - Epoch:024, train_loss:4.3475, val_auc:0.9516, val_ap: 0.9482, text_auc:0.9554, text_ap: 0.9572
2023-04-05 19:48:25,508 - Epoch:025, train_loss:4.2539, val_auc:0.9521, val_ap: 0.9484, text_auc:0.9549, text_ap: 0.9567
2023-04-05 19:48:25,861 - Epoch:026, train_loss:4.1950, val_auc:0.9527, val_ap: 0.9487, text_auc:0.9549, text_ap: 0.9564
2023-04-05 19:48:26,209 - Epoch:027, train_loss:4.0028, val_auc:0.9529, val_ap: 0.9488, text_auc:0.9550, text_ap: 0.9563
2023-04-05 19:48:26,552 - Epoch:028, train_loss:3.9352, val_auc:0.9533, val_ap: 0.9488, text_auc:0.9550, text_ap: 0.9562
2023-04-05 19:48:26,903 - Epoch:029, train_loss:3.6800, val_auc:0.9536, val_ap: 0.9490, text_auc:0.9548, text_ap: 0.9560
2023-04-05 19:48:27,248 - Epoch:030, train_loss:3.5717, val_auc:0.9537, val_ap: 0.9491, text_auc:0.9549, text_ap: 0.9562
2023-04-05 19:48:27,595 - Epoch:031, train_loss:3.5392, val_auc:0.9539, val_ap: 0.9490, text_auc:0.9550, text_ap: 0.9564
2023-04-05 19:48:27,932 - Epoch:032, train_loss:3.4022, val_auc:0.9535, val_ap: 0.9485
2023-04-05 19:48:28,270 - Epoch:033, train_loss:3.1823, val_auc:0.9528, val_ap: 0.9479
2023-04-05 19:48:28,602 - Epoch:034, train_loss:3.1362, val_auc:0.9526, val_ap: 0.9478
2023-04-05 19:48:28,933 - Epoch:035, train_loss:3.0054, val_auc:0.9527, val_ap: 0.9480
2023-04-05 19:48:29,266 - Epoch:036, train_loss:2.9284, val_auc:0.9527, val_ap: 0.9480
2023-04-05 19:48:29,598 - Epoch:037, train_loss:2.8928, val_auc:0.9531, val_ap: 0.9484
2023-04-05 19:48:29,929 - Epoch:038, train_loss:2.8041, val_auc:0.9533, val_ap: 0.9485
2023-04-05 19:48:30,259 - Epoch:039, train_loss:2.7551, val_auc:0.9537, val_ap: 0.9485
2023-04-05 19:48:30,603 - Epoch:040, train_loss:2.6547, val_auc:0.9536, val_ap: 0.9485
2023-04-05 19:48:30,940 - Epoch:041, train_loss:2.5775, val_auc:0.9538, val_ap: 0.9488
2023-04-05 19:48:31,272 - Epoch:042, train_loss:2.6021, val_auc:0.9537, val_ap: 0.9485
2023-04-05 19:48:31,622 - Epoch:043, train_loss:2.4542, val_auc:0.9539, val_ap: 0.9486
2023-04-05 19:48:31,953 - Epoch:044, train_loss:2.4680, val_auc:0.9539, val_ap: 0.9485
2023-04-05 19:48:32,283 - Epoch:045, train_loss:2.4278, val_auc:0.9540, val_ap: 0.9485
2023-04-05 19:48:32,614 - Epoch:046, train_loss:2.3398, val_auc:0.9543, val_ap: 0.9487
2023-04-05 19:48:32,963 - Epoch:047, train_loss:2.3433, val_auc:0.9548, val_ap: 0.9490, text_auc:0.9567, text_ap: 0.9580
2023-04-05 19:48:33,316 - Epoch:048, train_loss:2.2387, val_auc:0.9549, val_ap: 0.9490, text_auc:0.9572, text_ap: 0.9585
2023-04-05 19:48:33,660 - Epoch:049, train_loss:2.1977, val_auc:0.9550, val_ap: 0.9490, text_auc:0.9576, text_ap: 0.9588
2023-04-05 19:48:34,000 - Epoch:050, train_loss:2.1838, val_auc:0.9551, val_ap: 0.9491, text_auc:0.9576, text_ap: 0.9588
2023-04-05 19:48:34,344 - Epoch:051, train_loss:2.1693, val_auc:0.9551, val_ap: 0.9492, text_auc:0.9574, text_ap: 0.9586
2023-04-05 19:48:34,689 - Epoch:052, train_loss:2.0889, val_auc:0.9553, val_ap: 0.9494, text_auc:0.9572, text_ap: 0.9585
2023-04-05 19:48:35,029 - Epoch:053, train_loss:2.0713, val_auc:0.9556, val_ap: 0.9497, text_auc:0.9569, text_ap: 0.9585
2023-04-05 19:48:35,378 - Epoch:054, train_loss:2.0296, val_auc:0.9559, val_ap: 0.9501, text_auc:0.9565, text_ap: 0.9583
2023-04-05 19:48:35,733 - Epoch:055, train_loss:1.9840, val_auc:0.9560, val_ap: 0.9505, text_auc:0.9564, text_ap: 0.9584
2023-04-05 19:48:36,083 - Epoch:056, train_loss:1.9659, val_auc:0.9564, val_ap: 0.9510, text_auc:0.9566, text_ap: 0.9586
2023-04-05 19:48:36,426 - Epoch:057, train_loss:1.9816, val_auc:0.9569, val_ap: 0.9516, text_auc:0.9571, text_ap: 0.9590
2023-04-05 19:48:36,766 - Epoch:058, train_loss:1.9052, val_auc:0.9570, val_ap: 0.9518, text_auc:0.9578, text_ap: 0.9595
2023-04-05 19:48:37,095 - Epoch:059, train_loss:1.8653, val_auc:0.9569, val_ap: 0.9517
2023-04-05 19:48:37,446 - Epoch:060, train_loss:1.8557, val_auc:0.9571, val_ap: 0.9519, text_auc:0.9596, text_ap: 0.9607
2023-04-05 19:48:37,774 - Epoch:061, train_loss:1.7908, val_auc:0.9568, val_ap: 0.9515
2023-04-05 19:48:38,115 - Epoch:062, train_loss:1.8209, val_auc:0.9569, val_ap: 0.9517
2023-04-05 19:48:38,464 - Epoch:063, train_loss:1.7854, val_auc:0.9570, val_ap: 0.9521, text_auc:0.9608, text_ap: 0.9618
2023-04-05 19:48:38,808 - Epoch:064, train_loss:1.7368, val_auc:0.9571, val_ap: 0.9523, text_auc:0.9607, text_ap: 0.9618
2023-04-05 19:48:39,151 - Epoch:065, train_loss:1.7153, val_auc:0.9571, val_ap: 0.9525, text_auc:0.9606, text_ap: 0.9618
2023-04-05 19:48:39,495 - Epoch:066, train_loss:1.7300, val_auc:0.9573, val_ap: 0.9529, text_auc:0.9603, text_ap: 0.9616
2023-04-05 19:48:39,837 - Epoch:067, train_loss:1.7030, val_auc:0.9575, val_ap: 0.9532, text_auc:0.9600, text_ap: 0.9615
2023-04-05 19:48:40,177 - Epoch:068, train_loss:1.6572, val_auc:0.9575, val_ap: 0.9534, text_auc:0.9598, text_ap: 0.9613
2023-04-05 19:48:40,528 - Epoch:069, train_loss:1.6373, val_auc:0.9577, val_ap: 0.9537, text_auc:0.9598, text_ap: 0.9614
2023-04-05 19:48:40,891 - Epoch:070, train_loss:1.6107, val_auc:0.9580, val_ap: 0.9541, text_auc:0.9599, text_ap: 0.9614
2023-04-05 19:48:41,236 - Epoch:071, train_loss:1.6174, val_auc:0.9584, val_ap: 0.9544, text_auc:0.9602, text_ap: 0.9617
2023-04-05 19:48:41,583 - Epoch:072, train_loss:1.6168, val_auc:0.9586, val_ap: 0.9546, text_auc:0.9606, text_ap: 0.9620
2023-04-05 19:48:41,928 - Epoch:073, train_loss:1.6032, val_auc:0.9588, val_ap: 0.9548, text_auc:0.9608, text_ap: 0.9622
2023-04-05 19:48:42,269 - Epoch:074, train_loss:1.5643, val_auc:0.9590, val_ap: 0.9549, text_auc:0.9613, text_ap: 0.9626
2023-04-05 19:48:42,605 - Epoch:075, train_loss:1.5712, val_auc:0.9591, val_ap: 0.9551, text_auc:0.9619, text_ap: 0.9630
2023-04-05 19:48:42,951 - Epoch:076, train_loss:1.5521, val_auc:0.9593, val_ap: 0.9554, text_auc:0.9621, text_ap: 0.9631
2023-04-05 19:48:43,296 - Epoch:077, train_loss:1.5769, val_auc:0.9592, val_ap: 0.9554, text_auc:0.9624, text_ap: 0.9635
2023-04-05 19:48:43,642 - Epoch:078, train_loss:1.5487, val_auc:0.9593, val_ap: 0.9555, text_auc:0.9625, text_ap: 0.9636
2023-04-05 19:48:43,985 - Epoch:079, train_loss:1.5791, val_auc:0.9595, val_ap: 0.9559, text_auc:0.9627, text_ap: 0.9637
2023-04-05 19:48:44,326 - Epoch:080, train_loss:1.5161, val_auc:0.9597, val_ap: 0.9561, text_auc:0.9628, text_ap: 0.9638
2023-04-05 19:48:44,670 - Epoch:081, train_loss:1.4813, val_auc:0.9597, val_ap: 0.9561, text_auc:0.9627, text_ap: 0.9639
2023-04-05 19:48:45,010 - Epoch:082, train_loss:1.5280, val_auc:0.9599, val_ap: 0.9563, text_auc:0.9626, text_ap: 0.9639
2023-04-05 19:48:45,351 - Epoch:083, train_loss:1.4976, val_auc:0.9601, val_ap: 0.9566, text_auc:0.9626, text_ap: 0.9640
2023-04-05 19:48:45,701 - Epoch:084, train_loss:1.4206, val_auc:0.9602, val_ap: 0.9567, text_auc:0.9625, text_ap: 0.9640
2023-04-05 19:48:46,048 - Epoch:085, train_loss:1.4854, val_auc:0.9600, val_ap: 0.9569, text_auc:0.9627, text_ap: 0.9642
2023-04-05 19:48:46,391 - Epoch:086, train_loss:1.4413, val_auc:0.9600, val_ap: 0.9570, text_auc:0.9630, text_ap: 0.9644
2023-04-05 19:48:46,731 - Epoch:087, train_loss:1.4436, val_auc:0.9601, val_ap: 0.9570, text_auc:0.9631, text_ap: 0.9645
2023-04-05 19:48:47,071 - Epoch:088, train_loss:1.4188, val_auc:0.9601, val_ap: 0.9571, text_auc:0.9633, text_ap: 0.9646
2023-04-05 19:48:47,400 - Epoch:089, train_loss:1.4670, val_auc:0.9601, val_ap: 0.9571
2023-04-05 19:48:47,747 - Epoch:090, train_loss:1.3781, val_auc:0.9602, val_ap: 0.9574, text_auc:0.9633, text_ap: 0.9648
2023-04-05 19:48:48,100 - Epoch:091, train_loss:1.3951, val_auc:0.9603, val_ap: 0.9576, text_auc:0.9633, text_ap: 0.9648
2023-04-05 19:48:48,448 - Epoch:092, train_loss:1.3683, val_auc:0.9604, val_ap: 0.9576, text_auc:0.9634, text_ap: 0.9649
2023-04-05 19:48:48,792 - Epoch:093, train_loss:1.3964, val_auc:0.9607, val_ap: 0.9579, text_auc:0.9636, text_ap: 0.9651
2023-04-05 19:48:49,135 - Epoch:094, train_loss:1.3901, val_auc:0.9607, val_ap: 0.9580, text_auc:0.9637, text_ap: 0.9652
2023-04-05 19:48:49,476 - Epoch:095, train_loss:1.3716, val_auc:0.9607, val_ap: 0.9582, text_auc:0.9637, text_ap: 0.9654
2023-04-05 19:48:49,820 - Epoch:096, train_loss:1.3775, val_auc:0.9608, val_ap: 0.9585, text_auc:0.9637, text_ap: 0.9655
2023-04-05 19:48:50,168 - Epoch:097, train_loss:1.3643, val_auc:0.9609, val_ap: 0.9589, text_auc:0.9635, text_ap: 0.9655
2023-04-05 19:48:50,500 - Epoch:098, train_loss:1.3266, val_auc:0.9606, val_ap: 0.9587
2023-04-05 19:48:50,836 - Epoch:099, train_loss:1.3632, val_auc:0.9604, val_ap: 0.9584
2023-04-05 19:48:51,168 - Epoch:100, train_loss:1.3313, val_auc:0.9603, val_ap: 0.9583
2023-04-05 19:48:51,499 - Epoch:101, train_loss:1.3588, val_auc:0.9604, val_ap: 0.9584
2023-04-05 19:48:51,833 - Epoch:102, train_loss:1.3366, val_auc:0.9606, val_ap: 0.9584
2023-04-05 19:48:52,177 - Epoch:103, train_loss:1.3486, val_auc:0.9610, val_ap: 0.9588, text_auc:0.9633, text_ap: 0.9653
2023-04-05 19:48:52,519 - Epoch:104, train_loss:1.2829, val_auc:0.9613, val_ap: 0.9590, text_auc:0.9634, text_ap: 0.9654
2023-04-05 19:48:52,872 - Epoch:105, train_loss:1.2869, val_auc:0.9615, val_ap: 0.9591, text_auc:0.9636, text_ap: 0.9656
2023-04-05 19:48:53,230 - Epoch:106, train_loss:1.3081, val_auc:0.9615, val_ap: 0.9593, text_auc:0.9638, text_ap: 0.9659
2023-04-05 19:48:53,578 - Epoch:107, train_loss:1.2963, val_auc:0.9614, val_ap: 0.9594, text_auc:0.9640, text_ap: 0.9661
2023-04-05 19:48:53,903 - Epoch:108, train_loss:1.2861, val_auc:0.9609, val_ap: 0.9591
2023-04-05 19:48:54,250 - Epoch:109, train_loss:1.3237, val_auc:0.9606, val_ap: 0.9590
2023-04-05 19:48:54,581 - Epoch:110, train_loss:1.3228, val_auc:0.9603, val_ap: 0.9589
2023-04-05 19:48:54,911 - Epoch:111, train_loss:1.2742, val_auc:0.9600, val_ap: 0.9588
2023-04-05 19:48:55,243 - Epoch:112, train_loss:1.2557, val_auc:0.9599, val_ap: 0.9588
2023-04-05 19:48:55,584 - Epoch:113, train_loss:1.2906, val_auc:0.9599, val_ap: 0.9590
2023-04-05 19:48:55,927 - Epoch:114, train_loss:1.2945, val_auc:0.9605, val_ap: 0.9594
2023-04-05 19:48:56,268 - Epoch:115, train_loss:1.2316, val_auc:0.9605, val_ap: 0.9595
2023-04-05 19:48:56,600 - Epoch:116, train_loss:1.2689, val_auc:0.9606, val_ap: 0.9595
2023-04-05 19:48:56,932 - Epoch:117, train_loss:1.2846, val_auc:0.9606, val_ap: 0.9595
2023-04-05 19:48:57,264 - Epoch:118, train_loss:1.2579, val_auc:0.9607, val_ap: 0.9596
2023-04-05 19:48:57,608 - Epoch:119, train_loss:1.2719, val_auc:0.9608, val_ap: 0.9597
2023-04-05 19:48:57,941 - Epoch:120, train_loss:1.2518, val_auc:0.9606, val_ap: 0.9595
2023-04-05 19:48:58,271 - Epoch:121, train_loss:1.1875, val_auc:0.9600, val_ap: 0.9592
2023-04-05 19:48:58,604 - Epoch:122, train_loss:1.2110, val_auc:0.9593, val_ap: 0.9587
2023-04-05 19:48:58,936 - Epoch:123, train_loss:1.2144, val_auc:0.9590, val_ap: 0.9586
2023-04-05 19:48:59,268 - Epoch:124, train_loss:1.1985, val_auc:0.9589, val_ap: 0.9586
2023-04-05 19:48:59,600 - Epoch:125, train_loss:1.1971, val_auc:0.9591, val_ap: 0.9589
2023-04-05 19:48:59,933 - Epoch:126, train_loss:1.1868, val_auc:0.9593, val_ap: 0.9592
2023-04-05 19:49:00,264 - Epoch:127, train_loss:1.2104, val_auc:0.9598, val_ap: 0.9596
2023-04-05 19:49:00,598 - Epoch:128, train_loss:1.1850, val_auc:0.9600, val_ap: 0.9596
2023-04-05 19:49:00,929 - Epoch:129, train_loss:1.2132, val_auc:0.9603, val_ap: 0.9598
2023-04-05 19:49:01,258 - Epoch:130, train_loss:1.1614, val_auc:0.9606, val_ap: 0.9599
2023-04-05 19:49:01,589 - Epoch:131, train_loss:1.1920, val_auc:0.9605, val_ap: 0.9598
2023-04-05 19:49:01,922 - Epoch:132, train_loss:1.1650, val_auc:0.9603, val_ap: 0.9599
2023-04-05 19:49:02,254 - Epoch:133, train_loss:1.1940, val_auc:0.9599, val_ap: 0.9597
2023-04-05 19:49:02,586 - Epoch:134, train_loss:1.1697, val_auc:0.9596, val_ap: 0.9597
2023-04-05 19:49:02,925 - Epoch:135, train_loss:1.1864, val_auc:0.9595, val_ap: 0.9597
2023-04-05 19:49:03,272 - Epoch:136, train_loss:1.1498, val_auc:0.9594, val_ap: 0.9596
2023-04-05 19:49:03,609 - Epoch:137, train_loss:1.1851, val_auc:0.9598, val_ap: 0.9598
2023-04-05 19:49:03,943 - Epoch:138, train_loss:1.1251, val_auc:0.9600, val_ap: 0.9599
2023-04-05 19:49:04,272 - Epoch:139, train_loss:1.1651, val_auc:0.9601, val_ap: 0.9601
2023-04-05 19:49:04,603 - Epoch:140, train_loss:1.1396, val_auc:0.9597, val_ap: 0.9600
2023-04-05 19:49:04,935 - Epoch:141, train_loss:1.1751, val_auc:0.9592, val_ap: 0.9597
2023-04-05 19:49:05,273 - Epoch:142, train_loss:1.1263, val_auc:0.9588, val_ap: 0.9594
2023-04-05 19:49:05,614 - Epoch:143, train_loss:1.1219, val_auc:0.9588, val_ap: 0.9595
2023-04-05 19:49:05,958 - Epoch:144, train_loss:1.1366, val_auc:0.9586, val_ap: 0.9593
2023-04-05 19:49:06,288 - Epoch:145, train_loss:1.1426, val_auc:0.9586, val_ap: 0.9592
2023-04-05 19:49:06,617 - Epoch:146, train_loss:1.1546, val_auc:0.9589, val_ap: 0.9594
2023-04-05 19:49:06,946 - Epoch:147, train_loss:1.1397, val_auc:0.9591, val_ap: 0.9597
2023-04-05 19:49:07,276 - Epoch:148, train_loss:1.1341, val_auc:0.9592, val_ap: 0.9598
2023-04-05 19:49:07,606 - Epoch:149, train_loss:1.0942, val_auc:0.9589, val_ap: 0.9596
2023-04-05 19:49:07,937 - Epoch:150, train_loss:1.0935, val_auc:0.9591, val_ap: 0.9596
2023-04-05 19:49:08,269 - Epoch:151, train_loss:1.1100, val_auc:0.9583, val_ap: 0.9591
2023-04-05 19:49:08,600 - Epoch:152, train_loss:1.1050, val_auc:0.9574, val_ap: 0.9584
2023-04-05 19:49:08,936 - Epoch:153, train_loss:1.1059, val_auc:0.9570, val_ap: 0.9582
2023-04-05 19:49:09,265 - Epoch:154, train_loss:1.0965, val_auc:0.9569, val_ap: 0.9582
2023-04-05 19:49:09,604 - Epoch:155, train_loss:1.1009, val_auc:0.9571, val_ap: 0.9580
2023-04-05 19:49:09,936 - Epoch:156, train_loss:1.0944, val_auc:0.9572, val_ap: 0.9581
2023-04-05 19:49:10,274 - Epoch:157, train_loss:1.1134, val_auc:0.9573, val_ap: 0.9583
2023-04-05 19:49:10,607 - Epoch:158, train_loss:1.0963, val_auc:0.9572, val_ap: 0.9583
2023-04-05 19:49:10,939 - Epoch:159, train_loss:1.0973, val_auc:0.9569, val_ap: 0.9581
2023-04-05 19:49:11,271 - Epoch:160, train_loss:1.0954, val_auc:0.9562, val_ap: 0.9576
2023-04-05 19:49:11,604 - Epoch:161, train_loss:1.0948, val_auc:0.9556, val_ap: 0.9571
2023-04-05 19:49:11,934 - Epoch:162, train_loss:1.0928, val_auc:0.9554, val_ap: 0.9569
2023-04-05 19:49:12,266 - Epoch:163, train_loss:1.0939, val_auc:0.9552, val_ap: 0.9568
2023-04-05 19:49:12,597 - Epoch:164, train_loss:1.0966, val_auc:0.9555, val_ap: 0.9571
2023-04-05 19:49:12,935 - Epoch:165, train_loss:1.0804, val_auc:0.9556, val_ap: 0.9571
2023-04-05 19:49:13,275 - Epoch:166, train_loss:1.0927, val_auc:0.9553, val_ap: 0.9569
2023-04-05 19:49:13,609 - Epoch:167, train_loss:1.0843, val_auc:0.9551, val_ap: 0.9566
2023-04-05 19:49:13,939 - Epoch:168, train_loss:1.0666, val_auc:0.9544, val_ap: 0.9562
2023-04-05 19:49:14,269 - Epoch:169, train_loss:1.0550, val_auc:0.9540, val_ap: 0.9561
2023-04-05 19:49:14,599 - Epoch:170, train_loss:1.0763, val_auc:0.9543, val_ap: 0.9566
2023-04-05 19:49:14,928 - Epoch:171, train_loss:1.0520, val_auc:0.9547, val_ap: 0.9570
2023-04-05 19:49:15,257 - Epoch:172, train_loss:1.0563, val_auc:0.9545, val_ap: 0.9569
2023-04-05 19:49:15,604 - Epoch:173, train_loss:1.0428, val_auc:0.9541, val_ap: 0.9565
2023-04-05 19:49:15,953 - Epoch:174, train_loss:1.0465, val_auc:0.9537, val_ap: 0.9562
2023-04-05 19:49:16,291 - Epoch:175, train_loss:1.0476, val_auc:0.9534, val_ap: 0.9558
2023-04-05 19:49:16,624 - Epoch:176, train_loss:1.0562, val_auc:0.9530, val_ap: 0.9553
2023-04-05 19:49:16,976 - Epoch:177, train_loss:1.0645, val_auc:0.9530, val_ap: 0.9554
2023-04-05 19:49:17,319 - Epoch:178, train_loss:1.0506, val_auc:0.9527, val_ap: 0.9553
2023-04-05 19:49:17,668 - Epoch:179, train_loss:1.0419, val_auc:0.9528, val_ap: 0.9553
2023-04-05 19:49:17,980 - Epoch:180, train_loss:1.0217, val_auc:0.9531, val_ap: 0.9557
2023-04-05 19:49:18,277 - Epoch:181, train_loss:1.0456, val_auc:0.9536, val_ap: 0.9562
2023-04-05 19:49:18,612 - Epoch:182, train_loss:1.0626, val_auc:0.9539, val_ap: 0.9564
2023-04-05 19:49:18,945 - Epoch:183, train_loss:1.0452, val_auc:0.9537, val_ap: 0.9561
2023-04-05 19:49:19,282 - Epoch:184, train_loss:1.0587, val_auc:0.9538, val_ap: 0.9562
2023-04-05 19:49:19,627 - Epoch:185, train_loss:1.0511, val_auc:0.9530, val_ap: 0.9557
2023-04-05 19:49:19,988 - Epoch:186, train_loss:1.0284, val_auc:0.9520, val_ap: 0.9551
2023-04-05 19:49:20,370 - Epoch:187, train_loss:1.0021, val_auc:0.9516, val_ap: 0.9550
2023-04-05 19:49:20,719 - Epoch:188, train_loss:1.0363, val_auc:0.9516, val_ap: 0.9550
2023-04-05 19:49:21,084 - Epoch:189, train_loss:1.0452, val_auc:0.9518, val_ap: 0.9552
2023-04-05 19:49:21,448 - Epoch:190, train_loss:1.0204, val_auc:0.9524, val_ap: 0.9556
2023-04-05 19:49:21,801 - Epoch:191, train_loss:1.0099, val_auc:0.9530, val_ap: 0.9561
2023-04-05 19:49:22,156 - Epoch:192, train_loss:1.0207, val_auc:0.9533, val_ap: 0.9562
2023-04-05 19:49:22,504 - Epoch:193, train_loss:1.0100, val_auc:0.9532, val_ap: 0.9560
2023-04-05 19:49:22,841 - Epoch:194, train_loss:1.0245, val_auc:0.9528, val_ap: 0.9557
2023-04-05 19:49:23,186 - Epoch:195, train_loss:1.0227, val_auc:0.9526, val_ap: 0.9555
2023-04-05 19:49:23,530 - Epoch:196, train_loss:1.0217, val_auc:0.9524, val_ap: 0.9554
2023-04-05 19:49:23,877 - Epoch:197, train_loss:0.9986, val_auc:0.9522, val_ap: 0.9553
2023-04-05 19:49:24,242 - Epoch:198, train_loss:1.0051, val_auc:0.9522, val_ap: 0.9553
2023-04-05 19:49:24,587 - Epoch:199, train_loss:1.0216, val_auc:0.9522, val_ap: 0.9553
2023-04-05 19:49:24,590 - final results:
2023-04-05 19:49:24,590 - ====================================================================================
2023-04-05 19:49:24,591 - AUC:0.9496+-0.0121 [0.9556510123177631, 0.9476360048824575, 0.9312855337397248, 0.9639648722315639]
2023-04-05 19:49:24,591 - AP:0.9521+-0.0120 [0.9596308797662447, 0.9481830159886383, 0.934649191765381, 0.9660930890030119]
2023-04-05 19:49:24,989 - Epoch:000, train_loss:13.2570, val_auc:0.8126, val_ap: 0.8512, text_auc:0.8332, text_ap: 0.8672
2023-04-05 19:49:25,336 - Epoch:001, train_loss:12.7377, val_auc:0.8362, val_ap: 0.8720, text_auc:0.8553, text_ap: 0.8848
2023-04-05 19:49:25,696 - Epoch:002, train_loss:12.3583, val_auc:0.8478, val_ap: 0.8823, text_auc:0.8656, text_ap: 0.8922
2023-04-05 19:49:26,064 - Epoch:003, train_loss:12.3012, val_auc:0.8565, val_ap: 0.8891, text_auc:0.8728, text_ap: 0.8975
2023-04-05 19:49:26,431 - Epoch:004, train_loss:11.8881, val_auc:0.8624, val_ap: 0.8934, text_auc:0.8778, text_ap: 0.9012
2023-04-05 19:49:26,795 - Epoch:005, train_loss:11.8682, val_auc:0.8681, val_ap: 0.8971, text_auc:0.8820, text_ap: 0.9043
2023-04-05 19:49:27,144 - Epoch:006, train_loss:11.3860, val_auc:0.8734, val_ap: 0.9006, text_auc:0.8861, text_ap: 0.9073
2023-04-05 19:49:27,499 - Epoch:007, train_loss:10.9842, val_auc:0.8792, val_ap: 0.9046, text_auc:0.8909, text_ap: 0.9108
2023-04-05 19:49:27,852 - Epoch:008, train_loss:10.5076, val_auc:0.8859, val_ap: 0.9091, text_auc:0.8960, text_ap: 0.9148
2023-04-05 19:49:28,195 - Epoch:009, train_loss:10.0165, val_auc:0.8942, val_ap: 0.9141, text_auc:0.9032, text_ap: 0.9202
2023-04-05 19:49:28,538 - Epoch:010, train_loss:9.9931, val_auc:0.9064, val_ap: 0.9212, text_auc:0.9137, text_ap: 0.9284
2023-04-05 19:49:28,886 - Epoch:011, train_loss:9.7902, val_auc:0.9196, val_ap: 0.9288, text_auc:0.9289, text_ap: 0.9402
2023-04-05 19:49:29,234 - Epoch:012, train_loss:8.9441, val_auc:0.9233, val_ap: 0.9318, text_auc:0.9343, text_ap: 0.9436
2023-04-05 19:49:29,565 - Epoch:013, train_loss:8.5526, val_auc:0.9208, val_ap: 0.9311
2023-04-05 19:49:29,919 - Epoch:014, train_loss:8.2059, val_auc:0.9243, val_ap: 0.9334, text_auc:0.9334, text_ap: 0.9424
2023-04-05 19:49:30,259 - Epoch:015, train_loss:7.7022, val_auc:0.9354, val_ap: 0.9399, text_auc:0.9425, text_ap: 0.9485
2023-04-05 19:49:30,600 - Epoch:016, train_loss:6.8039, val_auc:0.9452, val_ap: 0.9454, text_auc:0.9504, text_ap: 0.9542
2023-04-05 19:49:30,949 - Epoch:017, train_loss:6.1636, val_auc:0.9478, val_ap: 0.9466, text_auc:0.9548, text_ap: 0.9580
2023-04-05 19:49:31,295 - Epoch:018, train_loss:5.6383, val_auc:0.9477, val_ap: 0.9473, text_auc:0.9558, text_ap: 0.9591
2023-04-05 19:49:31,640 - Epoch:019, train_loss:5.4527, val_auc:0.9481, val_ap: 0.9481, text_auc:0.9569, text_ap: 0.9602
2023-04-05 19:49:31,983 - Epoch:020, train_loss:5.5825, val_auc:0.9490, val_ap: 0.9485, text_auc:0.9576, text_ap: 0.9608
2023-04-05 19:49:32,315 - Epoch:021, train_loss:5.3542, val_auc:0.9491, val_ap: 0.9482
2023-04-05 19:49:32,654 - Epoch:022, train_loss:5.0057, val_auc:0.9491, val_ap: 0.9474
2023-04-05 19:49:33,007 - Epoch:023, train_loss:4.6169, val_auc:0.9498, val_ap: 0.9479, text_auc:0.9561, text_ap: 0.9584
2023-04-05 19:49:33,349 - Epoch:024, train_loss:4.2693, val_auc:0.9497, val_ap: 0.9472
2023-04-05 19:49:33,685 - Epoch:025, train_loss:4.1581, val_auc:0.9497, val_ap: 0.9466
2023-04-05 19:49:34,023 - Epoch:026, train_loss:3.8645, val_auc:0.9498, val_ap: 0.9469
2023-04-05 19:49:34,370 - Epoch:027, train_loss:3.9458, val_auc:0.9494, val_ap: 0.9467
2023-04-05 19:49:34,713 - Epoch:028, train_loss:3.9433, val_auc:0.9487, val_ap: 0.9461
2023-04-05 19:49:35,056 - Epoch:029, train_loss:3.7187, val_auc:0.9479, val_ap: 0.9455
2023-04-05 19:49:35,395 - Epoch:030, train_loss:3.6147, val_auc:0.9469, val_ap: 0.9448
2023-04-05 19:49:35,741 - Epoch:031, train_loss:3.3766, val_auc:0.9466, val_ap: 0.9447
2023-04-05 19:49:36,079 - Epoch:032, train_loss:3.3091, val_auc:0.9466, val_ap: 0.9449
2023-04-05 19:49:36,415 - Epoch:033, train_loss:3.1967, val_auc:0.9470, val_ap: 0.9454
2023-04-05 19:49:36,747 - Epoch:034, train_loss:3.0746, val_auc:0.9476, val_ap: 0.9458
2023-04-05 19:49:37,079 - Epoch:035, train_loss:3.0119, val_auc:0.9480, val_ap: 0.9462
2023-04-05 19:49:37,412 - Epoch:036, train_loss:3.0216, val_auc:0.9479, val_ap: 0.9460
2023-04-05 19:49:37,748 - Epoch:037, train_loss:2.8501, val_auc:0.9480, val_ap: 0.9460
2023-04-05 19:49:38,090 - Epoch:038, train_loss:2.7783, val_auc:0.9481, val_ap: 0.9459
2023-04-05 19:49:38,429 - Epoch:039, train_loss:2.6704, val_auc:0.9479, val_ap: 0.9457
2023-04-05 19:49:38,763 - Epoch:040, train_loss:2.6150, val_auc:0.9478, val_ap: 0.9455
2023-04-05 19:49:39,103 - Epoch:041, train_loss:2.6276, val_auc:0.9477, val_ap: 0.9452
2023-04-05 19:49:39,438 - Epoch:042, train_loss:2.5228, val_auc:0.9479, val_ap: 0.9453
2023-04-05 19:49:39,772 - Epoch:043, train_loss:2.4628, val_auc:0.9484, val_ap: 0.9457
2023-04-05 19:49:40,104 - Epoch:044, train_loss:2.4289, val_auc:0.9486, val_ap: 0.9457
2023-04-05 19:49:40,438 - Epoch:045, train_loss:2.4308, val_auc:0.9486, val_ap: 0.9455
2023-04-05 19:49:40,771 - Epoch:046, train_loss:2.3446, val_auc:0.9484, val_ap: 0.9454
2023-04-05 19:49:41,113 - Epoch:047, train_loss:2.2547, val_auc:0.9481, val_ap: 0.9452
2023-04-05 19:49:41,451 - Epoch:048, train_loss:2.2163, val_auc:0.9480, val_ap: 0.9453
2023-04-05 19:49:41,753 - Epoch:049, train_loss:2.2077, val_auc:0.9483, val_ap: 0.9461
2023-04-05 19:49:42,102 - Epoch:050, train_loss:2.1516, val_auc:0.9485, val_ap: 0.9463
2023-04-05 19:49:42,453 - Epoch:051, train_loss:2.1598, val_auc:0.9486, val_ap: 0.9464
2023-04-05 19:49:42,736 - Epoch:052, train_loss:2.1036, val_auc:0.9490, val_ap: 0.9467
2023-04-05 19:49:43,083 - Epoch:053, train_loss:2.0700, val_auc:0.9493, val_ap: 0.9471
2023-04-05 19:49:43,434 - Epoch:054, train_loss:1.9826, val_auc:0.9495, val_ap: 0.9473
2023-04-05 19:49:43,778 - Epoch:055, train_loss:2.0632, val_auc:0.9500, val_ap: 0.9477
2023-04-05 19:49:44,152 - Epoch:056, train_loss:2.0116, val_auc:0.9502, val_ap: 0.9480, text_auc:0.9553, text_ap: 0.9572
2023-04-05 19:49:44,502 - Epoch:057, train_loss:1.9422, val_auc:0.9506, val_ap: 0.9483, text_auc:0.9556, text_ap: 0.9574
2023-04-05 19:49:44,847 - Epoch:058, train_loss:2.0080, val_auc:0.9507, val_ap: 0.9483, text_auc:0.9560, text_ap: 0.9577
2023-04-05 19:49:45,175 - Epoch:059, train_loss:1.8893, val_auc:0.9507, val_ap: 0.9479
2023-04-05 19:49:45,518 - Epoch:060, train_loss:1.8469, val_auc:0.9509, val_ap: 0.9481
2023-04-05 19:49:45,881 - Epoch:061, train_loss:1.7986, val_auc:0.9512, val_ap: 0.9482, text_auc:0.9563, text_ap: 0.9581
2023-04-05 19:49:46,227 - Epoch:062, train_loss:1.8109, val_auc:0.9518, val_ap: 0.9487, text_auc:0.9563, text_ap: 0.9582
2023-04-05 19:49:46,571 - Epoch:063, train_loss:1.7879, val_auc:0.9519, val_ap: 0.9488, text_auc:0.9565, text_ap: 0.9584
2023-04-05 19:49:46,914 - Epoch:064, train_loss:1.8093, val_auc:0.9520, val_ap: 0.9490, text_auc:0.9567, text_ap: 0.9587
2023-04-05 19:49:47,252 - Epoch:065, train_loss:1.7408, val_auc:0.9519, val_ap: 0.9489
2023-04-05 19:49:47,592 - Epoch:066, train_loss:1.7219, val_auc:0.9515, val_ap: 0.9487
2023-04-05 19:49:47,989 - Epoch:067, train_loss:1.7196, val_auc:0.9515, val_ap: 0.9489
2023-04-05 19:49:48,348 - Epoch:068, train_loss:1.6808, val_auc:0.9517, val_ap: 0.9494, text_auc:0.9575, text_ap: 0.9596
2023-04-05 19:49:48,737 - Epoch:069, train_loss:1.6759, val_auc:0.9519, val_ap: 0.9495, text_auc:0.9579, text_ap: 0.9600
2023-04-05 19:49:49,148 - Epoch:070, train_loss:1.6201, val_auc:0.9522, val_ap: 0.9498, text_auc:0.9583, text_ap: 0.9603
2023-04-05 19:49:49,493 - Epoch:071, train_loss:1.6735, val_auc:0.9526, val_ap: 0.9500, text_auc:0.9584, text_ap: 0.9604
2023-04-05 19:49:49,874 - Epoch:072, train_loss:1.6524, val_auc:0.9531, val_ap: 0.9502, text_auc:0.9586, text_ap: 0.9605
2023-04-05 19:49:50,227 - Epoch:073, train_loss:1.6020, val_auc:0.9535, val_ap: 0.9508, text_auc:0.9585, text_ap: 0.9603
2023-04-05 19:49:50,577 - Epoch:074, train_loss:1.6553, val_auc:0.9539, val_ap: 0.9512, text_auc:0.9585, text_ap: 0.9603
2023-04-05 19:49:50,922 - Epoch:075, train_loss:1.5671, val_auc:0.9543, val_ap: 0.9517, text_auc:0.9586, text_ap: 0.9603
2023-04-05 19:49:51,278 - Epoch:076, train_loss:1.5427, val_auc:0.9544, val_ap: 0.9518, text_auc:0.9586, text_ap: 0.9604
2023-04-05 19:49:51,624 - Epoch:077, train_loss:1.5730, val_auc:0.9542, val_ap: 0.9520
2023-04-05 19:49:51,970 - Epoch:078, train_loss:1.5328, val_auc:0.9540, val_ap: 0.9517
2023-04-05 19:49:52,312 - Epoch:079, train_loss:1.5289, val_auc:0.9536, val_ap: 0.9516
2023-04-05 19:49:52,652 - Epoch:080, train_loss:1.5100, val_auc:0.9534, val_ap: 0.9514
2023-04-05 19:49:53,008 - Epoch:081, train_loss:1.5214, val_auc:0.9534, val_ap: 0.9514
2023-04-05 19:49:53,347 - Epoch:082, train_loss:1.4937, val_auc:0.9539, val_ap: 0.9520
2023-04-05 19:49:53,705 - Epoch:083, train_loss:1.4961, val_auc:0.9543, val_ap: 0.9522, text_auc:0.9605, text_ap: 0.9625
2023-04-05 19:49:54,061 - Epoch:084, train_loss:1.4812, val_auc:0.9549, val_ap: 0.9528, text_auc:0.9606, text_ap: 0.9625
2023-04-05 19:49:54,415 - Epoch:085, train_loss:1.4644, val_auc:0.9554, val_ap: 0.9533, text_auc:0.9605, text_ap: 0.9624
2023-04-05 19:49:54,758 - Epoch:086, train_loss:1.4773, val_auc:0.9558, val_ap: 0.9537, text_auc:0.9605, text_ap: 0.9625
2023-04-05 19:49:55,125 - Epoch:087, train_loss:1.4941, val_auc:0.9559, val_ap: 0.9538, text_auc:0.9605, text_ap: 0.9626
2023-04-05 19:49:55,471 - Epoch:088, train_loss:1.4629, val_auc:0.9559, val_ap: 0.9538
2023-04-05 19:49:55,808 - Epoch:089, train_loss:1.4186, val_auc:0.9554, val_ap: 0.9534
2023-04-05 19:49:56,144 - Epoch:090, train_loss:1.3822, val_auc:0.9550, val_ap: 0.9533
2023-04-05 19:49:56,489 - Epoch:091, train_loss:1.4156, val_auc:0.9547, val_ap: 0.9531
2023-04-05 19:49:56,840 - Epoch:092, train_loss:1.3886, val_auc:0.9542, val_ap: 0.9528
2023-04-05 19:49:57,190 - Epoch:093, train_loss:1.3905, val_auc:0.9539, val_ap: 0.9529
2023-04-05 19:49:57,545 - Epoch:094, train_loss:1.3623, val_auc:0.9539, val_ap: 0.9532
2023-04-05 19:49:57,897 - Epoch:095, train_loss:1.4141, val_auc:0.9546, val_ap: 0.9539
2023-04-05 19:49:58,263 - Epoch:096, train_loss:1.4056, val_auc:0.9553, val_ap: 0.9546, text_auc:0.9612, text_ap: 0.9633
2023-04-05 19:49:58,624 - Epoch:097, train_loss:1.3752, val_auc:0.9558, val_ap: 0.9549, text_auc:0.9613, text_ap: 0.9634
2023-04-05 19:49:58,974 - Epoch:098, train_loss:1.3527, val_auc:0.9564, val_ap: 0.9553, text_auc:0.9615, text_ap: 0.9636
2023-04-05 19:49:59,321 - Epoch:099, train_loss:1.3436, val_auc:0.9567, val_ap: 0.9552, text_auc:0.9615, text_ap: 0.9638
2023-04-05 19:49:59,655 - Epoch:100, train_loss:1.4012, val_auc:0.9566, val_ap: 0.9550
2023-04-05 19:49:59,990 - Epoch:101, train_loss:1.3523, val_auc:0.9560, val_ap: 0.9546
2023-04-05 19:50:00,327 - Epoch:102, train_loss:1.3907, val_auc:0.9554, val_ap: 0.9542
2023-04-05 19:50:00,663 - Epoch:103, train_loss:1.3211, val_auc:0.9550, val_ap: 0.9541
2023-04-05 19:50:00,998 - Epoch:104, train_loss:1.2902, val_auc:0.9546, val_ap: 0.9541
2023-04-05 19:50:01,339 - Epoch:105, train_loss:1.3164, val_auc:0.9543, val_ap: 0.9539
2023-04-05 19:50:01,674 - Epoch:106, train_loss:1.2561, val_auc:0.9546, val_ap: 0.9543
2023-04-05 19:50:02,012 - Epoch:107, train_loss:1.3097, val_auc:0.9544, val_ap: 0.9544
2023-04-05 19:50:02,347 - Epoch:108, train_loss:1.3091, val_auc:0.9543, val_ap: 0.9543
2023-04-05 19:50:02,682 - Epoch:109, train_loss:1.2691, val_auc:0.9543, val_ap: 0.9545
2023-04-05 19:50:03,019 - Epoch:110, train_loss:1.2764, val_auc:0.9545, val_ap: 0.9547
2023-04-05 19:50:03,345 - Epoch:111, train_loss:1.2858, val_auc:0.9545, val_ap: 0.9547
2023-04-05 19:50:03,679 - Epoch:112, train_loss:1.2751, val_auc:0.9547, val_ap: 0.9547
2023-04-05 19:50:04,024 - Epoch:113, train_loss:1.2718, val_auc:0.9545, val_ap: 0.9546
2023-04-05 19:50:04,368 - Epoch:114, train_loss:1.2602, val_auc:0.9543, val_ap: 0.9545
2023-04-05 19:50:04,706 - Epoch:115, train_loss:1.2464, val_auc:0.9541, val_ap: 0.9545
2023-04-05 19:50:05,041 - Epoch:116, train_loss:1.2593, val_auc:0.9541, val_ap: 0.9548
2023-04-05 19:50:05,382 - Epoch:117, train_loss:1.2456, val_auc:0.9544, val_ap: 0.9553
2023-04-05 19:50:05,716 - Epoch:118, train_loss:1.2391, val_auc:0.9545, val_ap: 0.9554
2023-04-05 19:50:06,052 - Epoch:119, train_loss:1.2538, val_auc:0.9547, val_ap: 0.9556
2023-04-05 19:50:06,391 - Epoch:120, train_loss:1.2230, val_auc:0.9551, val_ap: 0.9560
2023-04-05 19:50:06,726 - Epoch:121, train_loss:1.2276, val_auc:0.9552, val_ap: 0.9561
2023-04-05 19:50:07,061 - Epoch:122, train_loss:1.2384, val_auc:0.9553, val_ap: 0.9563
2023-04-05 19:50:07,397 - Epoch:123, train_loss:1.2551, val_auc:0.9552, val_ap: 0.9563
2023-04-05 19:50:07,731 - Epoch:124, train_loss:1.1877, val_auc:0.9549, val_ap: 0.9562
2023-04-05 19:50:08,068 - Epoch:125, train_loss:1.1794, val_auc:0.9545, val_ap: 0.9561
2023-04-05 19:50:08,405 - Epoch:126, train_loss:1.1870, val_auc:0.9543, val_ap: 0.9563
2023-04-05 19:50:08,738 - Epoch:127, train_loss:1.1865, val_auc:0.9542, val_ap: 0.9564
2023-04-05 19:50:09,071 - Epoch:128, train_loss:1.1896, val_auc:0.9540, val_ap: 0.9563
2023-04-05 19:50:09,404 - Epoch:129, train_loss:1.1930, val_auc:0.9540, val_ap: 0.9564
2023-04-05 19:50:09,736 - Epoch:130, train_loss:1.1923, val_auc:0.9543, val_ap: 0.9566
2023-04-05 19:50:10,087 - Epoch:131, train_loss:1.1911, val_auc:0.9549, val_ap: 0.9571, text_auc:0.9606, text_ap: 0.9641
2023-04-05 19:50:10,433 - Epoch:132, train_loss:1.1770, val_auc:0.9551, val_ap: 0.9574, text_auc:0.9605, text_ap: 0.9641
2023-04-05 19:50:10,759 - Epoch:133, train_loss:1.1835, val_auc:0.9547, val_ap: 0.9572
2023-04-05 19:50:11,094 - Epoch:134, train_loss:1.1766, val_auc:0.9543, val_ap: 0.9569
2023-04-05 19:50:11,425 - Epoch:135, train_loss:1.1678, val_auc:0.9540, val_ap: 0.9567
2023-04-05 19:50:11,756 - Epoch:136, train_loss:1.1236, val_auc:0.9532, val_ap: 0.9562
2023-04-05 19:50:12,090 - Epoch:137, train_loss:1.1530, val_auc:0.9527, val_ap: 0.9559
2023-04-05 19:50:12,423 - Epoch:138, train_loss:1.1465, val_auc:0.9527, val_ap: 0.9560
2023-04-05 19:50:12,755 - Epoch:139, train_loss:1.1781, val_auc:0.9531, val_ap: 0.9563
2023-04-05 19:50:13,089 - Epoch:140, train_loss:1.1437, val_auc:0.9535, val_ap: 0.9567
2023-04-05 19:50:13,429 - Epoch:141, train_loss:1.1214, val_auc:0.9538, val_ap: 0.9568
2023-04-05 19:50:13,762 - Epoch:142, train_loss:1.1371, val_auc:0.9543, val_ap: 0.9572
2023-04-05 19:50:14,094 - Epoch:143, train_loss:1.1376, val_auc:0.9541, val_ap: 0.9571
2023-04-05 19:50:14,427 - Epoch:144, train_loss:1.1498, val_auc:0.9540, val_ap: 0.9570
2023-04-05 19:50:14,759 - Epoch:145, train_loss:1.1239, val_auc:0.9534, val_ap: 0.9569
2023-04-05 19:50:15,092 - Epoch:146, train_loss:1.1190, val_auc:0.9525, val_ap: 0.9565
2023-04-05 19:50:15,423 - Epoch:147, train_loss:1.1247, val_auc:0.9521, val_ap: 0.9563
2023-04-05 19:50:15,755 - Epoch:148, train_loss:1.1493, val_auc:0.9521, val_ap: 0.9562
2023-04-05 19:50:16,088 - Epoch:149, train_loss:1.1292, val_auc:0.9521, val_ap: 0.9563
2023-04-05 19:50:16,423 - Epoch:150, train_loss:1.1084, val_auc:0.9523, val_ap: 0.9564
2023-04-05 19:50:16,753 - Epoch:151, train_loss:1.1155, val_auc:0.9529, val_ap: 0.9568
2023-04-05 19:50:17,086 - Epoch:152, train_loss:1.1289, val_auc:0.9534, val_ap: 0.9571
2023-04-05 19:50:17,417 - Epoch:153, train_loss:1.0942, val_auc:0.9538, val_ap: 0.9575
2023-04-05 19:50:17,748 - Epoch:154, train_loss:1.0986, val_auc:0.9539, val_ap: 0.9577
2023-04-05 19:50:18,080 - Epoch:155, train_loss:1.0876, val_auc:0.9538, val_ap: 0.9579
2023-04-05 19:50:18,413 - Epoch:156, train_loss:1.0924, val_auc:0.9528, val_ap: 0.9573
2023-04-05 19:50:18,743 - Epoch:157, train_loss:1.0925, val_auc:0.9522, val_ap: 0.9570
2023-04-05 19:50:19,077 - Epoch:158, train_loss:1.0935, val_auc:0.9521, val_ap: 0.9570
2023-04-05 19:50:19,409 - Epoch:159, train_loss:1.0903, val_auc:0.9514, val_ap: 0.9564
2023-04-05 19:50:19,741 - Epoch:160, train_loss:1.0902, val_auc:0.9518, val_ap: 0.9566
2023-04-05 19:50:20,073 - Epoch:161, train_loss:1.0832, val_auc:0.9521, val_ap: 0.9567
2023-04-05 19:50:20,406 - Epoch:162, train_loss:1.0755, val_auc:0.9527, val_ap: 0.9571
2023-04-05 19:50:20,738 - Epoch:163, train_loss:1.0976, val_auc:0.9531, val_ap: 0.9574
2023-04-05 19:50:21,072 - Epoch:164, train_loss:1.0763, val_auc:0.9525, val_ap: 0.9572
2023-04-05 19:50:21,404 - Epoch:165, train_loss:1.1021, val_auc:0.9522, val_ap: 0.9571
2023-04-05 19:50:21,736 - Epoch:166, train_loss:1.0682, val_auc:0.9521, val_ap: 0.9571
2023-04-05 19:50:22,068 - Epoch:167, train_loss:1.0521, val_auc:0.9517, val_ap: 0.9570
2023-04-05 19:50:22,399 - Epoch:168, train_loss:1.0791, val_auc:0.9516, val_ap: 0.9569
2023-04-05 19:50:22,731 - Epoch:169, train_loss:1.1039, val_auc:0.9520, val_ap: 0.9573
2023-04-05 19:50:23,066 - Epoch:170, train_loss:1.0601, val_auc:0.9521, val_ap: 0.9572
2023-04-05 19:50:23,404 - Epoch:171, train_loss:1.0655, val_auc:0.9520, val_ap: 0.9573
2023-04-05 19:50:23,736 - Epoch:172, train_loss:1.0482, val_auc:0.9518, val_ap: 0.9571
2023-04-05 19:50:24,068 - Epoch:173, train_loss:1.0617, val_auc:0.9516, val_ap: 0.9572
2023-04-05 19:50:24,400 - Epoch:174, train_loss:1.0491, val_auc:0.9515, val_ap: 0.9571
2023-04-05 19:50:24,733 - Epoch:175, train_loss:1.0419, val_auc:0.9513, val_ap: 0.9569
2023-04-05 19:50:25,067 - Epoch:176, train_loss:1.0522, val_auc:0.9515, val_ap: 0.9569
2023-04-05 19:50:25,400 - Epoch:177, train_loss:1.0441, val_auc:0.9511, val_ap: 0.9566
2023-04-05 19:50:25,736 - Epoch:178, train_loss:1.0414, val_auc:0.9508, val_ap: 0.9566
2023-04-05 19:50:26,077 - Epoch:179, train_loss:1.0287, val_auc:0.9504, val_ap: 0.9565
2023-04-05 19:50:26,415 - Epoch:180, train_loss:1.0470, val_auc:0.9505, val_ap: 0.9568
2023-04-05 19:50:26,749 - Epoch:181, train_loss:1.0144, val_auc:0.9507, val_ap: 0.9570
2023-04-05 19:50:27,084 - Epoch:182, train_loss:1.0396, val_auc:0.9513, val_ap: 0.9573
2023-04-05 19:50:27,421 - Epoch:183, train_loss:1.0235, val_auc:0.9510, val_ap: 0.9568
2023-04-05 19:50:27,765 - Epoch:184, train_loss:1.0152, val_auc:0.9515, val_ap: 0.9569
2023-04-05 19:50:28,106 - Epoch:185, train_loss:1.0325, val_auc:0.9515, val_ap: 0.9567
2023-04-05 19:50:28,404 - Epoch:186, train_loss:1.0515, val_auc:0.9511, val_ap: 0.9565
2023-04-05 19:50:28,760 - Epoch:187, train_loss:1.0505, val_auc:0.9501, val_ap: 0.9561
2023-04-05 19:50:29,102 - Epoch:188, train_loss:1.0159, val_auc:0.9497, val_ap: 0.9559
2023-04-05 19:50:29,447 - Epoch:189, train_loss:1.0236, val_auc:0.9494, val_ap: 0.9560
2023-04-05 19:50:29,783 - Epoch:190, train_loss:1.0013, val_auc:0.9491, val_ap: 0.9559
2023-04-05 19:50:30,133 - Epoch:191, train_loss:1.0208, val_auc:0.9490, val_ap: 0.9560
2023-04-05 19:50:30,468 - Epoch:192, train_loss:1.0256, val_auc:0.9490, val_ap: 0.9559
2023-04-05 19:50:30,812 - Epoch:193, train_loss:1.0260, val_auc:0.9490, val_ap: 0.9556
2023-04-05 19:50:31,149 - Epoch:194, train_loss:1.0406, val_auc:0.9492, val_ap: 0.9556
2023-04-05 19:50:31,489 - Epoch:195, train_loss:1.0170, val_auc:0.9492, val_ap: 0.9553
2023-04-05 19:50:31,838 - Epoch:196, train_loss:1.0051, val_auc:0.9488, val_ap: 0.9551
2023-04-05 19:50:32,185 - Epoch:197, train_loss:1.0169, val_auc:0.9482, val_ap: 0.9548
2023-04-05 19:50:32,520 - Epoch:198, train_loss:0.9909, val_auc:0.9474, val_ap: 0.9545
2023-04-05 19:50:32,859 - Epoch:199, train_loss:1.0252, val_auc:0.9473, val_ap: 0.9545
2023-04-05 19:50:32,861 - final results:
2023-04-05 19:50:32,861 - ====================================================================================
2023-04-05 19:50:32,862 - AUC:0.9518+-0.0116 [0.9556510123177631, 0.9476360048824575, 0.9312855337397248, 0.9639648722315639, 0.9605262684127333]
2023-04-05 19:50:32,862 - AP:0.9545+-0.0117 [0.9596308797662447, 0.9481830159886383, 0.934649191765381, 0.9660930890030119, 0.9640665676174545]
