2023-04-04 17:55:41,633 - args: Namespace(alpha=0.01, argv=['/home/dell/zxj/VGDAE_TNNLS_1/VGDAE/Updata/DGAE/main_citeseer.py'], datapath='../dataset', dataset='Citeseer', device=device(type='cuda', index=1), dropout=0, epoch=200, gpu=-1, k=5, log_dir='logs/', mi_est='CLUBSample', mi_iter=5, mi_lr=0.003, model='GAE', model_lr=0.01, name='debug', routit=3, seed=-1, test_frac=0.1, trails=5, val_frac=0.05, verbose=1, x_dim=64)
2023-04-04 17:55:47,775 - Epoch:000, train_loss:4.9237, val_auc:0.9445, val_ap: 0.9598, text_auc:0.9420, text_ap: 0.9588
2023-04-04 17:55:48,162 - Epoch:001, train_loss:3.8908, val_auc:0.9698, val_ap: 0.9756, text_auc:0.9658, text_ap: 0.9750
2023-04-04 17:55:48,575 - Epoch:002, train_loss:3.1026, val_auc:0.9789, val_ap: 0.9815, text_auc:0.9778, text_ap: 0.9826
2023-04-04 17:55:48,984 - Epoch:003, train_loss:1.9258, val_auc:0.9798, val_ap: 0.9821, text_auc:0.9801, text_ap: 0.9836
2023-04-04 17:55:49,430 - Epoch:004, train_loss:1.5508, val_auc:0.9802, val_ap: 0.9824, text_auc:0.9806, text_ap: 0.9838
2023-04-04 17:55:49,881 - Epoch:005, train_loss:1.5048, val_auc:0.9808, val_ap: 0.9828, text_auc:0.9812, text_ap: 0.9842
2023-04-04 17:55:50,297 - Epoch:006, train_loss:1.3241, val_auc:0.9811, val_ap: 0.9829, text_auc:0.9820, text_ap: 0.9846
2023-04-04 17:55:50,690 - Epoch:007, train_loss:1.1483, val_auc:0.9811, val_ap: 0.9828
2023-04-04 17:55:51,066 - Epoch:008, train_loss:1.0665, val_auc:0.9812, val_ap: 0.9828, text_auc:0.9831, text_ap: 0.9854
2023-04-04 17:55:51,455 - Epoch:009, train_loss:1.0846, val_auc:0.9815, val_ap: 0.9831, text_auc:0.9834, text_ap: 0.9855
2023-04-04 17:55:51,835 - Epoch:010, train_loss:1.0931, val_auc:0.9816, val_ap: 0.9830
2023-04-04 17:55:52,254 - Epoch:011, train_loss:1.0435, val_auc:0.9820, val_ap: 0.9833, text_auc:0.9833, text_ap: 0.9854
2023-04-04 17:55:52,680 - Epoch:012, train_loss:0.9960, val_auc:0.9823, val_ap: 0.9835, text_auc:0.9833, text_ap: 0.9854
2023-04-04 17:55:53,106 - Epoch:013, train_loss:0.9445, val_auc:0.9825, val_ap: 0.9837, text_auc:0.9834, text_ap: 0.9856
2023-04-04 17:55:53,516 - Epoch:014, train_loss:0.9359, val_auc:0.9826, val_ap: 0.9838, text_auc:0.9837, text_ap: 0.9858
2023-04-04 17:55:53,937 - Epoch:015, train_loss:0.9512, val_auc:0.9827, val_ap: 0.9840, text_auc:0.9839, text_ap: 0.9860
2023-04-04 17:55:54,347 - Epoch:016, train_loss:0.9482, val_auc:0.9827, val_ap: 0.9840
2023-04-04 17:55:54,754 - Epoch:017, train_loss:0.9206, val_auc:0.9825, val_ap: 0.9839
2023-04-04 17:55:55,175 - Epoch:018, train_loss:0.9035, val_auc:0.9825, val_ap: 0.9840
2023-04-04 17:55:55,598 - Epoch:019, train_loss:0.9163, val_auc:0.9826, val_ap: 0.9841
2023-04-04 17:55:56,024 - Epoch:020, train_loss:0.8798, val_auc:0.9825, val_ap: 0.9841
2023-04-04 17:55:56,425 - Epoch:021, train_loss:0.8703, val_auc:0.9827, val_ap: 0.9842, text_auc:0.9855, text_ap: 0.9874
2023-04-04 17:55:56,834 - Epoch:022, train_loss:0.8563, val_auc:0.9827, val_ap: 0.9842, text_auc:0.9857, text_ap: 0.9876
2023-04-04 17:55:57,241 - Epoch:023, train_loss:0.8572, val_auc:0.9827, val_ap: 0.9843, text_auc:0.9858, text_ap: 0.9877
2023-04-04 17:55:57,653 - Epoch:024, train_loss:0.8472, val_auc:0.9829, val_ap: 0.9844, text_auc:0.9858, text_ap: 0.9877
2023-04-04 17:55:58,131 - Epoch:025, train_loss:0.8382, val_auc:0.9830, val_ap: 0.9846, text_auc:0.9857, text_ap: 0.9876
2023-04-04 17:55:58,640 - Epoch:026, train_loss:0.8364, val_auc:0.9829, val_ap: 0.9846
2023-04-04 17:55:59,140 - Epoch:027, train_loss:0.8406, val_auc:0.9828, val_ap: 0.9846
2023-04-04 17:55:59,616 - Epoch:028, train_loss:0.8322, val_auc:0.9826, val_ap: 0.9845
2023-04-04 17:56:00,090 - Epoch:029, train_loss:0.8238, val_auc:0.9823, val_ap: 0.9844
2023-04-04 17:56:00,560 - Epoch:030, train_loss:0.8179, val_auc:0.9821, val_ap: 0.9843
2023-04-04 17:56:01,040 - Epoch:031, train_loss:0.8270, val_auc:0.9819, val_ap: 0.9842
2023-04-04 17:56:01,506 - Epoch:032, train_loss:0.8145, val_auc:0.9816, val_ap: 0.9842
2023-04-04 17:56:01,972 - Epoch:033, train_loss:0.8193, val_auc:0.9812, val_ap: 0.9840
2023-04-04 17:56:02,425 - Epoch:034, train_loss:0.8038, val_auc:0.9811, val_ap: 0.9839
2023-04-04 17:56:02,893 - Epoch:035, train_loss:0.8185, val_auc:0.9809, val_ap: 0.9840
2023-04-04 17:56:03,393 - Epoch:036, train_loss:0.8025, val_auc:0.9805, val_ap: 0.9837
2023-04-04 17:56:03,872 - Epoch:037, train_loss:0.8034, val_auc:0.9803, val_ap: 0.9837
2023-04-04 17:56:04,351 - Epoch:038, train_loss:0.7982, val_auc:0.9803, val_ap: 0.9837
2023-04-04 17:56:04,843 - Epoch:039, train_loss:0.7909, val_auc:0.9800, val_ap: 0.9837
2023-04-04 17:56:05,347 - Epoch:040, train_loss:0.7913, val_auc:0.9797, val_ap: 0.9836
2023-04-04 17:56:05,844 - Epoch:041, train_loss:0.7934, val_auc:0.9796, val_ap: 0.9835
2023-04-04 17:56:06,276 - Epoch:042, train_loss:0.7873, val_auc:0.9793, val_ap: 0.9834
2023-04-04 17:56:06,710 - Epoch:043, train_loss:0.7882, val_auc:0.9789, val_ap: 0.9833
2023-04-04 17:56:07,133 - Epoch:044, train_loss:0.7875, val_auc:0.9786, val_ap: 0.9832
2023-04-04 17:56:07,595 - Epoch:045, train_loss:0.7950, val_auc:0.9784, val_ap: 0.9832
2023-04-04 17:56:08,046 - Epoch:046, train_loss:0.7754, val_auc:0.9781, val_ap: 0.9831
2023-04-04 17:56:08,501 - Epoch:047, train_loss:0.7831, val_auc:0.9777, val_ap: 0.9830
2023-04-04 17:56:08,944 - Epoch:048, train_loss:0.7772, val_auc:0.9775, val_ap: 0.9830
2023-04-04 17:56:09,383 - Epoch:049, train_loss:0.7717, val_auc:0.9773, val_ap: 0.9830
2023-04-04 17:56:09,820 - Epoch:050, train_loss:0.7803, val_auc:0.9774, val_ap: 0.9830
2023-04-04 17:56:10,158 - Epoch:051, train_loss:0.7793, val_auc:0.9773, val_ap: 0.9831
2023-04-04 17:56:10,409 - Epoch:052, train_loss:0.7788, val_auc:0.9771, val_ap: 0.9829
2023-04-04 17:56:10,684 - Epoch:053, train_loss:0.7712, val_auc:0.9772, val_ap: 0.9830
2023-04-04 17:56:11,012 - Epoch:054, train_loss:0.7796, val_auc:0.9771, val_ap: 0.9830
2023-04-04 17:56:11,397 - Epoch:055, train_loss:0.7797, val_auc:0.9768, val_ap: 0.9828
2023-04-04 17:56:11,803 - Epoch:056, train_loss:0.7685, val_auc:0.9767, val_ap: 0.9828
2023-04-04 17:56:12,218 - Epoch:057, train_loss:0.7700, val_auc:0.9763, val_ap: 0.9827
2023-04-04 17:56:12,630 - Epoch:058, train_loss:0.7693, val_auc:0.9758, val_ap: 0.9825
2023-04-04 17:56:13,039 - Epoch:059, train_loss:0.7644, val_auc:0.9755, val_ap: 0.9824
2023-04-04 17:56:13,421 - Epoch:060, train_loss:0.7681, val_auc:0.9754, val_ap: 0.9824
2023-04-04 17:56:13,853 - Epoch:061, train_loss:0.7599, val_auc:0.9753, val_ap: 0.9824
2023-04-04 17:56:14,303 - Epoch:062, train_loss:0.7676, val_auc:0.9751, val_ap: 0.9823
2023-04-04 17:56:14,740 - Epoch:063, train_loss:0.7618, val_auc:0.9750, val_ap: 0.9824
2023-04-04 17:56:15,176 - Epoch:064, train_loss:0.7572, val_auc:0.9750, val_ap: 0.9824
2023-04-04 17:56:15,590 - Epoch:065, train_loss:0.7612, val_auc:0.9749, val_ap: 0.9824
2023-04-04 17:56:16,004 - Epoch:066, train_loss:0.7682, val_auc:0.9749, val_ap: 0.9825
2023-04-04 17:56:16,416 - Epoch:067, train_loss:0.7577, val_auc:0.9747, val_ap: 0.9824
2023-04-04 17:56:16,825 - Epoch:068, train_loss:0.7656, val_auc:0.9746, val_ap: 0.9823
2023-04-04 17:56:17,254 - Epoch:069, train_loss:0.7645, val_auc:0.9743, val_ap: 0.9822
2023-04-04 17:56:17,677 - Epoch:070, train_loss:0.7572, val_auc:0.9743, val_ap: 0.9822
2023-04-04 17:56:18,116 - Epoch:071, train_loss:0.7565, val_auc:0.9744, val_ap: 0.9823
2023-04-04 17:56:18,560 - Epoch:072, train_loss:0.7595, val_auc:0.9745, val_ap: 0.9824
2023-04-04 17:56:18,992 - Epoch:073, train_loss:0.7524, val_auc:0.9746, val_ap: 0.9824
2023-04-04 17:56:19,426 - Epoch:074, train_loss:0.7637, val_auc:0.9747, val_ap: 0.9825
2023-04-04 17:56:19,858 - Epoch:075, train_loss:0.7597, val_auc:0.9748, val_ap: 0.9825
2023-04-04 17:56:20,303 - Epoch:076, train_loss:0.7576, val_auc:0.9747, val_ap: 0.9825
2023-04-04 17:56:20,736 - Epoch:077, train_loss:0.7500, val_auc:0.9746, val_ap: 0.9823
2023-04-04 17:56:21,186 - Epoch:078, train_loss:0.7576, val_auc:0.9746, val_ap: 0.9824
2023-04-04 17:56:21,638 - Epoch:079, train_loss:0.7544, val_auc:0.9748, val_ap: 0.9825
2023-04-04 17:56:22,073 - Epoch:080, train_loss:0.7539, val_auc:0.9749, val_ap: 0.9825
2023-04-04 17:56:22,507 - Epoch:081, train_loss:0.7601, val_auc:0.9752, val_ap: 0.9826
2023-04-04 17:56:22,917 - Epoch:082, train_loss:0.7571, val_auc:0.9754, val_ap: 0.9826
2023-04-04 17:56:23,339 - Epoch:083, train_loss:0.7578, val_auc:0.9752, val_ap: 0.9825
2023-04-04 17:56:23,765 - Epoch:084, train_loss:0.7576, val_auc:0.9753, val_ap: 0.9825
2023-04-04 17:56:24,182 - Epoch:085, train_loss:0.7535, val_auc:0.9754, val_ap: 0.9826
2023-04-04 17:56:24,615 - Epoch:086, train_loss:0.7517, val_auc:0.9755, val_ap: 0.9826
2023-04-04 17:56:25,024 - Epoch:087, train_loss:0.7552, val_auc:0.9755, val_ap: 0.9826
2023-04-04 17:56:25,441 - Epoch:088, train_loss:0.7576, val_auc:0.9755, val_ap: 0.9826
2023-04-04 17:56:25,847 - Epoch:089, train_loss:0.7479, val_auc:0.9755, val_ap: 0.9825
2023-04-04 17:56:26,257 - Epoch:090, train_loss:0.7541, val_auc:0.9753, val_ap: 0.9824
2023-04-04 17:56:26,671 - Epoch:091, train_loss:0.7530, val_auc:0.9751, val_ap: 0.9824
2023-04-04 17:56:27,084 - Epoch:092, train_loss:0.7504, val_auc:0.9751, val_ap: 0.9824
2023-04-04 17:56:27,501 - Epoch:093, train_loss:0.7552, val_auc:0.9750, val_ap: 0.9823
2023-04-04 17:56:27,916 - Epoch:094, train_loss:0.7524, val_auc:0.9750, val_ap: 0.9823
2023-04-04 17:56:28,318 - Epoch:095, train_loss:0.7631, val_auc:0.9750, val_ap: 0.9822
2023-04-04 17:56:28,739 - Epoch:096, train_loss:0.7520, val_auc:0.9751, val_ap: 0.9823
2023-04-04 17:56:29,163 - Epoch:097, train_loss:0.7482, val_auc:0.9752, val_ap: 0.9824
2023-04-04 17:56:29,586 - Epoch:098, train_loss:0.7538, val_auc:0.9755, val_ap: 0.9825
2023-04-04 17:56:30,018 - Epoch:099, train_loss:0.7473, val_auc:0.9755, val_ap: 0.9826
2023-04-04 17:56:30,436 - Epoch:100, train_loss:0.7521, val_auc:0.9755, val_ap: 0.9826
2023-04-04 17:56:30,858 - Epoch:101, train_loss:0.7487, val_auc:0.9756, val_ap: 0.9826
2023-04-04 17:56:31,274 - Epoch:102, train_loss:0.7491, val_auc:0.9757, val_ap: 0.9827
2023-04-04 17:56:31,681 - Epoch:103, train_loss:0.7497, val_auc:0.9759, val_ap: 0.9827
2023-04-04 17:56:32,093 - Epoch:104, train_loss:0.7482, val_auc:0.9761, val_ap: 0.9829
2023-04-04 17:56:32,504 - Epoch:105, train_loss:0.7526, val_auc:0.9762, val_ap: 0.9829
2023-04-04 17:56:32,921 - Epoch:106, train_loss:0.7493, val_auc:0.9760, val_ap: 0.9828
2023-04-04 17:56:33,327 - Epoch:107, train_loss:0.7507, val_auc:0.9758, val_ap: 0.9827
2023-04-04 17:56:33,748 - Epoch:108, train_loss:0.7497, val_auc:0.9756, val_ap: 0.9826
2023-04-04 17:56:34,200 - Epoch:109, train_loss:0.7540, val_auc:0.9754, val_ap: 0.9825
2023-04-04 17:56:34,637 - Epoch:110, train_loss:0.7559, val_auc:0.9755, val_ap: 0.9826
2023-04-04 17:56:35,068 - Epoch:111, train_loss:0.7473, val_auc:0.9755, val_ap: 0.9826
2023-04-04 17:56:35,500 - Epoch:112, train_loss:0.7480, val_auc:0.9759, val_ap: 0.9828
2023-04-04 17:56:35,922 - Epoch:113, train_loss:0.7453, val_auc:0.9758, val_ap: 0.9827
2023-04-04 17:56:36,308 - Epoch:114, train_loss:0.7553, val_auc:0.9759, val_ap: 0.9828
2023-04-04 17:56:36,717 - Epoch:115, train_loss:0.7519, val_auc:0.9757, val_ap: 0.9827
2023-04-04 17:56:37,111 - Epoch:116, train_loss:0.7489, val_auc:0.9755, val_ap: 0.9826
2023-04-04 17:56:37,505 - Epoch:117, train_loss:0.7431, val_auc:0.9754, val_ap: 0.9826
2023-04-04 17:56:37,819 - Epoch:118, train_loss:0.7462, val_auc:0.9753, val_ap: 0.9826
2023-04-04 17:56:38,223 - Epoch:119, train_loss:0.7433, val_auc:0.9751, val_ap: 0.9825
2023-04-04 17:56:38,579 - Epoch:120, train_loss:0.7493, val_auc:0.9749, val_ap: 0.9824
2023-04-04 17:56:38,997 - Epoch:121, train_loss:0.7508, val_auc:0.9747, val_ap: 0.9824
2023-04-04 17:56:39,441 - Epoch:122, train_loss:0.7518, val_auc:0.9746, val_ap: 0.9823
2023-04-04 17:56:39,915 - Epoch:123, train_loss:0.7403, val_auc:0.9748, val_ap: 0.9824
2023-04-04 17:56:40,337 - Epoch:124, train_loss:0.7494, val_auc:0.9747, val_ap: 0.9824
2023-04-04 17:56:40,755 - Epoch:125, train_loss:0.7464, val_auc:0.9747, val_ap: 0.9825
2023-04-04 17:56:41,173 - Epoch:126, train_loss:0.7461, val_auc:0.9748, val_ap: 0.9826
2023-04-04 17:56:41,588 - Epoch:127, train_loss:0.7454, val_auc:0.9751, val_ap: 0.9827
2023-04-04 17:56:42,047 - Epoch:128, train_loss:0.7468, val_auc:0.9754, val_ap: 0.9829
2023-04-04 17:56:42,461 - Epoch:129, train_loss:0.7489, val_auc:0.9755, val_ap: 0.9829
2023-04-04 17:56:42,877 - Epoch:130, train_loss:0.7472, val_auc:0.9753, val_ap: 0.9828
2023-04-04 17:56:43,295 - Epoch:131, train_loss:0.7449, val_auc:0.9751, val_ap: 0.9827
2023-04-04 17:56:43,715 - Epoch:132, train_loss:0.7454, val_auc:0.9749, val_ap: 0.9826
2023-04-04 17:56:44,119 - Epoch:133, train_loss:0.7431, val_auc:0.9749, val_ap: 0.9825
2023-04-04 17:56:44,498 - Epoch:134, train_loss:0.7482, val_auc:0.9751, val_ap: 0.9826
2023-04-04 17:56:44,915 - Epoch:135, train_loss:0.7431, val_auc:0.9753, val_ap: 0.9827
2023-04-04 17:56:45,298 - Epoch:136, train_loss:0.7467, val_auc:0.9752, val_ap: 0.9827
2023-04-04 17:56:45,697 - Epoch:137, train_loss:0.7471, val_auc:0.9754, val_ap: 0.9828
2023-04-04 17:56:46,115 - Epoch:138, train_loss:0.7480, val_auc:0.9756, val_ap: 0.9829
2023-04-04 17:56:46,526 - Epoch:139, train_loss:0.7411, val_auc:0.9756, val_ap: 0.9829
2023-04-04 17:56:46,942 - Epoch:140, train_loss:0.7436, val_auc:0.9754, val_ap: 0.9828
2023-04-04 17:56:47,334 - Epoch:141, train_loss:0.7451, val_auc:0.9753, val_ap: 0.9827
2023-04-04 17:56:47,744 - Epoch:142, train_loss:0.7400, val_auc:0.9755, val_ap: 0.9828
2023-04-04 17:56:48,146 - Epoch:143, train_loss:0.7463, val_auc:0.9753, val_ap: 0.9826
2023-04-04 17:56:48,529 - Epoch:144, train_loss:0.7385, val_auc:0.9753, val_ap: 0.9825
2023-04-04 17:56:48,932 - Epoch:145, train_loss:0.7433, val_auc:0.9753, val_ap: 0.9826
2023-04-04 17:56:49,331 - Epoch:146, train_loss:0.7460, val_auc:0.9753, val_ap: 0.9825
2023-04-04 17:56:49,716 - Epoch:147, train_loss:0.7415, val_auc:0.9751, val_ap: 0.9825
2023-04-04 17:56:50,142 - Epoch:148, train_loss:0.7435, val_auc:0.9750, val_ap: 0.9824
2023-04-04 17:56:50,525 - Epoch:149, train_loss:0.7428, val_auc:0.9750, val_ap: 0.9824
2023-04-04 17:56:50,912 - Epoch:150, train_loss:0.7429, val_auc:0.9749, val_ap: 0.9823
2023-04-04 17:56:51,302 - Epoch:151, train_loss:0.7437, val_auc:0.9746, val_ap: 0.9821
2023-04-04 17:56:51,686 - Epoch:152, train_loss:0.7428, val_auc:0.9744, val_ap: 0.9819
2023-04-04 17:56:52,103 - Epoch:153, train_loss:0.7403, val_auc:0.9742, val_ap: 0.9817
2023-04-04 17:56:52,531 - Epoch:154, train_loss:0.7389, val_auc:0.9743, val_ap: 0.9818
2023-04-04 17:56:52,896 - Epoch:155, train_loss:0.7407, val_auc:0.9743, val_ap: 0.9818
2023-04-04 17:56:53,282 - Epoch:156, train_loss:0.7419, val_auc:0.9744, val_ap: 0.9818
2023-04-04 17:56:53,633 - Epoch:157, train_loss:0.7457, val_auc:0.9744, val_ap: 0.9818
2023-04-04 17:56:54,011 - Epoch:158, train_loss:0.7405, val_auc:0.9742, val_ap: 0.9818
2023-04-04 17:56:54,413 - Epoch:159, train_loss:0.7408, val_auc:0.9741, val_ap: 0.9817
2023-04-04 17:56:54,834 - Epoch:160, train_loss:0.7416, val_auc:0.9741, val_ap: 0.9816
2023-04-04 17:56:55,231 - Epoch:161, train_loss:0.7439, val_auc:0.9740, val_ap: 0.9815
2023-04-04 17:56:55,647 - Epoch:162, train_loss:0.7390, val_auc:0.9739, val_ap: 0.9815
2023-04-04 17:56:56,055 - Epoch:163, train_loss:0.7372, val_auc:0.9738, val_ap: 0.9814
2023-04-04 17:56:56,474 - Epoch:164, train_loss:0.7411, val_auc:0.9736, val_ap: 0.9813
2023-04-04 17:56:56,878 - Epoch:165, train_loss:0.7367, val_auc:0.9739, val_ap: 0.9815
2023-04-04 17:56:57,274 - Epoch:166, train_loss:0.7430, val_auc:0.9739, val_ap: 0.9815
2023-04-04 17:56:57,722 - Epoch:167, train_loss:0.7332, val_auc:0.9742, val_ap: 0.9816
2023-04-04 17:56:58,116 - Epoch:168, train_loss:0.7345, val_auc:0.9740, val_ap: 0.9815
2023-04-04 17:56:58,549 - Epoch:169, train_loss:0.7428, val_auc:0.9739, val_ap: 0.9814
2023-04-04 17:56:58,940 - Epoch:170, train_loss:0.7406, val_auc:0.9737, val_ap: 0.9813
2023-04-04 17:56:59,377 - Epoch:171, train_loss:0.7396, val_auc:0.9737, val_ap: 0.9813
2023-04-04 17:56:59,760 - Epoch:172, train_loss:0.7446, val_auc:0.9736, val_ap: 0.9812
2023-04-04 17:57:00,184 - Epoch:173, train_loss:0.7416, val_auc:0.9737, val_ap: 0.9813
2023-04-04 17:57:00,598 - Epoch:174, train_loss:0.7446, val_auc:0.9737, val_ap: 0.9814
2023-04-04 17:57:01,003 - Epoch:175, train_loss:0.7392, val_auc:0.9739, val_ap: 0.9815
2023-04-04 17:57:01,404 - Epoch:176, train_loss:0.7429, val_auc:0.9738, val_ap: 0.9814
2023-04-04 17:57:01,829 - Epoch:177, train_loss:0.7385, val_auc:0.9738, val_ap: 0.9814
2023-04-04 17:57:02,231 - Epoch:178, train_loss:0.7356, val_auc:0.9736, val_ap: 0.9813
2023-04-04 17:57:02,637 - Epoch:179, train_loss:0.7386, val_auc:0.9733, val_ap: 0.9810
2023-04-04 17:57:03,043 - Epoch:180, train_loss:0.7425, val_auc:0.9732, val_ap: 0.9809
2023-04-04 17:57:03,418 - Epoch:181, train_loss:0.7369, val_auc:0.9732, val_ap: 0.9809
2023-04-04 17:57:03,785 - Epoch:182, train_loss:0.7392, val_auc:0.9730, val_ap: 0.9808
2023-04-04 17:57:04,180 - Epoch:183, train_loss:0.7377, val_auc:0.9730, val_ap: 0.9809
2023-04-04 17:57:04,561 - Epoch:184, train_loss:0.7363, val_auc:0.9731, val_ap: 0.9809
2023-04-04 17:57:04,934 - Epoch:185, train_loss:0.7357, val_auc:0.9730, val_ap: 0.9808
2023-04-04 17:57:05,353 - Epoch:186, train_loss:0.7408, val_auc:0.9730, val_ap: 0.9807
2023-04-04 17:57:05,722 - Epoch:187, train_loss:0.7358, val_auc:0.9732, val_ap: 0.9808
2023-04-04 17:57:06,095 - Epoch:188, train_loss:0.7414, val_auc:0.9732, val_ap: 0.9807
2023-04-04 17:57:06,472 - Epoch:189, train_loss:0.7408, val_auc:0.9733, val_ap: 0.9808
2023-04-04 17:57:06,862 - Epoch:190, train_loss:0.7446, val_auc:0.9729, val_ap: 0.9806
2023-04-04 17:57:07,243 - Epoch:191, train_loss:0.7398, val_auc:0.9728, val_ap: 0.9805
2023-04-04 17:57:07,625 - Epoch:192, train_loss:0.7446, val_auc:0.9725, val_ap: 0.9803
2023-04-04 17:57:07,987 - Epoch:193, train_loss:0.7386, val_auc:0.9724, val_ap: 0.9802
2023-04-04 17:57:08,359 - Epoch:194, train_loss:0.7357, val_auc:0.9726, val_ap: 0.9803
2023-04-04 17:57:08,791 - Epoch:195, train_loss:0.7414, val_auc:0.9727, val_ap: 0.9803
2023-04-04 17:57:09,203 - Epoch:196, train_loss:0.7399, val_auc:0.9728, val_ap: 0.9804
2023-04-04 17:57:09,600 - Epoch:197, train_loss:0.7348, val_auc:0.9729, val_ap: 0.9805
2023-04-04 17:57:09,999 - Epoch:198, train_loss:0.7424, val_auc:0.9728, val_ap: 0.9805
2023-04-04 17:57:10,399 - Epoch:199, train_loss:0.7360, val_auc:0.9730, val_ap: 0.9806
2023-04-04 17:57:10,401 - final results:
2023-04-04 17:57:10,401 - ====================================================================================
2023-04-04 17:57:10,401 - AUC:0.9857+-0.0000 [0.9857263615505374]
2023-04-04 17:57:10,402 - AP:0.9876+-0.0000 [0.9876474722952615]
2023-04-04 17:57:10,950 - Epoch:000, train_loss:4.9209, val_auc:0.9466, val_ap: 0.9601, text_auc:0.9498, text_ap: 0.9633
2023-04-04 17:57:11,384 - Epoch:001, train_loss:3.8570, val_auc:0.9729, val_ap: 0.9776, text_auc:0.9746, text_ap: 0.9794
2023-04-04 17:57:11,822 - Epoch:002, train_loss:2.9043, val_auc:0.9730, val_ap: 0.9785, text_auc:0.9788, text_ap: 0.9826
2023-04-04 17:57:12,227 - Epoch:003, train_loss:2.4366, val_auc:0.9748, val_ap: 0.9794, text_auc:0.9812, text_ap: 0.9840
2023-04-04 17:57:12,611 - Epoch:004, train_loss:2.0426, val_auc:0.9758, val_ap: 0.9800, text_auc:0.9818, text_ap: 0.9840
2023-04-04 17:57:13,005 - Epoch:005, train_loss:1.7242, val_auc:0.9761, val_ap: 0.9802, text_auc:0.9818, text_ap: 0.9839
2023-04-04 17:57:13,439 - Epoch:006, train_loss:1.4037, val_auc:0.9762, val_ap: 0.9803, text_auc:0.9820, text_ap: 0.9840
2023-04-04 17:57:13,823 - Epoch:007, train_loss:1.2351, val_auc:0.9759, val_ap: 0.9799
2023-04-04 17:57:14,196 - Epoch:008, train_loss:1.1500, val_auc:0.9760, val_ap: 0.9799
2023-04-04 17:57:14,632 - Epoch:009, train_loss:1.1892, val_auc:0.9758, val_ap: 0.9797
2023-04-04 17:57:15,042 - Epoch:010, train_loss:1.1492, val_auc:0.9753, val_ap: 0.9793
2023-04-04 17:57:15,398 - Epoch:011, train_loss:1.0829, val_auc:0.9754, val_ap: 0.9793
2023-04-04 17:57:15,746 - Epoch:012, train_loss:1.0513, val_auc:0.9757, val_ap: 0.9796
2023-04-04 17:57:16,127 - Epoch:013, train_loss:1.0194, val_auc:0.9757, val_ap: 0.9798
2023-04-04 17:57:16,497 - Epoch:014, train_loss:1.0290, val_auc:0.9759, val_ap: 0.9800
2023-04-04 17:57:16,889 - Epoch:015, train_loss:1.0118, val_auc:0.9762, val_ap: 0.9804, text_auc:0.9837, text_ap: 0.9851
2023-04-04 17:57:17,294 - Epoch:016, train_loss:0.9780, val_auc:0.9763, val_ap: 0.9806, text_auc:0.9836, text_ap: 0.9851
2023-04-04 17:57:17,693 - Epoch:017, train_loss:0.9626, val_auc:0.9767, val_ap: 0.9808, text_auc:0.9837, text_ap: 0.9851
2023-04-04 17:57:18,073 - Epoch:018, train_loss:0.9358, val_auc:0.9769, val_ap: 0.9810, text_auc:0.9838, text_ap: 0.9852
2023-04-04 17:57:18,456 - Epoch:019, train_loss:0.9181, val_auc:0.9770, val_ap: 0.9809, text_auc:0.9839, text_ap: 0.9853
2023-04-04 17:57:18,828 - Epoch:020, train_loss:0.9197, val_auc:0.9771, val_ap: 0.9810, text_auc:0.9840, text_ap: 0.9854
2023-04-04 17:57:19,247 - Epoch:021, train_loss:0.9158, val_auc:0.9769, val_ap: 0.9808
2023-04-04 17:57:19,612 - Epoch:022, train_loss:0.9148, val_auc:0.9768, val_ap: 0.9807
2023-04-04 17:57:19,973 - Epoch:023, train_loss:0.8989, val_auc:0.9768, val_ap: 0.9806
2023-04-04 17:57:20,349 - Epoch:024, train_loss:0.9051, val_auc:0.9768, val_ap: 0.9807
2023-04-04 17:57:20,722 - Epoch:025, train_loss:0.8716, val_auc:0.9768, val_ap: 0.9807
2023-04-04 17:57:21,092 - Epoch:026, train_loss:0.8672, val_auc:0.9768, val_ap: 0.9808
2023-04-04 17:57:21,501 - Epoch:027, train_loss:0.8727, val_auc:0.9771, val_ap: 0.9811, text_auc:0.9854, text_ap: 0.9865
2023-04-04 17:57:21,871 - Epoch:028, train_loss:0.8654, val_auc:0.9770, val_ap: 0.9812
2023-04-04 17:57:22,254 - Epoch:029, train_loss:0.8622, val_auc:0.9772, val_ap: 0.9813, text_auc:0.9856, text_ap: 0.9867
2023-04-04 17:57:22,628 - Epoch:030, train_loss:0.8515, val_auc:0.9774, val_ap: 0.9815, text_auc:0.9856, text_ap: 0.9866
2023-04-04 17:57:22,991 - Epoch:031, train_loss:0.8526, val_auc:0.9775, val_ap: 0.9816, text_auc:0.9855, text_ap: 0.9866
2023-04-04 17:57:23,357 - Epoch:032, train_loss:0.8426, val_auc:0.9778, val_ap: 0.9818, text_auc:0.9855, text_ap: 0.9866
2023-04-04 17:57:23,710 - Epoch:033, train_loss:0.8293, val_auc:0.9778, val_ap: 0.9818
2023-04-04 17:57:24,087 - Epoch:034, train_loss:0.8300, val_auc:0.9778, val_ap: 0.9817
2023-04-04 17:57:24,464 - Epoch:035, train_loss:0.8322, val_auc:0.9778, val_ap: 0.9816
2023-04-04 17:57:24,852 - Epoch:036, train_loss:0.8236, val_auc:0.9779, val_ap: 0.9816
2023-04-04 17:57:25,219 - Epoch:037, train_loss:0.8191, val_auc:0.9779, val_ap: 0.9817
2023-04-04 17:57:25,602 - Epoch:038, train_loss:0.8114, val_auc:0.9780, val_ap: 0.9818, text_auc:0.9854, text_ap: 0.9866
2023-04-04 17:57:25,981 - Epoch:039, train_loss:0.8195, val_auc:0.9780, val_ap: 0.9819, text_auc:0.9856, text_ap: 0.9867
2023-04-04 17:57:26,357 - Epoch:040, train_loss:0.8109, val_auc:0.9781, val_ap: 0.9820, text_auc:0.9857, text_ap: 0.9868
2023-04-04 17:57:26,742 - Epoch:041, train_loss:0.8073, val_auc:0.9780, val_ap: 0.9820, text_auc:0.9858, text_ap: 0.9869
2023-04-04 17:57:27,094 - Epoch:042, train_loss:0.8061, val_auc:0.9779, val_ap: 0.9820
2023-04-04 17:57:27,452 - Epoch:043, train_loss:0.7910, val_auc:0.9779, val_ap: 0.9820
2023-04-04 17:57:27,815 - Epoch:044, train_loss:0.8061, val_auc:0.9777, val_ap: 0.9819
2023-04-04 17:57:28,187 - Epoch:045, train_loss:0.7998, val_auc:0.9774, val_ap: 0.9818
2023-04-04 17:57:28,571 - Epoch:046, train_loss:0.7961, val_auc:0.9771, val_ap: 0.9816
2023-04-04 17:57:28,959 - Epoch:047, train_loss:0.8041, val_auc:0.9771, val_ap: 0.9816
2023-04-04 17:57:29,314 - Epoch:048, train_loss:0.7876, val_auc:0.9772, val_ap: 0.9817
2023-04-04 17:57:29,565 - Epoch:049, train_loss:0.7872, val_auc:0.9773, val_ap: 0.9817
2023-04-04 17:57:29,799 - Epoch:050, train_loss:0.7838, val_auc:0.9775, val_ap: 0.9818
2023-04-04 17:57:30,028 - Epoch:051, train_loss:0.7837, val_auc:0.9777, val_ap: 0.9820
2023-04-04 17:57:30,261 - Epoch:052, train_loss:0.7856, val_auc:0.9778, val_ap: 0.9820
2023-04-04 17:57:30,482 - Epoch:053, train_loss:0.7891, val_auc:0.9778, val_ap: 0.9820
2023-04-04 17:57:30,735 - Epoch:054, train_loss:0.7863, val_auc:0.9777, val_ap: 0.9820
2023-04-04 17:57:30,976 - Epoch:055, train_loss:0.7841, val_auc:0.9776, val_ap: 0.9820
2023-04-04 17:57:31,220 - Epoch:056, train_loss:0.7781, val_auc:0.9774, val_ap: 0.9818
2023-04-04 17:57:31,445 - Epoch:057, train_loss:0.7893, val_auc:0.9772, val_ap: 0.9817
2023-04-04 17:57:31,688 - Epoch:058, train_loss:0.7735, val_auc:0.9772, val_ap: 0.9818
2023-04-04 17:57:31,914 - Epoch:059, train_loss:0.7741, val_auc:0.9772, val_ap: 0.9817
2023-04-04 17:57:32,135 - Epoch:060, train_loss:0.7822, val_auc:0.9773, val_ap: 0.9818
2023-04-04 17:57:32,475 - Epoch:061, train_loss:0.7656, val_auc:0.9774, val_ap: 0.9818
2023-04-04 17:57:32,852 - Epoch:062, train_loss:0.7827, val_auc:0.9772, val_ap: 0.9817
2023-04-04 17:57:33,217 - Epoch:063, train_loss:0.7669, val_auc:0.9769, val_ap: 0.9815
2023-04-04 17:57:33,584 - Epoch:064, train_loss:0.7763, val_auc:0.9767, val_ap: 0.9814
2023-04-04 17:57:33,964 - Epoch:065, train_loss:0.7685, val_auc:0.9766, val_ap: 0.9813
2023-04-04 17:57:34,381 - Epoch:066, train_loss:0.7666, val_auc:0.9765, val_ap: 0.9812
2023-04-04 17:57:34,658 - Epoch:067, train_loss:0.7632, val_auc:0.9765, val_ap: 0.9812
2023-04-04 17:57:34,888 - Epoch:068, train_loss:0.7703, val_auc:0.9765, val_ap: 0.9812
2023-04-04 17:57:35,296 - Epoch:069, train_loss:0.7728, val_auc:0.9766, val_ap: 0.9812
2023-04-04 17:57:35,674 - Epoch:070, train_loss:0.7612, val_auc:0.9765, val_ap: 0.9812
2023-04-04 17:57:36,042 - Epoch:071, train_loss:0.7627, val_auc:0.9766, val_ap: 0.9813
2023-04-04 17:57:36,373 - Epoch:072, train_loss:0.7678, val_auc:0.9765, val_ap: 0.9812
2023-04-04 17:57:36,607 - Epoch:073, train_loss:0.7650, val_auc:0.9764, val_ap: 0.9812
2023-04-04 17:57:36,837 - Epoch:074, train_loss:0.7640, val_auc:0.9763, val_ap: 0.9811
2023-04-04 17:57:37,065 - Epoch:075, train_loss:0.7634, val_auc:0.9762, val_ap: 0.9811
2023-04-04 17:57:37,305 - Epoch:076, train_loss:0.7636, val_auc:0.9761, val_ap: 0.9811
2023-04-04 17:57:37,534 - Epoch:077, train_loss:0.7661, val_auc:0.9760, val_ap: 0.9810
2023-04-04 17:57:37,801 - Epoch:078, train_loss:0.7519, val_auc:0.9757, val_ap: 0.9808
2023-04-04 17:57:38,027 - Epoch:079, train_loss:0.7559, val_auc:0.9756, val_ap: 0.9806
2023-04-04 17:57:38,267 - Epoch:080, train_loss:0.7608, val_auc:0.9756, val_ap: 0.9807
2023-04-04 17:57:38,494 - Epoch:081, train_loss:0.7568, val_auc:0.9755, val_ap: 0.9806
2023-04-04 17:57:38,714 - Epoch:082, train_loss:0.7559, val_auc:0.9752, val_ap: 0.9804
2023-04-04 17:57:39,064 - Epoch:083, train_loss:0.7612, val_auc:0.9752, val_ap: 0.9804
2023-04-04 17:57:39,433 - Epoch:084, train_loss:0.7550, val_auc:0.9751, val_ap: 0.9803
2023-04-04 17:57:39,821 - Epoch:085, train_loss:0.7504, val_auc:0.9748, val_ap: 0.9802
2023-04-04 17:57:40,199 - Epoch:086, train_loss:0.7585, val_auc:0.9747, val_ap: 0.9801
2023-04-04 17:57:40,583 - Epoch:087, train_loss:0.7641, val_auc:0.9744, val_ap: 0.9800
2023-04-04 17:57:40,928 - Epoch:088, train_loss:0.7602, val_auc:0.9743, val_ap: 0.9800
2023-04-04 17:57:41,340 - Epoch:089, train_loss:0.7610, val_auc:0.9742, val_ap: 0.9799
2023-04-04 17:57:41,747 - Epoch:090, train_loss:0.7573, val_auc:0.9740, val_ap: 0.9797
2023-04-04 17:57:42,100 - Epoch:091, train_loss:0.7589, val_auc:0.9738, val_ap: 0.9796
2023-04-04 17:57:42,469 - Epoch:092, train_loss:0.7604, val_auc:0.9739, val_ap: 0.9797
2023-04-04 17:57:42,838 - Epoch:093, train_loss:0.7545, val_auc:0.9737, val_ap: 0.9796
2023-04-04 17:57:43,215 - Epoch:094, train_loss:0.7514, val_auc:0.9736, val_ap: 0.9796
2023-04-04 17:57:43,658 - Epoch:095, train_loss:0.7560, val_auc:0.9736, val_ap: 0.9795
2023-04-04 17:57:44,058 - Epoch:096, train_loss:0.7577, val_auc:0.9736, val_ap: 0.9795
2023-04-04 17:57:44,450 - Epoch:097, train_loss:0.7549, val_auc:0.9734, val_ap: 0.9794
2023-04-04 17:57:44,804 - Epoch:098, train_loss:0.7568, val_auc:0.9732, val_ap: 0.9793
2023-04-04 17:57:45,184 - Epoch:099, train_loss:0.7520, val_auc:0.9729, val_ap: 0.9792
2023-04-04 17:57:45,559 - Epoch:100, train_loss:0.7557, val_auc:0.9726, val_ap: 0.9790
2023-04-04 17:57:45,925 - Epoch:101, train_loss:0.7495, val_auc:0.9725, val_ap: 0.9789
2023-04-04 17:57:46,282 - Epoch:102, train_loss:0.7536, val_auc:0.9722, val_ap: 0.9788
2023-04-04 17:57:46,650 - Epoch:103, train_loss:0.7485, val_auc:0.9722, val_ap: 0.9787
2023-04-04 17:57:47,046 - Epoch:104, train_loss:0.7541, val_auc:0.9721, val_ap: 0.9786
2023-04-04 17:57:47,467 - Epoch:105, train_loss:0.7582, val_auc:0.9721, val_ap: 0.9786
2023-04-04 17:57:47,827 - Epoch:106, train_loss:0.7469, val_auc:0.9719, val_ap: 0.9786
2023-04-04 17:57:48,191 - Epoch:107, train_loss:0.7522, val_auc:0.9718, val_ap: 0.9785
2023-04-04 17:57:48,561 - Epoch:108, train_loss:0.7593, val_auc:0.9716, val_ap: 0.9783
2023-04-04 17:57:48,920 - Epoch:109, train_loss:0.7493, val_auc:0.9712, val_ap: 0.9781
2023-04-04 17:57:49,297 - Epoch:110, train_loss:0.7512, val_auc:0.9712, val_ap: 0.9780
2023-04-04 17:57:49,688 - Epoch:111, train_loss:0.7573, val_auc:0.9712, val_ap: 0.9781
2023-04-04 17:57:50,091 - Epoch:112, train_loss:0.7479, val_auc:0.9709, val_ap: 0.9780
2023-04-04 17:57:50,489 - Epoch:113, train_loss:0.7468, val_auc:0.9709, val_ap: 0.9779
2023-04-04 17:57:50,878 - Epoch:114, train_loss:0.7519, val_auc:0.9709, val_ap: 0.9779
2023-04-04 17:57:51,255 - Epoch:115, train_loss:0.7478, val_auc:0.9708, val_ap: 0.9779
2023-04-04 17:57:51,630 - Epoch:116, train_loss:0.7480, val_auc:0.9708, val_ap: 0.9779
2023-04-04 17:57:52,019 - Epoch:117, train_loss:0.7495, val_auc:0.9704, val_ap: 0.9777
2023-04-04 17:57:52,450 - Epoch:118, train_loss:0.7473, val_auc:0.9701, val_ap: 0.9776
2023-04-04 17:57:52,824 - Epoch:119, train_loss:0.7485, val_auc:0.9700, val_ap: 0.9775
2023-04-04 17:57:53,211 - Epoch:120, train_loss:0.7460, val_auc:0.9702, val_ap: 0.9776
2023-04-04 17:57:53,654 - Epoch:121, train_loss:0.7528, val_auc:0.9702, val_ap: 0.9776
2023-04-04 17:57:54,110 - Epoch:122, train_loss:0.7533, val_auc:0.9703, val_ap: 0.9777
2023-04-04 17:57:54,547 - Epoch:123, train_loss:0.7520, val_auc:0.9704, val_ap: 0.9778
2023-04-04 17:57:54,967 - Epoch:124, train_loss:0.7516, val_auc:0.9705, val_ap: 0.9779
2023-04-04 17:57:55,401 - Epoch:125, train_loss:0.7530, val_auc:0.9703, val_ap: 0.9779
2023-04-04 17:57:55,833 - Epoch:126, train_loss:0.7460, val_auc:0.9702, val_ap: 0.9778
2023-04-04 17:57:56,305 - Epoch:127, train_loss:0.7496, val_auc:0.9699, val_ap: 0.9777
2023-04-04 17:57:56,774 - Epoch:128, train_loss:0.7453, val_auc:0.9699, val_ap: 0.9777
2023-04-04 17:57:57,202 - Epoch:129, train_loss:0.7457, val_auc:0.9701, val_ap: 0.9778
2023-04-04 17:57:57,609 - Epoch:130, train_loss:0.7550, val_auc:0.9702, val_ap: 0.9779
2023-04-04 17:57:58,020 - Epoch:131, train_loss:0.7502, val_auc:0.9702, val_ap: 0.9778
2023-04-04 17:57:58,484 - Epoch:132, train_loss:0.7440, val_auc:0.9701, val_ap: 0.9778
2023-04-04 17:57:58,948 - Epoch:133, train_loss:0.7510, val_auc:0.9699, val_ap: 0.9776
2023-04-04 17:57:59,440 - Epoch:134, train_loss:0.7480, val_auc:0.9697, val_ap: 0.9775
2023-04-04 17:57:59,909 - Epoch:135, train_loss:0.7437, val_auc:0.9695, val_ap: 0.9774
2023-04-04 17:58:00,384 - Epoch:136, train_loss:0.7474, val_auc:0.9697, val_ap: 0.9775
2023-04-04 17:58:00,840 - Epoch:137, train_loss:0.7443, val_auc:0.9698, val_ap: 0.9776
2023-04-04 17:58:01,279 - Epoch:138, train_loss:0.7440, val_auc:0.9699, val_ap: 0.9777
2023-04-04 17:58:01,673 - Epoch:139, train_loss:0.7473, val_auc:0.9701, val_ap: 0.9778
2023-04-04 17:58:02,079 - Epoch:140, train_loss:0.7434, val_auc:0.9700, val_ap: 0.9777
2023-04-04 17:58:02,492 - Epoch:141, train_loss:0.7448, val_auc:0.9703, val_ap: 0.9778
2023-04-04 17:58:02,901 - Epoch:142, train_loss:0.7455, val_auc:0.9701, val_ap: 0.9778
2023-04-04 17:58:03,315 - Epoch:143, train_loss:0.7468, val_auc:0.9699, val_ap: 0.9776
2023-04-04 17:58:03,720 - Epoch:144, train_loss:0.7448, val_auc:0.9698, val_ap: 0.9776
2023-04-04 17:58:04,127 - Epoch:145, train_loss:0.7521, val_auc:0.9699, val_ap: 0.9776
2023-04-04 17:58:04,548 - Epoch:146, train_loss:0.7456, val_auc:0.9700, val_ap: 0.9777
2023-04-04 17:58:04,942 - Epoch:147, train_loss:0.7446, val_auc:0.9702, val_ap: 0.9778
2023-04-04 17:58:05,354 - Epoch:148, train_loss:0.7461, val_auc:0.9702, val_ap: 0.9778
2023-04-04 17:58:05,765 - Epoch:149, train_loss:0.7534, val_auc:0.9701, val_ap: 0.9778
2023-04-04 17:58:06,173 - Epoch:150, train_loss:0.7450, val_auc:0.9702, val_ap: 0.9778
2023-04-04 17:58:06,578 - Epoch:151, train_loss:0.7395, val_auc:0.9701, val_ap: 0.9778
2023-04-04 17:58:06,996 - Epoch:152, train_loss:0.7453, val_auc:0.9698, val_ap: 0.9776
2023-04-04 17:58:07,385 - Epoch:153, train_loss:0.7419, val_auc:0.9698, val_ap: 0.9776
2023-04-04 17:58:07,764 - Epoch:154, train_loss:0.7419, val_auc:0.9695, val_ap: 0.9774
2023-04-04 17:58:08,165 - Epoch:155, train_loss:0.7501, val_auc:0.9695, val_ap: 0.9774
2023-04-04 17:58:08,573 - Epoch:156, train_loss:0.7465, val_auc:0.9696, val_ap: 0.9774
2023-04-04 17:58:08,991 - Epoch:157, train_loss:0.7439, val_auc:0.9696, val_ap: 0.9774
2023-04-04 17:58:09,417 - Epoch:158, train_loss:0.7414, val_auc:0.9693, val_ap: 0.9772
2023-04-04 17:58:09,832 - Epoch:159, train_loss:0.7467, val_auc:0.9689, val_ap: 0.9770
2023-04-04 17:58:10,237 - Epoch:160, train_loss:0.7431, val_auc:0.9687, val_ap: 0.9769
2023-04-04 17:58:10,637 - Epoch:161, train_loss:0.7452, val_auc:0.9687, val_ap: 0.9770
2023-04-04 17:58:11,064 - Epoch:162, train_loss:0.7433, val_auc:0.9686, val_ap: 0.9769
2023-04-04 17:58:11,534 - Epoch:163, train_loss:0.7427, val_auc:0.9687, val_ap: 0.9770
2023-04-04 17:58:12,009 - Epoch:164, train_loss:0.7421, val_auc:0.9687, val_ap: 0.9770
2023-04-04 17:58:12,482 - Epoch:165, train_loss:0.7487, val_auc:0.9686, val_ap: 0.9769
2023-04-04 17:58:12,938 - Epoch:166, train_loss:0.7457, val_auc:0.9684, val_ap: 0.9768
2023-04-04 17:58:13,383 - Epoch:167, train_loss:0.7425, val_auc:0.9684, val_ap: 0.9768
2023-04-04 17:58:13,822 - Epoch:168, train_loss:0.7468, val_auc:0.9683, val_ap: 0.9768
2023-04-04 17:58:14,280 - Epoch:169, train_loss:0.7450, val_auc:0.9681, val_ap: 0.9767
2023-04-04 17:58:14,644 - Epoch:170, train_loss:0.7444, val_auc:0.9683, val_ap: 0.9768
2023-04-04 17:58:15,085 - Epoch:171, train_loss:0.7411, val_auc:0.9683, val_ap: 0.9768
2023-04-04 17:58:15,478 - Epoch:172, train_loss:0.7410, val_auc:0.9683, val_ap: 0.9769
2023-04-04 17:58:15,884 - Epoch:173, train_loss:0.7413, val_auc:0.9683, val_ap: 0.9768
2023-04-04 17:58:16,273 - Epoch:174, train_loss:0.7452, val_auc:0.9682, val_ap: 0.9767
2023-04-04 17:58:16,687 - Epoch:175, train_loss:0.7450, val_auc:0.9680, val_ap: 0.9766
2023-04-04 17:58:17,106 - Epoch:176, train_loss:0.7390, val_auc:0.9681, val_ap: 0.9767
2023-04-04 17:58:17,526 - Epoch:177, train_loss:0.7380, val_auc:0.9681, val_ap: 0.9767
2023-04-04 17:58:17,939 - Epoch:178, train_loss:0.7401, val_auc:0.9681, val_ap: 0.9767
2023-04-04 17:58:18,355 - Epoch:179, train_loss:0.7440, val_auc:0.9681, val_ap: 0.9767
2023-04-04 17:58:18,764 - Epoch:180, train_loss:0.7440, val_auc:0.9677, val_ap: 0.9765
2023-04-04 17:58:19,166 - Epoch:181, train_loss:0.7367, val_auc:0.9673, val_ap: 0.9762
2023-04-04 17:58:19,587 - Epoch:182, train_loss:0.7462, val_auc:0.9672, val_ap: 0.9761
2023-04-04 17:58:20,011 - Epoch:183, train_loss:0.7403, val_auc:0.9675, val_ap: 0.9762
2023-04-04 17:58:20,460 - Epoch:184, train_loss:0.7401, val_auc:0.9674, val_ap: 0.9762
2023-04-04 17:58:20,882 - Epoch:185, train_loss:0.7403, val_auc:0.9673, val_ap: 0.9761
2023-04-04 17:58:21,311 - Epoch:186, train_loss:0.7466, val_auc:0.9671, val_ap: 0.9760
2023-04-04 17:58:21,796 - Epoch:187, train_loss:0.7415, val_auc:0.9666, val_ap: 0.9758
2023-04-04 17:58:22,272 - Epoch:188, train_loss:0.7431, val_auc:0.9662, val_ap: 0.9755
2023-04-04 17:58:22,697 - Epoch:189, train_loss:0.7473, val_auc:0.9661, val_ap: 0.9755
2023-04-04 17:58:23,077 - Epoch:190, train_loss:0.7419, val_auc:0.9662, val_ap: 0.9756
2023-04-04 17:58:23,497 - Epoch:191, train_loss:0.7409, val_auc:0.9661, val_ap: 0.9755
2023-04-04 17:58:23,911 - Epoch:192, train_loss:0.7371, val_auc:0.9660, val_ap: 0.9754
2023-04-04 17:58:24,310 - Epoch:193, train_loss:0.7376, val_auc:0.9660, val_ap: 0.9754
2023-04-04 17:58:24,731 - Epoch:194, train_loss:0.7366, val_auc:0.9659, val_ap: 0.9753
2023-04-04 17:58:25,142 - Epoch:195, train_loss:0.7402, val_auc:0.9659, val_ap: 0.9754
2023-04-04 17:58:25,555 - Epoch:196, train_loss:0.7406, val_auc:0.9659, val_ap: 0.9755
2023-04-04 17:58:25,973 - Epoch:197, train_loss:0.7413, val_auc:0.9659, val_ap: 0.9756
2023-04-04 17:58:26,380 - Epoch:198, train_loss:0.7344, val_auc:0.9659, val_ap: 0.9755
2023-04-04 17:58:26,813 - Epoch:199, train_loss:0.7383, val_auc:0.9652, val_ap: 0.9751
2023-04-04 17:58:26,815 - final results:
2023-04-04 17:58:26,815 - ====================================================================================
2023-04-04 17:58:26,815 - AUC:0.9858+-0.0001 [0.9857263615505374, 0.9858277985750512]
2023-04-04 17:58:26,816 - AP:0.9873+-0.0004 [0.9876474722952615, 0.9869390222860389]
2023-04-04 17:58:27,404 - Epoch:000, train_loss:4.9283, val_auc:0.9387, val_ap: 0.9579, text_auc:0.9479, text_ap: 0.9618
2023-04-04 17:58:27,860 - Epoch:001, train_loss:3.8113, val_auc:0.9633, val_ap: 0.9733, text_auc:0.9682, text_ap: 0.9750
2023-04-04 17:58:28,317 - Epoch:002, train_loss:3.2487, val_auc:0.9802, val_ap: 0.9841, text_auc:0.9788, text_ap: 0.9821
2023-04-04 17:58:28,758 - Epoch:003, train_loss:2.1779, val_auc:0.9845, val_ap: 0.9873, text_auc:0.9817, text_ap: 0.9839
2023-04-04 17:58:29,178 - Epoch:004, train_loss:1.5832, val_auc:0.9841, val_ap: 0.9869
2023-04-04 17:58:29,620 - Epoch:005, train_loss:1.4965, val_auc:0.9842, val_ap: 0.9869
2023-04-04 17:58:30,066 - Epoch:006, train_loss:1.3481, val_auc:0.9845, val_ap: 0.9871
2023-04-04 17:58:30,542 - Epoch:007, train_loss:1.1968, val_auc:0.9858, val_ap: 0.9881, text_auc:0.9842, text_ap: 0.9856
2023-04-04 17:58:30,954 - Epoch:008, train_loss:1.1359, val_auc:0.9864, val_ap: 0.9886, text_auc:0.9841, text_ap: 0.9856
2023-04-04 17:58:31,345 - Epoch:009, train_loss:1.1153, val_auc:0.9867, val_ap: 0.9889, text_auc:0.9839, text_ap: 0.9854
2023-04-04 17:58:31,756 - Epoch:010, train_loss:1.0728, val_auc:0.9870, val_ap: 0.9891, text_auc:0.9841, text_ap: 0.9856
2023-04-04 17:58:32,184 - Epoch:011, train_loss:1.0629, val_auc:0.9873, val_ap: 0.9894, text_auc:0.9843, text_ap: 0.9856
2023-04-04 17:58:32,639 - Epoch:012, train_loss:1.0305, val_auc:0.9874, val_ap: 0.9894, text_auc:0.9846, text_ap: 0.9859
2023-04-04 17:58:33,055 - Epoch:013, train_loss:0.9951, val_auc:0.9872, val_ap: 0.9893
2023-04-04 17:58:33,466 - Epoch:014, train_loss:0.9751, val_auc:0.9872, val_ap: 0.9893
2023-04-04 17:58:33,883 - Epoch:015, train_loss:0.9682, val_auc:0.9873, val_ap: 0.9895, text_auc:0.9851, text_ap: 0.9863
2023-04-04 17:58:34,272 - Epoch:016, train_loss:0.9367, val_auc:0.9871, val_ap: 0.9893
2023-04-04 17:58:34,694 - Epoch:017, train_loss:0.9573, val_auc:0.9871, val_ap: 0.9893
2023-04-04 17:58:35,107 - Epoch:018, train_loss:0.9229, val_auc:0.9873, val_ap: 0.9896
2023-04-04 17:58:35,529 - Epoch:019, train_loss:0.9094, val_auc:0.9873, val_ap: 0.9896, text_auc:0.9851, text_ap: 0.9865
2023-04-04 17:58:35,960 - Epoch:020, train_loss:0.8896, val_auc:0.9873, val_ap: 0.9897, text_auc:0.9852, text_ap: 0.9866
2023-04-04 17:58:36,390 - Epoch:021, train_loss:0.8878, val_auc:0.9875, val_ap: 0.9898, text_auc:0.9851, text_ap: 0.9866
2023-04-04 17:58:36,812 - Epoch:022, train_loss:0.8773, val_auc:0.9876, val_ap: 0.9900, text_auc:0.9851, text_ap: 0.9866
2023-04-04 17:58:37,234 - Epoch:023, train_loss:0.8672, val_auc:0.9880, val_ap: 0.9902, text_auc:0.9851, text_ap: 0.9866
2023-04-04 17:58:37,661 - Epoch:024, train_loss:0.8772, val_auc:0.9879, val_ap: 0.9901
2023-04-04 17:58:38,073 - Epoch:025, train_loss:0.8757, val_auc:0.9881, val_ap: 0.9903, text_auc:0.9852, text_ap: 0.9868
2023-04-04 17:58:38,497 - Epoch:026, train_loss:0.8549, val_auc:0.9882, val_ap: 0.9904, text_auc:0.9854, text_ap: 0.9869
2023-04-04 17:58:38,926 - Epoch:027, train_loss:0.8550, val_auc:0.9883, val_ap: 0.9905, text_auc:0.9854, text_ap: 0.9870
2023-04-04 17:58:39,337 - Epoch:028, train_loss:0.8428, val_auc:0.9885, val_ap: 0.9906, text_auc:0.9855, text_ap: 0.9871
2023-04-04 17:58:39,754 - Epoch:029, train_loss:0.8334, val_auc:0.9886, val_ap: 0.9907, text_auc:0.9855, text_ap: 0.9872
2023-04-04 17:58:40,172 - Epoch:030, train_loss:0.8418, val_auc:0.9884, val_ap: 0.9905
2023-04-04 17:58:40,578 - Epoch:031, train_loss:0.8428, val_auc:0.9882, val_ap: 0.9904
2023-04-04 17:58:41,011 - Epoch:032, train_loss:0.8297, val_auc:0.9881, val_ap: 0.9904
2023-04-04 17:58:41,437 - Epoch:033, train_loss:0.8251, val_auc:0.9881, val_ap: 0.9903
2023-04-04 17:58:41,852 - Epoch:034, train_loss:0.8243, val_auc:0.9879, val_ap: 0.9902
2023-04-04 17:58:42,284 - Epoch:035, train_loss:0.8091, val_auc:0.9880, val_ap: 0.9902
2023-04-04 17:58:42,702 - Epoch:036, train_loss:0.8097, val_auc:0.9879, val_ap: 0.9901
2023-04-04 17:58:43,121 - Epoch:037, train_loss:0.8088, val_auc:0.9879, val_ap: 0.9901
2023-04-04 17:58:43,541 - Epoch:038, train_loss:0.8020, val_auc:0.9879, val_ap: 0.9901
2023-04-04 17:58:43,952 - Epoch:039, train_loss:0.8077, val_auc:0.9880, val_ap: 0.9901
2023-04-04 17:58:44,382 - Epoch:040, train_loss:0.7981, val_auc:0.9879, val_ap: 0.9901
2023-04-04 17:58:44,808 - Epoch:041, train_loss:0.8032, val_auc:0.9879, val_ap: 0.9901
2023-04-04 17:58:45,226 - Epoch:042, train_loss:0.8020, val_auc:0.9877, val_ap: 0.9899
2023-04-04 17:58:45,649 - Epoch:043, train_loss:0.7903, val_auc:0.9877, val_ap: 0.9899
2023-04-04 17:58:46,058 - Epoch:044, train_loss:0.7915, val_auc:0.9875, val_ap: 0.9899
2023-04-04 17:58:46,469 - Epoch:045, train_loss:0.7981, val_auc:0.9873, val_ap: 0.9897
2023-04-04 17:58:46,875 - Epoch:046, train_loss:0.7920, val_auc:0.9872, val_ap: 0.9896
2023-04-04 17:58:47,288 - Epoch:047, train_loss:0.7865, val_auc:0.9871, val_ap: 0.9896
2023-04-04 17:58:47,702 - Epoch:048, train_loss:0.7844, val_auc:0.9869, val_ap: 0.9894
2023-04-04 17:58:48,124 - Epoch:049, train_loss:0.7884, val_auc:0.9867, val_ap: 0.9893
2023-04-04 17:58:48,539 - Epoch:050, train_loss:0.7794, val_auc:0.9867, val_ap: 0.9893
2023-04-04 17:58:48,952 - Epoch:051, train_loss:0.7862, val_auc:0.9867, val_ap: 0.9894
2023-04-04 17:58:49,378 - Epoch:052, train_loss:0.7783, val_auc:0.9865, val_ap: 0.9892
2023-04-04 17:58:49,815 - Epoch:053, train_loss:0.7860, val_auc:0.9865, val_ap: 0.9892
2023-04-04 17:58:50,234 - Epoch:054, train_loss:0.7768, val_auc:0.9864, val_ap: 0.9892
2023-04-04 17:58:50,665 - Epoch:055, train_loss:0.7760, val_auc:0.9865, val_ap: 0.9892
2023-04-04 17:58:51,090 - Epoch:056, train_loss:0.7761, val_auc:0.9866, val_ap: 0.9893
2023-04-04 17:58:51,517 - Epoch:057, train_loss:0.7753, val_auc:0.9864, val_ap: 0.9892
2023-04-04 17:58:51,952 - Epoch:058, train_loss:0.7751, val_auc:0.9863, val_ap: 0.9891
2023-04-04 17:58:52,378 - Epoch:059, train_loss:0.7740, val_auc:0.9863, val_ap: 0.9891
2023-04-04 17:58:52,806 - Epoch:060, train_loss:0.7795, val_auc:0.9863, val_ap: 0.9891
2023-04-04 17:58:53,235 - Epoch:061, train_loss:0.7735, val_auc:0.9863, val_ap: 0.9891
2023-04-04 17:58:53,663 - Epoch:062, train_loss:0.7718, val_auc:0.9862, val_ap: 0.9890
2023-04-04 17:58:54,088 - Epoch:063, train_loss:0.7711, val_auc:0.9862, val_ap: 0.9891
2023-04-04 17:58:54,518 - Epoch:064, train_loss:0.7734, val_auc:0.9861, val_ap: 0.9890
2023-04-04 17:58:54,943 - Epoch:065, train_loss:0.7640, val_auc:0.9858, val_ap: 0.9889
2023-04-04 17:58:55,362 - Epoch:066, train_loss:0.7639, val_auc:0.9857, val_ap: 0.9887
2023-04-04 17:58:55,788 - Epoch:067, train_loss:0.7751, val_auc:0.9857, val_ap: 0.9887
2023-04-04 17:58:56,198 - Epoch:068, train_loss:0.7700, val_auc:0.9856, val_ap: 0.9886
2023-04-04 17:58:56,629 - Epoch:069, train_loss:0.7630, val_auc:0.9858, val_ap: 0.9888
2023-04-04 17:58:57,067 - Epoch:070, train_loss:0.7659, val_auc:0.9858, val_ap: 0.9888
2023-04-04 17:58:57,488 - Epoch:071, train_loss:0.7678, val_auc:0.9858, val_ap: 0.9888
2023-04-04 17:58:57,911 - Epoch:072, train_loss:0.7660, val_auc:0.9858, val_ap: 0.9888
2023-04-04 17:58:58,336 - Epoch:073, train_loss:0.7633, val_auc:0.9858, val_ap: 0.9887
2023-04-04 17:58:58,759 - Epoch:074, train_loss:0.7632, val_auc:0.9856, val_ap: 0.9886
2023-04-04 17:58:59,165 - Epoch:075, train_loss:0.7622, val_auc:0.9855, val_ap: 0.9886
2023-04-04 17:58:59,578 - Epoch:076, train_loss:0.7644, val_auc:0.9854, val_ap: 0.9885
2023-04-04 17:58:59,985 - Epoch:077, train_loss:0.7642, val_auc:0.9854, val_ap: 0.9885
2023-04-04 17:59:00,410 - Epoch:078, train_loss:0.7669, val_auc:0.9856, val_ap: 0.9886
2023-04-04 17:59:00,835 - Epoch:079, train_loss:0.7613, val_auc:0.9857, val_ap: 0.9887
2023-04-04 17:59:01,268 - Epoch:080, train_loss:0.7606, val_auc:0.9856, val_ap: 0.9886
2023-04-04 17:59:01,679 - Epoch:081, train_loss:0.7621, val_auc:0.9856, val_ap: 0.9886
2023-04-04 17:59:02,127 - Epoch:082, train_loss:0.7542, val_auc:0.9855, val_ap: 0.9885
2023-04-04 17:59:02,571 - Epoch:083, train_loss:0.7558, val_auc:0.9853, val_ap: 0.9885
2023-04-04 17:59:03,011 - Epoch:084, train_loss:0.7554, val_auc:0.9852, val_ap: 0.9884
2023-04-04 17:59:03,417 - Epoch:085, train_loss:0.7538, val_auc:0.9850, val_ap: 0.9883
2023-04-04 17:59:03,810 - Epoch:086, train_loss:0.7554, val_auc:0.9851, val_ap: 0.9883
2023-04-04 17:59:04,234 - Epoch:087, train_loss:0.7602, val_auc:0.9851, val_ap: 0.9883
2023-04-04 17:59:04,637 - Epoch:088, train_loss:0.7592, val_auc:0.9850, val_ap: 0.9882
2023-04-04 17:59:05,058 - Epoch:089, train_loss:0.7513, val_auc:0.9849, val_ap: 0.9882
2023-04-04 17:59:05,472 - Epoch:090, train_loss:0.7548, val_auc:0.9846, val_ap: 0.9880
2023-04-04 17:59:05,894 - Epoch:091, train_loss:0.7476, val_auc:0.9844, val_ap: 0.9880
2023-04-04 17:59:06,319 - Epoch:092, train_loss:0.7601, val_auc:0.9845, val_ap: 0.9881
2023-04-04 17:59:06,713 - Epoch:093, train_loss:0.7498, val_auc:0.9842, val_ap: 0.9879
2023-04-04 17:59:07,154 - Epoch:094, train_loss:0.7555, val_auc:0.9840, val_ap: 0.9877
2023-04-04 17:59:07,585 - Epoch:095, train_loss:0.7586, val_auc:0.9840, val_ap: 0.9877
2023-04-04 17:59:07,990 - Epoch:096, train_loss:0.7528, val_auc:0.9838, val_ap: 0.9876
2023-04-04 17:59:08,400 - Epoch:097, train_loss:0.7604, val_auc:0.9836, val_ap: 0.9874
2023-04-04 17:59:08,811 - Epoch:098, train_loss:0.7534, val_auc:0.9835, val_ap: 0.9874
2023-04-04 17:59:09,217 - Epoch:099, train_loss:0.7528, val_auc:0.9836, val_ap: 0.9875
2023-04-04 17:59:09,613 - Epoch:100, train_loss:0.7556, val_auc:0.9834, val_ap: 0.9874
2023-04-04 17:59:10,010 - Epoch:101, train_loss:0.7526, val_auc:0.9835, val_ap: 0.9874
2023-04-04 17:59:10,379 - Epoch:102, train_loss:0.7534, val_auc:0.9833, val_ap: 0.9872
2023-04-04 17:59:10,778 - Epoch:103, train_loss:0.7516, val_auc:0.9829, val_ap: 0.9870
2023-04-04 17:59:11,189 - Epoch:104, train_loss:0.7521, val_auc:0.9827, val_ap: 0.9869
2023-04-04 17:59:11,650 - Epoch:105, train_loss:0.7525, val_auc:0.9825, val_ap: 0.9867
2023-04-04 17:59:12,120 - Epoch:106, train_loss:0.7561, val_auc:0.9821, val_ap: 0.9866
2023-04-04 17:59:12,573 - Epoch:107, train_loss:0.7550, val_auc:0.9820, val_ap: 0.9865
2023-04-04 17:59:13,024 - Epoch:108, train_loss:0.7535, val_auc:0.9819, val_ap: 0.9864
2023-04-04 17:59:13,455 - Epoch:109, train_loss:0.7492, val_auc:0.9819, val_ap: 0.9864
2023-04-04 17:59:13,893 - Epoch:110, train_loss:0.7428, val_auc:0.9818, val_ap: 0.9863
2023-04-04 17:59:14,328 - Epoch:111, train_loss:0.7519, val_auc:0.9819, val_ap: 0.9864
2023-04-04 17:59:14,761 - Epoch:112, train_loss:0.7502, val_auc:0.9818, val_ap: 0.9863
2023-04-04 17:59:15,192 - Epoch:113, train_loss:0.7473, val_auc:0.9817, val_ap: 0.9862
2023-04-04 17:59:15,642 - Epoch:114, train_loss:0.7496, val_auc:0.9817, val_ap: 0.9862
2023-04-04 17:59:16,118 - Epoch:115, train_loss:0.7458, val_auc:0.9817, val_ap: 0.9862
2023-04-04 17:59:16,551 - Epoch:116, train_loss:0.7526, val_auc:0.9816, val_ap: 0.9862
2023-04-04 17:59:17,013 - Epoch:117, train_loss:0.7536, val_auc:0.9814, val_ap: 0.9861
2023-04-04 17:59:17,456 - Epoch:118, train_loss:0.7471, val_auc:0.9813, val_ap: 0.9860
2023-04-04 17:59:17,862 - Epoch:119, train_loss:0.7477, val_auc:0.9811, val_ap: 0.9858
2023-04-04 17:59:18,278 - Epoch:120, train_loss:0.7464, val_auc:0.9810, val_ap: 0.9858
2023-04-04 17:59:18,710 - Epoch:121, train_loss:0.7477, val_auc:0.9810, val_ap: 0.9858
2023-04-04 17:59:19,100 - Epoch:122, train_loss:0.7519, val_auc:0.9808, val_ap: 0.9857
2023-04-04 17:59:19,519 - Epoch:123, train_loss:0.7470, val_auc:0.9807, val_ap: 0.9855
2023-04-04 17:59:19,957 - Epoch:124, train_loss:0.7480, val_auc:0.9804, val_ap: 0.9854
2023-04-04 17:59:20,389 - Epoch:125, train_loss:0.7531, val_auc:0.9801, val_ap: 0.9851
2023-04-04 17:59:20,782 - Epoch:126, train_loss:0.7520, val_auc:0.9803, val_ap: 0.9853
2023-04-04 17:59:21,205 - Epoch:127, train_loss:0.7540, val_auc:0.9804, val_ap: 0.9853
2023-04-04 17:59:21,620 - Epoch:128, train_loss:0.7526, val_auc:0.9806, val_ap: 0.9855
2023-04-04 17:59:22,049 - Epoch:129, train_loss:0.7483, val_auc:0.9806, val_ap: 0.9855
2023-04-04 17:59:22,498 - Epoch:130, train_loss:0.7488, val_auc:0.9805, val_ap: 0.9854
2023-04-04 17:59:22,886 - Epoch:131, train_loss:0.7519, val_auc:0.9803, val_ap: 0.9853
2023-04-04 17:59:23,267 - Epoch:132, train_loss:0.7498, val_auc:0.9802, val_ap: 0.9852
2023-04-04 17:59:23,687 - Epoch:133, train_loss:0.7426, val_auc:0.9801, val_ap: 0.9851
2023-04-04 17:59:24,101 - Epoch:134, train_loss:0.7492, val_auc:0.9801, val_ap: 0.9851
2023-04-04 17:59:24,515 - Epoch:135, train_loss:0.7447, val_auc:0.9800, val_ap: 0.9850
2023-04-04 17:59:24,928 - Epoch:136, train_loss:0.7394, val_auc:0.9800, val_ap: 0.9850
2023-04-04 17:59:25,343 - Epoch:137, train_loss:0.7408, val_auc:0.9799, val_ap: 0.9850
2023-04-04 17:59:25,763 - Epoch:138, train_loss:0.7529, val_auc:0.9798, val_ap: 0.9850
2023-04-04 17:59:26,181 - Epoch:139, train_loss:0.7450, val_auc:0.9799, val_ap: 0.9851
2023-04-04 17:59:26,602 - Epoch:140, train_loss:0.7452, val_auc:0.9801, val_ap: 0.9851
2023-04-04 17:59:27,017 - Epoch:141, train_loss:0.7444, val_auc:0.9801, val_ap: 0.9851
2023-04-04 17:59:27,428 - Epoch:142, train_loss:0.7511, val_auc:0.9801, val_ap: 0.9851
2023-04-04 17:59:27,844 - Epoch:143, train_loss:0.7445, val_auc:0.9799, val_ap: 0.9850
2023-04-04 17:59:28,254 - Epoch:144, train_loss:0.7476, val_auc:0.9798, val_ap: 0.9849
2023-04-04 17:59:28,655 - Epoch:145, train_loss:0.7371, val_auc:0.9799, val_ap: 0.9849
2023-04-04 17:59:29,075 - Epoch:146, train_loss:0.7509, val_auc:0.9798, val_ap: 0.9849
2023-04-04 17:59:29,480 - Epoch:147, train_loss:0.7446, val_auc:0.9799, val_ap: 0.9850
2023-04-04 17:59:29,892 - Epoch:148, train_loss:0.7471, val_auc:0.9798, val_ap: 0.9849
2023-04-04 17:59:30,301 - Epoch:149, train_loss:0.7499, val_auc:0.9797, val_ap: 0.9848
2023-04-04 17:59:30,713 - Epoch:150, train_loss:0.7418, val_auc:0.9797, val_ap: 0.9848
2023-04-04 17:59:31,141 - Epoch:151, train_loss:0.7500, val_auc:0.9797, val_ap: 0.9848
2023-04-04 17:59:31,569 - Epoch:152, train_loss:0.7466, val_auc:0.9797, val_ap: 0.9848
2023-04-04 17:59:31,990 - Epoch:153, train_loss:0.7468, val_auc:0.9796, val_ap: 0.9848
2023-04-04 17:59:32,413 - Epoch:154, train_loss:0.7436, val_auc:0.9794, val_ap: 0.9847
2023-04-04 17:59:32,814 - Epoch:155, train_loss:0.7507, val_auc:0.9794, val_ap: 0.9846
2023-04-04 17:59:33,218 - Epoch:156, train_loss:0.7449, val_auc:0.9793, val_ap: 0.9845
2023-04-04 17:59:33,620 - Epoch:157, train_loss:0.7464, val_auc:0.9791, val_ap: 0.9844
2023-04-04 17:59:34,014 - Epoch:158, train_loss:0.7440, val_auc:0.9787, val_ap: 0.9842
2023-04-04 17:59:34,423 - Epoch:159, train_loss:0.7415, val_auc:0.9785, val_ap: 0.9840
2023-04-04 17:59:34,819 - Epoch:160, train_loss:0.7430, val_auc:0.9788, val_ap: 0.9842
2023-04-04 17:59:35,217 - Epoch:161, train_loss:0.7446, val_auc:0.9790, val_ap: 0.9843
2023-04-04 17:59:35,629 - Epoch:162, train_loss:0.7448, val_auc:0.9789, val_ap: 0.9843
2023-04-04 17:59:36,061 - Epoch:163, train_loss:0.7407, val_auc:0.9790, val_ap: 0.9843
2023-04-04 17:59:36,477 - Epoch:164, train_loss:0.7391, val_auc:0.9789, val_ap: 0.9842
2023-04-04 17:59:36,891 - Epoch:165, train_loss:0.7414, val_auc:0.9787, val_ap: 0.9840
2023-04-04 17:59:37,312 - Epoch:166, train_loss:0.7418, val_auc:0.9785, val_ap: 0.9839
2023-04-04 17:59:37,762 - Epoch:167, train_loss:0.7441, val_auc:0.9784, val_ap: 0.9839
2023-04-04 17:59:38,173 - Epoch:168, train_loss:0.7400, val_auc:0.9787, val_ap: 0.9841
2023-04-04 17:59:38,621 - Epoch:169, train_loss:0.7404, val_auc:0.9787, val_ap: 0.9841
2023-04-04 17:59:39,046 - Epoch:170, train_loss:0.7482, val_auc:0.9791, val_ap: 0.9844
2023-04-04 17:59:39,439 - Epoch:171, train_loss:0.7421, val_auc:0.9792, val_ap: 0.9843
2023-04-04 17:59:39,848 - Epoch:172, train_loss:0.7394, val_auc:0.9791, val_ap: 0.9843
2023-04-04 17:59:40,265 - Epoch:173, train_loss:0.7388, val_auc:0.9788, val_ap: 0.9841
2023-04-04 17:59:40,705 - Epoch:174, train_loss:0.7392, val_auc:0.9785, val_ap: 0.9840
2023-04-04 17:59:41,173 - Epoch:175, train_loss:0.7435, val_auc:0.9786, val_ap: 0.9841
2023-04-04 17:59:41,644 - Epoch:176, train_loss:0.7407, val_auc:0.9786, val_ap: 0.9841
2023-04-04 17:59:42,101 - Epoch:177, train_loss:0.7431, val_auc:0.9785, val_ap: 0.9840
2023-04-04 17:59:42,523 - Epoch:178, train_loss:0.7390, val_auc:0.9784, val_ap: 0.9839
2023-04-04 17:59:42,932 - Epoch:179, train_loss:0.7418, val_auc:0.9784, val_ap: 0.9838
2023-04-04 17:59:43,335 - Epoch:180, train_loss:0.7425, val_auc:0.9783, val_ap: 0.9837
2023-04-04 17:59:43,723 - Epoch:181, train_loss:0.7418, val_auc:0.9782, val_ap: 0.9838
2023-04-04 17:59:44,124 - Epoch:182, train_loss:0.7422, val_auc:0.9782, val_ap: 0.9838
2023-04-04 17:59:44,534 - Epoch:183, train_loss:0.7389, val_auc:0.9782, val_ap: 0.9838
2023-04-04 17:59:44,953 - Epoch:184, train_loss:0.7464, val_auc:0.9782, val_ap: 0.9838
2023-04-04 17:59:45,350 - Epoch:185, train_loss:0.7408, val_auc:0.9781, val_ap: 0.9837
2023-04-04 17:59:45,741 - Epoch:186, train_loss:0.7394, val_auc:0.9781, val_ap: 0.9837
2023-04-04 17:59:46,139 - Epoch:187, train_loss:0.7493, val_auc:0.9779, val_ap: 0.9836
2023-04-04 17:59:46,548 - Epoch:188, train_loss:0.7386, val_auc:0.9779, val_ap: 0.9836
2023-04-04 17:59:46,969 - Epoch:189, train_loss:0.7421, val_auc:0.9780, val_ap: 0.9836
2023-04-04 17:59:47,404 - Epoch:190, train_loss:0.7381, val_auc:0.9782, val_ap: 0.9837
2023-04-04 17:59:47,810 - Epoch:191, train_loss:0.7411, val_auc:0.9786, val_ap: 0.9840
2023-04-04 17:59:48,204 - Epoch:192, train_loss:0.7400, val_auc:0.9788, val_ap: 0.9841
2023-04-04 17:59:48,610 - Epoch:193, train_loss:0.7448, val_auc:0.9786, val_ap: 0.9839
2023-04-04 17:59:49,018 - Epoch:194, train_loss:0.7396, val_auc:0.9786, val_ap: 0.9838
2023-04-04 17:59:49,427 - Epoch:195, train_loss:0.7443, val_auc:0.9783, val_ap: 0.9836
2023-04-04 17:59:49,883 - Epoch:196, train_loss:0.7451, val_auc:0.9783, val_ap: 0.9837
2023-04-04 17:59:50,426 - Epoch:197, train_loss:0.7391, val_auc:0.9783, val_ap: 0.9837
2023-04-04 17:59:50,908 - Epoch:198, train_loss:0.7419, val_auc:0.9784, val_ap: 0.9837
2023-04-04 17:59:51,359 - Epoch:199, train_loss:0.7426, val_auc:0.9787, val_ap: 0.9839
2023-04-04 17:59:51,361 - final results:
2023-04-04 17:59:51,362 - ====================================================================================
2023-04-04 17:59:51,362 - AUC:0.9857+-0.0001 [0.9857263615505374, 0.9858277985750512, 0.9855476391740129]
2023-04-04 17:59:51,362 - AP:0.9873+-0.0003 [0.9876474722952615, 0.9869390222860389, 0.9871835984326917]
2023-04-04 17:59:52,043 - Epoch:000, train_loss:4.9207, val_auc:0.9218, val_ap: 0.9458, text_auc:0.9498, text_ap: 0.9619
2023-04-04 17:59:52,537 - Epoch:001, train_loss:3.9525, val_auc:0.9621, val_ap: 0.9688, text_auc:0.9746, text_ap: 0.9788
2023-04-04 17:59:52,993 - Epoch:002, train_loss:2.8391, val_auc:0.9768, val_ap: 0.9795, text_auc:0.9842, text_ap: 0.9855
2023-04-04 17:59:53,433 - Epoch:003, train_loss:1.6751, val_auc:0.9807, val_ap: 0.9826, text_auc:0.9841, text_ap: 0.9850
2023-04-04 17:59:53,883 - Epoch:004, train_loss:1.5226, val_auc:0.9799, val_ap: 0.9826
2023-04-04 17:59:54,350 - Epoch:005, train_loss:1.3656, val_auc:0.9797, val_ap: 0.9828
2023-04-04 17:59:54,804 - Epoch:006, train_loss:1.2017, val_auc:0.9795, val_ap: 0.9827
2023-04-04 17:59:55,246 - Epoch:007, train_loss:1.0974, val_auc:0.9801, val_ap: 0.9833, text_auc:0.9831, text_ap: 0.9840
2023-04-04 17:59:55,709 - Epoch:008, train_loss:1.0727, val_auc:0.9810, val_ap: 0.9839, text_auc:0.9837, text_ap: 0.9846
2023-04-04 17:59:56,179 - Epoch:009, train_loss:1.0733, val_auc:0.9815, val_ap: 0.9844, text_auc:0.9843, text_ap: 0.9850
2023-04-04 17:59:56,641 - Epoch:010, train_loss:1.0578, val_auc:0.9814, val_ap: 0.9844
2023-04-04 17:59:57,087 - Epoch:011, train_loss:0.9994, val_auc:0.9810, val_ap: 0.9844
2023-04-04 17:59:57,526 - Epoch:012, train_loss:0.9748, val_auc:0.9808, val_ap: 0.9843
2023-04-04 17:59:57,988 - Epoch:013, train_loss:0.9352, val_auc:0.9805, val_ap: 0.9842
2023-04-04 17:59:58,424 - Epoch:014, train_loss:0.9368, val_auc:0.9804, val_ap: 0.9842
2023-04-04 17:59:58,840 - Epoch:015, train_loss:0.9305, val_auc:0.9804, val_ap: 0.9842
2023-04-04 17:59:59,264 - Epoch:016, train_loss:0.9292, val_auc:0.9808, val_ap: 0.9844
2023-04-04 17:59:59,667 - Epoch:017, train_loss:0.9109, val_auc:0.9811, val_ap: 0.9846
2023-04-04 18:00:00,086 - Epoch:018, train_loss:0.8878, val_auc:0.9816, val_ap: 0.9850, text_auc:0.9845, text_ap: 0.9853
2023-04-04 18:00:00,504 - Epoch:019, train_loss:0.8802, val_auc:0.9817, val_ap: 0.9850, text_auc:0.9845, text_ap: 0.9854
2023-04-04 18:00:00,914 - Epoch:020, train_loss:0.8713, val_auc:0.9819, val_ap: 0.9851, text_auc:0.9845, text_ap: 0.9854
2023-04-04 18:00:01,344 - Epoch:021, train_loss:0.8736, val_auc:0.9820, val_ap: 0.9853, text_auc:0.9844, text_ap: 0.9854
2023-04-04 18:00:01,758 - Epoch:022, train_loss:0.8575, val_auc:0.9820, val_ap: 0.9853
2023-04-04 18:00:02,181 - Epoch:023, train_loss:0.8344, val_auc:0.9819, val_ap: 0.9853
2023-04-04 18:00:02,604 - Epoch:024, train_loss:0.8360, val_auc:0.9815, val_ap: 0.9851
2023-04-04 18:00:03,017 - Epoch:025, train_loss:0.8411, val_auc:0.9813, val_ap: 0.9850
2023-04-04 18:00:03,425 - Epoch:026, train_loss:0.8299, val_auc:0.9810, val_ap: 0.9848
2023-04-04 18:00:03,851 - Epoch:027, train_loss:0.8409, val_auc:0.9809, val_ap: 0.9848
2023-04-04 18:00:04,272 - Epoch:028, train_loss:0.8171, val_auc:0.9809, val_ap: 0.9848
2023-04-04 18:00:04,697 - Epoch:029, train_loss:0.8119, val_auc:0.9812, val_ap: 0.9849
2023-04-04 18:00:05,125 - Epoch:030, train_loss:0.8240, val_auc:0.9814, val_ap: 0.9851
2023-04-04 18:00:05,554 - Epoch:031, train_loss:0.8099, val_auc:0.9816, val_ap: 0.9852
2023-04-04 18:00:05,990 - Epoch:032, train_loss:0.8054, val_auc:0.9818, val_ap: 0.9853
2023-04-04 18:00:06,430 - Epoch:033, train_loss:0.8056, val_auc:0.9817, val_ap: 0.9852
2023-04-04 18:00:06,856 - Epoch:034, train_loss:0.7960, val_auc:0.9815, val_ap: 0.9852
2023-04-04 18:00:07,277 - Epoch:035, train_loss:0.8045, val_auc:0.9814, val_ap: 0.9851
2023-04-04 18:00:07,693 - Epoch:036, train_loss:0.7969, val_auc:0.9812, val_ap: 0.9850
2023-04-04 18:00:08,128 - Epoch:037, train_loss:0.8016, val_auc:0.9810, val_ap: 0.9849
2023-04-04 18:00:08,546 - Epoch:038, train_loss:0.7913, val_auc:0.9808, val_ap: 0.9848
2023-04-04 18:00:08,978 - Epoch:039, train_loss:0.7968, val_auc:0.9808, val_ap: 0.9848
2023-04-04 18:00:09,395 - Epoch:040, train_loss:0.7838, val_auc:0.9807, val_ap: 0.9848
2023-04-04 18:00:09,832 - Epoch:041, train_loss:0.7878, val_auc:0.9807, val_ap: 0.9848
2023-04-04 18:00:10,245 - Epoch:042, train_loss:0.7865, val_auc:0.9805, val_ap: 0.9847
2023-04-04 18:00:10,666 - Epoch:043, train_loss:0.7814, val_auc:0.9805, val_ap: 0.9846
2023-04-04 18:00:11,076 - Epoch:044, train_loss:0.7704, val_auc:0.9806, val_ap: 0.9847
2023-04-04 18:00:11,484 - Epoch:045, train_loss:0.7777, val_auc:0.9805, val_ap: 0.9847
2023-04-04 18:00:11,922 - Epoch:046, train_loss:0.7702, val_auc:0.9806, val_ap: 0.9847
2023-04-04 18:00:12,331 - Epoch:047, train_loss:0.7743, val_auc:0.9806, val_ap: 0.9847
2023-04-04 18:00:12,761 - Epoch:048, train_loss:0.7716, val_auc:0.9804, val_ap: 0.9847
2023-04-04 18:00:13,185 - Epoch:049, train_loss:0.7609, val_auc:0.9804, val_ap: 0.9848
2023-04-04 18:00:13,589 - Epoch:050, train_loss:0.7721, val_auc:0.9802, val_ap: 0.9846
2023-04-04 18:00:14,004 - Epoch:051, train_loss:0.7727, val_auc:0.9802, val_ap: 0.9847
2023-04-04 18:00:14,428 - Epoch:052, train_loss:0.7649, val_auc:0.9802, val_ap: 0.9846
2023-04-04 18:00:14,863 - Epoch:053, train_loss:0.7630, val_auc:0.9801, val_ap: 0.9845
2023-04-04 18:00:15,284 - Epoch:054, train_loss:0.7678, val_auc:0.9801, val_ap: 0.9846
2023-04-04 18:00:15,717 - Epoch:055, train_loss:0.7665, val_auc:0.9798, val_ap: 0.9844
2023-04-04 18:00:16,138 - Epoch:056, train_loss:0.7704, val_auc:0.9798, val_ap: 0.9843
2023-04-04 18:00:16,566 - Epoch:057, train_loss:0.7681, val_auc:0.9797, val_ap: 0.9843
2023-04-04 18:00:16,990 - Epoch:058, train_loss:0.7687, val_auc:0.9795, val_ap: 0.9842
2023-04-04 18:00:17,415 - Epoch:059, train_loss:0.7673, val_auc:0.9795, val_ap: 0.9842
2023-04-04 18:00:17,868 - Epoch:060, train_loss:0.7616, val_auc:0.9795, val_ap: 0.9843
2023-04-04 18:00:18,311 - Epoch:061, train_loss:0.7557, val_auc:0.9795, val_ap: 0.9843
2023-04-04 18:00:18,758 - Epoch:062, train_loss:0.7678, val_auc:0.9795, val_ap: 0.9843
2023-04-04 18:00:19,206 - Epoch:063, train_loss:0.7547, val_auc:0.9795, val_ap: 0.9843
2023-04-04 18:00:19,655 - Epoch:064, train_loss:0.7647, val_auc:0.9795, val_ap: 0.9843
2023-04-04 18:00:20,127 - Epoch:065, train_loss:0.7577, val_auc:0.9796, val_ap: 0.9844
2023-04-04 18:00:20,581 - Epoch:066, train_loss:0.7623, val_auc:0.9796, val_ap: 0.9844
2023-04-04 18:00:21,034 - Epoch:067, train_loss:0.7591, val_auc:0.9795, val_ap: 0.9843
2023-04-04 18:00:21,488 - Epoch:068, train_loss:0.7558, val_auc:0.9794, val_ap: 0.9843
2023-04-04 18:00:21,963 - Epoch:069, train_loss:0.7580, val_auc:0.9793, val_ap: 0.9842
2023-04-04 18:00:22,429 - Epoch:070, train_loss:0.7583, val_auc:0.9792, val_ap: 0.9841
2023-04-04 18:00:22,830 - Epoch:071, train_loss:0.7534, val_auc:0.9792, val_ap: 0.9841
2023-04-04 18:00:23,269 - Epoch:072, train_loss:0.7558, val_auc:0.9792, val_ap: 0.9841
2023-04-04 18:00:23,710 - Epoch:073, train_loss:0.7531, val_auc:0.9791, val_ap: 0.9840
2023-04-04 18:00:24,124 - Epoch:074, train_loss:0.7527, val_auc:0.9791, val_ap: 0.9840
2023-04-04 18:00:24,532 - Epoch:075, train_loss:0.7522, val_auc:0.9791, val_ap: 0.9839
2023-04-04 18:00:24,955 - Epoch:076, train_loss:0.7593, val_auc:0.9788, val_ap: 0.9838
2023-04-04 18:00:25,378 - Epoch:077, train_loss:0.7569, val_auc:0.9788, val_ap: 0.9838
2023-04-04 18:00:25,731 - Epoch:078, train_loss:0.7578, val_auc:0.9787, val_ap: 0.9837
2023-04-04 18:00:26,096 - Epoch:079, train_loss:0.7553, val_auc:0.9785, val_ap: 0.9836
2023-04-04 18:00:26,445 - Epoch:080, train_loss:0.7542, val_auc:0.9786, val_ap: 0.9837
2023-04-04 18:00:26,788 - Epoch:081, train_loss:0.7463, val_auc:0.9786, val_ap: 0.9836
2023-04-04 18:00:27,136 - Epoch:082, train_loss:0.7499, val_auc:0.9784, val_ap: 0.9835
2023-04-04 18:00:27,489 - Epoch:083, train_loss:0.7592, val_auc:0.9784, val_ap: 0.9836
2023-04-04 18:00:27,844 - Epoch:084, train_loss:0.7538, val_auc:0.9781, val_ap: 0.9834
2023-04-04 18:00:28,189 - Epoch:085, train_loss:0.7512, val_auc:0.9782, val_ap: 0.9835
2023-04-04 18:00:28,520 - Epoch:086, train_loss:0.7506, val_auc:0.9782, val_ap: 0.9835
2023-04-04 18:00:28,908 - Epoch:087, train_loss:0.7515, val_auc:0.9781, val_ap: 0.9834
2023-04-04 18:00:29,271 - Epoch:088, train_loss:0.7466, val_auc:0.9778, val_ap: 0.9832
2023-04-04 18:00:29,655 - Epoch:089, train_loss:0.7540, val_auc:0.9777, val_ap: 0.9831
2023-04-04 18:00:30,036 - Epoch:090, train_loss:0.7482, val_auc:0.9776, val_ap: 0.9829
2023-04-04 18:00:30,420 - Epoch:091, train_loss:0.7572, val_auc:0.9774, val_ap: 0.9828
2023-04-04 18:00:30,802 - Epoch:092, train_loss:0.7527, val_auc:0.9773, val_ap: 0.9827
2023-04-04 18:00:31,184 - Epoch:093, train_loss:0.7499, val_auc:0.9773, val_ap: 0.9827
2023-04-04 18:00:31,567 - Epoch:094, train_loss:0.7475, val_auc:0.9773, val_ap: 0.9827
2023-04-04 18:00:31,942 - Epoch:095, train_loss:0.7526, val_auc:0.9774, val_ap: 0.9828
2023-04-04 18:00:32,322 - Epoch:096, train_loss:0.7546, val_auc:0.9775, val_ap: 0.9829
2023-04-04 18:00:32,704 - Epoch:097, train_loss:0.7507, val_auc:0.9776, val_ap: 0.9828
2023-04-04 18:00:33,086 - Epoch:098, train_loss:0.7467, val_auc:0.9776, val_ap: 0.9828
2023-04-04 18:00:33,469 - Epoch:099, train_loss:0.7526, val_auc:0.9775, val_ap: 0.9826
2023-04-04 18:00:33,850 - Epoch:100, train_loss:0.7492, val_auc:0.9775, val_ap: 0.9827
2023-04-04 18:00:34,233 - Epoch:101, train_loss:0.7536, val_auc:0.9774, val_ap: 0.9827
2023-04-04 18:00:34,615 - Epoch:102, train_loss:0.7512, val_auc:0.9773, val_ap: 0.9827
2023-04-04 18:00:35,002 - Epoch:103, train_loss:0.7482, val_auc:0.9770, val_ap: 0.9825
2023-04-04 18:00:35,384 - Epoch:104, train_loss:0.7451, val_auc:0.9769, val_ap: 0.9824
2023-04-04 18:00:35,765 - Epoch:105, train_loss:0.7442, val_auc:0.9769, val_ap: 0.9824
2023-04-04 18:00:36,150 - Epoch:106, train_loss:0.7482, val_auc:0.9768, val_ap: 0.9823
2023-04-04 18:00:36,531 - Epoch:107, train_loss:0.7456, val_auc:0.9769, val_ap: 0.9823
2023-04-04 18:00:36,924 - Epoch:108, train_loss:0.7427, val_auc:0.9768, val_ap: 0.9824
2023-04-04 18:00:37,314 - Epoch:109, train_loss:0.7502, val_auc:0.9769, val_ap: 0.9824
2023-04-04 18:00:37,679 - Epoch:110, train_loss:0.7427, val_auc:0.9767, val_ap: 0.9822
2023-04-04 18:00:38,043 - Epoch:111, train_loss:0.7475, val_auc:0.9766, val_ap: 0.9822
2023-04-04 18:00:38,413 - Epoch:112, train_loss:0.7473, val_auc:0.9763, val_ap: 0.9821
2023-04-04 18:00:38,797 - Epoch:113, train_loss:0.7482, val_auc:0.9761, val_ap: 0.9819
2023-04-04 18:00:39,196 - Epoch:114, train_loss:0.7464, val_auc:0.9759, val_ap: 0.9818
2023-04-04 18:00:39,576 - Epoch:115, train_loss:0.7479, val_auc:0.9758, val_ap: 0.9818
2023-04-04 18:00:39,919 - Epoch:116, train_loss:0.7420, val_auc:0.9755, val_ap: 0.9816
2023-04-04 18:00:40,301 - Epoch:117, train_loss:0.7470, val_auc:0.9755, val_ap: 0.9815
2023-04-04 18:00:40,694 - Epoch:118, train_loss:0.7492, val_auc:0.9755, val_ap: 0.9816
2023-04-04 18:00:41,089 - Epoch:119, train_loss:0.7432, val_auc:0.9754, val_ap: 0.9815
2023-04-04 18:00:41,483 - Epoch:120, train_loss:0.7450, val_auc:0.9755, val_ap: 0.9815
2023-04-04 18:00:41,873 - Epoch:121, train_loss:0.7458, val_auc:0.9755, val_ap: 0.9816
2023-04-04 18:00:42,265 - Epoch:122, train_loss:0.7416, val_auc:0.9754, val_ap: 0.9815
2023-04-04 18:00:42,653 - Epoch:123, train_loss:0.7427, val_auc:0.9753, val_ap: 0.9814
2023-04-04 18:00:43,038 - Epoch:124, train_loss:0.7430, val_auc:0.9749, val_ap: 0.9812
2023-04-04 18:00:43,420 - Epoch:125, train_loss:0.7507, val_auc:0.9748, val_ap: 0.9811
2023-04-04 18:00:43,798 - Epoch:126, train_loss:0.7460, val_auc:0.9744, val_ap: 0.9808
2023-04-04 18:00:44,171 - Epoch:127, train_loss:0.7448, val_auc:0.9744, val_ap: 0.9809
2023-04-04 18:00:44,602 - Epoch:128, train_loss:0.7507, val_auc:0.9743, val_ap: 0.9808
2023-04-04 18:00:44,985 - Epoch:129, train_loss:0.7416, val_auc:0.9741, val_ap: 0.9807
2023-04-04 18:00:45,383 - Epoch:130, train_loss:0.7350, val_auc:0.9742, val_ap: 0.9808
2023-04-04 18:00:45,791 - Epoch:131, train_loss:0.7408, val_auc:0.9742, val_ap: 0.9808
2023-04-04 18:00:46,187 - Epoch:132, train_loss:0.7403, val_auc:0.9738, val_ap: 0.9805
2023-04-04 18:00:46,568 - Epoch:133, train_loss:0.7414, val_auc:0.9736, val_ap: 0.9805
2023-04-04 18:00:46,956 - Epoch:134, train_loss:0.7424, val_auc:0.9736, val_ap: 0.9805
2023-04-04 18:00:47,364 - Epoch:135, train_loss:0.7372, val_auc:0.9733, val_ap: 0.9803
2023-04-04 18:00:47,760 - Epoch:136, train_loss:0.7389, val_auc:0.9731, val_ap: 0.9802
2023-04-04 18:00:48,141 - Epoch:137, train_loss:0.7442, val_auc:0.9728, val_ap: 0.9800
2023-04-04 18:00:48,540 - Epoch:138, train_loss:0.7449, val_auc:0.9729, val_ap: 0.9801
2023-04-04 18:00:48,936 - Epoch:139, train_loss:0.7443, val_auc:0.9728, val_ap: 0.9799
2023-04-04 18:00:49,334 - Epoch:140, train_loss:0.7379, val_auc:0.9725, val_ap: 0.9799
2023-04-04 18:00:49,750 - Epoch:141, train_loss:0.7413, val_auc:0.9724, val_ap: 0.9797
2023-04-04 18:00:50,162 - Epoch:142, train_loss:0.7418, val_auc:0.9721, val_ap: 0.9796
2023-04-04 18:00:50,552 - Epoch:143, train_loss:0.7476, val_auc:0.9717, val_ap: 0.9793
2023-04-04 18:00:50,955 - Epoch:144, train_loss:0.7428, val_auc:0.9715, val_ap: 0.9792
2023-04-04 18:00:51,383 - Epoch:145, train_loss:0.7447, val_auc:0.9711, val_ap: 0.9790
2023-04-04 18:00:51,780 - Epoch:146, train_loss:0.7429, val_auc:0.9707, val_ap: 0.9788
2023-04-04 18:00:52,214 - Epoch:147, train_loss:0.7428, val_auc:0.9705, val_ap: 0.9788
2023-04-04 18:00:52,626 - Epoch:148, train_loss:0.7386, val_auc:0.9704, val_ap: 0.9787
2023-04-04 18:00:53,045 - Epoch:149, train_loss:0.7426, val_auc:0.9702, val_ap: 0.9786
2023-04-04 18:00:53,463 - Epoch:150, train_loss:0.7405, val_auc:0.9701, val_ap: 0.9786
2023-04-04 18:00:53,872 - Epoch:151, train_loss:0.7334, val_auc:0.9699, val_ap: 0.9785
2023-04-04 18:00:54,287 - Epoch:152, train_loss:0.7393, val_auc:0.9696, val_ap: 0.9783
2023-04-04 18:00:54,707 - Epoch:153, train_loss:0.7402, val_auc:0.9696, val_ap: 0.9782
2023-04-04 18:00:55,116 - Epoch:154, train_loss:0.7387, val_auc:0.9695, val_ap: 0.9781
2023-04-04 18:00:55,539 - Epoch:155, train_loss:0.7442, val_auc:0.9695, val_ap: 0.9782
2023-04-04 18:00:55,941 - Epoch:156, train_loss:0.7427, val_auc:0.9693, val_ap: 0.9780
2023-04-04 18:00:56,355 - Epoch:157, train_loss:0.7407, val_auc:0.9693, val_ap: 0.9780
2023-04-04 18:00:56,773 - Epoch:158, train_loss:0.7401, val_auc:0.9692, val_ap: 0.9780
2023-04-04 18:00:57,187 - Epoch:159, train_loss:0.7425, val_auc:0.9692, val_ap: 0.9779
2023-04-04 18:00:57,604 - Epoch:160, train_loss:0.7394, val_auc:0.9692, val_ap: 0.9778
2023-04-04 18:00:58,015 - Epoch:161, train_loss:0.7400, val_auc:0.9689, val_ap: 0.9777
2023-04-04 18:00:58,440 - Epoch:162, train_loss:0.7362, val_auc:0.9689, val_ap: 0.9776
2023-04-04 18:00:58,850 - Epoch:163, train_loss:0.7422, val_auc:0.9684, val_ap: 0.9773
2023-04-04 18:00:59,263 - Epoch:164, train_loss:0.7426, val_auc:0.9681, val_ap: 0.9771
2023-04-04 18:00:59,673 - Epoch:165, train_loss:0.7429, val_auc:0.9679, val_ap: 0.9770
2023-04-04 18:01:00,088 - Epoch:166, train_loss:0.7411, val_auc:0.9679, val_ap: 0.9771
2023-04-04 18:01:00,503 - Epoch:167, train_loss:0.7355, val_auc:0.9678, val_ap: 0.9771
2023-04-04 18:01:00,918 - Epoch:168, train_loss:0.7384, val_auc:0.9676, val_ap: 0.9771
2023-04-04 18:01:01,335 - Epoch:169, train_loss:0.7400, val_auc:0.9675, val_ap: 0.9770
2023-04-04 18:01:01,745 - Epoch:170, train_loss:0.7439, val_auc:0.9673, val_ap: 0.9769
2023-04-04 18:01:02,156 - Epoch:171, train_loss:0.7380, val_auc:0.9671, val_ap: 0.9766
2023-04-04 18:01:02,569 - Epoch:172, train_loss:0.7415, val_auc:0.9668, val_ap: 0.9763
2023-04-04 18:01:02,982 - Epoch:173, train_loss:0.7407, val_auc:0.9666, val_ap: 0.9762
2023-04-04 18:01:03,401 - Epoch:174, train_loss:0.7397, val_auc:0.9662, val_ap: 0.9760
2023-04-04 18:01:03,815 - Epoch:175, train_loss:0.7399, val_auc:0.9662, val_ap: 0.9761
2023-04-04 18:01:04,246 - Epoch:176, train_loss:0.7359, val_auc:0.9666, val_ap: 0.9763
2023-04-04 18:01:04,667 - Epoch:177, train_loss:0.7457, val_auc:0.9669, val_ap: 0.9764
2023-04-04 18:01:05,091 - Epoch:178, train_loss:0.7366, val_auc:0.9667, val_ap: 0.9763
2023-04-04 18:01:05,487 - Epoch:179, train_loss:0.7415, val_auc:0.9664, val_ap: 0.9762
2023-04-04 18:01:05,907 - Epoch:180, train_loss:0.7408, val_auc:0.9661, val_ap: 0.9761
2023-04-04 18:01:06,334 - Epoch:181, train_loss:0.7418, val_auc:0.9661, val_ap: 0.9761
2023-04-04 18:01:06,760 - Epoch:182, train_loss:0.7475, val_auc:0.9662, val_ap: 0.9761
2023-04-04 18:01:07,156 - Epoch:183, train_loss:0.7392, val_auc:0.9662, val_ap: 0.9761
2023-04-04 18:01:07,572 - Epoch:184, train_loss:0.7400, val_auc:0.9662, val_ap: 0.9760
2023-04-04 18:01:07,992 - Epoch:185, train_loss:0.7376, val_auc:0.9663, val_ap: 0.9761
2023-04-04 18:01:08,400 - Epoch:186, train_loss:0.7352, val_auc:0.9661, val_ap: 0.9759
2023-04-04 18:01:08,787 - Epoch:187, train_loss:0.7413, val_auc:0.9662, val_ap: 0.9760
2023-04-04 18:01:09,168 - Epoch:188, train_loss:0.7375, val_auc:0.9660, val_ap: 0.9760
2023-04-04 18:01:09,567 - Epoch:189, train_loss:0.7418, val_auc:0.9658, val_ap: 0.9759
2023-04-04 18:01:09,991 - Epoch:190, train_loss:0.7388, val_auc:0.9662, val_ap: 0.9761
2023-04-04 18:01:10,433 - Epoch:191, train_loss:0.7422, val_auc:0.9665, val_ap: 0.9763
2023-04-04 18:01:10,866 - Epoch:192, train_loss:0.7372, val_auc:0.9665, val_ap: 0.9763
2023-04-04 18:01:11,295 - Epoch:193, train_loss:0.7387, val_auc:0.9666, val_ap: 0.9763
2023-04-04 18:01:11,724 - Epoch:194, train_loss:0.7412, val_auc:0.9667, val_ap: 0.9763
2023-04-04 18:01:12,163 - Epoch:195, train_loss:0.7370, val_auc:0.9663, val_ap: 0.9761
2023-04-04 18:01:12,592 - Epoch:196, train_loss:0.7411, val_auc:0.9659, val_ap: 0.9759
2023-04-04 18:01:13,025 - Epoch:197, train_loss:0.7460, val_auc:0.9657, val_ap: 0.9758
2023-04-04 18:01:13,455 - Epoch:198, train_loss:0.7374, val_auc:0.9660, val_ap: 0.9760
2023-04-04 18:01:13,891 - Epoch:199, train_loss:0.7423, val_auc:0.9662, val_ap: 0.9760
2023-04-04 18:01:13,893 - final results:
2023-04-04 18:01:13,893 - ====================================================================================
2023-04-04 18:01:13,894 - AUC:0.9854+-0.0006 [0.9857263615505374, 0.9858277985750512, 0.9855476391740129, 0.9843931892283541]
2023-04-04 18:01:13,894 - AP:0.9868+-0.0008 [0.9876474722952615, 0.9869390222860389, 0.9871835984326917, 0.9854171403521509]
2023-04-04 18:01:14,436 - Epoch:000, train_loss:4.9258, val_auc:0.9355, val_ap: 0.9507, text_auc:0.9410, text_ap: 0.9546
2023-04-04 18:01:14,844 - Epoch:001, train_loss:3.8491, val_auc:0.9580, val_ap: 0.9664, text_auc:0.9661, text_ap: 0.9718
2023-04-04 18:01:15,232 - Epoch:002, train_loss:3.0623, val_auc:0.9687, val_ap: 0.9735, text_auc:0.9746, text_ap: 0.9782
2023-04-04 18:01:15,657 - Epoch:003, train_loss:2.1549, val_auc:0.9718, val_ap: 0.9751, text_auc:0.9786, text_ap: 0.9803
2023-04-04 18:01:16,077 - Epoch:004, train_loss:1.9136, val_auc:0.9730, val_ap: 0.9761, text_auc:0.9799, text_ap: 0.9809
2023-04-04 18:01:16,475 - Epoch:005, train_loss:1.6632, val_auc:0.9739, val_ap: 0.9768, text_auc:0.9805, text_ap: 0.9812
2023-04-04 18:01:16,881 - Epoch:006, train_loss:1.3180, val_auc:0.9746, val_ap: 0.9774, text_auc:0.9803, text_ap: 0.9811
2023-04-04 18:01:17,300 - Epoch:007, train_loss:1.1509, val_auc:0.9750, val_ap: 0.9776, text_auc:0.9801, text_ap: 0.9810
2023-04-04 18:01:17,728 - Epoch:008, train_loss:1.1569, val_auc:0.9755, val_ap: 0.9779, text_auc:0.9802, text_ap: 0.9811
2023-04-04 18:01:18,150 - Epoch:009, train_loss:1.1656, val_auc:0.9758, val_ap: 0.9781, text_auc:0.9806, text_ap: 0.9815
2023-04-04 18:01:18,569 - Epoch:010, train_loss:1.1345, val_auc:0.9760, val_ap: 0.9784, text_auc:0.9811, text_ap: 0.9818
2023-04-04 18:01:18,989 - Epoch:011, train_loss:1.1075, val_auc:0.9765, val_ap: 0.9789, text_auc:0.9815, text_ap: 0.9822
2023-04-04 18:01:19,408 - Epoch:012, train_loss:1.0283, val_auc:0.9768, val_ap: 0.9791, text_auc:0.9819, text_ap: 0.9824
2023-04-04 18:01:19,823 - Epoch:013, train_loss:0.9856, val_auc:0.9770, val_ap: 0.9793, text_auc:0.9821, text_ap: 0.9826
2023-04-04 18:01:20,243 - Epoch:014, train_loss:0.9746, val_auc:0.9774, val_ap: 0.9797, text_auc:0.9823, text_ap: 0.9828
2023-04-04 18:01:20,675 - Epoch:015, train_loss:0.9647, val_auc:0.9780, val_ap: 0.9801, text_auc:0.9825, text_ap: 0.9830
2023-04-04 18:01:21,108 - Epoch:016, train_loss:0.9529, val_auc:0.9783, val_ap: 0.9805, text_auc:0.9827, text_ap: 0.9832
2023-04-04 18:01:21,538 - Epoch:017, train_loss:0.9514, val_auc:0.9788, val_ap: 0.9809, text_auc:0.9827, text_ap: 0.9832
2023-04-04 18:01:21,959 - Epoch:018, train_loss:0.9205, val_auc:0.9789, val_ap: 0.9811, text_auc:0.9828, text_ap: 0.9832
2023-04-04 18:01:22,392 - Epoch:019, train_loss:0.9192, val_auc:0.9794, val_ap: 0.9815, text_auc:0.9828, text_ap: 0.9833
2023-04-04 18:01:22,812 - Epoch:020, train_loss:0.9061, val_auc:0.9797, val_ap: 0.9818, text_auc:0.9829, text_ap: 0.9835
2023-04-04 18:01:23,235 - Epoch:021, train_loss:0.8983, val_auc:0.9798, val_ap: 0.9820, text_auc:0.9830, text_ap: 0.9836
2023-04-04 18:01:23,662 - Epoch:022, train_loss:0.8971, val_auc:0.9800, val_ap: 0.9822, text_auc:0.9832, text_ap: 0.9839
2023-04-04 18:01:24,095 - Epoch:023, train_loss:0.8895, val_auc:0.9802, val_ap: 0.9823, text_auc:0.9834, text_ap: 0.9840
2023-04-04 18:01:24,516 - Epoch:024, train_loss:0.8660, val_auc:0.9801, val_ap: 0.9823
2023-04-04 18:01:24,936 - Epoch:025, train_loss:0.8765, val_auc:0.9802, val_ap: 0.9825, text_auc:0.9839, text_ap: 0.9844
2023-04-04 18:01:25,366 - Epoch:026, train_loss:0.8551, val_auc:0.9803, val_ap: 0.9826, text_auc:0.9841, text_ap: 0.9845
2023-04-04 18:01:25,797 - Epoch:027, train_loss:0.8507, val_auc:0.9805, val_ap: 0.9828, text_auc:0.9842, text_ap: 0.9846
2023-04-04 18:01:26,237 - Epoch:028, train_loss:0.8523, val_auc:0.9807, val_ap: 0.9830, text_auc:0.9842, text_ap: 0.9846
2023-04-04 18:01:26,658 - Epoch:029, train_loss:0.8392, val_auc:0.9808, val_ap: 0.9832, text_auc:0.9844, text_ap: 0.9847
2023-04-04 18:01:27,091 - Epoch:030, train_loss:0.8290, val_auc:0.9809, val_ap: 0.9832, text_auc:0.9844, text_ap: 0.9848
2023-04-04 18:01:27,508 - Epoch:031, train_loss:0.8420, val_auc:0.9807, val_ap: 0.9832
2023-04-04 18:01:27,941 - Epoch:032, train_loss:0.8246, val_auc:0.9808, val_ap: 0.9833, text_auc:0.9843, text_ap: 0.9848
2023-04-04 18:01:28,358 - Epoch:033, train_loss:0.8441, val_auc:0.9808, val_ap: 0.9834, text_auc:0.9842, text_ap: 0.9847
2023-04-04 18:01:28,785 - Epoch:034, train_loss:0.8266, val_auc:0.9808, val_ap: 0.9834
2023-04-04 18:01:29,209 - Epoch:035, train_loss:0.8214, val_auc:0.9807, val_ap: 0.9834
2023-04-04 18:01:29,629 - Epoch:036, train_loss:0.8095, val_auc:0.9805, val_ap: 0.9833
2023-04-04 18:01:30,033 - Epoch:037, train_loss:0.8132, val_auc:0.9804, val_ap: 0.9833
2023-04-04 18:01:30,444 - Epoch:038, train_loss:0.8167, val_auc:0.9801, val_ap: 0.9832
2023-04-04 18:01:30,859 - Epoch:039, train_loss:0.8009, val_auc:0.9799, val_ap: 0.9832
2023-04-04 18:01:31,282 - Epoch:040, train_loss:0.8053, val_auc:0.9798, val_ap: 0.9832
2023-04-04 18:01:31,709 - Epoch:041, train_loss:0.7975, val_auc:0.9795, val_ap: 0.9832
2023-04-04 18:01:32,133 - Epoch:042, train_loss:0.8026, val_auc:0.9792, val_ap: 0.9831
2023-04-04 18:01:32,561 - Epoch:043, train_loss:0.7917, val_auc:0.9789, val_ap: 0.9829
2023-04-04 18:01:32,980 - Epoch:044, train_loss:0.8019, val_auc:0.9786, val_ap: 0.9828
2023-04-04 18:01:33,399 - Epoch:045, train_loss:0.7968, val_auc:0.9782, val_ap: 0.9826
2023-04-04 18:01:33,823 - Epoch:046, train_loss:0.7928, val_auc:0.9781, val_ap: 0.9827
2023-04-04 18:01:34,253 - Epoch:047, train_loss:0.7919, val_auc:0.9781, val_ap: 0.9827
2023-04-04 18:01:34,679 - Epoch:048, train_loss:0.7879, val_auc:0.9780, val_ap: 0.9827
2023-04-04 18:01:35,105 - Epoch:049, train_loss:0.7838, val_auc:0.9776, val_ap: 0.9826
2023-04-04 18:01:35,524 - Epoch:050, train_loss:0.7840, val_auc:0.9774, val_ap: 0.9826
2023-04-04 18:01:35,944 - Epoch:051, train_loss:0.7864, val_auc:0.9772, val_ap: 0.9825
2023-04-04 18:01:36,370 - Epoch:052, train_loss:0.7839, val_auc:0.9770, val_ap: 0.9824
2023-04-04 18:01:36,793 - Epoch:053, train_loss:0.7858, val_auc:0.9767, val_ap: 0.9824
2023-04-04 18:01:37,218 - Epoch:054, train_loss:0.7795, val_auc:0.9763, val_ap: 0.9822
2023-04-04 18:01:37,638 - Epoch:055, train_loss:0.7765, val_auc:0.9760, val_ap: 0.9821
2023-04-04 18:01:38,062 - Epoch:056, train_loss:0.7747, val_auc:0.9756, val_ap: 0.9820
2023-04-04 18:01:38,489 - Epoch:057, train_loss:0.7780, val_auc:0.9754, val_ap: 0.9819
2023-04-04 18:01:38,915 - Epoch:058, train_loss:0.7778, val_auc:0.9751, val_ap: 0.9818
2023-04-04 18:01:39,331 - Epoch:059, train_loss:0.7719, val_auc:0.9748, val_ap: 0.9816
2023-04-04 18:01:39,745 - Epoch:060, train_loss:0.7721, val_auc:0.9745, val_ap: 0.9815
2023-04-04 18:01:40,186 - Epoch:061, train_loss:0.7746, val_auc:0.9742, val_ap: 0.9814
2023-04-04 18:01:40,609 - Epoch:062, train_loss:0.7735, val_auc:0.9738, val_ap: 0.9813
2023-04-04 18:01:41,031 - Epoch:063, train_loss:0.7748, val_auc:0.9736, val_ap: 0.9813
2023-04-04 18:01:41,452 - Epoch:064, train_loss:0.7661, val_auc:0.9734, val_ap: 0.9812
2023-04-04 18:01:41,874 - Epoch:065, train_loss:0.7650, val_auc:0.9733, val_ap: 0.9811
2023-04-04 18:01:42,298 - Epoch:066, train_loss:0.7634, val_auc:0.9732, val_ap: 0.9811
2023-04-04 18:01:42,724 - Epoch:067, train_loss:0.7686, val_auc:0.9730, val_ap: 0.9810
2023-04-04 18:01:43,147 - Epoch:068, train_loss:0.7691, val_auc:0.9729, val_ap: 0.9810
2023-04-04 18:01:43,575 - Epoch:069, train_loss:0.7680, val_auc:0.9728, val_ap: 0.9809
2023-04-04 18:01:43,999 - Epoch:070, train_loss:0.7668, val_auc:0.9728, val_ap: 0.9809
2023-04-04 18:01:44,414 - Epoch:071, train_loss:0.7692, val_auc:0.9727, val_ap: 0.9809
2023-04-04 18:01:44,838 - Epoch:072, train_loss:0.7676, val_auc:0.9727, val_ap: 0.9810
2023-04-04 18:01:45,264 - Epoch:073, train_loss:0.7659, val_auc:0.9725, val_ap: 0.9809
2023-04-04 18:01:45,691 - Epoch:074, train_loss:0.7616, val_auc:0.9725, val_ap: 0.9809
2023-04-04 18:01:46,118 - Epoch:075, train_loss:0.7641, val_auc:0.9723, val_ap: 0.9808
2023-04-04 18:01:46,546 - Epoch:076, train_loss:0.7610, val_auc:0.9722, val_ap: 0.9807
2023-04-04 18:01:46,971 - Epoch:077, train_loss:0.7648, val_auc:0.9721, val_ap: 0.9807
2023-04-04 18:01:47,394 - Epoch:078, train_loss:0.7633, val_auc:0.9721, val_ap: 0.9807
2023-04-04 18:01:47,815 - Epoch:079, train_loss:0.7605, val_auc:0.9721, val_ap: 0.9806
2023-04-04 18:01:48,233 - Epoch:080, train_loss:0.7645, val_auc:0.9722, val_ap: 0.9807
2023-04-04 18:01:48,656 - Epoch:081, train_loss:0.7635, val_auc:0.9724, val_ap: 0.9809
2023-04-04 18:01:49,084 - Epoch:082, train_loss:0.7610, val_auc:0.9725, val_ap: 0.9809
2023-04-04 18:01:49,512 - Epoch:083, train_loss:0.7561, val_auc:0.9726, val_ap: 0.9810
2023-04-04 18:01:49,942 - Epoch:084, train_loss:0.7575, val_auc:0.9727, val_ap: 0.9811
2023-04-04 18:01:50,351 - Epoch:085, train_loss:0.7517, val_auc:0.9727, val_ap: 0.9811
2023-04-04 18:01:50,754 - Epoch:086, train_loss:0.7592, val_auc:0.9727, val_ap: 0.9811
2023-04-04 18:01:51,178 - Epoch:087, train_loss:0.7590, val_auc:0.9727, val_ap: 0.9811
2023-04-04 18:01:51,594 - Epoch:088, train_loss:0.7594, val_auc:0.9726, val_ap: 0.9810
2023-04-04 18:01:52,017 - Epoch:089, train_loss:0.7588, val_auc:0.9727, val_ap: 0.9811
2023-04-04 18:01:52,438 - Epoch:090, train_loss:0.7565, val_auc:0.9727, val_ap: 0.9811
2023-04-04 18:01:52,851 - Epoch:091, train_loss:0.7561, val_auc:0.9727, val_ap: 0.9811
2023-04-04 18:01:53,261 - Epoch:092, train_loss:0.7498, val_auc:0.9727, val_ap: 0.9812
2023-04-04 18:01:53,678 - Epoch:093, train_loss:0.7553, val_auc:0.9727, val_ap: 0.9812
2023-04-04 18:01:54,117 - Epoch:094, train_loss:0.7548, val_auc:0.9726, val_ap: 0.9812
2023-04-04 18:01:54,546 - Epoch:095, train_loss:0.7515, val_auc:0.9726, val_ap: 0.9812
2023-04-04 18:01:54,968 - Epoch:096, train_loss:0.7655, val_auc:0.9726, val_ap: 0.9812
2023-04-04 18:01:55,385 - Epoch:097, train_loss:0.7545, val_auc:0.9727, val_ap: 0.9812
2023-04-04 18:01:55,798 - Epoch:098, train_loss:0.7537, val_auc:0.9727, val_ap: 0.9812
2023-04-04 18:01:56,229 - Epoch:099, train_loss:0.7537, val_auc:0.9729, val_ap: 0.9812
2023-04-04 18:01:56,644 - Epoch:100, train_loss:0.7543, val_auc:0.9729, val_ap: 0.9813
2023-04-04 18:01:57,056 - Epoch:101, train_loss:0.7573, val_auc:0.9730, val_ap: 0.9813
2023-04-04 18:01:57,494 - Epoch:102, train_loss:0.7531, val_auc:0.9730, val_ap: 0.9813
2023-04-04 18:01:57,924 - Epoch:103, train_loss:0.7584, val_auc:0.9730, val_ap: 0.9813
2023-04-04 18:01:58,346 - Epoch:104, train_loss:0.7505, val_auc:0.9731, val_ap: 0.9813
2023-04-04 18:01:58,766 - Epoch:105, train_loss:0.7521, val_auc:0.9730, val_ap: 0.9812
2023-04-04 18:01:59,186 - Epoch:106, train_loss:0.7581, val_auc:0.9730, val_ap: 0.9812
2023-04-04 18:01:59,610 - Epoch:107, train_loss:0.7530, val_auc:0.9731, val_ap: 0.9812
2023-04-04 18:02:00,038 - Epoch:108, train_loss:0.7503, val_auc:0.9729, val_ap: 0.9811
2023-04-04 18:02:00,462 - Epoch:109, train_loss:0.7489, val_auc:0.9729, val_ap: 0.9811
2023-04-04 18:02:00,893 - Epoch:110, train_loss:0.7475, val_auc:0.9728, val_ap: 0.9810
2023-04-04 18:02:01,315 - Epoch:111, train_loss:0.7513, val_auc:0.9729, val_ap: 0.9811
2023-04-04 18:02:01,732 - Epoch:112, train_loss:0.7499, val_auc:0.9729, val_ap: 0.9810
2023-04-04 18:02:02,149 - Epoch:113, train_loss:0.7532, val_auc:0.9729, val_ap: 0.9810
2023-04-04 18:02:02,555 - Epoch:114, train_loss:0.7534, val_auc:0.9727, val_ap: 0.9809
2023-04-04 18:02:02,986 - Epoch:115, train_loss:0.7522, val_auc:0.9728, val_ap: 0.9810
2023-04-04 18:02:03,398 - Epoch:116, train_loss:0.7447, val_auc:0.9727, val_ap: 0.9809
2023-04-04 18:02:03,803 - Epoch:117, train_loss:0.7476, val_auc:0.9725, val_ap: 0.9809
2023-04-04 18:02:04,218 - Epoch:118, train_loss:0.7471, val_auc:0.9724, val_ap: 0.9809
2023-04-04 18:02:04,633 - Epoch:119, train_loss:0.7503, val_auc:0.9724, val_ap: 0.9808
2023-04-04 18:02:05,044 - Epoch:120, train_loss:0.7465, val_auc:0.9725, val_ap: 0.9809
2023-04-04 18:02:05,463 - Epoch:121, train_loss:0.7481, val_auc:0.9723, val_ap: 0.9808
2023-04-04 18:02:05,894 - Epoch:122, train_loss:0.7426, val_auc:0.9722, val_ap: 0.9807
2023-04-04 18:02:06,309 - Epoch:123, train_loss:0.7500, val_auc:0.9722, val_ap: 0.9807
2023-04-04 18:02:06,730 - Epoch:124, train_loss:0.7462, val_auc:0.9723, val_ap: 0.9807
2023-04-04 18:02:07,146 - Epoch:125, train_loss:0.7504, val_auc:0.9724, val_ap: 0.9807
2023-04-04 18:02:07,566 - Epoch:126, train_loss:0.7442, val_auc:0.9724, val_ap: 0.9807
2023-04-04 18:02:07,986 - Epoch:127, train_loss:0.7492, val_auc:0.9724, val_ap: 0.9807
2023-04-04 18:02:08,409 - Epoch:128, train_loss:0.7484, val_auc:0.9721, val_ap: 0.9805
2023-04-04 18:02:08,831 - Epoch:129, train_loss:0.7466, val_auc:0.9721, val_ap: 0.9805
2023-04-04 18:02:09,262 - Epoch:130, train_loss:0.7497, val_auc:0.9722, val_ap: 0.9805
2023-04-04 18:02:09,651 - Epoch:131, train_loss:0.7460, val_auc:0.9721, val_ap: 0.9804
2023-04-04 18:02:10,066 - Epoch:132, train_loss:0.7483, val_auc:0.9719, val_ap: 0.9803
2023-04-04 18:02:10,452 - Epoch:133, train_loss:0.7436, val_auc:0.9719, val_ap: 0.9802
2023-04-04 18:02:10,857 - Epoch:134, train_loss:0.7524, val_auc:0.9716, val_ap: 0.9801
2023-04-04 18:02:11,244 - Epoch:135, train_loss:0.7444, val_auc:0.9713, val_ap: 0.9799
2023-04-04 18:02:11,656 - Epoch:136, train_loss:0.7409, val_auc:0.9711, val_ap: 0.9797
2023-04-04 18:02:12,038 - Epoch:137, train_loss:0.7466, val_auc:0.9710, val_ap: 0.9797
2023-04-04 18:02:12,437 - Epoch:138, train_loss:0.7442, val_auc:0.9712, val_ap: 0.9798
2023-04-04 18:02:12,838 - Epoch:139, train_loss:0.7428, val_auc:0.9713, val_ap: 0.9798
2023-04-04 18:02:13,269 - Epoch:140, train_loss:0.7458, val_auc:0.9712, val_ap: 0.9798
2023-04-04 18:02:13,688 - Epoch:141, train_loss:0.7455, val_auc:0.9712, val_ap: 0.9799
2023-04-04 18:02:14,087 - Epoch:142, train_loss:0.7517, val_auc:0.9711, val_ap: 0.9798
2023-04-04 18:02:14,499 - Epoch:143, train_loss:0.7398, val_auc:0.9707, val_ap: 0.9797
2023-04-04 18:02:14,902 - Epoch:144, train_loss:0.7450, val_auc:0.9707, val_ap: 0.9797
2023-04-04 18:02:15,310 - Epoch:145, train_loss:0.7428, val_auc:0.9708, val_ap: 0.9798
2023-04-04 18:02:15,721 - Epoch:146, train_loss:0.7491, val_auc:0.9710, val_ap: 0.9798
2023-04-04 18:02:16,136 - Epoch:147, train_loss:0.7449, val_auc:0.9713, val_ap: 0.9800
2023-04-04 18:02:16,540 - Epoch:148, train_loss:0.7396, val_auc:0.9716, val_ap: 0.9801
2023-04-04 18:02:16,962 - Epoch:149, train_loss:0.7488, val_auc:0.9714, val_ap: 0.9800
2023-04-04 18:02:17,370 - Epoch:150, train_loss:0.7485, val_auc:0.9711, val_ap: 0.9798
2023-04-04 18:02:17,801 - Epoch:151, train_loss:0.7500, val_auc:0.9708, val_ap: 0.9797
2023-04-04 18:02:18,218 - Epoch:152, train_loss:0.7437, val_auc:0.9707, val_ap: 0.9797
2023-04-04 18:02:18,635 - Epoch:153, train_loss:0.7418, val_auc:0.9706, val_ap: 0.9796
2023-04-04 18:02:19,052 - Epoch:154, train_loss:0.7437, val_auc:0.9707, val_ap: 0.9797
2023-04-04 18:02:19,360 - Epoch:155, train_loss:0.7431, val_auc:0.9709, val_ap: 0.9798
2023-04-04 18:02:19,648 - Epoch:156, train_loss:0.7411, val_auc:0.9709, val_ap: 0.9798
2023-04-04 18:02:19,985 - Epoch:157, train_loss:0.7388, val_auc:0.9707, val_ap: 0.9796
2023-04-04 18:02:20,339 - Epoch:158, train_loss:0.7451, val_auc:0.9705, val_ap: 0.9795
2023-04-04 18:02:20,671 - Epoch:159, train_loss:0.7449, val_auc:0.9703, val_ap: 0.9794
2023-04-04 18:02:21,016 - Epoch:160, train_loss:0.7419, val_auc:0.9702, val_ap: 0.9793
2023-04-04 18:02:21,362 - Epoch:161, train_loss:0.7450, val_auc:0.9702, val_ap: 0.9793
2023-04-04 18:02:21,702 - Epoch:162, train_loss:0.7441, val_auc:0.9705, val_ap: 0.9795
2023-04-04 18:02:21,975 - Epoch:163, train_loss:0.7446, val_auc:0.9708, val_ap: 0.9797
2023-04-04 18:02:22,231 - Epoch:164, train_loss:0.7450, val_auc:0.9712, val_ap: 0.9799
2023-04-04 18:02:22,521 - Epoch:165, train_loss:0.7457, val_auc:0.9713, val_ap: 0.9799
2023-04-04 18:02:22,770 - Epoch:166, train_loss:0.7403, val_auc:0.9711, val_ap: 0.9798
2023-04-04 18:02:23,050 - Epoch:167, train_loss:0.7410, val_auc:0.9709, val_ap: 0.9797
2023-04-04 18:02:23,368 - Epoch:168, train_loss:0.7421, val_auc:0.9709, val_ap: 0.9796
2023-04-04 18:02:23,693 - Epoch:169, train_loss:0.7382, val_auc:0.9709, val_ap: 0.9796
2023-04-04 18:02:23,959 - Epoch:170, train_loss:0.7394, val_auc:0.9710, val_ap: 0.9796
2023-04-04 18:02:24,230 - Epoch:171, train_loss:0.7428, val_auc:0.9712, val_ap: 0.9798
2023-04-04 18:02:24,543 - Epoch:172, train_loss:0.7404, val_auc:0.9711, val_ap: 0.9796
2023-04-04 18:02:24,787 - Epoch:173, train_loss:0.7393, val_auc:0.9711, val_ap: 0.9796
2023-04-04 18:02:25,045 - Epoch:174, train_loss:0.7348, val_auc:0.9712, val_ap: 0.9797
2023-04-04 18:02:25,325 - Epoch:175, train_loss:0.7447, val_auc:0.9714, val_ap: 0.9797
2023-04-04 18:02:25,652 - Epoch:176, train_loss:0.7387, val_auc:0.9713, val_ap: 0.9797
2023-04-04 18:02:26,080 - Epoch:177, train_loss:0.7455, val_auc:0.9714, val_ap: 0.9797
2023-04-04 18:02:26,497 - Epoch:178, train_loss:0.7423, val_auc:0.9715, val_ap: 0.9798
2023-04-04 18:02:26,924 - Epoch:179, train_loss:0.7382, val_auc:0.9715, val_ap: 0.9797
2023-04-04 18:02:27,347 - Epoch:180, train_loss:0.7413, val_auc:0.9716, val_ap: 0.9798
2023-04-04 18:02:27,773 - Epoch:181, train_loss:0.7396, val_auc:0.9719, val_ap: 0.9798
2023-04-04 18:02:28,188 - Epoch:182, train_loss:0.7358, val_auc:0.9721, val_ap: 0.9799
2023-04-04 18:02:28,613 - Epoch:183, train_loss:0.7373, val_auc:0.9725, val_ap: 0.9801
2023-04-04 18:02:29,034 - Epoch:184, train_loss:0.7377, val_auc:0.9727, val_ap: 0.9802
2023-04-04 18:02:29,445 - Epoch:185, train_loss:0.7396, val_auc:0.9727, val_ap: 0.9802
2023-04-04 18:02:29,871 - Epoch:186, train_loss:0.7407, val_auc:0.9728, val_ap: 0.9802
2023-04-04 18:02:30,292 - Epoch:187, train_loss:0.7399, val_auc:0.9726, val_ap: 0.9801
2023-04-04 18:02:30,719 - Epoch:188, train_loss:0.7437, val_auc:0.9726, val_ap: 0.9801
2023-04-04 18:02:31,140 - Epoch:189, train_loss:0.7400, val_auc:0.9727, val_ap: 0.9802
2023-04-04 18:02:31,564 - Epoch:190, train_loss:0.7402, val_auc:0.9729, val_ap: 0.9803
2023-04-04 18:02:31,978 - Epoch:191, train_loss:0.7390, val_auc:0.9729, val_ap: 0.9802
2023-04-04 18:02:32,396 - Epoch:192, train_loss:0.7366, val_auc:0.9729, val_ap: 0.9802
2023-04-04 18:02:32,821 - Epoch:193, train_loss:0.7398, val_auc:0.9728, val_ap: 0.9800
2023-04-04 18:02:33,246 - Epoch:194, train_loss:0.7348, val_auc:0.9725, val_ap: 0.9798
2023-04-04 18:02:33,670 - Epoch:195, train_loss:0.7412, val_auc:0.9722, val_ap: 0.9796
2023-04-04 18:02:34,087 - Epoch:196, train_loss:0.7349, val_auc:0.9721, val_ap: 0.9795
2023-04-04 18:02:34,515 - Epoch:197, train_loss:0.7372, val_auc:0.9720, val_ap: 0.9795
2023-04-04 18:02:34,937 - Epoch:198, train_loss:0.7439, val_auc:0.9720, val_ap: 0.9794
2023-04-04 18:02:35,353 - Epoch:199, train_loss:0.7438, val_auc:0.9722, val_ap: 0.9796
2023-04-04 18:02:35,355 - final results:
2023-04-04 18:02:35,356 - ====================================================================================
2023-04-04 18:02:35,356 - AUC:0.9851+-0.0007 [0.9857263615505374, 0.9858277985750512, 0.9855476391740129, 0.9843931892283541, 0.9841903151793262]
2023-04-04 18:02:35,356 - AP:0.9864+-0.0011 [0.9876474722952615, 0.9869390222860389, 0.9871835984326917, 0.9854171403521509, 0.9847151793736215]
