2023-04-22 14:34:33,340 - args: Namespace(dataset='Texas', datapath='../dataset', log_dir='logs/', name='debug', epoch=200, model_lr=0.01, mi_lr=0.003, alpha=0.01, k=5, x_dim=64, mi_iter=5, routit=3, val_frac=0.05, test_frac=0.1, dropout=0, model='GAE', mi_est='CLUBSample', gpu=-1, trails=5, seed=-1, verbose=1, argv=['/home/dell/zxj/VGDAE_TNNLS_1/VGDAE/Updata/other_dataset/DGAE/main.py'], device=device(type='cuda', index=1))
2023-04-22 14:34:36,767 - Epoch:000, train_loss:4.9828, val_auc:0.7531, val_ap: 0.7297, text_auc:0.5988, text_ap: 0.6581
2023-04-22 14:34:37,085 - Epoch:001, train_loss:3.9733, val_auc:0.7778, val_ap: 0.7408, text_auc:0.5802, text_ap: 0.6262
2023-04-22 14:34:37,412 - Epoch:002, train_loss:3.7607, val_auc:0.7654, val_ap: 0.7474
2023-04-22 14:34:37,744 - Epoch:003, train_loss:2.9232, val_auc:0.6914, val_ap: 0.6764
2023-04-22 14:34:38,063 - Epoch:004, train_loss:2.1287, val_auc:0.6173, val_ap: 0.6757
2023-04-22 14:34:38,389 - Epoch:005, train_loss:1.4565, val_auc:0.5926, val_ap: 0.6661
2023-04-22 14:34:38,742 - Epoch:006, train_loss:1.6101, val_auc:0.6049, val_ap: 0.6807
2023-04-22 14:34:39,066 - Epoch:007, train_loss:1.6023, val_auc:0.6543, val_ap: 0.7514
2023-04-22 14:34:39,405 - Epoch:008, train_loss:1.2724, val_auc:0.6173, val_ap: 0.7363
2023-04-22 14:34:39,726 - Epoch:009, train_loss:1.2713, val_auc:0.6543, val_ap: 0.7517
2023-04-22 14:34:40,055 - Epoch:010, train_loss:1.2624, val_auc:0.7284, val_ap: 0.7834
2023-04-22 14:34:40,395 - Epoch:011, train_loss:1.3556, val_auc:0.7407, val_ap: 0.7962, text_auc:0.6636, text_ap: 0.6345
2023-04-22 14:34:40,725 - Epoch:012, train_loss:1.1783, val_auc:0.7160, val_ap: 0.7872
2023-04-22 14:34:41,043 - Epoch:013, train_loss:1.1159, val_auc:0.7037, val_ap: 0.7653
2023-04-22 14:34:41,360 - Epoch:014, train_loss:1.0163, val_auc:0.7037, val_ap: 0.7547
2023-04-22 14:34:41,677 - Epoch:015, train_loss:0.9788, val_auc:0.7160, val_ap: 0.7596
2023-04-22 14:34:41,994 - Epoch:016, train_loss:0.9905, val_auc:0.7037, val_ap: 0.7490
2023-04-22 14:34:42,311 - Epoch:017, train_loss:1.0265, val_auc:0.6914, val_ap: 0.7212
2023-04-22 14:34:42,629 - Epoch:018, train_loss:1.0961, val_auc:0.7037, val_ap: 0.7269
2023-04-22 14:34:42,945 - Epoch:019, train_loss:1.0787, val_auc:0.7037, val_ap: 0.7269
2023-04-22 14:34:43,259 - Epoch:020, train_loss:0.9989, val_auc:0.7037, val_ap: 0.7269
2023-04-22 14:34:43,578 - Epoch:021, train_loss:1.0709, val_auc:0.7160, val_ap: 0.7311
2023-04-22 14:34:43,891 - Epoch:022, train_loss:0.9764, val_auc:0.7037, val_ap: 0.7254
2023-04-22 14:34:44,212 - Epoch:023, train_loss:1.1604, val_auc:0.7284, val_ap: 0.7614
2023-04-22 14:34:44,531 - Epoch:024, train_loss:0.9617, val_auc:0.7654, val_ap: 0.7919, text_auc:0.6327, text_ap: 0.6142
2023-04-22 14:34:44,852 - Epoch:025, train_loss:0.9134, val_auc:0.7778, val_ap: 0.8011, text_auc:0.6420, text_ap: 0.6253
2023-04-22 14:34:45,166 - Epoch:026, train_loss:1.0139, val_auc:0.7778, val_ap: 0.8011
2023-04-22 14:34:45,482 - Epoch:027, train_loss:1.0142, val_auc:0.7654, val_ap: 0.7863
2023-04-22 14:34:45,795 - Epoch:028, train_loss:0.9670, val_auc:0.7531, val_ap: 0.7806
2023-04-22 14:34:46,109 - Epoch:029, train_loss:0.9985, val_auc:0.7654, val_ap: 0.7877
2023-04-22 14:34:46,425 - Epoch:030, train_loss:1.0667, val_auc:0.7284, val_ap: 0.7637
2023-04-22 14:34:46,741 - Epoch:031, train_loss:0.9465, val_auc:0.7407, val_ap: 0.7752
2023-04-22 14:34:47,054 - Epoch:032, train_loss:1.0130, val_auc:0.7160, val_ap: 0.7403
2023-04-22 14:34:47,371 - Epoch:033, train_loss:0.8641, val_auc:0.6914, val_ap: 0.7180
2023-04-22 14:34:47,692 - Epoch:034, train_loss:0.9948, val_auc:0.6790, val_ap: 0.7106
2023-04-22 14:34:48,009 - Epoch:035, train_loss:0.8411, val_auc:0.6667, val_ap: 0.7177
2023-04-22 14:34:48,326 - Epoch:036, train_loss:0.9164, val_auc:0.6914, val_ap: 0.7491
2023-04-22 14:34:48,643 - Epoch:037, train_loss:1.0109, val_auc:0.7037, val_ap: 0.7493
2023-04-22 14:34:48,958 - Epoch:038, train_loss:0.9179, val_auc:0.7160, val_ap: 0.7540
2023-04-22 14:34:49,276 - Epoch:039, train_loss:0.8962, val_auc:0.7407, val_ap: 0.7714
2023-04-22 14:34:49,597 - Epoch:040, train_loss:0.9137, val_auc:0.7654, val_ap: 0.8084
2023-04-22 14:34:49,918 - Epoch:041, train_loss:1.0323, val_auc:0.7654, val_ap: 0.8084
2023-04-22 14:34:50,249 - Epoch:042, train_loss:0.9009, val_auc:0.7407, val_ap: 0.7788
2023-04-22 14:34:50,576 - Epoch:043, train_loss:0.9497, val_auc:0.7284, val_ap: 0.7614
2023-04-22 14:34:50,891 - Epoch:044, train_loss:0.8804, val_auc:0.7160, val_ap: 0.7555
2023-04-22 14:34:51,208 - Epoch:045, train_loss:0.9541, val_auc:0.7037, val_ap: 0.7508
2023-04-22 14:34:51,525 - Epoch:046, train_loss:0.8755, val_auc:0.7037, val_ap: 0.7508
2023-04-22 14:34:51,843 - Epoch:047, train_loss:0.8456, val_auc:0.7037, val_ap: 0.7508
2023-04-22 14:34:52,158 - Epoch:048, train_loss:0.9299, val_auc:0.7037, val_ap: 0.7508
2023-04-22 14:34:52,471 - Epoch:049, train_loss:0.8523, val_auc:0.6790, val_ap: 0.7429
2023-04-22 14:34:52,800 - Epoch:050, train_loss:0.8971, val_auc:0.6296, val_ap: 0.6968
2023-04-22 14:34:53,114 - Epoch:051, train_loss:0.9353, val_auc:0.6420, val_ap: 0.7116
2023-04-22 14:34:53,428 - Epoch:052, train_loss:0.8388, val_auc:0.6420, val_ap: 0.7116
2023-04-22 14:34:53,742 - Epoch:053, train_loss:0.9332, val_auc:0.6543, val_ap: 0.7394
2023-04-22 14:34:54,058 - Epoch:054, train_loss:0.8271, val_auc:0.6420, val_ap: 0.7246
2023-04-22 14:34:54,372 - Epoch:055, train_loss:0.9121, val_auc:0.6543, val_ap: 0.7226
2023-04-22 14:34:54,684 - Epoch:056, train_loss:0.9674, val_auc:0.6543, val_ap: 0.7226
2023-04-22 14:34:54,998 - Epoch:057, train_loss:0.9812, val_auc:0.6543, val_ap: 0.7226
2023-04-22 14:34:55,317 - Epoch:058, train_loss:0.8187, val_auc:0.6296, val_ap: 0.7127
2023-04-22 14:34:55,632 - Epoch:059, train_loss:0.9592, val_auc:0.6173, val_ap: 0.7076
2023-04-22 14:34:55,951 - Epoch:060, train_loss:0.8139, val_auc:0.6049, val_ap: 0.7103
2023-04-22 14:34:56,280 - Epoch:061, train_loss:0.9508, val_auc:0.5926, val_ap: 0.7066
2023-04-22 14:34:56,598 - Epoch:062, train_loss:0.8921, val_auc:0.6049, val_ap: 0.7165
2023-04-22 14:34:56,918 - Epoch:063, train_loss:0.9884, val_auc:0.6049, val_ap: 0.7103
2023-04-22 14:34:57,241 - Epoch:064, train_loss:0.8917, val_auc:0.6296, val_ap: 0.7288
2023-04-22 14:34:57,559 - Epoch:065, train_loss:0.8632, val_auc:0.6173, val_ap: 0.7245
2023-04-22 14:34:57,886 - Epoch:066, train_loss:0.9060, val_auc:0.6049, val_ap: 0.7214
2023-04-22 14:34:58,210 - Epoch:067, train_loss:0.8817, val_auc:0.6049, val_ap: 0.7214
2023-04-22 14:34:58,527 - Epoch:068, train_loss:0.9632, val_auc:0.5926, val_ap: 0.7182
2023-04-22 14:34:58,844 - Epoch:069, train_loss:0.9336, val_auc:0.5679, val_ap: 0.7001
2023-04-22 14:34:59,173 - Epoch:070, train_loss:0.9138, val_auc:0.5802, val_ap: 0.7108
2023-04-22 14:34:59,498 - Epoch:071, train_loss:0.8562, val_auc:0.6420, val_ap: 0.7405
2023-04-22 14:34:59,825 - Epoch:072, train_loss:0.9236, val_auc:0.6173, val_ap: 0.7275
2023-04-22 14:35:00,151 - Epoch:073, train_loss:0.8215, val_auc:0.5802, val_ap: 0.7084
2023-04-22 14:35:00,464 - Epoch:074, train_loss:0.9128, val_auc:0.5926, val_ap: 0.7232
2023-04-22 14:35:00,779 - Epoch:075, train_loss:0.8444, val_auc:0.6173, val_ap: 0.7487
2023-04-22 14:35:01,102 - Epoch:076, train_loss:0.8120, val_auc:0.6296, val_ap: 0.7524
2023-04-22 14:35:01,424 - Epoch:077, train_loss:0.9031, val_auc:0.6049, val_ap: 0.7203
2023-04-22 14:35:01,746 - Epoch:078, train_loss:0.8716, val_auc:0.5802, val_ap: 0.7089
2023-04-22 14:35:02,064 - Epoch:079, train_loss:0.9186, val_auc:0.5556, val_ap: 0.6994
2023-04-22 14:35:02,390 - Epoch:080, train_loss:0.8796, val_auc:0.5432, val_ap: 0.6838
2023-04-22 14:35:02,710 - Epoch:081, train_loss:0.9406, val_auc:0.5432, val_ap: 0.6808
2023-04-22 14:35:03,030 - Epoch:082, train_loss:0.9503, val_auc:0.5679, val_ap: 0.7052
2023-04-22 14:35:03,350 - Epoch:083, train_loss:0.9458, val_auc:0.5556, val_ap: 0.6990
2023-04-22 14:35:03,664 - Epoch:084, train_loss:0.8152, val_auc:0.5802, val_ap: 0.7249
2023-04-22 14:35:03,980 - Epoch:085, train_loss:0.9152, val_auc:0.5185, val_ap: 0.7054
2023-04-22 14:35:04,307 - Epoch:086, train_loss:0.9327, val_auc:0.5432, val_ap: 0.7124
2023-04-22 14:35:04,625 - Epoch:087, train_loss:0.9265, val_auc:0.5309, val_ap: 0.6902
2023-04-22 14:35:04,943 - Epoch:088, train_loss:0.9516, val_auc:0.5309, val_ap: 0.6902
2023-04-22 14:35:05,257 - Epoch:089, train_loss:0.8792, val_auc:0.4815, val_ap: 0.6507
2023-04-22 14:35:05,573 - Epoch:090, train_loss:0.8313, val_auc:0.4938, val_ap: 0.6549
2023-04-22 14:35:05,889 - Epoch:091, train_loss:0.9046, val_auc:0.5062, val_ap: 0.6585
2023-04-22 14:35:06,202 - Epoch:092, train_loss:0.8905, val_auc:0.5309, val_ap: 0.6738
2023-04-22 14:35:06,519 - Epoch:093, train_loss:0.9463, val_auc:0.5432, val_ap: 0.6844
2023-04-22 14:35:06,835 - Epoch:094, train_loss:0.8413, val_auc:0.5309, val_ap: 0.6907
2023-04-22 14:35:07,147 - Epoch:095, train_loss:0.9169, val_auc:0.5185, val_ap: 0.6865
2023-04-22 14:35:07,459 - Epoch:096, train_loss:0.8790, val_auc:0.5185, val_ap: 0.6865
2023-04-22 14:35:07,758 - Epoch:097, train_loss:0.8801, val_auc:0.5309, val_ap: 0.7087
2023-04-22 14:35:07,914 - Epoch:098, train_loss:0.8556, val_auc:0.5309, val_ap: 0.7096
2023-04-22 14:35:08,066 - Epoch:099, train_loss:0.8439, val_auc:0.5556, val_ap: 0.7019
2023-04-22 14:35:08,219 - Epoch:100, train_loss:0.8511, val_auc:0.5802, val_ap: 0.7099
2023-04-22 14:35:08,371 - Epoch:101, train_loss:0.9449, val_auc:0.6049, val_ap: 0.7184
2023-04-22 14:35:08,523 - Epoch:102, train_loss:0.9233, val_auc:0.5926, val_ap: 0.7122
2023-04-22 14:35:08,676 - Epoch:103, train_loss:0.8548, val_auc:0.5802, val_ap: 0.7062
2023-04-22 14:35:08,824 - Epoch:104, train_loss:0.8643, val_auc:0.5432, val_ap: 0.6934
2023-04-22 14:35:08,949 - Epoch:105, train_loss:0.8532, val_auc:0.5062, val_ap: 0.6824
2023-04-22 14:35:09,073 - Epoch:106, train_loss:0.8911, val_auc:0.5185, val_ap: 0.6870
2023-04-22 14:35:09,196 - Epoch:107, train_loss:0.8981, val_auc:0.5062, val_ap: 0.6855
2023-04-22 14:35:09,320 - Epoch:108, train_loss:0.9130, val_auc:0.5309, val_ap: 0.6948
2023-04-22 14:35:09,444 - Epoch:109, train_loss:0.8810, val_auc:0.5432, val_ap: 0.6981
2023-04-22 14:35:09,563 - Epoch:110, train_loss:0.8728, val_auc:0.5556, val_ap: 0.7043
2023-04-22 14:35:09,688 - Epoch:111, train_loss:1.0042, val_auc:0.6173, val_ap: 0.7293
2023-04-22 14:35:09,811 - Epoch:112, train_loss:0.9541, val_auc:0.6543, val_ap: 0.7345
2023-04-22 14:35:09,938 - Epoch:113, train_loss:0.8907, val_auc:0.6420, val_ap: 0.7205
2023-04-22 14:35:10,058 - Epoch:114, train_loss:0.8702, val_auc:0.6049, val_ap: 0.7068
2023-04-22 14:35:10,189 - Epoch:115, train_loss:0.8646, val_auc:0.5432, val_ap: 0.6742
2023-04-22 14:35:10,313 - Epoch:116, train_loss:0.9231, val_auc:0.5062, val_ap: 0.6612
2023-04-22 14:35:10,442 - Epoch:117, train_loss:0.8585, val_auc:0.4815, val_ap: 0.6601
2023-04-22 14:35:10,561 - Epoch:118, train_loss:0.8497, val_auc:0.4815, val_ap: 0.6787
2023-04-22 14:35:10,683 - Epoch:119, train_loss:0.9528, val_auc:0.4815, val_ap: 0.6787
2023-04-22 14:35:10,806 - Epoch:120, train_loss:0.8157, val_auc:0.5062, val_ap: 0.7071
2023-04-22 14:35:10,928 - Epoch:121, train_loss:0.8630, val_auc:0.5062, val_ap: 0.7041
2023-04-22 14:35:11,047 - Epoch:122, train_loss:0.8385, val_auc:0.5309, val_ap: 0.7110
2023-04-22 14:35:11,171 - Epoch:123, train_loss:0.8348, val_auc:0.5309, val_ap: 0.6930
2023-04-22 14:35:11,298 - Epoch:124, train_loss:0.9167, val_auc:0.5309, val_ap: 0.6917
2023-04-22 14:35:11,418 - Epoch:125, train_loss:0.8542, val_auc:0.5062, val_ap: 0.6717
2023-04-22 14:35:11,542 - Epoch:126, train_loss:0.8608, val_auc:0.4938, val_ap: 0.6676
2023-04-22 14:35:11,670 - Epoch:127, train_loss:0.9189, val_auc:0.4691, val_ap: 0.6607
2023-04-22 14:35:11,796 - Epoch:128, train_loss:0.9791, val_auc:0.4444, val_ap: 0.6659
2023-04-22 14:35:11,920 - Epoch:129, train_loss:0.8717, val_auc:0.4568, val_ap: 0.6881
2023-04-22 14:35:12,045 - Epoch:130, train_loss:0.7824, val_auc:0.4568, val_ap: 0.6881
2023-04-22 14:35:12,173 - Epoch:131, train_loss:0.8711, val_auc:0.4444, val_ap: 0.6659
2023-04-22 14:35:12,298 - Epoch:132, train_loss:0.8537, val_auc:0.4444, val_ap: 0.6659
2023-04-22 14:35:12,427 - Epoch:133, train_loss:0.8787, val_auc:0.4444, val_ap: 0.6542
2023-04-22 14:35:12,546 - Epoch:134, train_loss:0.9202, val_auc:0.4938, val_ap: 0.6439
2023-04-22 14:35:12,669 - Epoch:135, train_loss:0.8532, val_auc:0.4938, val_ap: 0.6439
2023-04-22 14:35:12,792 - Epoch:136, train_loss:0.8809, val_auc:0.4938, val_ap: 0.6676
2023-04-22 14:35:12,924 - Epoch:137, train_loss:0.9841, val_auc:0.5062, val_ap: 0.6824
2023-04-22 14:35:13,043 - Epoch:138, train_loss:0.8318, val_auc:0.4815, val_ap: 0.6948
2023-04-22 14:35:13,170 - Epoch:139, train_loss:0.8512, val_auc:0.4815, val_ap: 0.6948
2023-04-22 14:35:13,290 - Epoch:140, train_loss:0.9411, val_auc:0.5062, val_ap: 0.7017
2023-04-22 14:35:13,414 - Epoch:141, train_loss:0.8665, val_auc:0.4938, val_ap: 0.6981
2023-04-22 14:35:13,532 - Epoch:142, train_loss:0.8893, val_auc:0.4938, val_ap: 0.6985
2023-04-22 14:35:13,655 - Epoch:143, train_loss:0.8821, val_auc:0.4444, val_ap: 0.6659
2023-04-22 14:35:13,782 - Epoch:144, train_loss:0.8149, val_auc:0.4691, val_ap: 0.6490
2023-04-22 14:35:13,906 - Epoch:145, train_loss:0.8223, val_auc:0.4568, val_ap: 0.6448
2023-04-22 14:35:14,030 - Epoch:146, train_loss:0.9435, val_auc:0.4815, val_ap: 0.6513
2023-04-22 14:35:14,224 - Epoch:147, train_loss:0.8868, val_auc:0.5062, val_ap: 0.6588
2023-04-22 14:35:14,535 - Epoch:148, train_loss:0.8140, val_auc:0.5062, val_ap: 0.6824
2023-04-22 14:35:14,848 - Epoch:149, train_loss:0.8952, val_auc:0.5062, val_ap: 0.6824
2023-04-22 14:35:15,160 - Epoch:150, train_loss:0.9488, val_auc:0.5432, val_ap: 0.7120
2023-04-22 14:35:15,472 - Epoch:151, train_loss:0.8642, val_auc:0.5432, val_ap: 0.7120
2023-04-22 14:35:15,784 - Epoch:152, train_loss:0.8716, val_auc:0.5185, val_ap: 0.6860
2023-04-22 14:35:16,096 - Epoch:153, train_loss:0.8626, val_auc:0.4938, val_ap: 0.6791
2023-04-22 14:35:16,408 - Epoch:154, train_loss:0.8414, val_auc:0.4691, val_ap: 0.6723
2023-04-22 14:35:16,730 - Epoch:155, train_loss:0.9300, val_auc:0.4568, val_ap: 0.6690
2023-04-22 14:35:17,042 - Epoch:156, train_loss:0.8777, val_auc:0.4568, val_ap: 0.6445
2023-04-22 14:35:17,355 - Epoch:157, train_loss:0.9183, val_auc:0.4568, val_ap: 0.6445
2023-04-22 14:35:17,667 - Epoch:158, train_loss:0.8236, val_auc:0.4691, val_ap: 0.6478
2023-04-22 14:35:17,980 - Epoch:159, train_loss:0.9067, val_auc:0.4938, val_ap: 0.6978
2023-04-22 14:35:18,291 - Epoch:160, train_loss:0.8684, val_auc:0.5432, val_ap: 0.7153
2023-04-22 14:35:18,603 - Epoch:161, train_loss:0.8702, val_auc:0.6173, val_ap: 0.7576
2023-04-22 14:35:18,915 - Epoch:162, train_loss:0.8334, val_auc:0.6420, val_ap: 0.7705
2023-04-22 14:35:19,227 - Epoch:163, train_loss:0.9348, val_auc:0.6296, val_ap: 0.7441
2023-04-22 14:35:19,539 - Epoch:164, train_loss:0.9358, val_auc:0.5556, val_ap: 0.7157
2023-04-22 14:35:19,850 - Epoch:165, train_loss:0.8709, val_auc:0.5432, val_ap: 0.7124
2023-04-22 14:35:20,169 - Epoch:166, train_loss:0.8978, val_auc:0.5185, val_ap: 0.6865
2023-04-22 14:35:20,488 - Epoch:167, train_loss:0.8343, val_auc:0.5062, val_ap: 0.6828
2023-04-22 14:35:20,809 - Epoch:168, train_loss:0.8731, val_auc:0.4938, val_ap: 0.6791
2023-04-22 14:35:21,123 - Epoch:169, train_loss:0.8136, val_auc:0.5062, val_ap: 0.6833
2023-04-22 14:35:21,441 - Epoch:170, train_loss:0.8821, val_auc:0.5309, val_ap: 0.6907
2023-04-22 14:35:21,755 - Epoch:171, train_loss:0.9422, val_auc:0.5185, val_ap: 0.6865
2023-04-22 14:35:22,067 - Epoch:172, train_loss:0.8365, val_auc:0.5185, val_ap: 0.6865
2023-04-22 14:35:22,382 - Epoch:173, train_loss:0.8084, val_auc:0.5309, val_ap: 0.6907
2023-04-22 14:35:22,698 - Epoch:174, train_loss:0.8174, val_auc:0.5309, val_ap: 0.7092
2023-04-22 14:35:23,013 - Epoch:175, train_loss:0.8551, val_auc:0.5185, val_ap: 0.7050
2023-04-22 14:35:23,328 - Epoch:176, train_loss:0.9128, val_auc:0.5185, val_ap: 0.7050
2023-04-22 14:35:23,653 - Epoch:177, train_loss:0.8586, val_auc:0.5062, val_ap: 0.6828
2023-04-22 14:35:23,980 - Epoch:178, train_loss:0.8365, val_auc:0.4815, val_ap: 0.6755
2023-04-22 14:35:24,295 - Epoch:179, train_loss:0.9088, val_auc:0.4815, val_ap: 0.6755
2023-04-22 14:35:24,613 - Epoch:180, train_loss:0.8422, val_auc:0.4815, val_ap: 0.6755
2023-04-22 14:35:24,940 - Epoch:181, train_loss:0.8537, val_auc:0.4815, val_ap: 0.6755
2023-04-22 14:35:25,261 - Epoch:182, train_loss:0.8804, val_auc:0.4938, val_ap: 0.6978
2023-04-22 14:35:25,593 - Epoch:183, train_loss:0.8394, val_auc:0.4938, val_ap: 0.6978
2023-04-22 14:35:25,922 - Epoch:184, train_loss:0.8613, val_auc:0.4938, val_ap: 0.6978
2023-04-22 14:35:26,248 - Epoch:185, train_loss:0.9130, val_auc:0.4938, val_ap: 0.6978
2023-04-22 14:35:26,570 - Epoch:186, train_loss:0.8873, val_auc:0.4815, val_ap: 0.6755
2023-04-22 14:35:26,895 - Epoch:187, train_loss:0.7898, val_auc:0.4568, val_ap: 0.6501
2023-04-22 14:35:27,224 - Epoch:188, train_loss:0.8860, val_auc:0.4568, val_ap: 0.6501
2023-04-22 14:35:27,551 - Epoch:189, train_loss:0.9507, val_auc:0.4691, val_ap: 0.6607
2023-04-22 14:35:27,881 - Epoch:190, train_loss:0.7952, val_auc:0.4938, val_ap: 0.6978
2023-04-22 14:35:28,206 - Epoch:191, train_loss:0.8290, val_auc:0.5062, val_ap: 0.7013
2023-04-22 14:35:28,529 - Epoch:192, train_loss:0.8857, val_auc:0.5185, val_ap: 0.7055
2023-04-22 14:35:28,852 - Epoch:193, train_loss:0.8454, val_auc:0.4938, val_ap: 0.6978
2023-04-22 14:35:29,173 - Epoch:194, train_loss:0.8211, val_auc:0.4815, val_ap: 0.6755
2023-04-22 14:35:29,510 - Epoch:195, train_loss:0.8205, val_auc:0.4691, val_ap: 0.6607
2023-04-22 14:35:29,830 - Epoch:196, train_loss:0.8342, val_auc:0.4198, val_ap: 0.6083
2023-04-22 14:35:30,149 - Epoch:197, train_loss:0.8842, val_auc:0.4198, val_ap: 0.6069
2023-04-22 14:35:30,469 - Epoch:198, train_loss:0.8364, val_auc:0.4444, val_ap: 0.6050
2023-04-22 14:35:30,789 - Epoch:199, train_loss:0.8848, val_auc:0.4321, val_ap: 0.5988
2023-04-22 14:35:30,791 - final results:
2023-04-22 14:35:30,792 - ====================================================================================
2023-04-22 14:35:30,793 - AUC:0.6420+-0.0000 [0.6419753086419753]
2023-04-22 14:35:30,793 - AP:0.6253+-0.0000 [0.6253050961384296]
2023-04-22 14:35:31,156 - Epoch:000, train_loss:4.9772, val_auc:0.8025, val_ap: 0.8555, text_auc:0.7716, text_ap: 0.7297
2023-04-22 14:35:31,469 - Epoch:001, train_loss:3.7871, val_auc:0.7778, val_ap: 0.8290
2023-04-22 14:35:31,784 - Epoch:002, train_loss:3.7086, val_auc:0.7901, val_ap: 0.8097
2023-04-22 14:35:32,105 - Epoch:003, train_loss:3.0687, val_auc:0.8025, val_ap: 0.8085
2023-04-22 14:35:32,420 - Epoch:004, train_loss:2.1525, val_auc:0.7901, val_ap: 0.7911
2023-04-22 14:35:32,735 - Epoch:005, train_loss:1.7373, val_auc:0.7654, val_ap: 0.7886
2023-04-22 14:35:33,054 - Epoch:006, train_loss:1.6526, val_auc:0.7654, val_ap: 0.7912
2023-04-22 14:35:33,376 - Epoch:007, train_loss:1.6302, val_auc:0.7284, val_ap: 0.7614
2023-04-22 14:35:33,689 - Epoch:008, train_loss:1.3941, val_auc:0.6790, val_ap: 0.7404
2023-04-22 14:35:34,003 - Epoch:009, train_loss:1.1962, val_auc:0.6543, val_ap: 0.7266
2023-04-22 14:35:34,322 - Epoch:010, train_loss:1.3428, val_auc:0.6420, val_ap: 0.7205
2023-04-22 14:35:34,644 - Epoch:011, train_loss:1.1813, val_auc:0.6543, val_ap: 0.7018
2023-04-22 14:35:34,961 - Epoch:012, train_loss:1.1988, val_auc:0.7160, val_ap: 0.7337
2023-04-22 14:35:35,281 - Epoch:013, train_loss:1.2557, val_auc:0.7160, val_ap: 0.7241
2023-04-22 14:35:35,595 - Epoch:014, train_loss:1.3264, val_auc:0.7037, val_ap: 0.6870
2023-04-22 14:35:35,915 - Epoch:015, train_loss:1.1318, val_auc:0.7160, val_ap: 0.6927
2023-04-22 14:35:36,250 - Epoch:016, train_loss:1.2331, val_auc:0.6790, val_ap: 0.6735
2023-04-22 14:35:36,582 - Epoch:017, train_loss:1.1437, val_auc:0.6914, val_ap: 0.7122
2023-04-22 14:35:36,911 - Epoch:018, train_loss:1.1810, val_auc:0.6543, val_ap: 0.6965
2023-04-22 14:35:37,240 - Epoch:019, train_loss:1.0432, val_auc:0.6296, val_ap: 0.6849
2023-04-22 14:35:37,585 - Epoch:020, train_loss:0.8998, val_auc:0.6296, val_ap: 0.6955
2023-04-22 14:35:37,921 - Epoch:021, train_loss:0.9725, val_auc:0.6296, val_ap: 0.6920
2023-04-22 14:35:38,242 - Epoch:022, train_loss:1.0615, val_auc:0.6173, val_ap: 0.6753
2023-04-22 14:35:38,559 - Epoch:023, train_loss:1.1294, val_auc:0.6543, val_ap: 0.6922
2023-04-22 14:35:38,875 - Epoch:024, train_loss:1.0114, val_auc:0.6420, val_ap: 0.6552
2023-04-22 14:35:39,195 - Epoch:025, train_loss:1.0599, val_auc:0.6667, val_ap: 0.6592
2023-04-22 14:35:39,463 - Epoch:026, train_loss:1.1307, val_auc:0.7037, val_ap: 0.6794
2023-04-22 14:35:39,616 - Epoch:027, train_loss:0.9291, val_auc:0.6914, val_ap: 0.6723
2023-04-22 14:35:39,770 - Epoch:028, train_loss:0.9355, val_auc:0.7037, val_ap: 0.6816
2023-04-22 14:35:39,924 - Epoch:029, train_loss:1.0629, val_auc:0.7037, val_ap: 0.6816
2023-04-22 14:35:40,076 - Epoch:030, train_loss:1.0640, val_auc:0.6790, val_ap: 0.6700
2023-04-22 14:35:40,229 - Epoch:031, train_loss:0.9090, val_auc:0.6790, val_ap: 0.6700
2023-04-22 14:35:40,387 - Epoch:032, train_loss:0.9610, val_auc:0.6667, val_ap: 0.6607
2023-04-22 14:35:40,542 - Epoch:033, train_loss:0.9740, val_auc:0.6543, val_ap: 0.6558
2023-04-22 14:35:40,674 - Epoch:034, train_loss:1.0016, val_auc:0.6543, val_ap: 0.6558
2023-04-22 14:35:40,800 - Epoch:035, train_loss:1.0410, val_auc:0.6420, val_ap: 0.6508
2023-04-22 14:35:40,924 - Epoch:036, train_loss:0.8902, val_auc:0.6420, val_ap: 0.6508
2023-04-22 14:35:41,048 - Epoch:037, train_loss:0.9452, val_auc:0.6420, val_ap: 0.6508
2023-04-22 14:35:41,176 - Epoch:038, train_loss:0.8768, val_auc:0.6543, val_ap: 0.6558
2023-04-22 14:35:41,299 - Epoch:039, train_loss:0.9673, val_auc:0.6543, val_ap: 0.6558
2023-04-22 14:35:41,424 - Epoch:040, train_loss:0.9828, val_auc:0.6543, val_ap: 0.6558
2023-04-22 14:35:41,548 - Epoch:041, train_loss:0.9269, val_auc:0.6543, val_ap: 0.6658
2023-04-22 14:35:41,674 - Epoch:042, train_loss:0.9358, val_auc:0.6420, val_ap: 0.6616
2023-04-22 14:35:41,799 - Epoch:043, train_loss:1.0389, val_auc:0.6296, val_ap: 0.6579
2023-04-22 14:35:41,923 - Epoch:044, train_loss:0.8595, val_auc:0.6049, val_ap: 0.6431
2023-04-22 14:35:42,046 - Epoch:045, train_loss:0.8777, val_auc:0.6049, val_ap: 0.6431
2023-04-22 14:35:42,173 - Epoch:046, train_loss:0.8689, val_auc:0.6173, val_ap: 0.6530
2023-04-22 14:35:42,299 - Epoch:047, train_loss:0.9334, val_auc:0.6296, val_ap: 0.6684
2023-04-22 14:35:42,425 - Epoch:048, train_loss:0.9661, val_auc:0.6543, val_ap: 0.6882
2023-04-22 14:35:42,550 - Epoch:049, train_loss:0.8482, val_auc:0.6790, val_ap: 0.7063
2023-04-22 14:35:42,675 - Epoch:050, train_loss:0.8497, val_auc:0.6914, val_ap: 0.7124
2023-04-22 14:35:42,798 - Epoch:051, train_loss:0.9470, val_auc:0.7037, val_ap: 0.7182
2023-04-22 14:35:42,928 - Epoch:052, train_loss:0.8663, val_auc:0.6914, val_ap: 0.7050
2023-04-22 14:35:43,051 - Epoch:053, train_loss:0.9083, val_auc:0.6543, val_ap: 0.6855
2023-04-22 14:35:43,180 - Epoch:054, train_loss:0.8732, val_auc:0.6420, val_ap: 0.6778
2023-04-22 14:35:43,307 - Epoch:055, train_loss:0.9398, val_auc:0.5926, val_ap: 0.6478
2023-04-22 14:35:43,442 - Epoch:056, train_loss:0.9577, val_auc:0.5926, val_ap: 0.6450
2023-04-22 14:35:43,577 - Epoch:057, train_loss:0.9036, val_auc:0.6049, val_ap: 0.6646
2023-04-22 14:35:43,716 - Epoch:058, train_loss:0.9216, val_auc:0.6049, val_ap: 0.6646
2023-04-22 14:35:43,846 - Epoch:059, train_loss:0.9216, val_auc:0.6296, val_ap: 0.6733
2023-04-22 14:35:43,985 - Epoch:060, train_loss:0.8941, val_auc:0.6420, val_ap: 0.6832
2023-04-22 14:35:44,111 - Epoch:061, train_loss:0.8999, val_auc:0.6543, val_ap: 0.6882
2023-04-22 14:35:44,237 - Epoch:062, train_loss:0.9102, val_auc:0.6296, val_ap: 0.6751
2023-04-22 14:35:44,364 - Epoch:063, train_loss:0.9690, val_auc:0.6420, val_ap: 0.7121
2023-04-22 14:35:44,491 - Epoch:064, train_loss:0.8506, val_auc:0.6420, val_ap: 0.7153
2023-04-22 14:35:44,620 - Epoch:065, train_loss:0.8065, val_auc:0.6420, val_ap: 0.7153
2023-04-22 14:35:44,748 - Epoch:066, train_loss:0.9115, val_auc:0.6049, val_ap: 0.6631
2023-04-22 14:35:44,893 - Epoch:067, train_loss:0.9265, val_auc:0.5556, val_ap: 0.6349
2023-04-22 14:35:45,023 - Epoch:068, train_loss:0.9126, val_auc:0.5556, val_ap: 0.6316
2023-04-22 14:35:45,150 - Epoch:069, train_loss:1.0276, val_auc:0.5185, val_ap: 0.6180
2023-04-22 14:35:45,275 - Epoch:070, train_loss:0.8452, val_auc:0.5185, val_ap: 0.6180
2023-04-22 14:35:45,402 - Epoch:071, train_loss:1.0179, val_auc:0.5309, val_ap: 0.6126
2023-04-22 14:35:45,532 - Epoch:072, train_loss:0.8607, val_auc:0.5309, val_ap: 0.6126
2023-04-22 14:35:45,659 - Epoch:073, train_loss:0.8963, val_auc:0.5185, val_ap: 0.6089
2023-04-22 14:35:45,788 - Epoch:074, train_loss:0.9234, val_auc:0.5062, val_ap: 0.6014
2023-04-22 14:35:45,921 - Epoch:075, train_loss:0.8359, val_auc:0.4938, val_ap: 0.5908
2023-04-22 14:35:46,055 - Epoch:076, train_loss:0.9660, val_auc:0.4938, val_ap: 0.5921
2023-04-22 14:35:46,183 - Epoch:077, train_loss:0.9058, val_auc:0.5185, val_ap: 0.5997
2023-04-22 14:35:46,312 - Epoch:078, train_loss:0.9076, val_auc:0.4938, val_ap: 0.5976
2023-04-22 14:35:46,438 - Epoch:079, train_loss:0.8945, val_auc:0.4815, val_ap: 0.5934
2023-04-22 14:35:46,569 - Epoch:080, train_loss:0.8096, val_auc:0.5062, val_ap: 0.6014
2023-04-22 14:35:46,695 - Epoch:081, train_loss:0.9384, val_auc:0.4938, val_ap: 0.5976
2023-04-22 14:35:46,820 - Epoch:082, train_loss:0.8878, val_auc:0.5062, val_ap: 0.6033
2023-04-22 14:35:46,946 - Epoch:083, train_loss:0.8568, val_auc:0.5062, val_ap: 0.5977
2023-04-22 14:35:47,070 - Epoch:084, train_loss:0.8597, val_auc:0.5062, val_ap: 0.5989
2023-04-22 14:35:47,199 - Epoch:085, train_loss:0.9135, val_auc:0.5062, val_ap: 0.5946
2023-04-22 14:35:47,325 - Epoch:086, train_loss:0.8202, val_auc:0.5062, val_ap: 0.5872
2023-04-22 14:35:47,451 - Epoch:087, train_loss:0.9201, val_auc:0.4815, val_ap: 0.5731
2023-04-22 14:35:47,580 - Epoch:088, train_loss:0.9740, val_auc:0.4568, val_ap: 0.5638
2023-04-22 14:35:47,705 - Epoch:089, train_loss:0.8699, val_auc:0.4691, val_ap: 0.5681
2023-04-22 14:35:47,832 - Epoch:090, train_loss:0.7626, val_auc:0.4815, val_ap: 0.5834
2023-04-22 14:35:47,960 - Epoch:091, train_loss:0.8398, val_auc:0.4815, val_ap: 0.5834
2023-04-22 14:35:48,084 - Epoch:092, train_loss:0.8894, val_auc:0.4938, val_ap: 0.5877
2023-04-22 14:35:48,211 - Epoch:093, train_loss:0.8823, val_auc:0.5185, val_ap: 0.5989
2023-04-22 14:35:48,337 - Epoch:094, train_loss:0.8505, val_auc:0.5185, val_ap: 0.5989
2023-04-22 14:35:48,462 - Epoch:095, train_loss:0.9433, val_auc:0.5432, val_ap: 0.6100
2023-04-22 14:35:48,592 - Epoch:096, train_loss:0.8666, val_auc:0.5309, val_ap: 0.6040
2023-04-22 14:35:48,717 - Epoch:097, train_loss:0.8168, val_auc:0.4938, val_ap: 0.5799
2023-04-22 14:35:48,843 - Epoch:098, train_loss:0.8569, val_auc:0.4815, val_ap: 0.5756
2023-04-22 14:35:48,969 - Epoch:099, train_loss:0.8143, val_auc:0.4691, val_ap: 0.5713
2023-04-22 14:35:49,096 - Epoch:100, train_loss:0.8949, val_auc:0.4444, val_ap: 0.5601
2023-04-22 14:35:49,224 - Epoch:101, train_loss:0.8086, val_auc:0.4321, val_ap: 0.5559
2023-04-22 14:35:49,348 - Epoch:102, train_loss:0.8434, val_auc:0.4938, val_ap: 0.5871
2023-04-22 14:35:49,477 - Epoch:103, train_loss:0.8940, val_auc:0.5309, val_ap: 0.6034
2023-04-22 14:35:49,619 - Epoch:104, train_loss:0.8898, val_auc:0.5309, val_ap: 0.6057
2023-04-22 14:35:49,799 - Epoch:105, train_loss:0.8355, val_auc:0.5432, val_ap: 0.6100
2023-04-22 14:35:50,115 - Epoch:106, train_loss:0.8148, val_auc:0.5556, val_ap: 0.6179
2023-04-22 14:35:50,429 - Epoch:107, train_loss:0.8311, val_auc:0.5432, val_ap: 0.6119
2023-04-22 14:35:50,750 - Epoch:108, train_loss:0.8302, val_auc:0.5309, val_ap: 0.6008
2023-04-22 14:35:51,071 - Epoch:109, train_loss:0.8827, val_auc:0.5556, val_ap: 0.6146
2023-04-22 14:35:51,384 - Epoch:110, train_loss:0.8610, val_auc:0.5309, val_ap: 0.5989
2023-04-22 14:35:51,710 - Epoch:111, train_loss:0.8642, val_auc:0.5062, val_ap: 0.5867
2023-04-22 14:35:52,034 - Epoch:112, train_loss:0.8481, val_auc:0.4815, val_ap: 0.5766
2023-04-22 14:35:52,354 - Epoch:113, train_loss:0.9296, val_auc:0.5062, val_ap: 0.5927
2023-04-22 14:35:52,675 - Epoch:114, train_loss:0.8487, val_auc:0.5185, val_ap: 0.5978
2023-04-22 14:35:52,996 - Epoch:115, train_loss:0.8718, val_auc:0.5309, val_ap: 0.6040
2023-04-22 14:35:53,317 - Epoch:116, train_loss:0.8182, val_auc:0.5432, val_ap: 0.6077
2023-04-22 14:35:53,636 - Epoch:117, train_loss:0.9270, val_auc:0.5556, val_ap: 0.6225
2023-04-22 14:35:53,958 - Epoch:118, train_loss:0.9615, val_auc:0.5679, val_ap: 0.6275
2023-04-22 14:35:54,275 - Epoch:119, train_loss:0.8916, val_auc:0.5926, val_ap: 0.6451
2023-04-22 14:35:54,591 - Epoch:120, train_loss:0.8831, val_auc:0.5556, val_ap: 0.6225
2023-04-22 14:35:54,907 - Epoch:121, train_loss:0.9124, val_auc:0.5432, val_ap: 0.6119
2023-04-22 14:35:55,159 - Epoch:122, train_loss:0.8814, val_auc:0.5432, val_ap: 0.6077
2023-04-22 14:35:55,312 - Epoch:123, train_loss:0.8320, val_auc:0.5679, val_ap: 0.6206
2023-04-22 14:35:55,466 - Epoch:124, train_loss:0.8538, val_auc:0.5802, val_ap: 0.6243
2023-04-22 14:35:55,620 - Epoch:125, train_loss:0.8736, val_auc:0.5926, val_ap: 0.6285
2023-04-22 14:35:55,846 - Epoch:126, train_loss:0.8406, val_auc:0.6173, val_ap: 0.6440
2023-04-22 14:35:56,196 - Epoch:127, train_loss:0.8492, val_auc:0.6420, val_ap: 0.6542
2023-04-22 14:35:56,535 - Epoch:128, train_loss:0.8828, val_auc:0.6173, val_ap: 0.6394
2023-04-22 14:35:56,870 - Epoch:129, train_loss:0.8234, val_auc:0.6049, val_ap: 0.6374
2023-04-22 14:35:57,192 - Epoch:130, train_loss:0.8803, val_auc:0.6296, val_ap: 0.6579
2023-04-22 14:35:57,512 - Epoch:131, train_loss:0.9243, val_auc:0.6173, val_ap: 0.6530
2023-04-22 14:35:57,829 - Epoch:132, train_loss:0.8558, val_auc:0.6173, val_ap: 0.6468
2023-04-22 14:35:58,145 - Epoch:133, train_loss:0.8485, val_auc:0.6049, val_ap: 0.6362
2023-04-22 14:35:58,471 - Epoch:134, train_loss:0.8822, val_auc:0.5926, val_ap: 0.6285
2023-04-22 14:35:58,653 - Epoch:135, train_loss:0.9000, val_auc:0.5802, val_ap: 0.6143
2023-04-22 14:35:58,802 - Epoch:136, train_loss:0.9009, val_auc:0.6049, val_ap: 0.6264
2023-04-22 14:35:58,950 - Epoch:137, train_loss:0.8571, val_auc:0.5926, val_ap: 0.6215
2023-04-22 14:35:59,099 - Epoch:138, train_loss:1.0309, val_auc:0.5432, val_ap: 0.6015
2023-04-22 14:35:59,249 - Epoch:139, train_loss:0.8991, val_auc:0.5556, val_ap: 0.6095
2023-04-22 14:35:59,396 - Epoch:140, train_loss:0.8633, val_auc:0.5556, val_ap: 0.6169
2023-04-22 14:35:59,543 - Epoch:141, train_loss:0.8227, val_auc:0.5556, val_ap: 0.6169
2023-04-22 14:35:59,691 - Epoch:142, train_loss:0.8437, val_auc:0.6173, val_ap: 0.6655
2023-04-22 14:35:59,831 - Epoch:143, train_loss:0.8281, val_auc:0.6173, val_ap: 0.6655
2023-04-22 14:35:59,957 - Epoch:144, train_loss:0.8472, val_auc:0.6296, val_ap: 0.6567
2023-04-22 14:36:00,083 - Epoch:145, train_loss:0.8151, val_auc:0.6296, val_ap: 0.6509
2023-04-22 14:36:00,208 - Epoch:146, train_loss:0.8091, val_auc:0.6173, val_ap: 0.6404
2023-04-22 14:36:00,334 - Epoch:147, train_loss:0.8473, val_auc:0.6049, val_ap: 0.6362
2023-04-22 14:36:00,457 - Epoch:148, train_loss:0.9167, val_auc:0.5679, val_ap: 0.6335
2023-04-22 14:36:00,583 - Epoch:149, train_loss:0.8966, val_auc:0.5556, val_ap: 0.6256
2023-04-22 14:36:00,705 - Epoch:150, train_loss:0.8219, val_auc:0.5802, val_ap: 0.6413
2023-04-22 14:36:00,830 - Epoch:151, train_loss:0.8586, val_auc:0.6173, val_ap: 0.6696
2023-04-22 14:36:00,950 - Epoch:152, train_loss:0.8013, val_auc:0.6049, val_ap: 0.6654
2023-04-22 14:36:01,076 - Epoch:153, train_loss:0.8417, val_auc:0.6049, val_ap: 0.6654
2023-04-22 14:36:01,202 - Epoch:154, train_loss:0.8581, val_auc:0.5802, val_ap: 0.6339
2023-04-22 14:36:01,328 - Epoch:155, train_loss:0.9408, val_auc:0.5556, val_ap: 0.6219
2023-04-22 14:36:01,456 - Epoch:156, train_loss:0.8666, val_auc:0.5556, val_ap: 0.6131
2023-04-22 14:36:01,582 - Epoch:157, train_loss:0.8218, val_auc:0.5556, val_ap: 0.6131
2023-04-22 14:36:01,712 - Epoch:158, train_loss:0.7965, val_auc:0.5679, val_ap: 0.6174
2023-04-22 14:36:01,844 - Epoch:159, train_loss:0.8812, val_auc:0.5432, val_ap: 0.6037
2023-04-22 14:36:01,978 - Epoch:160, train_loss:0.8130, val_auc:0.5679, val_ap: 0.6254
2023-04-22 14:36:02,106 - Epoch:161, train_loss:0.8740, val_auc:0.5679, val_ap: 0.6288
2023-04-22 14:36:02,235 - Epoch:162, train_loss:0.9302, val_auc:0.5679, val_ap: 0.6351
2023-04-22 14:36:02,367 - Epoch:163, train_loss:0.8033, val_auc:0.5679, val_ap: 0.6351
2023-04-22 14:36:02,499 - Epoch:164, train_loss:0.8585, val_auc:0.5802, val_ap: 0.6788
2023-04-22 14:36:02,624 - Epoch:165, train_loss:0.8153, val_auc:0.5802, val_ap: 0.6762
2023-04-22 14:36:02,754 - Epoch:166, train_loss:0.9087, val_auc:0.5926, val_ap: 0.6822
2023-04-22 14:36:02,884 - Epoch:167, train_loss:0.8460, val_auc:0.6049, val_ap: 0.6796
2023-04-22 14:36:03,010 - Epoch:168, train_loss:0.8376, val_auc:0.5679, val_ap: 0.6317
2023-04-22 14:36:03,140 - Epoch:169, train_loss:0.7770, val_auc:0.5556, val_ap: 0.6256
2023-04-22 14:36:03,270 - Epoch:170, train_loss:0.8330, val_auc:0.5802, val_ap: 0.6335
2023-04-22 14:36:03,398 - Epoch:171, train_loss:0.8931, val_auc:0.5802, val_ap: 0.6335
2023-04-22 14:36:03,527 - Epoch:172, train_loss:0.8684, val_auc:0.5556, val_ap: 0.6107
2023-04-22 14:36:03,656 - Epoch:173, train_loss:0.8757, val_auc:0.5556, val_ap: 0.6447
2023-04-22 14:36:03,788 - Epoch:174, train_loss:0.8393, val_auc:0.6049, val_ap: 0.6795
2023-04-22 14:36:03,915 - Epoch:175, train_loss:0.8508, val_auc:0.6173, val_ap: 0.6845
2023-04-22 14:36:04,048 - Epoch:176, train_loss:0.8465, val_auc:0.6173, val_ap: 0.6845
2023-04-22 14:36:04,173 - Epoch:177, train_loss:0.7979, val_auc:0.6049, val_ap: 0.6795
2023-04-22 14:36:04,302 - Epoch:178, train_loss:0.9367, val_auc:0.5802, val_ap: 0.6659
2023-04-22 14:36:04,428 - Epoch:179, train_loss:0.9163, val_auc:0.5309, val_ap: 0.6328
2023-04-22 14:36:04,553 - Epoch:180, train_loss:0.8347, val_auc:0.5062, val_ap: 0.5824
2023-04-22 14:36:04,682 - Epoch:181, train_loss:0.8336, val_auc:0.5185, val_ap: 0.5874
2023-04-22 14:36:04,811 - Epoch:182, train_loss:0.9555, val_auc:0.5432, val_ap: 0.5996
2023-04-22 14:36:04,936 - Epoch:183, train_loss:0.7826, val_auc:0.5926, val_ap: 0.6384
2023-04-22 14:36:05,065 - Epoch:184, train_loss:0.8677, val_auc:0.6049, val_ap: 0.6743
2023-04-22 14:36:05,191 - Epoch:185, train_loss:0.9107, val_auc:0.6049, val_ap: 0.6780
2023-04-22 14:36:05,318 - Epoch:186, train_loss:0.8399, val_auc:0.5926, val_ap: 0.6730
2023-04-22 14:36:05,587 - Epoch:187, train_loss:0.8247, val_auc:0.5926, val_ap: 0.6571
2023-04-22 14:36:05,914 - Epoch:188, train_loss:0.8265, val_auc:0.5432, val_ap: 0.6336
2023-04-22 14:36:06,239 - Epoch:189, train_loss:0.9012, val_auc:0.5432, val_ap: 0.6306
2023-04-22 14:36:06,562 - Epoch:190, train_loss:0.8148, val_auc:0.5432, val_ap: 0.6306
2023-04-22 14:36:06,883 - Epoch:191, train_loss:0.8456, val_auc:0.5062, val_ap: 0.6163
2023-04-22 14:36:07,202 - Epoch:192, train_loss:0.8146, val_auc:0.5062, val_ap: 0.6163
2023-04-22 14:36:07,521 - Epoch:193, train_loss:0.7988, val_auc:0.4938, val_ap: 0.6126
2023-04-22 14:36:07,841 - Epoch:194, train_loss:0.8309, val_auc:0.5432, val_ap: 0.6353
2023-04-22 14:36:08,158 - Epoch:195, train_loss:0.8000, val_auc:0.6173, val_ap: 0.6964
2023-04-22 14:36:08,477 - Epoch:196, train_loss:0.8394, val_auc:0.6420, val_ap: 0.7284
2023-04-22 14:36:08,797 - Epoch:197, train_loss:0.8185, val_auc:0.6296, val_ap: 0.7080
2023-04-22 14:36:09,115 - Epoch:198, train_loss:0.9091, val_auc:0.6296, val_ap: 0.7087
2023-04-22 14:36:09,433 - Epoch:199, train_loss:0.8973, val_auc:0.5556, val_ap: 0.6366
2023-04-22 14:36:09,435 - final results:
2023-04-22 14:36:09,436 - ====================================================================================
2023-04-22 14:36:09,436 - AUC:0.7068+-0.0648 [0.6419753086419753, 0.7716049382716049]
2023-04-22 14:36:09,437 - AP:0.6775+-0.0522 [0.6253050961384296, 0.7296667772026194]
2023-04-22 14:36:09,799 - Epoch:000, train_loss:4.9854, val_auc:0.5802, val_ap: 0.5564, text_auc:0.8519, text_ap: 0.8253
2023-04-22 14:36:10,115 - Epoch:001, train_loss:3.8621, val_auc:0.5679, val_ap: 0.5612
2023-04-22 14:36:10,437 - Epoch:002, train_loss:3.7522, val_auc:0.5802, val_ap: 0.5822, text_auc:0.8673, text_ap: 0.8319
2023-04-22 14:36:10,763 - Epoch:003, train_loss:3.0615, val_auc:0.5926, val_ap: 0.5888, text_auc:0.8549, text_ap: 0.8341
2023-04-22 14:36:11,089 - Epoch:004, train_loss:2.1409, val_auc:0.5679, val_ap: 0.5930
2023-04-22 14:36:11,410 - Epoch:005, train_loss:1.7661, val_auc:0.5802, val_ap: 0.5947
2023-04-22 14:36:11,737 - Epoch:006, train_loss:1.6063, val_auc:0.5556, val_ap: 0.5813
2023-04-22 14:36:12,050 - Epoch:007, train_loss:1.4391, val_auc:0.5185, val_ap: 0.5586
2023-04-22 14:36:12,359 - Epoch:008, train_loss:1.3000, val_auc:0.4938, val_ap: 0.5409
2023-04-22 14:36:12,685 - Epoch:009, train_loss:1.3569, val_auc:0.4815, val_ap: 0.5347
2023-04-22 14:36:13,010 - Epoch:010, train_loss:1.3527, val_auc:0.4691, val_ap: 0.5143
2023-04-22 14:36:13,333 - Epoch:011, train_loss:1.2145, val_auc:0.4691, val_ap: 0.5154
2023-04-22 14:36:13,657 - Epoch:012, train_loss:1.3070, val_auc:0.4568, val_ap: 0.5072
2023-04-22 14:36:13,980 - Epoch:013, train_loss:1.0938, val_auc:0.4321, val_ap: 0.4931
2023-04-22 14:36:14,302 - Epoch:014, train_loss:1.2483, val_auc:0.4444, val_ap: 0.5042
2023-04-22 14:36:14,624 - Epoch:015, train_loss:0.9483, val_auc:0.4691, val_ap: 0.5154
2023-04-22 14:36:14,941 - Epoch:016, train_loss:1.0680, val_auc:0.4815, val_ap: 0.5321
2023-04-22 14:36:15,261 - Epoch:017, train_loss:1.2502, val_auc:0.4938, val_ap: 0.5371
2023-04-22 14:36:15,591 - Epoch:018, train_loss:1.0357, val_auc:0.5062, val_ap: 0.5432
2023-04-22 14:36:15,917 - Epoch:019, train_loss:1.1012, val_auc:0.5062, val_ap: 0.5432
2023-04-22 14:36:16,241 - Epoch:020, train_loss:1.1696, val_auc:0.5062, val_ap: 0.5409
2023-04-22 14:36:16,563 - Epoch:021, train_loss:0.9604, val_auc:0.4938, val_ap: 0.5347
2023-04-22 14:36:16,881 - Epoch:022, train_loss:1.0718, val_auc:0.4938, val_ap: 0.5333
2023-04-22 14:36:17,201 - Epoch:023, train_loss:1.1698, val_auc:0.5185, val_ap: 0.5345
2023-04-22 14:36:17,518 - Epoch:024, train_loss:1.0555, val_auc:0.5185, val_ap: 0.5328
2023-04-22 14:36:17,844 - Epoch:025, train_loss:1.0559, val_auc:0.5185, val_ap: 0.5336
2023-04-22 14:36:18,163 - Epoch:026, train_loss:0.9552, val_auc:0.5309, val_ap: 0.5373
2023-04-22 14:36:18,481 - Epoch:027, train_loss:1.0797, val_auc:0.5309, val_ap: 0.5373
2023-04-22 14:36:18,804 - Epoch:028, train_loss:0.9344, val_auc:0.5432, val_ap: 0.5422
2023-04-22 14:36:19,131 - Epoch:029, train_loss:1.0205, val_auc:0.5556, val_ap: 0.5483
2023-04-22 14:36:19,453 - Epoch:030, train_loss:1.0428, val_auc:0.5556, val_ap: 0.5483
2023-04-22 14:36:19,778 - Epoch:031, train_loss:1.1258, val_auc:0.5309, val_ap: 0.5373
2023-04-22 14:36:20,098 - Epoch:032, train_loss:1.0353, val_auc:0.4938, val_ap: 0.5243
2023-04-22 14:36:20,420 - Epoch:033, train_loss:0.9604, val_auc:0.5309, val_ap: 0.5470
2023-04-22 14:36:20,742 - Epoch:034, train_loss:1.0051, val_auc:0.5185, val_ap: 0.5433
2023-04-22 14:36:21,065 - Epoch:035, train_loss:1.0255, val_auc:0.4938, val_ap: 0.5348
2023-04-22 14:36:21,386 - Epoch:036, train_loss:0.8959, val_auc:0.5062, val_ap: 0.5391
2023-04-22 14:36:21,710 - Epoch:037, train_loss:1.0452, val_auc:0.5062, val_ap: 0.5376
2023-04-22 14:36:22,032 - Epoch:038, train_loss:0.9936, val_auc:0.5432, val_ap: 0.5549
2023-04-22 14:36:22,355 - Epoch:039, train_loss:1.0359, val_auc:0.5432, val_ap: 0.5557
2023-04-22 14:36:22,677 - Epoch:040, train_loss:0.9448, val_auc:0.5802, val_ap: 0.5826
2023-04-22 14:36:23,007 - Epoch:041, train_loss:1.0148, val_auc:0.6049, val_ap: 0.5904, text_auc:0.8457, text_ap: 0.8023
2023-04-22 14:36:23,336 - Epoch:042, train_loss:0.9014, val_auc:0.6173, val_ap: 0.5965, text_auc:0.8364, text_ap: 0.7932
2023-04-22 14:36:23,660 - Epoch:043, train_loss:0.9089, val_auc:0.6049, val_ap: 0.5904
2023-04-22 14:36:23,984 - Epoch:044, train_loss:0.8910, val_auc:0.5679, val_ap: 0.5724
2023-04-22 14:36:24,307 - Epoch:045, train_loss:0.8844, val_auc:0.5432, val_ap: 0.5636
2023-04-22 14:36:24,630 - Epoch:046, train_loss:0.9610, val_auc:0.5062, val_ap: 0.5511
2023-04-22 14:36:24,950 - Epoch:047, train_loss:0.8651, val_auc:0.4938, val_ap: 0.5468
2023-04-22 14:36:25,261 - Epoch:048, train_loss:0.8650, val_auc:0.4938, val_ap: 0.5468
2023-04-22 14:36:25,577 - Epoch:049, train_loss:0.8963, val_auc:0.5062, val_ap: 0.5532
2023-04-22 14:36:25,893 - Epoch:050, train_loss:0.8882, val_auc:0.5185, val_ap: 0.6088
2023-04-22 14:36:26,209 - Epoch:051, train_loss:1.0123, val_auc:0.5309, val_ap: 0.6149
2023-04-22 14:36:26,528 - Epoch:052, train_loss:0.8595, val_auc:0.5926, val_ap: 0.6399, text_auc:0.8210, text_ap: 0.7913
2023-04-22 14:36:26,848 - Epoch:053, train_loss:0.9381, val_auc:0.6173, val_ap: 0.6535, text_auc:0.8272, text_ap: 0.7938
2023-04-22 14:36:27,164 - Epoch:054, train_loss:0.8322, val_auc:0.6420, val_ap: 0.6702, text_auc:0.8241, text_ap: 0.7940
2023-04-22 14:36:27,483 - Epoch:055, train_loss:0.8850, val_auc:0.6420, val_ap: 0.6744, text_auc:0.8148, text_ap: 0.7889
2023-04-22 14:36:27,799 - Epoch:056, train_loss:0.8185, val_auc:0.6173, val_ap: 0.6585
2023-04-22 14:36:28,113 - Epoch:057, train_loss:0.9065, val_auc:0.5926, val_ap: 0.5940
2023-04-22 14:36:28,425 - Epoch:058, train_loss:0.9626, val_auc:0.5802, val_ap: 0.6395
2023-04-22 14:36:28,737 - Epoch:059, train_loss:0.9110, val_auc:0.5556, val_ap: 0.6310
2023-04-22 14:36:29,049 - Epoch:060, train_loss:0.9542, val_auc:0.5556, val_ap: 0.6335
2023-04-22 14:36:29,361 - Epoch:061, train_loss:0.8812, val_auc:0.5309, val_ap: 0.6265
2023-04-22 14:36:29,674 - Epoch:062, train_loss:0.8669, val_auc:0.5309, val_ap: 0.6265
2023-04-22 14:36:29,985 - Epoch:063, train_loss:0.8954, val_auc:0.5309, val_ap: 0.6260
2023-04-22 14:36:30,298 - Epoch:064, train_loss:0.9733, val_auc:0.5556, val_ap: 0.6380
2023-04-22 14:36:30,610 - Epoch:065, train_loss:0.8830, val_auc:0.5679, val_ap: 0.6430
2023-04-22 14:36:30,922 - Epoch:066, train_loss:0.9334, val_auc:0.5679, val_ap: 0.6386
2023-04-22 14:36:31,234 - Epoch:067, train_loss:0.8595, val_auc:0.5556, val_ap: 0.6324
2023-04-22 14:36:31,546 - Epoch:068, train_loss:0.8681, val_auc:0.5556, val_ap: 0.5705
2023-04-22 14:36:31,859 - Epoch:069, train_loss:0.8989, val_auc:0.5432, val_ap: 0.5705
2023-04-22 14:36:32,171 - Epoch:070, train_loss:0.8883, val_auc:0.5309, val_ap: 0.5737
2023-04-22 14:36:32,483 - Epoch:071, train_loss:0.8860, val_auc:0.5185, val_ap: 0.5704
2023-04-22 14:36:32,796 - Epoch:072, train_loss:0.9041, val_auc:0.5062, val_ap: 0.5667
2023-04-22 14:36:33,108 - Epoch:073, train_loss:0.9079, val_auc:0.4938, val_ap: 0.5630
2023-04-22 14:36:33,420 - Epoch:074, train_loss:0.8248, val_auc:0.4938, val_ap: 0.5561
2023-04-22 14:36:33,732 - Epoch:075, train_loss:0.9208, val_auc:0.4938, val_ap: 0.5561
2023-04-22 14:36:34,043 - Epoch:076, train_loss:0.8580, val_auc:0.5185, val_ap: 0.5704
2023-04-22 14:36:34,356 - Epoch:077, train_loss:0.9003, val_auc:0.5062, val_ap: 0.5642
2023-04-22 14:36:34,668 - Epoch:078, train_loss:0.8197, val_auc:0.5062, val_ap: 0.5642
2023-04-22 14:36:34,980 - Epoch:079, train_loss:0.9067, val_auc:0.4938, val_ap: 0.5615
2023-04-22 14:36:35,293 - Epoch:080, train_loss:0.9803, val_auc:0.4691, val_ap: 0.5467
2023-04-22 14:36:35,606 - Epoch:081, train_loss:0.7988, val_auc:0.4691, val_ap: 0.5467
2023-04-22 14:36:35,917 - Epoch:082, train_loss:0.9049, val_auc:0.4691, val_ap: 0.5467
2023-04-22 14:36:36,230 - Epoch:083, train_loss:0.9100, val_auc:0.4568, val_ap: 0.5430
2023-04-22 14:36:36,550 - Epoch:084, train_loss:0.8624, val_auc:0.4444, val_ap: 0.5393
2023-04-22 14:36:36,864 - Epoch:085, train_loss:0.8595, val_auc:0.4568, val_ap: 0.5426
2023-04-22 14:36:37,175 - Epoch:086, train_loss:0.9316, val_auc:0.4568, val_ap: 0.5426
2023-04-22 14:36:37,487 - Epoch:087, train_loss:0.8964, val_auc:0.4938, val_ap: 0.5537
2023-04-22 14:36:37,800 - Epoch:088, train_loss:0.8438, val_auc:0.5556, val_ap: 0.5938
2023-04-22 14:36:38,112 - Epoch:089, train_loss:0.8562, val_auc:0.5309, val_ap: 0.5684
2023-04-22 14:36:38,423 - Epoch:090, train_loss:0.8947, val_auc:0.5185, val_ap: 0.5647
2023-04-22 14:36:38,735 - Epoch:091, train_loss:0.7940, val_auc:0.4938, val_ap: 0.5571
2023-04-22 14:36:39,047 - Epoch:092, train_loss:0.8861, val_auc:0.4568, val_ap: 0.5393
2023-04-22 14:36:39,361 - Epoch:093, train_loss:0.9730, val_auc:0.4815, val_ap: 0.5684
2023-04-22 14:36:39,676 - Epoch:094, train_loss:0.8250, val_auc:0.4691, val_ap: 0.5647
2023-04-22 14:36:39,991 - Epoch:095, train_loss:0.8622, val_auc:0.4691, val_ap: 0.5647
2023-04-22 14:36:40,305 - Epoch:096, train_loss:0.9018, val_auc:0.4691, val_ap: 0.5647
2023-04-22 14:36:40,618 - Epoch:097, train_loss:0.8593, val_auc:0.4691, val_ap: 0.5647
2023-04-22 14:36:40,930 - Epoch:098, train_loss:0.9017, val_auc:0.4815, val_ap: 0.5680
2023-04-22 14:36:41,242 - Epoch:099, train_loss:0.9055, val_auc:0.4938, val_ap: 0.5611
2023-04-22 14:36:41,553 - Epoch:100, train_loss:0.9054, val_auc:0.4938, val_ap: 0.6090
2023-04-22 14:36:41,866 - Epoch:101, train_loss:0.8766, val_auc:0.4938, val_ap: 0.6090
2023-04-22 14:36:42,178 - Epoch:102, train_loss:0.8436, val_auc:0.4938, val_ap: 0.6090
2023-04-22 14:36:42,490 - Epoch:103, train_loss:0.8706, val_auc:0.5062, val_ap: 0.6230
2023-04-22 14:36:42,802 - Epoch:104, train_loss:0.9097, val_auc:0.5062, val_ap: 0.6301
2023-04-22 14:36:43,115 - Epoch:105, train_loss:0.8510, val_auc:0.5062, val_ap: 0.6301
2023-04-22 14:36:43,426 - Epoch:106, train_loss:0.8801, val_auc:0.4938, val_ap: 0.6269
2023-04-22 14:36:43,738 - Epoch:107, train_loss:0.8617, val_auc:0.5185, val_ap: 0.6362
2023-04-22 14:36:44,050 - Epoch:108, train_loss:0.8602, val_auc:0.5185, val_ap: 0.6362
2023-04-22 14:36:44,365 - Epoch:109, train_loss:0.8365, val_auc:0.5062, val_ap: 0.6140
2023-04-22 14:36:44,679 - Epoch:110, train_loss:0.9329, val_auc:0.4691, val_ap: 0.5967
2023-04-22 14:36:44,995 - Epoch:111, train_loss:0.8904, val_auc:0.4691, val_ap: 0.5967
2023-04-22 14:36:45,308 - Epoch:112, train_loss:0.8916, val_auc:0.4815, val_ap: 0.5999
2023-04-22 14:36:45,624 - Epoch:113, train_loss:0.8485, val_auc:0.4815, val_ap: 0.5999
2023-04-22 14:36:45,946 - Epoch:114, train_loss:0.8467, val_auc:0.5062, val_ap: 0.6140
2023-04-22 14:36:46,264 - Epoch:115, train_loss:0.9011, val_auc:0.5062, val_ap: 0.6214
2023-04-22 14:36:46,578 - Epoch:116, train_loss:0.8288, val_auc:0.4938, val_ap: 0.6108
2023-04-22 14:36:46,891 - Epoch:117, train_loss:0.8749, val_auc:0.5062, val_ap: 0.6169
2023-04-22 14:36:47,203 - Epoch:118, train_loss:0.7963, val_auc:0.5062, val_ap: 0.6169
2023-04-22 14:36:47,519 - Epoch:119, train_loss:0.8906, val_auc:0.4938, val_ap: 0.6089
2023-04-22 14:36:47,835 - Epoch:120, train_loss:0.9045, val_auc:0.5062, val_ap: 0.6122
2023-04-22 14:36:48,149 - Epoch:121, train_loss:0.9862, val_auc:0.5062, val_ap: 0.6122
2023-04-22 14:36:48,461 - Epoch:122, train_loss:0.9483, val_auc:0.4938, val_ap: 0.6061
2023-04-22 14:36:48,774 - Epoch:123, train_loss:0.8431, val_auc:0.4938, val_ap: 0.6061
2023-04-22 14:36:49,088 - Epoch:124, train_loss:0.8777, val_auc:0.4691, val_ap: 0.5978
2023-04-22 14:36:49,402 - Epoch:125, train_loss:0.8065, val_auc:0.5062, val_ap: 0.6214
2023-04-22 14:36:49,718 - Epoch:126, train_loss:0.9227, val_auc:0.5062, val_ap: 0.6140
2023-04-22 14:36:50,050 - Epoch:127, train_loss:0.8591, val_auc:0.5185, val_ap: 0.6218
2023-04-22 14:36:50,354 - Epoch:128, train_loss:0.7729, val_auc:0.5185, val_ap: 0.6218
2023-04-22 14:36:50,700 - Epoch:129, train_loss:0.8387, val_auc:0.5062, val_ap: 0.6167
2023-04-22 14:36:51,053 - Epoch:130, train_loss:0.9398, val_auc:0.4938, val_ap: 0.6090
2023-04-22 14:36:51,370 - Epoch:131, train_loss:0.8652, val_auc:0.4815, val_ap: 0.6011
2023-04-22 14:36:51,687 - Epoch:132, train_loss:0.9553, val_auc:0.4691, val_ap: 0.5968
2023-04-22 14:36:52,006 - Epoch:133, train_loss:0.8447, val_auc:0.4568, val_ap: 0.5888
2023-04-22 14:36:52,317 - Epoch:134, train_loss:0.8828, val_auc:0.4444, val_ap: 0.5852
2023-04-22 14:36:52,630 - Epoch:135, train_loss:0.8733, val_auc:0.4938, val_ap: 0.6076
2023-04-22 14:36:52,945 - Epoch:136, train_loss:0.8387, val_auc:0.5062, val_ap: 0.6153
2023-04-22 14:36:53,260 - Epoch:137, train_loss:0.8684, val_auc:0.5185, val_ap: 0.6259
2023-04-22 14:36:53,575 - Epoch:138, train_loss:0.8611, val_auc:0.5062, val_ap: 0.6153
2023-04-22 14:36:53,887 - Epoch:139, train_loss:0.9094, val_auc:0.5062, val_ap: 0.6153
2023-04-22 14:36:54,207 - Epoch:140, train_loss:0.8765, val_auc:0.4938, val_ap: 0.6120
2023-04-22 14:36:54,521 - Epoch:141, train_loss:0.8896, val_auc:0.5062, val_ap: 0.6157
2023-04-22 14:36:54,834 - Epoch:142, train_loss:0.8015, val_auc:0.4938, val_ap: 0.6055
2023-04-22 14:36:55,146 - Epoch:143, train_loss:0.8976, val_auc:0.4815, val_ap: 0.6005
2023-04-22 14:36:55,458 - Epoch:144, train_loss:0.8661, val_auc:0.4568, val_ap: 0.5995
2023-04-22 14:36:55,771 - Epoch:145, train_loss:0.8541, val_auc:0.4568, val_ap: 0.5995
2023-04-22 14:36:56,083 - Epoch:146, train_loss:0.8852, val_auc:0.4568, val_ap: 0.5995
2023-04-22 14:36:56,395 - Epoch:147, train_loss:0.8821, val_auc:0.4938, val_ap: 0.6149
2023-04-22 14:36:56,715 - Epoch:148, train_loss:0.8484, val_auc:0.5062, val_ap: 0.6226
2023-04-22 14:36:57,029 - Epoch:149, train_loss:0.9498, val_auc:0.5062, val_ap: 0.6226
2023-04-22 14:36:57,341 - Epoch:150, train_loss:0.9239, val_auc:0.5062, val_ap: 0.6226
2023-04-22 14:36:57,654 - Epoch:151, train_loss:0.8738, val_auc:0.5062, val_ap: 0.6226
2023-04-22 14:36:57,966 - Epoch:152, train_loss:0.9322, val_auc:0.5185, val_ap: 0.6194
2023-04-22 14:36:58,283 - Epoch:153, train_loss:0.8758, val_auc:0.4938, val_ap: 0.6101
2023-04-22 14:36:58,600 - Epoch:154, train_loss:0.8914, val_auc:0.5062, val_ap: 0.6161
2023-04-22 14:36:58,919 - Epoch:155, train_loss:0.8874, val_auc:0.5185, val_ap: 0.6204
2023-04-22 14:36:59,237 - Epoch:156, train_loss:0.8458, val_auc:0.5185, val_ap: 0.6228
2023-04-22 14:36:59,552 - Epoch:157, train_loss:0.8754, val_auc:0.5309, val_ap: 0.6362
2023-04-22 14:36:59,867 - Epoch:158, train_loss:0.8660, val_auc:0.5185, val_ap: 0.6325
2023-04-22 14:37:00,181 - Epoch:159, train_loss:0.8298, val_auc:0.5185, val_ap: 0.6325
2023-04-22 14:37:00,500 - Epoch:160, train_loss:0.8384, val_auc:0.4938, val_ap: 0.6194
2023-04-22 14:37:00,818 - Epoch:161, train_loss:0.8325, val_auc:0.4815, val_ap: 0.6088
2023-04-22 14:37:01,141 - Epoch:162, train_loss:0.8971, val_auc:0.4815, val_ap: 0.6088
2023-04-22 14:37:01,455 - Epoch:163, train_loss:0.8837, val_auc:0.4691, val_ap: 0.5972
2023-04-22 14:37:01,771 - Epoch:164, train_loss:0.8624, val_auc:0.4691, val_ap: 0.5972
2023-04-22 14:37:02,086 - Epoch:165, train_loss:0.9316, val_auc:0.4815, val_ap: 0.6078
2023-04-22 14:37:02,399 - Epoch:166, train_loss:0.8642, val_auc:0.4815, val_ap: 0.6078
2023-04-22 14:37:02,717 - Epoch:167, train_loss:0.8865, val_auc:0.5309, val_ap: 0.6366
2023-04-22 14:37:03,031 - Epoch:168, train_loss:0.8930, val_auc:0.5309, val_ap: 0.6366
2023-04-22 14:37:03,344 - Epoch:169, train_loss:0.8824, val_auc:0.5309, val_ap: 0.6477
2023-04-22 14:37:03,657 - Epoch:170, train_loss:0.9204, val_auc:0.5309, val_ap: 0.6477
2023-04-22 14:37:03,969 - Epoch:171, train_loss:0.7979, val_auc:0.5309, val_ap: 0.6477
2023-04-22 14:37:04,280 - Epoch:172, train_loss:0.8642, val_auc:0.5556, val_ap: 0.6647
2023-04-22 14:37:04,592 - Epoch:173, train_loss:0.8728, val_auc:0.5432, val_ap: 0.6515
2023-04-22 14:37:04,905 - Epoch:174, train_loss:0.8260, val_auc:0.4815, val_ap: 0.6078
2023-04-22 14:37:05,217 - Epoch:175, train_loss:0.8920, val_auc:0.4568, val_ap: 0.5999
2023-04-22 14:37:05,529 - Epoch:176, train_loss:0.8114, val_auc:0.4444, val_ap: 0.5966
2023-04-22 14:37:05,842 - Epoch:177, train_loss:0.8883, val_auc:0.4444, val_ap: 0.5966
2023-04-22 14:37:06,157 - Epoch:178, train_loss:0.7971, val_auc:0.4938, val_ap: 0.6198
2023-04-22 14:37:06,473 - Epoch:179, train_loss:0.8443, val_auc:0.5062, val_ap: 0.6297
2023-04-22 14:37:06,789 - Epoch:180, train_loss:0.8863, val_auc:0.5309, val_ap: 0.6366
2023-04-22 14:37:07,105 - Epoch:181, train_loss:0.8662, val_auc:0.5309, val_ap: 0.6366
2023-04-22 14:37:07,420 - Epoch:182, train_loss:0.7570, val_auc:0.5679, val_ap: 0.6520
2023-04-22 14:37:07,733 - Epoch:183, train_loss:0.8655, val_auc:0.5679, val_ap: 0.6520
2023-04-22 14:37:08,045 - Epoch:184, train_loss:0.8375, val_auc:0.5802, val_ap: 0.6594
2023-04-22 14:37:08,358 - Epoch:185, train_loss:0.8601, val_auc:0.5679, val_ap: 0.6495
2023-04-22 14:37:08,675 - Epoch:186, train_loss:0.8883, val_auc:0.5432, val_ap: 0.6352
2023-04-22 14:37:08,991 - Epoch:187, train_loss:0.8046, val_auc:0.5432, val_ap: 0.6352
2023-04-22 14:37:09,303 - Epoch:188, train_loss:0.8034, val_auc:0.5432, val_ap: 0.6352
2023-04-22 14:37:09,618 - Epoch:189, train_loss:0.8090, val_auc:0.5309, val_ap: 0.6186
2023-04-22 14:37:09,933 - Epoch:190, train_loss:0.8508, val_auc:0.5309, val_ap: 0.6186
2023-04-22 14:37:10,250 - Epoch:191, train_loss:0.9220, val_auc:0.5185, val_ap: 0.6112
2023-04-22 14:37:10,563 - Epoch:192, train_loss:0.8171, val_auc:0.5185, val_ap: 0.6157
2023-04-22 14:37:10,875 - Epoch:193, train_loss:0.8918, val_auc:0.5432, val_ap: 0.6384
2023-04-22 14:37:11,187 - Epoch:194, train_loss:0.9023, val_auc:0.5432, val_ap: 0.6384
2023-04-22 14:37:11,499 - Epoch:195, train_loss:0.8057, val_auc:0.5309, val_ap: 0.6323
2023-04-22 14:37:11,813 - Epoch:196, train_loss:0.8319, val_auc:0.5185, val_ap: 0.6218
2023-04-22 14:37:12,127 - Epoch:197, train_loss:0.7954, val_auc:0.5309, val_ap: 0.6278
2023-04-22 14:37:12,443 - Epoch:198, train_loss:0.8879, val_auc:0.5309, val_ap: 0.6278
2023-04-22 14:37:12,757 - Epoch:199, train_loss:0.8698, val_auc:0.5309, val_ap: 0.6278
2023-04-22 14:37:12,759 - final results:
2023-04-22 14:37:12,759 - ====================================================================================
2023-04-22 14:37:12,760 - AUC:0.7428+-0.0734 [0.6419753086419753, 0.7716049382716049, 0.8148148148148149]
2023-04-22 14:37:12,760 - AP:0.7146+-0.0676 [0.6253050961384296, 0.7296667772026194, 0.7889339285108119]
2023-04-22 14:37:13,113 - Epoch:000, train_loss:4.9823, val_auc:0.8519, val_ap: 0.8775, text_auc:0.4537, text_ap: 0.4757
2023-04-22 14:37:13,423 - Epoch:001, train_loss:3.8618, val_auc:0.7901, val_ap: 0.8273
2023-04-22 14:37:13,739 - Epoch:002, train_loss:3.6516, val_auc:0.8272, val_ap: 0.8401
2023-04-22 14:37:14,055 - Epoch:003, train_loss:3.0766, val_auc:0.8148, val_ap: 0.8090
2023-04-22 14:37:14,368 - Epoch:004, train_loss:2.3538, val_auc:0.7901, val_ap: 0.7724
2023-04-22 14:37:14,680 - Epoch:005, train_loss:1.7365, val_auc:0.7778, val_ap: 0.7676
2023-04-22 14:37:14,994 - Epoch:006, train_loss:1.4579, val_auc:0.7531, val_ap: 0.7638
2023-04-22 14:37:15,312 - Epoch:007, train_loss:1.4811, val_auc:0.7654, val_ap: 0.7869
2023-04-22 14:37:15,627 - Epoch:008, train_loss:1.2872, val_auc:0.7531, val_ap: 0.7831
2023-04-22 14:37:15,940 - Epoch:009, train_loss:1.2892, val_auc:0.7654, val_ap: 0.8109
2023-04-22 14:37:16,258 - Epoch:010, train_loss:1.2399, val_auc:0.7654, val_ap: 0.8061
2023-04-22 14:37:16,589 - Epoch:011, train_loss:1.2447, val_auc:0.7654, val_ap: 0.8061
2023-04-22 14:37:16,908 - Epoch:012, train_loss:1.2339, val_auc:0.7654, val_ap: 0.8061
2023-04-22 14:37:17,222 - Epoch:013, train_loss:1.2045, val_auc:0.7407, val_ap: 0.7651
2023-04-22 14:37:17,544 - Epoch:014, train_loss:1.0458, val_auc:0.7531, val_ap: 0.7737
2023-04-22 14:37:17,872 - Epoch:015, train_loss:1.2081, val_auc:0.7407, val_ap: 0.7589
2023-04-22 14:37:18,202 - Epoch:016, train_loss:1.0068, val_auc:0.7531, val_ap: 0.7867
2023-04-22 14:37:18,524 - Epoch:017, train_loss:1.1467, val_auc:0.7654, val_ap: 0.8015
2023-04-22 14:37:18,841 - Epoch:018, train_loss:1.0598, val_auc:0.7778, val_ap: 0.8237
2023-04-22 14:37:19,161 - Epoch:019, train_loss:1.1574, val_auc:0.7901, val_ap: 0.8447
2023-04-22 14:37:19,482 - Epoch:020, train_loss:0.9865, val_auc:0.7901, val_ap: 0.8712
2023-04-22 14:37:19,804 - Epoch:021, train_loss:0.9940, val_auc:0.8025, val_ap: 0.8820
2023-04-22 14:37:20,119 - Epoch:022, train_loss:1.1372, val_auc:0.8148, val_ap: 0.8959
2023-04-22 14:37:20,433 - Epoch:023, train_loss:1.0158, val_auc:0.7901, val_ap: 0.8595
2023-04-22 14:37:20,752 - Epoch:024, train_loss:0.8710, val_auc:0.7778, val_ap: 0.8427
2023-04-22 14:37:21,066 - Epoch:025, train_loss:0.9637, val_auc:0.7407, val_ap: 0.8247
2023-04-22 14:37:21,381 - Epoch:026, train_loss:0.9796, val_auc:0.7037, val_ap: 0.8075
2023-04-22 14:37:21,700 - Epoch:027, train_loss:1.0118, val_auc:0.6667, val_ap: 0.7890
2023-04-22 14:37:22,015 - Epoch:028, train_loss:1.0097, val_auc:0.6667, val_ap: 0.7890
2023-04-22 14:37:22,334 - Epoch:029, train_loss:1.0524, val_auc:0.6790, val_ap: 0.7964
2023-04-22 14:37:22,649 - Epoch:030, train_loss:0.9672, val_auc:0.6543, val_ap: 0.7885
2023-04-22 14:37:22,966 - Epoch:031, train_loss:0.9937, val_auc:0.6543, val_ap: 0.7885
2023-04-22 14:37:23,281 - Epoch:032, train_loss:0.9755, val_auc:0.6543, val_ap: 0.7885
2023-04-22 14:37:23,594 - Epoch:033, train_loss:0.9733, val_auc:0.6667, val_ap: 0.7922
2023-04-22 14:37:23,908 - Epoch:034, train_loss:1.1171, val_auc:0.6667, val_ap: 0.7904
2023-04-22 14:37:24,227 - Epoch:035, train_loss:0.9687, val_auc:0.6667, val_ap: 0.7959
2023-04-22 14:37:24,485 - Epoch:036, train_loss:0.8856, val_auc:0.6914, val_ap: 0.8170
2023-04-22 14:37:24,771 - Epoch:037, train_loss:0.9003, val_auc:0.6914, val_ap: 0.8170
2023-04-22 14:37:25,087 - Epoch:038, train_loss:0.9538, val_auc:0.7037, val_ap: 0.8329
2023-04-22 14:37:25,408 - Epoch:039, train_loss:0.9635, val_auc:0.7037, val_ap: 0.8329
2023-04-22 14:37:25,736 - Epoch:040, train_loss:0.9184, val_auc:0.7037, val_ap: 0.8329
2023-04-22 14:37:26,055 - Epoch:041, train_loss:0.9903, val_auc:0.7037, val_ap: 0.8329
2023-04-22 14:37:26,371 - Epoch:042, train_loss:0.9078, val_auc:0.7284, val_ap: 0.8409
2023-04-22 14:37:26,685 - Epoch:043, train_loss:0.9893, val_auc:0.7284, val_ap: 0.8287
2023-04-22 14:37:26,997 - Epoch:044, train_loss:0.9604, val_auc:0.7160, val_ap: 0.8168
2023-04-22 14:37:27,310 - Epoch:045, train_loss:0.8315, val_auc:0.7037, val_ap: 0.8075
2023-04-22 14:37:27,630 - Epoch:046, train_loss:0.9472, val_auc:0.6914, val_ap: 0.8033
2023-04-22 14:37:27,949 - Epoch:047, train_loss:0.8957, val_auc:0.7037, val_ap: 0.8125
2023-04-22 14:37:28,275 - Epoch:048, train_loss:0.8648, val_auc:0.6914, val_ap: 0.8088
2023-04-22 14:37:28,588 - Epoch:049, train_loss:0.8812, val_auc:0.7160, val_ap: 0.8250
2023-04-22 14:37:28,905 - Epoch:050, train_loss:0.9861, val_auc:0.7160, val_ap: 0.8376
2023-04-22 14:37:29,228 - Epoch:051, train_loss:0.9449, val_auc:0.7037, val_ap: 0.8343
2023-04-22 14:37:29,543 - Epoch:052, train_loss:0.9056, val_auc:0.7284, val_ap: 0.8409
2023-04-22 14:37:29,856 - Epoch:053, train_loss:0.9275, val_auc:0.7160, val_ap: 0.8250
2023-04-22 14:37:30,171 - Epoch:054, train_loss:0.9728, val_auc:0.7160, val_ap: 0.8250
2023-04-22 14:37:30,493 - Epoch:055, train_loss:0.8606, val_auc:0.7160, val_ap: 0.8168
2023-04-22 14:37:30,810 - Epoch:056, train_loss:0.9277, val_auc:0.7160, val_ap: 0.8250
2023-04-22 14:37:31,129 - Epoch:057, train_loss:0.8864, val_auc:0.7160, val_ap: 0.8376
2023-04-22 14:37:31,448 - Epoch:058, train_loss:0.9196, val_auc:0.7160, val_ap: 0.8376
2023-04-22 14:37:31,762 - Epoch:059, train_loss:0.9068, val_auc:0.7407, val_ap: 0.8485
2023-04-22 14:37:32,080 - Epoch:060, train_loss:0.9260, val_auc:0.7407, val_ap: 0.8485
2023-04-22 14:37:32,394 - Epoch:061, train_loss:0.8514, val_auc:0.7407, val_ap: 0.8485
2023-04-22 14:37:32,709 - Epoch:062, train_loss:0.9574, val_auc:0.7037, val_ap: 0.8108
2023-04-22 14:37:33,026 - Epoch:063, train_loss:0.9321, val_auc:0.7037, val_ap: 0.8108
2023-04-22 14:37:33,341 - Epoch:064, train_loss:0.8381, val_auc:0.7284, val_ap: 0.8326
2023-04-22 14:37:33,655 - Epoch:065, train_loss:0.8839, val_auc:0.7284, val_ap: 0.8326
2023-04-22 14:37:33,972 - Epoch:066, train_loss:0.8711, val_auc:0.7407, val_ap: 0.8485
2023-04-22 14:37:34,286 - Epoch:067, train_loss:0.8670, val_auc:0.7407, val_ap: 0.8485
2023-04-22 14:37:34,600 - Epoch:068, train_loss:0.9357, val_auc:0.7407, val_ap: 0.8485
2023-04-22 14:37:34,911 - Epoch:069, train_loss:0.8719, val_auc:0.7407, val_ap: 0.8485
2023-04-22 14:37:35,223 - Epoch:070, train_loss:0.9479, val_auc:0.7284, val_ap: 0.8278
2023-04-22 14:37:35,536 - Epoch:071, train_loss:0.9217, val_auc:0.7160, val_ap: 0.8185
2023-04-22 14:37:35,848 - Epoch:072, train_loss:0.9738, val_auc:0.7160, val_ap: 0.8185
2023-04-22 14:37:36,162 - Epoch:073, train_loss:0.9648, val_auc:0.7407, val_ap: 0.8397
2023-04-22 14:37:36,479 - Epoch:074, train_loss:0.8694, val_auc:0.7531, val_ap: 0.8556
2023-04-22 14:37:36,794 - Epoch:075, train_loss:0.9057, val_auc:0.7654, val_ap: 0.8642
2023-04-22 14:37:37,107 - Epoch:076, train_loss:0.9680, val_auc:0.7654, val_ap: 0.8642
2023-04-22 14:37:37,419 - Epoch:077, train_loss:0.8393, val_auc:0.7654, val_ap: 0.8642
2023-04-22 14:37:37,732 - Epoch:078, train_loss:0.9583, val_auc:0.7654, val_ap: 0.8642
2023-04-22 14:37:38,044 - Epoch:079, train_loss:0.8607, val_auc:0.7531, val_ap: 0.8483
2023-04-22 14:37:38,357 - Epoch:080, train_loss:0.9543, val_auc:0.7531, val_ap: 0.8483
2023-04-22 14:37:38,678 - Epoch:081, train_loss:0.8326, val_auc:0.7654, val_ap: 0.8591
2023-04-22 14:37:38,970 - Epoch:082, train_loss:0.9191, val_auc:0.7778, val_ap: 0.8750
2023-04-22 14:37:39,301 - Epoch:083, train_loss:0.8509, val_auc:0.7654, val_ap: 0.8642
2023-04-22 14:37:39,636 - Epoch:084, train_loss:0.8510, val_auc:0.7654, val_ap: 0.8642
2023-04-22 14:37:39,969 - Epoch:085, train_loss:0.9314, val_auc:0.7778, val_ap: 0.8750
2023-04-22 14:37:40,297 - Epoch:086, train_loss:0.8381, val_auc:0.7778, val_ap: 0.8750
2023-04-22 14:37:40,621 - Epoch:087, train_loss:0.8930, val_auc:0.7901, val_ap: 0.8889
2023-04-22 14:37:40,946 - Epoch:088, train_loss:0.9440, val_auc:0.7901, val_ap: 0.8889
2023-04-22 14:37:41,265 - Epoch:089, train_loss:0.9082, val_auc:0.7778, val_ap: 0.8750
2023-04-22 14:37:41,591 - Epoch:090, train_loss:0.8678, val_auc:0.7654, val_ap: 0.8642
2023-04-22 14:37:41,926 - Epoch:091, train_loss:0.9376, val_auc:0.7654, val_ap: 0.8642
2023-04-22 14:37:42,254 - Epoch:092, train_loss:0.9048, val_auc:0.7778, val_ap: 0.8856
2023-04-22 14:37:42,570 - Epoch:093, train_loss:0.8260, val_auc:0.7778, val_ap: 0.8856
2023-04-22 14:37:42,890 - Epoch:094, train_loss:0.8282, val_auc:0.7778, val_ap: 0.8856
2023-04-22 14:37:43,208 - Epoch:095, train_loss:0.8808, val_auc:0.7778, val_ap: 0.8856
2023-04-22 14:37:43,522 - Epoch:096, train_loss:0.8241, val_auc:0.7901, val_ap: 0.8889
2023-04-22 14:37:43,835 - Epoch:097, train_loss:0.8825, val_auc:0.7901, val_ap: 0.8889
2023-04-22 14:37:44,153 - Epoch:098, train_loss:0.9073, val_auc:0.7901, val_ap: 0.8889
2023-04-22 14:37:44,469 - Epoch:099, train_loss:0.8571, val_auc:0.7901, val_ap: 0.8889
2023-04-22 14:37:44,783 - Epoch:100, train_loss:0.7422, val_auc:0.7901, val_ap: 0.8889
2023-04-22 14:37:45,098 - Epoch:101, train_loss:0.8541, val_auc:0.7901, val_ap: 0.8889
2023-04-22 14:37:45,415 - Epoch:102, train_loss:0.8973, val_auc:0.7778, val_ap: 0.8856
2023-04-22 14:37:45,728 - Epoch:103, train_loss:0.8879, val_auc:0.7778, val_ap: 0.8856
2023-04-22 14:37:46,043 - Epoch:104, train_loss:0.9222, val_auc:0.7778, val_ap: 0.8856
2023-04-22 14:37:46,363 - Epoch:105, train_loss:0.8796, val_auc:0.7778, val_ap: 0.8856
2023-04-22 14:37:46,685 - Epoch:106, train_loss:0.8234, val_auc:0.7901, val_ap: 0.8889
2023-04-22 14:37:47,007 - Epoch:107, train_loss:0.8651, val_auc:0.7901, val_ap: 0.8889
2023-04-22 14:37:47,321 - Epoch:108, train_loss:0.8984, val_auc:0.8025, val_ap: 0.8922
2023-04-22 14:37:47,642 - Epoch:109, train_loss:0.8074, val_auc:0.7901, val_ap: 0.8889
2023-04-22 14:37:47,956 - Epoch:110, train_loss:0.8850, val_auc:0.7654, val_ap: 0.8642
2023-04-22 14:37:48,272 - Epoch:111, train_loss:0.9102, val_auc:0.7654, val_ap: 0.8642
2023-04-22 14:37:48,587 - Epoch:112, train_loss:0.8934, val_auc:0.7778, val_ap: 0.8750
2023-04-22 14:37:48,902 - Epoch:113, train_loss:0.9071, val_auc:0.7778, val_ap: 0.8856
2023-04-22 14:37:49,218 - Epoch:114, train_loss:0.8579, val_auc:0.7778, val_ap: 0.8856
2023-04-22 14:37:49,540 - Epoch:115, train_loss:0.8603, val_auc:0.7778, val_ap: 0.8856
2023-04-22 14:37:49,857 - Epoch:116, train_loss:0.8716, val_auc:0.7901, val_ap: 0.8889
2023-04-22 14:37:50,169 - Epoch:117, train_loss:0.8306, val_auc:0.8025, val_ap: 0.8922
2023-04-22 14:37:50,486 - Epoch:118, train_loss:0.8670, val_auc:0.8025, val_ap: 0.8820
2023-04-22 14:37:50,806 - Epoch:119, train_loss:0.8464, val_auc:0.7778, val_ap: 0.8625
2023-04-22 14:37:51,127 - Epoch:120, train_loss:0.8880, val_auc:0.7778, val_ap: 0.8625
2023-04-22 14:37:51,445 - Epoch:121, train_loss:0.9059, val_auc:0.7654, val_ap: 0.8588
2023-04-22 14:37:51,760 - Epoch:122, train_loss:0.9290, val_auc:0.7778, val_ap: 0.8675
2023-04-22 14:37:52,087 - Epoch:123, train_loss:0.8620, val_auc:0.7901, val_ap: 0.8783
2023-04-22 14:37:52,428 - Epoch:124, train_loss:0.9001, val_auc:0.8025, val_ap: 0.8922
2023-04-22 14:37:52,749 - Epoch:125, train_loss:0.9332, val_auc:0.8025, val_ap: 0.8922
2023-04-22 14:37:53,068 - Epoch:126, train_loss:0.8769, val_auc:0.8025, val_ap: 0.8922
2023-04-22 14:37:53,384 - Epoch:127, train_loss:0.8640, val_auc:0.7654, val_ap: 0.8516
2023-04-22 14:37:53,715 - Epoch:128, train_loss:0.8177, val_auc:0.7407, val_ap: 0.8212
2023-04-22 14:37:54,043 - Epoch:129, train_loss:0.7939, val_auc:0.7284, val_ap: 0.8125
2023-04-22 14:37:54,358 - Epoch:130, train_loss:0.8933, val_auc:0.7037, val_ap: 0.7900
2023-04-22 14:37:54,670 - Epoch:131, train_loss:0.7976, val_auc:0.7037, val_ap: 0.7900
2023-04-22 14:37:54,981 - Epoch:132, train_loss:0.8584, val_auc:0.7037, val_ap: 0.7900
2023-04-22 14:37:55,294 - Epoch:133, train_loss:0.9241, val_auc:0.7160, val_ap: 0.7993
2023-04-22 14:37:55,606 - Epoch:134, train_loss:0.8828, val_auc:0.7160, val_ap: 0.7993
2023-04-22 14:37:55,916 - Epoch:135, train_loss:0.8465, val_auc:0.7284, val_ap: 0.8125
2023-04-22 14:37:56,226 - Epoch:136, train_loss:0.8332, val_auc:0.7037, val_ap: 0.8000
2023-04-22 14:37:56,531 - Epoch:137, train_loss:0.8947, val_auc:0.7037, val_ap: 0.8000
2023-04-22 14:37:56,833 - Epoch:138, train_loss:0.8383, val_auc:0.7037, val_ap: 0.7962
2023-04-22 14:37:57,143 - Epoch:139, train_loss:0.8470, val_auc:0.7037, val_ap: 0.7900
2023-04-22 14:37:57,448 - Epoch:140, train_loss:0.9169, val_auc:0.7037, val_ap: 0.7900
2023-04-22 14:37:57,757 - Epoch:141, train_loss:0.8564, val_auc:0.7037, val_ap: 0.7900
2023-04-22 14:37:58,069 - Epoch:142, train_loss:0.9032, val_auc:0.7160, val_ap: 0.8033
2023-04-22 14:37:58,392 - Epoch:143, train_loss:0.8875, val_auc:0.7284, val_ap: 0.8125
2023-04-22 14:37:58,715 - Epoch:144, train_loss:0.8666, val_auc:0.7284, val_ap: 0.8125
2023-04-22 14:37:59,038 - Epoch:145, train_loss:0.8508, val_auc:0.7160, val_ap: 0.8033
2023-04-22 14:37:59,359 - Epoch:146, train_loss:0.8584, val_auc:0.7037, val_ap: 0.7900
2023-04-22 14:37:59,680 - Epoch:147, train_loss:0.8553, val_auc:0.6914, val_ap: 0.7868
2023-04-22 14:38:00,004 - Epoch:148, train_loss:0.8016, val_auc:0.6790, val_ap: 0.7769
2023-04-22 14:38:00,332 - Epoch:149, train_loss:0.8667, val_auc:0.6790, val_ap: 0.7769
2023-04-22 14:38:00,656 - Epoch:150, train_loss:0.8931, val_auc:0.6790, val_ap: 0.7769
2023-04-22 14:38:00,980 - Epoch:151, train_loss:0.9352, val_auc:0.6914, val_ap: 0.7801
2023-04-22 14:38:01,301 - Epoch:152, train_loss:0.8933, val_auc:0.6914, val_ap: 0.7801
2023-04-22 14:38:01,623 - Epoch:153, train_loss:0.7895, val_auc:0.6914, val_ap: 0.7801
2023-04-22 14:38:01,946 - Epoch:154, train_loss:0.7945, val_auc:0.6914, val_ap: 0.7801
2023-04-22 14:38:02,268 - Epoch:155, train_loss:0.8397, val_auc:0.7160, val_ap: 0.8033
2023-04-22 14:38:02,591 - Epoch:156, train_loss:0.8553, val_auc:0.7160, val_ap: 0.8033
2023-04-22 14:38:02,912 - Epoch:157, train_loss:0.8883, val_auc:0.7160, val_ap: 0.8033
2023-04-22 14:38:03,236 - Epoch:158, train_loss:0.8433, val_auc:0.6790, val_ap: 0.7769
2023-04-22 14:38:03,557 - Epoch:159, train_loss:0.9320, val_auc:0.6790, val_ap: 0.7769
2023-04-22 14:38:03,882 - Epoch:160, train_loss:0.8906, val_auc:0.6790, val_ap: 0.7769
2023-04-22 14:38:04,202 - Epoch:161, train_loss:0.8337, val_auc:0.6790, val_ap: 0.7769
2023-04-22 14:38:04,527 - Epoch:162, train_loss:0.9243, val_auc:0.6914, val_ap: 0.7801
2023-04-22 14:38:04,846 - Epoch:163, train_loss:0.8572, val_auc:0.6790, val_ap: 0.7579
2023-04-22 14:38:05,160 - Epoch:164, train_loss:0.7698, val_auc:0.6790, val_ap: 0.7579
2023-04-22 14:38:05,476 - Epoch:165, train_loss:0.8732, val_auc:0.6790, val_ap: 0.7579
2023-04-22 14:38:05,798 - Epoch:166, train_loss:0.8402, val_auc:0.6667, val_ap: 0.7431
2023-04-22 14:38:06,120 - Epoch:167, train_loss:0.8614, val_auc:0.6667, val_ap: 0.7431
2023-04-22 14:38:06,441 - Epoch:168, train_loss:0.8258, val_auc:0.6790, val_ap: 0.7468
2023-04-22 14:38:06,761 - Epoch:169, train_loss:0.9020, val_auc:0.6790, val_ap: 0.7468
2023-04-22 14:38:07,082 - Epoch:170, train_loss:0.9127, val_auc:0.6790, val_ap: 0.7468
2023-04-22 14:38:07,402 - Epoch:171, train_loss:0.8208, val_auc:0.6420, val_ap: 0.7290
2023-04-22 14:38:07,723 - Epoch:172, train_loss:0.7680, val_auc:0.6296, val_ap: 0.7253
2023-04-22 14:38:08,047 - Epoch:173, train_loss:0.8355, val_auc:0.6296, val_ap: 0.7253
2023-04-22 14:38:08,370 - Epoch:174, train_loss:0.8333, val_auc:0.6173, val_ap: 0.7176
2023-04-22 14:38:08,692 - Epoch:175, train_loss:0.9012, val_auc:0.6173, val_ap: 0.7176
2023-04-22 14:38:09,012 - Epoch:176, train_loss:0.9087, val_auc:0.6296, val_ap: 0.7227
2023-04-22 14:38:09,333 - Epoch:177, train_loss:0.8282, val_auc:0.6173, val_ap: 0.7167
2023-04-22 14:38:09,656 - Epoch:178, train_loss:0.9139, val_auc:0.6173, val_ap: 0.7167
2023-04-22 14:38:09,981 - Epoch:179, train_loss:0.9414, val_auc:0.6173, val_ap: 0.7150
2023-04-22 14:38:10,302 - Epoch:180, train_loss:0.8668, val_auc:0.6420, val_ap: 0.7357
2023-04-22 14:38:10,625 - Epoch:181, train_loss:0.8255, val_auc:0.6420, val_ap: 0.7357
2023-04-22 14:38:10,946 - Epoch:182, train_loss:0.8694, val_auc:0.6296, val_ap: 0.7209
2023-04-22 14:38:11,269 - Epoch:183, train_loss:0.8370, val_auc:0.6296, val_ap: 0.7209
2023-04-22 14:38:11,593 - Epoch:184, train_loss:0.8586, val_auc:0.6296, val_ap: 0.7209
2023-04-22 14:38:11,914 - Epoch:185, train_loss:0.8615, val_auc:0.5802, val_ap: 0.6997
2023-04-22 14:38:12,236 - Epoch:186, train_loss:0.8693, val_auc:0.5802, val_ap: 0.6997
2023-04-22 14:38:12,554 - Epoch:187, train_loss:0.8430, val_auc:0.5926, val_ap: 0.7145
2023-04-22 14:38:12,872 - Epoch:188, train_loss:0.8253, val_auc:0.6049, val_ap: 0.7188
2023-04-22 14:38:13,195 - Epoch:189, train_loss:0.8518, val_auc:0.6173, val_ap: 0.7398
2023-04-22 14:38:13,515 - Epoch:190, train_loss:0.8750, val_auc:0.6173, val_ap: 0.7398
2023-04-22 14:38:13,837 - Epoch:191, train_loss:0.8842, val_auc:0.6049, val_ap: 0.7365
2023-04-22 14:38:14,160 - Epoch:192, train_loss:0.8797, val_auc:0.6296, val_ap: 0.7488
2023-04-22 14:38:14,476 - Epoch:193, train_loss:0.8623, val_auc:0.6173, val_ap: 0.7438
2023-04-22 14:38:14,790 - Epoch:194, train_loss:0.8199, val_auc:0.6173, val_ap: 0.7438
2023-04-22 14:38:15,109 - Epoch:195, train_loss:0.9284, val_auc:0.6173, val_ap: 0.7438
2023-04-22 14:38:15,425 - Epoch:196, train_loss:0.8605, val_auc:0.5802, val_ap: 0.7284
2023-04-22 14:38:15,741 - Epoch:197, train_loss:0.8539, val_auc:0.5802, val_ap: 0.7280
2023-04-22 14:38:16,062 - Epoch:198, train_loss:0.7947, val_auc:0.6173, val_ap: 0.7410
2023-04-22 14:38:16,379 - Epoch:199, train_loss:0.8732, val_auc:0.6914, val_ap: 0.7764
2023-04-22 14:38:16,382 - final results:
2023-04-22 14:38:16,382 - ====================================================================================
2023-04-22 14:38:16,383 - AUC:0.6705+-0.1404 [0.6419753086419753, 0.7716049382716049, 0.8148148148148149, 0.4537037037037037]
2023-04-22 14:38:16,383 - AP:0.6549+-0.1189 [0.6253050961384296, 0.7296667772026194, 0.7889339285108119, 0.47568076293286055]
2023-04-22 14:38:16,737 - Epoch:000, train_loss:4.9815, val_auc:0.8642, val_ap: 0.8606, text_auc:0.7469, text_ap: 0.8048
2023-04-22 14:38:17,058 - Epoch:001, train_loss:3.9988, val_auc:0.9259, val_ap: 0.9192, text_auc:0.7623, text_ap: 0.7885
2023-04-22 14:38:17,379 - Epoch:002, train_loss:3.7540, val_auc:0.9630, val_ap: 0.9675, text_auc:0.7901, text_ap: 0.8156
2023-04-22 14:38:17,707 - Epoch:003, train_loss:2.9575, val_auc:0.9630, val_ap: 0.9722, text_auc:0.7994, text_ap: 0.8279
2023-04-22 14:38:18,037 - Epoch:004, train_loss:2.2197, val_auc:0.9630, val_ap: 0.9722
2023-04-22 14:38:18,374 - Epoch:005, train_loss:1.6643, val_auc:0.9753, val_ap: 0.9798, text_auc:0.7593, text_ap: 0.7876
2023-04-22 14:38:18,695 - Epoch:006, train_loss:1.5421, val_auc:0.9753, val_ap: 0.9765
2023-04-22 14:38:19,016 - Epoch:007, train_loss:1.5413, val_auc:0.9877, val_ap: 0.9889, text_auc:0.7315, text_ap: 0.7718
2023-04-22 14:38:19,332 - Epoch:008, train_loss:1.5225, val_auc:0.9630, val_ap: 0.9722
2023-04-22 14:38:19,659 - Epoch:009, train_loss:1.1999, val_auc:0.9753, val_ap: 0.9765
2023-04-22 14:38:19,992 - Epoch:010, train_loss:1.2711, val_auc:0.9630, val_ap: 0.9627
2023-04-22 14:38:20,323 - Epoch:011, train_loss:1.3710, val_auc:0.9630, val_ap: 0.9627
2023-04-22 14:38:20,657 - Epoch:012, train_loss:1.2657, val_auc:0.9630, val_ap: 0.9627
2023-04-22 14:38:20,997 - Epoch:013, train_loss:1.1323, val_auc:0.9506, val_ap: 0.9536
2023-04-22 14:38:21,324 - Epoch:014, train_loss:1.3051, val_auc:0.9506, val_ap: 0.9536
2023-04-22 14:38:21,666 - Epoch:015, train_loss:1.1559, val_auc:0.9630, val_ap: 0.9675
2023-04-22 14:38:21,997 - Epoch:016, train_loss:1.0634, val_auc:0.9630, val_ap: 0.9722
2023-04-22 14:38:22,333 - Epoch:017, train_loss:1.0513, val_auc:0.9630, val_ap: 0.9722
2023-04-22 14:38:22,672 - Epoch:018, train_loss:1.2121, val_auc:0.9630, val_ap: 0.9722
2023-04-22 14:38:23,003 - Epoch:019, train_loss:1.0660, val_auc:0.9753, val_ap: 0.9798
2023-04-22 14:38:23,337 - Epoch:020, train_loss:0.9407, val_auc:0.9753, val_ap: 0.9798
2023-04-22 14:38:23,670 - Epoch:021, train_loss:1.0172, val_auc:0.9383, val_ap: 0.9603
2023-04-22 14:38:24,012 - Epoch:022, train_loss:0.9872, val_auc:0.9383, val_ap: 0.9603
2023-04-22 14:38:24,341 - Epoch:023, train_loss:0.9444, val_auc:0.9383, val_ap: 0.9603
2023-04-22 14:38:24,677 - Epoch:024, train_loss:0.9288, val_auc:0.9383, val_ap: 0.9603
2023-04-22 14:38:24,995 - Epoch:025, train_loss:0.9474, val_auc:0.9506, val_ap: 0.9658
2023-04-22 14:38:25,310 - Epoch:026, train_loss:0.9878, val_auc:0.9506, val_ap: 0.9658
2023-04-22 14:38:25,631 - Epoch:027, train_loss:1.1130, val_auc:0.9383, val_ap: 0.9603
2023-04-22 14:38:25,961 - Epoch:028, train_loss:0.9897, val_auc:0.9383, val_ap: 0.9603
2023-04-22 14:38:26,162 - Epoch:029, train_loss:0.9282, val_auc:0.9259, val_ap: 0.9480
2023-04-22 14:38:26,315 - Epoch:030, train_loss:0.9447, val_auc:0.9383, val_ap: 0.9603
2023-04-22 14:38:26,466 - Epoch:031, train_loss:1.0026, val_auc:0.9259, val_ap: 0.9480
2023-04-22 14:38:26,616 - Epoch:032, train_loss:0.9836, val_auc:0.9383, val_ap: 0.9603
2023-04-22 14:38:26,767 - Epoch:033, train_loss:0.9922, val_auc:0.9383, val_ap: 0.9603
2023-04-22 14:38:26,917 - Epoch:034, train_loss:1.0428, val_auc:0.9259, val_ap: 0.9556
2023-04-22 14:38:27,069 - Epoch:035, train_loss:0.8703, val_auc:0.9259, val_ap: 0.9556
2023-04-22 14:38:27,195 - Epoch:036, train_loss:0.9230, val_auc:0.9259, val_ap: 0.9556
2023-04-22 14:38:27,317 - Epoch:037, train_loss:0.9808, val_auc:0.9136, val_ap: 0.9514
2023-04-22 14:38:27,435 - Epoch:038, train_loss:0.8119, val_auc:0.9136, val_ap: 0.9514
2023-04-22 14:38:27,561 - Epoch:039, train_loss:0.8403, val_auc:0.9136, val_ap: 0.9514
2023-04-22 14:38:27,692 - Epoch:040, train_loss:0.8591, val_auc:0.9136, val_ap: 0.9514
2023-04-22 14:38:27,815 - Epoch:041, train_loss:0.9378, val_auc:0.9136, val_ap: 0.9432
2023-04-22 14:38:27,941 - Epoch:042, train_loss:0.9654, val_auc:0.9012, val_ap: 0.9293
2023-04-22 14:38:28,065 - Epoch:043, train_loss:0.9299, val_auc:0.8889, val_ap: 0.9194
2023-04-22 14:38:28,185 - Epoch:044, train_loss:0.9075, val_auc:0.8889, val_ap: 0.9161
2023-04-22 14:38:28,305 - Epoch:045, train_loss:0.9579, val_auc:0.8889, val_ap: 0.9161
2023-04-22 14:38:28,424 - Epoch:046, train_loss:1.0067, val_auc:0.8889, val_ap: 0.9161
2023-04-22 14:38:28,545 - Epoch:047, train_loss:0.8957, val_auc:0.8889, val_ap: 0.9161
2023-04-22 14:38:28,677 - Epoch:048, train_loss:0.8040, val_auc:0.8889, val_ap: 0.9161
2023-04-22 14:38:28,802 - Epoch:049, train_loss:0.9380, val_auc:0.8889, val_ap: 0.9161
2023-04-22 14:38:28,929 - Epoch:050, train_loss:0.8955, val_auc:0.8519, val_ap: 0.8919
2023-04-22 14:38:29,048 - Epoch:051, train_loss:0.8491, val_auc:0.8642, val_ap: 0.9006
2023-04-22 14:38:29,169 - Epoch:052, train_loss:0.9304, val_auc:0.8642, val_ap: 0.9006
2023-04-22 14:38:29,289 - Epoch:053, train_loss:0.9319, val_auc:0.8519, val_ap: 0.8919
2023-04-22 14:38:29,410 - Epoch:054, train_loss:0.8850, val_auc:0.8272, val_ap: 0.8795
2023-04-22 14:38:29,535 - Epoch:055, train_loss:0.8852, val_auc:0.8148, val_ap: 0.8724
2023-04-22 14:38:29,652 - Epoch:056, train_loss:0.9319, val_auc:0.8025, val_ap: 0.8665
2023-04-22 14:38:29,773 - Epoch:057, train_loss:1.0102, val_auc:0.8025, val_ap: 0.8675
2023-04-22 14:38:29,899 - Epoch:058, train_loss:0.9129, val_auc:0.8148, val_ap: 0.8724
2023-04-22 14:38:30,021 - Epoch:059, train_loss:0.9536, val_auc:0.8272, val_ap: 0.8772
2023-04-22 14:38:30,144 - Epoch:060, train_loss:0.8615, val_auc:0.8025, val_ap: 0.8682
2023-04-22 14:38:30,267 - Epoch:061, train_loss:0.9046, val_auc:0.7407, val_ap: 0.8243
2023-04-22 14:38:30,387 - Epoch:062, train_loss:0.9741, val_auc:0.7037, val_ap: 0.8077
2023-04-22 14:38:30,507 - Epoch:063, train_loss:0.9112, val_auc:0.6914, val_ap: 0.8040
2023-04-22 14:38:30,627 - Epoch:064, train_loss:0.9032, val_auc:0.7037, val_ap: 0.8073
2023-04-22 14:38:30,748 - Epoch:065, train_loss:0.8682, val_auc:0.7037, val_ap: 0.8088
2023-04-22 14:38:30,869 - Epoch:066, train_loss:0.8695, val_auc:0.7284, val_ap: 0.8162
2023-04-22 14:38:30,991 - Epoch:067, train_loss:0.9823, val_auc:0.7654, val_ap: 0.8428
2023-04-22 14:38:31,115 - Epoch:068, train_loss:0.8559, val_auc:0.7654, val_ap: 0.8428
2023-04-22 14:38:31,237 - Epoch:069, train_loss:0.8899, val_auc:0.7654, val_ap: 0.8428
2023-04-22 14:38:31,360 - Epoch:070, train_loss:0.8496, val_auc:0.7284, val_ap: 0.8287
2023-04-22 14:38:31,481 - Epoch:071, train_loss:0.8353, val_auc:0.7037, val_ap: 0.8125
2023-04-22 14:38:31,606 - Epoch:072, train_loss:0.8402, val_auc:0.6790, val_ap: 0.7996
2023-04-22 14:38:31,724 - Epoch:073, train_loss:0.9449, val_auc:0.6790, val_ap: 0.7964
2023-04-22 14:38:31,845 - Epoch:074, train_loss:0.9147, val_auc:0.6914, val_ap: 0.8056
2023-04-22 14:38:31,969 - Epoch:075, train_loss:0.8522, val_auc:0.6914, val_ap: 0.8056
2023-04-22 14:38:32,090 - Epoch:076, train_loss:0.9314, val_auc:0.6790, val_ap: 0.8006
2023-04-22 14:38:32,211 - Epoch:077, train_loss:0.9120, val_auc:0.6667, val_ap: 0.7959
2023-04-22 14:38:32,335 - Epoch:078, train_loss:0.9151, val_auc:0.6790, val_ap: 0.8051
2023-04-22 14:38:32,457 - Epoch:079, train_loss:0.8620, val_auc:0.6790, val_ap: 0.8051
2023-04-22 14:38:32,576 - Epoch:080, train_loss:0.8628, val_auc:0.6914, val_ap: 0.8056
2023-04-22 14:38:32,702 - Epoch:081, train_loss:0.9346, val_auc:0.6914, val_ap: 0.8056
2023-04-22 14:38:32,820 - Epoch:082, train_loss:0.7951, val_auc:0.6543, val_ap: 0.7690
2023-04-22 14:38:32,943 - Epoch:083, train_loss:0.9020, val_auc:0.6543, val_ap: 0.7690
2023-04-22 14:38:33,070 - Epoch:084, train_loss:0.8943, val_auc:0.6667, val_ap: 0.7723
2023-04-22 14:38:33,197 - Epoch:085, train_loss:0.9325, val_auc:0.6173, val_ap: 0.7534
2023-04-22 14:38:33,323 - Epoch:086, train_loss:0.9411, val_auc:0.6296, val_ap: 0.7571
2023-04-22 14:38:33,449 - Epoch:087, train_loss:0.9374, val_auc:0.6790, val_ap: 0.7913
2023-04-22 14:38:33,572 - Epoch:088, train_loss:0.9691, val_auc:0.6543, val_ap: 0.7833
2023-04-22 14:38:33,699 - Epoch:089, train_loss:0.9040, val_auc:0.6667, val_ap: 0.7952
2023-04-22 14:38:33,824 - Epoch:090, train_loss:0.9254, val_auc:0.6667, val_ap: 0.7952
2023-04-22 14:38:33,951 - Epoch:091, train_loss:0.8629, val_auc:0.6667, val_ap: 0.7838
2023-04-22 14:38:34,074 - Epoch:092, train_loss:0.8548, val_auc:0.6667, val_ap: 0.7764
2023-04-22 14:38:34,199 - Epoch:093, train_loss:0.9525, val_auc:0.6543, val_ap: 0.7705
2023-04-22 14:38:34,322 - Epoch:094, train_loss:0.8258, val_auc:0.6296, val_ap: 0.7613
2023-04-22 14:38:34,444 - Epoch:095, train_loss:0.9294, val_auc:0.6296, val_ap: 0.7668
2023-04-22 14:38:34,570 - Epoch:096, train_loss:0.9204, val_auc:0.6543, val_ap: 0.7738
2023-04-22 14:38:34,695 - Epoch:097, train_loss:0.8904, val_auc:0.6420, val_ap: 0.7701
2023-04-22 14:38:34,822 - Epoch:098, train_loss:0.8438, val_auc:0.6296, val_ap: 0.7668
2023-04-22 14:38:34,940 - Epoch:099, train_loss:0.8500, val_auc:0.6420, val_ap: 0.7887
2023-04-22 14:38:35,064 - Epoch:100, train_loss:0.8812, val_auc:0.6543, val_ap: 0.7920
2023-04-22 14:38:35,190 - Epoch:101, train_loss:0.8452, val_auc:0.6667, val_ap: 0.7952
2023-04-22 14:38:35,312 - Epoch:102, train_loss:0.8240, val_auc:0.6790, val_ap: 0.8138
2023-04-22 14:38:35,430 - Epoch:103, train_loss:0.8962, val_auc:0.6667, val_ap: 0.7952
2023-04-22 14:38:35,551 - Epoch:104, train_loss:0.8261, val_auc:0.6543, val_ap: 0.7920
2023-04-22 14:38:35,673 - Epoch:105, train_loss:0.9071, val_auc:0.6667, val_ap: 0.7952
2023-04-22 14:38:35,796 - Epoch:106, train_loss:0.8900, val_auc:0.6667, val_ap: 0.7952
2023-04-22 14:38:35,916 - Epoch:107, train_loss:0.8760, val_auc:0.6667, val_ap: 0.7952
2023-04-22 14:38:36,034 - Epoch:108, train_loss:0.9497, val_auc:0.6667, val_ap: 0.7810
2023-04-22 14:38:36,158 - Epoch:109, train_loss:0.8806, val_auc:0.6667, val_ap: 0.7810
2023-04-22 14:38:36,281 - Epoch:110, train_loss:0.9195, val_auc:0.6914, val_ap: 0.7946
2023-04-22 14:38:36,413 - Epoch:111, train_loss:0.8786, val_auc:0.6543, val_ap: 0.7734
2023-04-22 14:38:36,540 - Epoch:112, train_loss:0.7945, val_auc:0.6543, val_ap: 0.7734
2023-04-22 14:38:36,665 - Epoch:113, train_loss:0.9756, val_auc:0.6543, val_ap: 0.7734
2023-04-22 14:38:36,790 - Epoch:114, train_loss:0.9082, val_auc:0.6543, val_ap: 0.7734
2023-04-22 14:38:36,916 - Epoch:115, train_loss:0.7962, val_auc:0.6667, val_ap: 0.7810
2023-04-22 14:38:37,041 - Epoch:116, train_loss:0.9165, val_auc:0.6667, val_ap: 0.7821
2023-04-22 14:38:37,164 - Epoch:117, train_loss:0.8826, val_auc:0.6667, val_ap: 0.7821
2023-04-22 14:38:37,284 - Epoch:118, train_loss:0.8397, val_auc:0.6420, val_ap: 0.7741
2023-04-22 14:38:37,406 - Epoch:119, train_loss:0.8483, val_auc:0.6667, val_ap: 0.7866
2023-04-22 14:38:37,523 - Epoch:120, train_loss:0.8931, val_auc:0.7037, val_ap: 0.8065
2023-04-22 14:38:37,645 - Epoch:121, train_loss:0.8540, val_auc:0.7160, val_ap: 0.8115
2023-04-22 14:38:37,768 - Epoch:122, train_loss:0.9185, val_auc:0.7160, val_ap: 0.8115
2023-04-22 14:38:37,892 - Epoch:123, train_loss:0.9153, val_auc:0.7037, val_ap: 0.7996
2023-04-22 14:38:38,012 - Epoch:124, train_loss:0.8346, val_auc:0.6790, val_ap: 0.7903
2023-04-22 14:38:38,135 - Epoch:125, train_loss:0.8144, val_auc:0.6667, val_ap: 0.7866
2023-04-22 14:38:38,261 - Epoch:126, train_loss:0.9247, val_auc:0.6667, val_ap: 0.7866
2023-04-22 14:38:38,386 - Epoch:127, train_loss:0.8677, val_auc:0.6667, val_ap: 0.7866
2023-04-22 14:38:38,504 - Epoch:128, train_loss:0.8627, val_auc:0.6790, val_ap: 0.7903
2023-04-22 14:38:38,627 - Epoch:129, train_loss:0.9413, val_auc:0.7160, val_ap: 0.8033
2023-04-22 14:38:38,748 - Epoch:130, train_loss:0.9415, val_auc:0.7160, val_ap: 0.8055
2023-04-22 14:38:38,867 - Epoch:131, train_loss:0.9215, val_auc:0.7037, val_ap: 0.7922
2023-04-22 14:38:38,991 - Epoch:132, train_loss:0.9003, val_auc:0.7037, val_ap: 0.7922
2023-04-22 14:38:39,115 - Epoch:133, train_loss:0.9043, val_auc:0.6914, val_ap: 0.7863
2023-04-22 14:38:39,238 - Epoch:134, train_loss:0.8671, val_auc:0.6667, val_ap: 0.7775
2023-04-22 14:38:39,362 - Epoch:135, train_loss:0.8365, val_auc:0.6667, val_ap: 0.7880
2023-04-22 14:38:39,487 - Epoch:136, train_loss:0.8475, val_auc:0.6790, val_ap: 0.7930
2023-04-22 14:38:39,614 - Epoch:137, train_loss:0.8454, val_auc:0.6790, val_ap: 0.7930
2023-04-22 14:38:39,740 - Epoch:138, train_loss:0.8114, val_auc:0.7160, val_ap: 0.8042
2023-04-22 14:38:39,861 - Epoch:139, train_loss:0.9082, val_auc:0.7284, val_ap: 0.8091
2023-04-22 14:38:39,987 - Epoch:140, train_loss:0.8560, val_auc:0.7407, val_ap: 0.8260
2023-04-22 14:38:40,111 - Epoch:141, train_loss:0.8235, val_auc:0.7654, val_ap: 0.8384
2023-04-22 14:38:40,235 - Epoch:142, train_loss:0.8546, val_auc:0.7778, val_ap: 0.8471
2023-04-22 14:38:40,360 - Epoch:143, train_loss:0.8424, val_auc:0.7407, val_ap: 0.8315
2023-04-22 14:38:40,484 - Epoch:144, train_loss:0.8805, val_auc:0.7160, val_ap: 0.8207
2023-04-22 14:38:40,611 - Epoch:145, train_loss:0.8572, val_auc:0.7160, val_ap: 0.8207
2023-04-22 14:38:40,739 - Epoch:146, train_loss:0.8633, val_auc:0.7284, val_ap: 0.8244
2023-04-22 14:38:40,861 - Epoch:147, train_loss:0.9041, val_auc:0.7407, val_ap: 0.8277
2023-04-22 14:38:40,992 - Epoch:148, train_loss:0.8616, val_auc:0.7531, val_ap: 0.8314
2023-04-22 14:38:41,114 - Epoch:149, train_loss:0.8213, val_auc:0.7531, val_ap: 0.8314
2023-04-22 14:38:41,241 - Epoch:150, train_loss:0.8570, val_auc:0.7531, val_ap: 0.8314
2023-04-22 14:38:41,363 - Epoch:151, train_loss:0.9023, val_auc:0.7654, val_ap: 0.8433
2023-04-22 14:38:41,485 - Epoch:152, train_loss:0.8705, val_auc:0.7778, val_ap: 0.8475
2023-04-22 14:38:41,604 - Epoch:153, train_loss:0.8525, val_auc:0.7901, val_ap: 0.8517
2023-04-22 14:38:41,728 - Epoch:154, train_loss:0.9312, val_auc:0.7778, val_ap: 0.8458
2023-04-22 14:38:41,856 - Epoch:155, train_loss:0.8159, val_auc:0.7901, val_ap: 0.8507
2023-04-22 14:38:41,976 - Epoch:156, train_loss:0.9110, val_auc:0.7778, val_ap: 0.8465
2023-04-22 14:38:42,099 - Epoch:157, train_loss:0.9045, val_auc:0.7778, val_ap: 0.8475
2023-04-22 14:38:42,227 - Epoch:158, train_loss:0.8654, val_auc:0.7654, val_ap: 0.8416
2023-04-22 14:38:42,347 - Epoch:159, train_loss:0.8655, val_auc:0.7531, val_ap: 0.8374
2023-04-22 14:38:42,469 - Epoch:160, train_loss:0.8729, val_auc:0.7531, val_ap: 0.8366
2023-04-22 14:38:42,591 - Epoch:161, train_loss:0.8434, val_auc:0.7531, val_ap: 0.8366
2023-04-22 14:38:42,715 - Epoch:162, train_loss:0.8567, val_auc:0.7778, val_ap: 0.8475
2023-04-22 14:38:42,842 - Epoch:163, train_loss:0.8337, val_auc:0.8148, val_ap: 0.8651
2023-04-22 14:38:42,966 - Epoch:164, train_loss:0.8648, val_auc:0.8148, val_ap: 0.8622
2023-04-22 14:38:43,096 - Epoch:165, train_loss:0.7744, val_auc:0.8272, val_ap: 0.8670
2023-04-22 14:38:43,224 - Epoch:166, train_loss:0.9038, val_auc:0.8025, val_ap: 0.8581
2023-04-22 14:38:43,355 - Epoch:167, train_loss:0.8396, val_auc:0.8148, val_ap: 0.8651
2023-04-22 14:38:43,643 - Epoch:168, train_loss:0.8704, val_auc:0.8025, val_ap: 0.8517
2023-04-22 14:38:43,965 - Epoch:169, train_loss:0.8443, val_auc:0.7901, val_ap: 0.8468
2023-04-22 14:38:44,280 - Epoch:170, train_loss:0.9038, val_auc:0.7778, val_ap: 0.8405
2023-04-22 14:38:44,600 - Epoch:171, train_loss:0.8212, val_auc:0.7901, val_ap: 0.8462
2023-04-22 14:38:44,912 - Epoch:172, train_loss:0.8722, val_auc:0.7778, val_ap: 0.8277
2023-04-22 14:38:45,233 - Epoch:173, train_loss:0.9475, val_auc:0.7531, val_ap: 0.8087
2023-04-22 14:38:45,559 - Epoch:174, train_loss:0.9280, val_auc:0.7284, val_ap: 0.7996
2023-04-22 14:38:45,874 - Epoch:175, train_loss:0.8477, val_auc:0.7407, val_ap: 0.8128
2023-04-22 14:38:46,191 - Epoch:176, train_loss:0.8853, val_auc:0.7654, val_ap: 0.8241
2023-04-22 14:38:46,505 - Epoch:177, train_loss:0.8495, val_auc:0.7531, val_ap: 0.8205
2023-04-22 14:38:46,825 - Epoch:178, train_loss:0.8605, val_auc:0.7531, val_ap: 0.8205
2023-04-22 14:38:47,108 - Epoch:179, train_loss:0.8643, val_auc:0.7407, val_ap: 0.8072
2023-04-22 14:38:47,420 - Epoch:180, train_loss:0.8215, val_auc:0.7531, val_ap: 0.8109
2023-04-22 14:38:47,732 - Epoch:181, train_loss:0.8109, val_auc:0.7407, val_ap: 0.8067
2023-04-22 14:38:48,043 - Epoch:182, train_loss:0.8744, val_auc:0.7407, val_ap: 0.8067
2023-04-22 14:38:48,355 - Epoch:183, train_loss:0.8727, val_auc:0.7284, val_ap: 0.8030
2023-04-22 14:38:48,667 - Epoch:184, train_loss:0.9281, val_auc:0.7284, val_ap: 0.8030
2023-04-22 14:38:48,980 - Epoch:185, train_loss:0.8156, val_auc:0.7284, val_ap: 0.8030
2023-04-22 14:38:49,292 - Epoch:186, train_loss:0.8143, val_auc:0.7407, val_ap: 0.8162
2023-04-22 14:38:49,603 - Epoch:187, train_loss:0.8667, val_auc:0.7284, val_ap: 0.8125
2023-04-22 14:38:49,915 - Epoch:188, train_loss:0.8386, val_auc:0.7160, val_ap: 0.7993
2023-04-22 14:38:50,226 - Epoch:189, train_loss:0.8063, val_auc:0.7160, val_ap: 0.7993
2023-04-22 14:38:50,539 - Epoch:190, train_loss:0.8150, val_auc:0.7160, val_ap: 0.7993
2023-04-22 14:38:50,851 - Epoch:191, train_loss:0.8514, val_auc:0.7160, val_ap: 0.7993
2023-04-22 14:38:51,163 - Epoch:192, train_loss:0.7950, val_auc:0.7284, val_ap: 0.8030
2023-04-22 14:38:51,475 - Epoch:193, train_loss:0.8728, val_auc:0.7407, val_ap: 0.8116
2023-04-22 14:38:51,788 - Epoch:194, train_loss:0.8111, val_auc:0.7654, val_ap: 0.8208
2023-04-22 14:38:52,099 - Epoch:195, train_loss:0.8455, val_auc:0.7531, val_ap: 0.8175
2023-04-22 14:38:52,412 - Epoch:196, train_loss:0.8550, val_auc:0.7407, val_ap: 0.8126
2023-04-22 14:38:52,723 - Epoch:197, train_loss:0.9123, val_auc:0.7407, val_ap: 0.8212
2023-04-22 14:38:53,035 - Epoch:198, train_loss:0.9657, val_auc:0.7284, val_ap: 0.8079
2023-04-22 14:38:53,347 - Epoch:199, train_loss:0.9205, val_auc:0.7407, val_ap: 0.8116
2023-04-22 14:38:53,349 - final results:
2023-04-22 14:38:53,350 - ====================================================================================
2023-04-22 14:38:53,350 - AUC:0.6827+-0.1279 [0.6419753086419753, 0.7716049382716049, 0.8148148148148149, 0.4537037037037037, 0.7314814814814815]
2023-04-22 14:38:53,350 - AP:0.6783+-0.1162 [0.6253050961384296, 0.7296667772026194, 0.7889339285108119, 0.47568076293286055, 0.7717714792469694]
