2023-04-22 14:20:10,708 - args: Namespace(dataset='Cornell', datapath='../dataset', log_dir='logs/', name='debug', epoch=200, model_lr=0.01, mi_lr=0.003, alpha=0.01, k=5, x_dim=64, mi_iter=5, routit=3, val_frac=0.05, test_frac=0.1, dropout=0, model='GAE', mi_est='CLUBSample', gpu=-1, trails=5, seed=-1, verbose=1, argv=['/home/dell/zxj/VGDAE_TNNLS_1/VGDAE/Updata/other_dataset/DGAE/main.py'], device=device(type='cuda', index=1))
2023-04-22 14:20:21,703 - Epoch:000, train_loss:4.9788, val_auc:0.7656, val_ap: 0.8471, text_auc:0.8008, text_ap: 0.8521
2023-04-22 14:20:22,010 - Epoch:001, train_loss:3.8423, val_auc:0.8125, val_ap: 0.8519, text_auc:0.8125, text_ap: 0.8625
2023-04-22 14:20:22,317 - Epoch:002, train_loss:3.4985, val_auc:0.7812, val_ap: 0.7941
2023-04-22 14:20:22,628 - Epoch:003, train_loss:2.5324, val_auc:0.6875, val_ap: 0.6927
2023-04-22 14:20:22,939 - Epoch:004, train_loss:2.0222, val_auc:0.6406, val_ap: 0.6678
2023-04-22 14:20:23,251 - Epoch:005, train_loss:1.7032, val_auc:0.5781, val_ap: 0.6009
2023-04-22 14:20:23,555 - Epoch:006, train_loss:1.4096, val_auc:0.5625, val_ap: 0.5920
2023-04-22 14:20:23,865 - Epoch:007, train_loss:1.4680, val_auc:0.5625, val_ap: 0.5920
2023-04-22 14:20:24,170 - Epoch:008, train_loss:1.4073, val_auc:0.5625, val_ap: 0.5920
2023-04-22 14:20:24,478 - Epoch:009, train_loss:1.4077, val_auc:0.5469, val_ap: 0.5837
2023-04-22 14:20:24,790 - Epoch:010, train_loss:1.1588, val_auc:0.5469, val_ap: 0.5854
2023-04-22 14:20:25,097 - Epoch:011, train_loss:1.1279, val_auc:0.5469, val_ap: 0.5854
2023-04-22 14:20:25,407 - Epoch:012, train_loss:1.1982, val_auc:0.5938, val_ap: 0.6098
2023-04-22 14:20:25,716 - Epoch:013, train_loss:1.2188, val_auc:0.6094, val_ap: 0.6185
2023-04-22 14:20:26,022 - Epoch:014, train_loss:1.1800, val_auc:0.6094, val_ap: 0.6185
2023-04-22 14:20:26,331 - Epoch:015, train_loss:1.1794, val_auc:0.5938, val_ap: 0.6119
2023-04-22 14:20:26,643 - Epoch:016, train_loss:1.3004, val_auc:0.5781, val_ap: 0.6051
2023-04-22 14:20:26,948 - Epoch:017, train_loss:1.2213, val_auc:0.5781, val_ap: 0.6051
2023-04-22 14:20:27,249 - Epoch:018, train_loss:1.1501, val_auc:0.5781, val_ap: 0.6032
2023-04-22 14:20:27,560 - Epoch:019, train_loss:1.2488, val_auc:0.5781, val_ap: 0.6032
2023-04-22 14:20:27,870 - Epoch:020, train_loss:1.1249, val_auc:0.5938, val_ap: 0.6119
2023-04-22 14:20:28,174 - Epoch:021, train_loss:1.2057, val_auc:0.5625, val_ap: 0.5977
2023-04-22 14:20:28,484 - Epoch:022, train_loss:1.1028, val_auc:0.5625, val_ap: 0.5977
2023-04-22 14:20:28,788 - Epoch:023, train_loss:0.9730, val_auc:0.5625, val_ap: 0.5977
2023-04-22 14:20:29,098 - Epoch:024, train_loss:1.1545, val_auc:0.5781, val_ap: 0.6064
2023-04-22 14:20:29,402 - Epoch:025, train_loss:1.1926, val_auc:0.5781, val_ap: 0.6064
2023-04-22 14:20:29,704 - Epoch:026, train_loss:1.0162, val_auc:0.5938, val_ap: 0.6189
2023-04-22 14:20:30,015 - Epoch:027, train_loss:0.9560, val_auc:0.5938, val_ap: 0.6311
2023-04-22 14:20:30,325 - Epoch:028, train_loss:1.0215, val_auc:0.6094, val_ap: 0.6436
2023-04-22 14:20:30,629 - Epoch:029, train_loss:1.0685, val_auc:0.6406, val_ap: 0.6678
2023-04-22 14:20:30,938 - Epoch:030, train_loss:0.9916, val_auc:0.6250, val_ap: 0.6610
2023-04-22 14:20:31,243 - Epoch:031, train_loss:1.0542, val_auc:0.6406, val_ap: 0.6697
2023-04-22 14:20:31,553 - Epoch:032, train_loss:0.9621, val_auc:0.6250, val_ap: 0.6642
2023-04-22 14:20:31,857 - Epoch:033, train_loss:0.9670, val_auc:0.6250, val_ap: 0.6642
2023-04-22 14:20:32,166 - Epoch:034, train_loss:1.1094, val_auc:0.6094, val_ap: 0.6586
2023-04-22 14:20:32,471 - Epoch:035, train_loss:0.9533, val_auc:0.5781, val_ap: 0.6409
2023-04-22 14:20:32,780 - Epoch:036, train_loss:1.0798, val_auc:0.5938, val_ap: 0.6466
2023-04-22 14:20:33,091 - Epoch:037, train_loss:0.9839, val_auc:0.6094, val_ap: 0.6534
2023-04-22 14:20:33,396 - Epoch:038, train_loss:0.8813, val_auc:0.6094, val_ap: 0.6534
2023-04-22 14:20:33,699 - Epoch:039, train_loss:0.9852, val_auc:0.6250, val_ap: 0.6600
2023-04-22 14:20:34,008 - Epoch:040, train_loss:1.0223, val_auc:0.6250, val_ap: 0.6600
2023-04-22 14:20:34,312 - Epoch:041, train_loss:1.0104, val_auc:0.6250, val_ap: 0.6600
2023-04-22 14:20:34,623 - Epoch:042, train_loss:0.9151, val_auc:0.5938, val_ap: 0.6466
2023-04-22 14:20:34,927 - Epoch:043, train_loss:0.9294, val_auc:0.5625, val_ap: 0.6362
2023-04-22 14:20:35,235 - Epoch:044, train_loss:1.0309, val_auc:0.5469, val_ap: 0.6292
2023-04-22 14:20:35,540 - Epoch:045, train_loss:0.9144, val_auc:0.5469, val_ap: 0.6283
2023-04-22 14:20:35,843 - Epoch:046, train_loss:0.8911, val_auc:0.5469, val_ap: 0.6305
2023-04-22 14:20:36,144 - Epoch:047, train_loss:0.9287, val_auc:0.5469, val_ap: 0.6305
2023-04-22 14:20:36,453 - Epoch:048, train_loss:0.9722, val_auc:0.5469, val_ap: 0.6305
2023-04-22 14:20:36,758 - Epoch:049, train_loss:0.8818, val_auc:0.5469, val_ap: 0.6305
2023-04-22 14:20:37,067 - Epoch:050, train_loss:0.8751, val_auc:0.5469, val_ap: 0.6305
2023-04-22 14:20:37,372 - Epoch:051, train_loss:0.9996, val_auc:0.5469, val_ap: 0.6305
2023-04-22 14:20:37,674 - Epoch:052, train_loss:1.0022, val_auc:0.5625, val_ap: 0.6353
2023-04-22 14:20:37,976 - Epoch:053, train_loss:0.8669, val_auc:0.5469, val_ap: 0.6674
2023-04-22 14:20:38,285 - Epoch:054, train_loss:0.8414, val_auc:0.5469, val_ap: 0.6674
2023-04-22 14:20:38,590 - Epoch:055, train_loss:0.9084, val_auc:0.5469, val_ap: 0.6674
2023-04-22 14:20:38,891 - Epoch:056, train_loss:0.9465, val_auc:0.5469, val_ap: 0.6674
2023-04-22 14:20:39,193 - Epoch:057, train_loss:0.8895, val_auc:0.5312, val_ap: 0.6626
2023-04-22 14:20:39,504 - Epoch:058, train_loss:0.9940, val_auc:0.5156, val_ap: 0.6584
2023-04-22 14:20:39,807 - Epoch:059, train_loss:0.9524, val_auc:0.5156, val_ap: 0.6584
2023-04-22 14:20:40,116 - Epoch:060, train_loss:0.9614, val_auc:0.5156, val_ap: 0.6584
2023-04-22 14:20:40,420 - Epoch:061, train_loss:0.9852, val_auc:0.5156, val_ap: 0.6610
2023-04-22 14:20:40,723 - Epoch:062, train_loss:0.8832, val_auc:0.5156, val_ap: 0.6610
2023-04-22 14:20:41,031 - Epoch:063, train_loss:0.9034, val_auc:0.5312, val_ap: 0.6667
2023-04-22 14:20:41,336 - Epoch:064, train_loss:0.9878, val_auc:0.5469, val_ap: 0.6709
2023-04-22 14:20:41,639 - Epoch:065, train_loss:0.9334, val_auc:0.5469, val_ap: 0.6709
2023-04-22 14:20:41,948 - Epoch:066, train_loss:0.9970, val_auc:0.5469, val_ap: 0.6709
2023-04-22 14:20:42,256 - Epoch:067, train_loss:0.8495, val_auc:0.5469, val_ap: 0.6709
2023-04-22 14:20:42,563 - Epoch:068, train_loss:0.9040, val_auc:0.5312, val_ap: 0.6652
2023-04-22 14:20:42,866 - Epoch:069, train_loss:0.9461, val_auc:0.5156, val_ap: 0.6604
2023-04-22 14:20:43,168 - Epoch:070, train_loss:0.9148, val_auc:0.4844, val_ap: 0.6521
2023-04-22 14:20:43,471 - Epoch:071, train_loss:0.9450, val_auc:0.4844, val_ap: 0.6521
2023-04-22 14:20:43,773 - Epoch:072, train_loss:0.8198, val_auc:0.5000, val_ap: 0.6833
2023-04-22 14:20:44,088 - Epoch:073, train_loss:0.9388, val_auc:0.5000, val_ap: 0.6833
2023-04-22 14:20:44,394 - Epoch:074, train_loss:0.8352, val_auc:0.5000, val_ap: 0.6833
2023-04-22 14:20:44,698 - Epoch:075, train_loss:0.8571, val_auc:0.5156, val_ap: 0.6875
2023-04-22 14:20:45,000 - Epoch:076, train_loss:0.8537, val_auc:0.5312, val_ap: 0.6923
2023-04-22 14:20:45,302 - Epoch:077, train_loss:0.8982, val_auc:0.5312, val_ap: 0.6916
2023-04-22 14:20:45,611 - Epoch:078, train_loss:0.9050, val_auc:0.5312, val_ap: 0.6916
2023-04-22 14:20:45,916 - Epoch:079, train_loss:0.9044, val_auc:0.5000, val_ap: 0.6833
2023-04-22 14:20:46,218 - Epoch:080, train_loss:0.9279, val_auc:0.4531, val_ap: 0.6640
2023-04-22 14:20:46,521 - Epoch:081, train_loss:0.9512, val_auc:0.4531, val_ap: 0.6640
2023-04-22 14:20:46,830 - Epoch:082, train_loss:1.0123, val_auc:0.4531, val_ap: 0.6640
2023-04-22 14:20:47,134 - Epoch:083, train_loss:0.9097, val_auc:0.4531, val_ap: 0.6640
2023-04-22 14:20:47,436 - Epoch:084, train_loss:0.9755, val_auc:0.4531, val_ap: 0.6640
2023-04-22 14:20:47,744 - Epoch:085, train_loss:0.8758, val_auc:0.4531, val_ap: 0.6640
2023-04-22 14:20:48,049 - Epoch:086, train_loss:0.9252, val_auc:0.4375, val_ap: 0.6327
2023-04-22 14:20:48,352 - Epoch:087, train_loss:0.8537, val_auc:0.4375, val_ap: 0.6327
2023-04-22 14:20:48,661 - Epoch:088, train_loss:0.8577, val_auc:0.4219, val_ap: 0.6140
2023-04-22 14:20:48,965 - Epoch:089, train_loss:0.9001, val_auc:0.4219, val_ap: 0.6140
2023-04-22 14:20:49,275 - Epoch:090, train_loss:0.8983, val_auc:0.4062, val_ap: 0.6015
2023-04-22 14:20:49,579 - Epoch:091, train_loss:0.8447, val_auc:0.4219, val_ap: 0.6140
2023-04-22 14:20:49,881 - Epoch:092, train_loss:0.8662, val_auc:0.4219, val_ap: 0.6140
2023-04-22 14:20:50,189 - Epoch:093, train_loss:0.8775, val_auc:0.4219, val_ap: 0.6140
2023-04-22 14:20:50,495 - Epoch:094, train_loss:0.9958, val_auc:0.4062, val_ap: 0.5993
2023-04-22 14:20:50,797 - Epoch:095, train_loss:0.9034, val_auc:0.4375, val_ap: 0.6159
2023-04-22 14:20:51,106 - Epoch:096, train_loss:0.8873, val_auc:0.4375, val_ap: 0.6159
2023-04-22 14:20:51,411 - Epoch:097, train_loss:0.8629, val_auc:0.4531, val_ap: 0.6207
2023-04-22 14:20:51,713 - Epoch:098, train_loss:0.9133, val_auc:0.4531, val_ap: 0.6207
2023-04-22 14:20:52,022 - Epoch:099, train_loss:0.9546, val_auc:0.4375, val_ap: 0.6152
2023-04-22 14:20:52,327 - Epoch:100, train_loss:0.8889, val_auc:0.3906, val_ap: 0.5937
2023-04-22 14:20:52,629 - Epoch:101, train_loss:0.8429, val_auc:0.3906, val_ap: 0.5937
2023-04-22 14:20:52,931 - Epoch:102, train_loss:0.9231, val_auc:0.4062, val_ap: 0.6062
2023-04-22 14:20:53,240 - Epoch:103, train_loss:0.9393, val_auc:0.3906, val_ap: 0.6015
2023-04-22 14:20:53,544 - Epoch:104, train_loss:0.8737, val_auc:0.4062, val_ap: 0.6062
2023-04-22 14:20:53,853 - Epoch:105, train_loss:0.9572, val_auc:0.3906, val_ap: 0.5937
2023-04-22 14:20:54,158 - Epoch:106, train_loss:0.9931, val_auc:0.3594, val_ap: 0.5850
2023-04-22 14:20:54,460 - Epoch:107, train_loss:0.9061, val_auc:0.3750, val_ap: 0.5905
2023-04-22 14:20:54,763 - Epoch:108, train_loss:0.9749, val_auc:0.4062, val_ap: 0.6218
2023-04-22 14:20:55,071 - Epoch:109, train_loss:0.9035, val_auc:0.4531, val_ap: 0.6362
2023-04-22 14:20:55,375 - Epoch:110, train_loss:0.8514, val_auc:0.4531, val_ap: 0.6362
2023-04-22 14:20:55,678 - Epoch:111, train_loss:0.8964, val_auc:0.4844, val_ap: 0.6707
2023-04-22 14:20:55,987 - Epoch:112, train_loss:0.9833, val_auc:0.4531, val_ap: 0.6339
2023-04-22 14:20:56,291 - Epoch:113, train_loss:0.9087, val_auc:0.4062, val_ap: 0.6062
2023-04-22 14:20:56,593 - Epoch:114, train_loss:0.8979, val_auc:0.4062, val_ap: 0.6202
2023-04-22 14:20:56,902 - Epoch:115, train_loss:0.8856, val_auc:0.3906, val_ap: 0.6162
2023-04-22 14:20:57,207 - Epoch:116, train_loss:0.8585, val_auc:0.3906, val_ap: 0.6162
2023-04-22 14:20:57,509 - Epoch:117, train_loss:0.9097, val_auc:0.3906, val_ap: 0.6162
2023-04-22 14:20:57,818 - Epoch:118, train_loss:0.8679, val_auc:0.3906, val_ap: 0.6030
2023-04-22 14:20:58,123 - Epoch:119, train_loss:0.8511, val_auc:0.4375, val_ap: 0.6159
2023-04-22 14:20:58,425 - Epoch:120, train_loss:0.7971, val_auc:0.5312, val_ap: 0.6467
2023-04-22 14:20:58,727 - Epoch:121, train_loss:0.8449, val_auc:0.5312, val_ap: 0.6467
2023-04-22 14:20:59,029 - Epoch:122, train_loss:0.8950, val_auc:0.4531, val_ap: 0.6085
2023-04-22 14:20:59,338 - Epoch:123, train_loss:0.8614, val_auc:0.4219, val_ap: 0.6112
2023-04-22 14:20:59,643 - Epoch:124, train_loss:0.9738, val_auc:0.3906, val_ap: 0.6030
2023-04-22 14:20:59,946 - Epoch:125, train_loss:0.8991, val_auc:0.3750, val_ap: 0.5975
2023-04-22 14:21:00,255 - Epoch:126, train_loss:0.8739, val_auc:0.3906, val_ap: 0.6030
2023-04-22 14:21:00,558 - Epoch:127, train_loss:0.8882, val_auc:0.3750, val_ap: 0.5975
2023-04-22 14:21:00,861 - Epoch:128, train_loss:0.9014, val_auc:0.3594, val_ap: 0.5850
2023-04-22 14:21:01,163 - Epoch:129, train_loss:0.8454, val_auc:0.3594, val_ap: 0.5850
2023-04-22 14:21:01,465 - Epoch:130, train_loss:0.9069, val_auc:0.4062, val_ap: 0.5978
2023-04-22 14:21:01,775 - Epoch:131, train_loss:0.8717, val_auc:0.4219, val_ap: 0.6027
2023-04-22 14:21:02,095 - Epoch:132, train_loss:0.8985, val_auc:0.4219, val_ap: 0.5979
2023-04-22 14:21:02,399 - Epoch:133, train_loss:0.9092, val_auc:0.4375, val_ap: 0.6062
2023-04-22 14:21:02,704 - Epoch:134, train_loss:0.8838, val_auc:0.4219, val_ap: 0.6028
2023-04-22 14:21:03,014 - Epoch:135, train_loss:0.8729, val_auc:0.3750, val_ap: 0.5890
2023-04-22 14:21:03,326 - Epoch:136, train_loss:0.8680, val_auc:0.3594, val_ap: 0.5850
2023-04-22 14:21:03,638 - Epoch:137, train_loss:0.9157, val_auc:0.3438, val_ap: 0.5804
2023-04-22 14:21:03,943 - Epoch:138, train_loss:0.8178, val_auc:0.3438, val_ap: 0.5804
2023-04-22 14:21:04,251 - Epoch:139, train_loss:0.8256, val_auc:0.3438, val_ap: 0.5804
2023-04-22 14:21:04,556 - Epoch:140, train_loss:0.9540, val_auc:0.3750, val_ap: 0.5890
2023-04-22 14:21:04,865 - Epoch:141, train_loss:0.8815, val_auc:0.4062, val_ap: 0.5993
2023-04-22 14:21:05,170 - Epoch:142, train_loss:0.8297, val_auc:0.4219, val_ap: 0.6050
2023-04-22 14:21:05,479 - Epoch:143, train_loss:0.8803, val_auc:0.4375, val_ap: 0.6082
2023-04-22 14:21:05,784 - Epoch:144, train_loss:0.8902, val_auc:0.4375, val_ap: 0.6070
2023-04-22 14:21:06,094 - Epoch:145, train_loss:0.8764, val_auc:0.4219, val_ap: 0.6014
2023-04-22 14:21:06,398 - Epoch:146, train_loss:0.8939, val_auc:0.4062, val_ap: 0.5969
2023-04-22 14:21:06,707 - Epoch:147, train_loss:0.9061, val_auc:0.4062, val_ap: 0.5973
2023-04-22 14:21:07,012 - Epoch:148, train_loss:0.8004, val_auc:0.3750, val_ap: 0.5890
2023-04-22 14:21:07,321 - Epoch:149, train_loss:0.8089, val_auc:0.3906, val_ap: 0.5937
2023-04-22 14:21:07,626 - Epoch:150, train_loss:0.9277, val_auc:0.3750, val_ap: 0.5890
2023-04-22 14:21:07,928 - Epoch:151, train_loss:0.9074, val_auc:0.3750, val_ap: 0.5890
2023-04-22 14:21:08,236 - Epoch:152, train_loss:0.9400, val_auc:0.3750, val_ap: 0.5890
2023-04-22 14:21:08,542 - Epoch:153, train_loss:0.8968, val_auc:0.3750, val_ap: 0.5890
2023-04-22 14:21:08,852 - Epoch:154, train_loss:0.8868, val_auc:0.3906, val_ap: 0.5931
2023-04-22 14:21:09,156 - Epoch:155, train_loss:0.8310, val_auc:0.3906, val_ap: 0.5556
2023-04-22 14:21:09,466 - Epoch:156, train_loss:0.9104, val_auc:0.4062, val_ap: 0.5598
2023-04-22 14:21:09,769 - Epoch:157, train_loss:0.7763, val_auc:0.4062, val_ap: 0.5598
2023-04-22 14:21:10,078 - Epoch:158, train_loss:0.8698, val_auc:0.4375, val_ap: 0.5693
2023-04-22 14:21:10,384 - Epoch:159, train_loss:0.8259, val_auc:0.4219, val_ap: 0.5979
2023-04-22 14:21:10,692 - Epoch:160, train_loss:0.9032, val_auc:0.4062, val_ap: 0.5931
2023-04-22 14:21:10,998 - Epoch:161, train_loss:0.8513, val_auc:0.4062, val_ap: 0.5931
2023-04-22 14:21:11,308 - Epoch:162, train_loss:0.8585, val_auc:0.3750, val_ap: 0.5848
2023-04-22 14:21:11,620 - Epoch:163, train_loss:0.9176, val_auc:0.3594, val_ap: 0.5801
2023-04-22 14:21:11,924 - Epoch:164, train_loss:0.9014, val_auc:0.3750, val_ap: 0.5848
2023-04-22 14:21:12,233 - Epoch:165, train_loss:0.8755, val_auc:0.3750, val_ap: 0.5848
2023-04-22 14:21:12,537 - Epoch:166, train_loss:0.7937, val_auc:0.3594, val_ap: 0.5781
2023-04-22 14:21:12,846 - Epoch:167, train_loss:0.8325, val_auc:0.3438, val_ap: 0.5729
2023-04-22 14:21:13,151 - Epoch:168, train_loss:0.8870, val_auc:0.3125, val_ap: 0.5636
2023-04-22 14:21:13,461 - Epoch:169, train_loss:0.8598, val_auc:0.3281, val_ap: 0.5677
2023-04-22 14:21:13,764 - Epoch:170, train_loss:0.9024, val_auc:0.3281, val_ap: 0.5677
2023-04-22 14:21:14,067 - Epoch:171, train_loss:0.8438, val_auc:0.3125, val_ap: 0.5636
2023-04-22 14:21:14,380 - Epoch:172, train_loss:0.8753, val_auc:0.2969, val_ap: 0.5596
2023-04-22 14:21:14,689 - Epoch:173, train_loss:0.8433, val_auc:0.2969, val_ap: 0.5596
2023-04-22 14:21:14,993 - Epoch:174, train_loss:0.9102, val_auc:0.2969, val_ap: 0.5596
2023-04-22 14:21:15,303 - Epoch:175, train_loss:0.8510, val_auc:0.2969, val_ap: 0.5596
2023-04-22 14:21:15,606 - Epoch:176, train_loss:0.8742, val_auc:0.2812, val_ap: 0.5558
2023-04-22 14:21:15,909 - Epoch:177, train_loss:0.9145, val_auc:0.2969, val_ap: 0.5596
2023-04-22 14:21:16,217 - Epoch:178, train_loss:0.8392, val_auc:0.2969, val_ap: 0.5596
2023-04-22 14:21:16,522 - Epoch:179, train_loss:0.8660, val_auc:0.2812, val_ap: 0.5558
2023-04-22 14:21:16,824 - Epoch:180, train_loss:0.9171, val_auc:0.2812, val_ap: 0.5558
2023-04-22 14:21:17,132 - Epoch:181, train_loss:0.9233, val_auc:0.2812, val_ap: 0.5558
2023-04-22 14:21:17,437 - Epoch:182, train_loss:0.8272, val_auc:0.2812, val_ap: 0.5558
2023-04-22 14:21:17,739 - Epoch:183, train_loss:0.7647, val_auc:0.2812, val_ap: 0.5558
2023-04-22 14:21:18,049 - Epoch:184, train_loss:0.8552, val_auc:0.2812, val_ap: 0.5558
2023-04-22 14:21:18,360 - Epoch:185, train_loss:0.8566, val_auc:0.2969, val_ap: 0.5610
2023-04-22 14:21:18,666 - Epoch:186, train_loss:0.9074, val_auc:0.2969, val_ap: 0.5610
2023-04-22 14:21:18,975 - Epoch:187, train_loss:0.8205, val_auc:0.3125, val_ap: 0.5648
2023-04-22 14:21:19,279 - Epoch:188, train_loss:0.9198, val_auc:0.3125, val_ap: 0.5648
2023-04-22 14:21:19,582 - Epoch:189, train_loss:0.9194, val_auc:0.2969, val_ap: 0.5596
2023-04-22 14:21:19,892 - Epoch:190, train_loss:0.9022, val_auc:0.2969, val_ap: 0.5596
2023-04-22 14:21:20,196 - Epoch:191, train_loss:0.8968, val_auc:0.2969, val_ap: 0.5596
2023-04-22 14:21:20,505 - Epoch:192, train_loss:0.9062, val_auc:0.2969, val_ap: 0.5596
2023-04-22 14:21:20,810 - Epoch:193, train_loss:0.9184, val_auc:0.2969, val_ap: 0.5596
2023-04-22 14:21:21,119 - Epoch:194, train_loss:0.9110, val_auc:0.2969, val_ap: 0.5596
2023-04-22 14:21:21,423 - Epoch:195, train_loss:0.8263, val_auc:0.2969, val_ap: 0.5596
2023-04-22 14:21:21,733 - Epoch:196, train_loss:0.8909, val_auc:0.2969, val_ap: 0.5596
2023-04-22 14:21:22,037 - Epoch:197, train_loss:0.8663, val_auc:0.2969, val_ap: 0.5596
2023-04-22 14:21:22,346 - Epoch:198, train_loss:0.8091, val_auc:0.2969, val_ap: 0.5596
2023-04-22 14:21:22,651 - Epoch:199, train_loss:0.8682, val_auc:0.2969, val_ap: 0.5596
2023-04-22 14:21:22,653 - final results:
2023-04-22 14:21:22,653 - ====================================================================================
2023-04-22 14:21:22,653 - AUC:0.8125+-0.0000 [0.8125]
2023-04-22 14:21:22,654 - AP:0.8625+-0.0000 [0.8624577922542911]
2023-04-22 14:21:22,998 - Epoch:000, train_loss:4.9735, val_auc:0.7969, val_ap: 0.7885, text_auc:0.4922, text_ap: 0.5164
2023-04-22 14:21:23,305 - Epoch:001, train_loss:3.9659, val_auc:0.7344, val_ap: 0.7225
2023-04-22 14:21:23,614 - Epoch:002, train_loss:3.5194, val_auc:0.7500, val_ap: 0.7238
2023-04-22 14:21:23,919 - Epoch:003, train_loss:2.5257, val_auc:0.7344, val_ap: 0.7184
2023-04-22 14:21:24,221 - Epoch:004, train_loss:1.9976, val_auc:0.7344, val_ap: 0.7184
2023-04-22 14:21:24,531 - Epoch:005, train_loss:1.7487, val_auc:0.7031, val_ap: 0.6461
2023-04-22 14:21:24,836 - Epoch:006, train_loss:1.5798, val_auc:0.6562, val_ap: 0.6037
2023-04-22 14:21:25,138 - Epoch:007, train_loss:1.6531, val_auc:0.5938, val_ap: 0.5752
2023-04-22 14:21:25,447 - Epoch:008, train_loss:1.2631, val_auc:0.5312, val_ap: 0.5299
2023-04-22 14:21:25,751 - Epoch:009, train_loss:1.2221, val_auc:0.5469, val_ap: 0.5388
2023-04-22 14:21:26,054 - Epoch:010, train_loss:1.1952, val_auc:0.5625, val_ap: 0.5477
2023-04-22 14:21:26,363 - Epoch:011, train_loss:1.2322, val_auc:0.6250, val_ap: 0.5710
2023-04-22 14:21:26,667 - Epoch:012, train_loss:1.3019, val_auc:0.6250, val_ap: 0.5710
2023-04-22 14:21:26,969 - Epoch:013, train_loss:1.0882, val_auc:0.6094, val_ap: 0.5630
2023-04-22 14:21:27,278 - Epoch:014, train_loss:1.2420, val_auc:0.6562, val_ap: 0.5916
2023-04-22 14:21:27,582 - Epoch:015, train_loss:1.2462, val_auc:0.6406, val_ap: 0.5804
2023-04-22 14:21:27,892 - Epoch:016, train_loss:1.3898, val_auc:0.6250, val_ap: 0.5749
2023-04-22 14:21:28,197 - Epoch:017, train_loss:1.0184, val_auc:0.6250, val_ap: 0.5738
2023-04-22 14:21:28,506 - Epoch:018, train_loss:1.0126, val_auc:0.6406, val_ap: 0.6036
2023-04-22 14:21:28,810 - Epoch:019, train_loss:1.1056, val_auc:0.6094, val_ap: 0.5884
2023-04-22 14:21:29,112 - Epoch:020, train_loss:1.0390, val_auc:0.6250, val_ap: 0.6072
2023-04-22 14:21:29,421 - Epoch:021, train_loss:1.0406, val_auc:0.6250, val_ap: 0.6085
2023-04-22 14:21:29,726 - Epoch:022, train_loss:0.9795, val_auc:0.6094, val_ap: 0.5998
2023-04-22 14:21:30,036 - Epoch:023, train_loss:1.0313, val_auc:0.5938, val_ap: 0.5942
2023-04-22 14:21:30,340 - Epoch:024, train_loss:0.9916, val_auc:0.6094, val_ap: 0.5998
2023-04-22 14:21:30,649 - Epoch:025, train_loss:0.9651, val_auc:0.6094, val_ap: 0.6017
2023-04-22 14:21:30,953 - Epoch:026, train_loss:1.0325, val_auc:0.6406, val_ap: 0.6323
2023-04-22 14:21:31,257 - Epoch:027, train_loss:1.1541, val_auc:0.6406, val_ap: 0.6350
2023-04-22 14:21:31,567 - Epoch:028, train_loss:0.9687, val_auc:0.6250, val_ap: 0.6302
2023-04-22 14:21:31,878 - Epoch:029, train_loss:0.9726, val_auc:0.6406, val_ap: 0.6927
2023-04-22 14:21:32,203 - Epoch:030, train_loss:0.9195, val_auc:0.6406, val_ap: 0.6927
2023-04-22 14:21:32,481 - Epoch:031, train_loss:0.8825, val_auc:0.6562, val_ap: 0.6948
2023-04-22 14:21:32,791 - Epoch:032, train_loss:0.9944, val_auc:0.6719, val_ap: 0.7031
2023-04-22 14:21:33,097 - Epoch:033, train_loss:0.9546, val_auc:0.6719, val_ap: 0.7031
2023-04-22 14:21:33,400 - Epoch:034, train_loss:1.0586, val_auc:0.6875, val_ap: 0.7143
2023-04-22 14:21:33,709 - Epoch:035, train_loss:1.0457, val_auc:0.7031, val_ap: 0.7209
2023-04-22 14:21:34,014 - Epoch:036, train_loss:1.0376, val_auc:0.7188, val_ap: 0.7257
2023-04-22 14:21:34,315 - Epoch:037, train_loss:0.9333, val_auc:0.7188, val_ap: 0.7257
2023-04-22 14:21:34,618 - Epoch:038, train_loss:0.8274, val_auc:0.7344, val_ap: 0.7361
2023-04-22 14:21:34,930 - Epoch:039, train_loss:1.0232, val_auc:0.7812, val_ap: 0.7560
2023-04-22 14:21:35,244 - Epoch:040, train_loss:0.9263, val_auc:0.7656, val_ap: 0.7480
2023-04-22 14:21:35,532 - Epoch:041, train_loss:0.9639, val_auc:0.7656, val_ap: 0.7480
2023-04-22 14:21:35,837 - Epoch:042, train_loss:0.9470, val_auc:0.7656, val_ap: 0.7480
2023-04-22 14:21:36,145 - Epoch:043, train_loss:0.8733, val_auc:0.7812, val_ap: 0.7629
2023-04-22 14:21:36,450 - Epoch:044, train_loss:0.9670, val_auc:0.7656, val_ap: 0.7565
2023-04-22 14:21:36,752 - Epoch:045, train_loss:0.8583, val_auc:0.7500, val_ap: 0.7510
2023-04-22 14:21:37,060 - Epoch:046, train_loss:0.8449, val_auc:0.7344, val_ap: 0.7438
2023-04-22 14:21:37,366 - Epoch:047, train_loss:0.8730, val_auc:0.7188, val_ap: 0.7358
2023-04-22 14:21:37,674 - Epoch:048, train_loss:0.9341, val_auc:0.7031, val_ap: 0.7209
2023-04-22 14:21:37,978 - Epoch:049, train_loss:0.9346, val_auc:0.7031, val_ap: 0.7190
2023-04-22 14:21:38,281 - Epoch:050, train_loss:0.9085, val_auc:0.7500, val_ap: 0.7376
2023-04-22 14:21:38,583 - Epoch:051, train_loss:0.8505, val_auc:0.7188, val_ap: 0.7126
2023-04-22 14:21:38,891 - Epoch:052, train_loss:0.8220, val_auc:0.7500, val_ap: 0.7289
2023-04-22 14:21:39,197 - Epoch:053, train_loss:0.9020, val_auc:0.7500, val_ap: 0.7289
2023-04-22 14:21:39,506 - Epoch:054, train_loss:0.9401, val_auc:0.7188, val_ap: 0.7145
2023-04-22 14:21:39,811 - Epoch:055, train_loss:0.8356, val_auc:0.7031, val_ap: 0.7062
2023-04-22 14:21:40,114 - Epoch:056, train_loss:0.8652, val_auc:0.6875, val_ap: 0.6995
2023-04-22 14:21:40,443 - Epoch:057, train_loss:0.8431, val_auc:0.6719, val_ap: 0.7084
2023-04-22 14:21:40,739 - Epoch:058, train_loss:0.8993, val_auc:0.6719, val_ap: 0.7001
2023-04-22 14:21:41,048 - Epoch:059, train_loss:0.9319, val_auc:0.6875, val_ap: 0.7205
2023-04-22 14:21:41,364 - Epoch:060, train_loss:1.0024, val_auc:0.7188, val_ap: 0.7420
2023-04-22 14:21:41,673 - Epoch:061, train_loss:0.8815, val_auc:0.7031, val_ap: 0.7354
2023-04-22 14:21:42,051 - Epoch:062, train_loss:0.9562, val_auc:0.6562, val_ap: 0.7111
2023-04-22 14:21:42,412 - Epoch:063, train_loss:0.9305, val_auc:0.6406, val_ap: 0.6997
2023-04-22 14:21:42,767 - Epoch:064, train_loss:0.8261, val_auc:0.6094, val_ap: 0.6719
2023-04-22 14:21:43,125 - Epoch:065, train_loss:0.9487, val_auc:0.5938, val_ap: 0.6635
2023-04-22 14:21:43,489 - Epoch:066, train_loss:0.8962, val_auc:0.5938, val_ap: 0.6679
2023-04-22 14:21:43,845 - Epoch:067, train_loss:0.9261, val_auc:0.6094, val_ap: 0.6751
2023-04-22 14:21:44,201 - Epoch:068, train_loss:0.9526, val_auc:0.6406, val_ap: 0.6906
2023-04-22 14:21:44,551 - Epoch:069, train_loss:0.8219, val_auc:0.6875, val_ap: 0.7233
2023-04-22 14:21:44,909 - Epoch:070, train_loss:0.9223, val_auc:0.7188, val_ap: 0.7420
2023-04-22 14:21:45,265 - Epoch:071, train_loss:0.9166, val_auc:0.7344, val_ap: 0.7554
2023-04-22 14:21:45,623 - Epoch:072, train_loss:0.9414, val_auc:0.6875, val_ap: 0.7167
2023-04-22 14:21:45,989 - Epoch:073, train_loss:0.8943, val_auc:0.6562, val_ap: 0.6973
2023-04-22 14:21:46,348 - Epoch:074, train_loss:0.8386, val_auc:0.7031, val_ap: 0.7316
2023-04-22 14:21:46,706 - Epoch:075, train_loss:0.9003, val_auc:0.6719, val_ap: 0.7056
2023-04-22 14:21:47,062 - Epoch:076, train_loss:0.8995, val_auc:0.6406, val_ap: 0.6962
2023-04-22 14:21:47,430 - Epoch:077, train_loss:0.9186, val_auc:0.5938, val_ap: 0.6597
2023-04-22 14:21:47,784 - Epoch:078, train_loss:0.8424, val_auc:0.5625, val_ap: 0.6430
2023-04-22 14:21:48,157 - Epoch:079, train_loss:0.8423, val_auc:0.5469, val_ap: 0.6340
2023-04-22 14:21:48,514 - Epoch:080, train_loss:0.9235, val_auc:0.5625, val_ap: 0.6480
2023-04-22 14:21:48,870 - Epoch:081, train_loss:0.9383, val_auc:0.5781, val_ap: 0.6647
2023-04-22 14:21:49,233 - Epoch:082, train_loss:0.9848, val_auc:0.5312, val_ap: 0.6236
2023-04-22 14:21:49,583 - Epoch:083, train_loss:0.9259, val_auc:0.5938, val_ap: 0.6465
2023-04-22 14:21:49,941 - Epoch:084, train_loss:0.9667, val_auc:0.6094, val_ap: 0.6532
2023-04-22 14:21:50,291 - Epoch:085, train_loss:0.8574, val_auc:0.6562, val_ap: 0.6973
2023-04-22 14:21:50,642 - Epoch:086, train_loss:0.9027, val_auc:0.6875, val_ap: 0.7233
2023-04-22 14:21:51,005 - Epoch:087, train_loss:0.8375, val_auc:0.7188, val_ap: 0.7396
2023-04-22 14:21:51,363 - Epoch:088, train_loss:0.8836, val_auc:0.6875, val_ap: 0.7298
2023-04-22 14:21:51,717 - Epoch:089, train_loss:0.8845, val_auc:0.6562, val_ap: 0.7101
2023-04-22 14:21:52,082 - Epoch:090, train_loss:0.8971, val_auc:0.6406, val_ap: 0.6997
2023-04-22 14:21:52,458 - Epoch:091, train_loss:0.9353, val_auc:0.5469, val_ap: 0.6521
2023-04-22 14:21:52,777 - Epoch:092, train_loss:0.8991, val_auc:0.5000, val_ap: 0.6744
2023-04-22 14:21:53,133 - Epoch:093, train_loss:0.9141, val_auc:0.5156, val_ap: 0.6431
2023-04-22 14:21:53,482 - Epoch:094, train_loss:0.8774, val_auc:0.5156, val_ap: 0.6229
2023-04-22 14:21:53,835 - Epoch:095, train_loss:0.8662, val_auc:0.6250, val_ap: 0.6789
2023-04-22 14:21:54,186 - Epoch:096, train_loss:0.8075, val_auc:0.6562, val_ap: 0.7372
2023-04-22 14:21:54,538 - Epoch:097, train_loss:0.8239, val_auc:0.6562, val_ap: 0.7003
2023-04-22 14:21:54,898 - Epoch:098, train_loss:0.9018, val_auc:0.6875, val_ap: 0.7236
2023-04-22 14:21:55,252 - Epoch:099, train_loss:0.9348, val_auc:0.7188, val_ap: 0.7474
2023-04-22 14:21:55,604 - Epoch:100, train_loss:0.8819, val_auc:0.6562, val_ap: 0.7104
2023-04-22 14:21:55,957 - Epoch:101, train_loss:0.9526, val_auc:0.6250, val_ap: 0.7348
2023-04-22 14:21:56,312 - Epoch:102, train_loss:0.8865, val_auc:0.6094, val_ap: 0.7306
2023-04-22 14:21:56,652 - Epoch:103, train_loss:0.8904, val_auc:0.6094, val_ap: 0.7306
2023-04-22 14:21:57,007 - Epoch:104, train_loss:0.8536, val_auc:0.5312, val_ap: 0.6827
2023-04-22 14:21:57,359 - Epoch:105, train_loss:0.9276, val_auc:0.5156, val_ap: 0.6660
2023-04-22 14:21:57,712 - Epoch:106, train_loss:0.8240, val_auc:0.5156, val_ap: 0.6660
2023-04-22 14:21:58,064 - Epoch:107, train_loss:0.9398, val_auc:0.6250, val_ap: 0.7128
2023-04-22 14:21:58,416 - Epoch:108, train_loss:0.8580, val_auc:0.6406, val_ap: 0.7121
2023-04-22 14:21:58,769 - Epoch:109, train_loss:0.8721, val_auc:0.6094, val_ap: 0.6815
2023-04-22 14:21:59,125 - Epoch:110, train_loss:0.8717, val_auc:0.6250, val_ap: 0.7228
2023-04-22 14:21:59,477 - Epoch:111, train_loss:0.9653, val_auc:0.5625, val_ap: 0.6682
2023-04-22 14:21:59,830 - Epoch:112, train_loss:0.9209, val_auc:0.5625, val_ap: 0.6750
2023-04-22 14:22:00,182 - Epoch:113, train_loss:0.9336, val_auc:0.6094, val_ap: 0.7251
2023-04-22 14:22:00,534 - Epoch:114, train_loss:0.8230, val_auc:0.5938, val_ap: 0.7049
2023-04-22 14:22:00,888 - Epoch:115, train_loss:0.8826, val_auc:0.5781, val_ap: 0.6552
2023-04-22 14:22:01,243 - Epoch:116, train_loss:0.8976, val_auc:0.6094, val_ap: 0.7105
2023-04-22 14:22:01,598 - Epoch:117, train_loss:0.8713, val_auc:0.5625, val_ap: 0.6694
2023-04-22 14:22:01,950 - Epoch:118, train_loss:0.8166, val_auc:0.5156, val_ap: 0.6547
2023-04-22 14:22:02,303 - Epoch:119, train_loss:0.8566, val_auc:0.5156, val_ap: 0.6547
2023-04-22 14:22:02,655 - Epoch:120, train_loss:0.8737, val_auc:0.5156, val_ap: 0.6547
2023-04-22 14:22:03,010 - Epoch:121, train_loss:0.8377, val_auc:0.4844, val_ap: 0.6312
2023-04-22 14:22:03,362 - Epoch:122, train_loss:0.8475, val_auc:0.4531, val_ap: 0.6097
2023-04-22 14:22:03,718 - Epoch:123, train_loss:0.8304, val_auc:0.4844, val_ap: 0.5952
2023-04-22 14:22:04,079 - Epoch:124, train_loss:0.8709, val_auc:0.5156, val_ap: 0.6069
2023-04-22 14:22:04,359 - Epoch:125, train_loss:0.8936, val_auc:0.5625, val_ap: 0.6284
2023-04-22 14:22:04,667 - Epoch:126, train_loss:0.9582, val_auc:0.5781, val_ap: 0.6371
2023-04-22 14:22:04,974 - Epoch:127, train_loss:0.9018, val_auc:0.5625, val_ap: 0.6302
2023-04-22 14:22:05,282 - Epoch:128, train_loss:0.8937, val_auc:0.5469, val_ap: 0.6159
2023-04-22 14:22:05,585 - Epoch:129, train_loss:0.8879, val_auc:0.5469, val_ap: 0.6194
2023-04-22 14:22:05,888 - Epoch:130, train_loss:0.8725, val_auc:0.5312, val_ap: 0.6126
2023-04-22 14:22:06,197 - Epoch:131, train_loss:0.8880, val_auc:0.5312, val_ap: 0.6126
2023-04-22 14:22:06,502 - Epoch:132, train_loss:0.8410, val_auc:0.5625, val_ap: 0.6335
2023-04-22 14:22:06,813 - Epoch:133, train_loss:0.8624, val_auc:0.5625, val_ap: 0.6284
2023-04-22 14:22:07,117 - Epoch:134, train_loss:0.8927, val_auc:0.5781, val_ap: 0.6350
2023-04-22 14:22:07,426 - Epoch:135, train_loss:0.9222, val_auc:0.5781, val_ap: 0.6371
2023-04-22 14:22:07,731 - Epoch:136, train_loss:0.8658, val_auc:0.5938, val_ap: 0.6454
2023-04-22 14:22:08,040 - Epoch:137, train_loss:0.8511, val_auc:0.5938, val_ap: 0.6365
2023-04-22 14:22:08,344 - Epoch:138, train_loss:0.8836, val_auc:0.5625, val_ap: 0.6213
2023-04-22 14:22:08,646 - Epoch:139, train_loss:0.8438, val_auc:0.5312, val_ap: 0.6146
2023-04-22 14:22:08,949 - Epoch:140, train_loss:0.9134, val_auc:0.5156, val_ap: 0.6089
2023-04-22 14:22:09,258 - Epoch:141, train_loss:0.8635, val_auc:0.5156, val_ap: 0.6458
2023-04-22 14:22:09,563 - Epoch:142, train_loss:0.8560, val_auc:0.5000, val_ap: 0.6041
2023-04-22 14:22:09,872 - Epoch:143, train_loss:0.8437, val_auc:0.5156, val_ap: 0.6089
2023-04-22 14:22:10,177 - Epoch:144, train_loss:0.8314, val_auc:0.5625, val_ap: 0.6382
2023-04-22 14:22:10,479 - Epoch:145, train_loss:0.8445, val_auc:0.5469, val_ap: 0.6325
2023-04-22 14:22:10,781 - Epoch:146, train_loss:0.8523, val_auc:0.5312, val_ap: 0.6339
2023-04-22 14:22:11,090 - Epoch:147, train_loss:0.8058, val_auc:0.5469, val_ap: 0.6506
2023-04-22 14:22:11,395 - Epoch:148, train_loss:0.9587, val_auc:0.5781, val_ap: 0.6619
2023-04-22 14:22:11,704 - Epoch:149, train_loss:0.8456, val_auc:0.6094, val_ap: 0.6737
2023-04-22 14:22:12,008 - Epoch:150, train_loss:0.8491, val_auc:0.6094, val_ap: 0.6737
2023-04-22 14:22:12,311 - Epoch:151, train_loss:0.8578, val_auc:0.5781, val_ap: 0.6611
2023-04-22 14:22:12,614 - Epoch:152, train_loss:0.8430, val_auc:0.5625, val_ap: 0.6554
2023-04-22 14:22:12,916 - Epoch:153, train_loss:0.8570, val_auc:0.5625, val_ap: 0.6554
2023-04-22 14:22:13,224 - Epoch:154, train_loss:0.9043, val_auc:0.5469, val_ap: 0.6316
2023-04-22 14:22:13,529 - Epoch:155, train_loss:0.8573, val_auc:0.5156, val_ap: 0.6003
2023-04-22 14:22:13,832 - Epoch:156, train_loss:0.9197, val_auc:0.4844, val_ap: 0.5914
2023-04-22 14:22:14,134 - Epoch:157, train_loss:0.8304, val_auc:0.5312, val_ap: 0.5998
2023-04-22 14:22:14,436 - Epoch:158, train_loss:0.8640, val_auc:0.5625, val_ap: 0.6213
2023-04-22 14:22:14,738 - Epoch:159, train_loss:0.9322, val_auc:0.6094, val_ap: 0.6573
2023-04-22 14:22:15,047 - Epoch:160, train_loss:0.9121, val_auc:0.6250, val_ap: 0.6760
2023-04-22 14:22:15,363 - Epoch:161, train_loss:0.8977, val_auc:0.6094, val_ap: 0.6573
2023-04-22 14:22:15,655 - Epoch:162, train_loss:0.8654, val_auc:0.5781, val_ap: 0.6371
2023-04-22 14:22:15,964 - Epoch:163, train_loss:0.8475, val_auc:0.4688, val_ap: 0.5634
2023-04-22 14:22:16,269 - Epoch:164, train_loss:0.8800, val_auc:0.4219, val_ap: 0.5441
2023-04-22 14:22:16,580 - Epoch:165, train_loss:0.8668, val_auc:0.4062, val_ap: 0.5384
2023-04-22 14:22:16,893 - Epoch:166, train_loss:0.8572, val_auc:0.4375, val_ap: 0.5489
2023-04-22 14:22:17,206 - Epoch:167, train_loss:0.8678, val_auc:0.4844, val_ap: 0.5747
2023-04-22 14:22:17,515 - Epoch:168, train_loss:0.8314, val_auc:0.5312, val_ap: 0.6037
2023-04-22 14:22:17,828 - Epoch:169, train_loss:0.8184, val_auc:0.5625, val_ap: 0.6365
2023-04-22 14:22:18,145 - Epoch:170, train_loss:0.8465, val_auc:0.5469, val_ap: 0.6278
2023-04-22 14:22:18,459 - Epoch:171, train_loss:0.8218, val_auc:0.5312, val_ap: 0.6230
2023-04-22 14:22:18,774 - Epoch:172, train_loss:0.8512, val_auc:0.5312, val_ap: 0.6230
2023-04-22 14:22:19,089 - Epoch:173, train_loss:0.8677, val_auc:0.5938, val_ap: 0.6299
2023-04-22 14:22:19,400 - Epoch:174, train_loss:0.8790, val_auc:0.6094, val_ap: 0.6350
2023-04-22 14:22:19,709 - Epoch:175, train_loss:0.8407, val_auc:0.6250, val_ap: 0.6469
2023-04-22 14:22:20,013 - Epoch:176, train_loss:0.8221, val_auc:0.5469, val_ap: 0.6105
2023-04-22 14:22:20,322 - Epoch:177, train_loss:0.9388, val_auc:0.5625, val_ap: 0.6246
2023-04-22 14:22:20,626 - Epoch:178, train_loss:0.8302, val_auc:0.5938, val_ap: 0.6746
2023-04-22 14:22:20,927 - Epoch:179, train_loss:0.9103, val_auc:0.5938, val_ap: 0.6838
2023-04-22 14:22:21,230 - Epoch:180, train_loss:0.8544, val_auc:0.5938, val_ap: 0.6893
2023-04-22 14:22:21,532 - Epoch:181, train_loss:0.7817, val_auc:0.5469, val_ap: 0.6220
2023-04-22 14:22:21,835 - Epoch:182, train_loss:0.9026, val_auc:0.5781, val_ap: 0.6281
2023-04-22 14:22:22,137 - Epoch:183, train_loss:0.9017, val_auc:0.6250, val_ap: 0.6469
2023-04-22 14:22:22,439 - Epoch:184, train_loss:0.8708, val_auc:0.5625, val_ap: 0.6090
2023-04-22 14:22:22,747 - Epoch:185, train_loss:0.8279, val_auc:0.5312, val_ap: 0.5957
2023-04-22 14:22:23,052 - Epoch:186, train_loss:0.8337, val_auc:0.5312, val_ap: 0.5977
2023-04-22 14:22:23,354 - Epoch:187, train_loss:0.8559, val_auc:0.5312, val_ap: 0.5966
2023-04-22 14:22:23,664 - Epoch:188, train_loss:0.8268, val_auc:0.6094, val_ap: 0.6350
2023-04-22 14:22:23,968 - Epoch:189, train_loss:0.8371, val_auc:0.6250, val_ap: 0.6558
2023-04-22 14:22:24,271 - Epoch:190, train_loss:0.8020, val_auc:0.5781, val_ap: 0.6350
2023-04-22 14:22:24,581 - Epoch:191, train_loss:0.8740, val_auc:0.5625, val_ap: 0.6365
2023-04-22 14:22:24,885 - Epoch:192, train_loss:0.8738, val_auc:0.5625, val_ap: 0.6428
2023-04-22 14:22:25,196 - Epoch:193, train_loss:0.8743, val_auc:0.5781, val_ap: 0.6325
2023-04-22 14:22:25,508 - Epoch:194, train_loss:0.9033, val_auc:0.6094, val_ap: 0.6601
2023-04-22 14:22:25,821 - Epoch:195, train_loss:0.8112, val_auc:0.5781, val_ap: 0.6448
2023-04-22 14:22:26,133 - Epoch:196, train_loss:0.8314, val_auc:0.5781, val_ap: 0.6403
2023-04-22 14:22:26,445 - Epoch:197, train_loss:0.8621, val_auc:0.5312, val_ap: 0.6208
2023-04-22 14:22:26,759 - Epoch:198, train_loss:0.8415, val_auc:0.5000, val_ap: 0.5952
2023-04-22 14:22:27,070 - Epoch:199, train_loss:0.9075, val_auc:0.5156, val_ap: 0.5991
2023-04-22 14:22:27,072 - final results:
2023-04-22 14:22:27,073 - ====================================================================================
2023-04-22 14:22:27,073 - AUC:0.6523+-0.1602 [0.8125, 0.4921875]
2023-04-22 14:22:27,074 - AP:0.6894+-0.1730 [0.8624577922542911, 0.5164145171957673]
2023-04-22 14:22:27,419 - Epoch:000, train_loss:4.9799, val_auc:0.8281, val_ap: 0.8149, text_auc:0.6562, text_ap: 0.7139
2023-04-22 14:22:27,730 - Epoch:001, train_loss:3.8257, val_auc:0.8281, val_ap: 0.8409, text_auc:0.7188, text_ap: 0.7812
2023-04-22 14:22:28,036 - Epoch:002, train_loss:3.4717, val_auc:0.8125, val_ap: 0.8198
2023-04-22 14:22:28,341 - Epoch:003, train_loss:2.7161, val_auc:0.8125, val_ap: 0.8198
2023-04-22 14:22:28,651 - Epoch:004, train_loss:2.1603, val_auc:0.8125, val_ap: 0.8198
2023-04-22 14:22:28,963 - Epoch:005, train_loss:1.7342, val_auc:0.7812, val_ap: 0.7698
2023-04-22 14:22:29,275 - Epoch:006, train_loss:1.5657, val_auc:0.7656, val_ap: 0.7281
2023-04-22 14:22:29,589 - Epoch:007, train_loss:1.4925, val_auc:0.7812, val_ap: 0.7469
2023-04-22 14:22:29,902 - Epoch:008, train_loss:1.4697, val_auc:0.7656, val_ap: 0.7393
2023-04-22 14:22:30,213 - Epoch:009, train_loss:1.2218, val_auc:0.7500, val_ap: 0.7289
2023-04-22 14:22:30,524 - Epoch:010, train_loss:1.1197, val_auc:0.7500, val_ap: 0.7289
2023-04-22 14:22:30,829 - Epoch:011, train_loss:1.3739, val_auc:0.7656, val_ap: 0.7393
2023-04-22 14:22:31,138 - Epoch:012, train_loss:1.2569, val_auc:0.7500, val_ap: 0.7289
2023-04-22 14:22:31,443 - Epoch:013, train_loss:1.1820, val_auc:0.7344, val_ap: 0.7209
2023-04-22 14:22:31,755 - Epoch:014, train_loss:1.0878, val_auc:0.7188, val_ap: 0.7145
2023-04-22 14:22:32,067 - Epoch:015, train_loss:1.1430, val_auc:0.7188, val_ap: 0.7145
2023-04-22 14:22:32,380 - Epoch:016, train_loss:1.2059, val_auc:0.7188, val_ap: 0.7145
2023-04-22 14:22:32,693 - Epoch:017, train_loss:1.2284, val_auc:0.7344, val_ap: 0.7312
2023-04-22 14:22:33,004 - Epoch:018, train_loss:1.0950, val_auc:0.7344, val_ap: 0.7312
2023-04-22 14:22:33,319 - Epoch:019, train_loss:1.1967, val_auc:0.7344, val_ap: 0.7225
2023-04-22 14:22:33,642 - Epoch:020, train_loss:1.0020, val_auc:0.6875, val_ap: 0.7080
2023-04-22 14:22:33,950 - Epoch:021, train_loss:1.1783, val_auc:0.6875, val_ap: 0.7080
2023-04-22 14:22:34,262 - Epoch:022, train_loss:1.0970, val_auc:0.6719, val_ap: 0.7001
2023-04-22 14:22:34,575 - Epoch:023, train_loss:1.1999, val_auc:0.6406, val_ap: 0.6823
2023-04-22 14:22:34,890 - Epoch:024, train_loss:1.0557, val_auc:0.6094, val_ap: 0.6719
2023-04-22 14:22:35,199 - Epoch:025, train_loss:0.9869, val_auc:0.5938, val_ap: 0.6677
2023-04-22 14:22:35,510 - Epoch:026, train_loss:1.0168, val_auc:0.5781, val_ap: 0.6594
2023-04-22 14:22:35,822 - Epoch:027, train_loss:0.9778, val_auc:0.5938, val_ap: 0.6760
2023-04-22 14:22:36,135 - Epoch:028, train_loss:1.1092, val_auc:0.5781, val_ap: 0.6647
2023-04-22 14:22:36,449 - Epoch:029, train_loss:0.9823, val_auc:0.6094, val_ap: 0.6782
2023-04-22 14:22:36,785 - Epoch:030, train_loss:1.0758, val_auc:0.6406, val_ap: 0.6906
2023-04-22 14:22:37,153 - Epoch:031, train_loss:0.9317, val_auc:0.6562, val_ap: 0.6990
2023-04-22 14:22:37,516 - Epoch:032, train_loss:0.9785, val_auc:0.6562, val_ap: 0.6990
2023-04-22 14:22:37,878 - Epoch:033, train_loss:0.9485, val_auc:0.6406, val_ap: 0.6906
2023-04-22 14:22:38,240 - Epoch:034, train_loss:0.9015, val_auc:0.6250, val_ap: 0.6819
2023-04-22 14:22:38,604 - Epoch:035, train_loss:0.9676, val_auc:0.5938, val_ap: 0.6715
2023-04-22 14:22:38,965 - Epoch:036, train_loss:1.1307, val_auc:0.5625, val_ap: 0.6590
2023-04-22 14:22:39,329 - Epoch:037, train_loss:1.0021, val_auc:0.5156, val_ap: 0.6431
2023-04-22 14:22:39,692 - Epoch:038, train_loss:1.0208, val_auc:0.5000, val_ap: 0.6390
2023-04-22 14:22:40,053 - Epoch:039, train_loss:0.9795, val_auc:0.4844, val_ap: 0.6333
2023-04-22 14:22:40,414 - Epoch:040, train_loss:1.0778, val_auc:0.4844, val_ap: 0.6333
2023-04-22 14:22:40,743 - Epoch:041, train_loss:1.0058, val_auc:0.5156, val_ap: 0.6422
2023-04-22 14:22:41,050 - Epoch:042, train_loss:0.9129, val_auc:0.5625, val_ap: 0.6578
2023-04-22 14:22:41,352 - Epoch:043, train_loss:0.9676, val_auc:0.6094, val_ap: 0.6751
2023-04-22 14:22:41,660 - Epoch:044, train_loss:0.8699, val_auc:0.6406, val_ap: 0.6950
2023-04-22 14:22:41,946 - Epoch:045, train_loss:1.0007, val_auc:0.6562, val_ap: 0.7098
2023-04-22 14:22:42,255 - Epoch:046, train_loss:0.9365, val_auc:0.6094, val_ap: 0.6782
2023-04-22 14:22:42,560 - Epoch:047, train_loss:0.8558, val_auc:0.5938, val_ap: 0.6734
2023-04-22 14:22:42,863 - Epoch:048, train_loss:1.0398, val_auc:0.5938, val_ap: 0.6760
2023-04-22 14:22:43,174 - Epoch:049, train_loss:1.0236, val_auc:0.5312, val_ap: 0.6421
2023-04-22 14:22:43,478 - Epoch:050, train_loss:0.9932, val_auc:0.5312, val_ap: 0.6421
2023-04-22 14:22:43,787 - Epoch:051, train_loss:1.0380, val_auc:0.5156, val_ap: 0.6379
2023-04-22 14:22:44,096 - Epoch:052, train_loss:0.9328, val_auc:0.5000, val_ap: 0.6260
2023-04-22 14:22:44,403 - Epoch:053, train_loss:0.9239, val_auc:0.5469, val_ap: 0.6407
2023-04-22 14:22:44,714 - Epoch:054, train_loss:0.9238, val_auc:0.5781, val_ap: 0.6594
2023-04-22 14:22:45,027 - Epoch:055, train_loss:0.9951, val_auc:0.6250, val_ap: 0.6725
2023-04-22 14:22:45,341 - Epoch:056, train_loss:0.9437, val_auc:0.6406, val_ap: 0.6781
2023-04-22 14:22:45,649 - Epoch:057, train_loss:0.9413, val_auc:0.6250, val_ap: 0.6740
2023-04-22 14:22:45,953 - Epoch:058, train_loss:0.8418, val_auc:0.5938, val_ap: 0.6597
2023-04-22 14:22:46,256 - Epoch:059, train_loss:0.9390, val_auc:0.5625, val_ap: 0.6507
2023-04-22 14:22:46,558 - Epoch:060, train_loss:0.8376, val_auc:0.5312, val_ap: 0.6200
2023-04-22 14:22:46,861 - Epoch:061, train_loss:0.9164, val_auc:0.5469, val_ap: 0.6242
2023-04-22 14:22:47,164 - Epoch:062, train_loss:0.9169, val_auc:0.5469, val_ap: 0.6261
2023-04-22 14:22:47,484 - Epoch:063, train_loss:0.7991, val_auc:0.5781, val_ap: 0.6365
2023-04-22 14:22:47,787 - Epoch:064, train_loss:0.9346, val_auc:0.5625, val_ap: 0.6240
2023-04-22 14:22:48,098 - Epoch:065, train_loss:0.8865, val_auc:0.5469, val_ap: 0.6184
2023-04-22 14:22:48,402 - Epoch:066, train_loss:0.9566, val_auc:0.5469, val_ap: 0.6204
2023-04-22 14:22:48,712 - Epoch:067, train_loss:0.9576, val_auc:0.5469, val_ap: 0.6204
2023-04-22 14:22:49,016 - Epoch:068, train_loss:0.9209, val_auc:0.5156, val_ap: 0.6049
2023-04-22 14:22:49,325 - Epoch:069, train_loss:0.8936, val_auc:0.4688, val_ap: 0.5855
2023-04-22 14:22:49,629 - Epoch:070, train_loss:0.9108, val_auc:0.5000, val_ap: 0.5992
2023-04-22 14:22:49,937 - Epoch:071, train_loss:0.9210, val_auc:0.5312, val_ap: 0.6117
2023-04-22 14:22:50,244 - Epoch:072, train_loss:0.9268, val_auc:0.5781, val_ap: 0.6308
2023-04-22 14:22:50,546 - Epoch:073, train_loss:0.9945, val_auc:0.5938, val_ap: 0.6374
2023-04-22 14:22:50,858 - Epoch:074, train_loss:0.8665, val_auc:0.6250, val_ap: 0.6541
2023-04-22 14:22:51,169 - Epoch:075, train_loss:0.8595, val_auc:0.6094, val_ap: 0.6766
2023-04-22 14:22:51,480 - Epoch:076, train_loss:0.8431, val_auc:0.5938, val_ap: 0.6710
2023-04-22 14:22:51,785 - Epoch:077, train_loss:0.8256, val_auc:0.5625, val_ap: 0.6669
2023-04-22 14:22:52,088 - Epoch:078, train_loss:0.8487, val_auc:0.6094, val_ap: 0.7032
2023-04-22 14:22:52,390 - Epoch:079, train_loss:0.8840, val_auc:0.5938, val_ap: 0.6984
2023-04-22 14:22:52,692 - Epoch:080, train_loss:0.8971, val_auc:0.6094, val_ap: 0.7151
2023-04-22 14:22:52,994 - Epoch:081, train_loss:0.9165, val_auc:0.6094, val_ap: 0.6981
2023-04-22 14:22:53,296 - Epoch:082, train_loss:0.8712, val_auc:0.5938, val_ap: 0.6794
2023-04-22 14:22:53,599 - Epoch:083, train_loss:0.8945, val_auc:0.6406, val_ap: 0.6958
2023-04-22 14:22:53,907 - Epoch:084, train_loss:1.0107, val_auc:0.6406, val_ap: 0.6958
2023-04-22 14:22:54,214 - Epoch:085, train_loss:0.8684, val_auc:0.6406, val_ap: 0.6958
2023-04-22 14:22:54,523 - Epoch:086, train_loss:0.9153, val_auc:0.6406, val_ap: 0.6958
2023-04-22 14:22:54,826 - Epoch:087, train_loss:0.9147, val_auc:0.6094, val_ap: 0.6850
2023-04-22 14:22:55,136 - Epoch:088, train_loss:0.8068, val_auc:0.5938, val_ap: 0.6782
2023-04-22 14:22:55,441 - Epoch:089, train_loss:0.8539, val_auc:0.5938, val_ap: 0.6782
2023-04-22 14:22:55,744 - Epoch:090, train_loss:0.8674, val_auc:0.6094, val_ap: 0.6823
2023-04-22 14:22:56,053 - Epoch:091, train_loss:0.9485, val_auc:0.5625, val_ap: 0.6594
2023-04-22 14:22:56,365 - Epoch:092, train_loss:0.9158, val_auc:0.5938, val_ap: 0.6767
2023-04-22 14:22:56,657 - Epoch:093, train_loss:0.8719, val_auc:0.6094, val_ap: 0.6823
2023-04-22 14:22:56,963 - Epoch:094, train_loss:0.8387, val_auc:0.6094, val_ap: 0.6901
2023-04-22 14:22:57,273 - Epoch:095, train_loss:0.8944, val_auc:0.6250, val_ap: 0.6948
2023-04-22 14:22:57,576 - Epoch:096, train_loss:0.8240, val_auc:0.6250, val_ap: 0.6948
2023-04-22 14:22:57,886 - Epoch:097, train_loss:0.8518, val_auc:0.6250, val_ap: 0.6948
2023-04-22 14:22:58,193 - Epoch:098, train_loss:0.9041, val_auc:0.6562, val_ap: 0.7077
2023-04-22 14:22:58,502 - Epoch:099, train_loss:0.9148, val_auc:0.6719, val_ap: 0.7124
2023-04-22 14:22:58,804 - Epoch:100, train_loss:0.9433, val_auc:0.6406, val_ap: 0.6880
2023-04-22 14:22:59,114 - Epoch:101, train_loss:0.8264, val_auc:0.6094, val_ap: 0.6704
2023-04-22 14:22:59,418 - Epoch:102, train_loss:0.9070, val_auc:0.5938, val_ap: 0.6657
2023-04-22 14:22:59,722 - Epoch:103, train_loss:0.9146, val_auc:0.5938, val_ap: 0.6657
2023-04-22 14:23:00,031 - Epoch:104, train_loss:0.8795, val_auc:0.5469, val_ap: 0.6459
2023-04-22 14:23:00,335 - Epoch:105, train_loss:0.9114, val_auc:0.5781, val_ap: 0.6638
2023-04-22 14:23:00,638 - Epoch:106, train_loss:0.8475, val_auc:0.5625, val_ap: 0.6549
2023-04-22 14:23:00,947 - Epoch:107, train_loss:0.9091, val_auc:0.5938, val_ap: 0.6740
2023-04-22 14:23:01,252 - Epoch:108, train_loss:0.8453, val_auc:0.5938, val_ap: 0.6740
2023-04-22 14:23:01,562 - Epoch:109, train_loss:0.8812, val_auc:0.6094, val_ap: 0.6782
2023-04-22 14:23:01,866 - Epoch:110, train_loss:0.8803, val_auc:0.6094, val_ap: 0.6704
2023-04-22 14:23:02,175 - Epoch:111, train_loss:0.9094, val_auc:0.5781, val_ap: 0.6549
2023-04-22 14:23:02,479 - Epoch:112, train_loss:0.9119, val_auc:0.5781, val_ap: 0.6549
2023-04-22 14:23:02,782 - Epoch:113, train_loss:0.8542, val_auc:0.5938, val_ap: 0.6638
2023-04-22 14:23:03,091 - Epoch:114, train_loss:0.8305, val_auc:0.6094, val_ap: 0.6693
2023-04-22 14:23:03,395 - Epoch:115, train_loss:0.9276, val_auc:0.5938, val_ap: 0.6625
2023-04-22 14:23:03,705 - Epoch:116, train_loss:0.9237, val_auc:0.5938, val_ap: 0.6638
2023-04-22 14:23:04,010 - Epoch:117, train_loss:0.8490, val_auc:0.5938, val_ap: 0.6657
2023-04-22 14:23:04,312 - Epoch:118, train_loss:0.8182, val_auc:0.5781, val_ap: 0.6567
2023-04-22 14:23:04,614 - Epoch:119, train_loss:0.8511, val_auc:0.5781, val_ap: 0.6567
2023-04-22 14:23:04,923 - Epoch:120, train_loss:0.7814, val_auc:0.5938, val_ap: 0.6615
2023-04-22 14:23:05,228 - Epoch:121, train_loss:0.8541, val_auc:0.6250, val_ap: 0.6759
2023-04-22 14:23:05,530 - Epoch:122, train_loss:0.9420, val_auc:0.6406, val_ap: 0.6823
2023-04-22 14:23:05,839 - Epoch:123, train_loss:0.8452, val_auc:0.6406, val_ap: 0.6823
2023-04-22 14:23:06,144 - Epoch:124, train_loss:0.8706, val_auc:0.6094, val_ap: 0.6693
2023-04-22 14:23:06,446 - Epoch:125, train_loss:0.9236, val_auc:0.5781, val_ap: 0.6582
2023-04-22 14:23:06,748 - Epoch:126, train_loss:0.8746, val_auc:0.5781, val_ap: 0.6582
2023-04-22 14:23:07,057 - Epoch:127, train_loss:0.8243, val_auc:0.5469, val_ap: 0.6444
2023-04-22 14:23:07,362 - Epoch:128, train_loss:0.8472, val_auc:0.5469, val_ap: 0.6431
2023-04-22 14:23:07,664 - Epoch:129, train_loss:0.8403, val_auc:0.5312, val_ap: 0.6383
2023-04-22 14:23:07,973 - Epoch:130, train_loss:0.9144, val_auc:0.5000, val_ap: 0.6250
2023-04-22 14:23:08,278 - Epoch:131, train_loss:0.8101, val_auc:0.5312, val_ap: 0.6368
2023-04-22 14:23:08,588 - Epoch:132, train_loss:0.9168, val_auc:0.5156, val_ap: 0.6298
2023-04-22 14:23:08,893 - Epoch:133, train_loss:0.8135, val_auc:0.5312, val_ap: 0.6355
2023-04-22 14:23:09,195 - Epoch:134, train_loss:0.8365, val_auc:0.6094, val_ap: 0.6670
2023-04-22 14:23:09,497 - Epoch:135, train_loss:0.8827, val_auc:0.5938, val_ap: 0.6615
2023-04-22 14:23:09,799 - Epoch:136, train_loss:0.9407, val_auc:0.6250, val_ap: 0.6734
2023-04-22 14:23:10,103 - Epoch:137, train_loss:0.8845, val_auc:0.6250, val_ap: 0.6734
2023-04-22 14:23:10,421 - Epoch:138, train_loss:0.8468, val_auc:0.6250, val_ap: 0.6759
2023-04-22 14:23:10,726 - Epoch:139, train_loss:0.8591, val_auc:0.5938, val_ap: 0.6638
2023-04-22 14:23:11,041 - Epoch:140, train_loss:0.8572, val_auc:0.6094, val_ap: 0.6704
2023-04-22 14:23:11,349 - Epoch:141, train_loss:0.8490, val_auc:0.5938, val_ap: 0.6638
2023-04-22 14:23:11,660 - Epoch:142, train_loss:0.8637, val_auc:0.5312, val_ap: 0.6387
2023-04-22 14:23:11,964 - Epoch:143, train_loss:0.8319, val_auc:0.5156, val_ap: 0.6331
2023-04-22 14:23:12,266 - Epoch:144, train_loss:0.8706, val_auc:0.5156, val_ap: 0.6331
2023-04-22 14:23:12,569 - Epoch:145, train_loss:0.8259, val_auc:0.5156, val_ap: 0.6318
2023-04-22 14:23:12,871 - Epoch:146, train_loss:0.8945, val_auc:0.5781, val_ap: 0.6570
2023-04-22 14:23:13,172 - Epoch:147, train_loss:0.8926, val_auc:0.6094, val_ap: 0.6704
2023-04-22 14:23:13,475 - Epoch:148, train_loss:0.8277, val_auc:0.6094, val_ap: 0.6704
2023-04-22 14:23:13,785 - Epoch:149, train_loss:0.8157, val_auc:0.6094, val_ap: 0.6704
2023-04-22 14:23:14,089 - Epoch:150, train_loss:0.8091, val_auc:0.5781, val_ap: 0.6582
2023-04-22 14:23:14,399 - Epoch:151, train_loss:0.8180, val_auc:0.5312, val_ap: 0.6368
2023-04-22 14:23:14,703 - Epoch:152, train_loss:0.9097, val_auc:0.5156, val_ap: 0.6307
2023-04-22 14:23:15,012 - Epoch:153, train_loss:0.8597, val_auc:0.5312, val_ap: 0.6377
2023-04-22 14:23:15,317 - Epoch:154, train_loss:0.8859, val_auc:0.5312, val_ap: 0.6377
2023-04-22 14:23:15,627 - Epoch:155, train_loss:0.8788, val_auc:0.5312, val_ap: 0.6397
2023-04-22 14:23:15,931 - Epoch:156, train_loss:0.9317, val_auc:0.5469, val_ap: 0.6457
2023-04-22 14:23:16,238 - Epoch:157, train_loss:0.8540, val_auc:0.5469, val_ap: 0.6457
2023-04-22 14:23:16,546 - Epoch:158, train_loss:0.8713, val_auc:0.5469, val_ap: 0.6444
2023-04-22 14:23:16,855 - Epoch:159, train_loss:0.8558, val_auc:0.5781, val_ap: 0.6570
2023-04-22 14:23:17,160 - Epoch:160, train_loss:0.8549, val_auc:0.5781, val_ap: 0.6582
2023-04-22 14:23:17,469 - Epoch:161, train_loss:0.8389, val_auc:0.5312, val_ap: 0.6368
2023-04-22 14:23:17,773 - Epoch:162, train_loss:0.9492, val_auc:0.5000, val_ap: 0.6272
2023-04-22 14:23:18,076 - Epoch:163, train_loss:0.8660, val_auc:0.4844, val_ap: 0.6224
2023-04-22 14:23:18,386 - Epoch:164, train_loss:0.8882, val_auc:0.4688, val_ap: 0.5807
2023-04-22 14:23:18,690 - Epoch:165, train_loss:0.8943, val_auc:0.4844, val_ap: 0.5855
2023-04-22 14:23:19,000 - Epoch:166, train_loss:0.9074, val_auc:0.5000, val_ap: 0.5912
2023-04-22 14:23:19,305 - Epoch:167, train_loss:0.8823, val_auc:0.5469, val_ap: 0.6076
2023-04-22 14:23:19,614 - Epoch:168, train_loss:0.8815, val_auc:0.5781, val_ap: 0.6187
2023-04-22 14:23:19,919 - Epoch:169, train_loss:0.8735, val_auc:0.5781, val_ap: 0.6187
2023-04-22 14:23:20,229 - Epoch:170, train_loss:0.9157, val_auc:0.5625, val_ap: 0.6132
2023-04-22 14:23:20,533 - Epoch:171, train_loss:0.8350, val_auc:0.5312, val_ap: 0.6028
2023-04-22 14:23:20,842 - Epoch:172, train_loss:0.8738, val_auc:0.5312, val_ap: 0.6069
2023-04-22 14:23:21,147 - Epoch:173, train_loss:0.8383, val_auc:0.5312, val_ap: 0.6091
2023-04-22 14:23:21,456 - Epoch:174, train_loss:0.9460, val_auc:0.4688, val_ap: 0.5861
2023-04-22 14:23:21,761 - Epoch:175, train_loss:0.8999, val_auc:0.4688, val_ap: 0.5813
2023-04-22 14:23:22,071 - Epoch:176, train_loss:0.7972, val_auc:0.4688, val_ap: 0.5807
2023-04-22 14:23:22,376 - Epoch:177, train_loss:0.8775, val_auc:0.4844, val_ap: 0.5896
2023-04-22 14:23:22,685 - Epoch:178, train_loss:0.8748, val_auc:0.5469, val_ap: 0.6139
2023-04-22 14:23:22,992 - Epoch:179, train_loss:0.8725, val_auc:0.5781, val_ap: 0.6242
2023-04-22 14:23:23,300 - Epoch:180, train_loss:0.8365, val_auc:0.5781, val_ap: 0.6242
2023-04-22 14:23:23,612 - Epoch:181, train_loss:0.8629, val_auc:0.5938, val_ap: 0.6297
2023-04-22 14:23:23,916 - Epoch:182, train_loss:0.8437, val_auc:0.6094, val_ap: 0.6384
2023-04-22 14:23:24,226 - Epoch:183, train_loss:0.8710, val_auc:0.6094, val_ap: 0.6384
2023-04-22 14:23:24,532 - Epoch:184, train_loss:0.8718, val_auc:0.5469, val_ap: 0.6153
2023-04-22 14:23:24,841 - Epoch:185, train_loss:0.8224, val_auc:0.5000, val_ap: 0.6015
2023-04-22 14:23:25,151 - Epoch:186, train_loss:0.9096, val_auc:0.5000, val_ap: 0.6043
2023-04-22 14:23:25,456 - Epoch:187, train_loss:0.8963, val_auc:0.4844, val_ap: 0.5918
2023-04-22 14:23:25,766 - Epoch:188, train_loss:0.8875, val_auc:0.4375, val_ap: 0.5724
2023-04-22 14:23:26,071 - Epoch:189, train_loss:0.8710, val_auc:0.4375, val_ap: 0.5772
2023-04-22 14:23:26,380 - Epoch:190, train_loss:0.8738, val_auc:0.5469, val_ap: 0.6153
2023-04-22 14:23:26,691 - Epoch:191, train_loss:0.8507, val_auc:0.5781, val_ap: 0.6282
2023-04-22 14:23:26,996 - Epoch:192, train_loss:0.7924, val_auc:0.5938, val_ap: 0.6329
2023-04-22 14:23:27,306 - Epoch:193, train_loss:0.8659, val_auc:0.5781, val_ap: 0.6282
2023-04-22 14:23:27,611 - Epoch:194, train_loss:0.9422, val_auc:0.5938, val_ap: 0.6311
2023-04-22 14:23:27,919 - Epoch:195, train_loss:0.8253, val_auc:0.5938, val_ap: 0.6311
2023-04-22 14:23:28,224 - Epoch:196, train_loss:0.8489, val_auc:0.5781, val_ap: 0.6263
2023-04-22 14:23:28,534 - Epoch:197, train_loss:0.8705, val_auc:0.5938, val_ap: 0.6329
2023-04-22 14:23:28,838 - Epoch:198, train_loss:0.8026, val_auc:0.5938, val_ap: 0.6329
2023-04-22 14:23:29,148 - Epoch:199, train_loss:0.8795, val_auc:0.6094, val_ap: 0.6384
2023-04-22 14:23:29,150 - final results:
2023-04-22 14:23:29,151 - ====================================================================================
2023-04-22 14:23:29,151 - AUC:0.6745+-0.1345 [0.8125, 0.4921875, 0.71875]
2023-04-22 14:23:29,151 - AP:0.7200+-0.1478 [0.8624577922542911, 0.5164145171957673, 0.7812485711034138]
2023-04-22 14:23:29,498 - Epoch:000, train_loss:4.9717, val_auc:0.5938, val_ap: 0.6635, text_auc:0.6250, text_ap: 0.6213
2023-04-22 14:23:29,809 - Epoch:001, train_loss:3.9612, val_auc:0.6562, val_ap: 0.7225, text_auc:0.5859, text_ap: 0.6066
2023-04-22 14:23:30,122 - Epoch:002, train_loss:3.3981, val_auc:0.7969, val_ap: 0.8323, text_auc:0.6133, text_ap: 0.5968
2023-04-22 14:23:30,429 - Epoch:003, train_loss:2.2627, val_auc:0.7812, val_ap: 0.8018
2023-04-22 14:23:30,739 - Epoch:004, train_loss:1.8281, val_auc:0.7812, val_ap: 0.8018
2023-04-22 14:23:31,058 - Epoch:005, train_loss:1.8493, val_auc:0.8125, val_ap: 0.8435, text_auc:0.6758, text_ap: 0.6438
2023-04-22 14:23:31,365 - Epoch:006, train_loss:1.5511, val_auc:0.7969, val_ap: 0.8269
2023-04-22 14:23:31,676 - Epoch:007, train_loss:1.4757, val_auc:0.7812, val_ap: 0.8214
2023-04-22 14:23:31,985 - Epoch:008, train_loss:1.3755, val_auc:0.8125, val_ap: 0.8568, text_auc:0.5195, text_ap: 0.5180
2023-04-22 14:23:32,296 - Epoch:009, train_loss:1.3318, val_auc:0.8594, val_ap: 0.8855, text_auc:0.5156, text_ap: 0.5165
2023-04-22 14:23:32,603 - Epoch:010, train_loss:1.2065, val_auc:0.8594, val_ap: 0.8855
2023-04-22 14:23:32,913 - Epoch:011, train_loss:1.1725, val_auc:0.8750, val_ap: 0.8976, text_auc:0.5938, text_ap: 0.6136
2023-04-22 14:23:33,219 - Epoch:012, train_loss:1.2348, val_auc:0.8750, val_ap: 0.8976
2023-04-22 14:23:33,528 - Epoch:013, train_loss:1.1640, val_auc:0.8750, val_ap: 0.8976
2023-04-22 14:23:33,833 - Epoch:014, train_loss:1.2663, val_auc:0.8750, val_ap: 0.8790
2023-04-22 14:23:34,144 - Epoch:015, train_loss:1.0971, val_auc:0.8594, val_ap: 0.8478
2023-04-22 14:23:34,455 - Epoch:016, train_loss:1.1860, val_auc:0.8281, val_ap: 0.8259
2023-04-22 14:23:34,767 - Epoch:017, train_loss:1.0696, val_auc:0.8125, val_ap: 0.8179
2023-04-22 14:23:35,078 - Epoch:018, train_loss:1.1194, val_auc:0.8125, val_ap: 0.8179
2023-04-22 14:23:35,391 - Epoch:019, train_loss:0.9595, val_auc:0.8125, val_ap: 0.8179
2023-04-22 14:23:35,696 - Epoch:020, train_loss:1.1257, val_auc:0.7812, val_ap: 0.8060
2023-04-22 14:23:36,005 - Epoch:021, train_loss:1.1470, val_auc:0.7500, val_ap: 0.7938
2023-04-22 14:23:36,309 - Epoch:022, train_loss:0.9765, val_auc:0.7812, val_ap: 0.8060
2023-04-22 14:23:36,618 - Epoch:023, train_loss:1.0587, val_auc:0.7969, val_ap: 0.8140
2023-04-22 14:23:36,897 - Epoch:024, train_loss:1.1447, val_auc:0.8125, val_ap: 0.8237
2023-04-22 14:23:37,040 - Epoch:025, train_loss:1.0402, val_auc:0.8125, val_ap: 0.8158
2023-04-22 14:23:37,184 - Epoch:026, train_loss:1.0244, val_auc:0.8125, val_ap: 0.8158
2023-04-22 14:23:37,327 - Epoch:027, train_loss:0.9022, val_auc:0.7812, val_ap: 0.7843
2023-04-22 14:23:37,470 - Epoch:028, train_loss:1.0821, val_auc:0.7969, val_ap: 0.8009
2023-04-22 14:23:37,612 - Epoch:029, train_loss:1.0173, val_auc:0.8125, val_ap: 0.8158
2023-04-22 14:23:37,755 - Epoch:030, train_loss:1.0256, val_auc:0.8125, val_ap: 0.8158
2023-04-22 14:23:37,898 - Epoch:031, train_loss:0.9932, val_auc:0.7812, val_ap: 0.8056
2023-04-22 14:23:38,021 - Epoch:032, train_loss:1.1097, val_auc:0.7656, val_ap: 0.7907
2023-04-22 14:23:38,140 - Epoch:033, train_loss:1.0225, val_auc:0.7656, val_ap: 0.7907
2023-04-22 14:23:38,265 - Epoch:034, train_loss:0.9990, val_auc:0.7500, val_ap: 0.7740
2023-04-22 14:23:38,374 - Epoch:035, train_loss:1.1256, val_auc:0.7500, val_ap: 0.7740
2023-04-22 14:23:38,494 - Epoch:036, train_loss:0.9988, val_auc:0.7500, val_ap: 0.7740
2023-04-22 14:23:38,620 - Epoch:037, train_loss:0.9893, val_auc:0.7344, val_ap: 0.7643
2023-04-22 14:23:38,736 - Epoch:038, train_loss:0.8602, val_auc:0.7188, val_ap: 0.7563
2023-04-22 14:23:38,851 - Epoch:039, train_loss:1.1127, val_auc:0.7188, val_ap: 0.7563
2023-04-22 14:23:38,972 - Epoch:040, train_loss:0.9384, val_auc:0.7344, val_ap: 0.7876
2023-04-22 14:23:39,088 - Epoch:041, train_loss:0.9020, val_auc:0.7344, val_ap: 0.7876
2023-04-22 14:23:39,208 - Epoch:042, train_loss:0.9503, val_auc:0.7344, val_ap: 0.7876
2023-04-22 14:23:39,323 - Epoch:043, train_loss:0.9376, val_auc:0.7344, val_ap: 0.7876
2023-04-22 14:23:39,434 - Epoch:044, train_loss:0.9208, val_auc:0.7656, val_ap: 0.8090
2023-04-22 14:23:39,546 - Epoch:045, train_loss:0.9605, val_auc:0.7812, val_ap: 0.8145
2023-04-22 14:23:39,666 - Epoch:046, train_loss:0.9460, val_auc:0.7969, val_ap: 0.8395
2023-04-22 14:23:39,775 - Epoch:047, train_loss:0.8459, val_auc:0.7812, val_ap: 0.8340
2023-04-22 14:23:39,885 - Epoch:048, train_loss:0.8968, val_auc:0.7188, val_ap: 0.7920
2023-04-22 14:23:40,003 - Epoch:049, train_loss:0.9293, val_auc:0.7188, val_ap: 0.8021
2023-04-22 14:23:40,121 - Epoch:050, train_loss:0.9925, val_auc:0.7031, val_ap: 0.7872
2023-04-22 14:23:40,235 - Epoch:051, train_loss:0.8948, val_auc:0.7031, val_ap: 0.7872
2023-04-22 14:23:40,351 - Epoch:052, train_loss:0.9089, val_auc:0.7031, val_ap: 0.7872
2023-04-22 14:23:40,531 - Epoch:053, train_loss:1.0181, val_auc:0.6719, val_ap: 0.7601
2023-04-22 14:23:40,839 - Epoch:054, train_loss:1.0494, val_auc:0.6875, val_ap: 0.7733
2023-04-22 14:23:41,149 - Epoch:055, train_loss:0.9162, val_auc:0.6875, val_ap: 0.7677
2023-04-22 14:23:41,461 - Epoch:056, train_loss:0.9374, val_auc:0.6719, val_ap: 0.7590
2023-04-22 14:23:41,767 - Epoch:057, train_loss:0.9860, val_auc:0.7344, val_ap: 0.7891
2023-04-22 14:23:42,079 - Epoch:058, train_loss:1.0074, val_auc:0.7344, val_ap: 0.7903
2023-04-22 14:23:42,390 - Epoch:059, train_loss:0.9529, val_auc:0.7344, val_ap: 0.8077
2023-04-22 14:23:42,702 - Epoch:060, train_loss:0.9125, val_auc:0.7031, val_ap: 0.7954
2023-04-22 14:23:43,012 - Epoch:061, train_loss:0.9229, val_auc:0.6875, val_ap: 0.7906
2023-04-22 14:23:43,316 - Epoch:062, train_loss:0.9853, val_auc:0.6875, val_ap: 0.7906
2023-04-22 14:23:43,626 - Epoch:063, train_loss:0.9515, val_auc:0.7031, val_ap: 0.8018
2023-04-22 14:23:43,930 - Epoch:064, train_loss:0.9900, val_auc:0.7031, val_ap: 0.7917
2023-04-22 14:23:44,240 - Epoch:065, train_loss:0.8981, val_auc:0.6562, val_ap: 0.7560
2023-04-22 14:23:44,544 - Epoch:066, train_loss:0.9332, val_auc:0.6406, val_ap: 0.7476
2023-04-22 14:23:44,853 - Epoch:067, train_loss:0.8633, val_auc:0.6719, val_ap: 0.7691
2023-04-22 14:23:45,124 - Epoch:068, train_loss:0.9030, val_auc:0.6719, val_ap: 0.7691
2023-04-22 14:23:45,368 - Epoch:069, train_loss:0.9471, val_auc:0.6719, val_ap: 0.7691
2023-04-22 14:23:45,670 - Epoch:070, train_loss:1.0085, val_auc:0.6406, val_ap: 0.7601
2023-04-22 14:23:45,973 - Epoch:071, train_loss:0.8447, val_auc:0.6562, val_ap: 0.7750
2023-04-22 14:23:46,281 - Epoch:072, train_loss:0.8458, val_auc:0.6406, val_ap: 0.7438
2023-04-22 14:23:46,587 - Epoch:073, train_loss:0.9677, val_auc:0.5938, val_ap: 0.6760
2023-04-22 14:23:46,889 - Epoch:074, train_loss:0.9192, val_auc:0.5781, val_ap: 0.6674
2023-04-22 14:23:47,198 - Epoch:075, train_loss:0.8921, val_auc:0.5781, val_ap: 0.6674
2023-04-22 14:23:47,503 - Epoch:076, train_loss:0.9844, val_auc:0.5938, val_ap: 0.6760
2023-04-22 14:23:47,812 - Epoch:077, train_loss:0.9288, val_auc:0.6406, val_ap: 0.7531
2023-04-22 14:23:48,117 - Epoch:078, train_loss:0.8144, val_auc:0.6875, val_ap: 0.7833
2023-04-22 14:23:48,428 - Epoch:079, train_loss:0.8489, val_auc:0.6719, val_ap: 0.7685
2023-04-22 14:23:48,735 - Epoch:080, train_loss:0.8817, val_auc:0.6562, val_ap: 0.7643
2023-04-22 14:23:49,044 - Epoch:081, train_loss:0.9219, val_auc:0.6562, val_ap: 0.7750
2023-04-22 14:23:49,353 - Epoch:082, train_loss:0.9268, val_auc:0.6562, val_ap: 0.7750
2023-04-22 14:23:49,659 - Epoch:083, train_loss:0.9556, val_auc:0.6406, val_ap: 0.7601
2023-04-22 14:23:49,967 - Epoch:084, train_loss:0.9085, val_auc:0.6094, val_ap: 0.7403
2023-04-22 14:23:50,272 - Epoch:085, train_loss:0.8302, val_auc:0.6094, val_ap: 0.7403
2023-04-22 14:23:50,582 - Epoch:086, train_loss:0.8755, val_auc:0.6094, val_ap: 0.7403
2023-04-22 14:23:50,886 - Epoch:087, train_loss:0.8905, val_auc:0.6250, val_ap: 0.7424
2023-04-22 14:23:51,198 - Epoch:088, train_loss:0.9018, val_auc:0.6250, val_ap: 0.7424
2023-04-22 14:23:51,508 - Epoch:089, train_loss:1.0018, val_auc:0.5938, val_ap: 0.7236
2023-04-22 14:23:51,819 - Epoch:090, train_loss:0.8719, val_auc:0.5938, val_ap: 0.7236
2023-04-22 14:23:52,123 - Epoch:091, train_loss:1.0588, val_auc:0.6094, val_ap: 0.7323
2023-04-22 14:23:52,427 - Epoch:092, train_loss:0.8917, val_auc:0.6250, val_ap: 0.7435
2023-04-22 14:23:52,742 - Epoch:093, train_loss:0.8721, val_auc:0.6094, val_ap: 0.7323
2023-04-22 14:23:53,050 - Epoch:094, train_loss:0.7721, val_auc:0.5938, val_ap: 0.7204
2023-04-22 14:23:53,359 - Epoch:095, train_loss:0.8386, val_auc:0.5781, val_ap: 0.7136
2023-04-22 14:23:53,664 - Epoch:096, train_loss:1.0263, val_auc:0.5781, val_ap: 0.7136
2023-04-22 14:23:53,973 - Epoch:097, train_loss:0.8788, val_auc:0.5781, val_ap: 0.7136
2023-04-22 14:23:54,275 - Epoch:098, train_loss:0.8820, val_auc:0.5781, val_ap: 0.7136
2023-04-22 14:23:54,577 - Epoch:099, train_loss:0.9105, val_auc:0.6094, val_ap: 0.7287
2023-04-22 14:23:54,879 - Epoch:100, train_loss:0.9750, val_auc:0.6094, val_ap: 0.7287
2023-04-22 14:23:55,169 - Epoch:101, train_loss:0.9599, val_auc:0.6406, val_ap: 0.7573
2023-04-22 14:23:55,472 - Epoch:102, train_loss:0.8336, val_auc:0.6406, val_ap: 0.7573
2023-04-22 14:23:55,774 - Epoch:103, train_loss:0.9488, val_auc:0.6250, val_ap: 0.7406
2023-04-22 14:23:56,078 - Epoch:104, train_loss:0.8943, val_auc:0.6250, val_ap: 0.7406
2023-04-22 14:23:56,381 - Epoch:105, train_loss:0.9447, val_auc:0.5938, val_ap: 0.7255
2023-04-22 14:23:56,683 - Epoch:106, train_loss:0.8539, val_auc:0.5781, val_ap: 0.7198
2023-04-22 14:23:56,992 - Epoch:107, train_loss:0.9099, val_auc:0.5781, val_ap: 0.7198
2023-04-22 14:23:57,297 - Epoch:108, train_loss:0.8327, val_auc:0.5625, val_ap: 0.7150
2023-04-22 14:23:57,599 - Epoch:109, train_loss:0.9130, val_auc:0.5469, val_ap: 0.6992
2023-04-22 14:23:57,913 - Epoch:110, train_loss:0.8869, val_auc:0.5469, val_ap: 0.7042
2023-04-22 14:23:58,223 - Epoch:111, train_loss:0.9062, val_auc:0.5781, val_ap: 0.7168
2023-04-22 14:23:58,527 - Epoch:112, train_loss:0.8538, val_auc:0.5781, val_ap: 0.7168
2023-04-22 14:23:58,836 - Epoch:113, train_loss:0.8901, val_auc:0.5781, val_ap: 0.7168
2023-04-22 14:23:59,141 - Epoch:114, train_loss:0.8532, val_auc:0.5938, val_ap: 0.7236
2023-04-22 14:23:59,450 - Epoch:115, train_loss:0.8667, val_auc:0.6094, val_ap: 0.7278
2023-04-22 14:23:59,756 - Epoch:116, train_loss:0.8640, val_auc:0.5938, val_ap: 0.7210
2023-04-22 14:24:00,065 - Epoch:117, train_loss:1.0363, val_auc:0.5938, val_ap: 0.7210
2023-04-22 14:24:00,369 - Epoch:118, train_loss:0.8423, val_auc:0.5625, val_ap: 0.7105
2023-04-22 14:24:00,671 - Epoch:119, train_loss:0.9181, val_auc:0.5469, val_ap: 0.7063
2023-04-22 14:24:00,980 - Epoch:120, train_loss:0.8317, val_auc:0.5000, val_ap: 0.6833
2023-04-22 14:24:01,285 - Epoch:121, train_loss:0.8858, val_auc:0.5312, val_ap: 0.6923
2023-04-22 14:24:01,594 - Epoch:122, train_loss:0.8716, val_auc:0.5312, val_ap: 0.6923
2023-04-22 14:24:01,899 - Epoch:123, train_loss:0.8131, val_auc:0.5469, val_ap: 0.6979
2023-04-22 14:24:02,208 - Epoch:124, train_loss:0.8542, val_auc:0.5938, val_ap: 0.7182
2023-04-22 14:24:02,513 - Epoch:125, train_loss:0.8511, val_auc:0.5938, val_ap: 0.7182
2023-04-22 14:24:02,822 - Epoch:126, train_loss:0.8095, val_auc:0.5469, val_ap: 0.7042
2023-04-22 14:24:03,126 - Epoch:127, train_loss:0.8740, val_auc:0.5469, val_ap: 0.7042
2023-04-22 14:24:03,436 - Epoch:128, train_loss:0.8521, val_auc:0.5000, val_ap: 0.6833
2023-04-22 14:24:03,742 - Epoch:129, train_loss:0.9929, val_auc:0.5000, val_ap: 0.6833
2023-04-22 14:24:04,051 - Epoch:130, train_loss:0.8650, val_auc:0.4688, val_ap: 0.6432
2023-04-22 14:24:04,363 - Epoch:131, train_loss:0.8583, val_auc:0.4531, val_ap: 0.6375
2023-04-22 14:24:04,669 - Epoch:132, train_loss:0.8634, val_auc:0.4688, val_ap: 0.6416
2023-04-22 14:24:04,977 - Epoch:133, train_loss:0.8181, val_auc:0.5156, val_ap: 0.6595
2023-04-22 14:24:05,283 - Epoch:134, train_loss:0.8974, val_auc:0.5469, val_ap: 0.6762
2023-04-22 14:24:05,591 - Epoch:135, train_loss:0.7767, val_auc:0.5625, val_ap: 0.6742
2023-04-22 14:24:05,896 - Epoch:136, train_loss:0.9358, val_auc:0.5781, val_ap: 0.6798
2023-04-22 14:24:06,200 - Epoch:137, train_loss:0.9153, val_auc:0.5625, val_ap: 0.6742
2023-04-22 14:24:06,509 - Epoch:138, train_loss:0.7950, val_auc:0.5312, val_ap: 0.6652
2023-04-22 14:24:06,812 - Epoch:139, train_loss:0.8950, val_auc:0.5000, val_ap: 0.6562
2023-04-22 14:24:07,122 - Epoch:140, train_loss:0.8621, val_auc:0.5000, val_ap: 0.6818
2023-04-22 14:24:07,427 - Epoch:141, train_loss:0.8756, val_auc:0.4688, val_ap: 0.6729
2023-04-22 14:24:07,729 - Epoch:142, train_loss:0.8513, val_auc:0.4688, val_ap: 0.6729
2023-04-22 14:24:08,039 - Epoch:143, train_loss:0.9148, val_auc:0.4844, val_ap: 0.6770
2023-04-22 14:24:08,345 - Epoch:144, train_loss:0.8451, val_auc:0.5000, val_ap: 0.6812
2023-04-22 14:24:08,653 - Epoch:145, train_loss:0.8608, val_auc:0.5469, val_ap: 0.7027
2023-04-22 14:24:08,957 - Epoch:146, train_loss:0.9770, val_auc:0.5781, val_ap: 0.7131
2023-04-22 14:24:09,259 - Epoch:147, train_loss:0.8300, val_auc:0.5781, val_ap: 0.7131
2023-04-22 14:24:09,568 - Epoch:148, train_loss:0.9078, val_auc:0.5781, val_ap: 0.7131
2023-04-22 14:24:09,875 - Epoch:149, train_loss:0.9078, val_auc:0.5312, val_ap: 0.6923
2023-04-22 14:24:10,183 - Epoch:150, train_loss:0.8760, val_auc:0.5156, val_ap: 0.6866
2023-04-22 14:24:10,488 - Epoch:151, train_loss:0.8312, val_auc:0.4844, val_ap: 0.6505
2023-04-22 14:24:10,790 - Epoch:152, train_loss:0.8762, val_auc:0.4844, val_ap: 0.6848
2023-04-22 14:24:11,092 - Epoch:153, train_loss:0.9317, val_auc:0.4844, val_ap: 0.6848
2023-04-22 14:24:11,401 - Epoch:154, train_loss:0.8963, val_auc:0.4688, val_ap: 0.6729
2023-04-22 14:24:11,707 - Epoch:155, train_loss:0.8577, val_auc:0.4688, val_ap: 0.6729
2023-04-22 14:24:12,017 - Epoch:156, train_loss:0.8084, val_auc:0.4844, val_ap: 0.6728
2023-04-22 14:24:12,320 - Epoch:157, train_loss:0.8959, val_auc:0.5469, val_ap: 0.6964
2023-04-22 14:24:12,632 - Epoch:158, train_loss:0.9087, val_auc:0.5469, val_ap: 0.6964
2023-04-22 14:24:12,935 - Epoch:159, train_loss:0.8470, val_auc:0.5469, val_ap: 0.6979
2023-04-22 14:24:13,244 - Epoch:160, train_loss:0.8383, val_auc:0.5625, val_ap: 0.7098
2023-04-22 14:24:13,549 - Epoch:161, train_loss:0.8349, val_auc:0.5469, val_ap: 0.6979
2023-04-22 14:24:13,851 - Epoch:162, train_loss:0.9316, val_auc:0.5625, val_ap: 0.7098
2023-04-22 14:24:14,161 - Epoch:163, train_loss:0.8713, val_auc:0.5312, val_ap: 0.6985
2023-04-22 14:24:14,466 - Epoch:164, train_loss:0.9246, val_auc:0.5312, val_ap: 0.6985
2023-04-22 14:24:14,776 - Epoch:165, train_loss:0.8514, val_auc:0.5312, val_ap: 0.6985
2023-04-22 14:24:15,080 - Epoch:166, train_loss:0.8352, val_auc:0.5156, val_ap: 0.6866
2023-04-22 14:24:15,390 - Epoch:167, train_loss:0.8705, val_auc:0.5156, val_ap: 0.6866
2023-04-22 14:24:15,694 - Epoch:168, train_loss:0.8545, val_auc:0.5781, val_ap: 0.7140
2023-04-22 14:24:15,999 - Epoch:169, train_loss:0.9105, val_auc:0.5781, val_ap: 0.7140
2023-04-22 14:24:16,306 - Epoch:170, train_loss:0.7753, val_auc:0.5781, val_ap: 0.7265
2023-04-22 14:24:16,610 - Epoch:171, train_loss:0.8781, val_auc:0.5625, val_ap: 0.7098
2023-04-22 14:24:16,921 - Epoch:172, train_loss:0.8591, val_auc:0.5625, val_ap: 0.7098
2023-04-22 14:24:17,232 - Epoch:173, train_loss:0.9058, val_auc:0.5469, val_ap: 0.6979
2023-04-22 14:24:17,524 - Epoch:174, train_loss:0.8926, val_auc:0.5469, val_ap: 0.6979
2023-04-22 14:24:17,829 - Epoch:175, train_loss:0.8599, val_auc:0.5469, val_ap: 0.6979
2023-04-22 14:24:18,138 - Epoch:176, train_loss:0.8818, val_auc:0.5469, val_ap: 0.6979
2023-04-22 14:24:18,442 - Epoch:177, train_loss:0.8830, val_auc:0.5469, val_ap: 0.6979
2023-04-22 14:24:18,745 - Epoch:178, train_loss:0.8568, val_auc:0.5781, val_ap: 0.7265
2023-04-22 14:24:19,048 - Epoch:179, train_loss:0.8370, val_auc:0.5938, val_ap: 0.7307
2023-04-22 14:24:19,356 - Epoch:180, train_loss:0.9110, val_auc:0.6250, val_ap: 0.7605
2023-04-22 14:24:19,660 - Epoch:181, train_loss:0.7886, val_auc:0.6250, val_ap: 0.7605
2023-04-22 14:24:19,962 - Epoch:182, train_loss:0.9078, val_auc:0.5938, val_ap: 0.7500
2023-04-22 14:24:20,265 - Epoch:183, train_loss:0.8521, val_auc:0.5781, val_ap: 0.7443
2023-04-22 14:24:20,567 - Epoch:184, train_loss:0.8796, val_auc:0.5469, val_ap: 0.7152
2023-04-22 14:24:20,869 - Epoch:185, train_loss:0.9005, val_auc:0.5000, val_ap: 0.6818
2023-04-22 14:24:21,171 - Epoch:186, train_loss:0.7958, val_auc:0.5000, val_ap: 0.6818
2023-04-22 14:24:21,473 - Epoch:187, train_loss:0.8451, val_auc:0.5156, val_ap: 0.6866
2023-04-22 14:24:21,776 - Epoch:188, train_loss:0.8975, val_auc:0.5312, val_ap: 0.6923
2023-04-22 14:24:22,085 - Epoch:189, train_loss:0.8809, val_auc:0.5781, val_ap: 0.7140
2023-04-22 14:24:22,389 - Epoch:190, train_loss:0.8605, val_auc:0.5469, val_ap: 0.6640
2023-04-22 14:24:22,692 - Epoch:191, train_loss:0.8427, val_auc:0.5312, val_ap: 0.6667
2023-04-22 14:24:23,002 - Epoch:192, train_loss:0.9332, val_auc:0.5781, val_ap: 0.6869
2023-04-22 14:24:23,306 - Epoch:193, train_loss:0.7942, val_auc:0.5625, val_ap: 0.6812
2023-04-22 14:24:23,615 - Epoch:194, train_loss:0.8957, val_auc:0.5781, val_ap: 0.6979
2023-04-22 14:24:23,919 - Epoch:195, train_loss:0.8142, val_auc:0.5469, val_ap: 0.6874
2023-04-22 14:24:24,222 - Epoch:196, train_loss:0.8273, val_auc:0.5156, val_ap: 0.6931
2023-04-22 14:24:24,524 - Epoch:197, train_loss:0.8575, val_auc:0.5000, val_ap: 0.6812
2023-04-22 14:24:24,833 - Epoch:198, train_loss:0.8840, val_auc:0.5312, val_ap: 0.6907
2023-04-22 14:24:25,138 - Epoch:199, train_loss:0.8760, val_auc:0.5625, val_ap: 0.7021
2023-04-22 14:24:25,140 - final results:
2023-04-22 14:24:25,140 - ====================================================================================
2023-04-22 14:24:25,141 - AUC:0.6543+-0.1216 [0.8125, 0.4921875, 0.71875, 0.59375]
2023-04-22 14:24:25,141 - AP:0.6934+-0.1360 [0.8624577922542911, 0.5164145171957673, 0.7812485711034138, 0.6136278737712396]
2023-04-22 14:24:25,485 - Epoch:000, train_loss:4.9752, val_auc:0.7344, val_ap: 0.7443, text_auc:0.7812, text_ap: 0.8047
2023-04-22 14:24:25,796 - Epoch:001, train_loss:3.7762, val_auc:0.7812, val_ap: 0.7719, text_auc:0.7852, text_ap: 0.7823
2023-04-22 14:24:26,102 - Epoch:002, train_loss:3.4938, val_auc:0.6406, val_ap: 0.6394
2023-04-22 14:24:26,406 - Epoch:003, train_loss:2.7565, val_auc:0.6406, val_ap: 0.5975
2023-04-22 14:24:26,710 - Epoch:004, train_loss:2.2876, val_auc:0.6562, val_ap: 0.5897
2023-04-22 14:24:27,019 - Epoch:005, train_loss:1.7454, val_auc:0.5625, val_ap: 0.5286
2023-04-22 14:24:27,322 - Epoch:006, train_loss:1.4998, val_auc:0.5469, val_ap: 0.5181
2023-04-22 14:24:27,625 - Epoch:007, train_loss:1.3545, val_auc:0.5469, val_ap: 0.5181
2023-04-22 14:24:27,927 - Epoch:008, train_loss:1.4881, val_auc:0.5625, val_ap: 0.5248
2023-04-22 14:24:28,229 - Epoch:009, train_loss:1.4080, val_auc:0.5312, val_ap: 0.5095
2023-04-22 14:24:28,531 - Epoch:010, train_loss:1.2269, val_auc:0.5156, val_ap: 0.5026
2023-04-22 14:24:28,833 - Epoch:011, train_loss:1.3299, val_auc:0.5469, val_ap: 0.5181
2023-04-22 14:24:29,134 - Epoch:012, train_loss:1.3452, val_auc:0.5469, val_ap: 0.5181
2023-04-22 14:24:29,437 - Epoch:013, train_loss:1.0861, val_auc:0.5469, val_ap: 0.5181
2023-04-22 14:24:29,739 - Epoch:014, train_loss:1.2191, val_auc:0.5469, val_ap: 0.5181
2023-04-22 14:24:30,040 - Epoch:015, train_loss:1.1282, val_auc:0.5312, val_ap: 0.5113
2023-04-22 14:24:30,342 - Epoch:016, train_loss:1.0385, val_auc:0.5312, val_ap: 0.5113
2023-04-22 14:24:30,644 - Epoch:017, train_loss:1.1823, val_auc:0.5312, val_ap: 0.5113
2023-04-22 14:24:30,946 - Epoch:018, train_loss:1.0859, val_auc:0.5312, val_ap: 0.5113
2023-04-22 14:24:31,249 - Epoch:019, train_loss:1.0954, val_auc:0.5312, val_ap: 0.5113
2023-04-22 14:24:31,558 - Epoch:020, train_loss:1.2157, val_auc:0.5625, val_ap: 0.5265
2023-04-22 14:24:31,862 - Epoch:021, train_loss:1.0975, val_auc:0.5625, val_ap: 0.5265
2023-04-22 14:24:32,164 - Epoch:022, train_loss:1.1954, val_auc:0.5781, val_ap: 0.5369
2023-04-22 14:24:32,467 - Epoch:023, train_loss:1.2678, val_auc:0.5781, val_ap: 0.5369
2023-04-22 14:24:32,773 - Epoch:024, train_loss:1.0475, val_auc:0.5781, val_ap: 0.5369
2023-04-22 14:24:33,080 - Epoch:025, train_loss:1.0539, val_auc:0.5625, val_ap: 0.5314
2023-04-22 14:24:33,383 - Epoch:026, train_loss:1.0327, val_auc:0.5469, val_ap: 0.5231
2023-04-22 14:24:33,689 - Epoch:027, train_loss:0.9893, val_auc:0.5312, val_ap: 0.5162
2023-04-22 14:24:33,997 - Epoch:028, train_loss:1.0822, val_auc:0.5469, val_ap: 0.5217
2023-04-22 14:24:34,290 - Epoch:029, train_loss:1.0676, val_auc:0.5625, val_ap: 0.5286
2023-04-22 14:24:34,599 - Epoch:030, train_loss:1.0959, val_auc:0.5938, val_ap: 0.6119
2023-04-22 14:24:34,903 - Epoch:031, train_loss:1.1151, val_auc:0.5781, val_ap: 0.6064
2023-04-22 14:24:35,206 - Epoch:032, train_loss:0.9860, val_auc:0.5781, val_ap: 0.6064
2023-04-22 14:24:35,507 - Epoch:033, train_loss:1.0253, val_auc:0.5781, val_ap: 0.6064
2023-04-22 14:24:35,809 - Epoch:034, train_loss:1.0621, val_auc:0.5625, val_ap: 0.5996
2023-04-22 14:24:36,112 - Epoch:035, train_loss:0.9818, val_auc:0.5625, val_ap: 0.5996
2023-04-22 14:24:36,421 - Epoch:036, train_loss:0.9536, val_auc:0.5469, val_ap: 0.5948
2023-04-22 14:24:36,725 - Epoch:037, train_loss:1.0777, val_auc:0.5781, val_ap: 0.6198
2023-04-22 14:24:37,027 - Epoch:038, train_loss:0.9719, val_auc:0.5781, val_ap: 0.6198
2023-04-22 14:24:37,329 - Epoch:039, train_loss:1.0013, val_auc:0.6094, val_ap: 0.6454
2023-04-22 14:24:37,632 - Epoch:040, train_loss:1.0313, val_auc:0.6406, val_ap: 0.6697
2023-04-22 14:24:37,934 - Epoch:041, train_loss:0.9046, val_auc:0.6094, val_ap: 0.6520
2023-04-22 14:24:38,236 - Epoch:042, train_loss:0.9571, val_auc:0.5781, val_ap: 0.6396
2023-04-22 14:24:38,538 - Epoch:043, train_loss:1.0591, val_auc:0.5938, val_ap: 0.6813
2023-04-22 14:24:38,847 - Epoch:044, train_loss:0.9675, val_auc:0.5938, val_ap: 0.6813
2023-04-22 14:24:39,153 - Epoch:045, train_loss:0.9141, val_auc:0.6094, val_ap: 0.6903
2023-04-22 14:24:39,456 - Epoch:046, train_loss:1.0210, val_auc:0.6562, val_ap: 0.7159
2023-04-22 14:24:39,765 - Epoch:047, train_loss:0.9445, val_auc:0.6562, val_ap: 0.7269
2023-04-22 14:24:40,068 - Epoch:048, train_loss:0.8967, val_auc:0.6719, val_ap: 0.7356
2023-04-22 14:24:40,371 - Epoch:049, train_loss:1.0831, val_auc:0.6875, val_ap: 0.7669
2023-04-22 14:24:40,672 - Epoch:050, train_loss:1.0301, val_auc:0.6719, val_ap: 0.7582
2023-04-22 14:24:40,974 - Epoch:051, train_loss:1.0021, val_auc:0.6719, val_ap: 0.7764
2023-04-22 14:24:41,277 - Epoch:052, train_loss:1.0400, val_auc:0.6562, val_ap: 0.7707
2023-04-22 14:24:41,584 - Epoch:053, train_loss:0.9359, val_auc:0.6250, val_ap: 0.7387
2023-04-22 14:24:41,900 - Epoch:054, train_loss:0.9575, val_auc:0.6094, val_ap: 0.7221
2023-04-22 14:24:42,181 - Epoch:055, train_loss:0.8936, val_auc:0.5781, val_ap: 0.7045
2023-04-22 14:24:42,485 - Epoch:056, train_loss:0.8594, val_auc:0.5781, val_ap: 0.7045
2023-04-22 14:24:42,787 - Epoch:057, train_loss:0.9323, val_auc:0.6094, val_ap: 0.7171
2023-04-22 14:24:43,089 - Epoch:058, train_loss:0.9175, val_auc:0.6562, val_ap: 0.7371
2023-04-22 14:24:43,398 - Epoch:059, train_loss:0.8873, val_auc:0.6875, val_ap: 0.7522
2023-04-22 14:24:43,702 - Epoch:060, train_loss:0.9114, val_auc:0.6875, val_ap: 0.7522
2023-04-22 14:24:44,005 - Epoch:061, train_loss:0.9635, val_auc:0.6719, val_ap: 0.7466
2023-04-22 14:24:44,314 - Epoch:062, train_loss:0.8868, val_auc:0.6562, val_ap: 0.7490
2023-04-22 14:24:44,618 - Epoch:063, train_loss:0.8430, val_auc:0.6562, val_ap: 0.7490
2023-04-22 14:24:44,927 - Epoch:064, train_loss:0.9840, val_auc:0.5938, val_ap: 0.7182
2023-04-22 14:24:45,231 - Epoch:065, train_loss:0.8655, val_auc:0.5938, val_ap: 0.7173
2023-04-22 14:24:45,555 - Epoch:066, train_loss:0.9346, val_auc:0.5625, val_ap: 0.6997
2023-04-22 14:24:45,863 - Epoch:067, train_loss:0.9865, val_auc:0.6094, val_ap: 0.7158
2023-04-22 14:24:46,168 - Epoch:068, train_loss:0.9571, val_auc:0.6250, val_ap: 0.7228
2023-04-22 14:24:46,470 - Epoch:069, train_loss:0.8705, val_auc:0.6562, val_ap: 0.7329
2023-04-22 14:24:46,772 - Epoch:070, train_loss:0.8674, val_auc:0.6562, val_ap: 0.7329
2023-04-22 14:24:47,074 - Epoch:071, train_loss:1.0224, val_auc:0.6406, val_ap: 0.7263
2023-04-22 14:24:47,375 - Epoch:072, train_loss:0.8203, val_auc:0.6719, val_ap: 0.7407
2023-04-22 14:24:47,677 - Epoch:073, train_loss:0.9065, val_auc:0.6875, val_ap: 0.7494
2023-04-22 14:24:47,981 - Epoch:074, train_loss:0.8699, val_auc:0.7031, val_ap: 0.7725
2023-04-22 14:24:48,289 - Epoch:075, train_loss:0.9815, val_auc:0.7031, val_ap: 0.7693
2023-04-22 14:24:48,593 - Epoch:076, train_loss:1.0041, val_auc:0.6719, val_ap: 0.7570
2023-04-22 14:24:48,896 - Epoch:077, train_loss:0.9132, val_auc:0.6875, val_ap: 0.7638
2023-04-22 14:24:49,205 - Epoch:078, train_loss:0.9358, val_auc:0.6719, val_ap: 0.7545
2023-04-22 14:24:49,509 - Epoch:079, train_loss:0.9114, val_auc:0.6719, val_ap: 0.7545
2023-04-22 14:24:49,812 - Epoch:080, train_loss:0.8846, val_auc:0.6406, val_ap: 0.7263
2023-04-22 14:24:50,114 - Epoch:081, train_loss:0.8412, val_auc:0.6406, val_ap: 0.7284
2023-04-22 14:24:50,415 - Epoch:082, train_loss:0.8855, val_auc:0.6562, val_ap: 0.7403
2023-04-22 14:24:50,718 - Epoch:083, train_loss:0.9812, val_auc:0.6406, val_ap: 0.7284
2023-04-22 14:24:51,020 - Epoch:084, train_loss:0.8779, val_auc:0.6562, val_ap: 0.7383
2023-04-22 14:24:51,321 - Epoch:085, train_loss:0.8237, val_auc:0.6562, val_ap: 0.7383
2023-04-22 14:24:51,623 - Epoch:086, train_loss:0.9207, val_auc:0.6562, val_ap: 0.7383
2023-04-22 14:24:51,926 - Epoch:087, train_loss:0.9699, val_auc:0.6875, val_ap: 0.7538
2023-04-22 14:24:52,235 - Epoch:088, train_loss:0.7616, val_auc:0.6719, val_ap: 0.7502
2023-04-22 14:24:52,540 - Epoch:089, train_loss:0.9497, val_auc:0.6875, val_ap: 0.7585
2023-04-22 14:24:52,842 - Epoch:090, train_loss:0.8470, val_auc:0.5938, val_ap: 0.7173
2023-04-22 14:24:53,151 - Epoch:091, train_loss:0.8541, val_auc:0.6250, val_ap: 0.7329
2023-04-22 14:24:53,456 - Epoch:092, train_loss:0.9336, val_auc:0.6094, val_ap: 0.7210
2023-04-22 14:24:53,758 - Epoch:093, train_loss:0.9409, val_auc:0.5938, val_ap: 0.7102
2023-04-22 14:24:54,060 - Epoch:094, train_loss:0.8361, val_auc:0.6562, val_ap: 0.7383
2023-04-22 14:24:54,362 - Epoch:095, train_loss:0.8503, val_auc:0.6250, val_ap: 0.7258
2023-04-22 14:24:54,664 - Epoch:096, train_loss:0.9015, val_auc:0.6406, val_ap: 0.7315
2023-04-22 14:24:54,967 - Epoch:097, train_loss:0.8455, val_auc:0.6406, val_ap: 0.7315
2023-04-22 14:24:55,276 - Epoch:098, train_loss:0.9348, val_auc:0.6406, val_ap: 0.7335
2023-04-22 14:24:55,588 - Epoch:099, train_loss:0.9205, val_auc:0.6719, val_ap: 0.7458
2023-04-22 14:24:55,893 - Epoch:100, train_loss:0.8495, val_auc:0.6875, val_ap: 0.7541
2023-04-22 14:24:56,202 - Epoch:101, train_loss:0.8137, val_auc:0.6094, val_ap: 0.7219
2023-04-22 14:24:56,507 - Epoch:102, train_loss:0.7822, val_auc:0.5938, val_ap: 0.7233
2023-04-22 14:24:56,816 - Epoch:103, train_loss:0.8494, val_auc:0.5938, val_ap: 0.7233
2023-04-22 14:24:57,121 - Epoch:104, train_loss:0.8951, val_auc:0.5781, val_ap: 0.7146
2023-04-22 14:24:57,430 - Epoch:105, train_loss:0.9653, val_auc:0.5469, val_ap: 0.6938
2023-04-22 14:24:57,740 - Epoch:106, train_loss:0.8806, val_auc:0.5625, val_ap: 0.6986
2023-04-22 14:24:58,045 - Epoch:107, train_loss:0.8764, val_auc:0.6250, val_ap: 0.7215
2023-04-22 14:24:58,348 - Epoch:108, train_loss:0.9062, val_auc:0.6250, val_ap: 0.7215
2023-04-22 14:24:58,658 - Epoch:109, train_loss:0.8875, val_auc:0.6250, val_ap: 0.7248
2023-04-22 14:24:58,963 - Epoch:110, train_loss:0.8993, val_auc:0.6094, val_ap: 0.7180
2023-04-22 14:24:59,264 - Epoch:111, train_loss:0.9241, val_auc:0.5938, val_ap: 0.7078
2023-04-22 14:24:59,567 - Epoch:112, train_loss:0.8866, val_auc:0.5469, val_ap: 0.6917
2023-04-22 14:24:59,877 - Epoch:113, train_loss:0.8958, val_auc:0.5469, val_ap: 0.7020
2023-04-22 14:25:00,181 - Epoch:114, train_loss:0.8554, val_auc:0.5625, val_ap: 0.7187
2023-04-22 14:25:00,483 - Epoch:115, train_loss:0.8846, val_auc:0.5781, val_ap: 0.7235
2023-04-22 14:25:00,793 - Epoch:116, train_loss:0.9423, val_auc:0.5781, val_ap: 0.7244
2023-04-22 14:25:01,098 - Epoch:117, train_loss:0.8701, val_auc:0.5781, val_ap: 0.7146
2023-04-22 14:25:01,408 - Epoch:118, train_loss:0.9106, val_auc:0.5000, val_ap: 0.6742
2023-04-22 14:25:01,713 - Epoch:119, train_loss:0.9290, val_auc:0.4688, val_ap: 0.6653
2023-04-22 14:25:02,023 - Epoch:120, train_loss:0.8035, val_auc:0.4688, val_ap: 0.6653
2023-04-22 14:25:02,327 - Epoch:121, train_loss:0.8160, val_auc:0.4844, val_ap: 0.6723
2023-04-22 14:25:02,636 - Epoch:122, train_loss:0.8493, val_auc:0.5312, val_ap: 0.6978
2023-04-22 14:25:02,941 - Epoch:123, train_loss:0.8565, val_auc:0.5938, val_ap: 0.7194
2023-04-22 14:25:03,245 - Epoch:124, train_loss:0.9190, val_auc:0.6094, val_ap: 0.7200
2023-04-22 14:25:03,553 - Epoch:125, train_loss:0.9991, val_auc:0.6250, val_ap: 0.7287
2023-04-22 14:25:03,873 - Epoch:126, train_loss:0.9335, val_auc:0.5625, val_ap: 0.7068
2023-04-22 14:25:04,178 - Epoch:127, train_loss:0.8527, val_auc:0.5625, val_ap: 0.7077
2023-04-22 14:25:04,481 - Epoch:128, train_loss:0.9486, val_auc:0.5781, val_ap: 0.7114
2023-04-22 14:25:04,783 - Epoch:129, train_loss:0.9195, val_auc:0.5469, val_ap: 0.6958
2023-04-22 14:25:05,085 - Epoch:130, train_loss:0.8832, val_auc:0.5156, val_ap: 0.6854
2023-04-22 14:25:05,386 - Epoch:131, train_loss:0.9357, val_auc:0.5156, val_ap: 0.6854
2023-04-22 14:25:05,688 - Epoch:132, train_loss:0.8734, val_auc:0.5469, val_ap: 0.6938
2023-04-22 14:25:05,991 - Epoch:133, train_loss:0.8485, val_auc:0.5625, val_ap: 0.7006
2023-04-22 14:25:06,293 - Epoch:134, train_loss:0.8861, val_auc:0.5781, val_ap: 0.7114
2023-04-22 14:25:06,595 - Epoch:135, train_loss:0.8149, val_auc:0.6250, val_ap: 0.7287
2023-04-22 14:25:06,897 - Epoch:136, train_loss:0.8489, val_auc:0.6406, val_ap: 0.7371
2023-04-22 14:25:07,199 - Epoch:137, train_loss:0.8838, val_auc:0.6094, val_ap: 0.7219
2023-04-22 14:25:07,502 - Epoch:138, train_loss:0.8054, val_auc:0.5781, val_ap: 0.7114
2023-04-22 14:25:07,804 - Epoch:139, train_loss:0.9371, val_auc:0.5469, val_ap: 0.6958
2023-04-22 14:25:08,106 - Epoch:140, train_loss:0.7951, val_auc:0.5312, val_ap: 0.6847
2023-04-22 14:25:08,408 - Epoch:141, train_loss:0.8408, val_auc:0.5156, val_ap: 0.6790
2023-04-22 14:25:08,716 - Epoch:142, train_loss:0.8266, val_auc:0.5000, val_ap: 0.6742
2023-04-22 14:25:09,021 - Epoch:143, train_loss:0.7821, val_auc:0.5000, val_ap: 0.6742
2023-04-22 14:25:09,346 - Epoch:144, train_loss:0.8614, val_auc:0.5156, val_ap: 0.6799
2023-04-22 14:25:09,654 - Epoch:145, train_loss:0.8644, val_auc:0.5469, val_ap: 0.6904
2023-04-22 14:25:09,961 - Epoch:146, train_loss:0.8442, val_auc:0.5469, val_ap: 0.6904
2023-04-22 14:25:10,269 - Epoch:147, train_loss:0.8734, val_auc:0.5469, val_ap: 0.6904
2023-04-22 14:25:10,575 - Epoch:148, train_loss:0.8357, val_auc:0.5156, val_ap: 0.6535
2023-04-22 14:25:10,887 - Epoch:149, train_loss:0.8951, val_auc:0.5938, val_ap: 0.6969
2023-04-22 14:25:11,199 - Epoch:150, train_loss:0.8514, val_auc:0.6094, val_ap: 0.7026
2023-04-22 14:25:11,511 - Epoch:151, train_loss:0.9433, val_auc:0.6250, val_ap: 0.7094
2023-04-22 14:25:11,828 - Epoch:152, train_loss:0.9582, val_auc:0.6406, val_ap: 0.7205
2023-04-22 14:25:12,144 - Epoch:153, train_loss:0.8752, val_auc:0.6719, val_ap: 0.7521
2023-04-22 14:25:12,454 - Epoch:154, train_loss:0.8442, val_auc:0.6719, val_ap: 0.7521
2023-04-22 14:25:12,764 - Epoch:155, train_loss:0.8423, val_auc:0.6719, val_ap: 0.7521
2023-04-22 14:25:13,069 - Epoch:156, train_loss:0.8450, val_auc:0.6094, val_ap: 0.7135
2023-04-22 14:25:13,379 - Epoch:157, train_loss:0.8618, val_auc:0.5625, val_ap: 0.6763
2023-04-22 14:25:13,681 - Epoch:158, train_loss:0.8172, val_auc:0.5312, val_ap: 0.6637
2023-04-22 14:25:13,993 - Epoch:159, train_loss:0.8529, val_auc:0.5156, val_ap: 0.6547
2023-04-22 14:25:14,304 - Epoch:160, train_loss:0.9378, val_auc:0.4844, val_ap: 0.6458
2023-04-22 14:25:14,610 - Epoch:161, train_loss:0.8120, val_auc:0.5000, val_ap: 0.6514
2023-04-22 14:25:14,919 - Epoch:162, train_loss:0.8411, val_auc:0.5156, val_ap: 0.6562
2023-04-22 14:25:15,230 - Epoch:163, train_loss:0.8503, val_auc:0.5156, val_ap: 0.6584
2023-04-22 14:25:15,535 - Epoch:164, train_loss:0.8426, val_auc:0.5156, val_ap: 0.6584
2023-04-22 14:25:15,845 - Epoch:165, train_loss:0.9321, val_auc:0.5469, val_ap: 0.6689
2023-04-22 14:25:16,156 - Epoch:166, train_loss:0.8802, val_auc:0.5312, val_ap: 0.6862
2023-04-22 14:25:16,461 - Epoch:167, train_loss:0.8761, val_auc:0.5781, val_ap: 0.7049
2023-04-22 14:25:16,771 - Epoch:168, train_loss:0.8723, val_auc:0.5625, val_ap: 0.6993
2023-04-22 14:25:17,075 - Epoch:169, train_loss:0.8251, val_auc:0.5625, val_ap: 0.6993
2023-04-22 14:25:17,386 - Epoch:170, train_loss:0.8673, val_auc:0.5781, val_ap: 0.7069
2023-04-22 14:25:17,696 - Epoch:171, train_loss:0.8605, val_auc:0.5938, val_ap: 0.7159
2023-04-22 14:25:18,002 - Epoch:172, train_loss:0.8120, val_auc:0.6094, val_ap: 0.7225
2023-04-22 14:25:18,319 - Epoch:173, train_loss:0.9492, val_auc:0.5938, val_ap: 0.7169
2023-04-22 14:25:18,633 - Epoch:174, train_loss:0.8232, val_auc:0.5625, val_ap: 0.7079
2023-04-22 14:25:18,945 - Epoch:175, train_loss:0.8444, val_auc:0.5312, val_ap: 0.6903
2023-04-22 14:25:19,260 - Epoch:176, train_loss:0.8854, val_auc:0.5000, val_ap: 0.6764
2023-04-22 14:25:19,570 - Epoch:177, train_loss:0.9012, val_auc:0.5156, val_ap: 0.6821
2023-04-22 14:25:19,884 - Epoch:178, train_loss:0.8417, val_auc:0.5312, val_ap: 0.6854
2023-04-22 14:25:20,194 - Epoch:179, train_loss:0.8791, val_auc:0.5312, val_ap: 0.6862
2023-04-22 14:25:20,497 - Epoch:180, train_loss:0.8116, val_auc:0.5000, val_ap: 0.6757
2023-04-22 14:25:20,808 - Epoch:181, train_loss:0.8740, val_auc:0.5000, val_ap: 0.6757
2023-04-22 14:25:21,136 - Epoch:182, train_loss:0.8447, val_auc:0.5000, val_ap: 0.6757
2023-04-22 14:25:21,462 - Epoch:183, train_loss:0.8806, val_auc:0.5312, val_ap: 0.6862
2023-04-22 14:25:21,791 - Epoch:184, train_loss:0.8900, val_auc:0.5312, val_ap: 0.6862
2023-04-22 14:25:22,106 - Epoch:185, train_loss:0.8472, val_auc:0.5469, val_ap: 0.6923
2023-04-22 14:25:22,419 - Epoch:186, train_loss:0.8841, val_auc:0.4844, val_ap: 0.6707
2023-04-22 14:25:22,731 - Epoch:187, train_loss:0.8170, val_auc:0.4844, val_ap: 0.6707
2023-04-22 14:25:23,044 - Epoch:188, train_loss:0.8014, val_auc:0.4531, val_ap: 0.6603
2023-04-22 14:25:23,356 - Epoch:189, train_loss:0.9487, val_auc:0.4531, val_ap: 0.6618
2023-04-22 14:25:23,668 - Epoch:190, train_loss:0.9133, val_auc:0.4844, val_ap: 0.6707
2023-04-22 14:25:23,980 - Epoch:191, train_loss:0.8932, val_auc:0.5000, val_ap: 0.6757
2023-04-22 14:25:24,293 - Epoch:192, train_loss:0.8026, val_auc:0.4688, val_ap: 0.6653
2023-04-22 14:25:24,606 - Epoch:193, train_loss:0.9381, val_auc:0.4375, val_ap: 0.6552
2023-04-22 14:25:24,920 - Epoch:194, train_loss:0.8802, val_auc:0.4375, val_ap: 0.6552
2023-04-22 14:25:25,229 - Epoch:195, train_loss:0.8389, val_auc:0.4531, val_ap: 0.6594
2023-04-22 14:25:25,541 - Epoch:196, train_loss:0.9439, val_auc:0.4688, val_ap: 0.6653
2023-04-22 14:25:25,853 - Epoch:197, train_loss:0.8625, val_auc:0.4844, val_ap: 0.6770
2023-04-22 14:25:26,165 - Epoch:198, train_loss:0.8121, val_auc:0.4844, val_ap: 0.6770
2023-04-22 14:25:26,477 - Epoch:199, train_loss:0.9465, val_auc:0.4844, val_ap: 0.6723
2023-04-22 14:25:26,479 - final results:
2023-04-22 14:25:26,479 - ====================================================================================
2023-04-22 14:25:26,480 - AUC:0.6805+-0.1207 [0.8125, 0.4921875, 0.71875, 0.59375, 0.78515625]
2023-04-22 14:25:26,480 - AP:0.7112+-0.1267 [0.8624577922542911, 0.5164145171957673, 0.7812485711034138, 0.6136278737712396, 0.7822943135464169]
