2023-04-22 14:26:19,381 - args: Namespace(dataset='Wisconsin', datapath='../dataset', log_dir='logs/', name='debug', epoch=200, model_lr=0.01, mi_lr=0.003, alpha=0.01, k=5, x_dim=64, mi_iter=5, routit=3, val_frac=0.05, test_frac=0.1, dropout=0, model='GAE', mi_est='CLUBSample', gpu=-1, trails=5, seed=-1, verbose=1, argv=['/home/dell/zxj/VGDAE_TNNLS_1/VGDAE/Updata/other_dataset/DGAE/main.py'], device=device(type='cuda', index=1))
2023-04-22 14:26:30,420 - Epoch:000, train_loss:4.9656, val_auc:0.8333, val_ap: 0.8576, text_auc:0.7153, text_ap: 0.7408
2023-04-22 14:26:30,781 - Epoch:001, train_loss:3.7817, val_auc:0.8681, val_ap: 0.8872, text_auc:0.7656, text_ap: 0.7726
2023-04-22 14:26:31,091 - Epoch:002, train_loss:3.3591, val_auc:0.8681, val_ap: 0.8881, text_auc:0.7552, text_ap: 0.7770
2023-04-22 14:26:31,406 - Epoch:003, train_loss:2.5268, val_auc:0.8611, val_ap: 0.8821
2023-04-22 14:26:31,721 - Epoch:004, train_loss:1.7940, val_auc:0.8611, val_ap: 0.8767
2023-04-22 14:26:32,041 - Epoch:005, train_loss:1.6247, val_auc:0.8681, val_ap: 0.8815
2023-04-22 14:26:32,353 - Epoch:006, train_loss:1.7039, val_auc:0.8750, val_ap: 0.8807
2023-04-22 14:26:32,671 - Epoch:007, train_loss:1.7937, val_auc:0.8750, val_ap: 0.8889, text_auc:0.7344, text_ap: 0.7717
2023-04-22 14:26:32,985 - Epoch:008, train_loss:1.5879, val_auc:0.8750, val_ap: 0.8889
2023-04-22 14:26:33,298 - Epoch:009, train_loss:1.5285, val_auc:0.8542, val_ap: 0.8690
2023-04-22 14:26:33,616 - Epoch:010, train_loss:1.2773, val_auc:0.8472, val_ap: 0.8551
2023-04-22 14:26:33,934 - Epoch:011, train_loss:1.4911, val_auc:0.8472, val_ap: 0.8551
2023-04-22 14:26:34,252 - Epoch:012, train_loss:1.4710, val_auc:0.8472, val_ap: 0.8551
2023-04-22 14:26:34,574 - Epoch:013, train_loss:1.2531, val_auc:0.8472, val_ap: 0.8551
2023-04-22 14:26:34,910 - Epoch:014, train_loss:1.3149, val_auc:0.8472, val_ap: 0.8551
2023-04-22 14:26:35,234 - Epoch:015, train_loss:1.5029, val_auc:0.8611, val_ap: 0.8809
2023-04-22 14:26:35,555 - Epoch:016, train_loss:1.1115, val_auc:0.8611, val_ap: 0.8809
2023-04-22 14:26:35,871 - Epoch:017, train_loss:1.5112, val_auc:0.8750, val_ap: 0.8903, text_auc:0.7240, text_ap: 0.7777
2023-04-22 14:26:36,191 - Epoch:018, train_loss:1.1844, val_auc:0.8750, val_ap: 0.8969, text_auc:0.7205, text_ap: 0.7757
2023-04-22 14:26:36,515 - Epoch:019, train_loss:1.3939, val_auc:0.8819, val_ap: 0.9001, text_auc:0.7257, text_ap: 0.7814
2023-04-22 14:26:36,836 - Epoch:020, train_loss:1.3197, val_auc:0.8889, val_ap: 0.9058, text_auc:0.7344, text_ap: 0.7861
2023-04-22 14:26:37,158 - Epoch:021, train_loss:1.1700, val_auc:0.8958, val_ap: 0.9111, text_auc:0.7378, text_ap: 0.7877
2023-04-22 14:26:37,471 - Epoch:022, train_loss:1.2104, val_auc:0.8889, val_ap: 0.9037
2023-04-22 14:26:37,787 - Epoch:023, train_loss:1.1919, val_auc:0.8889, val_ap: 0.9037
2023-04-22 14:26:38,100 - Epoch:024, train_loss:1.1203, val_auc:0.8750, val_ap: 0.8951
2023-04-22 14:26:38,419 - Epoch:025, train_loss:1.1512, val_auc:0.8472, val_ap: 0.8810
2023-04-22 14:26:38,734 - Epoch:026, train_loss:1.0137, val_auc:0.8403, val_ap: 0.8786
2023-04-22 14:26:39,046 - Epoch:027, train_loss:1.1024, val_auc:0.8264, val_ap: 0.8718
2023-04-22 14:26:39,358 - Epoch:028, train_loss:1.1638, val_auc:0.7917, val_ap: 0.8559
2023-04-22 14:26:39,671 - Epoch:029, train_loss:1.1224, val_auc:0.7847, val_ap: 0.8511
2023-04-22 14:26:39,985 - Epoch:030, train_loss:1.0458, val_auc:0.7708, val_ap: 0.8443
2023-04-22 14:26:40,296 - Epoch:031, train_loss:0.9742, val_auc:0.7708, val_ap: 0.8432
2023-04-22 14:26:40,609 - Epoch:032, train_loss:1.0065, val_auc:0.7708, val_ap: 0.8432
2023-04-22 14:26:40,920 - Epoch:033, train_loss:1.0255, val_auc:0.7361, val_ap: 0.8177
2023-04-22 14:26:41,232 - Epoch:034, train_loss:0.9983, val_auc:0.7361, val_ap: 0.8154
2023-04-22 14:26:41,544 - Epoch:035, train_loss:1.0769, val_auc:0.7292, val_ap: 0.8103
2023-04-22 14:26:41,857 - Epoch:036, train_loss:0.9471, val_auc:0.7361, val_ap: 0.8127
2023-04-22 14:26:42,168 - Epoch:037, train_loss:1.0664, val_auc:0.7431, val_ap: 0.8231
2023-04-22 14:26:42,481 - Epoch:038, train_loss:1.0053, val_auc:0.7361, val_ap: 0.8207
2023-04-22 14:26:42,794 - Epoch:039, train_loss:0.9962, val_auc:0.7222, val_ap: 0.8161
2023-04-22 14:26:43,138 - Epoch:040, train_loss:0.9981, val_auc:0.7083, val_ap: 0.8123
2023-04-22 14:26:43,503 - Epoch:041, train_loss:0.9383, val_auc:0.6944, val_ap: 0.7988
2023-04-22 14:26:43,867 - Epoch:042, train_loss:0.9880, val_auc:0.6667, val_ap: 0.7844
2023-04-22 14:26:44,237 - Epoch:043, train_loss:1.0110, val_auc:0.6528, val_ap: 0.7784
2023-04-22 14:26:44,609 - Epoch:044, train_loss:0.9495, val_auc:0.6528, val_ap: 0.7693
2023-04-22 14:26:44,983 - Epoch:045, train_loss:0.9546, val_auc:0.6389, val_ap: 0.7600
2023-04-22 14:26:45,358 - Epoch:046, train_loss:0.9187, val_auc:0.6389, val_ap: 0.7600
2023-04-22 14:26:45,756 - Epoch:047, train_loss:0.9570, val_auc:0.6319, val_ap: 0.7576
2023-04-22 14:26:46,134 - Epoch:048, train_loss:0.9369, val_auc:0.6250, val_ap: 0.7602
2023-04-22 14:26:46,505 - Epoch:049, train_loss:1.0127, val_auc:0.6250, val_ap: 0.7602
2023-04-22 14:26:46,875 - Epoch:050, train_loss:0.8912, val_auc:0.6181, val_ap: 0.7568
2023-04-22 14:26:47,245 - Epoch:051, train_loss:0.9960, val_auc:0.6181, val_ap: 0.7568
2023-04-22 14:26:47,615 - Epoch:052, train_loss:0.8755, val_auc:0.6250, val_ap: 0.7649
2023-04-22 14:26:47,983 - Epoch:053, train_loss:0.8798, val_auc:0.6319, val_ap: 0.7674
2023-04-22 14:26:48,357 - Epoch:054, train_loss:0.9870, val_auc:0.6458, val_ap: 0.7721
2023-04-22 14:26:48,728 - Epoch:055, train_loss:0.8734, val_auc:0.6458, val_ap: 0.7721
2023-04-22 14:26:49,096 - Epoch:056, train_loss:1.0039, val_auc:0.6250, val_ap: 0.7591
2023-04-22 14:26:49,480 - Epoch:057, train_loss:0.9364, val_auc:0.6181, val_ap: 0.7566
2023-04-22 14:26:49,859 - Epoch:058, train_loss:0.9186, val_auc:0.6181, val_ap: 0.7571
2023-04-22 14:26:50,236 - Epoch:059, train_loss:0.8403, val_auc:0.6111, val_ap: 0.7481
2023-04-22 14:26:50,616 - Epoch:060, train_loss:0.9254, val_auc:0.6250, val_ap: 0.7508
2023-04-22 14:26:50,999 - Epoch:061, train_loss:0.9055, val_auc:0.6250, val_ap: 0.7508
2023-04-22 14:26:51,383 - Epoch:062, train_loss:0.9250, val_auc:0.6528, val_ap: 0.7685
2023-04-22 14:26:51,764 - Epoch:063, train_loss:0.9543, val_auc:0.6667, val_ap: 0.7800
2023-04-22 14:26:52,144 - Epoch:064, train_loss:0.9220, val_auc:0.6667, val_ap: 0.7800
2023-04-22 14:26:52,519 - Epoch:065, train_loss:0.8855, val_auc:0.6528, val_ap: 0.7707
2023-04-22 14:26:52,888 - Epoch:066, train_loss:0.8747, val_auc:0.6250, val_ap: 0.7597
2023-04-22 14:26:53,263 - Epoch:067, train_loss:0.8201, val_auc:0.6181, val_ap: 0.7569
2023-04-22 14:26:53,634 - Epoch:068, train_loss:0.8568, val_auc:0.6111, val_ap: 0.7504
2023-04-22 14:26:54,009 - Epoch:069, train_loss:0.8517, val_auc:0.5972, val_ap: 0.7427
2023-04-22 14:26:54,380 - Epoch:070, train_loss:0.9299, val_auc:0.6042, val_ap: 0.7480
2023-04-22 14:26:54,755 - Epoch:071, train_loss:0.8105, val_auc:0.6389, val_ap: 0.7605
2023-04-22 14:26:55,132 - Epoch:072, train_loss:0.8703, val_auc:0.6528, val_ap: 0.7707
2023-04-22 14:26:55,506 - Epoch:073, train_loss:0.9248, val_auc:0.6667, val_ap: 0.7831
2023-04-22 14:26:55,887 - Epoch:074, train_loss:0.9286, val_auc:0.6667, val_ap: 0.7831
2023-04-22 14:26:56,262 - Epoch:075, train_loss:0.8976, val_auc:0.6597, val_ap: 0.7809
2023-04-22 14:26:56,638 - Epoch:076, train_loss:0.8643, val_auc:0.6389, val_ap: 0.7665
2023-04-22 14:26:56,995 - Epoch:077, train_loss:0.8769, val_auc:0.6111, val_ap: 0.7467
2023-04-22 14:26:57,366 - Epoch:078, train_loss:0.8910, val_auc:0.5833, val_ap: 0.7338
2023-04-22 14:26:57,728 - Epoch:079, train_loss:0.8618, val_auc:0.5764, val_ap: 0.7323
2023-04-22 14:26:58,089 - Epoch:080, train_loss:0.8540, val_auc:0.5764, val_ap: 0.7343
2023-04-22 14:26:58,452 - Epoch:081, train_loss:0.8878, val_auc:0.5903, val_ap: 0.7405
2023-04-22 14:26:58,815 - Epoch:082, train_loss:0.8624, val_auc:0.6111, val_ap: 0.7504
2023-04-22 14:26:59,177 - Epoch:083, train_loss:0.8793, val_auc:0.6528, val_ap: 0.7758
2023-04-22 14:26:59,541 - Epoch:084, train_loss:0.9607, val_auc:0.6736, val_ap: 0.7974
2023-04-22 14:26:59,908 - Epoch:085, train_loss:0.7803, val_auc:0.6806, val_ap: 0.7994
2023-04-22 14:27:00,224 - Epoch:086, train_loss:0.9144, val_auc:0.6736, val_ap: 0.7855
2023-04-22 14:27:00,553 - Epoch:087, train_loss:0.8689, val_auc:0.6667, val_ap: 0.7781
2023-04-22 14:27:00,877 - Epoch:088, train_loss:0.8327, val_auc:0.6389, val_ap: 0.7569
2023-04-22 14:27:01,199 - Epoch:089, train_loss:0.8070, val_auc:0.6042, val_ap: 0.7406
2023-04-22 14:27:01,517 - Epoch:090, train_loss:0.7902, val_auc:0.6042, val_ap: 0.7406
2023-04-22 14:27:01,836 - Epoch:091, train_loss:0.8585, val_auc:0.6111, val_ap: 0.7430
2023-04-22 14:27:02,166 - Epoch:092, train_loss:0.8651, val_auc:0.6250, val_ap: 0.7539
2023-04-22 14:27:02,487 - Epoch:093, train_loss:0.8593, val_auc:0.6319, val_ap: 0.7571
2023-04-22 14:27:02,816 - Epoch:094, train_loss:0.8913, val_auc:0.6528, val_ap: 0.7701
2023-04-22 14:27:03,173 - Epoch:095, train_loss:0.8559, val_auc:0.6736, val_ap: 0.7974
2023-04-22 14:27:03,538 - Epoch:096, train_loss:0.8741, val_auc:0.6736, val_ap: 0.7974
2023-04-22 14:27:03,899 - Epoch:097, train_loss:0.9013, val_auc:0.6806, val_ap: 0.7994
2023-04-22 14:27:04,261 - Epoch:098, train_loss:0.8610, val_auc:0.6736, val_ap: 0.7920
2023-04-22 14:27:04,623 - Epoch:099, train_loss:0.8169, val_auc:0.6667, val_ap: 0.7859
2023-04-22 14:27:04,986 - Epoch:100, train_loss:0.8666, val_auc:0.6806, val_ap: 0.7901
2023-04-22 14:27:05,305 - Epoch:101, train_loss:0.8777, val_auc:0.6875, val_ap: 0.7921
2023-04-22 14:27:05,616 - Epoch:102, train_loss:0.8895, val_auc:0.6806, val_ap: 0.7899
2023-04-22 14:27:05,927 - Epoch:103, train_loss:0.9319, val_auc:0.6806, val_ap: 0.7899
2023-04-22 14:27:06,242 - Epoch:104, train_loss:0.8931, val_auc:0.7083, val_ap: 0.8008
2023-04-22 14:27:06,553 - Epoch:105, train_loss:0.8820, val_auc:0.7292, val_ap: 0.8129
2023-04-22 14:27:06,863 - Epoch:106, train_loss:0.8727, val_auc:0.7292, val_ap: 0.8068
2023-04-22 14:27:07,172 - Epoch:107, train_loss:0.8877, val_auc:0.7292, val_ap: 0.8068
2023-04-22 14:27:07,481 - Epoch:108, train_loss:0.8919, val_auc:0.7292, val_ap: 0.8055
2023-04-22 14:27:07,787 - Epoch:109, train_loss:0.8892, val_auc:0.7222, val_ap: 0.8004
2023-04-22 14:27:08,097 - Epoch:110, train_loss:0.8508, val_auc:0.7292, val_ap: 0.8055
2023-04-22 14:27:08,413 - Epoch:111, train_loss:0.8860, val_auc:0.7153, val_ap: 0.7980
2023-04-22 14:27:08,725 - Epoch:112, train_loss:0.8873, val_auc:0.7222, val_ap: 0.8004
2023-04-22 14:27:09,039 - Epoch:113, train_loss:0.8529, val_auc:0.7222, val_ap: 0.8008
2023-04-22 14:27:09,350 - Epoch:114, train_loss:0.9012, val_auc:0.7083, val_ap: 0.7899
2023-04-22 14:27:09,662 - Epoch:115, train_loss:0.8213, val_auc:0.7083, val_ap: 0.7906
2023-04-22 14:27:09,977 - Epoch:116, train_loss:0.9140, val_auc:0.7153, val_ap: 0.7934
2023-04-22 14:27:10,290 - Epoch:117, train_loss:0.8903, val_auc:0.7431, val_ap: 0.8057
2023-04-22 14:27:10,626 - Epoch:118, train_loss:0.8732, val_auc:0.7569, val_ap: 0.8074
2023-04-22 14:27:10,941 - Epoch:119, train_loss:0.8530, val_auc:0.7222, val_ap: 0.7906
2023-04-22 14:27:11,252 - Epoch:120, train_loss:0.8367, val_auc:0.7222, val_ap: 0.7906
2023-04-22 14:27:11,564 - Epoch:121, train_loss:0.8456, val_auc:0.7153, val_ap: 0.7883
2023-04-22 14:27:11,887 - Epoch:122, train_loss:0.8243, val_auc:0.7083, val_ap: 0.7861
2023-04-22 14:27:12,199 - Epoch:123, train_loss:0.8723, val_auc:0.7222, val_ap: 0.7848
2023-04-22 14:27:12,511 - Epoch:124, train_loss:0.8583, val_auc:0.7569, val_ap: 0.8023
2023-04-22 14:27:12,824 - Epoch:125, train_loss:0.8914, val_auc:0.7708, val_ap: 0.8082
2023-04-22 14:27:13,142 - Epoch:126, train_loss:0.8887, val_auc:0.7569, val_ap: 0.8011
2023-04-22 14:27:13,461 - Epoch:127, train_loss:0.9308, val_auc:0.7292, val_ap: 0.7876
2023-04-22 14:27:13,784 - Epoch:128, train_loss:0.8982, val_auc:0.7153, val_ap: 0.7797
2023-04-22 14:27:14,103 - Epoch:129, train_loss:0.8042, val_auc:0.7083, val_ap: 0.7765
2023-04-22 14:27:14,433 - Epoch:130, train_loss:0.8135, val_auc:0.7222, val_ap: 0.7819
2023-04-22 14:27:14,762 - Epoch:131, train_loss:0.8486, val_auc:0.7431, val_ap: 0.7930
2023-04-22 14:27:15,077 - Epoch:132, train_loss:0.9019, val_auc:0.7569, val_ap: 0.7984
2023-04-22 14:27:15,390 - Epoch:133, train_loss:0.9230, val_auc:0.7778, val_ap: 0.8129
2023-04-22 14:27:15,702 - Epoch:134, train_loss:0.8185, val_auc:0.7847, val_ap: 0.8163
2023-04-22 14:27:16,014 - Epoch:135, train_loss:0.8447, val_auc:0.7986, val_ap: 0.8201
2023-04-22 14:27:16,325 - Epoch:136, train_loss:0.8659, val_auc:0.7847, val_ap: 0.8132
2023-04-22 14:27:16,638 - Epoch:137, train_loss:0.9090, val_auc:0.7292, val_ap: 0.7823
2023-04-22 14:27:16,949 - Epoch:138, train_loss:0.9131, val_auc:0.7083, val_ap: 0.7742
2023-04-22 14:27:17,262 - Epoch:139, train_loss:0.8656, val_auc:0.7153, val_ap: 0.7750
2023-04-22 14:27:17,574 - Epoch:140, train_loss:0.8340, val_auc:0.7431, val_ap: 0.7960
2023-04-22 14:27:17,886 - Epoch:141, train_loss:0.8800, val_auc:0.7222, val_ap: 0.7790
2023-04-22 14:27:18,198 - Epoch:142, train_loss:0.8539, val_auc:0.7292, val_ap: 0.7810
2023-04-22 14:27:18,510 - Epoch:143, train_loss:0.8207, val_auc:0.7222, val_ap: 0.7745
2023-04-22 14:27:18,822 - Epoch:144, train_loss:0.9133, val_auc:0.6944, val_ap: 0.7630
2023-04-22 14:27:19,134 - Epoch:145, train_loss:0.9432, val_auc:0.6875, val_ap: 0.7621
2023-04-22 14:27:19,446 - Epoch:146, train_loss:0.8311, val_auc:0.6944, val_ap: 0.7664
2023-04-22 14:27:19,758 - Epoch:147, train_loss:0.8669, val_auc:0.7153, val_ap: 0.7752
2023-04-22 14:27:20,073 - Epoch:148, train_loss:0.8474, val_auc:0.7222, val_ap: 0.7786
2023-04-22 14:27:20,389 - Epoch:149, train_loss:0.8723, val_auc:0.7361, val_ap: 0.7850
2023-04-22 14:27:20,703 - Epoch:150, train_loss:0.9474, val_auc:0.7569, val_ap: 0.7922
2023-04-22 14:27:21,016 - Epoch:151, train_loss:0.8543, val_auc:0.7083, val_ap: 0.7721
2023-04-22 14:27:21,328 - Epoch:152, train_loss:0.8843, val_auc:0.6875, val_ap: 0.7595
2023-04-22 14:27:21,641 - Epoch:153, train_loss:0.8140, val_auc:0.6597, val_ap: 0.7460
2023-04-22 14:27:21,953 - Epoch:154, train_loss:0.8052, val_auc:0.6458, val_ap: 0.7401
2023-04-22 14:27:22,266 - Epoch:155, train_loss:0.8825, val_auc:0.6458, val_ap: 0.7396
2023-04-22 14:27:22,578 - Epoch:156, train_loss:0.8480, val_auc:0.6528, val_ap: 0.7424
2023-04-22 14:27:22,889 - Epoch:157, train_loss:0.8641, val_auc:0.7153, val_ap: 0.7721
2023-04-22 14:27:23,202 - Epoch:158, train_loss:0.9255, val_auc:0.7222, val_ap: 0.7747
2023-04-22 14:27:23,514 - Epoch:159, train_loss:0.8438, val_auc:0.7153, val_ap: 0.7737
2023-04-22 14:27:23,826 - Epoch:160, train_loss:0.8025, val_auc:0.6875, val_ap: 0.7587
2023-04-22 14:27:24,137 - Epoch:161, train_loss:0.8229, val_auc:0.6667, val_ap: 0.7495
2023-04-22 14:27:24,449 - Epoch:162, train_loss:0.8315, val_auc:0.6597, val_ap: 0.7475
2023-04-22 14:27:24,761 - Epoch:163, train_loss:0.8288, val_auc:0.6667, val_ap: 0.7506
2023-04-22 14:27:25,073 - Epoch:164, train_loss:0.8723, val_auc:0.6667, val_ap: 0.7505
2023-04-22 14:27:25,394 - Epoch:165, train_loss:0.8690, val_auc:0.6875, val_ap: 0.7606
2023-04-22 14:27:25,707 - Epoch:166, train_loss:0.8144, val_auc:0.7153, val_ap: 0.7728
2023-04-22 14:27:26,019 - Epoch:167, train_loss:0.7920, val_auc:0.7153, val_ap: 0.7737
2023-04-22 14:27:26,331 - Epoch:168, train_loss:0.8833, val_auc:0.7292, val_ap: 0.7843
2023-04-22 14:27:26,642 - Epoch:169, train_loss:0.9075, val_auc:0.7014, val_ap: 0.7720
2023-04-22 14:27:26,954 - Epoch:170, train_loss:0.8700, val_auc:0.6944, val_ap: 0.7689
2023-04-22 14:27:27,267 - Epoch:171, train_loss:0.8619, val_auc:0.6875, val_ap: 0.7634
2023-04-22 14:27:27,581 - Epoch:172, train_loss:0.8203, val_auc:0.7083, val_ap: 0.7713
2023-04-22 14:27:27,891 - Epoch:173, train_loss:0.8574, val_auc:0.7014, val_ap: 0.7702
2023-04-22 14:27:28,205 - Epoch:174, train_loss:0.8200, val_auc:0.7431, val_ap: 0.7949
2023-04-22 14:27:28,516 - Epoch:175, train_loss:0.8565, val_auc:0.7361, val_ap: 0.7880
2023-04-22 14:27:28,828 - Epoch:176, train_loss:0.8223, val_auc:0.7292, val_ap: 0.7741
2023-04-22 14:27:29,140 - Epoch:177, train_loss:0.8744, val_auc:0.6944, val_ap: 0.7560
2023-04-22 14:27:29,452 - Epoch:178, train_loss:0.8472, val_auc:0.6667, val_ap: 0.7575
2023-04-22 14:27:29,764 - Epoch:179, train_loss:0.8253, val_auc:0.6319, val_ap: 0.7390
2023-04-22 14:27:30,076 - Epoch:180, train_loss:0.8548, val_auc:0.6458, val_ap: 0.7446
2023-04-22 14:27:30,388 - Epoch:181, train_loss:0.8411, val_auc:0.6875, val_ap: 0.7619
2023-04-22 14:27:30,700 - Epoch:182, train_loss:0.8505, val_auc:0.7014, val_ap: 0.7734
2023-04-22 14:27:31,012 - Epoch:183, train_loss:0.8948, val_auc:0.7569, val_ap: 0.8086
2023-04-22 14:27:31,324 - Epoch:184, train_loss:0.8438, val_auc:0.7639, val_ap: 0.8115
2023-04-22 14:27:31,635 - Epoch:185, train_loss:0.8588, val_auc:0.7431, val_ap: 0.8021
2023-04-22 14:27:31,948 - Epoch:186, train_loss:0.8241, val_auc:0.7431, val_ap: 0.8026
2023-04-22 14:27:32,260 - Epoch:187, train_loss:0.8566, val_auc:0.7222, val_ap: 0.7915
2023-04-22 14:27:32,572 - Epoch:188, train_loss:0.7750, val_auc:0.7083, val_ap: 0.7881
2023-04-22 14:27:32,884 - Epoch:189, train_loss:0.8092, val_auc:0.6875, val_ap: 0.7681
2023-04-22 14:27:33,197 - Epoch:190, train_loss:0.7870, val_auc:0.7083, val_ap: 0.7751
2023-04-22 14:27:33,509 - Epoch:191, train_loss:0.8222, val_auc:0.7083, val_ap: 0.7712
2023-04-22 14:27:33,821 - Epoch:192, train_loss:0.9429, val_auc:0.7361, val_ap: 0.7894
2023-04-22 14:27:34,133 - Epoch:193, train_loss:0.8200, val_auc:0.7292, val_ap: 0.7895
2023-04-22 14:27:34,445 - Epoch:194, train_loss:0.8159, val_auc:0.7361, val_ap: 0.7919
2023-04-22 14:27:34,758 - Epoch:195, train_loss:0.8563, val_auc:0.7222, val_ap: 0.7861
2023-04-22 14:27:35,069 - Epoch:196, train_loss:0.7983, val_auc:0.7153, val_ap: 0.7797
2023-04-22 14:27:35,381 - Epoch:197, train_loss:0.8452, val_auc:0.6944, val_ap: 0.7714
2023-04-22 14:27:35,693 - Epoch:198, train_loss:0.8388, val_auc:0.6944, val_ap: 0.7726
2023-04-22 14:27:36,005 - Epoch:199, train_loss:0.8192, val_auc:0.7083, val_ap: 0.7754
2023-04-22 14:27:36,007 - final results:
2023-04-22 14:27:36,008 - ====================================================================================
2023-04-22 14:27:36,008 - AUC:0.7378+-0.0000 [0.7378472222222222]
2023-04-22 14:27:36,008 - AP:0.7877+-0.0000 [0.7877175438677371]
2023-04-22 14:27:36,364 - Epoch:000, train_loss:4.9748, val_auc:0.6806, val_ap: 0.7469, text_auc:0.7743, text_ap: 0.7988
2023-04-22 14:27:36,677 - Epoch:001, train_loss:3.9051, val_auc:0.7361, val_ap: 0.7590, text_auc:0.8038, text_ap: 0.8121
2023-04-22 14:27:36,989 - Epoch:002, train_loss:3.2139, val_auc:0.7500, val_ap: 0.7463, text_auc:0.8420, text_ap: 0.8279
2023-04-22 14:27:37,301 - Epoch:003, train_loss:2.2604, val_auc:0.7500, val_ap: 0.7489, text_auc:0.8542, text_ap: 0.8357
2023-04-22 14:27:37,608 - Epoch:004, train_loss:1.8576, val_auc:0.7431, val_ap: 0.7446
2023-04-22 14:27:37,919 - Epoch:005, train_loss:1.6518, val_auc:0.7431, val_ap: 0.7446
2023-04-22 14:27:38,231 - Epoch:006, train_loss:1.6378, val_auc:0.7431, val_ap: 0.7427
2023-04-22 14:27:38,548 - Epoch:007, train_loss:1.4024, val_auc:0.7500, val_ap: 0.7539, text_auc:0.8507, text_ap: 0.8358
2023-04-22 14:27:38,856 - Epoch:008, train_loss:1.4594, val_auc:0.7500, val_ap: 0.7539
2023-04-22 14:27:39,172 - Epoch:009, train_loss:1.4539, val_auc:0.7639, val_ap: 0.7666, text_auc:0.8420, text_ap: 0.8314
2023-04-22 14:27:39,480 - Epoch:010, train_loss:1.4703, val_auc:0.7639, val_ap: 0.7666
2023-04-22 14:27:39,792 - Epoch:011, train_loss:1.2909, val_auc:0.7639, val_ap: 0.7666
2023-04-22 14:27:40,103 - Epoch:012, train_loss:1.2947, val_auc:0.7639, val_ap: 0.7666
2023-04-22 14:27:40,421 - Epoch:013, train_loss:1.3792, val_auc:0.7778, val_ap: 0.7800, text_auc:0.8194, text_ap: 0.8179
2023-04-22 14:27:40,734 - Epoch:014, train_loss:1.4049, val_auc:0.7847, val_ap: 0.7843, text_auc:0.8229, text_ap: 0.8232
2023-04-22 14:27:41,041 - Epoch:015, train_loss:1.4126, val_auc:0.7847, val_ap: 0.7843
2023-04-22 14:27:41,351 - Epoch:016, train_loss:1.3298, val_auc:0.7847, val_ap: 0.7843
2023-04-22 14:27:41,669 - Epoch:017, train_loss:1.3454, val_auc:0.7847, val_ap: 0.7877, text_auc:0.8108, text_ap: 0.8169
2023-04-22 14:27:41,982 - Epoch:018, train_loss:1.2077, val_auc:0.7986, val_ap: 0.8008, text_auc:0.8108, text_ap: 0.8166
2023-04-22 14:27:42,294 - Epoch:019, train_loss:1.0411, val_auc:0.8056, val_ap: 0.8048, text_auc:0.8090, text_ap: 0.8170
2023-04-22 14:27:42,601 - Epoch:020, train_loss:1.1997, val_auc:0.8056, val_ap: 0.8033
2023-04-22 14:27:42,913 - Epoch:021, train_loss:1.2052, val_auc:0.8056, val_ap: 0.8033
2023-04-22 14:27:43,229 - Epoch:022, train_loss:1.1801, val_auc:0.8056, val_ap: 0.8161, text_auc:0.8264, text_ap: 0.8300
2023-04-22 14:27:43,540 - Epoch:023, train_loss:1.0522, val_auc:0.7986, val_ap: 0.8122
2023-04-22 14:27:43,862 - Epoch:024, train_loss:1.1490, val_auc:0.7917, val_ap: 0.8089
2023-04-22 14:27:44,192 - Epoch:025, train_loss:1.0344, val_auc:0.7917, val_ap: 0.8095
2023-04-22 14:27:44,511 - Epoch:026, train_loss:1.0631, val_auc:0.8056, val_ap: 0.8267, text_auc:0.8090, text_ap: 0.8250
2023-04-22 14:27:44,832 - Epoch:027, train_loss:1.0863, val_auc:0.7986, val_ap: 0.8238
2023-04-22 14:27:45,146 - Epoch:028, train_loss:1.1246, val_auc:0.7986, val_ap: 0.8238
2023-04-22 14:27:45,459 - Epoch:029, train_loss:1.2118, val_auc:0.7847, val_ap: 0.8267
2023-04-22 14:27:45,772 - Epoch:030, train_loss:1.1716, val_auc:0.7847, val_ap: 0.8267
2023-04-22 14:27:46,084 - Epoch:031, train_loss:0.9937, val_auc:0.7778, val_ap: 0.8226
2023-04-22 14:27:46,394 - Epoch:032, train_loss:1.1132, val_auc:0.7778, val_ap: 0.8226
2023-04-22 14:27:46,705 - Epoch:033, train_loss:0.9386, val_auc:0.7778, val_ap: 0.8226
2023-04-22 14:27:47,009 - Epoch:034, train_loss:1.1935, val_auc:0.7778, val_ap: 0.8246
2023-04-22 14:27:47,318 - Epoch:035, train_loss:1.0557, val_auc:0.7778, val_ap: 0.8246
2023-04-22 14:27:47,625 - Epoch:036, train_loss:0.9781, val_auc:0.7708, val_ap: 0.8212
2023-04-22 14:27:47,936 - Epoch:037, train_loss:1.0213, val_auc:0.7639, val_ap: 0.8192
2023-04-22 14:27:48,248 - Epoch:038, train_loss:1.0385, val_auc:0.7569, val_ap: 0.8058
2023-04-22 14:27:48,560 - Epoch:039, train_loss:0.9435, val_auc:0.7500, val_ap: 0.8017
2023-04-22 14:27:48,873 - Epoch:040, train_loss:0.9924, val_auc:0.7361, val_ap: 0.7960
2023-04-22 14:27:49,187 - Epoch:041, train_loss:1.0132, val_auc:0.7361, val_ap: 0.7960
2023-04-22 14:27:49,510 - Epoch:042, train_loss:0.9312, val_auc:0.7361, val_ap: 0.7960
2023-04-22 14:27:49,829 - Epoch:043, train_loss:0.9113, val_auc:0.7292, val_ap: 0.7941
2023-04-22 14:27:50,142 - Epoch:044, train_loss:1.0003, val_auc:0.7222, val_ap: 0.7851
2023-04-22 14:27:50,453 - Epoch:045, train_loss:0.9102, val_auc:0.7222, val_ap: 0.7851
2023-04-22 14:27:50,765 - Epoch:046, train_loss:0.9764, val_auc:0.7222, val_ap: 0.7869
2023-04-22 14:27:51,088 - Epoch:047, train_loss:1.0272, val_auc:0.7292, val_ap: 0.7904
2023-04-22 14:27:51,389 - Epoch:048, train_loss:0.8475, val_auc:0.7222, val_ap: 0.7869
2023-04-22 14:27:51,706 - Epoch:049, train_loss:1.0051, val_auc:0.7153, val_ap: 0.7788
2023-04-22 14:27:52,024 - Epoch:050, train_loss:0.9860, val_auc:0.7153, val_ap: 0.7788
2023-04-22 14:27:52,336 - Epoch:051, train_loss:0.8816, val_auc:0.6944, val_ap: 0.7694
2023-04-22 14:27:52,648 - Epoch:052, train_loss:1.0099, val_auc:0.6944, val_ap: 0.7579
2023-04-22 14:27:52,960 - Epoch:053, train_loss:0.9350, val_auc:0.6944, val_ap: 0.7579
2023-04-22 14:27:53,278 - Epoch:054, train_loss:0.9763, val_auc:0.7014, val_ap: 0.7615
2023-04-22 14:27:53,604 - Epoch:055, train_loss:0.8745, val_auc:0.7014, val_ap: 0.7730
2023-04-22 14:27:53,918 - Epoch:056, train_loss:0.8680, val_auc:0.7014, val_ap: 0.7748
2023-04-22 14:27:54,232 - Epoch:057, train_loss:1.0412, val_auc:0.6875, val_ap: 0.7705
2023-04-22 14:27:54,549 - Epoch:058, train_loss:0.9045, val_auc:0.6875, val_ap: 0.7705
2023-04-22 14:27:54,862 - Epoch:059, train_loss:0.8430, val_auc:0.6944, val_ap: 0.7774
2023-04-22 14:27:55,174 - Epoch:060, train_loss:0.9170, val_auc:0.6944, val_ap: 0.7774
2023-04-22 14:27:55,487 - Epoch:061, train_loss:0.9633, val_auc:0.6944, val_ap: 0.7676
2023-04-22 14:27:55,798 - Epoch:062, train_loss:0.9156, val_auc:0.6944, val_ap: 0.7676
2023-04-22 14:27:56,110 - Epoch:063, train_loss:0.7903, val_auc:0.6875, val_ap: 0.7607
2023-04-22 14:27:56,431 - Epoch:064, train_loss:0.9415, val_auc:0.6875, val_ap: 0.7607
2023-04-22 14:27:56,744 - Epoch:065, train_loss:0.8974, val_auc:0.6944, val_ap: 0.7629
2023-04-22 14:27:57,056 - Epoch:066, train_loss:0.9335, val_auc:0.7014, val_ap: 0.7698
2023-04-22 14:27:57,370 - Epoch:067, train_loss:0.8723, val_auc:0.7222, val_ap: 0.7819
2023-04-22 14:27:57,687 - Epoch:068, train_loss:0.9189, val_auc:0.7153, val_ap: 0.7771
2023-04-22 14:27:58,002 - Epoch:069, train_loss:0.9002, val_auc:0.7083, val_ap: 0.7749
2023-04-22 14:27:58,327 - Epoch:070, train_loss:0.9131, val_auc:0.7014, val_ap: 0.7698
2023-04-22 14:27:58,613 - Epoch:071, train_loss:0.8852, val_auc:0.6875, val_ap: 0.7481
2023-04-22 14:27:58,927 - Epoch:072, train_loss:0.8187, val_auc:0.6736, val_ap: 0.7437
2023-04-22 14:27:59,240 - Epoch:073, train_loss:0.8498, val_auc:0.6736, val_ap: 0.7437
2023-04-22 14:27:59,557 - Epoch:074, train_loss:0.8806, val_auc:0.6806, val_ap: 0.7526
2023-04-22 14:27:59,873 - Epoch:075, train_loss:0.8637, val_auc:0.6875, val_ap: 0.7579
2023-04-22 14:28:00,185 - Epoch:076, train_loss:0.9217, val_auc:0.6875, val_ap: 0.7579
2023-04-22 14:28:00,498 - Epoch:077, train_loss:0.8277, val_auc:0.6875, val_ap: 0.7579
2023-04-22 14:28:00,810 - Epoch:078, train_loss:0.8947, val_auc:0.6944, val_ap: 0.7746
2023-04-22 14:28:01,122 - Epoch:079, train_loss:0.8963, val_auc:0.6875, val_ap: 0.7726
2023-04-22 14:28:01,436 - Epoch:080, train_loss:0.9161, val_auc:0.6806, val_ap: 0.7673
2023-04-22 14:28:01,746 - Epoch:081, train_loss:0.9660, val_auc:0.6736, val_ap: 0.7506
2023-04-22 14:28:02,058 - Epoch:082, train_loss:0.7990, val_auc:0.6736, val_ap: 0.7506
2023-04-22 14:28:02,370 - Epoch:083, train_loss:0.8259, val_auc:0.6736, val_ap: 0.7506
2023-04-22 14:28:02,683 - Epoch:084, train_loss:0.9676, val_auc:0.6667, val_ap: 0.7635
2023-04-22 14:28:02,995 - Epoch:085, train_loss:0.8937, val_auc:0.6597, val_ap: 0.7594
2023-04-22 14:28:03,306 - Epoch:086, train_loss:0.8483, val_auc:0.6667, val_ap: 0.7612
2023-04-22 14:28:03,618 - Epoch:087, train_loss:0.8720, val_auc:0.6736, val_ap: 0.7665
2023-04-22 14:28:03,931 - Epoch:088, train_loss:0.8047, val_auc:0.6736, val_ap: 0.7665
2023-04-22 14:28:04,242 - Epoch:089, train_loss:0.9315, val_auc:0.6736, val_ap: 0.7653
2023-04-22 14:28:04,555 - Epoch:090, train_loss:0.8042, val_auc:0.6736, val_ap: 0.7653
2023-04-22 14:28:04,867 - Epoch:091, train_loss:0.8647, val_auc:0.6597, val_ap: 0.7594
2023-04-22 14:28:05,180 - Epoch:092, train_loss:0.9128, val_auc:0.6597, val_ap: 0.7594
2023-04-22 14:28:05,492 - Epoch:093, train_loss:0.9052, val_auc:0.6667, val_ap: 0.7614
2023-04-22 14:28:05,806 - Epoch:094, train_loss:0.8525, val_auc:0.6597, val_ap: 0.7617
2023-04-22 14:28:06,123 - Epoch:095, train_loss:0.8870, val_auc:0.6597, val_ap: 0.7617
2023-04-22 14:28:06,437 - Epoch:096, train_loss:0.9101, val_auc:0.6597, val_ap: 0.7617
2023-04-22 14:28:06,749 - Epoch:097, train_loss:0.8429, val_auc:0.6597, val_ap: 0.7617
2023-04-22 14:28:07,062 - Epoch:098, train_loss:0.8513, val_auc:0.6597, val_ap: 0.7617
2023-04-22 14:28:07,370 - Epoch:099, train_loss:0.8776, val_auc:0.6597, val_ap: 0.7617
2023-04-22 14:28:07,674 - Epoch:100, train_loss:0.7685, val_auc:0.6597, val_ap: 0.7617
2023-04-22 14:28:07,986 - Epoch:101, train_loss:0.8424, val_auc:0.6667, val_ap: 0.7635
2023-04-22 14:28:08,298 - Epoch:102, train_loss:0.8431, val_auc:0.6597, val_ap: 0.7594
2023-04-22 14:28:08,630 - Epoch:103, train_loss:0.8487, val_auc:0.6528, val_ap: 0.7576
2023-04-22 14:28:08,944 - Epoch:104, train_loss:0.8132, val_auc:0.6528, val_ap: 0.7576
2023-04-22 14:28:09,256 - Epoch:105, train_loss:0.9624, val_auc:0.6458, val_ap: 0.7533
2023-04-22 14:28:09,568 - Epoch:106, train_loss:0.8745, val_auc:0.6389, val_ap: 0.7489
2023-04-22 14:28:09,880 - Epoch:107, train_loss:0.8161, val_auc:0.6389, val_ap: 0.7489
2023-04-22 14:28:10,191 - Epoch:108, train_loss:0.9055, val_auc:0.6458, val_ap: 0.7507
2023-04-22 14:28:10,504 - Epoch:109, train_loss:0.8551, val_auc:0.6597, val_ap: 0.7594
2023-04-22 14:28:10,815 - Epoch:110, train_loss:0.8694, val_auc:0.6458, val_ap: 0.7533
2023-04-22 14:28:11,126 - Epoch:111, train_loss:0.8572, val_auc:0.6458, val_ap: 0.7533
2023-04-22 14:28:11,431 - Epoch:112, train_loss:0.8412, val_auc:0.6528, val_ap: 0.7551
2023-04-22 14:28:11,741 - Epoch:113, train_loss:0.8348, val_auc:0.6458, val_ap: 0.7507
2023-04-22 14:28:12,054 - Epoch:114, train_loss:0.8413, val_auc:0.6458, val_ap: 0.7507
2023-04-22 14:28:12,367 - Epoch:115, train_loss:0.8633, val_auc:0.6458, val_ap: 0.7507
2023-04-22 14:28:12,678 - Epoch:116, train_loss:0.7909, val_auc:0.6458, val_ap: 0.7507
2023-04-22 14:28:12,991 - Epoch:117, train_loss:0.8672, val_auc:0.6528, val_ap: 0.7525
2023-04-22 14:28:13,303 - Epoch:118, train_loss:0.9241, val_auc:0.6458, val_ap: 0.7507
2023-04-22 14:28:13,615 - Epoch:119, train_loss:0.8739, val_auc:0.6458, val_ap: 0.7507
2023-04-22 14:28:13,927 - Epoch:120, train_loss:0.8779, val_auc:0.6458, val_ap: 0.7507
2023-04-22 14:28:14,239 - Epoch:121, train_loss:0.9063, val_auc:0.6528, val_ap: 0.7525
2023-04-22 14:28:14,551 - Epoch:122, train_loss:0.8515, val_auc:0.6528, val_ap: 0.7525
2023-04-22 14:28:14,865 - Epoch:123, train_loss:0.8445, val_auc:0.6389, val_ap: 0.7471
2023-04-22 14:28:15,183 - Epoch:124, train_loss:0.9126, val_auc:0.6389, val_ap: 0.7471
2023-04-22 14:28:15,499 - Epoch:125, train_loss:0.8627, val_auc:0.6250, val_ap: 0.7345
2023-04-22 14:28:15,809 - Epoch:126, train_loss:0.8091, val_auc:0.6250, val_ap: 0.7345
2023-04-22 14:28:16,122 - Epoch:127, train_loss:0.8898, val_auc:0.6389, val_ap: 0.7408
2023-04-22 14:28:16,433 - Epoch:128, train_loss:0.7989, val_auc:0.6528, val_ap: 0.7599
2023-04-22 14:28:16,744 - Epoch:129, train_loss:0.8779, val_auc:0.6528, val_ap: 0.7599
2023-04-22 14:28:17,056 - Epoch:130, train_loss:0.9025, val_auc:0.6597, val_ap: 0.7636
2023-04-22 14:28:17,368 - Epoch:131, train_loss:0.8749, val_auc:0.6597, val_ap: 0.7648
2023-04-22 14:28:17,680 - Epoch:132, train_loss:0.9074, val_auc:0.6597, val_ap: 0.7664
2023-04-22 14:28:17,992 - Epoch:133, train_loss:0.8252, val_auc:0.6736, val_ap: 0.7744
2023-04-22 14:28:18,297 - Epoch:134, train_loss:0.8829, val_auc:0.6736, val_ap: 0.7715
2023-04-22 14:28:18,609 - Epoch:135, train_loss:0.8678, val_auc:0.6667, val_ap: 0.7719
2023-04-22 14:28:18,921 - Epoch:136, train_loss:0.8318, val_auc:0.6667, val_ap: 0.7719
2023-04-22 14:28:19,231 - Epoch:137, train_loss:0.8853, val_auc:0.6597, val_ap: 0.7683
2023-04-22 14:28:19,544 - Epoch:138, train_loss:0.9101, val_auc:0.6319, val_ap: 0.7510
2023-04-22 14:28:19,860 - Epoch:139, train_loss:0.8680, val_auc:0.6181, val_ap: 0.7429
2023-04-22 14:28:20,177 - Epoch:140, train_loss:0.8053, val_auc:0.6181, val_ap: 0.7435
2023-04-22 14:28:20,489 - Epoch:141, train_loss:0.8654, val_auc:0.6389, val_ap: 0.7597
2023-04-22 14:28:20,802 - Epoch:142, train_loss:0.9185, val_auc:0.6389, val_ap: 0.7597
2023-04-22 14:28:21,113 - Epoch:143, train_loss:0.7994, val_auc:0.6528, val_ap: 0.7599
2023-04-22 14:28:21,424 - Epoch:144, train_loss:0.8134, val_auc:0.6667, val_ap: 0.7679
2023-04-22 14:28:21,737 - Epoch:145, train_loss:0.8621, val_auc:0.6528, val_ap: 0.7646
2023-04-22 14:28:22,048 - Epoch:146, train_loss:0.8306, val_auc:0.6528, val_ap: 0.7646
2023-04-22 14:28:22,353 - Epoch:147, train_loss:0.8493, val_auc:0.6458, val_ap: 0.7628
2023-04-22 14:28:22,663 - Epoch:148, train_loss:0.8173, val_auc:0.6389, val_ap: 0.7610
2023-04-22 14:28:22,968 - Epoch:149, train_loss:0.8381, val_auc:0.6389, val_ap: 0.7547
2023-04-22 14:28:23,279 - Epoch:150, train_loss:0.8740, val_auc:0.6319, val_ap: 0.7516
2023-04-22 14:28:23,591 - Epoch:151, train_loss:0.8456, val_auc:0.6458, val_ap: 0.7678
2023-04-22 14:28:23,902 - Epoch:152, train_loss:0.8679, val_auc:0.6528, val_ap: 0.7717
2023-04-22 14:28:24,213 - Epoch:153, train_loss:0.8448, val_auc:0.6528, val_ap: 0.7646
2023-04-22 14:28:24,528 - Epoch:154, train_loss:0.8172, val_auc:0.6736, val_ap: 0.7729
2023-04-22 14:28:24,840 - Epoch:155, train_loss:0.8290, val_auc:0.6806, val_ap: 0.7794
2023-04-22 14:28:25,164 - Epoch:156, train_loss:0.8714, val_auc:0.6806, val_ap: 0.7794
2023-04-22 14:28:25,463 - Epoch:157, train_loss:0.8599, val_auc:0.6806, val_ap: 0.7794
2023-04-22 14:28:25,774 - Epoch:158, train_loss:0.8824, val_auc:0.6736, val_ap: 0.7815
2023-04-22 14:28:26,086 - Epoch:159, train_loss:0.8798, val_auc:0.6528, val_ap: 0.7689
2023-04-22 14:28:26,401 - Epoch:160, train_loss:0.8147, val_auc:0.6597, val_ap: 0.7737
2023-04-22 14:28:26,712 - Epoch:161, train_loss:0.9055, val_auc:0.6597, val_ap: 0.7737
2023-04-22 14:28:27,025 - Epoch:162, train_loss:0.8725, val_auc:0.6736, val_ap: 0.7874
2023-04-22 14:28:27,335 - Epoch:163, train_loss:0.9063, val_auc:0.6597, val_ap: 0.7735
2023-04-22 14:28:27,648 - Epoch:164, train_loss:0.8702, val_auc:0.6736, val_ap: 0.7790
2023-04-22 14:28:27,963 - Epoch:165, train_loss:0.8975, val_auc:0.6736, val_ap: 0.7790
2023-04-22 14:28:28,285 - Epoch:166, train_loss:0.8383, val_auc:0.6944, val_ap: 0.7944
2023-04-22 14:28:28,603 - Epoch:167, train_loss:0.8511, val_auc:0.6875, val_ap: 0.7913
2023-04-22 14:28:28,918 - Epoch:168, train_loss:0.8322, val_auc:0.6528, val_ap: 0.7735
2023-04-22 14:28:29,236 - Epoch:169, train_loss:0.8072, val_auc:0.6458, val_ap: 0.7675
2023-04-22 14:28:29,548 - Epoch:170, train_loss:0.8597, val_auc:0.6389, val_ap: 0.7631
2023-04-22 14:28:29,859 - Epoch:171, train_loss:0.8712, val_auc:0.6319, val_ap: 0.7579
2023-04-22 14:28:30,172 - Epoch:172, train_loss:0.8980, val_auc:0.6042, val_ap: 0.7427
2023-04-22 14:28:30,485 - Epoch:173, train_loss:0.8542, val_auc:0.6042, val_ap: 0.7427
2023-04-22 14:28:30,794 - Epoch:174, train_loss:0.9088, val_auc:0.6111, val_ap: 0.7516
2023-04-22 14:28:31,098 - Epoch:175, train_loss:0.8546, val_auc:0.6319, val_ap: 0.7681
2023-04-22 14:28:31,409 - Epoch:176, train_loss:0.8652, val_auc:0.6458, val_ap: 0.7727
2023-04-22 14:28:31,714 - Epoch:177, train_loss:0.8329, val_auc:0.6458, val_ap: 0.7673
2023-04-22 14:28:32,023 - Epoch:178, train_loss:0.8335, val_auc:0.6319, val_ap: 0.7559
2023-04-22 14:28:32,328 - Epoch:179, train_loss:0.8863, val_auc:0.6319, val_ap: 0.7559
2023-04-22 14:28:32,637 - Epoch:180, train_loss:0.8203, val_auc:0.6181, val_ap: 0.7480
2023-04-22 14:28:32,947 - Epoch:181, train_loss:0.8340, val_auc:0.6111, val_ap: 0.7462
2023-04-22 14:28:33,253 - Epoch:182, train_loss:0.8193, val_auc:0.6042, val_ap: 0.7409
2023-04-22 14:28:33,563 - Epoch:183, train_loss:0.8641, val_auc:0.6111, val_ap: 0.7426
2023-04-22 14:28:33,873 - Epoch:184, train_loss:0.8363, val_auc:0.6250, val_ap: 0.7485
2023-04-22 14:28:34,179 - Epoch:185, train_loss:0.8097, val_auc:0.6250, val_ap: 0.7485
2023-04-22 14:28:34,489 - Epoch:186, train_loss:0.8401, val_auc:0.6181, val_ap: 0.7448
2023-04-22 14:28:34,794 - Epoch:187, train_loss:0.8324, val_auc:0.6181, val_ap: 0.7447
2023-04-22 14:28:35,103 - Epoch:188, train_loss:0.8017, val_auc:0.6250, val_ap: 0.7537
2023-04-22 14:28:35,408 - Epoch:189, train_loss:0.9318, val_auc:0.6250, val_ap: 0.7533
2023-04-22 14:28:35,718 - Epoch:190, train_loss:0.8204, val_auc:0.6181, val_ap: 0.7513
2023-04-22 14:28:36,030 - Epoch:191, train_loss:0.8090, val_auc:0.6181, val_ap: 0.7480
2023-04-22 14:28:36,341 - Epoch:192, train_loss:0.8615, val_auc:0.6319, val_ap: 0.7541
2023-04-22 14:28:36,654 - Epoch:193, train_loss:0.8039, val_auc:0.6181, val_ap: 0.7463
2023-04-22 14:28:36,967 - Epoch:194, train_loss:0.7889, val_auc:0.6181, val_ap: 0.7444
2023-04-22 14:28:37,279 - Epoch:195, train_loss:0.8273, val_auc:0.6181, val_ap: 0.7453
2023-04-22 14:28:37,590 - Epoch:196, train_loss:0.8254, val_auc:0.6181, val_ap: 0.7435
2023-04-22 14:28:37,895 - Epoch:197, train_loss:0.7991, val_auc:0.6181, val_ap: 0.7451
2023-04-22 14:28:38,205 - Epoch:198, train_loss:0.8396, val_auc:0.6319, val_ap: 0.7524
2023-04-22 14:28:38,517 - Epoch:199, train_loss:0.9091, val_auc:0.6597, val_ap: 0.7672
2023-04-22 14:28:38,519 - final results:
2023-04-22 14:28:38,519 - ====================================================================================
2023-04-22 14:28:38,520 - AUC:0.7734+-0.0356 [0.7378472222222222, 0.8090277777777778]
2023-04-22 14:28:38,520 - AP:0.8064+-0.0187 [0.7877175438677371, 0.8250451557571002]
2023-04-22 14:28:38,866 - Epoch:000, train_loss:4.9730, val_auc:0.8056, val_ap: 0.8203, text_auc:0.7882, text_ap: 0.8263
2023-04-22 14:28:39,172 - Epoch:001, train_loss:3.7472, val_auc:0.7986, val_ap: 0.8187
2023-04-22 14:28:39,483 - Epoch:002, train_loss:3.3546, val_auc:0.7917, val_ap: 0.8020
2023-04-22 14:28:39,795 - Epoch:003, train_loss:2.4632, val_auc:0.7778, val_ap: 0.7929
2023-04-22 14:28:40,107 - Epoch:004, train_loss:1.8704, val_auc:0.7778, val_ap: 0.7866
2023-04-22 14:28:40,426 - Epoch:005, train_loss:1.8789, val_auc:0.7431, val_ap: 0.7432
2023-04-22 14:28:40,749 - Epoch:006, train_loss:1.7749, val_auc:0.7361, val_ap: 0.7399
2023-04-22 14:28:41,058 - Epoch:007, train_loss:1.5567, val_auc:0.7222, val_ap: 0.7334
2023-04-22 14:28:41,368 - Epoch:008, train_loss:1.5874, val_auc:0.7014, val_ap: 0.7195
2023-04-22 14:28:41,677 - Epoch:009, train_loss:1.4310, val_auc:0.6875, val_ap: 0.7109
2023-04-22 14:28:41,990 - Epoch:010, train_loss:1.3424, val_auc:0.6944, val_ap: 0.7128
2023-04-22 14:28:42,301 - Epoch:011, train_loss:1.3667, val_auc:0.7083, val_ap: 0.7188
2023-04-22 14:28:42,606 - Epoch:012, train_loss:1.2322, val_auc:0.7083, val_ap: 0.7188
2023-04-22 14:28:42,915 - Epoch:013, train_loss:1.2236, val_auc:0.7014, val_ap: 0.7158
2023-04-22 14:28:43,226 - Epoch:014, train_loss:1.3169, val_auc:0.7014, val_ap: 0.7158
2023-04-22 14:28:43,531 - Epoch:015, train_loss:1.3642, val_auc:0.7014, val_ap: 0.7158
2023-04-22 14:28:43,841 - Epoch:016, train_loss:1.4815, val_auc:0.6944, val_ap: 0.7099
2023-04-22 14:28:44,159 - Epoch:017, train_loss:1.2659, val_auc:0.6944, val_ap: 0.7099
2023-04-22 14:28:44,481 - Epoch:018, train_loss:1.3019, val_auc:0.6875, val_ap: 0.7068
2023-04-22 14:28:44,672 - Epoch:019, train_loss:1.2544, val_auc:0.6806, val_ap: 0.7027
2023-04-22 14:28:44,816 - Epoch:020, train_loss:1.1302, val_auc:0.6736, val_ap: 0.6996
2023-04-22 14:28:44,963 - Epoch:021, train_loss:1.2531, val_auc:0.6736, val_ap: 0.6996
2023-04-22 14:28:45,109 - Epoch:022, train_loss:1.2329, val_auc:0.6597, val_ap: 0.6929
2023-04-22 14:28:45,255 - Epoch:023, train_loss:1.0718, val_auc:0.6528, val_ap: 0.6892
2023-04-22 14:28:45,400 - Epoch:024, train_loss:1.0694, val_auc:0.6458, val_ap: 0.6848
2023-04-22 14:28:45,543 - Epoch:025, train_loss:1.1113, val_auc:0.6458, val_ap: 0.6841
2023-04-22 14:28:45,678 - Epoch:026, train_loss:1.1898, val_auc:0.6458, val_ap: 0.6841
2023-04-22 14:28:45,798 - Epoch:027, train_loss:1.1172, val_auc:0.6458, val_ap: 0.6841
2023-04-22 14:28:45,918 - Epoch:028, train_loss:1.0131, val_auc:0.6597, val_ap: 0.6938
2023-04-22 14:28:46,040 - Epoch:029, train_loss:1.2167, val_auc:0.6597, val_ap: 0.6960
2023-04-22 14:28:46,159 - Epoch:030, train_loss:1.1651, val_auc:0.6736, val_ap: 0.7033
2023-04-22 14:28:46,281 - Epoch:031, train_loss:1.0168, val_auc:0.6736, val_ap: 0.7033
2023-04-22 14:28:46,402 - Epoch:032, train_loss:1.0417, val_auc:0.6736, val_ap: 0.7033
2023-04-22 14:28:46,521 - Epoch:033, train_loss:0.9412, val_auc:0.6944, val_ap: 0.7144
2023-04-22 14:28:46,645 - Epoch:034, train_loss:1.0736, val_auc:0.6875, val_ap: 0.7101
2023-04-22 14:28:46,771 - Epoch:035, train_loss:1.0545, val_auc:0.6736, val_ap: 0.7023
2023-04-22 14:28:46,896 - Epoch:036, train_loss:1.0782, val_auc:0.6736, val_ap: 0.7068
2023-04-22 14:28:47,019 - Epoch:037, train_loss:1.1300, val_auc:0.6667, val_ap: 0.7024
2023-04-22 14:28:47,140 - Epoch:038, train_loss:1.0441, val_auc:0.6458, val_ap: 0.7017
2023-04-22 14:28:47,269 - Epoch:039, train_loss:0.9891, val_auc:0.6389, val_ap: 0.6985
2023-04-22 14:28:47,393 - Epoch:040, train_loss:1.1263, val_auc:0.6528, val_ap: 0.7061
2023-04-22 14:28:47,517 - Epoch:041, train_loss:1.0276, val_auc:0.6528, val_ap: 0.7061
2023-04-22 14:28:47,642 - Epoch:042, train_loss:1.0136, val_auc:0.6667, val_ap: 0.7140
2023-04-22 14:28:47,769 - Epoch:043, train_loss:0.9568, val_auc:0.6597, val_ap: 0.7113
2023-04-22 14:28:47,893 - Epoch:044, train_loss:0.9844, val_auc:0.6597, val_ap: 0.7113
2023-04-22 14:28:48,018 - Epoch:045, train_loss:0.8950, val_auc:0.6319, val_ap: 0.6965
2023-04-22 14:28:48,140 - Epoch:046, train_loss:0.9989, val_auc:0.6250, val_ap: 0.6909
2023-04-22 14:28:48,257 - Epoch:047, train_loss:0.9677, val_auc:0.6319, val_ap: 0.6967
2023-04-22 14:28:48,371 - Epoch:048, train_loss:0.9534, val_auc:0.6250, val_ap: 0.6909
2023-04-22 14:28:48,498 - Epoch:049, train_loss:0.9584, val_auc:0.6389, val_ap: 0.6967
2023-04-22 14:28:48,620 - Epoch:050, train_loss:1.1051, val_auc:0.6250, val_ap: 0.6890
2023-04-22 14:28:48,732 - Epoch:051, train_loss:0.9851, val_auc:0.6181, val_ap: 0.6876
2023-04-22 14:28:48,848 - Epoch:052, train_loss:0.8936, val_auc:0.6250, val_ap: 0.6898
2023-04-22 14:28:48,969 - Epoch:053, train_loss:0.9604, val_auc:0.6319, val_ap: 0.6934
2023-04-22 14:28:49,086 - Epoch:054, train_loss:0.8725, val_auc:0.6250, val_ap: 0.6903
2023-04-22 14:28:49,202 - Epoch:055, train_loss:0.8829, val_auc:0.6181, val_ap: 0.6881
2023-04-22 14:28:49,324 - Epoch:056, train_loss:0.8054, val_auc:0.6111, val_ap: 0.6869
2023-04-22 14:28:49,446 - Epoch:057, train_loss:1.0308, val_auc:0.6042, val_ap: 0.6989
2023-04-22 14:28:49,574 - Epoch:058, train_loss:0.9112, val_auc:0.6042, val_ap: 0.7014
2023-04-22 14:28:49,698 - Epoch:059, train_loss:0.9233, val_auc:0.5972, val_ap: 0.6982
2023-04-22 14:28:49,813 - Epoch:060, train_loss:1.0039, val_auc:0.5972, val_ap: 0.6965
2023-04-22 14:28:49,926 - Epoch:061, train_loss:0.9902, val_auc:0.5972, val_ap: 0.6950
2023-04-22 14:28:50,047 - Epoch:062, train_loss:0.8860, val_auc:0.6042, val_ap: 0.6987
2023-04-22 14:28:50,169 - Epoch:063, train_loss:0.9489, val_auc:0.6111, val_ap: 0.7018
2023-04-22 14:28:50,289 - Epoch:064, train_loss:0.9536, val_auc:0.6181, val_ap: 0.7055
2023-04-22 14:28:50,403 - Epoch:065, train_loss:0.9449, val_auc:0.6042, val_ap: 0.6992
2023-04-22 14:28:50,526 - Epoch:066, train_loss:0.9544, val_auc:0.5972, val_ap: 0.6965
2023-04-22 14:28:50,641 - Epoch:067, train_loss:0.8593, val_auc:0.5972, val_ap: 0.6960
2023-04-22 14:28:50,754 - Epoch:068, train_loss:0.9047, val_auc:0.6042, val_ap: 0.6982
2023-04-22 14:28:50,873 - Epoch:069, train_loss:0.9887, val_auc:0.6250, val_ap: 0.7084
2023-04-22 14:28:50,993 - Epoch:070, train_loss:0.8983, val_auc:0.6250, val_ap: 0.7065
2023-04-22 14:28:51,106 - Epoch:071, train_loss:0.9171, val_auc:0.6319, val_ap: 0.7122
2023-04-22 14:28:51,221 - Epoch:072, train_loss:0.8111, val_auc:0.6458, val_ap: 0.7162
2023-04-22 14:28:51,337 - Epoch:073, train_loss:0.9454, val_auc:0.6458, val_ap: 0.7162
2023-04-22 14:28:51,454 - Epoch:074, train_loss:0.9163, val_auc:0.6319, val_ap: 0.7122
2023-04-22 14:28:51,571 - Epoch:075, train_loss:0.8556, val_auc:0.6250, val_ap: 0.7076
2023-04-22 14:28:51,695 - Epoch:076, train_loss:0.7579, val_auc:0.6181, val_ap: 0.7058
2023-04-22 14:28:51,820 - Epoch:077, train_loss:0.9457, val_auc:0.6042, val_ap: 0.6984
2023-04-22 14:28:51,940 - Epoch:078, train_loss:1.0291, val_auc:0.6042, val_ap: 0.6966
2023-04-22 14:28:52,062 - Epoch:079, train_loss:0.9175, val_auc:0.6181, val_ap: 0.7012
2023-04-22 14:28:52,181 - Epoch:080, train_loss:0.9677, val_auc:0.6111, val_ap: 0.6974
2023-04-22 14:28:52,298 - Epoch:081, train_loss:0.8980, val_auc:0.6250, val_ap: 0.7030
2023-04-22 14:28:52,417 - Epoch:082, train_loss:0.8719, val_auc:0.6181, val_ap: 0.6995
2023-04-22 14:28:52,542 - Epoch:083, train_loss:0.9561, val_auc:0.6250, val_ap: 0.7041
2023-04-22 14:28:52,670 - Epoch:084, train_loss:0.8996, val_auc:0.6181, val_ap: 0.7014
2023-04-22 14:28:52,797 - Epoch:085, train_loss:0.8322, val_auc:0.6042, val_ap: 0.6980
2023-04-22 14:28:52,918 - Epoch:086, train_loss:0.9181, val_auc:0.5972, val_ap: 0.6935
2023-04-22 14:28:53,037 - Epoch:087, train_loss:0.8974, val_auc:0.5903, val_ap: 0.6894
2023-04-22 14:28:53,160 - Epoch:088, train_loss:0.9048, val_auc:0.5694, val_ap: 0.6802
2023-04-22 14:28:53,283 - Epoch:089, train_loss:0.9204, val_auc:0.5764, val_ap: 0.6834
2023-04-22 14:28:53,411 - Epoch:090, train_loss:0.8632, val_auc:0.5694, val_ap: 0.6802
2023-04-22 14:28:53,532 - Epoch:091, train_loss:0.8165, val_auc:0.5556, val_ap: 0.6764
2023-04-22 14:28:53,654 - Epoch:092, train_loss:0.8554, val_auc:0.5694, val_ap: 0.6834
2023-04-22 14:28:53,774 - Epoch:093, train_loss:0.9498, val_auc:0.5903, val_ap: 0.6904
2023-04-22 14:28:53,894 - Epoch:094, train_loss:0.9613, val_auc:0.6319, val_ap: 0.7153
2023-04-22 14:28:54,017 - Epoch:095, train_loss:0.8906, val_auc:0.6250, val_ap: 0.7128
2023-04-22 14:28:54,139 - Epoch:096, train_loss:0.8706, val_auc:0.6389, val_ap: 0.7177
2023-04-22 14:28:54,264 - Epoch:097, train_loss:0.9288, val_auc:0.5972, val_ap: 0.6981
2023-04-22 14:28:54,386 - Epoch:098, train_loss:0.8468, val_auc:0.5903, val_ap: 0.6913
2023-04-22 14:28:54,509 - Epoch:099, train_loss:0.8305, val_auc:0.5833, val_ap: 0.6899
2023-04-22 14:28:54,628 - Epoch:100, train_loss:0.8070, val_auc:0.5556, val_ap: 0.6774
2023-04-22 14:28:54,748 - Epoch:101, train_loss:0.9439, val_auc:0.5764, val_ap: 0.6858
2023-04-22 14:28:54,868 - Epoch:102, train_loss:0.8712, val_auc:0.5764, val_ap: 0.6876
2023-04-22 14:28:54,988 - Epoch:103, train_loss:0.8737, val_auc:0.5556, val_ap: 0.6796
2023-04-22 14:28:55,110 - Epoch:104, train_loss:0.8195, val_auc:0.5556, val_ap: 0.6796
2023-04-22 14:28:55,231 - Epoch:105, train_loss:0.8680, val_auc:0.5417, val_ap: 0.6779
2023-04-22 14:28:55,352 - Epoch:106, train_loss:0.8358, val_auc:0.5486, val_ap: 0.6798
2023-04-22 14:28:55,478 - Epoch:107, train_loss:0.8401, val_auc:0.5556, val_ap: 0.6796
2023-04-22 14:28:55,604 - Epoch:108, train_loss:0.9773, val_auc:0.5486, val_ap: 0.6774
2023-04-22 14:28:55,724 - Epoch:109, train_loss:0.8189, val_auc:0.5417, val_ap: 0.6754
2023-04-22 14:28:55,846 - Epoch:110, train_loss:0.9051, val_auc:0.5486, val_ap: 0.6774
2023-04-22 14:28:55,967 - Epoch:111, train_loss:0.8792, val_auc:0.5833, val_ap: 0.6938
2023-04-22 14:28:56,087 - Epoch:112, train_loss:0.8578, val_auc:0.5972, val_ap: 0.6968
2023-04-22 14:28:56,209 - Epoch:113, train_loss:0.8595, val_auc:0.6042, val_ap: 0.7013
2023-04-22 14:28:56,329 - Epoch:114, train_loss:0.9435, val_auc:0.5694, val_ap: 0.6873
2023-04-22 14:28:56,452 - Epoch:115, train_loss:0.8819, val_auc:0.5347, val_ap: 0.6759
2023-04-22 14:28:56,575 - Epoch:116, train_loss:0.8429, val_auc:0.5556, val_ap: 0.6876
2023-04-22 14:28:56,701 - Epoch:117, train_loss:0.8754, val_auc:0.5903, val_ap: 0.7002
2023-04-22 14:28:56,824 - Epoch:118, train_loss:0.8522, val_auc:0.5903, val_ap: 0.6989
2023-04-22 14:28:56,945 - Epoch:119, train_loss:0.8419, val_auc:0.6042, val_ap: 0.7070
2023-04-22 14:28:57,065 - Epoch:120, train_loss:0.8526, val_auc:0.6458, val_ap: 0.7220
2023-04-22 14:28:57,184 - Epoch:121, train_loss:0.9023, val_auc:0.6458, val_ap: 0.7220
2023-04-22 14:28:57,305 - Epoch:122, train_loss:0.8879, val_auc:0.6389, val_ap: 0.7196
2023-04-22 14:28:57,428 - Epoch:123, train_loss:0.8901, val_auc:0.6597, val_ap: 0.7384
2023-04-22 14:28:57,547 - Epoch:124, train_loss:0.7812, val_auc:0.6667, val_ap: 0.7453
2023-04-22 14:28:57,671 - Epoch:125, train_loss:0.9593, val_auc:0.6389, val_ap: 0.7320
2023-04-22 14:28:57,796 - Epoch:126, train_loss:0.8155, val_auc:0.6181, val_ap: 0.7170
2023-04-22 14:28:57,919 - Epoch:127, train_loss:0.8692, val_auc:0.6042, val_ap: 0.7101
2023-04-22 14:28:58,040 - Epoch:128, train_loss:0.8830, val_auc:0.5972, val_ap: 0.7043
2023-04-22 14:28:58,165 - Epoch:129, train_loss:0.8434, val_auc:0.6111, val_ap: 0.7085
2023-04-22 14:28:58,286 - Epoch:130, train_loss:0.8822, val_auc:0.6250, val_ap: 0.7153
2023-04-22 14:28:58,406 - Epoch:131, train_loss:0.8841, val_auc:0.6389, val_ap: 0.7191
2023-04-22 14:28:58,526 - Epoch:132, train_loss:0.7811, val_auc:0.6458, val_ap: 0.7234
2023-04-22 14:28:58,647 - Epoch:133, train_loss:0.8420, val_auc:0.6875, val_ap: 0.7537
2023-04-22 14:28:58,763 - Epoch:134, train_loss:0.9258, val_auc:0.6875, val_ap: 0.7540
2023-04-22 14:28:58,896 - Epoch:135, train_loss:0.8010, val_auc:0.6667, val_ap: 0.7422
2023-04-22 14:28:59,143 - Epoch:136, train_loss:0.8404, val_auc:0.6389, val_ap: 0.7246
2023-04-22 14:28:59,456 - Epoch:137, train_loss:0.8637, val_auc:0.6181, val_ap: 0.7125
2023-04-22 14:28:59,769 - Epoch:138, train_loss:0.8716, val_auc:0.6111, val_ap: 0.7107
2023-04-22 14:29:00,081 - Epoch:139, train_loss:0.8783, val_auc:0.6458, val_ap: 0.7264
2023-04-22 14:29:00,393 - Epoch:140, train_loss:0.8246, val_auc:0.6528, val_ap: 0.7273
2023-04-22 14:29:00,705 - Epoch:141, train_loss:0.8571, val_auc:0.6528, val_ap: 0.7273
2023-04-22 14:29:01,017 - Epoch:142, train_loss:0.8455, val_auc:0.6389, val_ap: 0.7229
2023-04-22 14:29:01,329 - Epoch:143, train_loss:0.8105, val_auc:0.6736, val_ap: 0.7348
2023-04-22 14:29:01,642 - Epoch:144, train_loss:0.8430, val_auc:0.6875, val_ap: 0.7406
2023-04-22 14:29:01,955 - Epoch:145, train_loss:0.8605, val_auc:0.6875, val_ap: 0.7414
2023-04-22 14:29:02,268 - Epoch:146, train_loss:0.8353, val_auc:0.6806, val_ap: 0.7390
2023-04-22 14:29:02,578 - Epoch:147, train_loss:0.8626, val_auc:0.6181, val_ap: 0.7088
2023-04-22 14:29:02,890 - Epoch:148, train_loss:0.9138, val_auc:0.5347, val_ap: 0.6719
2023-04-22 14:29:03,202 - Epoch:149, train_loss:0.8536, val_auc:0.5208, val_ap: 0.6663
2023-04-22 14:29:03,514 - Epoch:150, train_loss:0.8487, val_auc:0.5694, val_ap: 0.6875
2023-04-22 14:29:03,826 - Epoch:151, train_loss:0.8880, val_auc:0.5972, val_ap: 0.7038
2023-04-22 14:29:04,138 - Epoch:152, train_loss:0.9011, val_auc:0.6111, val_ap: 0.7105
2023-04-22 14:29:04,451 - Epoch:153, train_loss:0.9279, val_auc:0.6806, val_ap: 0.7438
2023-04-22 14:29:04,763 - Epoch:154, train_loss:0.8804, val_auc:0.6944, val_ap: 0.7503
2023-04-22 14:29:05,075 - Epoch:155, train_loss:0.9501, val_auc:0.6736, val_ap: 0.7348
2023-04-22 14:29:05,387 - Epoch:156, train_loss:0.8903, val_auc:0.6736, val_ap: 0.7330
2023-04-22 14:29:05,700 - Epoch:157, train_loss:0.8099, val_auc:0.6250, val_ap: 0.7077
2023-04-22 14:29:06,012 - Epoch:158, train_loss:0.9004, val_auc:0.5903, val_ap: 0.6969
2023-04-22 14:29:06,324 - Epoch:159, train_loss:0.8724, val_auc:0.5833, val_ap: 0.6935
2023-04-22 14:29:06,635 - Epoch:160, train_loss:0.8423, val_auc:0.5764, val_ap: 0.6898
2023-04-22 14:29:06,950 - Epoch:161, train_loss:0.7941, val_auc:0.5903, val_ap: 0.7003
2023-04-22 14:29:07,260 - Epoch:162, train_loss:0.8222, val_auc:0.6389, val_ap: 0.7267
2023-04-22 14:29:07,572 - Epoch:163, train_loss:0.8534, val_auc:0.6667, val_ap: 0.7440
2023-04-22 14:29:07,882 - Epoch:164, train_loss:0.8702, val_auc:0.6736, val_ap: 0.7449
2023-04-22 14:29:08,196 - Epoch:165, train_loss:0.8806, val_auc:0.6875, val_ap: 0.7519
2023-04-22 14:29:08,506 - Epoch:166, train_loss:0.8642, val_auc:0.6736, val_ap: 0.7438
2023-04-22 14:29:08,817 - Epoch:167, train_loss:0.8671, val_auc:0.6319, val_ap: 0.7190
2023-04-22 14:29:09,130 - Epoch:168, train_loss:0.8222, val_auc:0.6250, val_ap: 0.7172
2023-04-22 14:29:09,444 - Epoch:169, train_loss:0.8223, val_auc:0.6319, val_ap: 0.7263
2023-04-22 14:29:09,755 - Epoch:170, train_loss:0.8798, val_auc:0.6389, val_ap: 0.7285
2023-04-22 14:29:10,071 - Epoch:171, train_loss:0.7939, val_auc:0.6458, val_ap: 0.7326
2023-04-22 14:29:10,239 - Epoch:172, train_loss:0.8037, val_auc:0.6597, val_ap: 0.7367
2023-04-22 14:29:10,383 - Epoch:173, train_loss:0.8279, val_auc:0.6667, val_ap: 0.7388
2023-04-22 14:29:10,527 - Epoch:174, train_loss:0.8620, val_auc:0.6667, val_ap: 0.7388
2023-04-22 14:29:10,671 - Epoch:175, train_loss:0.8276, val_auc:0.6458, val_ap: 0.7246
2023-04-22 14:29:10,815 - Epoch:176, train_loss:0.8200, val_auc:0.6528, val_ap: 0.7240
2023-04-22 14:29:10,959 - Epoch:177, train_loss:0.8591, val_auc:0.6667, val_ap: 0.7336
2023-04-22 14:29:11,104 - Epoch:178, train_loss:0.8424, val_auc:0.6806, val_ap: 0.7427
2023-04-22 14:29:11,231 - Epoch:179, train_loss:0.8432, val_auc:0.6944, val_ap: 0.7521
2023-04-22 14:29:11,346 - Epoch:180, train_loss:0.8213, val_auc:0.6875, val_ap: 0.7468
2023-04-22 14:29:11,463 - Epoch:181, train_loss:0.8500, val_auc:0.6528, val_ap: 0.7283
2023-04-22 14:29:11,585 - Epoch:182, train_loss:0.7877, val_auc:0.6389, val_ap: 0.7191
2023-04-22 14:29:11,705 - Epoch:183, train_loss:0.9253, val_auc:0.6181, val_ap: 0.7055
2023-04-22 14:29:11,827 - Epoch:184, train_loss:0.8364, val_auc:0.6181, val_ap: 0.7055
2023-04-22 14:29:11,948 - Epoch:185, train_loss:0.8195, val_auc:0.6111, val_ap: 0.7010
2023-04-22 14:29:12,077 - Epoch:186, train_loss:0.8651, val_auc:0.6319, val_ap: 0.7099
2023-04-22 14:29:12,194 - Epoch:187, train_loss:0.8392, val_auc:0.6458, val_ap: 0.7191
2023-04-22 14:29:12,316 - Epoch:188, train_loss:0.8820, val_auc:0.6458, val_ap: 0.7180
2023-04-22 14:29:12,440 - Epoch:189, train_loss:0.8134, val_auc:0.6458, val_ap: 0.7199
2023-04-22 14:29:12,564 - Epoch:190, train_loss:0.8378, val_auc:0.6389, val_ap: 0.7175
2023-04-22 14:29:12,689 - Epoch:191, train_loss:0.8798, val_auc:0.6319, val_ap: 0.7124
2023-04-22 14:29:12,815 - Epoch:192, train_loss:0.8764, val_auc:0.6181, val_ap: 0.7059
2023-04-22 14:29:12,940 - Epoch:193, train_loss:0.8237, val_auc:0.5972, val_ap: 0.6943
2023-04-22 14:29:13,067 - Epoch:194, train_loss:0.8401, val_auc:0.6319, val_ap: 0.7104
2023-04-22 14:29:13,192 - Epoch:195, train_loss:0.8209, val_auc:0.6319, val_ap: 0.7145
2023-04-22 14:29:13,318 - Epoch:196, train_loss:0.8313, val_auc:0.6389, val_ap: 0.7139
2023-04-22 14:29:13,444 - Epoch:197, train_loss:0.8919, val_auc:0.6597, val_ap: 0.7311
2023-04-22 14:29:13,559 - Epoch:198, train_loss:0.8947, val_auc:0.6528, val_ap: 0.7352
2023-04-22 14:29:13,680 - Epoch:199, train_loss:0.8128, val_auc:0.6736, val_ap: 0.7476
2023-04-22 14:29:13,681 - final results:
2023-04-22 14:29:13,681 - ====================================================================================
2023-04-22 14:29:13,682 - AUC:0.7784+-0.0299 [0.7378472222222222, 0.8090277777777778, 0.7881944444444445]
2023-04-22 14:29:13,682 - AP:0.8130+-0.0179 [0.7877175438677371, 0.8250451557571002, 0.8263468047444688]
2023-04-22 14:29:13,825 - Epoch:000, train_loss:4.9598, val_auc:0.8542, val_ap: 0.8808, text_auc:0.7917, text_ap: 0.7720
2023-04-22 14:29:13,943 - Epoch:001, train_loss:4.0140, val_auc:0.8264, val_ap: 0.8589
2023-04-22 14:29:14,062 - Epoch:002, train_loss:3.2952, val_auc:0.8333, val_ap: 0.8788
2023-04-22 14:29:14,182 - Epoch:003, train_loss:2.3800, val_auc:0.8264, val_ap: 0.8582
2023-04-22 14:29:14,294 - Epoch:004, train_loss:2.0796, val_auc:0.8056, val_ap: 0.8390
2023-04-22 14:29:14,411 - Epoch:005, train_loss:1.8018, val_auc:0.8125, val_ap: 0.8431
2023-04-22 14:29:14,525 - Epoch:006, train_loss:1.4648, val_auc:0.8403, val_ap: 0.8647
2023-04-22 14:29:14,651 - Epoch:007, train_loss:1.4554, val_auc:0.8403, val_ap: 0.8697
2023-04-22 14:29:14,769 - Epoch:008, train_loss:1.4472, val_auc:0.8333, val_ap: 0.8634
2023-04-22 14:29:14,882 - Epoch:009, train_loss:1.2792, val_auc:0.8125, val_ap: 0.8496
2023-04-22 14:29:15,000 - Epoch:010, train_loss:1.3555, val_auc:0.8056, val_ap: 0.8456
2023-04-22 14:29:15,115 - Epoch:011, train_loss:1.3442, val_auc:0.8056, val_ap: 0.8554
2023-04-22 14:29:15,231 - Epoch:012, train_loss:1.2666, val_auc:0.8125, val_ap: 0.8615
2023-04-22 14:29:15,347 - Epoch:013, train_loss:1.1650, val_auc:0.8125, val_ap: 0.8615
2023-04-22 14:29:15,465 - Epoch:014, train_loss:1.0518, val_auc:0.8194, val_ap: 0.8663
2023-04-22 14:29:15,582 - Epoch:015, train_loss:1.3872, val_auc:0.8125, val_ap: 0.8615
2023-04-22 14:29:15,704 - Epoch:016, train_loss:1.1884, val_auc:0.8194, val_ap: 0.8689
2023-04-22 14:29:15,820 - Epoch:017, train_loss:1.1698, val_auc:0.8125, val_ap: 0.8585
2023-04-22 14:29:15,938 - Epoch:018, train_loss:1.1718, val_auc:0.8125, val_ap: 0.8585
2023-04-22 14:29:16,057 - Epoch:019, train_loss:1.0885, val_auc:0.8194, val_ap: 0.8655
2023-04-22 14:29:16,177 - Epoch:020, train_loss:1.0870, val_auc:0.8125, val_ap: 0.8585
2023-04-22 14:29:16,297 - Epoch:021, train_loss:1.0525, val_auc:0.8125, val_ap: 0.8598
2023-04-22 14:29:16,424 - Epoch:022, train_loss:1.0884, val_auc:0.8125, val_ap: 0.8598
2023-04-22 14:29:16,542 - Epoch:023, train_loss:0.9831, val_auc:0.7986, val_ap: 0.8540
2023-04-22 14:29:16,656 - Epoch:024, train_loss:1.0514, val_auc:0.8056, val_ap: 0.8597
2023-04-22 14:29:16,770 - Epoch:025, train_loss:0.9922, val_auc:0.8056, val_ap: 0.8597
2023-04-22 14:29:16,890 - Epoch:026, train_loss:0.9501, val_auc:0.8056, val_ap: 0.8597
2023-04-22 14:29:17,004 - Epoch:027, train_loss:1.0632, val_auc:0.8056, val_ap: 0.8597
2023-04-22 14:29:17,119 - Epoch:028, train_loss:0.9835, val_auc:0.8194, val_ap: 0.8655
2023-04-22 14:29:17,240 - Epoch:029, train_loss:0.9181, val_auc:0.8125, val_ap: 0.8610
2023-04-22 14:29:17,356 - Epoch:030, train_loss:1.0356, val_auc:0.8125, val_ap: 0.8610
2023-04-22 14:29:17,471 - Epoch:031, train_loss:1.0197, val_auc:0.8125, val_ap: 0.8636
2023-04-22 14:29:17,585 - Epoch:032, train_loss:0.9360, val_auc:0.8125, val_ap: 0.8636
2023-04-22 14:29:17,698 - Epoch:033, train_loss:1.0471, val_auc:0.8125, val_ap: 0.8636
2023-04-22 14:29:17,812 - Epoch:034, train_loss:0.9570, val_auc:0.8264, val_ap: 0.8737
2023-04-22 14:29:17,924 - Epoch:035, train_loss:0.9571, val_auc:0.8194, val_ap: 0.8710
2023-04-22 14:29:18,038 - Epoch:036, train_loss:0.9190, val_auc:0.8194, val_ap: 0.8689
2023-04-22 14:29:18,155 - Epoch:037, train_loss:1.0148, val_auc:0.8194, val_ap: 0.8689
2023-04-22 14:29:18,271 - Epoch:038, train_loss:0.8934, val_auc:0.8194, val_ap: 0.8689
2023-04-22 14:29:18,387 - Epoch:039, train_loss:1.0463, val_auc:0.8194, val_ap: 0.8689
2023-04-22 14:29:18,501 - Epoch:040, train_loss:0.9623, val_auc:0.8264, val_ap: 0.8763
2023-04-22 14:29:18,623 - Epoch:041, train_loss:1.0560, val_auc:0.8264, val_ap: 0.8664
2023-04-22 14:29:18,747 - Epoch:042, train_loss:0.8947, val_auc:0.8264, val_ap: 0.8759
2023-04-22 14:29:18,864 - Epoch:043, train_loss:0.8730, val_auc:0.8194, val_ap: 0.8685
2023-04-22 14:29:18,989 - Epoch:044, train_loss:0.8897, val_auc:0.8194, val_ap: 0.8640
2023-04-22 14:29:19,110 - Epoch:045, train_loss:0.9471, val_auc:0.8264, val_ap: 0.8662
2023-04-22 14:29:19,224 - Epoch:046, train_loss:1.0219, val_auc:0.8264, val_ap: 0.8662
2023-04-22 14:29:19,340 - Epoch:047, train_loss:0.8489, val_auc:0.8264, val_ap: 0.8662
2023-04-22 14:29:19,456 - Epoch:048, train_loss:0.9245, val_auc:0.8264, val_ap: 0.8662
2023-04-22 14:29:19,570 - Epoch:049, train_loss:0.9463, val_auc:0.8333, val_ap: 0.8781
2023-04-22 14:29:19,686 - Epoch:050, train_loss:0.8854, val_auc:0.8472, val_ap: 0.8832
2023-04-22 14:29:19,804 - Epoch:051, train_loss:0.8707, val_auc:0.8611, val_ap: 0.8912, text_auc:0.6337, text_ap: 0.6701
2023-04-22 14:29:19,939 - Epoch:052, train_loss:1.0169, val_auc:0.8472, val_ap: 0.8832
2023-04-22 14:29:20,064 - Epoch:053, train_loss:0.9439, val_auc:0.8542, val_ap: 0.8862
2023-04-22 14:29:20,185 - Epoch:054, train_loss:0.9768, val_auc:0.8542, val_ap: 0.8862
2023-04-22 14:29:20,298 - Epoch:055, train_loss:0.9358, val_auc:0.8542, val_ap: 0.8862
2023-04-22 14:29:20,414 - Epoch:056, train_loss:0.8540, val_auc:0.8542, val_ap: 0.8862
2023-04-22 14:29:20,532 - Epoch:057, train_loss:0.9119, val_auc:0.8542, val_ap: 0.8784
2023-04-22 14:29:20,653 - Epoch:058, train_loss:0.8934, val_auc:0.8542, val_ap: 0.8784
2023-04-22 14:29:20,768 - Epoch:059, train_loss:0.9400, val_auc:0.8611, val_ap: 0.8813
2023-04-22 14:29:20,885 - Epoch:060, train_loss:0.8574, val_auc:0.8542, val_ap: 0.8757
2023-04-22 14:29:21,006 - Epoch:061, train_loss:0.8929, val_auc:0.8472, val_ap: 0.8705
2023-04-22 14:29:21,124 - Epoch:062, train_loss:0.8915, val_auc:0.8472, val_ap: 0.8705
2023-04-22 14:29:21,237 - Epoch:063, train_loss:0.8165, val_auc:0.8611, val_ap: 0.8834
2023-04-22 14:29:21,357 - Epoch:064, train_loss:0.9211, val_auc:0.8472, val_ap: 0.8759
2023-04-22 14:29:21,472 - Epoch:065, train_loss:0.9227, val_auc:0.8472, val_ap: 0.8748
2023-04-22 14:29:21,596 - Epoch:066, train_loss:0.8578, val_auc:0.8403, val_ap: 0.8700
2023-04-22 14:29:21,715 - Epoch:067, train_loss:0.8007, val_auc:0.8403, val_ap: 0.8690
2023-04-22 14:29:21,837 - Epoch:068, train_loss:0.8466, val_auc:0.8333, val_ap: 0.8693
2023-04-22 14:29:21,963 - Epoch:069, train_loss:0.8761, val_auc:0.8333, val_ap: 0.8693
2023-04-22 14:29:22,267 - Epoch:070, train_loss:0.8834, val_auc:0.8264, val_ap: 0.8645
2023-04-22 14:29:22,582 - Epoch:071, train_loss:0.8931, val_auc:0.8264, val_ap: 0.8645
2023-04-22 14:29:22,895 - Epoch:072, train_loss:0.9053, val_auc:0.8194, val_ap: 0.8604
2023-04-22 14:29:23,206 - Epoch:073, train_loss:0.8758, val_auc:0.7986, val_ap: 0.8477
2023-04-22 14:29:23,517 - Epoch:074, train_loss:0.7940, val_auc:0.8056, val_ap: 0.8519
2023-04-22 14:29:23,829 - Epoch:075, train_loss:0.8572, val_auc:0.7917, val_ap: 0.8455
2023-04-22 14:29:24,141 - Epoch:076, train_loss:0.8613, val_auc:0.7917, val_ap: 0.8455
2023-04-22 14:29:24,453 - Epoch:077, train_loss:0.7987, val_auc:0.7917, val_ap: 0.8455
2023-04-22 14:29:24,765 - Epoch:078, train_loss:0.9448, val_auc:0.7986, val_ap: 0.8496
2023-04-22 14:29:25,077 - Epoch:079, train_loss:0.8384, val_auc:0.8056, val_ap: 0.8529
2023-04-22 14:29:25,389 - Epoch:080, train_loss:0.8678, val_auc:0.8056, val_ap: 0.8529
2023-04-22 14:29:25,702 - Epoch:081, train_loss:0.8417, val_auc:0.8056, val_ap: 0.8529
2023-04-22 14:29:26,014 - Epoch:082, train_loss:0.8852, val_auc:0.8125, val_ap: 0.8580
2023-04-22 14:29:26,326 - Epoch:083, train_loss:0.9010, val_auc:0.7847, val_ap: 0.8451
2023-04-22 14:29:26,637 - Epoch:084, train_loss:0.8680, val_auc:0.8056, val_ap: 0.8627
2023-04-22 14:29:26,950 - Epoch:085, train_loss:0.8752, val_auc:0.8264, val_ap: 0.8785
2023-04-22 14:29:27,262 - Epoch:086, train_loss:0.8513, val_auc:0.8472, val_ap: 0.8902
2023-04-22 14:29:27,575 - Epoch:087, train_loss:0.8684, val_auc:0.8542, val_ap: 0.8948
2023-04-22 14:29:27,891 - Epoch:088, train_loss:0.8194, val_auc:0.8819, val_ap: 0.9116, text_auc:0.6337, text_ap: 0.6625
2023-04-22 14:29:28,199 - Epoch:089, train_loss:0.9187, val_auc:0.8681, val_ap: 0.8999
2023-04-22 14:29:28,510 - Epoch:090, train_loss:0.8217, val_auc:0.8681, val_ap: 0.8999
2023-04-22 14:29:28,822 - Epoch:091, train_loss:0.9042, val_auc:0.8542, val_ap: 0.8912
2023-04-22 14:29:29,134 - Epoch:092, train_loss:0.8210, val_auc:0.8403, val_ap: 0.8837
2023-04-22 14:29:29,446 - Epoch:093, train_loss:0.8431, val_auc:0.8333, val_ap: 0.8892
2023-04-22 14:29:29,759 - Epoch:094, train_loss:0.8964, val_auc:0.8333, val_ap: 0.8892
2023-04-22 14:29:30,070 - Epoch:095, train_loss:0.8642, val_auc:0.8264, val_ap: 0.8871
2023-04-22 14:29:30,383 - Epoch:096, train_loss:0.9098, val_auc:0.8333, val_ap: 0.8901
2023-04-22 14:29:30,694 - Epoch:097, train_loss:0.8681, val_auc:0.8611, val_ap: 0.9039
2023-04-22 14:29:31,012 - Epoch:098, train_loss:0.8580, val_auc:0.8819, val_ap: 0.9160, text_auc:0.6458, text_ap: 0.6594
2023-04-22 14:29:31,326 - Epoch:099, train_loss:0.8903, val_auc:0.8819, val_ap: 0.9160
2023-04-22 14:29:31,640 - Epoch:100, train_loss:0.8997, val_auc:0.8750, val_ap: 0.9139
2023-04-22 14:29:31,953 - Epoch:101, train_loss:0.8816, val_auc:0.8750, val_ap: 0.9107
2023-04-22 14:29:32,265 - Epoch:102, train_loss:0.9053, val_auc:0.8750, val_ap: 0.9030
2023-04-22 14:29:32,578 - Epoch:103, train_loss:0.9400, val_auc:0.8750, val_ap: 0.9085
2023-04-22 14:29:32,890 - Epoch:104, train_loss:0.8259, val_auc:0.8750, val_ap: 0.9082
2023-04-22 14:29:33,207 - Epoch:105, train_loss:0.9165, val_auc:0.8958, val_ap: 0.9180, text_auc:0.6389, text_ap: 0.6601
2023-04-22 14:29:33,520 - Epoch:106, train_loss:0.9243, val_auc:0.9097, val_ap: 0.9274, text_auc:0.6510, text_ap: 0.6697
2023-04-22 14:29:33,827 - Epoch:107, train_loss:0.8571, val_auc:0.9097, val_ap: 0.9274
2023-04-22 14:29:34,137 - Epoch:108, train_loss:0.8484, val_auc:0.9028, val_ap: 0.9239
2023-04-22 14:29:34,449 - Epoch:109, train_loss:0.9152, val_auc:0.8819, val_ap: 0.9076
2023-04-22 14:29:34,761 - Epoch:110, train_loss:0.8214, val_auc:0.8472, val_ap: 0.8889
2023-04-22 14:29:35,073 - Epoch:111, train_loss:0.8844, val_auc:0.8264, val_ap: 0.8759
2023-04-22 14:29:35,385 - Epoch:112, train_loss:0.8507, val_auc:0.8333, val_ap: 0.8794
2023-04-22 14:29:35,698 - Epoch:113, train_loss:0.7962, val_auc:0.8472, val_ap: 0.8879
2023-04-22 14:29:36,009 - Epoch:114, train_loss:0.8049, val_auc:0.8611, val_ap: 0.8960
2023-04-22 14:29:36,322 - Epoch:115, train_loss:0.8461, val_auc:0.8681, val_ap: 0.8990
2023-04-22 14:29:36,635 - Epoch:116, train_loss:0.8749, val_auc:0.8542, val_ap: 0.8886
2023-04-22 14:29:36,946 - Epoch:117, train_loss:0.8362, val_auc:0.8611, val_ap: 0.8915
2023-04-22 14:29:37,258 - Epoch:118, train_loss:0.8980, val_auc:0.8403, val_ap: 0.8781
2023-04-22 14:29:37,570 - Epoch:119, train_loss:0.8157, val_auc:0.8333, val_ap: 0.8751
2023-04-22 14:29:37,882 - Epoch:120, train_loss:0.8389, val_auc:0.7986, val_ap: 0.8554
2023-04-22 14:29:38,194 - Epoch:121, train_loss:0.8538, val_auc:0.7986, val_ap: 0.8554
2023-04-22 14:29:38,506 - Epoch:122, train_loss:0.8334, val_auc:0.7986, val_ap: 0.8546
2023-04-22 14:29:38,818 - Epoch:123, train_loss:0.8157, val_auc:0.8056, val_ap: 0.8554
2023-04-22 14:29:39,130 - Epoch:124, train_loss:0.8876, val_auc:0.8194, val_ap: 0.8630
2023-04-22 14:29:39,442 - Epoch:125, train_loss:0.8873, val_auc:0.8264, val_ap: 0.8651
2023-04-22 14:29:39,755 - Epoch:126, train_loss:0.8258, val_auc:0.8472, val_ap: 0.8786
2023-04-22 14:29:40,067 - Epoch:127, train_loss:0.8459, val_auc:0.8333, val_ap: 0.8621
2023-04-22 14:29:40,378 - Epoch:128, train_loss:0.8579, val_auc:0.7847, val_ap: 0.8391
2023-04-22 14:29:40,691 - Epoch:129, train_loss:0.9101, val_auc:0.7639, val_ap: 0.8286
2023-04-22 14:29:41,002 - Epoch:130, train_loss:0.8351, val_auc:0.7639, val_ap: 0.8286
2023-04-22 14:29:41,315 - Epoch:131, train_loss:0.9365, val_auc:0.7431, val_ap: 0.8178
2023-04-22 14:29:41,626 - Epoch:132, train_loss:0.8536, val_auc:0.7431, val_ap: 0.8175
2023-04-22 14:29:41,938 - Epoch:133, train_loss:0.8365, val_auc:0.7500, val_ap: 0.8202
2023-04-22 14:29:42,251 - Epoch:134, train_loss:0.8163, val_auc:0.7847, val_ap: 0.8388
2023-04-22 14:29:42,563 - Epoch:135, train_loss:0.8309, val_auc:0.7986, val_ap: 0.8442
2023-04-22 14:29:42,875 - Epoch:136, train_loss:0.8939, val_auc:0.8194, val_ap: 0.8547
2023-04-22 14:29:43,187 - Epoch:137, train_loss:0.8263, val_auc:0.8333, val_ap: 0.8641
2023-04-22 14:29:43,499 - Epoch:138, train_loss:0.8270, val_auc:0.8333, val_ap: 0.8675
2023-04-22 14:29:43,812 - Epoch:139, train_loss:0.8556, val_auc:0.8264, val_ap: 0.8651
2023-04-22 14:29:44,123 - Epoch:140, train_loss:0.8277, val_auc:0.7986, val_ap: 0.8442
2023-04-22 14:29:44,435 - Epoch:141, train_loss:0.8673, val_auc:0.7847, val_ap: 0.8385
2023-04-22 14:29:44,746 - Epoch:142, train_loss:0.8612, val_auc:0.7708, val_ap: 0.8315
2023-04-22 14:29:45,059 - Epoch:143, train_loss:0.8561, val_auc:0.7986, val_ap: 0.8473
2023-04-22 14:29:45,371 - Epoch:144, train_loss:0.8264, val_auc:0.8125, val_ap: 0.8523
2023-04-22 14:29:45,683 - Epoch:145, train_loss:0.7682, val_auc:0.8403, val_ap: 0.8648
2023-04-22 14:29:45,994 - Epoch:146, train_loss:0.7719, val_auc:0.8681, val_ap: 0.8851
2023-04-22 14:29:46,307 - Epoch:147, train_loss:0.8559, val_auc:0.8819, val_ap: 0.8909
2023-04-22 14:29:46,619 - Epoch:148, train_loss:0.7759, val_auc:0.8681, val_ap: 0.8834
2023-04-22 14:29:46,931 - Epoch:149, train_loss:0.8699, val_auc:0.8264, val_ap: 0.8569
2023-04-22 14:29:47,243 - Epoch:150, train_loss:0.8707, val_auc:0.7917, val_ap: 0.8334
2023-04-22 14:29:47,555 - Epoch:151, train_loss:0.8549, val_auc:0.7986, val_ap: 0.8382
2023-04-22 14:29:47,868 - Epoch:152, train_loss:0.9291, val_auc:0.8194, val_ap: 0.8539
2023-04-22 14:29:48,179 - Epoch:153, train_loss:0.7916, val_auc:0.8333, val_ap: 0.8682
2023-04-22 14:29:48,491 - Epoch:154, train_loss:0.8548, val_auc:0.8611, val_ap: 0.8791
2023-04-22 14:29:48,803 - Epoch:155, train_loss:0.8987, val_auc:0.8819, val_ap: 0.8895
2023-04-22 14:29:49,115 - Epoch:156, train_loss:0.8341, val_auc:0.9028, val_ap: 0.9022
2023-04-22 14:29:49,428 - Epoch:157, train_loss:0.7977, val_auc:0.9028, val_ap: 0.9022
2023-04-22 14:29:49,739 - Epoch:158, train_loss:0.8343, val_auc:0.8889, val_ap: 0.8952
2023-04-22 14:29:50,050 - Epoch:159, train_loss:0.8747, val_auc:0.8889, val_ap: 0.8952
2023-04-22 14:29:50,363 - Epoch:160, train_loss:0.9067, val_auc:0.8819, val_ap: 0.8923
2023-04-22 14:29:50,676 - Epoch:161, train_loss:0.8854, val_auc:0.8542, val_ap: 0.8709
2023-04-22 14:29:50,988 - Epoch:162, train_loss:0.8673, val_auc:0.8542, val_ap: 0.8709
2023-04-22 14:29:51,300 - Epoch:163, train_loss:0.7768, val_auc:0.8611, val_ap: 0.8754
2023-04-22 14:29:51,611 - Epoch:164, train_loss:0.8331, val_auc:0.8611, val_ap: 0.8772
2023-04-22 14:29:51,923 - Epoch:165, train_loss:0.8190, val_auc:0.8403, val_ap: 0.8644
2023-04-22 14:29:52,234 - Epoch:166, train_loss:0.8019, val_auc:0.8333, val_ap: 0.8624
2023-04-22 14:29:52,547 - Epoch:167, train_loss:0.8951, val_auc:0.8472, val_ap: 0.8722
2023-04-22 14:29:52,859 - Epoch:168, train_loss:0.8391, val_auc:0.8542, val_ap: 0.8756
2023-04-22 14:29:53,171 - Epoch:169, train_loss:0.7867, val_auc:0.8750, val_ap: 0.8879
2023-04-22 14:29:53,483 - Epoch:170, train_loss:0.8664, val_auc:0.8889, val_ap: 0.9042
2023-04-22 14:29:53,795 - Epoch:171, train_loss:0.8506, val_auc:0.8889, val_ap: 0.9003
2023-04-22 14:29:54,107 - Epoch:172, train_loss:0.8820, val_auc:0.8889, val_ap: 0.9003
2023-04-22 14:29:54,419 - Epoch:173, train_loss:0.8061, val_auc:0.8819, val_ap: 0.8959
2023-04-22 14:29:54,731 - Epoch:174, train_loss:0.9286, val_auc:0.8750, val_ap: 0.8914
2023-04-22 14:29:55,044 - Epoch:175, train_loss:0.8560, val_auc:0.8472, val_ap: 0.8683
2023-04-22 14:29:55,355 - Epoch:176, train_loss:0.8400, val_auc:0.8403, val_ap: 0.8648
2023-04-22 14:29:55,668 - Epoch:177, train_loss:0.8900, val_auc:0.8333, val_ap: 0.8619
2023-04-22 14:29:55,979 - Epoch:178, train_loss:0.7935, val_auc:0.8611, val_ap: 0.8807
2023-04-22 14:29:56,292 - Epoch:179, train_loss:0.8377, val_auc:0.8750, val_ap: 0.8906
2023-04-22 14:29:56,604 - Epoch:180, train_loss:0.8819, val_auc:0.8750, val_ap: 0.8931
2023-04-22 14:29:56,916 - Epoch:181, train_loss:0.8733, val_auc:0.8819, val_ap: 0.9050
2023-04-22 14:29:57,228 - Epoch:182, train_loss:0.8377, val_auc:0.8958, val_ap: 0.9081
2023-04-22 14:29:57,540 - Epoch:183, train_loss:0.8175, val_auc:0.8819, val_ap: 0.8982
2023-04-22 14:29:57,858 - Epoch:184, train_loss:0.8492, val_auc:0.8819, val_ap: 0.8982
2023-04-22 14:29:58,166 - Epoch:185, train_loss:0.8056, val_auc:0.8681, val_ap: 0.8904
2023-04-22 14:29:58,476 - Epoch:186, train_loss:0.8033, val_auc:0.8819, val_ap: 0.8982
2023-04-22 14:29:58,788 - Epoch:187, train_loss:0.7885, val_auc:0.8819, val_ap: 0.8982
2023-04-22 14:29:59,099 - Epoch:188, train_loss:0.8351, val_auc:0.8819, val_ap: 0.8982
2023-04-22 14:29:59,411 - Epoch:189, train_loss:0.8372, val_auc:0.8750, val_ap: 0.8930
2023-04-22 14:29:59,724 - Epoch:190, train_loss:0.8139, val_auc:0.8889, val_ap: 0.9003
2023-04-22 14:30:00,036 - Epoch:191, train_loss:0.7949, val_auc:0.8819, val_ap: 0.8959
2023-04-22 14:30:00,348 - Epoch:192, train_loss:0.8366, val_auc:0.8819, val_ap: 0.8959
2023-04-22 14:30:00,660 - Epoch:193, train_loss:0.8716, val_auc:0.8819, val_ap: 0.8959
2023-04-22 14:30:00,972 - Epoch:194, train_loss:0.8555, val_auc:0.8819, val_ap: 0.8959
2023-04-22 14:30:01,284 - Epoch:195, train_loss:0.8877, val_auc:0.8819, val_ap: 0.8929
2023-04-22 14:30:01,599 - Epoch:196, train_loss:0.8638, val_auc:0.8681, val_ap: 0.8892
2023-04-22 14:30:01,909 - Epoch:197, train_loss:0.8541, val_auc:0.8681, val_ap: 0.8892
2023-04-22 14:30:02,219 - Epoch:198, train_loss:0.8954, val_auc:0.8611, val_ap: 0.8818
2023-04-22 14:30:02,532 - Epoch:199, train_loss:0.7912, val_auc:0.8542, val_ap: 0.8737
2023-04-22 14:30:02,533 - final results:
2023-04-22 14:30:02,534 - ====================================================================================
2023-04-22 14:30:02,534 - AUC:0.7465+-0.0609 [0.7378472222222222, 0.8090277777777778, 0.7881944444444445, 0.6510416666666667]
2023-04-22 14:30:02,535 - AP:0.7772+-0.0640 [0.7877175438677371, 0.8250451557571002, 0.8263468047444688, 0.6697148188685796]
2023-04-22 14:30:02,897 - Epoch:000, train_loss:4.9702, val_auc:0.7778, val_ap: 0.8232, text_auc:0.8125, text_ap: 0.8313
2023-04-22 14:30:03,214 - Epoch:001, train_loss:3.7540, val_auc:0.8403, val_ap: 0.8701, text_auc:0.8194, text_ap: 0.8438
2023-04-22 14:30:03,533 - Epoch:002, train_loss:3.4597, val_auc:0.8681, val_ap: 0.8841, text_auc:0.8003, text_ap: 0.8269
2023-04-22 14:30:03,841 - Epoch:003, train_loss:2.7256, val_auc:0.8542, val_ap: 0.8904
2023-04-22 14:30:04,152 - Epoch:004, train_loss:1.9801, val_auc:0.8611, val_ap: 0.8738
2023-04-22 14:30:04,464 - Epoch:005, train_loss:1.7074, val_auc:0.8333, val_ap: 0.8423
2023-04-22 14:30:04,776 - Epoch:006, train_loss:1.6777, val_auc:0.8333, val_ap: 0.8385
2023-04-22 14:30:05,087 - Epoch:007, train_loss:1.5375, val_auc:0.8542, val_ap: 0.8477
2023-04-22 14:30:05,399 - Epoch:008, train_loss:1.4814, val_auc:0.8472, val_ap: 0.8310
2023-04-22 14:30:05,711 - Epoch:009, train_loss:1.4438, val_auc:0.8611, val_ap: 0.8404
2023-04-22 14:30:06,023 - Epoch:010, train_loss:1.4301, val_auc:0.8681, val_ap: 0.8457
2023-04-22 14:30:06,335 - Epoch:011, train_loss:1.4347, val_auc:0.8611, val_ap: 0.8388
2023-04-22 14:30:06,647 - Epoch:012, train_loss:1.4198, val_auc:0.8542, val_ap: 0.8347
2023-04-22 14:30:06,959 - Epoch:013, train_loss:1.3289, val_auc:0.8542, val_ap: 0.8360
2023-04-22 14:30:07,271 - Epoch:014, train_loss:1.1318, val_auc:0.8542, val_ap: 0.8360
2023-04-22 14:30:07,583 - Epoch:015, train_loss:1.2913, val_auc:0.8611, val_ap: 0.8388
2023-04-22 14:30:07,895 - Epoch:016, train_loss:1.2924, val_auc:0.7986, val_ap: 0.8033
2023-04-22 14:30:08,207 - Epoch:017, train_loss:1.1735, val_auc:0.7847, val_ap: 0.7964
2023-04-22 14:30:08,519 - Epoch:018, train_loss:1.2084, val_auc:0.7778, val_ap: 0.7928
2023-04-22 14:30:08,830 - Epoch:019, train_loss:1.3124, val_auc:0.7847, val_ap: 0.7958
2023-04-22 14:30:09,131 - Epoch:020, train_loss:1.2691, val_auc:0.7778, val_ap: 0.7897
2023-04-22 14:30:09,436 - Epoch:021, train_loss:1.1952, val_auc:0.7778, val_ap: 0.7936
2023-04-22 14:30:09,746 - Epoch:022, train_loss:1.1436, val_auc:0.7639, val_ap: 0.7894
2023-04-22 14:30:10,065 - Epoch:023, train_loss:1.1878, val_auc:0.7639, val_ap: 0.7894
2023-04-22 14:30:10,382 - Epoch:024, train_loss:1.0542, val_auc:0.7639, val_ap: 0.7894
2023-04-22 14:30:10,692 - Epoch:025, train_loss:1.0865, val_auc:0.7847, val_ap: 0.8169
2023-04-22 14:30:11,003 - Epoch:026, train_loss:0.9639, val_auc:0.7847, val_ap: 0.8154
2023-04-22 14:30:11,308 - Epoch:027, train_loss:1.1343, val_auc:0.7778, val_ap: 0.8127
2023-04-22 14:30:11,618 - Epoch:028, train_loss:1.1748, val_auc:0.7986, val_ap: 0.8213
2023-04-22 14:30:11,922 - Epoch:029, train_loss:1.1009, val_auc:0.8194, val_ap: 0.8463
2023-04-22 14:30:12,232 - Epoch:030, train_loss:1.0808, val_auc:0.8194, val_ap: 0.8463
2023-04-22 14:30:12,542 - Epoch:031, train_loss:1.1250, val_auc:0.7847, val_ap: 0.8316
2023-04-22 14:30:12,849 - Epoch:032, train_loss:1.0265, val_auc:0.7708, val_ap: 0.8248
2023-04-22 14:30:13,157 - Epoch:033, train_loss:1.0210, val_auc:0.7639, val_ap: 0.8167
2023-04-22 14:30:13,462 - Epoch:034, train_loss:1.0036, val_auc:0.7708, val_ap: 0.8202
2023-04-22 14:30:13,771 - Epoch:035, train_loss:1.0175, val_auc:0.7778, val_ap: 0.8242
2023-04-22 14:30:14,083 - Epoch:036, train_loss:1.0981, val_auc:0.7708, val_ap: 0.8191
2023-04-22 14:30:14,387 - Epoch:037, train_loss:1.0566, val_auc:0.7639, val_ap: 0.8081
2023-04-22 14:30:14,697 - Epoch:038, train_loss:0.9184, val_auc:0.7500, val_ap: 0.8009
2023-04-22 14:30:15,001 - Epoch:039, train_loss:1.0221, val_auc:0.7639, val_ap: 0.8134
2023-04-22 14:30:15,311 - Epoch:040, train_loss:1.0507, val_auc:0.7639, val_ap: 0.8134
2023-04-22 14:30:15,623 - Epoch:041, train_loss:0.9506, val_auc:0.7431, val_ap: 0.7975
2023-04-22 14:30:15,927 - Epoch:042, train_loss:0.9965, val_auc:0.7569, val_ap: 0.8179
2023-04-22 14:30:16,237 - Epoch:043, train_loss:1.0079, val_auc:0.7639, val_ap: 0.8208
2023-04-22 14:30:16,541 - Epoch:044, train_loss:1.0204, val_auc:0.7639, val_ap: 0.8208
2023-04-22 14:30:16,850 - Epoch:045, train_loss:1.0674, val_auc:0.7431, val_ap: 0.8080
2023-04-22 14:30:17,155 - Epoch:046, train_loss:0.8883, val_auc:0.7431, val_ap: 0.8080
2023-04-22 14:30:17,464 - Epoch:047, train_loss:0.9426, val_auc:0.7431, val_ap: 0.8080
2023-04-22 14:30:17,769 - Epoch:048, train_loss:1.0831, val_auc:0.7431, val_ap: 0.8080
2023-04-22 14:30:18,078 - Epoch:049, train_loss:0.9065, val_auc:0.7431, val_ap: 0.7960
2023-04-22 14:30:18,390 - Epoch:050, train_loss:0.8997, val_auc:0.7569, val_ap: 0.8069
2023-04-22 14:30:18,695 - Epoch:051, train_loss:1.0177, val_auc:0.7639, val_ap: 0.8208
2023-04-22 14:30:19,004 - Epoch:052, train_loss:0.9719, val_auc:0.7639, val_ap: 0.8208
2023-04-22 14:30:19,308 - Epoch:053, train_loss:0.9330, val_auc:0.7639, val_ap: 0.8208
2023-04-22 14:30:19,617 - Epoch:054, train_loss:0.9756, val_auc:0.7639, val_ap: 0.8184
2023-04-22 14:30:19,927 - Epoch:055, train_loss:0.8841, val_auc:0.7431, val_ap: 0.8122
2023-04-22 14:30:20,234 - Epoch:056, train_loss:0.8435, val_auc:0.7361, val_ap: 0.8102
2023-04-22 14:30:20,543 - Epoch:057, train_loss:0.8809, val_auc:0.7431, val_ap: 0.8162
2023-04-22 14:30:20,848 - Epoch:058, train_loss:0.9486, val_auc:0.7431, val_ap: 0.8162
2023-04-22 14:30:21,158 - Epoch:059, train_loss:0.9368, val_auc:0.7500, val_ap: 0.8110
2023-04-22 14:30:21,469 - Epoch:060, train_loss:0.8975, val_auc:0.7431, val_ap: 0.8050
2023-04-22 14:30:21,774 - Epoch:061, train_loss:0.9793, val_auc:0.7431, val_ap: 0.8003
2023-04-22 14:30:22,085 - Epoch:062, train_loss:0.9461, val_auc:0.7569, val_ap: 0.8129
2023-04-22 14:30:22,396 - Epoch:063, train_loss:1.0157, val_auc:0.7708, val_ap: 0.8266
2023-04-22 14:30:22,706 - Epoch:064, train_loss:0.9219, val_auc:0.7917, val_ap: 0.8447
2023-04-22 14:30:23,011 - Epoch:065, train_loss:0.8954, val_auc:0.8056, val_ap: 0.8498
2023-04-22 14:30:23,321 - Epoch:066, train_loss:0.8977, val_auc:0.8056, val_ap: 0.8498
2023-04-22 14:30:23,633 - Epoch:067, train_loss:0.9706, val_auc:0.7708, val_ap: 0.8287
2023-04-22 14:30:23,937 - Epoch:068, train_loss:0.8671, val_auc:0.7569, val_ap: 0.8219
2023-04-22 14:30:24,247 - Epoch:069, train_loss:0.9164, val_auc:0.7569, val_ap: 0.8162
2023-04-22 14:30:24,551 - Epoch:070, train_loss:0.9356, val_auc:0.7569, val_ap: 0.8196
2023-04-22 14:30:24,861 - Epoch:071, train_loss:0.9365, val_auc:0.7639, val_ap: 0.8244
2023-04-22 14:30:25,165 - Epoch:072, train_loss:0.8964, val_auc:0.7639, val_ap: 0.8244
2023-04-22 14:30:25,475 - Epoch:073, train_loss:0.8786, val_auc:0.7639, val_ap: 0.8236
2023-04-22 14:30:25,779 - Epoch:074, train_loss:0.8445, val_auc:0.7708, val_ap: 0.8284
2023-04-22 14:30:26,089 - Epoch:075, train_loss:0.9645, val_auc:0.7847, val_ap: 0.8542
2023-04-22 14:30:26,400 - Epoch:076, train_loss:0.9706, val_auc:0.7847, val_ap: 0.8542
2023-04-22 14:30:26,705 - Epoch:077, train_loss:0.8480, val_auc:0.7778, val_ap: 0.8494
2023-04-22 14:30:27,015 - Epoch:078, train_loss:0.9220, val_auc:0.7708, val_ap: 0.8383
2023-04-22 14:30:27,326 - Epoch:079, train_loss:0.8461, val_auc:0.7500, val_ap: 0.8299
2023-04-22 14:30:27,631 - Epoch:080, train_loss:0.9230, val_auc:0.7500, val_ap: 0.8299
2023-04-22 14:30:27,940 - Epoch:081, train_loss:0.9491, val_auc:0.7431, val_ap: 0.8160
2023-04-22 14:30:28,244 - Epoch:082, train_loss:0.9214, val_auc:0.7431, val_ap: 0.8160
2023-04-22 14:30:28,554 - Epoch:083, train_loss:0.8743, val_auc:0.7500, val_ap: 0.8178
2023-04-22 14:30:28,858 - Epoch:084, train_loss:0.9242, val_auc:0.7778, val_ap: 0.8382
2023-04-22 14:30:29,168 - Epoch:085, train_loss:0.9424, val_auc:0.7917, val_ap: 0.8439
2023-04-22 14:30:29,472 - Epoch:086, train_loss:0.9020, val_auc:0.7778, val_ap: 0.8406
2023-04-22 14:30:29,782 - Epoch:087, train_loss:0.8057, val_auc:0.7639, val_ap: 0.8365
2023-04-22 14:30:30,093 - Epoch:088, train_loss:0.8596, val_auc:0.7569, val_ap: 0.8347
2023-04-22 14:30:30,398 - Epoch:089, train_loss:0.8489, val_auc:0.7569, val_ap: 0.8347
2023-04-22 14:30:30,708 - Epoch:090, train_loss:0.9329, val_auc:0.7569, val_ap: 0.8347
2023-04-22 14:30:31,012 - Epoch:091, train_loss:0.8421, val_auc:0.7569, val_ap: 0.8347
2023-04-22 14:30:31,322 - Epoch:092, train_loss:0.9148, val_auc:0.7708, val_ap: 0.8405
2023-04-22 14:30:31,633 - Epoch:093, train_loss:0.8703, val_auc:0.7778, val_ap: 0.8425
2023-04-22 14:30:31,938 - Epoch:094, train_loss:0.9160, val_auc:0.8056, val_ap: 0.8528
2023-04-22 14:30:32,248 - Epoch:095, train_loss:0.8490, val_auc:0.7917, val_ap: 0.8371
2023-04-22 14:30:32,552 - Epoch:096, train_loss:0.8531, val_auc:0.7778, val_ap: 0.8310
2023-04-22 14:30:32,862 - Epoch:097, train_loss:0.8591, val_auc:0.7431, val_ap: 0.8190
2023-04-22 14:30:33,173 - Epoch:098, train_loss:0.8749, val_auc:0.7500, val_ap: 0.8230
2023-04-22 14:30:33,478 - Epoch:099, train_loss:0.9154, val_auc:0.7569, val_ap: 0.8369
2023-04-22 14:30:33,787 - Epoch:100, train_loss:0.9835, val_auc:0.7569, val_ap: 0.8369
2023-04-22 14:30:34,092 - Epoch:101, train_loss:0.9239, val_auc:0.7500, val_ap: 0.8295
2023-04-22 14:30:34,401 - Epoch:102, train_loss:0.9399, val_auc:0.7569, val_ap: 0.8369
2023-04-22 14:30:34,713 - Epoch:103, train_loss:0.8778, val_auc:0.7708, val_ap: 0.8407
2023-04-22 14:30:35,018 - Epoch:104, train_loss:0.8406, val_auc:0.7778, val_ap: 0.8440
2023-04-22 14:30:35,328 - Epoch:105, train_loss:0.9163, val_auc:0.7708, val_ap: 0.8405
2023-04-22 14:30:35,639 - Epoch:106, train_loss:0.7673, val_auc:0.7500, val_ap: 0.8323
2023-04-22 14:30:35,944 - Epoch:107, train_loss:0.8823, val_auc:0.7500, val_ap: 0.8323
2023-04-22 14:30:36,254 - Epoch:108, train_loss:0.8627, val_auc:0.7500, val_ap: 0.8373
2023-04-22 14:30:36,558 - Epoch:109, train_loss:0.8551, val_auc:0.7569, val_ap: 0.8397
2023-04-22 14:30:36,868 - Epoch:110, train_loss:0.8762, val_auc:0.7639, val_ap: 0.8424
2023-04-22 14:30:37,179 - Epoch:111, train_loss:0.8413, val_auc:0.7708, val_ap: 0.8443
2023-04-22 14:30:37,490 - Epoch:112, train_loss:0.8769, val_auc:0.7778, val_ap: 0.8473
2023-04-22 14:30:37,796 - Epoch:113, train_loss:0.8775, val_auc:0.7847, val_ap: 0.8445
2023-04-22 14:30:38,106 - Epoch:114, train_loss:0.8959, val_auc:0.7847, val_ap: 0.8445
2023-04-22 14:30:38,417 - Epoch:115, train_loss:0.8602, val_auc:0.7639, val_ap: 0.8415
2023-04-22 14:30:38,721 - Epoch:116, train_loss:0.8505, val_auc:0.7708, val_ap: 0.8435
2023-04-22 14:30:39,031 - Epoch:117, train_loss:0.8256, val_auc:0.7778, val_ap: 0.8457
2023-04-22 14:30:39,336 - Epoch:118, train_loss:0.8532, val_auc:0.7569, val_ap: 0.8272
2023-04-22 14:30:39,646 - Epoch:119, train_loss:0.8339, val_auc:0.7431, val_ap: 0.8230
2023-04-22 14:30:39,957 - Epoch:120, train_loss:0.8407, val_auc:0.7431, val_ap: 0.8230
2023-04-22 14:30:40,262 - Epoch:121, train_loss:0.8574, val_auc:0.7500, val_ap: 0.8252
2023-04-22 14:30:40,572 - Epoch:122, train_loss:0.9022, val_auc:0.7569, val_ap: 0.8276
2023-04-22 14:30:40,883 - Epoch:123, train_loss:0.8743, val_auc:0.7639, val_ap: 0.8304
2023-04-22 14:30:41,195 - Epoch:124, train_loss:0.7905, val_auc:0.7778, val_ap: 0.8345
2023-04-22 14:30:41,500 - Epoch:125, train_loss:0.8434, val_auc:0.7847, val_ap: 0.8365
2023-04-22 14:30:41,810 - Epoch:126, train_loss:0.8543, val_auc:0.7847, val_ap: 0.8369
2023-04-22 14:30:42,114 - Epoch:127, train_loss:0.8355, val_auc:0.7778, val_ap: 0.8342
2023-04-22 14:30:42,423 - Epoch:128, train_loss:0.8240, val_auc:0.7778, val_ap: 0.8345
2023-04-22 14:30:42,728 - Epoch:129, train_loss:0.8553, val_auc:0.7708, val_ap: 0.8323
2023-04-22 14:30:43,038 - Epoch:130, train_loss:0.8632, val_auc:0.7708, val_ap: 0.8334
2023-04-22 14:30:43,342 - Epoch:131, train_loss:0.8133, val_auc:0.7778, val_ap: 0.8369
2023-04-22 14:30:43,651 - Epoch:132, train_loss:0.8491, val_auc:0.7778, val_ap: 0.8369
2023-04-22 14:30:43,956 - Epoch:133, train_loss:0.8676, val_auc:0.7778, val_ap: 0.8369
2023-04-22 14:30:44,265 - Epoch:134, train_loss:0.7990, val_auc:0.7708, val_ap: 0.8334
2023-04-22 14:30:44,569 - Epoch:135, train_loss:0.8424, val_auc:0.7639, val_ap: 0.8304
2023-04-22 14:30:44,879 - Epoch:136, train_loss:0.8406, val_auc:0.7847, val_ap: 0.8376
2023-04-22 14:30:45,184 - Epoch:137, train_loss:0.7912, val_auc:0.7986, val_ap: 0.8427
2023-04-22 14:30:45,493 - Epoch:138, train_loss:0.8418, val_auc:0.7917, val_ap: 0.8400
2023-04-22 14:30:45,798 - Epoch:139, train_loss:0.8292, val_auc:0.7778, val_ap: 0.8342
2023-04-22 14:30:46,107 - Epoch:140, train_loss:0.8989, val_auc:0.7778, val_ap: 0.8338
2023-04-22 14:30:46,420 - Epoch:141, train_loss:0.8237, val_auc:0.7708, val_ap: 0.8316
2023-04-22 14:30:46,731 - Epoch:142, train_loss:0.8251, val_auc:0.7708, val_ap: 0.8316
2023-04-22 14:30:47,036 - Epoch:143, train_loss:0.8435, val_auc:0.7639, val_ap: 0.8292
2023-04-22 14:30:47,346 - Epoch:144, train_loss:0.8306, val_auc:0.7708, val_ap: 0.8316
2023-04-22 14:30:47,650 - Epoch:145, train_loss:0.8572, val_auc:0.7708, val_ap: 0.8316
2023-04-22 14:30:47,960 - Epoch:146, train_loss:0.8538, val_auc:0.7708, val_ap: 0.8316
2023-04-22 14:30:48,264 - Epoch:147, train_loss:0.8405, val_auc:0.7569, val_ap: 0.8270
2023-04-22 14:30:48,574 - Epoch:148, train_loss:0.8136, val_auc:0.7569, val_ap: 0.8270
2023-04-22 14:30:48,878 - Epoch:149, train_loss:0.9214, val_auc:0.7569, val_ap: 0.8270
2023-04-22 14:30:49,188 - Epoch:150, train_loss:0.8400, val_auc:0.7569, val_ap: 0.8270
2023-04-22 14:30:49,500 - Epoch:151, train_loss:0.9037, val_auc:0.7708, val_ap: 0.8313
2023-04-22 14:30:49,804 - Epoch:152, train_loss:0.8784, val_auc:0.7778, val_ap: 0.8338
2023-04-22 14:30:50,114 - Epoch:153, train_loss:0.8694, val_auc:0.7986, val_ap: 0.8420
2023-04-22 14:30:50,425 - Epoch:154, train_loss:0.7978, val_auc:0.8194, val_ap: 0.8540
2023-04-22 14:30:50,730 - Epoch:155, train_loss:0.8445, val_auc:0.8264, val_ap: 0.8567
2023-04-22 14:30:51,040 - Epoch:156, train_loss:0.8356, val_auc:0.7986, val_ap: 0.8416
2023-04-22 14:30:51,344 - Epoch:157, train_loss:0.8952, val_auc:0.7500, val_ap: 0.8254
2023-04-22 14:30:51,653 - Epoch:158, train_loss:0.7858, val_auc:0.7500, val_ap: 0.8254
2023-04-22 14:30:51,958 - Epoch:159, train_loss:0.8710, val_auc:0.7569, val_ap: 0.8278
2023-04-22 14:30:52,268 - Epoch:160, train_loss:0.8307, val_auc:0.7639, val_ap: 0.8305
2023-04-22 14:30:52,579 - Epoch:161, train_loss:0.8075, val_auc:0.7569, val_ap: 0.8276
2023-04-22 14:30:52,884 - Epoch:162, train_loss:0.8666, val_auc:0.7569, val_ap: 0.8276
2023-04-22 14:30:53,194 - Epoch:163, train_loss:0.9166, val_auc:0.7569, val_ap: 0.8276
2023-04-22 14:30:53,505 - Epoch:164, train_loss:0.8397, val_auc:0.7500, val_ap: 0.8207
2023-04-22 14:30:53,810 - Epoch:165, train_loss:0.8485, val_auc:0.7500, val_ap: 0.8151
2023-04-22 14:30:54,120 - Epoch:166, train_loss:0.8639, val_auc:0.7431, val_ap: 0.8186
2023-04-22 14:30:54,424 - Epoch:167, train_loss:0.8647, val_auc:0.7431, val_ap: 0.8186
2023-04-22 14:30:54,734 - Epoch:168, train_loss:0.8893, val_auc:0.7500, val_ap: 0.8207
2023-04-22 14:30:55,046 - Epoch:169, train_loss:0.8388, val_auc:0.7917, val_ap: 0.8409
2023-04-22 14:30:55,351 - Epoch:170, train_loss:0.8204, val_auc:0.8403, val_ap: 0.8684
2023-04-22 14:30:55,661 - Epoch:171, train_loss:0.8577, val_auc:0.8403, val_ap: 0.8684
2023-04-22 14:30:55,972 - Epoch:172, train_loss:0.8387, val_auc:0.8056, val_ap: 0.8440
2023-04-22 14:30:56,277 - Epoch:173, train_loss:0.8511, val_auc:0.7917, val_ap: 0.8389
2023-04-22 14:30:56,587 - Epoch:174, train_loss:0.8283, val_auc:0.7569, val_ap: 0.8209
2023-04-22 14:30:56,898 - Epoch:175, train_loss:0.8432, val_auc:0.7500, val_ap: 0.8217
2023-04-22 14:30:57,203 - Epoch:176, train_loss:0.8419, val_auc:0.7431, val_ap: 0.8190
2023-04-22 14:30:57,512 - Epoch:177, train_loss:0.8948, val_auc:0.7500, val_ap: 0.8217
2023-04-22 14:30:57,817 - Epoch:178, train_loss:0.7997, val_auc:0.7708, val_ap: 0.8294
2023-04-22 14:30:58,126 - Epoch:179, train_loss:0.8354, val_auc:0.7986, val_ap: 0.8463
2023-04-22 14:30:58,431 - Epoch:180, train_loss:0.8395, val_auc:0.8194, val_ap: 0.8544
2023-04-22 14:30:58,741 - Epoch:181, train_loss:0.8438, val_auc:0.8194, val_ap: 0.8461
2023-04-22 14:30:59,052 - Epoch:182, train_loss:0.8560, val_auc:0.8333, val_ap: 0.8555
2023-04-22 14:30:59,357 - Epoch:183, train_loss:0.7837, val_auc:0.8403, val_ap: 0.8660
2023-04-22 14:30:59,667 - Epoch:184, train_loss:0.8866, val_auc:0.8194, val_ap: 0.8524
2023-04-22 14:30:59,978 - Epoch:185, train_loss:0.8336, val_auc:0.7639, val_ap: 0.8216
2023-04-22 14:31:00,283 - Epoch:186, train_loss:0.8300, val_auc:0.7431, val_ap: 0.8136
2023-04-22 14:31:00,593 - Epoch:187, train_loss:0.8299, val_auc:0.7292, val_ap: 0.8035
2023-04-22 14:31:00,897 - Epoch:188, train_loss:0.8350, val_auc:0.7292, val_ap: 0.8035
2023-04-22 14:31:01,208 - Epoch:189, train_loss:0.8377, val_auc:0.7500, val_ap: 0.8128
2023-04-22 14:31:01,519 - Epoch:190, train_loss:0.8252, val_auc:0.7778, val_ap: 0.8347
2023-04-22 14:31:01,823 - Epoch:191, train_loss:0.8883, val_auc:0.7847, val_ap: 0.8422
2023-04-22 14:31:02,133 - Epoch:192, train_loss:0.8454, val_auc:0.8125, val_ap: 0.8514
2023-04-22 14:31:02,438 - Epoch:193, train_loss:0.8337, val_auc:0.8264, val_ap: 0.8593
2023-04-22 14:31:02,747 - Epoch:194, train_loss:0.8471, val_auc:0.8194, val_ap: 0.8531
2023-04-22 14:31:03,059 - Epoch:195, train_loss:0.8377, val_auc:0.7986, val_ap: 0.8427
2023-04-22 14:31:03,364 - Epoch:196, train_loss:0.8270, val_auc:0.7847, val_ap: 0.8410
2023-04-22 14:31:03,674 - Epoch:197, train_loss:0.8693, val_auc:0.7847, val_ap: 0.8436
2023-04-22 14:31:03,978 - Epoch:198, train_loss:0.8826, val_auc:0.7778, val_ap: 0.8391
2023-04-22 14:31:04,287 - Epoch:199, train_loss:0.8281, val_auc:0.7639, val_ap: 0.8316
2023-04-22 14:31:04,289 - final results:
2023-04-22 14:31:04,289 - ====================================================================================
2023-04-22 14:31:04,290 - AUC:0.7573+-0.0586 [0.7378472222222222, 0.8090277777777778, 0.7881944444444445, 0.6510416666666667, 0.8003472222222222]
2023-04-22 14:31:04,290 - AP:0.7871+-0.0606 [0.7877175438677371, 0.8250451557571002, 0.8263468047444688, 0.6697148188685796, 0.8268728170473697]
