2023-04-22 15:05:56,808 - args: Namespace(dataset='Photo', datapath='../dataset', log_dir='logs/', name='debug', epoch=200, model_lr=0.01, mi_lr=0.003, alpha=0.01, k=5, x_dim=64, mi_iter=5, routit=3, val_frac=0.05, test_frac=0.15, dropout=0, model='GAE', mi_est='CLUBSample', gpu=-1, trails=5, seed=-1, verbose=1, argv=['/home/dell/zxj/VGDAE_TNNLS_1/VGDAE/Updata/other_dataset/DGAE/main_vgae_c.py'], device=device(type='cuda', index=1))
2023-04-22 15:06:01,466 - Epoch:000, train_loss:5.0088, val_auc:0.9436, val_ap: 0.9382, text_auc:0.9445, text_ap: 0.9361
2023-04-22 15:06:02,231 - Epoch:001, train_loss:4.9148, val_auc:0.9458, val_ap: 0.9392, text_auc:0.9461, text_ap: 0.9370
2023-04-22 15:06:02,899 - Epoch:002, train_loss:4.4762, val_auc:0.9465, val_ap: 0.9393, text_auc:0.9464, text_ap: 0.9368
2023-04-22 15:06:03,681 - Epoch:003, train_loss:4.5048, val_auc:0.9439, val_ap: 0.9360
2023-04-22 15:06:04,497 - Epoch:004, train_loss:4.2900, val_auc:0.9438, val_ap: 0.9357
2023-04-22 15:06:05,324 - Epoch:005, train_loss:4.0129, val_auc:0.9458, val_ap: 0.9370
2023-04-22 15:06:06,208 - Epoch:006, train_loss:3.3414, val_auc:0.9456, val_ap: 0.9374
2023-04-22 15:06:07,025 - Epoch:007, train_loss:2.9855, val_auc:0.9461, val_ap: 0.9382
2023-04-22 15:06:07,923 - Epoch:008, train_loss:2.8145, val_auc:0.9465, val_ap: 0.9387
2023-04-22 15:06:08,707 - Epoch:009, train_loss:2.5127, val_auc:0.9465, val_ap: 0.9383
2023-04-22 15:06:09,630 - Epoch:010, train_loss:2.2696, val_auc:0.9454, val_ap: 0.9374
2023-04-22 15:06:10,363 - Epoch:011, train_loss:2.0881, val_auc:0.9445, val_ap: 0.9367
2023-04-22 15:06:11,296 - Epoch:012, train_loss:2.0021, val_auc:0.9443, val_ap: 0.9367
2023-04-22 15:06:12,039 - Epoch:013, train_loss:1.9489, val_auc:0.9438, val_ap: 0.9365
2023-04-22 15:06:12,958 - Epoch:014, train_loss:1.8622, val_auc:0.9432, val_ap: 0.9362
2023-04-22 15:06:13,728 - Epoch:015, train_loss:1.7640, val_auc:0.9435, val_ap: 0.9365
2023-04-22 15:06:14,645 - Epoch:016, train_loss:1.6972, val_auc:0.9440, val_ap: 0.9370
2023-04-22 15:06:15,407 - Epoch:017, train_loss:1.6738, val_auc:0.9441, val_ap: 0.9373
2023-04-22 15:06:16,325 - Epoch:018, train_loss:1.6646, val_auc:0.9439, val_ap: 0.9373
2023-04-22 15:06:17,083 - Epoch:019, train_loss:1.6457, val_auc:0.9430, val_ap: 0.9366
2023-04-22 15:06:18,005 - Epoch:020, train_loss:1.5880, val_auc:0.9424, val_ap: 0.9360
2023-04-22 15:06:18,726 - Epoch:021, train_loss:1.5739, val_auc:0.9422, val_ap: 0.9357
2023-04-22 15:06:19,658 - Epoch:022, train_loss:1.5783, val_auc:0.9420, val_ap: 0.9354
2023-04-22 15:06:20,421 - Epoch:023, train_loss:1.5620, val_auc:0.9416, val_ap: 0.9353
2023-04-22 15:06:21,329 - Epoch:024, train_loss:1.5460, val_auc:0.9416, val_ap: 0.9354
2023-04-22 15:06:22,067 - Epoch:025, train_loss:1.5214, val_auc:0.9421, val_ap: 0.9359
2023-04-22 15:06:22,991 - Epoch:026, train_loss:1.5232, val_auc:0.9427, val_ap: 0.9364
2023-04-22 15:06:23,743 - Epoch:027, train_loss:1.5110, val_auc:0.9430, val_ap: 0.9366
2023-04-22 15:06:24,665 - Epoch:028, train_loss:1.5138, val_auc:0.9431, val_ap: 0.9367
2023-04-22 15:06:25,400 - Epoch:029, train_loss:1.4959, val_auc:0.9430, val_ap: 0.9365
2023-04-22 15:06:26,320 - Epoch:030, train_loss:1.4870, val_auc:0.9425, val_ap: 0.9362
2023-04-22 15:06:27,038 - Epoch:031, train_loss:1.4813, val_auc:0.9419, val_ap: 0.9359
2023-04-22 15:06:27,945 - Epoch:032, train_loss:1.4795, val_auc:0.9418, val_ap: 0.9360
2023-04-22 15:06:28,638 - Epoch:033, train_loss:1.4811, val_auc:0.9420, val_ap: 0.9363
2023-04-22 15:06:29,559 - Epoch:034, train_loss:1.4631, val_auc:0.9422, val_ap: 0.9367
2023-04-22 15:06:30,235 - Epoch:035, train_loss:1.4510, val_auc:0.9426, val_ap: 0.9372
2023-04-22 15:06:31,148 - Epoch:036, train_loss:1.4603, val_auc:0.9429, val_ap: 0.9375
2023-04-22 15:06:31,859 - Epoch:037, train_loss:1.4515, val_auc:0.9429, val_ap: 0.9375
2023-04-22 15:06:32,775 - Epoch:038, train_loss:1.4536, val_auc:0.9427, val_ap: 0.9374
2023-04-22 15:06:33,449 - Epoch:039, train_loss:1.4359, val_auc:0.9425, val_ap: 0.9372
2023-04-22 15:06:34,353 - Epoch:040, train_loss:1.4414, val_auc:0.9425, val_ap: 0.9372
2023-04-22 15:06:35,050 - Epoch:041, train_loss:1.4295, val_auc:0.9428, val_ap: 0.9375
2023-04-22 15:06:35,960 - Epoch:042, train_loss:1.4289, val_auc:0.9430, val_ap: 0.9378
2023-04-22 15:06:36,649 - Epoch:043, train_loss:1.4233, val_auc:0.9432, val_ap: 0.9380
2023-04-22 15:06:37,542 - Epoch:044, train_loss:1.4193, val_auc:0.9435, val_ap: 0.9383
2023-04-22 15:06:38,241 - Epoch:045, train_loss:1.4163, val_auc:0.9438, val_ap: 0.9386
2023-04-22 15:06:39,143 - Epoch:046, train_loss:1.4133, val_auc:0.9438, val_ap: 0.9387
2023-04-22 15:06:39,829 - Epoch:047, train_loss:1.4145, val_auc:0.9435, val_ap: 0.9385
2023-04-22 15:06:40,737 - Epoch:048, train_loss:1.4007, val_auc:0.9434, val_ap: 0.9386
2023-04-22 15:06:41,419 - Epoch:049, train_loss:1.4039, val_auc:0.9437, val_ap: 0.9388
2023-04-22 15:06:42,338 - Epoch:050, train_loss:1.3984, val_auc:0.9440, val_ap: 0.9392
2023-04-22 15:06:43,034 - Epoch:051, train_loss:1.3917, val_auc:0.9441, val_ap: 0.9394
2023-04-22 15:06:43,945 - Epoch:052, train_loss:1.3846, val_auc:0.9440, val_ap: 0.9395
2023-04-22 15:06:44,692 - Epoch:053, train_loss:1.3768, val_auc:0.9440, val_ap: 0.9395
2023-04-22 15:06:45,597 - Epoch:054, train_loss:1.3798, val_auc:0.9442, val_ap: 0.9397
2023-04-22 15:06:46,324 - Epoch:055, train_loss:1.3840, val_auc:0.9444, val_ap: 0.9399
2023-04-22 15:06:47,228 - Epoch:056, train_loss:1.3589, val_auc:0.9443, val_ap: 0.9399
2023-04-22 15:06:47,957 - Epoch:057, train_loss:1.3571, val_auc:0.9443, val_ap: 0.9399
2023-04-22 15:06:48,868 - Epoch:058, train_loss:1.3576, val_auc:0.9445, val_ap: 0.9400
2023-04-22 15:06:49,568 - Epoch:059, train_loss:1.3577, val_auc:0.9450, val_ap: 0.9404
2023-04-22 15:06:50,475 - Epoch:060, train_loss:1.3634, val_auc:0.9452, val_ap: 0.9406
2023-04-22 15:06:51,195 - Epoch:061, train_loss:1.3544, val_auc:0.9450, val_ap: 0.9405
2023-04-22 15:06:52,139 - Epoch:062, train_loss:1.3467, val_auc:0.9449, val_ap: 0.9405
2023-04-22 15:06:52,874 - Epoch:063, train_loss:1.3434, val_auc:0.9449, val_ap: 0.9406
2023-04-22 15:06:53,832 - Epoch:064, train_loss:1.3417, val_auc:0.9451, val_ap: 0.9408, text_auc:0.9439, text_ap: 0.9390
2023-04-22 15:06:54,635 - Epoch:065, train_loss:1.3285, val_auc:0.9453, val_ap: 0.9410, text_auc:0.9442, text_ap: 0.9392
2023-04-22 15:06:55,536 - Epoch:066, train_loss:1.3266, val_auc:0.9456, val_ap: 0.9411, text_auc:0.9444, text_ap: 0.9393
2023-04-22 15:06:56,336 - Epoch:067, train_loss:1.3177, val_auc:0.9455, val_ap: 0.9411
2023-04-22 15:06:57,175 - Epoch:068, train_loss:1.3121, val_auc:0.9452, val_ap: 0.9409
2023-04-22 15:06:57,965 - Epoch:069, train_loss:1.3120, val_auc:0.9454, val_ap: 0.9411
2023-04-22 15:06:58,860 - Epoch:070, train_loss:1.3157, val_auc:0.9460, val_ap: 0.9415, text_auc:0.9448, text_ap: 0.9397
2023-04-22 15:06:59,658 - Epoch:071, train_loss:1.3033, val_auc:0.9463, val_ap: 0.9417, text_auc:0.9451, text_ap: 0.9399
2023-04-22 15:07:00,423 - Epoch:072, train_loss:1.2940, val_auc:0.9461, val_ap: 0.9416
2023-04-22 15:07:01,184 - Epoch:073, train_loss:1.2982, val_auc:0.9458, val_ap: 0.9413
2023-04-22 15:07:01,966 - Epoch:074, train_loss:1.2957, val_auc:0.9459, val_ap: 0.9414
2023-04-22 15:07:02,697 - Epoch:075, train_loss:1.2891, val_auc:0.9461, val_ap: 0.9415
2023-04-22 15:07:03,465 - Epoch:076, train_loss:1.2765, val_auc:0.9463, val_ap: 0.9416
2023-04-22 15:07:04,149 - Epoch:077, train_loss:1.2751, val_auc:0.9460, val_ap: 0.9414
2023-04-22 15:07:04,950 - Epoch:078, train_loss:1.2683, val_auc:0.9458, val_ap: 0.9413
2023-04-22 15:07:05,617 - Epoch:079, train_loss:1.2612, val_auc:0.9460, val_ap: 0.9414
2023-04-22 15:07:06,451 - Epoch:080, train_loss:1.2656, val_auc:0.9464, val_ap: 0.9417, text_auc:0.9453, text_ap: 0.9400
2023-04-22 15:07:07,176 - Epoch:081, train_loss:1.2632, val_auc:0.9466, val_ap: 0.9418, text_auc:0.9456, text_ap: 0.9401
2023-04-22 15:07:07,935 - Epoch:082, train_loss:1.2488, val_auc:0.9464, val_ap: 0.9416
2023-04-22 15:07:08,644 - Epoch:083, train_loss:1.2491, val_auc:0.9461, val_ap: 0.9412
2023-04-22 15:07:09,420 - Epoch:084, train_loss:1.2420, val_auc:0.9465, val_ap: 0.9415
2023-04-22 15:07:10,109 - Epoch:085, train_loss:1.2490, val_auc:0.9468, val_ap: 0.9417, text_auc:0.9458, text_ap: 0.9401
2023-04-22 15:07:10,892 - Epoch:086, train_loss:1.2362, val_auc:0.9465, val_ap: 0.9414
2023-04-22 15:07:11,564 - Epoch:087, train_loss:1.2278, val_auc:0.9462, val_ap: 0.9411
2023-04-22 15:07:12,361 - Epoch:088, train_loss:1.2245, val_auc:0.9466, val_ap: 0.9414
2023-04-22 15:07:13,051 - Epoch:089, train_loss:1.2183, val_auc:0.9467, val_ap: 0.9414
2023-04-22 15:07:13,852 - Epoch:090, train_loss:1.2216, val_auc:0.9465, val_ap: 0.9412
2023-04-22 15:07:14,568 - Epoch:091, train_loss:1.2152, val_auc:0.9466, val_ap: 0.9412
2023-04-22 15:07:15,342 - Epoch:092, train_loss:1.2032, val_auc:0.9467, val_ap: 0.9412
2023-04-22 15:07:16,017 - Epoch:093, train_loss:1.2083, val_auc:0.9466, val_ap: 0.9411
2023-04-22 15:07:16,810 - Epoch:094, train_loss:1.2096, val_auc:0.9466, val_ap: 0.9410
2023-04-22 15:07:17,461 - Epoch:095, train_loss:1.2109, val_auc:0.9467, val_ap: 0.9410
2023-04-22 15:07:18,279 - Epoch:096, train_loss:1.2017, val_auc:0.9469, val_ap: 0.9411
2023-04-22 15:07:18,954 - Epoch:097, train_loss:1.1938, val_auc:0.9466, val_ap: 0.9409
2023-04-22 15:07:19,739 - Epoch:098, train_loss:1.1958, val_auc:0.9467, val_ap: 0.9409
2023-04-22 15:07:20,362 - Epoch:099, train_loss:1.1856, val_auc:0.9469, val_ap: 0.9410
2023-04-22 15:07:21,168 - Epoch:100, train_loss:1.1858, val_auc:0.9469, val_ap: 0.9410
2023-04-22 15:07:21,905 - Epoch:101, train_loss:1.1892, val_auc:0.9470, val_ap: 0.9410
2023-04-22 15:07:22,693 - Epoch:102, train_loss:1.1850, val_auc:0.9469, val_ap: 0.9408
2023-04-22 15:07:23,365 - Epoch:103, train_loss:1.1793, val_auc:0.9468, val_ap: 0.9408
2023-04-22 15:07:24,190 - Epoch:104, train_loss:1.1746, val_auc:0.9473, val_ap: 0.9413, text_auc:0.9465, text_ap: 0.9401
2023-04-22 15:07:24,884 - Epoch:105, train_loss:1.1727, val_auc:0.9471, val_ap: 0.9411
2023-04-22 15:07:25,680 - Epoch:106, train_loss:1.1751, val_auc:0.9473, val_ap: 0.9413, text_auc:0.9465, text_ap: 0.9401
2023-04-22 15:07:26,419 - Epoch:107, train_loss:1.1731, val_auc:0.9473, val_ap: 0.9413
2023-04-22 15:07:27,123 - Epoch:108, train_loss:1.1651, val_auc:0.9472, val_ap: 0.9411
2023-04-22 15:07:27,880 - Epoch:109, train_loss:1.1660, val_auc:0.9472, val_ap: 0.9411
2023-04-22 15:07:28,637 - Epoch:110, train_loss:1.1639, val_auc:0.9475, val_ap: 0.9414, text_auc:0.9467, text_ap: 0.9403
2023-04-22 15:07:29,452 - Epoch:111, train_loss:1.1564, val_auc:0.9480, val_ap: 0.9418, text_auc:0.9471, text_ap: 0.9407
2023-04-22 15:07:30,109 - Epoch:112, train_loss:1.1532, val_auc:0.9478, val_ap: 0.9417
2023-04-22 15:07:30,960 - Epoch:113, train_loss:1.1618, val_auc:0.9481, val_ap: 0.9420, text_auc:0.9473, text_ap: 0.9408
2023-04-22 15:07:31,611 - Epoch:114, train_loss:1.1527, val_auc:0.9482, val_ap: 0.9420, text_auc:0.9473, text_ap: 0.9408
2023-04-22 15:07:32,444 - Epoch:115, train_loss:1.1525, val_auc:0.9482, val_ap: 0.9421, text_auc:0.9473, text_ap: 0.9409
2023-04-22 15:07:33,036 - Epoch:116, train_loss:1.1498, val_auc:0.9487, val_ap: 0.9425, text_auc:0.9478, text_ap: 0.9413
2023-04-22 15:07:33,860 - Epoch:117, train_loss:1.1519, val_auc:0.9484, val_ap: 0.9423
2023-04-22 15:07:34,457 - Epoch:118, train_loss:1.1470, val_auc:0.9485, val_ap: 0.9424
2023-04-22 15:07:35,313 - Epoch:119, train_loss:1.1420, val_auc:0.9491, val_ap: 0.9430, text_auc:0.9482, text_ap: 0.9417
2023-04-22 15:07:35,923 - Epoch:120, train_loss:1.1442, val_auc:0.9489, val_ap: 0.9428
2023-04-22 15:07:36,830 - Epoch:121, train_loss:1.1395, val_auc:0.9494, val_ap: 0.9433, text_auc:0.9485, text_ap: 0.9420
2023-04-22 15:07:37,535 - Epoch:122, train_loss:1.1422, val_auc:0.9494, val_ap: 0.9433, text_auc:0.9485, text_ap: 0.9420
2023-04-22 15:07:38,374 - Epoch:123, train_loss:1.1356, val_auc:0.9494, val_ap: 0.9433
2023-04-22 15:07:39,124 - Epoch:124, train_loss:1.1367, val_auc:0.9495, val_ap: 0.9434, text_auc:0.9485, text_ap: 0.9421
2023-04-22 15:07:40,012 - Epoch:125, train_loss:1.1432, val_auc:0.9499, val_ap: 0.9438, text_auc:0.9489, text_ap: 0.9424
2023-04-22 15:07:40,678 - Epoch:126, train_loss:1.1365, val_auc:0.9498, val_ap: 0.9438
2023-04-22 15:07:41,501 - Epoch:127, train_loss:1.1353, val_auc:0.9499, val_ap: 0.9439, text_auc:0.9489, text_ap: 0.9425
2023-04-22 15:07:42,251 - Epoch:128, train_loss:1.1333, val_auc:0.9501, val_ap: 0.9440, text_auc:0.9491, text_ap: 0.9427
2023-04-22 15:07:43,007 - Epoch:129, train_loss:1.1286, val_auc:0.9502, val_ap: 0.9441, text_auc:0.9492, text_ap: 0.9427
2023-04-22 15:07:43,805 - Epoch:130, train_loss:1.1308, val_auc:0.9505, val_ap: 0.9444, text_auc:0.9495, text_ap: 0.9430
2023-04-22 15:07:44,469 - Epoch:131, train_loss:1.1207, val_auc:0.9501, val_ap: 0.9442
2023-04-22 15:07:45,214 - Epoch:132, train_loss:1.1329, val_auc:0.9503, val_ap: 0.9443
2023-04-22 15:07:45,922 - Epoch:133, train_loss:1.1259, val_auc:0.9509, val_ap: 0.9448, text_auc:0.9500, text_ap: 0.9435
2023-04-22 15:07:46,688 - Epoch:134, train_loss:1.1233, val_auc:0.9506, val_ap: 0.9445
2023-04-22 15:07:47,381 - Epoch:135, train_loss:1.1207, val_auc:0.9513, val_ap: 0.9451, text_auc:0.9504, text_ap: 0.9438
2023-04-22 15:07:48,173 - Epoch:136, train_loss:1.1279, val_auc:0.9506, val_ap: 0.9446
2023-04-22 15:07:48,787 - Epoch:137, train_loss:1.1174, val_auc:0.9511, val_ap: 0.9450
2023-04-22 15:07:49,617 - Epoch:138, train_loss:1.1215, val_auc:0.9516, val_ap: 0.9455, text_auc:0.9507, text_ap: 0.9442
2023-04-22 15:07:50,175 - Epoch:139, train_loss:1.1173, val_auc:0.9512, val_ap: 0.9452
2023-04-22 15:07:50,945 - Epoch:140, train_loss:1.1190, val_auc:0.9515, val_ap: 0.9454
2023-04-22 15:07:51,515 - Epoch:141, train_loss:1.1184, val_auc:0.9511, val_ap: 0.9452
2023-04-22 15:07:52,337 - Epoch:142, train_loss:1.1185, val_auc:0.9519, val_ap: 0.9458, text_auc:0.9510, text_ap: 0.9445
2023-04-22 15:07:52,903 - Epoch:143, train_loss:1.1196, val_auc:0.9514, val_ap: 0.9455
2023-04-22 15:07:53,758 - Epoch:144, train_loss:1.1159, val_auc:0.9523, val_ap: 0.9462, text_auc:0.9514, text_ap: 0.9448
2023-04-22 15:07:54,350 - Epoch:145, train_loss:1.1127, val_auc:0.9517, val_ap: 0.9458
2023-04-22 15:07:55,220 - Epoch:146, train_loss:1.1175, val_auc:0.9524, val_ap: 0.9463, text_auc:0.9515, text_ap: 0.9450
2023-04-22 15:07:55,848 - Epoch:147, train_loss:1.1131, val_auc:0.9522, val_ap: 0.9462
2023-04-22 15:07:56,693 - Epoch:148, train_loss:1.1101, val_auc:0.9526, val_ap: 0.9466, text_auc:0.9517, text_ap: 0.9452
2023-04-22 15:07:57,338 - Epoch:149, train_loss:1.1119, val_auc:0.9524, val_ap: 0.9465
2023-04-22 15:07:58,183 - Epoch:150, train_loss:1.1080, val_auc:0.9527, val_ap: 0.9467, text_auc:0.9518, text_ap: 0.9453
2023-04-22 15:07:58,781 - Epoch:151, train_loss:1.1098, val_auc:0.9525, val_ap: 0.9466
2023-04-22 15:07:59,589 - Epoch:152, train_loss:1.1130, val_auc:0.9528, val_ap: 0.9468, text_auc:0.9519, text_ap: 0.9454
2023-04-22 15:08:00,246 - Epoch:153, train_loss:1.1086, val_auc:0.9532, val_ap: 0.9472, text_auc:0.9524, text_ap: 0.9459
2023-04-22 15:08:00,989 - Epoch:154, train_loss:1.1043, val_auc:0.9524, val_ap: 0.9466
2023-04-22 15:08:01,637 - Epoch:155, train_loss:1.1132, val_auc:0.9535, val_ap: 0.9475, text_auc:0.9527, text_ap: 0.9462
2023-04-22 15:08:02,383 - Epoch:156, train_loss:1.1080, val_auc:0.9527, val_ap: 0.9470
2023-04-22 15:08:03,030 - Epoch:157, train_loss:1.1112, val_auc:0.9541, val_ap: 0.9480, text_auc:0.9533, text_ap: 0.9467
2023-04-22 15:08:03,779 - Epoch:158, train_loss:1.1003, val_auc:0.9534, val_ap: 0.9475
2023-04-22 15:08:04,365 - Epoch:159, train_loss:1.0979, val_auc:0.9538, val_ap: 0.9479
2023-04-22 15:08:05,134 - Epoch:160, train_loss:1.1041, val_auc:0.9539, val_ap: 0.9480
2023-04-22 15:08:05,777 - Epoch:161, train_loss:1.0995, val_auc:0.9533, val_ap: 0.9475
2023-04-22 15:08:06,597 - Epoch:162, train_loss:1.1004, val_auc:0.9545, val_ap: 0.9484, text_auc:0.9538, text_ap: 0.9472
2023-04-22 15:08:07,230 - Epoch:163, train_loss:1.0992, val_auc:0.9538, val_ap: 0.9479
2023-04-22 15:08:07,973 - Epoch:164, train_loss:1.0920, val_auc:0.9541, val_ap: 0.9482
2023-04-22 15:08:08,587 - Epoch:165, train_loss:1.0937, val_auc:0.9543, val_ap: 0.9484
2023-04-22 15:08:09,342 - Epoch:166, train_loss:1.0981, val_auc:0.9539, val_ap: 0.9481
2023-04-22 15:08:09,993 - Epoch:167, train_loss:1.0948, val_auc:0.9544, val_ap: 0.9485, text_auc:0.9539, text_ap: 0.9474
2023-04-22 15:08:10,756 - Epoch:168, train_loss:1.0927, val_auc:0.9549, val_ap: 0.9490, text_auc:0.9544, text_ap: 0.9478
2023-04-22 15:08:11,412 - Epoch:169, train_loss:1.0926, val_auc:0.9541, val_ap: 0.9482
2023-04-22 15:08:12,156 - Epoch:170, train_loss:1.0898, val_auc:0.9549, val_ap: 0.9490, text_auc:0.9545, text_ap: 0.9479
2023-04-22 15:08:12,821 - Epoch:171, train_loss:1.0879, val_auc:0.9548, val_ap: 0.9489
2023-04-22 15:08:13,541 - Epoch:172, train_loss:1.0846, val_auc:0.9554, val_ap: 0.9494, text_auc:0.9549, text_ap: 0.9483
2023-04-22 15:08:14,233 - Epoch:173, train_loss:1.0888, val_auc:0.9544, val_ap: 0.9487
2023-04-22 15:08:14,915 - Epoch:174, train_loss:1.0884, val_auc:0.9556, val_ap: 0.9496, text_auc:0.9552, text_ap: 0.9485
2023-04-22 15:08:15,625 - Epoch:175, train_loss:1.0858, val_auc:0.9547, val_ap: 0.9490
2023-04-22 15:08:16,244 - Epoch:176, train_loss:1.0903, val_auc:0.9553, val_ap: 0.9495
2023-04-22 15:08:16,956 - Epoch:177, train_loss:1.0889, val_auc:0.9558, val_ap: 0.9498, text_auc:0.9554, text_ap: 0.9487
2023-04-22 15:08:17,586 - Epoch:178, train_loss:1.0848, val_auc:0.9556, val_ap: 0.9498
2023-04-22 15:08:18,264 - Epoch:179, train_loss:1.0893, val_auc:0.9557, val_ap: 0.9498
2023-04-22 15:08:18,917 - Epoch:180, train_loss:1.0855, val_auc:0.9553, val_ap: 0.9495
2023-04-22 15:08:19,597 - Epoch:181, train_loss:1.0926, val_auc:0.9560, val_ap: 0.9502, text_auc:0.9556, text_ap: 0.9490
2023-04-22 15:08:20,256 - Epoch:182, train_loss:1.0847, val_auc:0.9556, val_ap: 0.9498
2023-04-22 15:08:20,934 - Epoch:183, train_loss:1.0894, val_auc:0.9562, val_ap: 0.9503, text_auc:0.9558, text_ap: 0.9491
2023-04-22 15:08:21,600 - Epoch:184, train_loss:1.0891, val_auc:0.9560, val_ap: 0.9502
2023-04-22 15:08:22,276 - Epoch:185, train_loss:1.0909, val_auc:0.9560, val_ap: 0.9503
2023-04-22 15:08:22,936 - Epoch:186, train_loss:1.0862, val_auc:0.9561, val_ap: 0.9504
2023-04-22 15:08:23,634 - Epoch:187, train_loss:1.0812, val_auc:0.9562, val_ap: 0.9505, text_auc:0.9558, text_ap: 0.9492
2023-04-22 15:08:24,344 - Epoch:188, train_loss:1.0841, val_auc:0.9564, val_ap: 0.9507, text_auc:0.9560, text_ap: 0.9494
2023-04-22 15:08:25,078 - Epoch:189, train_loss:1.0833, val_auc:0.9565, val_ap: 0.9507, text_auc:0.9560, text_ap: 0.9494
2023-04-22 15:08:25,699 - Epoch:190, train_loss:1.0859, val_auc:0.9559, val_ap: 0.9503
2023-04-22 15:08:26,466 - Epoch:191, train_loss:1.0830, val_auc:0.9565, val_ap: 0.9508, text_auc:0.9561, text_ap: 0.9494
2023-04-22 15:08:27,025 - Epoch:192, train_loss:1.0812, val_auc:0.9561, val_ap: 0.9505
2023-04-22 15:08:27,746 - Epoch:193, train_loss:1.0805, val_auc:0.9563, val_ap: 0.9507
2023-04-22 15:08:28,304 - Epoch:194, train_loss:1.0808, val_auc:0.9569, val_ap: 0.9512, text_auc:0.9565, text_ap: 0.9498
2023-04-22 15:08:29,039 - Epoch:195, train_loss:1.0816, val_auc:0.9564, val_ap: 0.9508
2023-04-22 15:08:29,610 - Epoch:196, train_loss:1.0811, val_auc:0.9561, val_ap: 0.9506
2023-04-22 15:08:30,386 - Epoch:197, train_loss:1.0795, val_auc:0.9571, val_ap: 0.9513, text_auc:0.9567, text_ap: 0.9499
2023-04-22 15:08:30,946 - Epoch:198, train_loss:1.0760, val_auc:0.9562, val_ap: 0.9508
2023-04-22 15:08:31,731 - Epoch:199, train_loss:1.0815, val_auc:0.9566, val_ap: 0.9508
2023-04-22 15:08:31,733 - final results:
2023-04-22 15:08:31,733 - ====================================================================================
2023-04-22 15:08:31,733 - AUC:0.9567+-0.0000 [0.9567285948138129]
2023-04-22 15:08:31,733 - AP:0.9499+-0.0000 [0.9499049836770043]
2023-04-22 15:08:32,557 - Epoch:000, train_loss:5.0089, val_auc:0.9376, val_ap: 0.9244, text_auc:0.9440, text_ap: 0.9366
2023-04-22 15:08:33,307 - Epoch:001, train_loss:4.9193, val_auc:0.9417, val_ap: 0.9278, text_auc:0.9474, text_ap: 0.9397
2023-04-22 15:08:33,990 - Epoch:002, train_loss:4.4563, val_auc:0.9400, val_ap: 0.9246
2023-04-22 15:08:34,679 - Epoch:003, train_loss:4.5519, val_auc:0.9384, val_ap: 0.9221
2023-04-22 15:08:35,366 - Epoch:004, train_loss:4.4646, val_auc:0.9394, val_ap: 0.9231
2023-04-22 15:08:36,061 - Epoch:005, train_loss:3.9616, val_auc:0.9422, val_ap: 0.9268
2023-04-22 15:08:36,713 - Epoch:006, train_loss:3.8120, val_auc:0.9420, val_ap: 0.9264
2023-04-22 15:08:37,431 - Epoch:007, train_loss:3.5424, val_auc:0.9390, val_ap: 0.9233
2023-04-22 15:08:38,075 - Epoch:008, train_loss:3.1959, val_auc:0.9378, val_ap: 0.9231
2023-04-22 15:08:38,801 - Epoch:009, train_loss:2.9036, val_auc:0.9390, val_ap: 0.9243
2023-04-22 15:08:39,475 - Epoch:010, train_loss:2.3873, val_auc:0.9420, val_ap: 0.9280, text_auc:0.9469, text_ap: 0.9393
2023-04-22 15:08:40,217 - Epoch:011, train_loss:2.4542, val_auc:0.9426, val_ap: 0.9290, text_auc:0.9473, text_ap: 0.9400
2023-04-22 15:08:40,892 - Epoch:012, train_loss:2.2775, val_auc:0.9412, val_ap: 0.9274
2023-04-22 15:08:41,589 - Epoch:013, train_loss:2.0988, val_auc:0.9396, val_ap: 0.9256
2023-04-22 15:08:42,252 - Epoch:014, train_loss:1.9705, val_auc:0.9375, val_ap: 0.9240
2023-04-22 15:08:42,961 - Epoch:015, train_loss:1.8995, val_auc:0.9369, val_ap: 0.9240
2023-04-22 15:08:43,603 - Epoch:016, train_loss:1.8256, val_auc:0.9374, val_ap: 0.9252
2023-04-22 15:08:44,334 - Epoch:017, train_loss:1.7788, val_auc:0.9382, val_ap: 0.9263
2023-04-22 15:08:44,959 - Epoch:018, train_loss:1.7462, val_auc:0.9385, val_ap: 0.9268
2023-04-22 15:08:45,718 - Epoch:019, train_loss:1.7025, val_auc:0.9381, val_ap: 0.9265
2023-04-22 15:08:46,417 - Epoch:020, train_loss:1.6469, val_auc:0.9374, val_ap: 0.9259
2023-04-22 15:08:47,135 - Epoch:021, train_loss:1.6224, val_auc:0.9369, val_ap: 0.9255
2023-04-22 15:08:47,800 - Epoch:022, train_loss:1.6193, val_auc:0.9366, val_ap: 0.9252
2023-04-22 15:08:48,547 - Epoch:023, train_loss:1.5838, val_auc:0.9369, val_ap: 0.9254
2023-04-22 15:08:49,190 - Epoch:024, train_loss:1.5737, val_auc:0.9374, val_ap: 0.9258
2023-04-22 15:08:49,946 - Epoch:025, train_loss:1.5698, val_auc:0.9372, val_ap: 0.9259
2023-04-22 15:08:50,595 - Epoch:026, train_loss:1.5497, val_auc:0.9362, val_ap: 0.9256
2023-04-22 15:08:51,371 - Epoch:027, train_loss:1.5328, val_auc:0.9351, val_ap: 0.9252
2023-04-22 15:08:52,052 - Epoch:028, train_loss:1.5313, val_auc:0.9347, val_ap: 0.9252
2023-04-22 15:08:52,817 - Epoch:029, train_loss:1.5217, val_auc:0.9354, val_ap: 0.9256
2023-04-22 15:08:53,460 - Epoch:030, train_loss:1.5076, val_auc:0.9363, val_ap: 0.9260
2023-04-22 15:08:54,242 - Epoch:031, train_loss:1.4904, val_auc:0.9370, val_ap: 0.9263
2023-04-22 15:08:54,898 - Epoch:032, train_loss:1.4951, val_auc:0.9372, val_ap: 0.9263
2023-04-22 15:08:55,694 - Epoch:033, train_loss:1.4901, val_auc:0.9368, val_ap: 0.9262
2023-04-22 15:08:56,369 - Epoch:034, train_loss:1.4789, val_auc:0.9362, val_ap: 0.9259
2023-04-22 15:08:57,138 - Epoch:035, train_loss:1.4802, val_auc:0.9357, val_ap: 0.9259
2023-04-22 15:08:57,821 - Epoch:036, train_loss:1.4715, val_auc:0.9356, val_ap: 0.9261
2023-04-22 15:08:58,569 - Epoch:037, train_loss:1.4672, val_auc:0.9359, val_ap: 0.9266
2023-04-22 15:08:59,257 - Epoch:038, train_loss:1.4552, val_auc:0.9363, val_ap: 0.9271
2023-04-22 15:08:59,998 - Epoch:039, train_loss:1.4544, val_auc:0.9366, val_ap: 0.9275
2023-04-22 15:09:00,621 - Epoch:040, train_loss:1.4549, val_auc:0.9364, val_ap: 0.9275
2023-04-22 15:09:01,407 - Epoch:041, train_loss:1.4453, val_auc:0.9360, val_ap: 0.9272
2023-04-22 15:09:02,079 - Epoch:042, train_loss:1.4435, val_auc:0.9361, val_ap: 0.9272
2023-04-22 15:09:02,845 - Epoch:043, train_loss:1.4298, val_auc:0.9365, val_ap: 0.9275
2023-04-22 15:09:03,496 - Epoch:044, train_loss:1.4320, val_auc:0.9367, val_ap: 0.9276
2023-04-22 15:09:04,263 - Epoch:045, train_loss:1.4331, val_auc:0.9367, val_ap: 0.9277
2023-04-22 15:09:04,916 - Epoch:046, train_loss:1.4285, val_auc:0.9366, val_ap: 0.9278
2023-04-22 15:09:05,683 - Epoch:047, train_loss:1.4279, val_auc:0.9366, val_ap: 0.9280
2023-04-22 15:09:06,353 - Epoch:048, train_loss:1.4097, val_auc:0.9367, val_ap: 0.9283
2023-04-22 15:09:07,109 - Epoch:049, train_loss:1.4124, val_auc:0.9369, val_ap: 0.9286
2023-04-22 15:09:07,783 - Epoch:050, train_loss:1.4007, val_auc:0.9370, val_ap: 0.9287
2023-04-22 15:09:08,542 - Epoch:051, train_loss:1.4134, val_auc:0.9370, val_ap: 0.9287
2023-04-22 15:09:09,223 - Epoch:052, train_loss:1.4012, val_auc:0.9372, val_ap: 0.9288
2023-04-22 15:09:09,985 - Epoch:053, train_loss:1.4001, val_auc:0.9375, val_ap: 0.9290
2023-04-22 15:09:10,657 - Epoch:054, train_loss:1.3977, val_auc:0.9375, val_ap: 0.9291
2023-04-22 15:09:11,417 - Epoch:055, train_loss:1.3919, val_auc:0.9374, val_ap: 0.9292
2023-04-22 15:09:12,058 - Epoch:056, train_loss:1.3844, val_auc:0.9374, val_ap: 0.9293
2023-04-22 15:09:12,827 - Epoch:057, train_loss:1.3866, val_auc:0.9374, val_ap: 0.9295
2023-04-22 15:09:13,464 - Epoch:058, train_loss:1.3838, val_auc:0.9374, val_ap: 0.9296
2023-04-22 15:09:14,253 - Epoch:059, train_loss:1.3754, val_auc:0.9374, val_ap: 0.9297
2023-04-22 15:09:14,902 - Epoch:060, train_loss:1.3805, val_auc:0.9376, val_ap: 0.9299
2023-04-22 15:09:15,676 - Epoch:061, train_loss:1.3715, val_auc:0.9378, val_ap: 0.9301
2023-04-22 15:09:16,360 - Epoch:062, train_loss:1.3720, val_auc:0.9381, val_ap: 0.9303
2023-04-22 15:09:17,108 - Epoch:063, train_loss:1.3640, val_auc:0.9383, val_ap: 0.9305
2023-04-22 15:09:17,777 - Epoch:064, train_loss:1.3608, val_auc:0.9384, val_ap: 0.9306
2023-04-22 15:09:18,542 - Epoch:065, train_loss:1.3570, val_auc:0.9382, val_ap: 0.9306
2023-04-22 15:09:19,210 - Epoch:066, train_loss:1.3392, val_auc:0.9380, val_ap: 0.9305
2023-04-22 15:09:19,984 - Epoch:067, train_loss:1.3454, val_auc:0.9380, val_ap: 0.9306
2023-04-22 15:09:20,693 - Epoch:068, train_loss:1.3421, val_auc:0.9381, val_ap: 0.9307
2023-04-22 15:09:21,438 - Epoch:069, train_loss:1.3453, val_auc:0.9384, val_ap: 0.9310
2023-04-22 15:09:22,231 - Epoch:070, train_loss:1.3309, val_auc:0.9390, val_ap: 0.9315
2023-04-22 15:09:23,005 - Epoch:071, train_loss:1.3311, val_auc:0.9388, val_ap: 0.9314
2023-04-22 15:09:23,753 - Epoch:072, train_loss:1.3205, val_auc:0.9388, val_ap: 0.9314
2023-04-22 15:09:24,510 - Epoch:073, train_loss:1.3117, val_auc:0.9388, val_ap: 0.9315
2023-04-22 15:09:25,296 - Epoch:074, train_loss:1.3179, val_auc:0.9387, val_ap: 0.9314
2023-04-22 15:09:25,997 - Epoch:075, train_loss:1.3118, val_auc:0.9390, val_ap: 0.9316
2023-04-22 15:09:26,786 - Epoch:076, train_loss:1.3072, val_auc:0.9393, val_ap: 0.9319
2023-04-22 15:09:27,448 - Epoch:077, train_loss:1.3080, val_auc:0.9393, val_ap: 0.9319
2023-04-22 15:09:28,240 - Epoch:078, train_loss:1.3008, val_auc:0.9393, val_ap: 0.9320
2023-04-22 15:09:28,919 - Epoch:079, train_loss:1.2920, val_auc:0.9395, val_ap: 0.9321
2023-04-22 15:09:29,742 - Epoch:080, train_loss:1.2775, val_auc:0.9395, val_ap: 0.9322, text_auc:0.9430, text_ap: 0.9390
2023-04-22 15:09:30,414 - Epoch:081, train_loss:1.2941, val_auc:0.9394, val_ap: 0.9321
2023-04-22 15:09:31,287 - Epoch:082, train_loss:1.2764, val_auc:0.9396, val_ap: 0.9323, text_auc:0.9430, text_ap: 0.9389
2023-04-22 15:09:31,935 - Epoch:083, train_loss:1.2812, val_auc:0.9402, val_ap: 0.9326, text_auc:0.9435, text_ap: 0.9392
2023-04-22 15:09:32,730 - Epoch:084, train_loss:1.2704, val_auc:0.9402, val_ap: 0.9326
2023-04-22 15:09:33,347 - Epoch:085, train_loss:1.2689, val_auc:0.9398, val_ap: 0.9324
2023-04-22 15:09:34,151 - Epoch:086, train_loss:1.2682, val_auc:0.9399, val_ap: 0.9326
2023-04-22 15:09:34,739 - Epoch:087, train_loss:1.2608, val_auc:0.9400, val_ap: 0.9326
2023-04-22 15:09:35,593 - Epoch:088, train_loss:1.2493, val_auc:0.9404, val_ap: 0.9329, text_auc:0.9435, text_ap: 0.9391
2023-04-22 15:09:36,219 - Epoch:089, train_loss:1.2487, val_auc:0.9407, val_ap: 0.9331, text_auc:0.9437, text_ap: 0.9393
2023-04-22 15:09:37,049 - Epoch:090, train_loss:1.2428, val_auc:0.9403, val_ap: 0.9328
2023-04-22 15:09:37,659 - Epoch:091, train_loss:1.2380, val_auc:0.9402, val_ap: 0.9328
2023-04-22 15:09:38,546 - Epoch:092, train_loss:1.2347, val_auc:0.9409, val_ap: 0.9334, text_auc:0.9437, text_ap: 0.9392
2023-04-22 15:09:39,243 - Epoch:093, train_loss:1.2356, val_auc:0.9409, val_ap: 0.9335, text_auc:0.9437, text_ap: 0.9392
2023-04-22 15:09:40,068 - Epoch:094, train_loss:1.2254, val_auc:0.9408, val_ap: 0.9333
2023-04-22 15:09:40,745 - Epoch:095, train_loss:1.2285, val_auc:0.9406, val_ap: 0.9333
2023-04-22 15:09:41,606 - Epoch:096, train_loss:1.2163, val_auc:0.9410, val_ap: 0.9336, text_auc:0.9437, text_ap: 0.9392
2023-04-22 15:09:42,338 - Epoch:097, train_loss:1.2192, val_auc:0.9413, val_ap: 0.9338, text_auc:0.9440, text_ap: 0.9393
2023-04-22 15:09:43,155 - Epoch:098, train_loss:1.2138, val_auc:0.9415, val_ap: 0.9340, text_auc:0.9441, text_ap: 0.9394
2023-04-22 15:09:43,912 - Epoch:099, train_loss:1.2135, val_auc:0.9415, val_ap: 0.9340, text_auc:0.9441, text_ap: 0.9394
2023-04-22 15:09:44,664 - Epoch:100, train_loss:1.2148, val_auc:0.9412, val_ap: 0.9338
2023-04-22 15:09:45,455 - Epoch:101, train_loss:1.2097, val_auc:0.9418, val_ap: 0.9342, text_auc:0.9443, text_ap: 0.9395
2023-04-22 15:09:46,217 - Epoch:102, train_loss:1.1928, val_auc:0.9420, val_ap: 0.9344, text_auc:0.9444, text_ap: 0.9396
2023-04-22 15:09:47,001 - Epoch:103, train_loss:1.2039, val_auc:0.9419, val_ap: 0.9344
2023-04-22 15:09:47,714 - Epoch:104, train_loss:1.1994, val_auc:0.9423, val_ap: 0.9347, text_auc:0.9446, text_ap: 0.9398
2023-04-22 15:09:48,527 - Epoch:105, train_loss:1.1990, val_auc:0.9418, val_ap: 0.9344
2023-04-22 15:09:49,177 - Epoch:106, train_loss:1.1885, val_auc:0.9425, val_ap: 0.9349, text_auc:0.9448, text_ap: 0.9400
2023-04-22 15:09:50,035 - Epoch:107, train_loss:1.1947, val_auc:0.9429, val_ap: 0.9352, text_auc:0.9451, text_ap: 0.9401
2023-04-22 15:09:50,586 - Epoch:108, train_loss:1.1888, val_auc:0.9425, val_ap: 0.9349
2023-04-22 15:09:51,418 - Epoch:109, train_loss:1.1810, val_auc:0.9428, val_ap: 0.9352
2023-04-22 15:09:51,984 - Epoch:110, train_loss:1.1870, val_auc:0.9428, val_ap: 0.9352
2023-04-22 15:09:52,857 - Epoch:111, train_loss:1.1811, val_auc:0.9435, val_ap: 0.9358, text_auc:0.9456, text_ap: 0.9405
2023-04-22 15:09:53,544 - Epoch:112, train_loss:1.1759, val_auc:0.9437, val_ap: 0.9360, text_auc:0.9457, text_ap: 0.9407
2023-04-22 15:09:54,369 - Epoch:113, train_loss:1.1741, val_auc:0.9431, val_ap: 0.9356
2023-04-22 15:09:55,072 - Epoch:114, train_loss:1.1743, val_auc:0.9439, val_ap: 0.9362, text_auc:0.9458, text_ap: 0.9408
2023-04-22 15:09:55,898 - Epoch:115, train_loss:1.1777, val_auc:0.9437, val_ap: 0.9360
2023-04-22 15:09:56,558 - Epoch:116, train_loss:1.1645, val_auc:0.9435, val_ap: 0.9358
2023-04-22 15:09:57,442 - Epoch:117, train_loss:1.1664, val_auc:0.9440, val_ap: 0.9362, text_auc:0.9458, text_ap: 0.9408
2023-04-22 15:09:58,195 - Epoch:118, train_loss:1.1658, val_auc:0.9442, val_ap: 0.9364, text_auc:0.9460, text_ap: 0.9409
2023-04-22 15:09:59,002 - Epoch:119, train_loss:1.1596, val_auc:0.9444, val_ap: 0.9366, text_auc:0.9462, text_ap: 0.9411
2023-04-22 15:09:59,790 - Epoch:120, train_loss:1.1682, val_auc:0.9448, val_ap: 0.9370, text_auc:0.9465, text_ap: 0.9414
2023-04-22 15:10:00,529 - Epoch:121, train_loss:1.1647, val_auc:0.9448, val_ap: 0.9370
2023-04-22 15:10:01,274 - Epoch:122, train_loss:1.1605, val_auc:0.9441, val_ap: 0.9363
2023-04-22 15:10:02,043 - Epoch:123, train_loss:1.1620, val_auc:0.9442, val_ap: 0.9365
2023-04-22 15:10:02,821 - Epoch:124, train_loss:1.1573, val_auc:0.9456, val_ap: 0.9376, text_auc:0.9471, text_ap: 0.9419
2023-04-22 15:10:03,567 - Epoch:125, train_loss:1.1544, val_auc:0.9449, val_ap: 0.9370
2023-04-22 15:10:04,281 - Epoch:126, train_loss:1.1591, val_auc:0.9456, val_ap: 0.9376
2023-04-22 15:10:05,030 - Epoch:127, train_loss:1.1525, val_auc:0.9450, val_ap: 0.9370
2023-04-22 15:10:05,720 - Epoch:128, train_loss:1.1520, val_auc:0.9449, val_ap: 0.9370
2023-04-22 15:10:06,453 - Epoch:129, train_loss:1.1536, val_auc:0.9456, val_ap: 0.9375
2023-04-22 15:10:06,914 - Epoch:130, train_loss:1.1501, val_auc:0.9448, val_ap: 0.9369
2023-04-22 15:10:07,389 - Epoch:131, train_loss:1.1453, val_auc:0.9453, val_ap: 0.9373
2023-04-22 15:10:07,895 - Epoch:132, train_loss:1.1519, val_auc:0.9458, val_ap: 0.9377, text_auc:0.9471, text_ap: 0.9418
2023-04-22 15:10:08,405 - Epoch:133, train_loss:1.1448, val_auc:0.9459, val_ap: 0.9377, text_auc:0.9472, text_ap: 0.9418
2023-04-22 15:10:08,863 - Epoch:134, train_loss:1.1425, val_auc:0.9456, val_ap: 0.9374
2023-04-22 15:10:09,336 - Epoch:135, train_loss:1.1351, val_auc:0.9456, val_ap: 0.9374
2023-04-22 15:10:09,833 - Epoch:136, train_loss:1.1425, val_auc:0.9461, val_ap: 0.9378, text_auc:0.9474, text_ap: 0.9420
2023-04-22 15:10:10,290 - Epoch:137, train_loss:1.1346, val_auc:0.9457, val_ap: 0.9376
2023-04-22 15:10:10,791 - Epoch:138, train_loss:1.1337, val_auc:0.9461, val_ap: 0.9379, text_auc:0.9475, text_ap: 0.9421
2023-04-22 15:10:11,298 - Epoch:139, train_loss:1.1361, val_auc:0.9462, val_ap: 0.9380, text_auc:0.9475, text_ap: 0.9422
2023-04-22 15:10:11,801 - Epoch:140, train_loss:1.1268, val_auc:0.9464, val_ap: 0.9382, text_auc:0.9476, text_ap: 0.9423
2023-04-22 15:10:12,240 - Epoch:141, train_loss:1.1263, val_auc:0.9466, val_ap: 0.9382, text_auc:0.9479, text_ap: 0.9424
2023-04-22 15:10:12,681 - Epoch:142, train_loss:1.1261, val_auc:0.9459, val_ap: 0.9377
2023-04-22 15:10:13,128 - Epoch:143, train_loss:1.1280, val_auc:0.9472, val_ap: 0.9387, text_auc:0.9485, text_ap: 0.9429
2023-04-22 15:10:13,525 - Epoch:144, train_loss:1.1245, val_auc:0.9462, val_ap: 0.9380
2023-04-22 15:10:13,938 - Epoch:145, train_loss:1.1327, val_auc:0.9465, val_ap: 0.9382
2023-04-22 15:10:14,364 - Epoch:146, train_loss:1.1309, val_auc:0.9474, val_ap: 0.9389, text_auc:0.9487, text_ap: 0.9431
2023-04-22 15:10:14,770 - Epoch:147, train_loss:1.1283, val_auc:0.9464, val_ap: 0.9382
2023-04-22 15:10:15,259 - Epoch:148, train_loss:1.1259, val_auc:0.9478, val_ap: 0.9392, text_auc:0.9491, text_ap: 0.9434
2023-04-22 15:10:15,725 - Epoch:149, train_loss:1.1235, val_auc:0.9470, val_ap: 0.9387
2023-04-22 15:10:16,204 - Epoch:150, train_loss:1.1241, val_auc:0.9473, val_ap: 0.9389
2023-04-22 15:10:16,683 - Epoch:151, train_loss:1.1202, val_auc:0.9472, val_ap: 0.9388
2023-04-22 15:10:17,159 - Epoch:152, train_loss:1.1178, val_auc:0.9476, val_ap: 0.9392
2023-04-22 15:10:17,682 - Epoch:153, train_loss:1.1118, val_auc:0.9483, val_ap: 0.9397, text_auc:0.9495, text_ap: 0.9439
2023-04-22 15:10:18,158 - Epoch:154, train_loss:1.1129, val_auc:0.9477, val_ap: 0.9394
2023-04-22 15:10:18,699 - Epoch:155, train_loss:1.1103, val_auc:0.9483, val_ap: 0.9397, text_auc:0.9495, text_ap: 0.9438
2023-04-22 15:10:19,172 - Epoch:156, train_loss:1.1126, val_auc:0.9474, val_ap: 0.9390
2023-04-22 15:10:19,670 - Epoch:157, train_loss:1.1086, val_auc:0.9483, val_ap: 0.9398, text_auc:0.9495, text_ap: 0.9439
2023-04-22 15:10:20,140 - Epoch:158, train_loss:1.1027, val_auc:0.9482, val_ap: 0.9397
2023-04-22 15:10:20,734 - Epoch:159, train_loss:1.1033, val_auc:0.9488, val_ap: 0.9403, text_auc:0.9500, text_ap: 0.9444
2023-04-22 15:10:21,205 - Epoch:160, train_loss:1.1099, val_auc:0.9485, val_ap: 0.9399
2023-04-22 15:10:21,727 - Epoch:161, train_loss:1.1078, val_auc:0.9485, val_ap: 0.9400
2023-04-22 15:10:22,180 - Epoch:162, train_loss:1.1024, val_auc:0.9485, val_ap: 0.9399
2023-04-22 15:10:22,640 - Epoch:163, train_loss:1.1059, val_auc:0.9482, val_ap: 0.9397
2023-04-22 15:10:23,139 - Epoch:164, train_loss:1.1002, val_auc:0.9488, val_ap: 0.9403, text_auc:0.9501, text_ap: 0.9445
2023-04-22 15:10:23,633 - Epoch:165, train_loss:1.0967, val_auc:0.9494, val_ap: 0.9408, text_auc:0.9505, text_ap: 0.9448
2023-04-22 15:10:24,101 - Epoch:166, train_loss:1.0977, val_auc:0.9492, val_ap: 0.9407
2023-04-22 15:10:24,574 - Epoch:167, train_loss:1.0929, val_auc:0.9488, val_ap: 0.9403
2023-04-22 15:10:25,058 - Epoch:168, train_loss:1.0993, val_auc:0.9492, val_ap: 0.9407
2023-04-22 15:10:25,547 - Epoch:169, train_loss:1.0928, val_auc:0.9499, val_ap: 0.9412, text_auc:0.9509, text_ap: 0.9452
2023-04-22 15:10:25,963 - Epoch:170, train_loss:1.0983, val_auc:0.9488, val_ap: 0.9404
2023-04-22 15:10:26,395 - Epoch:171, train_loss:1.0908, val_auc:0.9503, val_ap: 0.9417, text_auc:0.9514, text_ap: 0.9457
2023-04-22 15:10:26,870 - Epoch:172, train_loss:1.0956, val_auc:0.9496, val_ap: 0.9412
2023-04-22 15:10:27,345 - Epoch:173, train_loss:1.0962, val_auc:0.9506, val_ap: 0.9419, text_auc:0.9516, text_ap: 0.9458
2023-04-22 15:10:27,849 - Epoch:174, train_loss:1.0991, val_auc:0.9493, val_ap: 0.9410
2023-04-22 15:10:28,342 - Epoch:175, train_loss:1.1004, val_auc:0.9506, val_ap: 0.9420, text_auc:0.9517, text_ap: 0.9460
2023-04-22 15:10:28,817 - Epoch:176, train_loss:1.0927, val_auc:0.9500, val_ap: 0.9416
2023-04-22 15:10:29,325 - Epoch:177, train_loss:1.0944, val_auc:0.9511, val_ap: 0.9425, text_auc:0.9521, text_ap: 0.9464
2023-04-22 15:10:29,800 - Epoch:178, train_loss:1.0963, val_auc:0.9491, val_ap: 0.9410
2023-04-22 15:10:30,320 - Epoch:179, train_loss:1.1021, val_auc:0.9517, val_ap: 0.9431, text_auc:0.9528, text_ap: 0.9470
2023-04-22 15:10:30,798 - Epoch:180, train_loss:1.1013, val_auc:0.9498, val_ap: 0.9416
2023-04-22 15:10:31,304 - Epoch:181, train_loss:1.0932, val_auc:0.9518, val_ap: 0.9434, text_auc:0.9529, text_ap: 0.9472
2023-04-22 15:10:31,777 - Epoch:182, train_loss:1.0974, val_auc:0.9507, val_ap: 0.9424
2023-04-22 15:10:32,249 - Epoch:183, train_loss:1.0900, val_auc:0.9512, val_ap: 0.9427
2023-04-22 15:10:32,730 - Epoch:184, train_loss:1.0933, val_auc:0.9505, val_ap: 0.9423
2023-04-22 15:10:33,225 - Epoch:185, train_loss:1.0927, val_auc:0.9519, val_ap: 0.9434, text_auc:0.9528, text_ap: 0.9472
2023-04-22 15:10:33,703 - Epoch:186, train_loss:1.0813, val_auc:0.9514, val_ap: 0.9432
2023-04-22 15:10:34,189 - Epoch:187, train_loss:1.0869, val_auc:0.9516, val_ap: 0.9434
2023-04-22 15:10:34,657 - Epoch:188, train_loss:1.0849, val_auc:0.9518, val_ap: 0.9434
2023-04-22 15:10:35,122 - Epoch:189, train_loss:1.0858, val_auc:0.9506, val_ap: 0.9425
2023-04-22 15:10:35,659 - Epoch:190, train_loss:1.0895, val_auc:0.9531, val_ap: 0.9446, text_auc:0.9540, text_ap: 0.9483
2023-04-22 15:10:36,154 - Epoch:191, train_loss:1.0811, val_auc:0.9512, val_ap: 0.9432
2023-04-22 15:10:36,653 - Epoch:192, train_loss:1.0886, val_auc:0.9529, val_ap: 0.9445
2023-04-22 15:10:37,151 - Epoch:193, train_loss:1.0917, val_auc:0.9511, val_ap: 0.9431
2023-04-22 15:10:37,638 - Epoch:194, train_loss:1.0856, val_auc:0.9524, val_ap: 0.9440
2023-04-22 15:10:38,114 - Epoch:195, train_loss:1.0810, val_auc:0.9518, val_ap: 0.9438
2023-04-22 15:10:38,622 - Epoch:196, train_loss:1.0754, val_auc:0.9530, val_ap: 0.9448, text_auc:0.9540, text_ap: 0.9485
2023-04-22 15:10:39,100 - Epoch:197, train_loss:1.0792, val_auc:0.9523, val_ap: 0.9442
2023-04-22 15:10:39,580 - Epoch:198, train_loss:1.0794, val_auc:0.9520, val_ap: 0.9438
2023-04-22 15:10:40,088 - Epoch:199, train_loss:1.0732, val_auc:0.9522, val_ap: 0.9441
2023-04-22 15:10:40,091 - final results:
2023-04-22 15:10:40,092 - ====================================================================================
2023-04-22 15:10:40,092 - AUC:0.9553+-0.0014 [0.9567285948138129, 0.9539534981117317]
2023-04-22 15:10:40,092 - AP:0.9492+-0.0007 [0.9499049836770043, 0.9484799901959682]
2023-04-22 15:10:40,665 - Epoch:000, train_loss:5.0093, val_auc:0.9442, val_ap: 0.9364, text_auc:0.9457, text_ap: 0.9386
2023-04-22 15:10:41,207 - Epoch:001, train_loss:4.9304, val_auc:0.9463, val_ap: 0.9370, text_auc:0.9470, text_ap: 0.9385
2023-04-22 15:10:41,725 - Epoch:002, train_loss:4.3834, val_auc:0.9473, val_ap: 0.9386, text_auc:0.9477, text_ap: 0.9392
2023-04-22 15:10:42,182 - Epoch:003, train_loss:4.5913, val_auc:0.9460, val_ap: 0.9366
2023-04-22 15:10:42,627 - Epoch:004, train_loss:4.5466, val_auc:0.9436, val_ap: 0.9335
2023-04-22 15:10:43,098 - Epoch:005, train_loss:4.4658, val_auc:0.9428, val_ap: 0.9325
2023-04-22 15:10:43,573 - Epoch:006, train_loss:4.1997, val_auc:0.9450, val_ap: 0.9355
2023-04-22 15:10:44,030 - Epoch:007, train_loss:3.9071, val_auc:0.9457, val_ap: 0.9356
2023-04-22 15:10:44,498 - Epoch:008, train_loss:3.7847, val_auc:0.9441, val_ap: 0.9337
2023-04-22 15:10:44,970 - Epoch:009, train_loss:3.2895, val_auc:0.9442, val_ap: 0.9346
2023-04-22 15:10:45,440 - Epoch:010, train_loss:2.9211, val_auc:0.9442, val_ap: 0.9360
2023-04-22 15:10:45,913 - Epoch:011, train_loss:2.8744, val_auc:0.9446, val_ap: 0.9359
2023-04-22 15:10:46,374 - Epoch:012, train_loss:2.8714, val_auc:0.9430, val_ap: 0.9339
2023-04-22 15:10:46,840 - Epoch:013, train_loss:2.5879, val_auc:0.9420, val_ap: 0.9325
2023-04-22 15:10:47,304 - Epoch:014, train_loss:2.3666, val_auc:0.9423, val_ap: 0.9328
2023-04-22 15:10:47,774 - Epoch:015, train_loss:2.3075, val_auc:0.9424, val_ap: 0.9337
2023-04-22 15:10:48,254 - Epoch:016, train_loss:2.2147, val_auc:0.9424, val_ap: 0.9345
2023-04-22 15:10:48,728 - Epoch:017, train_loss:2.1413, val_auc:0.9426, val_ap: 0.9350
2023-04-22 15:10:49,196 - Epoch:018, train_loss:2.0867, val_auc:0.9423, val_ap: 0.9345
2023-04-22 15:10:49,671 - Epoch:019, train_loss:1.9836, val_auc:0.9413, val_ap: 0.9331
2023-04-22 15:10:50,143 - Epoch:020, train_loss:1.8684, val_auc:0.9403, val_ap: 0.9316
2023-04-22 15:10:50,627 - Epoch:021, train_loss:1.7829, val_auc:0.9401, val_ap: 0.9314
2023-04-22 15:10:51,089 - Epoch:022, train_loss:1.7385, val_auc:0.9406, val_ap: 0.9320
2023-04-22 15:10:51,559 - Epoch:023, train_loss:1.7357, val_auc:0.9412, val_ap: 0.9327
2023-04-22 15:10:52,046 - Epoch:024, train_loss:1.7096, val_auc:0.9418, val_ap: 0.9334
2023-04-22 15:10:52,527 - Epoch:025, train_loss:1.6949, val_auc:0.9422, val_ap: 0.9338
2023-04-22 15:10:53,010 - Epoch:026, train_loss:1.6706, val_auc:0.9417, val_ap: 0.9336
2023-04-22 15:10:53,493 - Epoch:027, train_loss:1.6360, val_auc:0.9404, val_ap: 0.9327
2023-04-22 15:10:53,974 - Epoch:028, train_loss:1.6116, val_auc:0.9390, val_ap: 0.9318
2023-04-22 15:10:54,446 - Epoch:029, train_loss:1.5867, val_auc:0.9383, val_ap: 0.9313
2023-04-22 15:10:54,918 - Epoch:030, train_loss:1.5732, val_auc:0.9388, val_ap: 0.9317
2023-04-22 15:10:55,381 - Epoch:031, train_loss:1.5601, val_auc:0.9400, val_ap: 0.9326
2023-04-22 15:10:55,836 - Epoch:032, train_loss:1.5595, val_auc:0.9413, val_ap: 0.9337
2023-04-22 15:10:56,301 - Epoch:033, train_loss:1.5508, val_auc:0.9420, val_ap: 0.9343
2023-04-22 15:10:56,779 - Epoch:034, train_loss:1.5443, val_auc:0.9417, val_ap: 0.9341
2023-04-22 15:10:57,243 - Epoch:035, train_loss:1.5210, val_auc:0.9413, val_ap: 0.9337
2023-04-22 15:10:57,710 - Epoch:036, train_loss:1.5140, val_auc:0.9410, val_ap: 0.9336
2023-04-22 15:10:58,201 - Epoch:037, train_loss:1.4996, val_auc:0.9403, val_ap: 0.9333
2023-04-22 15:10:58,705 - Epoch:038, train_loss:1.5084, val_auc:0.9395, val_ap: 0.9329
2023-04-22 15:10:59,178 - Epoch:039, train_loss:1.5113, val_auc:0.9394, val_ap: 0.9329
2023-04-22 15:10:59,652 - Epoch:040, train_loss:1.4979, val_auc:0.9398, val_ap: 0.9331
2023-04-22 15:11:00,117 - Epoch:041, train_loss:1.4877, val_auc:0.9405, val_ap: 0.9337
2023-04-22 15:11:00,593 - Epoch:042, train_loss:1.4903, val_auc:0.9407, val_ap: 0.9341
2023-04-22 15:11:01,067 - Epoch:043, train_loss:1.4710, val_auc:0.9405, val_ap: 0.9342
2023-04-22 15:11:01,548 - Epoch:044, train_loss:1.4664, val_auc:0.9402, val_ap: 0.9343
2023-04-22 15:11:02,013 - Epoch:045, train_loss:1.4695, val_auc:0.9405, val_ap: 0.9346
2023-04-22 15:11:02,499 - Epoch:046, train_loss:1.4675, val_auc:0.9412, val_ap: 0.9351
2023-04-22 15:11:02,966 - Epoch:047, train_loss:1.4561, val_auc:0.9415, val_ap: 0.9352
2023-04-22 15:11:03,446 - Epoch:048, train_loss:1.4561, val_auc:0.9414, val_ap: 0.9351
2023-04-22 15:11:03,921 - Epoch:049, train_loss:1.4527, val_auc:0.9412, val_ap: 0.9350
2023-04-22 15:11:04,389 - Epoch:050, train_loss:1.4378, val_auc:0.9411, val_ap: 0.9351
2023-04-22 15:11:04,863 - Epoch:051, train_loss:1.4408, val_auc:0.9409, val_ap: 0.9351
2023-04-22 15:11:05,325 - Epoch:052, train_loss:1.4422, val_auc:0.9407, val_ap: 0.9351
2023-04-22 15:11:05,794 - Epoch:053, train_loss:1.4367, val_auc:0.9408, val_ap: 0.9353
2023-04-22 15:11:06,270 - Epoch:054, train_loss:1.4293, val_auc:0.9408, val_ap: 0.9354
2023-04-22 15:11:06,746 - Epoch:055, train_loss:1.4308, val_auc:0.9409, val_ap: 0.9357
2023-04-22 15:11:07,215 - Epoch:056, train_loss:1.4194, val_auc:0.9412, val_ap: 0.9360
2023-04-22 15:11:07,688 - Epoch:057, train_loss:1.4123, val_auc:0.9418, val_ap: 0.9364
2023-04-22 15:11:08,160 - Epoch:058, train_loss:1.4162, val_auc:0.9422, val_ap: 0.9367
2023-04-22 15:11:08,636 - Epoch:059, train_loss:1.4062, val_auc:0.9422, val_ap: 0.9367
2023-04-22 15:11:09,098 - Epoch:060, train_loss:1.4149, val_auc:0.9420, val_ap: 0.9367
2023-04-22 15:11:09,566 - Epoch:061, train_loss:1.4040, val_auc:0.9419, val_ap: 0.9368
2023-04-22 15:11:10,036 - Epoch:062, train_loss:1.4012, val_auc:0.9419, val_ap: 0.9369
2023-04-22 15:11:10,550 - Epoch:063, train_loss:1.4030, val_auc:0.9421, val_ap: 0.9371
2023-04-22 15:11:11,061 - Epoch:064, train_loss:1.3913, val_auc:0.9421, val_ap: 0.9372
2023-04-22 15:11:11,531 - Epoch:065, train_loss:1.3872, val_auc:0.9422, val_ap: 0.9373
2023-04-22 15:11:11,995 - Epoch:066, train_loss:1.3773, val_auc:0.9423, val_ap: 0.9374
2023-04-22 15:11:12,455 - Epoch:067, train_loss:1.3691, val_auc:0.9424, val_ap: 0.9375
2023-04-22 15:11:12,931 - Epoch:068, train_loss:1.3779, val_auc:0.9424, val_ap: 0.9376
2023-04-22 15:11:13,405 - Epoch:069, train_loss:1.3676, val_auc:0.9423, val_ap: 0.9376
2023-04-22 15:11:13,879 - Epoch:070, train_loss:1.3620, val_auc:0.9426, val_ap: 0.9379
2023-04-22 15:11:14,340 - Epoch:071, train_loss:1.3594, val_auc:0.9429, val_ap: 0.9382
2023-04-22 15:11:14,838 - Epoch:072, train_loss:1.3594, val_auc:0.9430, val_ap: 0.9384
2023-04-22 15:11:15,307 - Epoch:073, train_loss:1.3447, val_auc:0.9431, val_ap: 0.9386
2023-04-22 15:11:15,773 - Epoch:074, train_loss:1.3462, val_auc:0.9432, val_ap: 0.9387
2023-04-22 15:11:16,237 - Epoch:075, train_loss:1.3411, val_auc:0.9431, val_ap: 0.9386
2023-04-22 15:11:16,727 - Epoch:076, train_loss:1.3387, val_auc:0.9428, val_ap: 0.9384
2023-04-22 15:11:17,217 - Epoch:077, train_loss:1.3274, val_auc:0.9429, val_ap: 0.9386
2023-04-22 15:11:17,677 - Epoch:078, train_loss:1.3225, val_auc:0.9434, val_ap: 0.9390
2023-04-22 15:11:18,142 - Epoch:079, train_loss:1.3243, val_auc:0.9436, val_ap: 0.9392
2023-04-22 15:11:18,619 - Epoch:080, train_loss:1.3245, val_auc:0.9434, val_ap: 0.9390
2023-04-22 15:11:19,075 - Epoch:081, train_loss:1.3221, val_auc:0.9435, val_ap: 0.9392
2023-04-22 15:11:19,550 - Epoch:082, train_loss:1.3125, val_auc:0.9437, val_ap: 0.9393
2023-04-22 15:11:20,013 - Epoch:083, train_loss:1.3099, val_auc:0.9438, val_ap: 0.9394
2023-04-22 15:11:20,467 - Epoch:084, train_loss:1.3013, val_auc:0.9436, val_ap: 0.9393
2023-04-22 15:11:20,935 - Epoch:085, train_loss:1.3001, val_auc:0.9438, val_ap: 0.9395
2023-04-22 15:11:21,400 - Epoch:086, train_loss:1.2948, val_auc:0.9435, val_ap: 0.9391
2023-04-22 15:11:21,864 - Epoch:087, train_loss:1.3027, val_auc:0.9438, val_ap: 0.9395
2023-04-22 15:11:22,338 - Epoch:088, train_loss:1.2859, val_auc:0.9439, val_ap: 0.9395
2023-04-22 15:11:22,811 - Epoch:089, train_loss:1.2768, val_auc:0.9442, val_ap: 0.9398
2023-04-22 15:11:23,289 - Epoch:090, train_loss:1.2665, val_auc:0.9443, val_ap: 0.9399
2023-04-22 15:11:23,786 - Epoch:091, train_loss:1.2650, val_auc:0.9440, val_ap: 0.9396
2023-04-22 15:11:24,345 - Epoch:092, train_loss:1.2657, val_auc:0.9444, val_ap: 0.9400
2023-04-22 15:11:24,824 - Epoch:093, train_loss:1.2534, val_auc:0.9444, val_ap: 0.9400
2023-04-22 15:11:25,281 - Epoch:094, train_loss:1.2559, val_auc:0.9443, val_ap: 0.9400
2023-04-22 15:11:25,756 - Epoch:095, train_loss:1.2514, val_auc:0.9444, val_ap: 0.9400
2023-04-22 15:11:26,223 - Epoch:096, train_loss:1.2569, val_auc:0.9447, val_ap: 0.9403
2023-04-22 15:11:26,682 - Epoch:097, train_loss:1.2550, val_auc:0.9448, val_ap: 0.9404
2023-04-22 15:11:27,148 - Epoch:098, train_loss:1.2457, val_auc:0.9448, val_ap: 0.9404
2023-04-22 15:11:27,638 - Epoch:099, train_loss:1.2370, val_auc:0.9445, val_ap: 0.9402
2023-04-22 15:11:28,114 - Epoch:100, train_loss:1.2386, val_auc:0.9445, val_ap: 0.9402
2023-04-22 15:11:28,611 - Epoch:101, train_loss:1.2375, val_auc:0.9453, val_ap: 0.9409, text_auc:0.9457, text_ap: 0.9408
2023-04-22 15:11:29,107 - Epoch:102, train_loss:1.2364, val_auc:0.9454, val_ap: 0.9410, text_auc:0.9458, text_ap: 0.9410
2023-04-22 15:11:29,564 - Epoch:103, train_loss:1.2252, val_auc:0.9452, val_ap: 0.9408
2023-04-22 15:11:30,022 - Epoch:104, train_loss:1.2201, val_auc:0.9451, val_ap: 0.9408
2023-04-22 15:11:30,491 - Epoch:105, train_loss:1.2271, val_auc:0.9452, val_ap: 0.9410
2023-04-22 15:11:30,992 - Epoch:106, train_loss:1.2175, val_auc:0.9456, val_ap: 0.9412, text_auc:0.9460, text_ap: 0.9412
2023-04-22 15:11:31,496 - Epoch:107, train_loss:1.2131, val_auc:0.9453, val_ap: 0.9411
2023-04-22 15:11:31,964 - Epoch:108, train_loss:1.2157, val_auc:0.9452, val_ap: 0.9410
2023-04-22 15:11:32,466 - Epoch:109, train_loss:1.2098, val_auc:0.9461, val_ap: 0.9418, text_auc:0.9466, text_ap: 0.9417
2023-04-22 15:11:32,937 - Epoch:110, train_loss:1.2082, val_auc:0.9460, val_ap: 0.9417
2023-04-22 15:11:33,397 - Epoch:111, train_loss:1.2136, val_auc:0.9457, val_ap: 0.9414
2023-04-22 15:11:33,864 - Epoch:112, train_loss:1.2093, val_auc:0.9459, val_ap: 0.9417
2023-04-22 15:11:34,367 - Epoch:113, train_loss:1.2027, val_auc:0.9462, val_ap: 0.9420, text_auc:0.9468, text_ap: 0.9418
2023-04-22 15:11:34,822 - Epoch:114, train_loss:1.1967, val_auc:0.9459, val_ap: 0.9417
2023-04-22 15:11:35,284 - Epoch:115, train_loss:1.1928, val_auc:0.9460, val_ap: 0.9418
2023-04-22 15:11:35,795 - Epoch:116, train_loss:1.2004, val_auc:0.9464, val_ap: 0.9422, text_auc:0.9470, text_ap: 0.9420
2023-04-22 15:11:36,280 - Epoch:117, train_loss:1.1912, val_auc:0.9463, val_ap: 0.9421
2023-04-22 15:11:36,755 - Epoch:118, train_loss:1.1875, val_auc:0.9464, val_ap: 0.9421
2023-04-22 15:11:37,267 - Epoch:119, train_loss:1.1898, val_auc:0.9465, val_ap: 0.9422, text_auc:0.9470, text_ap: 0.9420
2023-04-22 15:11:37,746 - Epoch:120, train_loss:1.1844, val_auc:0.9461, val_ap: 0.9419
2023-04-22 15:11:38,224 - Epoch:121, train_loss:1.1872, val_auc:0.9464, val_ap: 0.9422
2023-04-22 15:11:38,737 - Epoch:122, train_loss:1.1837, val_auc:0.9468, val_ap: 0.9425, text_auc:0.9474, text_ap: 0.9423
2023-04-22 15:11:39,230 - Epoch:123, train_loss:1.1798, val_auc:0.9465, val_ap: 0.9422
2023-04-22 15:11:39,699 - Epoch:124, train_loss:1.1800, val_auc:0.9468, val_ap: 0.9425
2023-04-22 15:11:40,173 - Epoch:125, train_loss:1.1805, val_auc:0.9466, val_ap: 0.9423
2023-04-22 15:11:40,641 - Epoch:126, train_loss:1.1772, val_auc:0.9468, val_ap: 0.9425
2023-04-22 15:11:41,160 - Epoch:127, train_loss:1.1714, val_auc:0.9471, val_ap: 0.9427, text_auc:0.9477, text_ap: 0.9425
2023-04-22 15:11:41,662 - Epoch:128, train_loss:1.1703, val_auc:0.9472, val_ap: 0.9428, text_auc:0.9478, text_ap: 0.9426
2023-04-22 15:11:42,135 - Epoch:129, train_loss:1.1684, val_auc:0.9468, val_ap: 0.9425
2023-04-22 15:11:42,614 - Epoch:130, train_loss:1.1685, val_auc:0.9472, val_ap: 0.9427
2023-04-22 15:11:43,068 - Epoch:131, train_loss:1.1689, val_auc:0.9470, val_ap: 0.9427
2023-04-22 15:11:43,575 - Epoch:132, train_loss:1.1673, val_auc:0.9472, val_ap: 0.9428, text_auc:0.9478, text_ap: 0.9426
2023-04-22 15:11:44,098 - Epoch:133, train_loss:1.1627, val_auc:0.9478, val_ap: 0.9433, text_auc:0.9484, text_ap: 0.9431
2023-04-22 15:11:44,550 - Epoch:134, train_loss:1.1689, val_auc:0.9473, val_ap: 0.9427
2023-04-22 15:11:45,037 - Epoch:135, train_loss:1.1562, val_auc:0.9475, val_ap: 0.9430
2023-04-22 15:11:45,509 - Epoch:136, train_loss:1.1603, val_auc:0.9477, val_ap: 0.9432
2023-04-22 15:11:45,972 - Epoch:137, train_loss:1.1549, val_auc:0.9478, val_ap: 0.9431
2023-04-22 15:11:46,472 - Epoch:138, train_loss:1.1582, val_auc:0.9483, val_ap: 0.9437, text_auc:0.9489, text_ap: 0.9435
2023-04-22 15:11:46,933 - Epoch:139, train_loss:1.1490, val_auc:0.9476, val_ap: 0.9431
2023-04-22 15:11:47,405 - Epoch:140, train_loss:1.1513, val_auc:0.9479, val_ap: 0.9433
2023-04-22 15:11:47,938 - Epoch:141, train_loss:1.1412, val_auc:0.9485, val_ap: 0.9437, text_auc:0.9491, text_ap: 0.9435
2023-04-22 15:11:48,407 - Epoch:142, train_loss:1.1417, val_auc:0.9483, val_ap: 0.9435
2023-04-22 15:11:48,928 - Epoch:143, train_loss:1.1445, val_auc:0.9488, val_ap: 0.9440, text_auc:0.9495, text_ap: 0.9439
2023-04-22 15:11:49,398 - Epoch:144, train_loss:1.1448, val_auc:0.9486, val_ap: 0.9437
2023-04-22 15:11:49,865 - Epoch:145, train_loss:1.1478, val_auc:0.9481, val_ap: 0.9434
2023-04-22 15:11:50,419 - Epoch:146, train_loss:1.1392, val_auc:0.9491, val_ap: 0.9443, text_auc:0.9498, text_ap: 0.9442
2023-04-22 15:11:50,905 - Epoch:147, train_loss:1.1395, val_auc:0.9488, val_ap: 0.9440
2023-04-22 15:11:51,428 - Epoch:148, train_loss:1.1381, val_auc:0.9492, val_ap: 0.9443, text_auc:0.9499, text_ap: 0.9442
2023-04-22 15:11:51,981 - Epoch:149, train_loss:1.1287, val_auc:0.9494, val_ap: 0.9444, text_auc:0.9500, text_ap: 0.9444
2023-04-22 15:11:52,444 - Epoch:150, train_loss:1.1389, val_auc:0.9486, val_ap: 0.9438
2023-04-22 15:11:52,950 - Epoch:151, train_loss:1.1275, val_auc:0.9500, val_ap: 0.9450, text_auc:0.9507, text_ap: 0.9450
2023-04-22 15:11:53,402 - Epoch:152, train_loss:1.1299, val_auc:0.9496, val_ap: 0.9447
2023-04-22 15:11:53,873 - Epoch:153, train_loss:1.1351, val_auc:0.9495, val_ap: 0.9446
2023-04-22 15:11:54,366 - Epoch:154, train_loss:1.1302, val_auc:0.9502, val_ap: 0.9452, text_auc:0.9510, text_ap: 0.9452
2023-04-22 15:11:54,827 - Epoch:155, train_loss:1.1263, val_auc:0.9496, val_ap: 0.9445
2023-04-22 15:11:55,305 - Epoch:156, train_loss:1.1231, val_auc:0.9503, val_ap: 0.9452
2023-04-22 15:11:55,782 - Epoch:157, train_loss:1.1290, val_auc:0.9501, val_ap: 0.9452
2023-04-22 15:11:56,289 - Epoch:158, train_loss:1.1236, val_auc:0.9508, val_ap: 0.9457, text_auc:0.9515, text_ap: 0.9457
2023-04-22 15:11:56,802 - Epoch:159, train_loss:1.1235, val_auc:0.9503, val_ap: 0.9452
2023-04-22 15:11:57,277 - Epoch:160, train_loss:1.1197, val_auc:0.9506, val_ap: 0.9455
2023-04-22 15:11:57,786 - Epoch:161, train_loss:1.1121, val_auc:0.9510, val_ap: 0.9459, text_auc:0.9517, text_ap: 0.9459
2023-04-22 15:11:58,301 - Epoch:162, train_loss:1.1168, val_auc:0.9510, val_ap: 0.9459, text_auc:0.9518, text_ap: 0.9460
2023-04-22 15:11:58,813 - Epoch:163, train_loss:1.1119, val_auc:0.9508, val_ap: 0.9457
2023-04-22 15:11:59,353 - Epoch:164, train_loss:1.1119, val_auc:0.9517, val_ap: 0.9466, text_auc:0.9525, text_ap: 0.9466
2023-04-22 15:11:59,828 - Epoch:165, train_loss:1.1066, val_auc:0.9510, val_ap: 0.9459
2023-04-22 15:12:00,293 - Epoch:166, train_loss:1.1039, val_auc:0.9516, val_ap: 0.9464
2023-04-22 15:12:00,740 - Epoch:167, train_loss:1.1103, val_auc:0.9517, val_ap: 0.9466
2023-04-22 15:12:01,231 - Epoch:168, train_loss:1.1013, val_auc:0.9521, val_ap: 0.9469, text_auc:0.9528, text_ap: 0.9469
2023-04-22 15:12:01,697 - Epoch:169, train_loss:1.1042, val_auc:0.9514, val_ap: 0.9463
2023-04-22 15:12:02,231 - Epoch:170, train_loss:1.1028, val_auc:0.9522, val_ap: 0.9470, text_auc:0.9529, text_ap: 0.9470
2023-04-22 15:12:02,757 - Epoch:171, train_loss:1.1006, val_auc:0.9523, val_ap: 0.9472, text_auc:0.9530, text_ap: 0.9471
2023-04-22 15:12:03,249 - Epoch:172, train_loss:1.0980, val_auc:0.9526, val_ap: 0.9474, text_auc:0.9532, text_ap: 0.9474
2023-04-22 15:12:03,710 - Epoch:173, train_loss:1.0975, val_auc:0.9523, val_ap: 0.9471
2023-04-22 15:12:04,224 - Epoch:174, train_loss:1.0928, val_auc:0.9530, val_ap: 0.9479, text_auc:0.9537, text_ap: 0.9478
2023-04-22 15:12:04,687 - Epoch:175, train_loss:1.0921, val_auc:0.9528, val_ap: 0.9475
2023-04-22 15:12:05,179 - Epoch:176, train_loss:1.0919, val_auc:0.9528, val_ap: 0.9478
2023-04-22 15:12:05,665 - Epoch:177, train_loss:1.0982, val_auc:0.9529, val_ap: 0.9479
2023-04-22 15:12:06,145 - Epoch:178, train_loss:1.0934, val_auc:0.9534, val_ap: 0.9482, text_auc:0.9540, text_ap: 0.9481
2023-04-22 15:12:06,584 - Epoch:179, train_loss:1.0942, val_auc:0.9533, val_ap: 0.9481
2023-04-22 15:12:07,111 - Epoch:180, train_loss:1.0815, val_auc:0.9537, val_ap: 0.9486, text_auc:0.9543, text_ap: 0.9484
2023-04-22 15:12:07,567 - Epoch:181, train_loss:1.0859, val_auc:0.9533, val_ap: 0.9481
2023-04-22 15:12:08,025 - Epoch:182, train_loss:1.0876, val_auc:0.9544, val_ap: 0.9492, text_auc:0.9549, text_ap: 0.9490
2023-04-22 15:12:08,520 - Epoch:183, train_loss:1.0901, val_auc:0.9534, val_ap: 0.9484
2023-04-22 15:12:09,066 - Epoch:184, train_loss:1.0916, val_auc:0.9544, val_ap: 0.9492, text_auc:0.9549, text_ap: 0.9490
2023-04-22 15:12:09,537 - Epoch:185, train_loss:1.0777, val_auc:0.9539, val_ap: 0.9488
2023-04-22 15:12:10,018 - Epoch:186, train_loss:1.0939, val_auc:0.9541, val_ap: 0.9491
2023-04-22 15:12:10,535 - Epoch:187, train_loss:1.0864, val_auc:0.9552, val_ap: 0.9499, text_auc:0.9557, text_ap: 0.9496
2023-04-22 15:12:11,001 - Epoch:188, train_loss:1.0866, val_auc:0.9539, val_ap: 0.9489
2023-04-22 15:12:11,493 - Epoch:189, train_loss:1.0849, val_auc:0.9555, val_ap: 0.9503, text_auc:0.9559, text_ap: 0.9500
2023-04-22 15:12:11,962 - Epoch:190, train_loss:1.0823, val_auc:0.9538, val_ap: 0.9488
2023-04-22 15:12:12,471 - Epoch:191, train_loss:1.0851, val_auc:0.9556, val_ap: 0.9505, text_auc:0.9561, text_ap: 0.9502
2023-04-22 15:12:12,917 - Epoch:192, train_loss:1.0828, val_auc:0.9548, val_ap: 0.9497
2023-04-22 15:12:13,385 - Epoch:193, train_loss:1.0800, val_auc:0.9551, val_ap: 0.9500
2023-04-22 15:12:13,825 - Epoch:194, train_loss:1.0846, val_auc:0.9556, val_ap: 0.9505
2023-04-22 15:12:14,274 - Epoch:195, train_loss:1.0772, val_auc:0.9547, val_ap: 0.9496
2023-04-22 15:12:14,774 - Epoch:196, train_loss:1.0803, val_auc:0.9562, val_ap: 0.9510, text_auc:0.9567, text_ap: 0.9507
2023-04-22 15:12:15,287 - Epoch:197, train_loss:1.0806, val_auc:0.9555, val_ap: 0.9504
2023-04-22 15:12:15,759 - Epoch:198, train_loss:1.0787, val_auc:0.9553, val_ap: 0.9503
2023-04-22 15:12:16,234 - Epoch:199, train_loss:1.0743, val_auc:0.9560, val_ap: 0.9510
2023-04-22 15:12:16,236 - final results:
2023-04-22 15:12:16,236 - ====================================================================================
2023-04-22 15:12:16,237 - AUC:0.9558+-0.0013 [0.9567285948138129, 0.9539534981117317, 0.956699392589983]
2023-04-22 15:12:16,237 - AP:0.9497+-0.0009 [0.9499049836770043, 0.9484799901959682, 0.9507022849088851]
2023-04-22 15:12:16,816 - Epoch:000, train_loss:5.0092, val_auc:0.9460, val_ap: 0.9393, text_auc:0.9430, text_ap: 0.9343
2023-04-22 15:12:17,310 - Epoch:001, train_loss:4.9283, val_auc:0.9468, val_ap: 0.9389, text_auc:0.9432, text_ap: 0.9333
2023-04-22 15:12:17,816 - Epoch:002, train_loss:4.3826, val_auc:0.9475, val_ap: 0.9398, text_auc:0.9440, text_ap: 0.9344
2023-04-22 15:12:18,290 - Epoch:003, train_loss:4.6070, val_auc:0.9461, val_ap: 0.9376
2023-04-22 15:12:18,769 - Epoch:004, train_loss:4.6331, val_auc:0.9462, val_ap: 0.9367
2023-04-22 15:12:19,239 - Epoch:005, train_loss:4.3580, val_auc:0.9447, val_ap: 0.9351
2023-04-22 15:12:19,700 - Epoch:006, train_loss:4.4204, val_auc:0.9436, val_ap: 0.9335
2023-04-22 15:12:20,178 - Epoch:007, train_loss:4.1813, val_auc:0.9460, val_ap: 0.9367
2023-04-22 15:12:20,654 - Epoch:008, train_loss:3.9287, val_auc:0.9446, val_ap: 0.9350
2023-04-22 15:12:21,143 - Epoch:009, train_loss:3.4284, val_auc:0.9456, val_ap: 0.9363
2023-04-22 15:12:21,603 - Epoch:010, train_loss:3.0781, val_auc:0.9467, val_ap: 0.9378
2023-04-22 15:12:22,088 - Epoch:011, train_loss:2.8641, val_auc:0.9472, val_ap: 0.9384
2023-04-22 15:12:22,560 - Epoch:012, train_loss:2.5526, val_auc:0.9469, val_ap: 0.9381
2023-04-22 15:12:23,038 - Epoch:013, train_loss:2.2073, val_auc:0.9466, val_ap: 0.9380
2023-04-22 15:12:23,550 - Epoch:014, train_loss:2.0943, val_auc:0.9461, val_ap: 0.9378
2023-04-22 15:12:24,037 - Epoch:015, train_loss:2.1449, val_auc:0.9446, val_ap: 0.9365
2023-04-22 15:12:24,509 - Epoch:016, train_loss:2.0486, val_auc:0.9435, val_ap: 0.9354
2023-04-22 15:12:24,976 - Epoch:017, train_loss:1.8984, val_auc:0.9433, val_ap: 0.9353
2023-04-22 15:12:25,436 - Epoch:018, train_loss:1.8242, val_auc:0.9434, val_ap: 0.9359
2023-04-22 15:12:25,910 - Epoch:019, train_loss:1.8012, val_auc:0.9437, val_ap: 0.9366
2023-04-22 15:12:26,393 - Epoch:020, train_loss:1.7229, val_auc:0.9441, val_ap: 0.9373
2023-04-22 15:12:26,893 - Epoch:021, train_loss:1.6831, val_auc:0.9443, val_ap: 0.9376
2023-04-22 15:12:27,353 - Epoch:022, train_loss:1.6919, val_auc:0.9442, val_ap: 0.9374
2023-04-22 15:12:27,827 - Epoch:023, train_loss:1.6715, val_auc:0.9434, val_ap: 0.9367
2023-04-22 15:12:28,307 - Epoch:024, train_loss:1.6354, val_auc:0.9426, val_ap: 0.9360
2023-04-22 15:12:28,775 - Epoch:025, train_loss:1.6149, val_auc:0.9422, val_ap: 0.9356
2023-04-22 15:12:29,250 - Epoch:026, train_loss:1.5801, val_auc:0.9424, val_ap: 0.9358
2023-04-22 15:12:29,724 - Epoch:027, train_loss:1.5711, val_auc:0.9427, val_ap: 0.9361
2023-04-22 15:12:30,194 - Epoch:028, train_loss:1.5642, val_auc:0.9430, val_ap: 0.9366
2023-04-22 15:12:30,674 - Epoch:029, train_loss:1.5569, val_auc:0.9431, val_ap: 0.9368
2023-04-22 15:12:31,157 - Epoch:030, train_loss:1.5549, val_auc:0.9427, val_ap: 0.9367
2023-04-22 15:12:31,631 - Epoch:031, train_loss:1.5377, val_auc:0.9424, val_ap: 0.9365
2023-04-22 15:12:32,105 - Epoch:032, train_loss:1.5197, val_auc:0.9426, val_ap: 0.9367
2023-04-22 15:12:32,578 - Epoch:033, train_loss:1.5148, val_auc:0.9429, val_ap: 0.9369
2023-04-22 15:12:33,030 - Epoch:034, train_loss:1.5180, val_auc:0.9431, val_ap: 0.9370
2023-04-22 15:12:33,431 - Epoch:035, train_loss:1.5006, val_auc:0.9432, val_ap: 0.9371
2023-04-22 15:12:33,837 - Epoch:036, train_loss:1.5023, val_auc:0.9432, val_ap: 0.9372
2023-04-22 15:12:34,242 - Epoch:037, train_loss:1.4980, val_auc:0.9432, val_ap: 0.9373
2023-04-22 15:12:34,649 - Epoch:038, train_loss:1.4897, val_auc:0.9430, val_ap: 0.9372
2023-04-22 15:12:35,050 - Epoch:039, train_loss:1.4846, val_auc:0.9430, val_ap: 0.9373
2023-04-22 15:12:35,550 - Epoch:040, train_loss:1.4823, val_auc:0.9429, val_ap: 0.9373
2023-04-22 15:12:36,028 - Epoch:041, train_loss:1.4819, val_auc:0.9431, val_ap: 0.9375
2023-04-22 15:12:36,510 - Epoch:042, train_loss:1.4713, val_auc:0.9432, val_ap: 0.9378
2023-04-22 15:12:36,927 - Epoch:043, train_loss:1.4625, val_auc:0.9433, val_ap: 0.9380
2023-04-22 15:12:37,331 - Epoch:044, train_loss:1.4554, val_auc:0.9435, val_ap: 0.9383
2023-04-22 15:12:37,765 - Epoch:045, train_loss:1.4525, val_auc:0.9435, val_ap: 0.9385
2023-04-22 15:12:38,253 - Epoch:046, train_loss:1.4487, val_auc:0.9435, val_ap: 0.9387
2023-04-22 15:12:38,742 - Epoch:047, train_loss:1.4367, val_auc:0.9436, val_ap: 0.9388
2023-04-22 15:12:39,214 - Epoch:048, train_loss:1.4370, val_auc:0.9439, val_ap: 0.9390
2023-04-22 15:12:39,669 - Epoch:049, train_loss:1.4358, val_auc:0.9442, val_ap: 0.9392
2023-04-22 15:12:40,073 - Epoch:050, train_loss:1.4362, val_auc:0.9442, val_ap: 0.9392
2023-04-22 15:12:40,491 - Epoch:051, train_loss:1.4318, val_auc:0.9442, val_ap: 0.9393
2023-04-22 15:12:40,969 - Epoch:052, train_loss:1.4252, val_auc:0.9443, val_ap: 0.9394
2023-04-22 15:12:41,445 - Epoch:053, train_loss:1.4137, val_auc:0.9443, val_ap: 0.9395
2023-04-22 15:12:41,913 - Epoch:054, train_loss:1.4234, val_auc:0.9443, val_ap: 0.9396
2023-04-22 15:12:42,388 - Epoch:055, train_loss:1.4141, val_auc:0.9443, val_ap: 0.9397
2023-04-22 15:12:42,826 - Epoch:056, train_loss:1.4142, val_auc:0.9444, val_ap: 0.9398
2023-04-22 15:12:43,307 - Epoch:057, train_loss:1.4050, val_auc:0.9446, val_ap: 0.9400
2023-04-22 15:12:43,785 - Epoch:058, train_loss:1.4046, val_auc:0.9448, val_ap: 0.9403
2023-04-22 15:12:44,191 - Epoch:059, train_loss:1.3997, val_auc:0.9448, val_ap: 0.9404
2023-04-22 15:12:44,594 - Epoch:060, train_loss:1.3965, val_auc:0.9449, val_ap: 0.9406
2023-04-22 15:12:45,080 - Epoch:061, train_loss:1.3948, val_auc:0.9448, val_ap: 0.9406
2023-04-22 15:12:45,620 - Epoch:062, train_loss:1.3798, val_auc:0.9448, val_ap: 0.9407
2023-04-22 15:12:46,074 - Epoch:063, train_loss:1.3809, val_auc:0.9449, val_ap: 0.9407
2023-04-22 15:12:46,568 - Epoch:064, train_loss:1.3767, val_auc:0.9453, val_ap: 0.9410
2023-04-22 15:12:47,031 - Epoch:065, train_loss:1.3706, val_auc:0.9454, val_ap: 0.9411
2023-04-22 15:12:47,564 - Epoch:066, train_loss:1.3814, val_auc:0.9452, val_ap: 0.9411
2023-04-22 15:12:48,037 - Epoch:067, train_loss:1.3699, val_auc:0.9452, val_ap: 0.9411
2023-04-22 15:12:48,504 - Epoch:068, train_loss:1.3674, val_auc:0.9455, val_ap: 0.9414
2023-04-22 15:12:48,984 - Epoch:069, train_loss:1.3629, val_auc:0.9455, val_ap: 0.9414
2023-04-22 15:12:49,453 - Epoch:070, train_loss:1.3628, val_auc:0.9454, val_ap: 0.9414
2023-04-22 15:12:49,917 - Epoch:071, train_loss:1.3455, val_auc:0.9456, val_ap: 0.9416
2023-04-22 15:12:50,416 - Epoch:072, train_loss:1.3523, val_auc:0.9460, val_ap: 0.9419, text_auc:0.9409, text_ap: 0.9347
2023-04-22 15:12:50,881 - Epoch:073, train_loss:1.3496, val_auc:0.9459, val_ap: 0.9419
2023-04-22 15:12:51,354 - Epoch:074, train_loss:1.3395, val_auc:0.9456, val_ap: 0.9417
2023-04-22 15:12:51,840 - Epoch:075, train_loss:1.3320, val_auc:0.9456, val_ap: 0.9417
2023-04-22 15:12:52,312 - Epoch:076, train_loss:1.3328, val_auc:0.9459, val_ap: 0.9419
2023-04-22 15:12:52,811 - Epoch:077, train_loss:1.3345, val_auc:0.9461, val_ap: 0.9420, text_auc:0.9410, text_ap: 0.9348
2023-04-22 15:12:53,308 - Epoch:078, train_loss:1.3241, val_auc:0.9462, val_ap: 0.9421, text_auc:0.9411, text_ap: 0.9349
2023-04-22 15:12:53,805 - Epoch:079, train_loss:1.3176, val_auc:0.9463, val_ap: 0.9422, text_auc:0.9413, text_ap: 0.9349
2023-04-22 15:12:54,265 - Epoch:080, train_loss:1.3166, val_auc:0.9462, val_ap: 0.9421
2023-04-22 15:12:54,733 - Epoch:081, train_loss:1.3029, val_auc:0.9462, val_ap: 0.9422
2023-04-22 15:12:55,246 - Epoch:082, train_loss:1.3144, val_auc:0.9463, val_ap: 0.9423, text_auc:0.9412, text_ap: 0.9351
2023-04-22 15:12:55,746 - Epoch:083, train_loss:1.3004, val_auc:0.9463, val_ap: 0.9423, text_auc:0.9413, text_ap: 0.9351
2023-04-22 15:12:56,209 - Epoch:084, train_loss:1.2961, val_auc:0.9463, val_ap: 0.9422
2023-04-22 15:12:56,715 - Epoch:085, train_loss:1.2967, val_auc:0.9466, val_ap: 0.9424, text_auc:0.9416, text_ap: 0.9352
2023-04-22 15:12:57,216 - Epoch:086, train_loss:1.2853, val_auc:0.9467, val_ap: 0.9425, text_auc:0.9417, text_ap: 0.9353
2023-04-22 15:12:57,692 - Epoch:087, train_loss:1.2785, val_auc:0.9466, val_ap: 0.9423
2023-04-22 15:12:58,191 - Epoch:088, train_loss:1.2878, val_auc:0.9467, val_ap: 0.9424, text_auc:0.9418, text_ap: 0.9354
2023-04-22 15:12:58,687 - Epoch:089, train_loss:1.2800, val_auc:0.9469, val_ap: 0.9425, text_auc:0.9419, text_ap: 0.9355
2023-04-22 15:12:59,159 - Epoch:090, train_loss:1.2707, val_auc:0.9467, val_ap: 0.9424
2023-04-22 15:12:59,661 - Epoch:091, train_loss:1.2627, val_auc:0.9470, val_ap: 0.9426, text_auc:0.9421, text_ap: 0.9356
2023-04-22 15:13:00,176 - Epoch:092, train_loss:1.2581, val_auc:0.9471, val_ap: 0.9427, text_auc:0.9422, text_ap: 0.9357
2023-04-22 15:13:00,620 - Epoch:093, train_loss:1.2515, val_auc:0.9471, val_ap: 0.9426
2023-04-22 15:13:01,106 - Epoch:094, train_loss:1.2581, val_auc:0.9472, val_ap: 0.9426
2023-04-22 15:13:01,624 - Epoch:095, train_loss:1.2435, val_auc:0.9475, val_ap: 0.9428, text_auc:0.9426, text_ap: 0.9360
2023-04-22 15:13:02,116 - Epoch:096, train_loss:1.2385, val_auc:0.9475, val_ap: 0.9428, text_auc:0.9428, text_ap: 0.9360
2023-04-22 15:13:02,586 - Epoch:097, train_loss:1.2417, val_auc:0.9473, val_ap: 0.9427
2023-04-22 15:13:03,100 - Epoch:098, train_loss:1.2276, val_auc:0.9476, val_ap: 0.9429, text_auc:0.9428, text_ap: 0.9361
2023-04-22 15:13:03,629 - Epoch:099, train_loss:1.2338, val_auc:0.9480, val_ap: 0.9431, text_auc:0.9432, text_ap: 0.9365
2023-04-22 15:13:04,116 - Epoch:100, train_loss:1.2226, val_auc:0.9479, val_ap: 0.9431
2023-04-22 15:13:04,625 - Epoch:101, train_loss:1.2115, val_auc:0.9478, val_ap: 0.9430
2023-04-22 15:13:05,086 - Epoch:102, train_loss:1.2165, val_auc:0.9477, val_ap: 0.9429
2023-04-22 15:13:05,590 - Epoch:103, train_loss:1.2208, val_auc:0.9482, val_ap: 0.9432, text_auc:0.9435, text_ap: 0.9366
2023-04-22 15:13:06,096 - Epoch:104, train_loss:1.2086, val_auc:0.9488, val_ap: 0.9437, text_auc:0.9441, text_ap: 0.9371
2023-04-22 15:13:06,564 - Epoch:105, train_loss:1.2149, val_auc:0.9485, val_ap: 0.9435
2023-04-22 15:13:07,039 - Epoch:106, train_loss:1.2039, val_auc:0.9487, val_ap: 0.9436
2023-04-22 15:13:07,541 - Epoch:107, train_loss:1.2022, val_auc:0.9484, val_ap: 0.9434
2023-04-22 15:13:08,027 - Epoch:108, train_loss:1.2041, val_auc:0.9484, val_ap: 0.9434
2023-04-22 15:13:08,532 - Epoch:109, train_loss:1.1967, val_auc:0.9491, val_ap: 0.9439, text_auc:0.9445, text_ap: 0.9375
2023-04-22 15:13:09,020 - Epoch:110, train_loss:1.1997, val_auc:0.9492, val_ap: 0.9440, text_auc:0.9446, text_ap: 0.9376
2023-04-22 15:13:09,493 - Epoch:111, train_loss:1.1917, val_auc:0.9490, val_ap: 0.9439
2023-04-22 15:13:10,001 - Epoch:112, train_loss:1.1819, val_auc:0.9493, val_ap: 0.9440, text_auc:0.9447, text_ap: 0.9378
2023-04-22 15:13:10,470 - Epoch:113, train_loss:1.1937, val_auc:0.9492, val_ap: 0.9440
2023-04-22 15:13:10,991 - Epoch:114, train_loss:1.1806, val_auc:0.9496, val_ap: 0.9442, text_auc:0.9451, text_ap: 0.9380
2023-04-22 15:13:11,519 - Epoch:115, train_loss:1.1757, val_auc:0.9496, val_ap: 0.9442, text_auc:0.9451, text_ap: 0.9381
2023-04-22 15:13:11,981 - Epoch:116, train_loss:1.1812, val_auc:0.9496, val_ap: 0.9442
2023-04-22 15:13:12,493 - Epoch:117, train_loss:1.1729, val_auc:0.9497, val_ap: 0.9443, text_auc:0.9452, text_ap: 0.9382
2023-04-22 15:13:12,998 - Epoch:118, train_loss:1.1831, val_auc:0.9498, val_ap: 0.9444, text_auc:0.9453, text_ap: 0.9383
2023-04-22 15:13:13,497 - Epoch:119, train_loss:1.1676, val_auc:0.9499, val_ap: 0.9444, text_auc:0.9454, text_ap: 0.9384
2023-04-22 15:13:13,986 - Epoch:120, train_loss:1.1778, val_auc:0.9503, val_ap: 0.9447, text_auc:0.9459, text_ap: 0.9388
2023-04-22 15:13:14,446 - Epoch:121, train_loss:1.1702, val_auc:0.9495, val_ap: 0.9441
2023-04-22 15:13:14,911 - Epoch:122, train_loss:1.1718, val_auc:0.9501, val_ap: 0.9446
2023-04-22 15:13:15,377 - Epoch:123, train_loss:1.1790, val_auc:0.9500, val_ap: 0.9445
2023-04-22 15:13:15,847 - Epoch:124, train_loss:1.1667, val_auc:0.9501, val_ap: 0.9445
2023-04-22 15:13:16,311 - Epoch:125, train_loss:1.1627, val_auc:0.9499, val_ap: 0.9444
2023-04-22 15:13:16,784 - Epoch:126, train_loss:1.1610, val_auc:0.9498, val_ap: 0.9442
2023-04-22 15:13:17,256 - Epoch:127, train_loss:1.1606, val_auc:0.9500, val_ap: 0.9443
2023-04-22 15:13:17,728 - Epoch:128, train_loss:1.1553, val_auc:0.9500, val_ap: 0.9444
2023-04-22 15:13:18,207 - Epoch:129, train_loss:1.1522, val_auc:0.9502, val_ap: 0.9445
2023-04-22 15:13:18,673 - Epoch:130, train_loss:1.1565, val_auc:0.9500, val_ap: 0.9444
2023-04-22 15:13:19,159 - Epoch:131, train_loss:1.1479, val_auc:0.9500, val_ap: 0.9443
2023-04-22 15:13:19,638 - Epoch:132, train_loss:1.1442, val_auc:0.9502, val_ap: 0.9445
2023-04-22 15:13:20,160 - Epoch:133, train_loss:1.1465, val_auc:0.9506, val_ap: 0.9447, text_auc:0.9466, text_ap: 0.9395
2023-04-22 15:13:20,626 - Epoch:134, train_loss:1.1481, val_auc:0.9501, val_ap: 0.9443
2023-04-22 15:13:21,144 - Epoch:135, train_loss:1.1403, val_auc:0.9505, val_ap: 0.9448, text_auc:0.9466, text_ap: 0.9396
2023-04-22 15:13:21,649 - Epoch:136, train_loss:1.1359, val_auc:0.9505, val_ap: 0.9448, text_auc:0.9467, text_ap: 0.9397
2023-04-22 15:13:22,118 - Epoch:137, train_loss:1.1376, val_auc:0.9502, val_ap: 0.9446
2023-04-22 15:13:22,626 - Epoch:138, train_loss:1.1404, val_auc:0.9514, val_ap: 0.9455, text_auc:0.9476, text_ap: 0.9404
2023-04-22 15:13:23,098 - Epoch:139, train_loss:1.1354, val_auc:0.9503, val_ap: 0.9447
2023-04-22 15:13:23,570 - Epoch:140, train_loss:1.1431, val_auc:0.9506, val_ap: 0.9449
2023-04-22 15:13:24,044 - Epoch:141, train_loss:1.1310, val_auc:0.9513, val_ap: 0.9455
2023-04-22 15:13:24,518 - Epoch:142, train_loss:1.1311, val_auc:0.9510, val_ap: 0.9453
2023-04-22 15:13:25,096 - Epoch:143, train_loss:1.1287, val_auc:0.9513, val_ap: 0.9457, text_auc:0.9475, text_ap: 0.9406
2023-04-22 15:13:25,566 - Epoch:144, train_loss:1.1337, val_auc:0.9514, val_ap: 0.9456
2023-04-22 15:13:26,107 - Epoch:145, train_loss:1.1299, val_auc:0.9517, val_ap: 0.9459, text_auc:0.9480, text_ap: 0.9409
2023-04-22 15:13:26,620 - Epoch:146, train_loss:1.1242, val_auc:0.9519, val_ap: 0.9461, text_auc:0.9482, text_ap: 0.9412
2023-04-22 15:13:27,099 - Epoch:147, train_loss:1.1262, val_auc:0.9517, val_ap: 0.9460
2023-04-22 15:13:27,576 - Epoch:148, train_loss:1.1233, val_auc:0.9512, val_ap: 0.9456
2023-04-22 15:13:28,081 - Epoch:149, train_loss:1.1227, val_auc:0.9527, val_ap: 0.9468, text_auc:0.9491, text_ap: 0.9420
2023-04-22 15:13:28,550 - Epoch:150, train_loss:1.1258, val_auc:0.9514, val_ap: 0.9458
2023-04-22 15:13:29,051 - Epoch:151, train_loss:1.1294, val_auc:0.9527, val_ap: 0.9468, text_auc:0.9491, text_ap: 0.9420
2023-04-22 15:13:29,525 - Epoch:152, train_loss:1.1232, val_auc:0.9519, val_ap: 0.9462
2023-04-22 15:13:30,022 - Epoch:153, train_loss:1.1242, val_auc:0.9529, val_ap: 0.9471, text_auc:0.9493, text_ap: 0.9423
2023-04-22 15:13:30,493 - Epoch:154, train_loss:1.1258, val_auc:0.9525, val_ap: 0.9466
2023-04-22 15:13:30,982 - Epoch:155, train_loss:1.1153, val_auc:0.9524, val_ap: 0.9466
2023-04-22 15:13:31,438 - Epoch:156, train_loss:1.1112, val_auc:0.9528, val_ap: 0.9470
2023-04-22 15:13:31,964 - Epoch:157, train_loss:1.1107, val_auc:0.9526, val_ap: 0.9468
2023-04-22 15:13:32,468 - Epoch:158, train_loss:1.1136, val_auc:0.9529, val_ap: 0.9472, text_auc:0.9494, text_ap: 0.9425
2023-04-22 15:13:32,931 - Epoch:159, train_loss:1.1099, val_auc:0.9528, val_ap: 0.9470
2023-04-22 15:13:33,436 - Epoch:160, train_loss:1.0982, val_auc:0.9532, val_ap: 0.9474, text_auc:0.9497, text_ap: 0.9428
2023-04-22 15:13:33,902 - Epoch:161, train_loss:1.1019, val_auc:0.9532, val_ap: 0.9474
2023-04-22 15:13:34,423 - Epoch:162, train_loss:1.0992, val_auc:0.9533, val_ap: 0.9474, text_auc:0.9498, text_ap: 0.9428
2023-04-22 15:13:34,921 - Epoch:163, train_loss:1.1030, val_auc:0.9533, val_ap: 0.9475, text_auc:0.9499, text_ap: 0.9430
2023-04-22 15:13:35,387 - Epoch:164, train_loss:1.0968, val_auc:0.9533, val_ap: 0.9474
2023-04-22 15:13:35,888 - Epoch:165, train_loss:1.1004, val_auc:0.9538, val_ap: 0.9479, text_auc:0.9504, text_ap: 0.9434
2023-04-22 15:13:36,390 - Epoch:166, train_loss:1.1068, val_auc:0.9542, val_ap: 0.9482, text_auc:0.9508, text_ap: 0.9438
2023-04-22 15:13:36,858 - Epoch:167, train_loss:1.1006, val_auc:0.9534, val_ap: 0.9476
2023-04-22 15:13:37,358 - Epoch:168, train_loss:1.1000, val_auc:0.9543, val_ap: 0.9483, text_auc:0.9509, text_ap: 0.9440
2023-04-22 15:13:37,863 - Epoch:169, train_loss:1.0986, val_auc:0.9543, val_ap: 0.9484, text_auc:0.9508, text_ap: 0.9439
2023-04-22 15:13:38,344 - Epoch:170, train_loss:1.0913, val_auc:0.9543, val_ap: 0.9484
2023-04-22 15:13:38,864 - Epoch:171, train_loss:1.0981, val_auc:0.9544, val_ap: 0.9485, text_auc:0.9510, text_ap: 0.9441
2023-04-22 15:13:39,330 - Epoch:172, train_loss:1.1043, val_auc:0.9542, val_ap: 0.9483
2023-04-22 15:13:39,833 - Epoch:173, train_loss:1.1008, val_auc:0.9552, val_ap: 0.9492, text_auc:0.9518, text_ap: 0.9449
2023-04-22 15:13:40,308 - Epoch:174, train_loss:1.1000, val_auc:0.9538, val_ap: 0.9481
2023-04-22 15:13:40,841 - Epoch:175, train_loss:1.0992, val_auc:0.9555, val_ap: 0.9494, text_auc:0.9521, text_ap: 0.9450
2023-04-22 15:13:41,307 - Epoch:176, train_loss:1.1047, val_auc:0.9544, val_ap: 0.9486
2023-04-22 15:13:41,773 - Epoch:177, train_loss:1.1008, val_auc:0.9549, val_ap: 0.9489
2023-04-22 15:13:42,278 - Epoch:178, train_loss:1.0952, val_auc:0.9556, val_ap: 0.9496, text_auc:0.9522, text_ap: 0.9453
2023-04-22 15:13:42,753 - Epoch:179, train_loss:1.0926, val_auc:0.9544, val_ap: 0.9486
2023-04-22 15:13:43,218 - Epoch:180, train_loss:1.0961, val_auc:0.9556, val_ap: 0.9495
2023-04-22 15:13:43,608 - Epoch:181, train_loss:1.0945, val_auc:0.9545, val_ap: 0.9487
2023-04-22 15:13:44,116 - Epoch:182, train_loss:1.0977, val_auc:0.9559, val_ap: 0.9499, text_auc:0.9526, text_ap: 0.9456
2023-04-22 15:13:44,585 - Epoch:183, train_loss:1.0971, val_auc:0.9550, val_ap: 0.9491
2023-04-22 15:13:45,062 - Epoch:184, train_loss:1.0929, val_auc:0.9553, val_ap: 0.9493
2023-04-22 15:13:45,530 - Epoch:185, train_loss:1.0973, val_auc:0.9557, val_ap: 0.9497
2023-04-22 15:13:46,009 - Epoch:186, train_loss:1.0901, val_auc:0.9552, val_ap: 0.9494
2023-04-22 15:13:46,475 - Epoch:187, train_loss:1.0898, val_auc:0.9555, val_ap: 0.9495
2023-04-22 15:13:46,949 - Epoch:188, train_loss:1.0908, val_auc:0.9558, val_ap: 0.9498
2023-04-22 15:13:47,423 - Epoch:189, train_loss:1.0852, val_auc:0.9554, val_ap: 0.9496
2023-04-22 15:13:47,969 - Epoch:190, train_loss:1.0852, val_auc:0.9563, val_ap: 0.9502, text_auc:0.9530, text_ap: 0.9462
2023-04-22 15:13:48,439 - Epoch:191, train_loss:1.0866, val_auc:0.9556, val_ap: 0.9497
2023-04-22 15:13:48,908 - Epoch:192, train_loss:1.0850, val_auc:0.9559, val_ap: 0.9499
2023-04-22 15:13:49,411 - Epoch:193, train_loss:1.0835, val_auc:0.9566, val_ap: 0.9505, text_auc:0.9534, text_ap: 0.9466
2023-04-22 15:13:49,887 - Epoch:194, train_loss:1.0854, val_auc:0.9557, val_ap: 0.9499
2023-04-22 15:13:50,348 - Epoch:195, train_loss:1.0813, val_auc:0.9563, val_ap: 0.9504
2023-04-22 15:13:50,811 - Epoch:196, train_loss:1.0865, val_auc:0.9560, val_ap: 0.9502
2023-04-22 15:13:51,317 - Epoch:197, train_loss:1.0796, val_auc:0.9569, val_ap: 0.9509, text_auc:0.9536, text_ap: 0.9470
2023-04-22 15:13:51,778 - Epoch:198, train_loss:1.0808, val_auc:0.9567, val_ap: 0.9508
2023-04-22 15:13:52,250 - Epoch:199, train_loss:1.0816, val_auc:0.9566, val_ap: 0.9508
2023-04-22 15:13:52,252 - final results:
2023-04-22 15:13:52,252 - ====================================================================================
2023-04-22 15:13:52,253 - AUC:0.9553+-0.0015 [0.9567285948138129, 0.9539534981117317, 0.956699392589983, 0.9536481378822881]
2023-04-22 15:13:52,253 - AP:0.9490+-0.0014 [0.9499049836770043, 0.9484799901959682, 0.9507022849088851, 0.9470019641801873]
2023-04-22 15:13:52,837 - Epoch:000, train_loss:5.0089, val_auc:0.9438, val_ap: 0.9350, text_auc:0.9462, text_ap: 0.9371
2023-04-22 15:13:53,343 - Epoch:001, train_loss:4.9190, val_auc:0.9448, val_ap: 0.9351, text_auc:0.9475, text_ap: 0.9372
2023-04-22 15:13:53,808 - Epoch:002, train_loss:4.4294, val_auc:0.9445, val_ap: 0.9351
2023-04-22 15:13:54,275 - Epoch:003, train_loss:4.5450, val_auc:0.9430, val_ap: 0.9332
2023-04-22 15:13:54,742 - Epoch:004, train_loss:4.4307, val_auc:0.9442, val_ap: 0.9345
2023-04-22 15:13:55,212 - Epoch:005, train_loss:4.0811, val_auc:0.9430, val_ap: 0.9333
2023-04-22 15:13:55,758 - Epoch:006, train_loss:3.8967, val_auc:0.9447, val_ap: 0.9365, text_auc:0.9487, text_ap: 0.9387
2023-04-22 15:13:56,229 - Epoch:007, train_loss:3.8171, val_auc:0.9426, val_ap: 0.9337
2023-04-22 15:13:56,739 - Epoch:008, train_loss:3.7052, val_auc:0.9415, val_ap: 0.9324
2023-04-22 15:13:57,212 - Epoch:009, train_loss:3.1980, val_auc:0.9406, val_ap: 0.9323
2023-04-22 15:13:57,758 - Epoch:010, train_loss:2.8718, val_auc:0.9415, val_ap: 0.9336
2023-04-22 15:13:58,261 - Epoch:011, train_loss:2.7166, val_auc:0.9422, val_ap: 0.9346
2023-04-22 15:13:58,737 - Epoch:012, train_loss:2.7216, val_auc:0.9415, val_ap: 0.9341
2023-04-22 15:13:59,167 - Epoch:013, train_loss:2.4686, val_auc:0.9408, val_ap: 0.9333
2023-04-22 15:13:59,634 - Epoch:014, train_loss:2.1395, val_auc:0.9400, val_ap: 0.9319
2023-04-22 15:14:00,115 - Epoch:015, train_loss:1.9300, val_auc:0.9395, val_ap: 0.9317
2023-04-22 15:14:00,588 - Epoch:016, train_loss:1.9551, val_auc:0.9390, val_ap: 0.9317
2023-04-22 15:14:01,066 - Epoch:017, train_loss:1.9602, val_auc:0.9391, val_ap: 0.9320
2023-04-22 15:14:01,559 - Epoch:018, train_loss:1.8892, val_auc:0.9394, val_ap: 0.9324
2023-04-22 15:14:02,028 - Epoch:019, train_loss:1.7934, val_auc:0.9391, val_ap: 0.9322
2023-04-22 15:14:02,500 - Epoch:020, train_loss:1.7272, val_auc:0.9387, val_ap: 0.9317
2023-04-22 15:14:02,952 - Epoch:021, train_loss:1.6740, val_auc:0.9380, val_ap: 0.9311
2023-04-22 15:14:03,403 - Epoch:022, train_loss:1.6518, val_auc:0.9374, val_ap: 0.9306
2023-04-22 15:14:03,844 - Epoch:023, train_loss:1.6448, val_auc:0.9372, val_ap: 0.9304
2023-04-22 15:14:04,314 - Epoch:024, train_loss:1.6437, val_auc:0.9373, val_ap: 0.9304
2023-04-22 15:14:04,813 - Epoch:025, train_loss:1.6213, val_auc:0.9373, val_ap: 0.9303
2023-04-22 15:14:05,330 - Epoch:026, train_loss:1.5945, val_auc:0.9374, val_ap: 0.9303
2023-04-22 15:14:05,805 - Epoch:027, train_loss:1.5630, val_auc:0.9374, val_ap: 0.9304
2023-04-22 15:14:06,312 - Epoch:028, train_loss:1.5536, val_auc:0.9373, val_ap: 0.9305
2023-04-22 15:14:06,863 - Epoch:029, train_loss:1.5443, val_auc:0.9370, val_ap: 0.9304
2023-04-22 15:14:07,344 - Epoch:030, train_loss:1.5369, val_auc:0.9365, val_ap: 0.9302
2023-04-22 15:14:07,813 - Epoch:031, train_loss:1.5306, val_auc:0.9364, val_ap: 0.9302
2023-04-22 15:14:08,284 - Epoch:032, train_loss:1.5202, val_auc:0.9366, val_ap: 0.9303
2023-04-22 15:14:08,750 - Epoch:033, train_loss:1.5123, val_auc:0.9370, val_ap: 0.9305
2023-04-22 15:14:09,223 - Epoch:034, train_loss:1.4934, val_auc:0.9372, val_ap: 0.9306
2023-04-22 15:14:09,690 - Epoch:035, train_loss:1.4985, val_auc:0.9374, val_ap: 0.9307
2023-04-22 15:14:10,165 - Epoch:036, train_loss:1.4869, val_auc:0.9374, val_ap: 0.9308
2023-04-22 15:14:10,644 - Epoch:037, train_loss:1.4778, val_auc:0.9374, val_ap: 0.9309
2023-04-22 15:14:11,110 - Epoch:038, train_loss:1.4734, val_auc:0.9373, val_ap: 0.9309
2023-04-22 15:14:11,584 - Epoch:039, train_loss:1.4663, val_auc:0.9373, val_ap: 0.9310
2023-04-22 15:14:12,049 - Epoch:040, train_loss:1.4715, val_auc:0.9372, val_ap: 0.9311
2023-04-22 15:14:12,517 - Epoch:041, train_loss:1.4576, val_auc:0.9371, val_ap: 0.9312
2023-04-22 15:14:12,991 - Epoch:042, train_loss:1.4520, val_auc:0.9373, val_ap: 0.9315
2023-04-22 15:14:13,461 - Epoch:043, train_loss:1.4522, val_auc:0.9377, val_ap: 0.9319
2023-04-22 15:14:13,941 - Epoch:044, train_loss:1.4463, val_auc:0.9380, val_ap: 0.9322
2023-04-22 15:14:14,415 - Epoch:045, train_loss:1.4416, val_auc:0.9380, val_ap: 0.9322
2023-04-22 15:14:14,884 - Epoch:046, train_loss:1.4343, val_auc:0.9379, val_ap: 0.9321
2023-04-22 15:14:15,351 - Epoch:047, train_loss:1.4270, val_auc:0.9377, val_ap: 0.9320
2023-04-22 15:14:15,820 - Epoch:048, train_loss:1.4284, val_auc:0.9377, val_ap: 0.9320
2023-04-22 15:14:16,288 - Epoch:049, train_loss:1.4238, val_auc:0.9380, val_ap: 0.9322
2023-04-22 15:14:16,756 - Epoch:050, train_loss:1.4168, val_auc:0.9382, val_ap: 0.9325
2023-04-22 15:14:17,231 - Epoch:051, train_loss:1.4180, val_auc:0.9384, val_ap: 0.9328
2023-04-22 15:14:17,706 - Epoch:052, train_loss:1.4143, val_auc:0.9385, val_ap: 0.9329
2023-04-22 15:14:18,175 - Epoch:053, train_loss:1.4035, val_auc:0.9384, val_ap: 0.9329
2023-04-22 15:14:18,628 - Epoch:054, train_loss:1.3986, val_auc:0.9384, val_ap: 0.9330
2023-04-22 15:14:19,129 - Epoch:055, train_loss:1.4061, val_auc:0.9385, val_ap: 0.9331
2023-04-22 15:14:19,630 - Epoch:056, train_loss:1.3961, val_auc:0.9386, val_ap: 0.9332
2023-04-22 15:14:20,115 - Epoch:057, train_loss:1.4018, val_auc:0.9388, val_ap: 0.9333
2023-04-22 15:14:20,575 - Epoch:058, train_loss:1.3919, val_auc:0.9391, val_ap: 0.9335
2023-04-22 15:14:21,046 - Epoch:059, train_loss:1.3854, val_auc:0.9392, val_ap: 0.9337
2023-04-22 15:14:21,511 - Epoch:060, train_loss:1.3793, val_auc:0.9390, val_ap: 0.9336
2023-04-22 15:14:21,978 - Epoch:061, train_loss:1.3760, val_auc:0.9389, val_ap: 0.9336
2023-04-22 15:14:22,465 - Epoch:062, train_loss:1.3791, val_auc:0.9389, val_ap: 0.9336
2023-04-22 15:14:22,978 - Epoch:063, train_loss:1.3693, val_auc:0.9390, val_ap: 0.9337
2023-04-22 15:14:23,467 - Epoch:064, train_loss:1.3689, val_auc:0.9392, val_ap: 0.9339
2023-04-22 15:14:23,946 - Epoch:065, train_loss:1.3660, val_auc:0.9395, val_ap: 0.9341
2023-04-22 15:14:24,428 - Epoch:066, train_loss:1.3619, val_auc:0.9396, val_ap: 0.9342
2023-04-22 15:14:24,933 - Epoch:067, train_loss:1.3465, val_auc:0.9396, val_ap: 0.9343
2023-04-22 15:14:25,395 - Epoch:068, train_loss:1.3416, val_auc:0.9397, val_ap: 0.9343
2023-04-22 15:14:25,878 - Epoch:069, train_loss:1.3433, val_auc:0.9397, val_ap: 0.9344
2023-04-22 15:14:26,349 - Epoch:070, train_loss:1.3364, val_auc:0.9396, val_ap: 0.9344
2023-04-22 15:14:26,838 - Epoch:071, train_loss:1.3334, val_auc:0.9397, val_ap: 0.9344
2023-04-22 15:14:27,320 - Epoch:072, train_loss:1.3310, val_auc:0.9397, val_ap: 0.9345
2023-04-22 15:14:27,805 - Epoch:073, train_loss:1.3284, val_auc:0.9397, val_ap: 0.9345
2023-04-22 15:14:28,284 - Epoch:074, train_loss:1.3206, val_auc:0.9396, val_ap: 0.9344
2023-04-22 15:14:28,759 - Epoch:075, train_loss:1.3208, val_auc:0.9400, val_ap: 0.9347
2023-04-22 15:14:29,269 - Epoch:076, train_loss:1.3104, val_auc:0.9404, val_ap: 0.9350
2023-04-22 15:14:29,814 - Epoch:077, train_loss:1.3107, val_auc:0.9405, val_ap: 0.9350
2023-04-22 15:14:30,302 - Epoch:078, train_loss:1.3089, val_auc:0.9404, val_ap: 0.9350
2023-04-22 15:14:30,784 - Epoch:079, train_loss:1.3008, val_auc:0.9404, val_ap: 0.9350
2023-04-22 15:14:31,281 - Epoch:080, train_loss:1.2955, val_auc:0.9401, val_ap: 0.9347
2023-04-22 15:14:31,751 - Epoch:081, train_loss:1.2920, val_auc:0.9401, val_ap: 0.9347
2023-04-22 15:14:32,236 - Epoch:082, train_loss:1.2898, val_auc:0.9402, val_ap: 0.9348
2023-04-22 15:14:32,730 - Epoch:083, train_loss:1.2800, val_auc:0.9403, val_ap: 0.9348
2023-04-22 15:14:33,210 - Epoch:084, train_loss:1.2797, val_auc:0.9406, val_ap: 0.9350
2023-04-22 15:14:33,677 - Epoch:085, train_loss:1.2721, val_auc:0.9408, val_ap: 0.9352
2023-04-22 15:14:34,158 - Epoch:086, train_loss:1.2688, val_auc:0.9409, val_ap: 0.9352
2023-04-22 15:14:34,616 - Epoch:087, train_loss:1.2714, val_auc:0.9407, val_ap: 0.9350
2023-04-22 15:14:35,100 - Epoch:088, train_loss:1.2634, val_auc:0.9403, val_ap: 0.9348
2023-04-22 15:14:35,579 - Epoch:089, train_loss:1.2623, val_auc:0.9404, val_ap: 0.9347
2023-04-22 15:14:36,049 - Epoch:090, train_loss:1.2566, val_auc:0.9407, val_ap: 0.9350
2023-04-22 15:14:36,544 - Epoch:091, train_loss:1.2424, val_auc:0.9411, val_ap: 0.9353
2023-04-22 15:14:37,028 - Epoch:092, train_loss:1.2498, val_auc:0.9411, val_ap: 0.9353
2023-04-22 15:14:37,506 - Epoch:093, train_loss:1.2422, val_auc:0.9407, val_ap: 0.9349
2023-04-22 15:14:37,982 - Epoch:094, train_loss:1.2417, val_auc:0.9405, val_ap: 0.9348
2023-04-22 15:14:38,457 - Epoch:095, train_loss:1.2279, val_auc:0.9406, val_ap: 0.9349
2023-04-22 15:14:38,877 - Epoch:096, train_loss:1.2388, val_auc:0.9410, val_ap: 0.9351
2023-04-22 15:14:39,301 - Epoch:097, train_loss:1.2303, val_auc:0.9413, val_ap: 0.9353
2023-04-22 15:14:39,757 - Epoch:098, train_loss:1.2262, val_auc:0.9410, val_ap: 0.9350
2023-04-22 15:14:40,192 - Epoch:099, train_loss:1.2244, val_auc:0.9406, val_ap: 0.9347
2023-04-22 15:14:40,681 - Epoch:100, train_loss:1.2271, val_auc:0.9412, val_ap: 0.9352
2023-04-22 15:14:41,143 - Epoch:101, train_loss:1.2161, val_auc:0.9410, val_ap: 0.9350
2023-04-22 15:14:41,626 - Epoch:102, train_loss:1.2117, val_auc:0.9411, val_ap: 0.9351
2023-04-22 15:14:42,111 - Epoch:103, train_loss:1.2078, val_auc:0.9410, val_ap: 0.9350
2023-04-22 15:14:42,627 - Epoch:104, train_loss:1.2105, val_auc:0.9410, val_ap: 0.9350
2023-04-22 15:14:43,153 - Epoch:105, train_loss:1.2068, val_auc:0.9412, val_ap: 0.9351
2023-04-22 15:14:43,635 - Epoch:106, train_loss:1.1944, val_auc:0.9413, val_ap: 0.9352
2023-04-22 15:14:44,101 - Epoch:107, train_loss:1.1993, val_auc:0.9412, val_ap: 0.9351
2023-04-22 15:14:44,580 - Epoch:108, train_loss:1.1949, val_auc:0.9414, val_ap: 0.9352
2023-04-22 15:14:45,113 - Epoch:109, train_loss:1.1958, val_auc:0.9413, val_ap: 0.9351
2023-04-22 15:14:45,537 - Epoch:110, train_loss:1.1881, val_auc:0.9415, val_ap: 0.9352
2023-04-22 15:14:46,034 - Epoch:111, train_loss:1.1923, val_auc:0.9413, val_ap: 0.9351
2023-04-22 15:14:46,519 - Epoch:112, train_loss:1.1857, val_auc:0.9417, val_ap: 0.9354
2023-04-22 15:14:47,003 - Epoch:113, train_loss:1.1856, val_auc:0.9417, val_ap: 0.9354
2023-04-22 15:14:47,489 - Epoch:114, train_loss:1.1836, val_auc:0.9415, val_ap: 0.9352
2023-04-22 15:14:47,969 - Epoch:115, train_loss:1.1892, val_auc:0.9420, val_ap: 0.9356
2023-04-22 15:14:48,456 - Epoch:116, train_loss:1.1811, val_auc:0.9421, val_ap: 0.9357
2023-04-22 15:14:48,942 - Epoch:117, train_loss:1.1783, val_auc:0.9420, val_ap: 0.9356
2023-04-22 15:14:49,412 - Epoch:118, train_loss:1.1785, val_auc:0.9425, val_ap: 0.9359
2023-04-22 15:14:49,923 - Epoch:119, train_loss:1.1699, val_auc:0.9419, val_ap: 0.9355
2023-04-22 15:14:50,456 - Epoch:120, train_loss:1.1666, val_auc:0.9419, val_ap: 0.9355
2023-04-22 15:14:50,947 - Epoch:121, train_loss:1.1717, val_auc:0.9425, val_ap: 0.9359
2023-04-22 15:14:51,436 - Epoch:122, train_loss:1.1680, val_auc:0.9424, val_ap: 0.9358
2023-04-22 15:14:51,924 - Epoch:123, train_loss:1.1698, val_auc:0.9427, val_ap: 0.9360
2023-04-22 15:14:52,398 - Epoch:124, train_loss:1.1628, val_auc:0.9429, val_ap: 0.9362
2023-04-22 15:14:52,934 - Epoch:125, train_loss:1.1679, val_auc:0.9427, val_ap: 0.9359
2023-04-22 15:14:53,395 - Epoch:126, train_loss:1.1687, val_auc:0.9432, val_ap: 0.9363
2023-04-22 15:14:53,913 - Epoch:127, train_loss:1.1549, val_auc:0.9433, val_ap: 0.9363
2023-04-22 15:14:54,388 - Epoch:128, train_loss:1.1501, val_auc:0.9432, val_ap: 0.9362
2023-04-22 15:14:54,894 - Epoch:129, train_loss:1.1617, val_auc:0.9433, val_ap: 0.9363
2023-04-22 15:14:55,400 - Epoch:130, train_loss:1.1610, val_auc:0.9431, val_ap: 0.9361
2023-04-22 15:14:55,907 - Epoch:131, train_loss:1.1497, val_auc:0.9439, val_ap: 0.9367
2023-04-22 15:14:56,390 - Epoch:132, train_loss:1.1576, val_auc:0.9440, val_ap: 0.9367
2023-04-22 15:14:56,878 - Epoch:133, train_loss:1.1528, val_auc:0.9440, val_ap: 0.9367
2023-04-22 15:14:57,387 - Epoch:134, train_loss:1.1529, val_auc:0.9441, val_ap: 0.9368
2023-04-22 15:14:57,900 - Epoch:135, train_loss:1.1477, val_auc:0.9441, val_ap: 0.9367
2023-04-22 15:14:58,438 - Epoch:136, train_loss:1.1439, val_auc:0.9445, val_ap: 0.9371, text_auc:0.9487, text_ap: 0.9419
2023-04-22 15:14:59,032 - Epoch:137, train_loss:1.1453, val_auc:0.9448, val_ap: 0.9373, text_auc:0.9488, text_ap: 0.9420
2023-04-22 15:14:59,531 - Epoch:138, train_loss:1.1420, val_auc:0.9448, val_ap: 0.9373
2023-04-22 15:15:00,071 - Epoch:139, train_loss:1.1386, val_auc:0.9448, val_ap: 0.9372
2023-04-22 15:15:00,595 - Epoch:140, train_loss:1.1357, val_auc:0.9450, val_ap: 0.9374, text_auc:0.9489, text_ap: 0.9420
2023-04-22 15:15:01,115 - Epoch:141, train_loss:1.1353, val_auc:0.9452, val_ap: 0.9375, text_auc:0.9490, text_ap: 0.9421
2023-04-22 15:15:01,598 - Epoch:142, train_loss:1.1407, val_auc:0.9451, val_ap: 0.9374
2023-04-22 15:15:02,161 - Epoch:143, train_loss:1.1343, val_auc:0.9456, val_ap: 0.9378, text_auc:0.9493, text_ap: 0.9423
2023-04-22 15:15:02,656 - Epoch:144, train_loss:1.1273, val_auc:0.9452, val_ap: 0.9375
2023-04-22 15:15:03,186 - Epoch:145, train_loss:1.1311, val_auc:0.9460, val_ap: 0.9381, text_auc:0.9496, text_ap: 0.9425
2023-04-22 15:15:03,658 - Epoch:146, train_loss:1.1342, val_auc:0.9455, val_ap: 0.9377
2023-04-22 15:15:04,190 - Epoch:147, train_loss:1.1281, val_auc:0.9456, val_ap: 0.9378
2023-04-22 15:15:04,728 - Epoch:148, train_loss:1.1222, val_auc:0.9462, val_ap: 0.9383, text_auc:0.9497, text_ap: 0.9426
2023-04-22 15:15:05,220 - Epoch:149, train_loss:1.1257, val_auc:0.9458, val_ap: 0.9378
2023-04-22 15:15:05,728 - Epoch:150, train_loss:1.1236, val_auc:0.9465, val_ap: 0.9385, text_auc:0.9499, text_ap: 0.9428
2023-04-22 15:15:06,195 - Epoch:151, train_loss:1.1203, val_auc:0.9461, val_ap: 0.9381
2023-04-22 15:15:06,709 - Epoch:152, train_loss:1.1209, val_auc:0.9468, val_ap: 0.9388, text_auc:0.9501, text_ap: 0.9430
2023-04-22 15:15:07,188 - Epoch:153, train_loss:1.1125, val_auc:0.9464, val_ap: 0.9384
2023-04-22 15:15:07,691 - Epoch:154, train_loss:1.1183, val_auc:0.9465, val_ap: 0.9384
2023-04-22 15:15:08,192 - Epoch:155, train_loss:1.1079, val_auc:0.9460, val_ap: 0.9381
2023-04-22 15:15:08,765 - Epoch:156, train_loss:1.1144, val_auc:0.9469, val_ap: 0.9388, text_auc:0.9501, text_ap: 0.9428
2023-04-22 15:15:09,254 - Epoch:157, train_loss:1.1120, val_auc:0.9466, val_ap: 0.9386
2023-04-22 15:15:09,785 - Epoch:158, train_loss:1.1124, val_auc:0.9474, val_ap: 0.9393, text_auc:0.9505, text_ap: 0.9432
2023-04-22 15:15:10,338 - Epoch:159, train_loss:1.1025, val_auc:0.9465, val_ap: 0.9385
2023-04-22 15:15:10,815 - Epoch:160, train_loss:1.1120, val_auc:0.9473, val_ap: 0.9391
2023-04-22 15:15:11,331 - Epoch:161, train_loss:1.1054, val_auc:0.9469, val_ap: 0.9387
2023-04-22 15:15:11,871 - Epoch:162, train_loss:1.1069, val_auc:0.9474, val_ap: 0.9392, text_auc:0.9505, text_ap: 0.9432
2023-04-22 15:15:12,351 - Epoch:163, train_loss:1.1063, val_auc:0.9473, val_ap: 0.9391
2023-04-22 15:15:12,874 - Epoch:164, train_loss:1.0984, val_auc:0.9475, val_ap: 0.9395, text_auc:0.9506, text_ap: 0.9434
2023-04-22 15:15:13,446 - Epoch:165, train_loss:1.1047, val_auc:0.9477, val_ap: 0.9395, text_auc:0.9506, text_ap: 0.9433
2023-04-22 15:15:13,917 - Epoch:166, train_loss:1.1045, val_auc:0.9476, val_ap: 0.9395
2023-04-22 15:15:14,435 - Epoch:167, train_loss:1.0908, val_auc:0.9482, val_ap: 0.9399, text_auc:0.9512, text_ap: 0.9437
2023-04-22 15:15:14,954 - Epoch:168, train_loss:1.0971, val_auc:0.9474, val_ap: 0.9394
2023-04-22 15:15:15,471 - Epoch:169, train_loss:1.1036, val_auc:0.9483, val_ap: 0.9400, text_auc:0.9512, text_ap: 0.9437
2023-04-22 15:15:15,937 - Epoch:170, train_loss:1.1003, val_auc:0.9477, val_ap: 0.9396
2023-04-22 15:15:16,432 - Epoch:171, train_loss:1.0989, val_auc:0.9482, val_ap: 0.9400
2023-04-22 15:15:16,941 - Epoch:172, train_loss:1.0922, val_auc:0.9483, val_ap: 0.9401, text_auc:0.9511, text_ap: 0.9438
2023-04-22 15:15:17,460 - Epoch:173, train_loss:1.0929, val_auc:0.9486, val_ap: 0.9405, text_auc:0.9515, text_ap: 0.9443
2023-04-22 15:15:17,940 - Epoch:174, train_loss:1.0961, val_auc:0.9480, val_ap: 0.9398
2023-04-22 15:15:18,463 - Epoch:175, train_loss:1.0853, val_auc:0.9486, val_ap: 0.9404
2023-04-22 15:15:18,964 - Epoch:176, train_loss:1.0806, val_auc:0.9482, val_ap: 0.9400
2023-04-22 15:15:19,499 - Epoch:177, train_loss:1.0950, val_auc:0.9488, val_ap: 0.9407, text_auc:0.9517, text_ap: 0.9444
2023-04-22 15:15:20,034 - Epoch:178, train_loss:1.0869, val_auc:0.9493, val_ap: 0.9410, text_auc:0.9521, text_ap: 0.9447
2023-04-22 15:15:20,559 - Epoch:179, train_loss:1.0891, val_auc:0.9484, val_ap: 0.9404
2023-04-22 15:15:21,077 - Epoch:180, train_loss:1.0863, val_auc:0.9491, val_ap: 0.9409
2023-04-22 15:15:21,568 - Epoch:181, train_loss:1.0832, val_auc:0.9486, val_ap: 0.9405
2023-04-22 15:15:22,093 - Epoch:182, train_loss:1.0926, val_auc:0.9494, val_ap: 0.9414, text_auc:0.9523, text_ap: 0.9451
2023-04-22 15:15:22,608 - Epoch:183, train_loss:1.0804, val_auc:0.9497, val_ap: 0.9416, text_auc:0.9525, text_ap: 0.9452
2023-04-22 15:15:23,099 - Epoch:184, train_loss:1.0828, val_auc:0.9490, val_ap: 0.9409
2023-04-22 15:15:23,588 - Epoch:185, train_loss:1.0823, val_auc:0.9490, val_ap: 0.9409
2023-04-22 15:15:24,126 - Epoch:186, train_loss:1.0816, val_auc:0.9493, val_ap: 0.9413
2023-04-22 15:15:24,632 - Epoch:187, train_loss:1.0795, val_auc:0.9499, val_ap: 0.9419, text_auc:0.9526, text_ap: 0.9455
2023-04-22 15:15:25,171 - Epoch:188, train_loss:1.0845, val_auc:0.9500, val_ap: 0.9420, text_auc:0.9529, text_ap: 0.9456
2023-04-22 15:15:25,674 - Epoch:189, train_loss:1.0823, val_auc:0.9496, val_ap: 0.9415
2023-04-22 15:15:26,153 - Epoch:190, train_loss:1.0802, val_auc:0.9497, val_ap: 0.9417
2023-04-22 15:15:26,680 - Epoch:191, train_loss:1.0793, val_auc:0.9502, val_ap: 0.9422, text_auc:0.9530, text_ap: 0.9458
2023-04-22 15:15:27,155 - Epoch:192, train_loss:1.0807, val_auc:0.9497, val_ap: 0.9419
2023-04-22 15:15:27,715 - Epoch:193, train_loss:1.0763, val_auc:0.9508, val_ap: 0.9428, text_auc:0.9535, text_ap: 0.9464
2023-04-22 15:15:28,186 - Epoch:194, train_loss:1.0710, val_auc:0.9494, val_ap: 0.9416
2023-04-22 15:15:28,668 - Epoch:195, train_loss:1.0737, val_auc:0.9506, val_ap: 0.9425
2023-04-22 15:15:29,148 - Epoch:196, train_loss:1.0756, val_auc:0.9501, val_ap: 0.9424
2023-04-22 15:15:29,619 - Epoch:197, train_loss:1.0742, val_auc:0.9504, val_ap: 0.9424
2023-04-22 15:15:30,089 - Epoch:198, train_loss:1.0759, val_auc:0.9504, val_ap: 0.9428
2023-04-22 15:15:30,607 - Epoch:199, train_loss:1.0770, val_auc:0.9507, val_ap: 0.9428
2023-04-22 15:15:30,609 - final results:
2023-04-22 15:15:30,610 - ====================================================================================
2023-04-22 15:15:30,610 - AUC:0.9549+-0.0015 [0.9567285948138129, 0.9539534981117317, 0.956699392589983, 0.9536481378822881, 0.9535480911950878]
2023-04-22 15:15:30,610 - AP:0.9485+-0.0016 [0.9499049836770043, 0.9484799901959682, 0.9507022849088851, 0.9470019641801873, 0.9464112557367156]
