2023-04-22 14:43:38,751 - args: Namespace(dataset='Cornell', datapath='../dataset', log_dir='logs/', name='debug', epoch=200, model_lr=0.01, mi_lr=0.003, alpha=0.01, k=5, x_dim=64, mi_iter=5, routit=3, val_frac=0.05, test_frac=0.15, dropout=0, model='VGAE', mi_est='CLUBSample', gpu=-1, trails=5, seed=-1, verbose=1, argv=['/home/dell/zxj/VGDAE_TNNLS_1/VGDAE/Updata/other_dataset/DGAE/main_vgae_cora_80.py'], device=device(type='cuda', index=0))
2023-04-22 14:43:41,803 - Epoch:000, train_loss:16.4435, val_auc:0.7031, val_ap: 0.7768, text_auc:0.7208, text_ap: 0.7427
2023-04-22 14:43:42,154 - Epoch:001, train_loss:15.5174, val_auc:0.7031, val_ap: 0.7497
2023-04-22 14:43:42,516 - Epoch:002, train_loss:17.3240, val_auc:0.6719, val_ap: 0.7281
2023-04-22 14:43:42,878 - Epoch:003, train_loss:16.6090, val_auc:0.6719, val_ap: 0.6884
2023-04-22 14:43:43,241 - Epoch:004, train_loss:16.3966, val_auc:0.6562, val_ap: 0.6765
2023-04-22 14:43:43,604 - Epoch:005, train_loss:16.8141, val_auc:0.6562, val_ap: 0.6765
2023-04-22 14:43:43,966 - Epoch:006, train_loss:16.5521, val_auc:0.6406, val_ap: 0.6697
2023-04-22 14:43:44,327 - Epoch:007, train_loss:15.9352, val_auc:0.6406, val_ap: 0.6697
2023-04-22 14:43:44,691 - Epoch:008, train_loss:17.7315, val_auc:0.6250, val_ap: 0.6610
2023-04-22 14:43:45,053 - Epoch:009, train_loss:15.1443, val_auc:0.6406, val_ap: 0.7026
2023-04-22 14:43:45,414 - Epoch:010, train_loss:13.9825, val_auc:0.6875, val_ap: 0.7473
2023-04-22 14:43:45,777 - Epoch:011, train_loss:16.4315, val_auc:0.6875, val_ap: 0.7473
2023-04-22 14:43:46,139 - Epoch:012, train_loss:17.4631, val_auc:0.6875, val_ap: 0.7473
2023-04-22 14:43:46,501 - Epoch:013, train_loss:15.4026, val_auc:0.6875, val_ap: 0.7473
2023-04-22 14:43:46,864 - Epoch:014, train_loss:15.9818, val_auc:0.6875, val_ap: 0.7473
2023-04-22 14:43:47,227 - Epoch:015, train_loss:17.0707, val_auc:0.6719, val_ap: 0.7384
2023-04-22 14:43:47,591 - Epoch:016, train_loss:16.2661, val_auc:0.6719, val_ap: 0.7384
2023-04-22 14:43:47,952 - Epoch:017, train_loss:15.3818, val_auc:0.6719, val_ap: 0.7430
2023-04-22 14:43:48,314 - Epoch:018, train_loss:15.4263, val_auc:0.6719, val_ap: 0.7384
2023-04-22 14:43:48,676 - Epoch:019, train_loss:12.8362, val_auc:0.6719, val_ap: 0.7384
2023-04-22 14:43:49,038 - Epoch:020, train_loss:15.9159, val_auc:0.6719, val_ap: 0.7384
2023-04-22 14:43:49,401 - Epoch:021, train_loss:14.0041, val_auc:0.6719, val_ap: 0.7384
2023-04-22 14:43:49,764 - Epoch:022, train_loss:14.1474, val_auc:0.6562, val_ap: 0.7072
2023-04-22 14:43:50,125 - Epoch:023, train_loss:13.4137, val_auc:0.6562, val_ap: 0.7072
2023-04-22 14:43:50,488 - Epoch:024, train_loss:16.2735, val_auc:0.6562, val_ap: 0.7072
2023-04-22 14:43:50,850 - Epoch:025, train_loss:17.8189, val_auc:0.6562, val_ap: 0.7072
2023-04-22 14:43:51,212 - Epoch:026, train_loss:12.2349, val_auc:0.6641, val_ap: 0.7072
2023-04-22 14:43:51,578 - Epoch:027, train_loss:12.4752, val_auc:0.6719, val_ap: 0.7136
2023-04-22 14:43:51,938 - Epoch:028, train_loss:16.1324, val_auc:0.6875, val_ap: 0.7225
2023-04-22 14:43:52,299 - Epoch:029, train_loss:15.1421, val_auc:0.6875, val_ap: 0.7225
2023-04-22 14:43:52,662 - Epoch:030, train_loss:12.5219, val_auc:0.6875, val_ap: 0.7225
2023-04-22 14:43:53,024 - Epoch:031, train_loss:13.6840, val_auc:0.6875, val_ap: 0.7225
2023-04-22 14:43:53,387 - Epoch:032, train_loss:12.3643, val_auc:0.6875, val_ap: 0.7225
2023-04-22 14:43:53,752 - Epoch:033, train_loss:13.3325, val_auc:0.7031, val_ap: 0.7538
2023-04-22 14:43:54,111 - Epoch:034, train_loss:15.2984, val_auc:0.7031, val_ap: 0.7538
2023-04-22 14:43:54,479 - Epoch:035, train_loss:13.3960, val_auc:0.7188, val_ap: 0.7624, text_auc:0.7200, text_ap: 0.7321
2023-04-22 14:43:54,836 - Epoch:036, train_loss:13.2077, val_auc:0.7188, val_ap: 0.7624
2023-04-22 14:43:55,199 - Epoch:037, train_loss:12.8567, val_auc:0.7188, val_ap: 0.7624
2023-04-22 14:43:55,567 - Epoch:038, train_loss:14.5438, val_auc:0.7344, val_ap: 0.7708, text_auc:0.7168, text_ap: 0.7295
2023-04-22 14:43:55,933 - Epoch:039, train_loss:12.1295, val_auc:0.7344, val_ap: 0.7708
2023-04-22 14:43:56,295 - Epoch:040, train_loss:11.4166, val_auc:0.7344, val_ap: 0.7708
2023-04-22 14:43:56,658 - Epoch:041, train_loss:13.2117, val_auc:0.7188, val_ap: 0.7395
2023-04-22 14:43:57,020 - Epoch:042, train_loss:14.8333, val_auc:0.7031, val_ap: 0.7331
2023-04-22 14:43:57,382 - Epoch:043, train_loss:11.8624, val_auc:0.7031, val_ap: 0.7331
2023-04-22 14:43:57,746 - Epoch:044, train_loss:12.4913, val_auc:0.7031, val_ap: 0.7331
2023-04-22 14:43:58,107 - Epoch:045, train_loss:15.3155, val_auc:0.7031, val_ap: 0.7331
2023-04-22 14:43:58,470 - Epoch:046, train_loss:12.0103, val_auc:0.7031, val_ap: 0.7331
2023-04-22 14:43:58,832 - Epoch:047, train_loss:11.4885, val_auc:0.7031, val_ap: 0.7331
2023-04-22 14:43:59,194 - Epoch:048, train_loss:11.0153, val_auc:0.7031, val_ap: 0.7331
2023-04-22 14:43:59,557 - Epoch:049, train_loss:12.4372, val_auc:0.7031, val_ap: 0.7331
2023-04-22 14:43:59,920 - Epoch:050, train_loss:13.9220, val_auc:0.7031, val_ap: 0.7331
2023-04-22 14:44:00,282 - Epoch:051, train_loss:13.9106, val_auc:0.7031, val_ap: 0.7331
2023-04-22 14:44:00,644 - Epoch:052, train_loss:13.5187, val_auc:0.7031, val_ap: 0.7331
2023-04-22 14:44:01,007 - Epoch:053, train_loss:11.7529, val_auc:0.7031, val_ap: 0.7331
2023-04-22 14:44:01,369 - Epoch:054, train_loss:11.3878, val_auc:0.7031, val_ap: 0.7331
2023-04-22 14:44:01,724 - Epoch:055, train_loss:11.9419, val_auc:0.7031, val_ap: 0.7331
2023-04-22 14:44:02,039 - Epoch:056, train_loss:11.3525, val_auc:0.7031, val_ap: 0.7331
2023-04-22 14:44:02,352 - Epoch:057, train_loss:10.4073, val_auc:0.7031, val_ap: 0.7331
2023-04-22 14:44:02,664 - Epoch:058, train_loss:11.4920, val_auc:0.7031, val_ap: 0.7331
2023-04-22 14:44:02,976 - Epoch:059, train_loss:12.8017, val_auc:0.7031, val_ap: 0.7331
2023-04-22 14:44:03,288 - Epoch:060, train_loss:11.6857, val_auc:0.7031, val_ap: 0.7331
2023-04-22 14:44:03,601 - Epoch:061, train_loss:12.7458, val_auc:0.7188, val_ap: 0.7411
2023-04-22 14:44:03,913 - Epoch:062, train_loss:10.1214, val_auc:0.7188, val_ap: 0.7411
2023-04-22 14:44:04,224 - Epoch:063, train_loss:10.7369, val_auc:0.7188, val_ap: 0.7411
2023-04-22 14:44:04,536 - Epoch:064, train_loss:10.8362, val_auc:0.7188, val_ap: 0.7411
2023-04-22 14:44:04,848 - Epoch:065, train_loss:11.0576, val_auc:0.7188, val_ap: 0.7411
2023-04-22 14:44:05,161 - Epoch:066, train_loss:12.5992, val_auc:0.7188, val_ap: 0.7411
2023-04-22 14:44:05,472 - Epoch:067, train_loss:10.8159, val_auc:0.7188, val_ap: 0.7411
2023-04-22 14:44:05,785 - Epoch:068, train_loss:12.1999, val_auc:0.7188, val_ap: 0.7411
2023-04-22 14:44:06,098 - Epoch:069, train_loss:12.0996, val_auc:0.7188, val_ap: 0.7411
2023-04-22 14:44:06,410 - Epoch:070, train_loss:12.6737, val_auc:0.7188, val_ap: 0.7411
2023-04-22 14:44:06,721 - Epoch:071, train_loss:8.6665, val_auc:0.7188, val_ap: 0.7411
2023-04-22 14:44:07,033 - Epoch:072, train_loss:11.3119, val_auc:0.7188, val_ap: 0.7411
2023-04-22 14:44:07,345 - Epoch:073, train_loss:9.6283, val_auc:0.7188, val_ap: 0.7411
2023-04-22 14:44:07,656 - Epoch:074, train_loss:10.3743, val_auc:0.7188, val_ap: 0.7411
2023-04-22 14:44:07,969 - Epoch:075, train_loss:12.7226, val_auc:0.7188, val_ap: 0.7411
2023-04-22 14:44:08,281 - Epoch:076, train_loss:10.3867, val_auc:0.7188, val_ap: 0.7411
2023-04-22 14:44:08,593 - Epoch:077, train_loss:11.0710, val_auc:0.7188, val_ap: 0.7411
2023-04-22 14:44:08,905 - Epoch:078, train_loss:10.3253, val_auc:0.7188, val_ap: 0.7411
2023-04-22 14:44:09,222 - Epoch:079, train_loss:11.3008, val_auc:0.7344, val_ap: 0.7723, text_auc:0.7312, text_ap: 0.7436
2023-04-22 14:44:09,538 - Epoch:080, train_loss:11.0783, val_auc:0.7344, val_ap: 0.7723
2023-04-22 14:44:09,850 - Epoch:081, train_loss:11.6658, val_auc:0.7344, val_ap: 0.7723
2023-04-22 14:44:10,163 - Epoch:082, train_loss:9.5319, val_auc:0.7344, val_ap: 0.7723
2023-04-22 14:44:10,475 - Epoch:083, train_loss:9.7231, val_auc:0.7344, val_ap: 0.7723
2023-04-22 14:44:10,787 - Epoch:084, train_loss:10.8203, val_auc:0.7344, val_ap: 0.7723
2023-04-22 14:44:11,099 - Epoch:085, train_loss:10.0670, val_auc:0.7344, val_ap: 0.7723
2023-04-22 14:44:11,411 - Epoch:086, train_loss:9.3925, val_auc:0.7344, val_ap: 0.7723
2023-04-22 14:44:11,724 - Epoch:087, train_loss:8.8008, val_auc:0.7344, val_ap: 0.7723
2023-04-22 14:44:12,035 - Epoch:088, train_loss:9.9339, val_auc:0.7344, val_ap: 0.7723
2023-04-22 14:44:12,353 - Epoch:089, train_loss:9.4576, val_auc:0.7500, val_ap: 0.7842, text_auc:0.7312, text_ap: 0.7294
2023-04-22 14:44:12,668 - Epoch:090, train_loss:10.2754, val_auc:0.7500, val_ap: 0.7842
2023-04-22 14:44:12,981 - Epoch:091, train_loss:12.2633, val_auc:0.7500, val_ap: 0.7842
2023-04-22 14:44:13,294 - Epoch:092, train_loss:11.5235, val_auc:0.7500, val_ap: 0.7842
2023-04-22 14:44:13,611 - Epoch:093, train_loss:8.5497, val_auc:0.7656, val_ap: 0.8009, text_auc:0.7344, text_ap: 0.7304
2023-04-22 14:44:13,925 - Epoch:094, train_loss:9.3324, val_auc:0.7656, val_ap: 0.8009
2023-04-22 14:44:14,241 - Epoch:095, train_loss:7.8183, val_auc:0.7656, val_ap: 0.8009
2023-04-22 14:44:14,552 - Epoch:096, train_loss:8.2424, val_auc:0.7656, val_ap: 0.8009
2023-04-22 14:44:14,864 - Epoch:097, train_loss:9.4541, val_auc:0.7656, val_ap: 0.8009
2023-04-22 14:44:15,175 - Epoch:098, train_loss:9.2809, val_auc:0.7656, val_ap: 0.8009
2023-04-22 14:44:15,498 - Epoch:099, train_loss:8.4543, val_auc:0.7656, val_ap: 0.8009
2023-04-22 14:44:15,810 - Epoch:100, train_loss:10.1358, val_auc:0.7656, val_ap: 0.8009
2023-04-22 14:44:16,127 - Epoch:101, train_loss:9.0437, val_auc:0.7812, val_ap: 0.8120, text_auc:0.7376, text_ap: 0.7288
2023-04-22 14:44:16,439 - Epoch:102, train_loss:10.2360, val_auc:0.7812, val_ap: 0.8120
2023-04-22 14:44:16,755 - Epoch:103, train_loss:7.8038, val_auc:0.7812, val_ap: 0.8120
2023-04-22 14:44:17,067 - Epoch:104, train_loss:9.4648, val_auc:0.7812, val_ap: 0.8120
2023-04-22 14:44:17,380 - Epoch:105, train_loss:8.2204, val_auc:0.7812, val_ap: 0.8120
2023-04-22 14:44:17,692 - Epoch:106, train_loss:10.0540, val_auc:0.7812, val_ap: 0.8120
2023-04-22 14:44:18,005 - Epoch:107, train_loss:8.6313, val_auc:0.7812, val_ap: 0.8120
2023-04-22 14:44:18,322 - Epoch:108, train_loss:8.5746, val_auc:0.7969, val_ap: 0.8225, text_auc:0.7408, text_ap: 0.7275
2023-04-22 14:44:18,635 - Epoch:109, train_loss:8.1260, val_auc:0.8125, val_ap: 0.8373, text_auc:0.7400, text_ap: 0.7267
2023-04-22 14:44:18,950 - Epoch:110, train_loss:8.3165, val_auc:0.8125, val_ap: 0.8373
2023-04-22 14:44:19,263 - Epoch:111, train_loss:8.3128, val_auc:0.8125, val_ap: 0.8358
2023-04-22 14:44:19,574 - Epoch:112, train_loss:8.1862, val_auc:0.8125, val_ap: 0.8358
2023-04-22 14:44:19,886 - Epoch:113, train_loss:8.2522, val_auc:0.8125, val_ap: 0.8358
2023-04-22 14:44:20,201 - Epoch:114, train_loss:8.1805, val_auc:0.8125, val_ap: 0.8358
2023-04-22 14:44:20,515 - Epoch:115, train_loss:7.8699, val_auc:0.8125, val_ap: 0.8358
2023-04-22 14:44:20,831 - Epoch:116, train_loss:8.4593, val_auc:0.8125, val_ap: 0.8358
2023-04-22 14:44:21,144 - Epoch:117, train_loss:7.6264, val_auc:0.8125, val_ap: 0.8358
2023-04-22 14:44:21,456 - Epoch:118, train_loss:7.4502, val_auc:0.8125, val_ap: 0.8358
2023-04-22 14:44:21,769 - Epoch:119, train_loss:7.9782, val_auc:0.8125, val_ap: 0.8358
2023-04-22 14:44:22,081 - Epoch:120, train_loss:9.0479, val_auc:0.8125, val_ap: 0.8358
2023-04-22 14:44:22,392 - Epoch:121, train_loss:8.0019, val_auc:0.8125, val_ap: 0.8358
2023-04-22 14:44:22,705 - Epoch:122, train_loss:6.5968, val_auc:0.8125, val_ap: 0.8358
2023-04-22 14:44:23,017 - Epoch:123, train_loss:7.7359, val_auc:0.8125, val_ap: 0.8358
2023-04-22 14:44:23,328 - Epoch:124, train_loss:7.7594, val_auc:0.8125, val_ap: 0.8358
2023-04-22 14:44:23,640 - Epoch:125, train_loss:8.3407, val_auc:0.8125, val_ap: 0.8358
2023-04-22 14:44:23,953 - Epoch:126, train_loss:8.7317, val_auc:0.8125, val_ap: 0.8358
2023-04-22 14:44:24,265 - Epoch:127, train_loss:7.2518, val_auc:0.8125, val_ap: 0.8358
2023-04-22 14:44:24,577 - Epoch:128, train_loss:8.8323, val_auc:0.8125, val_ap: 0.8358
2023-04-22 14:44:24,889 - Epoch:129, train_loss:6.3013, val_auc:0.8125, val_ap: 0.8358
2023-04-22 14:44:25,200 - Epoch:130, train_loss:8.8714, val_auc:0.8125, val_ap: 0.8358
2023-04-22 14:44:25,513 - Epoch:131, train_loss:7.5736, val_auc:0.8125, val_ap: 0.8358
2023-04-22 14:44:25,827 - Epoch:132, train_loss:8.0694, val_auc:0.8125, val_ap: 0.8358
2023-04-22 14:44:26,137 - Epoch:133, train_loss:7.1861, val_auc:0.8125, val_ap: 0.8358
2023-04-22 14:44:26,449 - Epoch:134, train_loss:8.6336, val_auc:0.8125, val_ap: 0.8358
2023-04-22 14:44:26,762 - Epoch:135, train_loss:8.5019, val_auc:0.8125, val_ap: 0.8358
2023-04-22 14:44:27,074 - Epoch:136, train_loss:7.4604, val_auc:0.8125, val_ap: 0.8358
2023-04-22 14:44:27,385 - Epoch:137, train_loss:7.7617, val_auc:0.8125, val_ap: 0.8358
2023-04-22 14:44:27,697 - Epoch:138, train_loss:7.5688, val_auc:0.8125, val_ap: 0.8358
2023-04-22 14:44:28,010 - Epoch:139, train_loss:8.5417, val_auc:0.8125, val_ap: 0.8358
2023-04-22 14:44:28,321 - Epoch:140, train_loss:7.9963, val_auc:0.8125, val_ap: 0.8358
2023-04-22 14:44:28,633 - Epoch:141, train_loss:6.7632, val_auc:0.8125, val_ap: 0.8358
2023-04-22 14:44:28,945 - Epoch:142, train_loss:6.7424, val_auc:0.8125, val_ap: 0.8358
2023-04-22 14:44:29,257 - Epoch:143, train_loss:8.4745, val_auc:0.8125, val_ap: 0.8358
2023-04-22 14:44:29,569 - Epoch:144, train_loss:6.6954, val_auc:0.8125, val_ap: 0.8358
2023-04-22 14:44:29,881 - Epoch:145, train_loss:7.0420, val_auc:0.8125, val_ap: 0.8358
2023-04-22 14:44:30,194 - Epoch:146, train_loss:7.2461, val_auc:0.8125, val_ap: 0.8358
2023-04-22 14:44:30,505 - Epoch:147, train_loss:6.9539, val_auc:0.8125, val_ap: 0.8358
2023-04-22 14:44:30,819 - Epoch:148, train_loss:7.8341, val_auc:0.8125, val_ap: 0.8358
2023-04-22 14:44:31,129 - Epoch:149, train_loss:6.7091, val_auc:0.8125, val_ap: 0.8358
2023-04-22 14:44:31,442 - Epoch:150, train_loss:7.6169, val_auc:0.8125, val_ap: 0.8358
2023-04-22 14:44:31,754 - Epoch:151, train_loss:7.3202, val_auc:0.8125, val_ap: 0.8358
2023-04-22 14:44:32,071 - Epoch:152, train_loss:8.2898, val_auc:0.8281, val_ap: 0.8438, text_auc:0.7424, text_ap: 0.7221
2023-04-22 14:44:32,379 - Epoch:153, train_loss:8.0551, val_auc:0.8281, val_ap: 0.8438
2023-04-22 14:44:32,690 - Epoch:154, train_loss:7.2000, val_auc:0.8281, val_ap: 0.8438
2023-04-22 14:44:33,002 - Epoch:155, train_loss:6.5483, val_auc:0.8281, val_ap: 0.8438
2023-04-22 14:44:33,314 - Epoch:156, train_loss:7.6377, val_auc:0.8281, val_ap: 0.8438
2023-04-22 14:44:33,626 - Epoch:157, train_loss:6.1298, val_auc:0.8281, val_ap: 0.8438
2023-04-22 14:44:33,937 - Epoch:158, train_loss:6.7070, val_auc:0.8281, val_ap: 0.8438
2023-04-22 14:44:34,250 - Epoch:159, train_loss:6.7966, val_auc:0.8281, val_ap: 0.8438
2023-04-22 14:44:34,561 - Epoch:160, train_loss:6.2544, val_auc:0.8281, val_ap: 0.8438
2023-04-22 14:44:34,873 - Epoch:161, train_loss:6.8586, val_auc:0.8281, val_ap: 0.8438
2023-04-22 14:44:35,185 - Epoch:162, train_loss:5.9895, val_auc:0.8281, val_ap: 0.8438
2023-04-22 14:44:35,503 - Epoch:163, train_loss:6.5202, val_auc:0.8594, val_ap: 0.8610, text_auc:0.7600, text_ap: 0.7330
2023-04-22 14:44:35,817 - Epoch:164, train_loss:6.0662, val_auc:0.8594, val_ap: 0.8610
2023-04-22 14:44:36,131 - Epoch:165, train_loss:5.9923, val_auc:0.8594, val_ap: 0.8610
2023-04-22 14:44:36,444 - Epoch:166, train_loss:6.0676, val_auc:0.8594, val_ap: 0.8610
2023-04-22 14:44:36,756 - Epoch:167, train_loss:7.5057, val_auc:0.8594, val_ap: 0.8610
2023-04-22 14:44:37,067 - Epoch:168, train_loss:6.2920, val_auc:0.8594, val_ap: 0.8610
2023-04-22 14:44:37,384 - Epoch:169, train_loss:6.1672, val_auc:0.8750, val_ap: 0.8744, text_auc:0.7632, text_ap: 0.7348
2023-04-22 14:44:37,699 - Epoch:170, train_loss:5.9445, val_auc:0.8750, val_ap: 0.8744
2023-04-22 14:44:38,013 - Epoch:171, train_loss:6.0634, val_auc:0.8750, val_ap: 0.8744
2023-04-22 14:44:38,326 - Epoch:172, train_loss:6.9592, val_auc:0.8750, val_ap: 0.8744
2023-04-22 14:44:38,638 - Epoch:173, train_loss:5.9689, val_auc:0.8750, val_ap: 0.8744
2023-04-22 14:44:38,951 - Epoch:174, train_loss:5.9713, val_auc:0.8750, val_ap: 0.8744
2023-04-22 14:44:39,270 - Epoch:175, train_loss:5.7796, val_auc:0.8750, val_ap: 0.8744
2023-04-22 14:44:39,590 - Epoch:176, train_loss:6.3396, val_auc:0.8906, val_ap: 0.8835, text_auc:0.7648, text_ap: 0.7344
2023-04-22 14:44:39,898 - Epoch:177, train_loss:5.6136, val_auc:0.8750, val_ap: 0.8744
2023-04-22 14:44:40,209 - Epoch:178, train_loss:5.2688, val_auc:0.8750, val_ap: 0.8744
2023-04-22 14:44:40,520 - Epoch:179, train_loss:5.0827, val_auc:0.8594, val_ap: 0.8647
2023-04-22 14:44:40,832 - Epoch:180, train_loss:5.0148, val_auc:0.8750, val_ap: 0.8897
2023-04-22 14:44:41,150 - Epoch:181, train_loss:5.9740, val_auc:0.9062, val_ap: 0.9203, text_auc:0.7744, text_ap: 0.7483
2023-04-22 14:44:41,463 - Epoch:182, train_loss:5.4699, val_auc:0.9219, val_ap: 0.9381, text_auc:0.7856, text_ap: 0.7606
2023-04-22 14:44:41,773 - Epoch:183, train_loss:4.2379, val_auc:0.9219, val_ap: 0.9381
2023-04-22 14:44:42,089 - Epoch:184, train_loss:4.8578, val_auc:0.9062, val_ap: 0.9284
2023-04-22 14:44:42,402 - Epoch:185, train_loss:4.8840, val_auc:0.9062, val_ap: 0.9284
2023-04-22 14:44:42,714 - Epoch:186, train_loss:4.5773, val_auc:0.9062, val_ap: 0.9284
2023-04-22 14:44:43,026 - Epoch:187, train_loss:4.6523, val_auc:0.9062, val_ap: 0.9284
2023-04-22 14:44:43,348 - Epoch:188, train_loss:4.4363, val_auc:0.8906, val_ap: 0.9208
2023-04-22 14:44:43,661 - Epoch:189, train_loss:4.3769, val_auc:0.8906, val_ap: 0.9208
2023-04-22 14:44:43,972 - Epoch:190, train_loss:4.2817, val_auc:0.8750, val_ap: 0.9129
2023-04-22 14:44:44,284 - Epoch:191, train_loss:4.4271, val_auc:0.8594, val_ap: 0.8821
2023-04-22 14:44:44,596 - Epoch:192, train_loss:4.1147, val_auc:0.8594, val_ap: 0.8821
2023-04-22 14:44:44,908 - Epoch:193, train_loss:4.0854, val_auc:0.8438, val_ap: 0.8688
2023-04-22 14:44:45,220 - Epoch:194, train_loss:3.6082, val_auc:0.8594, val_ap: 0.8821
2023-04-22 14:44:45,533 - Epoch:195, train_loss:3.6389, val_auc:0.8594, val_ap: 0.8821
2023-04-22 14:44:45,845 - Epoch:196, train_loss:4.0940, val_auc:0.8438, val_ap: 0.8688
2023-04-22 14:44:46,157 - Epoch:197, train_loss:4.2353, val_auc:0.8438, val_ap: 0.8688
2023-04-22 14:44:46,469 - Epoch:198, train_loss:3.8014, val_auc:0.8594, val_ap: 0.8763
2023-04-22 14:44:46,781 - Epoch:199, train_loss:3.7499, val_auc:0.8438, val_ap: 0.8614
2023-04-22 14:44:46,783 - final results:
2023-04-22 14:44:46,783 - ====================================================================================
2023-04-22 14:44:46,784 - AUC:0.7856+-0.0000 [0.7855999999999999]
2023-04-22 14:44:46,784 - AP:0.7606+-0.0000 [0.7606083701042246]
2023-04-22 14:44:47,148 - Epoch:000, train_loss:14.4573, val_auc:0.6094, val_ap: 0.7608, text_auc:0.6160, text_ap: 0.6416
2023-04-22 14:44:47,459 - Epoch:001, train_loss:16.7474, val_auc:0.5469, val_ap: 0.6917
2023-04-22 14:44:47,775 - Epoch:002, train_loss:15.3856, val_auc:0.5469, val_ap: 0.6917
2023-04-22 14:44:48,089 - Epoch:003, train_loss:16.6266, val_auc:0.5312, val_ap: 0.6848
2023-04-22 14:44:48,402 - Epoch:004, train_loss:17.1415, val_auc:0.5469, val_ap: 0.6896
2023-04-22 14:44:48,714 - Epoch:005, train_loss:17.2432, val_auc:0.5156, val_ap: 0.6672
2023-04-22 14:44:49,026 - Epoch:006, train_loss:17.0281, val_auc:0.5156, val_ap: 0.6672
2023-04-22 14:44:49,338 - Epoch:007, train_loss:17.0150, val_auc:0.5000, val_ap: 0.6485
2023-04-22 14:44:49,650 - Epoch:008, train_loss:18.0772, val_auc:0.5156, val_ap: 0.6542
2023-04-22 14:44:49,962 - Epoch:009, train_loss:13.9512, val_auc:0.5312, val_ap: 0.6611
2023-04-22 14:44:50,274 - Epoch:010, train_loss:15.3521, val_auc:0.5156, val_ap: 0.6492
2023-04-22 14:44:50,586 - Epoch:011, train_loss:15.7748, val_auc:0.5156, val_ap: 0.6492
2023-04-22 14:44:50,898 - Epoch:012, train_loss:16.7547, val_auc:0.5156, val_ap: 0.6492
2023-04-22 14:44:51,210 - Epoch:013, train_loss:14.3656, val_auc:0.5156, val_ap: 0.6492
2023-04-22 14:44:51,522 - Epoch:014, train_loss:13.1243, val_auc:0.5156, val_ap: 0.6492
2023-04-22 14:44:51,834 - Epoch:015, train_loss:14.1235, val_auc:0.5156, val_ap: 0.6492
2023-04-22 14:44:52,145 - Epoch:016, train_loss:16.7753, val_auc:0.5312, val_ap: 0.6680
2023-04-22 14:44:52,458 - Epoch:017, train_loss:14.2020, val_auc:0.5312, val_ap: 0.6680
2023-04-22 14:44:52,769 - Epoch:018, train_loss:16.3198, val_auc:0.5312, val_ap: 0.6680
2023-04-22 14:44:53,081 - Epoch:019, train_loss:14.6733, val_auc:0.5312, val_ap: 0.6680
2023-04-22 14:44:53,394 - Epoch:020, train_loss:15.4187, val_auc:0.5312, val_ap: 0.6680
2023-04-22 14:44:53,705 - Epoch:021, train_loss:16.7052, val_auc:0.5312, val_ap: 0.6680
2023-04-22 14:44:54,017 - Epoch:022, train_loss:13.6861, val_auc:0.5156, val_ap: 0.6590
2023-04-22 14:44:54,329 - Epoch:023, train_loss:12.3980, val_auc:0.5156, val_ap: 0.6590
2023-04-22 14:44:54,641 - Epoch:024, train_loss:14.7377, val_auc:0.5156, val_ap: 0.6590
2023-04-22 14:44:54,953 - Epoch:025, train_loss:15.0203, val_auc:0.5156, val_ap: 0.6590
2023-04-22 14:44:55,265 - Epoch:026, train_loss:15.3280, val_auc:0.5156, val_ap: 0.6590
2023-04-22 14:44:55,577 - Epoch:027, train_loss:14.4732, val_auc:0.5156, val_ap: 0.6590
2023-04-22 14:44:55,890 - Epoch:028, train_loss:16.3594, val_auc:0.5156, val_ap: 0.6590
2023-04-22 14:44:56,201 - Epoch:029, train_loss:13.2299, val_auc:0.5156, val_ap: 0.6590
2023-04-22 14:44:56,513 - Epoch:030, train_loss:13.4562, val_auc:0.5000, val_ap: 0.6403
2023-04-22 14:44:56,826 - Epoch:031, train_loss:13.0565, val_auc:0.5000, val_ap: 0.6403
2023-04-22 14:44:57,137 - Epoch:032, train_loss:13.4273, val_auc:0.5000, val_ap: 0.6403
2023-04-22 14:44:57,449 - Epoch:033, train_loss:13.6755, val_auc:0.5156, val_ap: 0.6492
2023-04-22 14:44:57,761 - Epoch:034, train_loss:13.2463, val_auc:0.5156, val_ap: 0.6492
2023-04-22 14:44:58,074 - Epoch:035, train_loss:14.8504, val_auc:0.5312, val_ap: 0.6549
2023-04-22 14:44:58,385 - Epoch:036, train_loss:13.7464, val_auc:0.5312, val_ap: 0.6549
2023-04-22 14:44:58,694 - Epoch:037, train_loss:14.4817, val_auc:0.5312, val_ap: 0.6549
2023-04-22 14:44:59,009 - Epoch:038, train_loss:14.8671, val_auc:0.5469, val_ap: 0.6668
2023-04-22 14:44:59,321 - Epoch:039, train_loss:9.7789, val_auc:0.5469, val_ap: 0.6668
2023-04-22 14:44:59,642 - Epoch:040, train_loss:14.7082, val_auc:0.5469, val_ap: 0.6668
2023-04-22 14:44:59,955 - Epoch:041, train_loss:14.2799, val_auc:0.5547, val_ap: 0.6668
2023-04-22 14:45:00,273 - Epoch:042, train_loss:14.1384, val_auc:0.5625, val_ap: 0.6736
2023-04-22 14:45:00,589 - Epoch:043, train_loss:13.5354, val_auc:0.5625, val_ap: 0.6736
2023-04-22 14:45:00,901 - Epoch:044, train_loss:12.6965, val_auc:0.5625, val_ap: 0.6736
2023-04-22 14:45:01,213 - Epoch:045, train_loss:12.5169, val_auc:0.5625, val_ap: 0.6736
2023-04-22 14:45:01,527 - Epoch:046, train_loss:12.6035, val_auc:0.5625, val_ap: 0.6736
2023-04-22 14:45:01,839 - Epoch:047, train_loss:13.8363, val_auc:0.5625, val_ap: 0.6736
2023-04-22 14:45:02,153 - Epoch:048, train_loss:9.8084, val_auc:0.5625, val_ap: 0.6736
2023-04-22 14:45:02,470 - Epoch:049, train_loss:11.4372, val_auc:0.5625, val_ap: 0.6736
2023-04-22 14:45:02,783 - Epoch:050, train_loss:12.0984, val_auc:0.5625, val_ap: 0.6736
2023-04-22 14:45:03,095 - Epoch:051, train_loss:14.3598, val_auc:0.5625, val_ap: 0.6736
2023-04-22 14:45:03,407 - Epoch:052, train_loss:13.9363, val_auc:0.5625, val_ap: 0.6736
2023-04-22 14:45:03,719 - Epoch:053, train_loss:10.8893, val_auc:0.5625, val_ap: 0.6736
2023-04-22 14:45:04,031 - Epoch:054, train_loss:11.9462, val_auc:0.5625, val_ap: 0.6736
2023-04-22 14:45:04,343 - Epoch:055, train_loss:10.6010, val_auc:0.5625, val_ap: 0.6736
2023-04-22 14:45:04,655 - Epoch:056, train_loss:10.5424, val_auc:0.5625, val_ap: 0.6736
2023-04-22 14:45:04,967 - Epoch:057, train_loss:11.7740, val_auc:0.5781, val_ap: 0.6823
2023-04-22 14:45:05,279 - Epoch:058, train_loss:11.8685, val_auc:0.5938, val_ap: 0.6906
2023-04-22 14:45:05,591 - Epoch:059, train_loss:10.1519, val_auc:0.5781, val_ap: 0.6787
2023-04-22 14:45:05,903 - Epoch:060, train_loss:10.6769, val_auc:0.5781, val_ap: 0.6787
2023-04-22 14:45:06,215 - Epoch:061, train_loss:10.9573, val_auc:0.5781, val_ap: 0.6787
2023-04-22 14:45:06,527 - Epoch:062, train_loss:12.3374, val_auc:0.5781, val_ap: 0.6787
2023-04-22 14:45:06,839 - Epoch:063, train_loss:11.8606, val_auc:0.5781, val_ap: 0.6787
2023-04-22 14:45:07,151 - Epoch:064, train_loss:10.6298, val_auc:0.5781, val_ap: 0.6787
2023-04-22 14:45:07,463 - Epoch:065, train_loss:11.5519, val_auc:0.5781, val_ap: 0.6787
2023-04-22 14:45:07,775 - Epoch:066, train_loss:10.2852, val_auc:0.5781, val_ap: 0.6787
2023-04-22 14:45:08,088 - Epoch:067, train_loss:10.2603, val_auc:0.5781, val_ap: 0.6787
2023-04-22 14:45:08,399 - Epoch:068, train_loss:11.1948, val_auc:0.5781, val_ap: 0.6787
2023-04-22 14:45:08,711 - Epoch:069, train_loss:12.0938, val_auc:0.5781, val_ap: 0.6787
2023-04-22 14:45:09,023 - Epoch:070, train_loss:13.1909, val_auc:0.5781, val_ap: 0.6787
2023-04-22 14:45:09,335 - Epoch:071, train_loss:11.2579, val_auc:0.5781, val_ap: 0.6787
2023-04-22 14:45:09,647 - Epoch:072, train_loss:9.6046, val_auc:0.5781, val_ap: 0.6787
2023-04-22 14:45:09,959 - Epoch:073, train_loss:10.8089, val_auc:0.5781, val_ap: 0.6787
2023-04-22 14:45:10,271 - Epoch:074, train_loss:12.4306, val_auc:0.5781, val_ap: 0.6787
2023-04-22 14:45:10,584 - Epoch:075, train_loss:11.7306, val_auc:0.5781, val_ap: 0.6787
2023-04-22 14:45:10,895 - Epoch:076, train_loss:8.9613, val_auc:0.5781, val_ap: 0.6787
2023-04-22 14:45:11,208 - Epoch:077, train_loss:9.0281, val_auc:0.5781, val_ap: 0.6787
2023-04-22 14:45:11,520 - Epoch:078, train_loss:9.4028, val_auc:0.5781, val_ap: 0.6787
2023-04-22 14:45:11,831 - Epoch:079, train_loss:11.1118, val_auc:0.5781, val_ap: 0.6787
2023-04-22 14:45:12,143 - Epoch:080, train_loss:9.5656, val_auc:0.5781, val_ap: 0.6787
2023-04-22 14:45:12,458 - Epoch:081, train_loss:12.5143, val_auc:0.5781, val_ap: 0.6787
2023-04-22 14:45:12,776 - Epoch:082, train_loss:10.7309, val_auc:0.5781, val_ap: 0.6787
2023-04-22 14:45:13,091 - Epoch:083, train_loss:8.9341, val_auc:0.5781, val_ap: 0.6787
2023-04-22 14:45:13,403 - Epoch:084, train_loss:10.3038, val_auc:0.5781, val_ap: 0.6787
2023-04-22 14:45:13,716 - Epoch:085, train_loss:9.2655, val_auc:0.5781, val_ap: 0.6787
2023-04-22 14:45:14,035 - Epoch:086, train_loss:8.2145, val_auc:0.5781, val_ap: 0.6787
2023-04-22 14:45:14,354 - Epoch:087, train_loss:11.9444, val_auc:0.5938, val_ap: 0.6906
2023-04-22 14:45:14,670 - Epoch:088, train_loss:9.4033, val_auc:0.5938, val_ap: 0.6906
2023-04-22 14:45:14,982 - Epoch:089, train_loss:9.7598, val_auc:0.5938, val_ap: 0.6906
2023-04-22 14:45:15,294 - Epoch:090, train_loss:9.1694, val_auc:0.5938, val_ap: 0.6906
2023-04-22 14:45:15,606 - Epoch:091, train_loss:9.9216, val_auc:0.5938, val_ap: 0.6906
2023-04-22 14:45:15,918 - Epoch:092, train_loss:12.0492, val_auc:0.5938, val_ap: 0.6906
2023-04-22 14:45:16,230 - Epoch:093, train_loss:10.6217, val_auc:0.5938, val_ap: 0.6906
2023-04-22 14:45:16,542 - Epoch:094, train_loss:10.2301, val_auc:0.5938, val_ap: 0.6906
2023-04-22 14:45:16,854 - Epoch:095, train_loss:10.5449, val_auc:0.5938, val_ap: 0.6906
2023-04-22 14:45:17,166 - Epoch:096, train_loss:8.0231, val_auc:0.5938, val_ap: 0.6906
2023-04-22 14:45:17,479 - Epoch:097, train_loss:8.1831, val_auc:0.5938, val_ap: 0.6906
2023-04-22 14:45:17,790 - Epoch:098, train_loss:9.0006, val_auc:0.5938, val_ap: 0.6990
2023-04-22 14:45:18,102 - Epoch:099, train_loss:10.0778, val_auc:0.5938, val_ap: 0.6906
2023-04-22 14:45:18,414 - Epoch:100, train_loss:7.0531, val_auc:0.5938, val_ap: 0.6906
2023-04-22 14:45:18,726 - Epoch:101, train_loss:10.3145, val_auc:0.5938, val_ap: 0.6906
2023-04-22 14:45:19,039 - Epoch:102, train_loss:8.1903, val_auc:0.5938, val_ap: 0.6906
2023-04-22 14:45:19,350 - Epoch:103, train_loss:7.8229, val_auc:0.5938, val_ap: 0.6906
2023-04-22 14:45:19,662 - Epoch:104, train_loss:9.0716, val_auc:0.5938, val_ap: 0.6906
2023-04-22 14:45:19,974 - Epoch:105, train_loss:8.3340, val_auc:0.5938, val_ap: 0.6906
2023-04-22 14:45:20,286 - Epoch:106, train_loss:8.1433, val_auc:0.5938, val_ap: 0.6906
2023-04-22 14:45:20,598 - Epoch:107, train_loss:8.6776, val_auc:0.5938, val_ap: 0.6906
2023-04-22 14:45:20,910 - Epoch:108, train_loss:9.7518, val_auc:0.5938, val_ap: 0.6906
2023-04-22 14:45:21,222 - Epoch:109, train_loss:8.7027, val_auc:0.5938, val_ap: 0.6906
2023-04-22 14:45:21,543 - Epoch:110, train_loss:9.8888, val_auc:0.5938, val_ap: 0.6906
2023-04-22 14:45:21,915 - Epoch:111, train_loss:8.4263, val_auc:0.5938, val_ap: 0.6906
2023-04-22 14:45:22,286 - Epoch:112, train_loss:8.3554, val_auc:0.5938, val_ap: 0.6906
2023-04-22 14:45:22,658 - Epoch:113, train_loss:8.5620, val_auc:0.5938, val_ap: 0.6906
2023-04-22 14:45:23,031 - Epoch:114, train_loss:8.1553, val_auc:0.5938, val_ap: 0.6906
2023-04-22 14:45:23,403 - Epoch:115, train_loss:9.5707, val_auc:0.5781, val_ap: 0.6823
2023-04-22 14:45:23,776 - Epoch:116, train_loss:6.2751, val_auc:0.5781, val_ap: 0.6823
2023-04-22 14:45:24,151 - Epoch:117, train_loss:8.4888, val_auc:0.5781, val_ap: 0.6823
2023-04-22 14:45:24,527 - Epoch:118, train_loss:8.9858, val_auc:0.5625, val_ap: 0.6704
2023-04-22 14:45:24,899 - Epoch:119, train_loss:8.6773, val_auc:0.5625, val_ap: 0.6704
2023-04-22 14:45:25,274 - Epoch:120, train_loss:8.2167, val_auc:0.5625, val_ap: 0.6704
2023-04-22 14:45:25,647 - Epoch:121, train_loss:8.1664, val_auc:0.5625, val_ap: 0.6704
2023-04-22 14:45:26,018 - Epoch:122, train_loss:8.5206, val_auc:0.5625, val_ap: 0.6704
2023-04-22 14:45:26,394 - Epoch:123, train_loss:8.0601, val_auc:0.5625, val_ap: 0.6704
2023-04-22 14:45:26,764 - Epoch:124, train_loss:7.9314, val_auc:0.5625, val_ap: 0.6704
2023-04-22 14:45:27,137 - Epoch:125, train_loss:8.2077, val_auc:0.5625, val_ap: 0.6704
2023-04-22 14:45:27,512 - Epoch:126, train_loss:6.7672, val_auc:0.5625, val_ap: 0.6704
2023-04-22 14:45:27,888 - Epoch:127, train_loss:7.6567, val_auc:0.5625, val_ap: 0.6704
2023-04-22 14:45:28,260 - Epoch:128, train_loss:7.1946, val_auc:0.5625, val_ap: 0.6704
2023-04-22 14:45:28,632 - Epoch:129, train_loss:7.4821, val_auc:0.5625, val_ap: 0.6704
2023-04-22 14:45:29,007 - Epoch:130, train_loss:6.8790, val_auc:0.5625, val_ap: 0.6704
2023-04-22 14:45:29,384 - Epoch:131, train_loss:6.8082, val_auc:0.5625, val_ap: 0.6704
2023-04-22 14:45:29,762 - Epoch:132, train_loss:6.7565, val_auc:0.5625, val_ap: 0.6704
2023-04-22 14:45:30,139 - Epoch:133, train_loss:8.0040, val_auc:0.5625, val_ap: 0.6704
2023-04-22 14:45:30,517 - Epoch:134, train_loss:7.5946, val_auc:0.5625, val_ap: 0.6704
2023-04-22 14:45:30,891 - Epoch:135, train_loss:7.9536, val_auc:0.5625, val_ap: 0.6704
2023-04-22 14:45:31,263 - Epoch:136, train_loss:8.4843, val_auc:0.5625, val_ap: 0.6704
2023-04-22 14:45:31,634 - Epoch:137, train_loss:8.4647, val_auc:0.5625, val_ap: 0.6704
2023-04-22 14:45:32,008 - Epoch:138, train_loss:6.1247, val_auc:0.5469, val_ap: 0.6579
2023-04-22 14:45:32,380 - Epoch:139, train_loss:6.6291, val_auc:0.5469, val_ap: 0.6579
2023-04-22 14:45:32,755 - Epoch:140, train_loss:8.2301, val_auc:0.5469, val_ap: 0.6579
2023-04-22 14:45:33,131 - Epoch:141, train_loss:7.0820, val_auc:0.5469, val_ap: 0.6579
2023-04-22 14:45:33,507 - Epoch:142, train_loss:6.7079, val_auc:0.5469, val_ap: 0.6579
2023-04-22 14:45:33,882 - Epoch:143, train_loss:7.3537, val_auc:0.5469, val_ap: 0.6579
2023-04-22 14:45:34,259 - Epoch:144, train_loss:7.3812, val_auc:0.5469, val_ap: 0.6579
2023-04-22 14:45:34,633 - Epoch:145, train_loss:7.4183, val_auc:0.5469, val_ap: 0.6579
2023-04-22 14:45:34,947 - Epoch:146, train_loss:6.4193, val_auc:0.5625, val_ap: 0.6662
2023-04-22 14:45:35,259 - Epoch:147, train_loss:7.9302, val_auc:0.5625, val_ap: 0.6662
2023-04-22 14:45:35,572 - Epoch:148, train_loss:5.9824, val_auc:0.5625, val_ap: 0.6662
2023-04-22 14:45:35,883 - Epoch:149, train_loss:8.2212, val_auc:0.5625, val_ap: 0.6662
2023-04-22 14:45:36,195 - Epoch:150, train_loss:6.0836, val_auc:0.5625, val_ap: 0.6662
2023-04-22 14:45:36,508 - Epoch:151, train_loss:7.7443, val_auc:0.5625, val_ap: 0.6662
2023-04-22 14:45:36,820 - Epoch:152, train_loss:6.8885, val_auc:0.5625, val_ap: 0.6662
2023-04-22 14:45:37,131 - Epoch:153, train_loss:6.8284, val_auc:0.5625, val_ap: 0.6662
2023-04-22 14:45:37,446 - Epoch:154, train_loss:6.8367, val_auc:0.5625, val_ap: 0.6662
2023-04-22 14:45:37,760 - Epoch:155, train_loss:6.9847, val_auc:0.5625, val_ap: 0.6662
2023-04-22 14:45:38,076 - Epoch:156, train_loss:7.7363, val_auc:0.5625, val_ap: 0.6662
2023-04-22 14:45:38,390 - Epoch:157, train_loss:7.2915, val_auc:0.5625, val_ap: 0.6662
2023-04-22 14:45:38,702 - Epoch:158, train_loss:7.1007, val_auc:0.5625, val_ap: 0.6662
2023-04-22 14:45:39,014 - Epoch:159, train_loss:6.1765, val_auc:0.5625, val_ap: 0.6662
2023-04-22 14:45:39,326 - Epoch:160, train_loss:5.9963, val_auc:0.5625, val_ap: 0.6662
2023-04-22 14:45:39,638 - Epoch:161, train_loss:5.5033, val_auc:0.5625, val_ap: 0.6662
2023-04-22 14:45:39,950 - Epoch:162, train_loss:6.7605, val_auc:0.5625, val_ap: 0.6662
2023-04-22 14:45:40,262 - Epoch:163, train_loss:6.4138, val_auc:0.5625, val_ap: 0.6662
2023-04-22 14:45:40,574 - Epoch:164, train_loss:6.0038, val_auc:0.5625, val_ap: 0.6662
2023-04-22 14:45:40,886 - Epoch:165, train_loss:7.2266, val_auc:0.5625, val_ap: 0.6662
2023-04-22 14:45:41,198 - Epoch:166, train_loss:6.0705, val_auc:0.5625, val_ap: 0.6662
2023-04-22 14:45:41,510 - Epoch:167, train_loss:5.3948, val_auc:0.5625, val_ap: 0.6662
2023-04-22 14:45:41,822 - Epoch:168, train_loss:5.7861, val_auc:0.5469, val_ap: 0.6579
2023-04-22 14:45:42,134 - Epoch:169, train_loss:6.0627, val_auc:0.5469, val_ap: 0.6579
2023-04-22 14:45:42,446 - Epoch:170, train_loss:6.5362, val_auc:0.5469, val_ap: 0.6579
2023-04-22 14:45:42,758 - Epoch:171, train_loss:5.2417, val_auc:0.5312, val_ap: 0.6511
2023-04-22 14:45:43,070 - Epoch:172, train_loss:5.9291, val_auc:0.5312, val_ap: 0.6511
2023-04-22 14:45:43,382 - Epoch:173, train_loss:5.5098, val_auc:0.5312, val_ap: 0.6579
2023-04-22 14:45:43,694 - Epoch:174, train_loss:5.6585, val_auc:0.5156, val_ap: 0.6531
2023-04-22 14:45:44,006 - Epoch:175, train_loss:5.1716, val_auc:0.5312, val_ap: 0.6650
2023-04-22 14:45:44,319 - Epoch:176, train_loss:5.3606, val_auc:0.5469, val_ap: 0.6761
2023-04-22 14:45:44,631 - Epoch:177, train_loss:4.8165, val_auc:0.5469, val_ap: 0.6761
2023-04-22 14:45:44,943 - Epoch:178, train_loss:6.4222, val_auc:0.5469, val_ap: 0.6761
2023-04-22 14:45:45,255 - Epoch:179, train_loss:4.6364, val_auc:0.5781, val_ap: 0.6997
2023-04-22 14:45:45,572 - Epoch:180, train_loss:4.7049, val_auc:0.6250, val_ap: 0.7533, text_auc:0.7872, text_ap: 0.7512
2023-04-22 14:45:45,888 - Epoch:181, train_loss:4.5097, val_auc:0.6250, val_ap: 0.7533
2023-04-22 14:45:46,206 - Epoch:182, train_loss:4.7935, val_auc:0.6406, val_ap: 0.7682, text_auc:0.8032, text_ap: 0.7843
2023-04-22 14:45:46,520 - Epoch:183, train_loss:4.7012, val_auc:0.6250, val_ap: 0.7533
2023-04-22 14:45:46,834 - Epoch:184, train_loss:4.8685, val_auc:0.6406, val_ap: 0.7682
2023-04-22 14:45:47,146 - Epoch:185, train_loss:4.3593, val_auc:0.6406, val_ap: 0.7682
2023-04-22 14:45:47,459 - Epoch:186, train_loss:4.2177, val_auc:0.6406, val_ap: 0.7682
2023-04-22 14:45:47,771 - Epoch:187, train_loss:4.6141, val_auc:0.6406, val_ap: 0.7682
2023-04-22 14:45:48,083 - Epoch:188, train_loss:5.0523, val_auc:0.6094, val_ap: 0.7221
2023-04-22 14:45:48,395 - Epoch:189, train_loss:4.6976, val_auc:0.6250, val_ap: 0.7533
2023-04-22 14:45:48,707 - Epoch:190, train_loss:4.6447, val_auc:0.6250, val_ap: 0.7533
2023-04-22 14:45:49,019 - Epoch:191, train_loss:5.2456, val_auc:0.6250, val_ap: 0.7533
2023-04-22 14:45:49,331 - Epoch:192, train_loss:4.4563, val_auc:0.6250, val_ap: 0.7533
2023-04-22 14:45:49,643 - Epoch:193, train_loss:4.7401, val_auc:0.6250, val_ap: 0.7533
2023-04-22 14:45:49,955 - Epoch:194, train_loss:4.3098, val_auc:0.6250, val_ap: 0.7533
2023-04-22 14:45:50,267 - Epoch:195, train_loss:4.2276, val_auc:0.6094, val_ap: 0.7366
2023-04-22 14:45:50,579 - Epoch:196, train_loss:3.8288, val_auc:0.6094, val_ap: 0.7366
2023-04-22 14:45:50,891 - Epoch:197, train_loss:4.0186, val_auc:0.6094, val_ap: 0.7366
2023-04-22 14:45:51,203 - Epoch:198, train_loss:3.9363, val_auc:0.5938, val_ap: 0.7054
2023-04-22 14:45:51,515 - Epoch:199, train_loss:3.9813, val_auc:0.5938, val_ap: 0.6804
2023-04-22 14:45:51,517 - final results:
2023-04-22 14:45:51,518 - ====================================================================================
2023-04-22 14:45:51,518 - AUC:0.7944+-0.0088 [0.7855999999999999, 0.8032]
2023-04-22 14:45:51,518 - AP:0.7725+-0.0118 [0.7606083701042246, 0.7843009163675531]
2023-04-22 14:45:51,874 - Epoch:000, train_loss:14.9766, val_auc:0.7031, val_ap: 0.7094, text_auc:0.5840, text_ap: 0.6256
2023-04-22 14:45:52,185 - Epoch:001, train_loss:18.2319, val_auc:0.7188, val_ap: 0.7181, text_auc:0.5808, text_ap: 0.6123
2023-04-22 14:45:52,497 - Epoch:002, train_loss:15.1829, val_auc:0.7344, val_ap: 0.7292, text_auc:0.5872, text_ap: 0.6129
2023-04-22 14:45:52,810 - Epoch:003, train_loss:17.7721, val_auc:0.7656, val_ap: 0.7480, text_auc:0.5872, text_ap: 0.6197
2023-04-22 14:45:53,121 - Epoch:004, train_loss:18.3928, val_auc:0.7969, val_ap: 0.7708, text_auc:0.5968, text_ap: 0.6256
2023-04-22 14:45:53,428 - Epoch:005, train_loss:19.3871, val_auc:0.7969, val_ap: 0.7708
2023-04-22 14:45:53,739 - Epoch:006, train_loss:16.4114, val_auc:0.7969, val_ap: 0.7708
2023-04-22 14:45:54,051 - Epoch:007, train_loss:16.0609, val_auc:0.7969, val_ap: 0.7708
2023-04-22 14:45:54,363 - Epoch:008, train_loss:14.2753, val_auc:0.7969, val_ap: 0.7708
2023-04-22 14:45:54,675 - Epoch:009, train_loss:13.2777, val_auc:0.7969, val_ap: 0.7708
2023-04-22 14:45:54,992 - Epoch:010, train_loss:15.3095, val_auc:0.8125, val_ap: 0.7784, text_auc:0.6080, text_ap: 0.6147
2023-04-22 14:45:55,306 - Epoch:011, train_loss:15.6326, val_auc:0.8281, val_ap: 0.7918, text_auc:0.6080, text_ap: 0.6132
2023-04-22 14:45:55,613 - Epoch:012, train_loss:16.2465, val_auc:0.8281, val_ap: 0.7918
2023-04-22 14:45:55,924 - Epoch:013, train_loss:14.9395, val_auc:0.8281, val_ap: 0.7918
2023-04-22 14:45:56,236 - Epoch:014, train_loss:13.8761, val_auc:0.8281, val_ap: 0.7918
2023-04-22 14:45:56,548 - Epoch:015, train_loss:15.3461, val_auc:0.8125, val_ap: 0.7293
2023-04-22 14:45:56,860 - Epoch:016, train_loss:15.5633, val_auc:0.8125, val_ap: 0.7293
2023-04-22 14:45:57,171 - Epoch:017, train_loss:16.1093, val_auc:0.8203, val_ap: 0.7293
2023-04-22 14:45:57,484 - Epoch:018, train_loss:12.0663, val_auc:0.8281, val_ap: 0.7390
2023-04-22 14:45:57,796 - Epoch:019, train_loss:14.2091, val_auc:0.8281, val_ap: 0.7390
2023-04-22 14:45:58,108 - Epoch:020, train_loss:16.9848, val_auc:0.8281, val_ap: 0.7390
2023-04-22 14:45:58,420 - Epoch:021, train_loss:14.6258, val_auc:0.8281, val_ap: 0.7390
2023-04-22 14:45:58,732 - Epoch:022, train_loss:11.8952, val_auc:0.8281, val_ap: 0.7390
2023-04-22 14:45:59,044 - Epoch:023, train_loss:12.2712, val_auc:0.8281, val_ap: 0.7390
2023-04-22 14:45:59,356 - Epoch:024, train_loss:13.2186, val_auc:0.8281, val_ap: 0.7390
2023-04-22 14:45:59,668 - Epoch:025, train_loss:14.3545, val_auc:0.8281, val_ap: 0.7390
2023-04-22 14:45:59,980 - Epoch:026, train_loss:14.6108, val_auc:0.8281, val_ap: 0.7390
2023-04-22 14:46:00,292 - Epoch:027, train_loss:13.1872, val_auc:0.8281, val_ap: 0.7390
2023-04-22 14:46:00,604 - Epoch:028, train_loss:15.6850, val_auc:0.8281, val_ap: 0.7390
2023-04-22 14:46:00,916 - Epoch:029, train_loss:15.3924, val_auc:0.8281, val_ap: 0.7390
2023-04-22 14:46:01,228 - Epoch:030, train_loss:17.0237, val_auc:0.8281, val_ap: 0.7390
2023-04-22 14:46:01,540 - Epoch:031, train_loss:15.1234, val_auc:0.8281, val_ap: 0.7390
2023-04-22 14:46:01,852 - Epoch:032, train_loss:13.0162, val_auc:0.8281, val_ap: 0.7390
2023-04-22 14:46:02,164 - Epoch:033, train_loss:13.9848, val_auc:0.8281, val_ap: 0.7390
2023-04-22 14:46:02,477 - Epoch:034, train_loss:14.0046, val_auc:0.8281, val_ap: 0.7390
2023-04-22 14:46:02,788 - Epoch:035, train_loss:13.9179, val_auc:0.8281, val_ap: 0.7390
2023-04-22 14:46:03,100 - Epoch:036, train_loss:14.0771, val_auc:0.8281, val_ap: 0.7390
2023-04-22 14:46:03,412 - Epoch:037, train_loss:14.9545, val_auc:0.8281, val_ap: 0.7390
2023-04-22 14:46:03,724 - Epoch:038, train_loss:12.4354, val_auc:0.8281, val_ap: 0.7390
2023-04-22 14:46:04,037 - Epoch:039, train_loss:13.3861, val_auc:0.8281, val_ap: 0.7390
2023-04-22 14:46:04,348 - Epoch:040, train_loss:15.9251, val_auc:0.8281, val_ap: 0.7390
2023-04-22 14:46:04,660 - Epoch:041, train_loss:14.9676, val_auc:0.8281, val_ap: 0.7390
2023-04-22 14:46:04,972 - Epoch:042, train_loss:13.9358, val_auc:0.8281, val_ap: 0.7390
2023-04-22 14:46:05,285 - Epoch:043, train_loss:13.6787, val_auc:0.8281, val_ap: 0.7390
2023-04-22 14:46:05,596 - Epoch:044, train_loss:11.7467, val_auc:0.8281, val_ap: 0.7390
2023-04-22 14:46:05,909 - Epoch:045, train_loss:13.9118, val_auc:0.8281, val_ap: 0.7390
2023-04-22 14:46:06,220 - Epoch:046, train_loss:14.3116, val_auc:0.8281, val_ap: 0.7390
2023-04-22 14:46:06,533 - Epoch:047, train_loss:12.9180, val_auc:0.8281, val_ap: 0.7390
2023-04-22 14:46:06,845 - Epoch:048, train_loss:13.1041, val_auc:0.8281, val_ap: 0.7390
2023-04-22 14:46:07,157 - Epoch:049, train_loss:10.7881, val_auc:0.8281, val_ap: 0.7390
2023-04-22 14:46:07,469 - Epoch:050, train_loss:14.2490, val_auc:0.8438, val_ap: 0.7512
2023-04-22 14:46:07,780 - Epoch:051, train_loss:13.6556, val_auc:0.8438, val_ap: 0.7512
2023-04-22 14:46:08,093 - Epoch:052, train_loss:13.2750, val_auc:0.8438, val_ap: 0.7512
2023-04-22 14:46:08,405 - Epoch:053, train_loss:14.8085, val_auc:0.8438, val_ap: 0.7512
2023-04-22 14:46:08,716 - Epoch:054, train_loss:12.7112, val_auc:0.8438, val_ap: 0.7512
2023-04-22 14:46:09,029 - Epoch:055, train_loss:10.2526, val_auc:0.8438, val_ap: 0.7512
2023-04-22 14:46:09,340 - Epoch:056, train_loss:12.0484, val_auc:0.8438, val_ap: 0.7512
2023-04-22 14:46:09,653 - Epoch:057, train_loss:12.0259, val_auc:0.8438, val_ap: 0.7512
2023-04-22 14:46:09,965 - Epoch:058, train_loss:11.8906, val_auc:0.8438, val_ap: 0.7512
2023-04-22 14:46:10,277 - Epoch:059, train_loss:12.1597, val_auc:0.8438, val_ap: 0.7534
2023-04-22 14:46:10,595 - Epoch:060, train_loss:11.7466, val_auc:0.8438, val_ap: 0.7512
2023-04-22 14:46:10,911 - Epoch:061, train_loss:12.0241, val_auc:0.8438, val_ap: 0.7512
2023-04-22 14:46:11,223 - Epoch:062, train_loss:9.6527, val_auc:0.8438, val_ap: 0.7512
2023-04-22 14:46:11,535 - Epoch:063, train_loss:12.8240, val_auc:0.8438, val_ap: 0.7512
2023-04-22 14:46:11,847 - Epoch:064, train_loss:10.8010, val_auc:0.8438, val_ap: 0.7512
2023-04-22 14:46:12,159 - Epoch:065, train_loss:11.7365, val_auc:0.8438, val_ap: 0.7512
2023-04-22 14:46:12,471 - Epoch:066, train_loss:10.4660, val_auc:0.8438, val_ap: 0.7512
2023-04-22 14:46:12,783 - Epoch:067, train_loss:10.8418, val_auc:0.8438, val_ap: 0.7512
2023-04-22 14:46:13,095 - Epoch:068, train_loss:11.2684, val_auc:0.8281, val_ap: 0.7390
2023-04-22 14:46:13,407 - Epoch:069, train_loss:11.8692, val_auc:0.8281, val_ap: 0.7390
2023-04-22 14:46:13,719 - Epoch:070, train_loss:9.1834, val_auc:0.8281, val_ap: 0.7390
2023-04-22 14:46:14,032 - Epoch:071, train_loss:11.2846, val_auc:0.8281, val_ap: 0.7390
2023-04-22 14:46:14,343 - Epoch:072, train_loss:10.8134, val_auc:0.8281, val_ap: 0.7390
2023-04-22 14:46:14,655 - Epoch:073, train_loss:9.3897, val_auc:0.8281, val_ap: 0.7390
2023-04-22 14:46:14,967 - Epoch:074, train_loss:10.0768, val_auc:0.8281, val_ap: 0.7390
2023-04-22 14:46:15,279 - Epoch:075, train_loss:11.5445, val_auc:0.8281, val_ap: 0.7390
2023-04-22 14:46:15,590 - Epoch:076, train_loss:9.4115, val_auc:0.8281, val_ap: 0.7390
2023-04-22 14:46:15,902 - Epoch:077, train_loss:9.5442, val_auc:0.8281, val_ap: 0.7390
2023-04-22 14:46:16,214 - Epoch:078, train_loss:10.8088, val_auc:0.8281, val_ap: 0.7390
2023-04-22 14:46:16,526 - Epoch:079, train_loss:10.2839, val_auc:0.8281, val_ap: 0.7390
2023-04-22 14:46:16,843 - Epoch:080, train_loss:9.3783, val_auc:0.8281, val_ap: 0.7390
2023-04-22 14:46:17,160 - Epoch:081, train_loss:11.2083, val_auc:0.8281, val_ap: 0.7390
2023-04-22 14:46:17,473 - Epoch:082, train_loss:10.3779, val_auc:0.8281, val_ap: 0.7390
2023-04-22 14:46:17,784 - Epoch:083, train_loss:9.5973, val_auc:0.8281, val_ap: 0.7390
2023-04-22 14:46:18,097 - Epoch:084, train_loss:10.4928, val_auc:0.8281, val_ap: 0.7390
2023-04-22 14:46:18,409 - Epoch:085, train_loss:9.5201, val_auc:0.8281, val_ap: 0.7390
2023-04-22 14:46:18,721 - Epoch:086, train_loss:9.6054, val_auc:0.8281, val_ap: 0.7390
2023-04-22 14:46:19,033 - Epoch:087, train_loss:8.0089, val_auc:0.8281, val_ap: 0.7390
2023-04-22 14:46:19,350 - Epoch:088, train_loss:9.5954, val_auc:0.8281, val_ap: 0.7390
2023-04-22 14:46:19,666 - Epoch:089, train_loss:10.1611, val_auc:0.8281, val_ap: 0.7390
2023-04-22 14:46:19,979 - Epoch:090, train_loss:9.0152, val_auc:0.8281, val_ap: 0.7390
2023-04-22 14:46:20,291 - Epoch:091, train_loss:9.4033, val_auc:0.8281, val_ap: 0.7390
2023-04-22 14:46:20,603 - Epoch:092, train_loss:9.8835, val_auc:0.8281, val_ap: 0.7390
2023-04-22 14:46:20,915 - Epoch:093, train_loss:10.9544, val_auc:0.8281, val_ap: 0.7390
2023-04-22 14:46:21,227 - Epoch:094, train_loss:9.5328, val_auc:0.8281, val_ap: 0.7390
2023-04-22 14:46:21,539 - Epoch:095, train_loss:9.5205, val_auc:0.8281, val_ap: 0.7390
2023-04-22 14:46:21,851 - Epoch:096, train_loss:9.5508, val_auc:0.8281, val_ap: 0.7390
2023-04-22 14:46:22,163 - Epoch:097, train_loss:10.8892, val_auc:0.8281, val_ap: 0.7390
2023-04-22 14:46:22,475 - Epoch:098, train_loss:10.0913, val_auc:0.8125, val_ap: 0.7256
2023-04-22 14:46:22,787 - Epoch:099, train_loss:8.6291, val_auc:0.8125, val_ap: 0.7256
2023-04-22 14:46:23,099 - Epoch:100, train_loss:8.1573, val_auc:0.8125, val_ap: 0.7256
2023-04-22 14:46:23,411 - Epoch:101, train_loss:9.0715, val_auc:0.8125, val_ap: 0.7256
2023-04-22 14:46:23,723 - Epoch:102, train_loss:9.0372, val_auc:0.8125, val_ap: 0.7256
2023-04-22 14:46:24,035 - Epoch:103, train_loss:8.3377, val_auc:0.8125, val_ap: 0.7256
2023-04-22 14:46:24,348 - Epoch:104, train_loss:9.9047, val_auc:0.8125, val_ap: 0.7256
2023-04-22 14:46:24,659 - Epoch:105, train_loss:7.5587, val_auc:0.8125, val_ap: 0.7256
2023-04-22 14:46:24,971 - Epoch:106, train_loss:9.4160, val_auc:0.8125, val_ap: 0.7256
2023-04-22 14:46:25,283 - Epoch:107, train_loss:8.8586, val_auc:0.8125, val_ap: 0.7256
2023-04-22 14:46:25,595 - Epoch:108, train_loss:10.2336, val_auc:0.8125, val_ap: 0.7256
2023-04-22 14:46:25,908 - Epoch:109, train_loss:9.9226, val_auc:0.8125, val_ap: 0.7256
2023-04-22 14:46:26,220 - Epoch:110, train_loss:9.3030, val_auc:0.8125, val_ap: 0.7256
2023-04-22 14:46:26,532 - Epoch:111, train_loss:8.1746, val_auc:0.8125, val_ap: 0.7256
2023-04-22 14:46:26,844 - Epoch:112, train_loss:8.5770, val_auc:0.8125, val_ap: 0.7256
2023-04-22 14:46:27,158 - Epoch:113, train_loss:7.3367, val_auc:0.8125, val_ap: 0.7256
2023-04-22 14:46:27,473 - Epoch:114, train_loss:8.4553, val_auc:0.8125, val_ap: 0.7256
2023-04-22 14:46:27,789 - Epoch:115, train_loss:7.7845, val_auc:0.8125, val_ap: 0.7256
2023-04-22 14:46:28,102 - Epoch:116, train_loss:9.4982, val_auc:0.8125, val_ap: 0.7256
2023-04-22 14:46:28,414 - Epoch:117, train_loss:7.2361, val_auc:0.8125, val_ap: 0.7256
2023-04-22 14:46:28,726 - Epoch:118, train_loss:8.7391, val_auc:0.8125, val_ap: 0.7256
2023-04-22 14:46:29,038 - Epoch:119, train_loss:7.8787, val_auc:0.8125, val_ap: 0.7256
2023-04-22 14:46:29,350 - Epoch:120, train_loss:9.1751, val_auc:0.8125, val_ap: 0.7256
2023-04-22 14:46:29,663 - Epoch:121, train_loss:8.8623, val_auc:0.8125, val_ap: 0.7256
2023-04-22 14:46:29,974 - Epoch:122, train_loss:7.9751, val_auc:0.8125, val_ap: 0.7256
2023-04-22 14:46:30,286 - Epoch:123, train_loss:8.5647, val_auc:0.8125, val_ap: 0.7256
2023-04-22 14:46:30,598 - Epoch:124, train_loss:6.0268, val_auc:0.7969, val_ap: 0.7159
2023-04-22 14:46:30,910 - Epoch:125, train_loss:8.3039, val_auc:0.7969, val_ap: 0.7159
2023-04-22 14:46:31,223 - Epoch:126, train_loss:6.3678, val_auc:0.7969, val_ap: 0.7159
2023-04-22 14:46:31,535 - Epoch:127, train_loss:7.0804, val_auc:0.7969, val_ap: 0.7159
2023-04-22 14:46:31,846 - Epoch:128, train_loss:7.8439, val_auc:0.7969, val_ap: 0.7159
2023-04-22 14:46:32,159 - Epoch:129, train_loss:7.8955, val_auc:0.7969, val_ap: 0.7159
2023-04-22 14:46:32,470 - Epoch:130, train_loss:7.7061, val_auc:0.7969, val_ap: 0.7159
2023-04-22 14:46:32,782 - Epoch:131, train_loss:7.3102, val_auc:0.7969, val_ap: 0.7159
2023-04-22 14:46:33,094 - Epoch:132, train_loss:7.7118, val_auc:0.7812, val_ap: 0.7010
2023-04-22 14:46:33,406 - Epoch:133, train_loss:6.8458, val_auc:0.7812, val_ap: 0.7010
2023-04-22 14:46:33,718 - Epoch:134, train_loss:7.2738, val_auc:0.7812, val_ap: 0.7010
2023-04-22 14:46:34,030 - Epoch:135, train_loss:8.6342, val_auc:0.7812, val_ap: 0.7010
2023-04-22 14:46:34,342 - Epoch:136, train_loss:6.2731, val_auc:0.7812, val_ap: 0.7010
2023-04-22 14:46:34,654 - Epoch:137, train_loss:8.4723, val_auc:0.7812, val_ap: 0.7010
2023-04-22 14:46:34,966 - Epoch:138, train_loss:7.1446, val_auc:0.7812, val_ap: 0.7010
2023-04-22 14:46:35,278 - Epoch:139, train_loss:8.5530, val_auc:0.7812, val_ap: 0.7010
2023-04-22 14:46:35,590 - Epoch:140, train_loss:7.1667, val_auc:0.7812, val_ap: 0.7010
2023-04-22 14:46:35,903 - Epoch:141, train_loss:6.3806, val_auc:0.7969, val_ap: 0.7159
2023-04-22 14:46:36,214 - Epoch:142, train_loss:6.0262, val_auc:0.7969, val_ap: 0.7201
2023-04-22 14:46:36,526 - Epoch:143, train_loss:6.9382, val_auc:0.7969, val_ap: 0.7159
2023-04-22 14:46:36,838 - Epoch:144, train_loss:7.4942, val_auc:0.7969, val_ap: 0.7159
2023-04-22 14:46:37,150 - Epoch:145, train_loss:6.4191, val_auc:0.7969, val_ap: 0.7159
2023-04-22 14:46:37,462 - Epoch:146, train_loss:7.0668, val_auc:0.7969, val_ap: 0.7159
2023-04-22 14:46:37,774 - Epoch:147, train_loss:7.0783, val_auc:0.7969, val_ap: 0.7222
2023-04-22 14:46:38,086 - Epoch:148, train_loss:6.8995, val_auc:0.7812, val_ap: 0.7010
2023-04-22 14:46:38,397 - Epoch:149, train_loss:5.7643, val_auc:0.7812, val_ap: 0.7010
2023-04-22 14:46:38,710 - Epoch:150, train_loss:5.8527, val_auc:0.7812, val_ap: 0.7010
2023-04-22 14:46:39,022 - Epoch:151, train_loss:6.7534, val_auc:0.7969, val_ap: 0.7159
2023-04-22 14:46:39,335 - Epoch:152, train_loss:5.9706, val_auc:0.7969, val_ap: 0.7159
2023-04-22 14:46:39,646 - Epoch:153, train_loss:8.8981, val_auc:0.7969, val_ap: 0.7159
2023-04-22 14:46:39,958 - Epoch:154, train_loss:6.7291, val_auc:0.7969, val_ap: 0.7159
2023-04-22 14:46:40,270 - Epoch:155, train_loss:6.1698, val_auc:0.7969, val_ap: 0.7159
2023-04-22 14:46:40,582 - Epoch:156, train_loss:6.3407, val_auc:0.7969, val_ap: 0.7159
2023-04-22 14:46:40,894 - Epoch:157, train_loss:6.3140, val_auc:0.7969, val_ap: 0.7159
2023-04-22 14:46:41,206 - Epoch:158, train_loss:6.5799, val_auc:0.8125, val_ap: 0.7293
2023-04-22 14:46:41,518 - Epoch:159, train_loss:7.4036, val_auc:0.8125, val_ap: 0.7293
2023-04-22 14:46:41,830 - Epoch:160, train_loss:6.3828, val_auc:0.7969, val_ap: 0.7159
2023-04-22 14:46:42,142 - Epoch:161, train_loss:5.3589, val_auc:0.7969, val_ap: 0.7159
2023-04-22 14:46:42,454 - Epoch:162, train_loss:6.4340, val_auc:0.7969, val_ap: 0.7159
2023-04-22 14:46:42,766 - Epoch:163, train_loss:6.8580, val_auc:0.7969, val_ap: 0.7159
2023-04-22 14:46:43,079 - Epoch:164, train_loss:5.0734, val_auc:0.7969, val_ap: 0.7159
2023-04-22 14:46:43,391 - Epoch:165, train_loss:5.2298, val_auc:0.8125, val_ap: 0.7293
2023-04-22 14:46:43,702 - Epoch:166, train_loss:5.6876, val_auc:0.8125, val_ap: 0.7293
2023-04-22 14:46:44,015 - Epoch:167, train_loss:5.6377, val_auc:0.8125, val_ap: 0.7293
2023-04-22 14:46:44,327 - Epoch:168, train_loss:6.1062, val_auc:0.8125, val_ap: 0.7293
2023-04-22 14:46:44,638 - Epoch:169, train_loss:5.6571, val_auc:0.8125, val_ap: 0.7293
2023-04-22 14:46:44,950 - Epoch:170, train_loss:5.3073, val_auc:0.8125, val_ap: 0.7293
2023-04-22 14:46:45,262 - Epoch:171, train_loss:5.9666, val_auc:0.8125, val_ap: 0.7293
2023-04-22 14:46:45,574 - Epoch:172, train_loss:5.8242, val_auc:0.8125, val_ap: 0.7293
2023-04-22 14:46:45,886 - Epoch:173, train_loss:6.0720, val_auc:0.8125, val_ap: 0.7293
2023-04-22 14:46:46,198 - Epoch:174, train_loss:6.0970, val_auc:0.7969, val_ap: 0.7159
2023-04-22 14:46:46,510 - Epoch:175, train_loss:4.8916, val_auc:0.8125, val_ap: 0.7256
2023-04-22 14:46:46,822 - Epoch:176, train_loss:4.6058, val_auc:0.8125, val_ap: 0.7256
2023-04-22 14:46:47,135 - Epoch:177, train_loss:4.5965, val_auc:0.8125, val_ap: 0.7733
2023-04-22 14:46:47,447 - Epoch:178, train_loss:4.2271, val_auc:0.8125, val_ap: 0.7733
2023-04-22 14:46:47,758 - Epoch:179, train_loss:4.4428, val_auc:0.8125, val_ap: 0.7733
2023-04-22 14:46:48,070 - Epoch:180, train_loss:3.8493, val_auc:0.8125, val_ap: 0.7733
2023-04-22 14:46:48,382 - Epoch:181, train_loss:4.1505, val_auc:0.8281, val_ap: 0.7823
2023-04-22 14:46:48,699 - Epoch:182, train_loss:3.8022, val_auc:0.8438, val_ap: 0.8240, text_auc:0.6784, text_ap: 0.6894
2023-04-22 14:46:49,007 - Epoch:183, train_loss:4.1102, val_auc:0.8281, val_ap: 0.8149
2023-04-22 14:46:49,323 - Epoch:184, train_loss:4.5674, val_auc:0.8438, val_ap: 0.8298, text_auc:0.6864, text_ap: 0.6955
2023-04-22 14:46:49,638 - Epoch:185, train_loss:4.6634, val_auc:0.8594, val_ap: 0.8432, text_auc:0.6864, text_ap: 0.6923
2023-04-22 14:46:49,957 - Epoch:186, train_loss:5.3569, val_auc:0.8750, val_ap: 0.8553, text_auc:0.6864, text_ap: 0.6932
2023-04-22 14:46:50,265 - Epoch:187, train_loss:4.1427, val_auc:0.8750, val_ap: 0.8553
2023-04-22 14:46:50,577 - Epoch:188, train_loss:3.8100, val_auc:0.8750, val_ap: 0.8553
2023-04-22 14:46:50,888 - Epoch:189, train_loss:4.6018, val_auc:0.8750, val_ap: 0.8553
2023-04-22 14:46:51,200 - Epoch:190, train_loss:3.6573, val_auc:0.8750, val_ap: 0.8553
2023-04-22 14:46:51,512 - Epoch:191, train_loss:4.2024, val_auc:0.8750, val_ap: 0.8553
2023-04-22 14:46:51,829 - Epoch:192, train_loss:4.0444, val_auc:0.8906, val_ap: 0.8644, text_auc:0.6976, text_ap: 0.7020
2023-04-22 14:46:52,142 - Epoch:193, train_loss:4.6129, val_auc:0.9062, val_ap: 0.8755, text_auc:0.6960, text_ap: 0.7009
2023-04-22 14:46:52,457 - Epoch:194, train_loss:3.8485, val_auc:0.8906, val_ap: 0.8644
2023-04-22 14:46:52,770 - Epoch:195, train_loss:3.8909, val_auc:0.8906, val_ap: 0.8644
2023-04-22 14:46:53,082 - Epoch:196, train_loss:3.5836, val_auc:0.8906, val_ap: 0.8644
2023-04-22 14:46:53,394 - Epoch:197, train_loss:3.4309, val_auc:0.8906, val_ap: 0.8644
2023-04-22 14:46:53,706 - Epoch:198, train_loss:3.7163, val_auc:0.8906, val_ap: 0.8644
2023-04-22 14:46:54,019 - Epoch:199, train_loss:3.7292, val_auc:0.8906, val_ap: 0.8644
2023-04-22 14:46:54,021 - final results:
2023-04-22 14:46:54,021 - ====================================================================================
2023-04-22 14:46:54,022 - AUC:0.7616+-0.0469 [0.7855999999999999, 0.8032, 0.696]
2023-04-22 14:46:54,022 - AP:0.7486+-0.0351 [0.7606083701042246, 0.7843009163675531, 0.7008915557590338]
2023-04-22 14:46:54,385 - Epoch:000, train_loss:16.6208, val_auc:0.5156, val_ap: 0.5729, text_auc:0.6744, text_ap: 0.6944
2023-04-22 14:46:54,699 - Epoch:001, train_loss:16.5827, val_auc:0.5156, val_ap: 0.6104, text_auc:0.6640, text_ap: 0.6904
2023-04-22 14:46:55,013 - Epoch:002, train_loss:16.1577, val_auc:0.4844, val_ap: 0.5716
2023-04-22 14:46:55,326 - Epoch:003, train_loss:16.7640, val_auc:0.5000, val_ap: 0.5757
2023-04-22 14:46:55,639 - Epoch:004, train_loss:14.9499, val_auc:0.5156, val_ap: 0.5861
2023-04-22 14:46:55,953 - Epoch:005, train_loss:17.9452, val_auc:0.5000, val_ap: 0.5772
2023-04-22 14:46:56,263 - Epoch:006, train_loss:15.7686, val_auc:0.5000, val_ap: 0.5772
2023-04-22 14:46:56,575 - Epoch:007, train_loss:18.2327, val_auc:0.5000, val_ap: 0.5772
2023-04-22 14:46:56,886 - Epoch:008, train_loss:13.9084, val_auc:0.5000, val_ap: 0.5841
2023-04-22 14:46:57,198 - Epoch:009, train_loss:17.1829, val_auc:0.5000, val_ap: 0.5772
2023-04-22 14:46:57,510 - Epoch:010, train_loss:15.6035, val_auc:0.5000, val_ap: 0.5772
2023-04-22 14:46:57,822 - Epoch:011, train_loss:15.0974, val_auc:0.5000, val_ap: 0.5772
2023-04-22 14:46:58,145 - Epoch:012, train_loss:16.4077, val_auc:0.5156, val_ap: 0.5861
2023-04-22 14:46:58,462 - Epoch:013, train_loss:14.1431, val_auc:0.5312, val_ap: 0.6069, text_auc:0.6928, text_ap: 0.6879
2023-04-22 14:46:58,770 - Epoch:014, train_loss:15.1205, val_auc:0.5156, val_ap: 0.6028
2023-04-22 14:46:59,081 - Epoch:015, train_loss:14.8017, val_auc:0.5156, val_ap: 0.6028
2023-04-22 14:46:59,393 - Epoch:016, train_loss:17.5743, val_auc:0.5156, val_ap: 0.6028
2023-04-22 14:46:59,705 - Epoch:017, train_loss:13.3800, val_auc:0.5156, val_ap: 0.6028
2023-04-22 14:47:00,017 - Epoch:018, train_loss:16.8722, val_auc:0.5156, val_ap: 0.6028
2023-04-22 14:47:00,329 - Epoch:019, train_loss:15.1223, val_auc:0.5156, val_ap: 0.6028
2023-04-22 14:47:00,646 - Epoch:020, train_loss:12.3231, val_auc:0.5312, val_ap: 0.6153, text_auc:0.7008, text_ap: 0.6795
2023-04-22 14:47:00,962 - Epoch:021, train_loss:14.4938, val_auc:0.5312, val_ap: 0.6153
2023-04-22 14:47:01,275 - Epoch:022, train_loss:17.9741, val_auc:0.5312, val_ap: 0.6153
2023-04-22 14:47:01,587 - Epoch:023, train_loss:13.8384, val_auc:0.5312, val_ap: 0.6153
2023-04-22 14:47:01,899 - Epoch:024, train_loss:15.1434, val_auc:0.5312, val_ap: 0.6153
2023-04-22 14:47:02,211 - Epoch:025, train_loss:16.8781, val_auc:0.5312, val_ap: 0.6153
2023-04-22 14:47:02,524 - Epoch:026, train_loss:13.6656, val_auc:0.5312, val_ap: 0.6153
2023-04-22 14:47:02,836 - Epoch:027, train_loss:15.6207, val_auc:0.5312, val_ap: 0.6153
2023-04-22 14:47:03,148 - Epoch:028, train_loss:12.8306, val_auc:0.5312, val_ap: 0.6153
2023-04-22 14:47:03,461 - Epoch:029, train_loss:12.2458, val_auc:0.5312, val_ap: 0.6153
2023-04-22 14:47:03,772 - Epoch:030, train_loss:15.9209, val_auc:0.5312, val_ap: 0.6153
2023-04-22 14:47:04,084 - Epoch:031, train_loss:14.6906, val_auc:0.5312, val_ap: 0.6153
2023-04-22 14:47:04,396 - Epoch:032, train_loss:16.7801, val_auc:0.5312, val_ap: 0.6153
2023-04-22 14:47:04,708 - Epoch:033, train_loss:14.6070, val_auc:0.5312, val_ap: 0.6153
2023-04-22 14:47:05,020 - Epoch:034, train_loss:14.6802, val_auc:0.5312, val_ap: 0.6153
2023-04-22 14:47:05,332 - Epoch:035, train_loss:13.1940, val_auc:0.5312, val_ap: 0.6153
2023-04-22 14:47:05,644 - Epoch:036, train_loss:14.9947, val_auc:0.5312, val_ap: 0.6153
2023-04-22 14:47:05,956 - Epoch:037, train_loss:15.6660, val_auc:0.5312, val_ap: 0.6153
2023-04-22 14:47:06,268 - Epoch:038, train_loss:11.5413, val_auc:0.5312, val_ap: 0.6153
2023-04-22 14:47:06,581 - Epoch:039, train_loss:14.2891, val_auc:0.5312, val_ap: 0.6153
2023-04-22 14:47:06,893 - Epoch:040, train_loss:12.8022, val_auc:0.5312, val_ap: 0.6153
2023-04-22 14:47:07,204 - Epoch:041, train_loss:11.3643, val_auc:0.5312, val_ap: 0.6153
2023-04-22 14:47:07,517 - Epoch:042, train_loss:12.8700, val_auc:0.5312, val_ap: 0.6153
2023-04-22 14:47:07,829 - Epoch:043, train_loss:13.6150, val_auc:0.5312, val_ap: 0.6153
2023-04-22 14:47:08,141 - Epoch:044, train_loss:13.7695, val_auc:0.5312, val_ap: 0.6153
2023-04-22 14:47:08,452 - Epoch:045, train_loss:13.7063, val_auc:0.5312, val_ap: 0.6153
2023-04-22 14:47:08,764 - Epoch:046, train_loss:10.8226, val_auc:0.5156, val_ap: 0.6028
2023-04-22 14:47:09,078 - Epoch:047, train_loss:10.7347, val_auc:0.5156, val_ap: 0.6028
2023-04-22 14:47:09,389 - Epoch:048, train_loss:12.2624, val_auc:0.5156, val_ap: 0.6028
2023-04-22 14:47:09,701 - Epoch:049, train_loss:10.2438, val_auc:0.5156, val_ap: 0.6028
2023-04-22 14:47:10,013 - Epoch:050, train_loss:13.4951, val_auc:0.5312, val_ap: 0.6117
2023-04-22 14:47:10,325 - Epoch:051, train_loss:12.6867, val_auc:0.5312, val_ap: 0.6117
2023-04-22 14:47:10,637 - Epoch:052, train_loss:12.9930, val_auc:0.5312, val_ap: 0.6117
2023-04-22 14:47:10,949 - Epoch:053, train_loss:13.3781, val_auc:0.5312, val_ap: 0.6117
2023-04-22 14:47:11,261 - Epoch:054, train_loss:10.8132, val_auc:0.5312, val_ap: 0.6117
2023-04-22 14:47:11,573 - Epoch:055, train_loss:13.0325, val_auc:0.5312, val_ap: 0.6117
2023-04-22 14:47:11,885 - Epoch:056, train_loss:10.1951, val_auc:0.5312, val_ap: 0.6117
2023-04-22 14:47:12,202 - Epoch:057, train_loss:11.4656, val_auc:0.5469, val_ap: 0.6242, text_auc:0.7152, text_ap: 0.6825
2023-04-22 14:47:12,511 - Epoch:058, train_loss:10.5926, val_auc:0.5469, val_ap: 0.6242
2023-04-22 14:47:12,822 - Epoch:059, train_loss:11.6879, val_auc:0.5469, val_ap: 0.6242
2023-04-22 14:47:13,134 - Epoch:060, train_loss:11.5439, val_auc:0.5469, val_ap: 0.6242
2023-04-22 14:47:13,445 - Epoch:061, train_loss:11.5243, val_auc:0.5469, val_ap: 0.6242
2023-04-22 14:47:13,757 - Epoch:062, train_loss:12.6755, val_auc:0.5469, val_ap: 0.6242
2023-04-22 14:47:14,070 - Epoch:063, train_loss:10.6882, val_auc:0.5469, val_ap: 0.6242
2023-04-22 14:47:14,382 - Epoch:064, train_loss:10.5134, val_auc:0.5469, val_ap: 0.6242
2023-04-22 14:47:14,693 - Epoch:065, train_loss:11.1116, val_auc:0.5469, val_ap: 0.6242
2023-04-22 14:47:15,005 - Epoch:066, train_loss:10.1710, val_auc:0.5469, val_ap: 0.6242
2023-04-22 14:47:15,318 - Epoch:067, train_loss:11.8828, val_auc:0.5469, val_ap: 0.6242
2023-04-22 14:47:15,630 - Epoch:068, train_loss:11.8576, val_auc:0.5469, val_ap: 0.6242
2023-04-22 14:47:15,947 - Epoch:069, train_loss:11.2754, val_auc:0.5625, val_ap: 0.6290, text_auc:0.7136, text_ap: 0.6814
2023-04-22 14:47:16,262 - Epoch:070, train_loss:9.6809, val_auc:0.5625, val_ap: 0.6290
2023-04-22 14:47:16,576 - Epoch:071, train_loss:12.9231, val_auc:0.5625, val_ap: 0.6290
2023-04-22 14:47:16,891 - Epoch:072, train_loss:10.5010, val_auc:0.5625, val_ap: 0.6290
2023-04-22 14:47:17,204 - Epoch:073, train_loss:9.9194, val_auc:0.5625, val_ap: 0.6290
2023-04-22 14:47:17,520 - Epoch:074, train_loss:11.6059, val_auc:0.5469, val_ap: 0.6165
2023-04-22 14:47:17,834 - Epoch:075, train_loss:10.8937, val_auc:0.5469, val_ap: 0.6165
2023-04-22 14:47:18,146 - Epoch:076, train_loss:11.7645, val_auc:0.5469, val_ap: 0.6165
2023-04-22 14:47:18,458 - Epoch:077, train_loss:9.1518, val_auc:0.5469, val_ap: 0.6165
2023-04-22 14:47:18,769 - Epoch:078, train_loss:12.3579, val_auc:0.5469, val_ap: 0.6165
2023-04-22 14:47:19,082 - Epoch:079, train_loss:9.0150, val_auc:0.5469, val_ap: 0.6165
2023-04-22 14:47:19,394 - Epoch:080, train_loss:12.2379, val_auc:0.5469, val_ap: 0.6165
2023-04-22 14:47:19,706 - Epoch:081, train_loss:7.8765, val_auc:0.5469, val_ap: 0.6165
2023-04-22 14:47:20,018 - Epoch:082, train_loss:10.4476, val_auc:0.5469, val_ap: 0.6165
2023-04-22 14:47:20,330 - Epoch:083, train_loss:10.5090, val_auc:0.5469, val_ap: 0.6165
2023-04-22 14:47:20,643 - Epoch:084, train_loss:11.9587, val_auc:0.5469, val_ap: 0.6165
2023-04-22 14:47:20,955 - Epoch:085, train_loss:10.6477, val_auc:0.5312, val_ap: 0.6076
2023-04-22 14:47:21,266 - Epoch:086, train_loss:9.4898, val_auc:0.5312, val_ap: 0.6076
2023-04-22 14:47:21,579 - Epoch:087, train_loss:11.5951, val_auc:0.5312, val_ap: 0.6076
2023-04-22 14:47:21,891 - Epoch:088, train_loss:11.2260, val_auc:0.5234, val_ap: 0.5987
2023-04-22 14:47:22,202 - Epoch:089, train_loss:10.1804, val_auc:0.5156, val_ap: 0.5987
2023-04-22 14:47:22,515 - Epoch:090, train_loss:10.4731, val_auc:0.5156, val_ap: 0.5987
2023-04-22 14:47:22,827 - Epoch:091, train_loss:8.9040, val_auc:0.5156, val_ap: 0.5987
2023-04-22 14:47:23,139 - Epoch:092, train_loss:11.0689, val_auc:0.5156, val_ap: 0.5987
2023-04-22 14:47:23,451 - Epoch:093, train_loss:10.1990, val_auc:0.5156, val_ap: 0.5987
2023-04-22 14:47:23,763 - Epoch:094, train_loss:11.3977, val_auc:0.5156, val_ap: 0.5987
2023-04-22 14:47:24,075 - Epoch:095, train_loss:9.3500, val_auc:0.5156, val_ap: 0.5987
2023-04-22 14:47:24,386 - Epoch:096, train_loss:9.4426, val_auc:0.5156, val_ap: 0.5987
2023-04-22 14:47:24,698 - Epoch:097, train_loss:7.9306, val_auc:0.5156, val_ap: 0.5987
2023-04-22 14:47:25,011 - Epoch:098, train_loss:9.4293, val_auc:0.5156, val_ap: 0.5987
2023-04-22 14:47:25,323 - Epoch:099, train_loss:9.7391, val_auc:0.5156, val_ap: 0.5987
2023-04-22 14:47:25,635 - Epoch:100, train_loss:7.7373, val_auc:0.5156, val_ap: 0.5987
2023-04-22 14:47:25,952 - Epoch:101, train_loss:7.9478, val_auc:0.5312, val_ap: 0.6076
2023-04-22 14:47:26,268 - Epoch:102, train_loss:8.8483, val_auc:0.5312, val_ap: 0.6076
2023-04-22 14:47:26,581 - Epoch:103, train_loss:9.8779, val_auc:0.5312, val_ap: 0.6076
2023-04-22 14:47:26,893 - Epoch:104, train_loss:8.7036, val_auc:0.5469, val_ap: 0.6201
2023-04-22 14:47:27,205 - Epoch:105, train_loss:7.8514, val_auc:0.5469, val_ap: 0.6201
2023-04-22 14:47:27,517 - Epoch:106, train_loss:9.5862, val_auc:0.5469, val_ap: 0.6201
2023-04-22 14:47:27,829 - Epoch:107, train_loss:8.2737, val_auc:0.5469, val_ap: 0.6201
2023-04-22 14:47:28,141 - Epoch:108, train_loss:8.4871, val_auc:0.5469, val_ap: 0.6201
2023-04-22 14:47:28,453 - Epoch:109, train_loss:9.2460, val_auc:0.5469, val_ap: 0.6201
2023-04-22 14:47:28,765 - Epoch:110, train_loss:8.0729, val_auc:0.5469, val_ap: 0.6201
2023-04-22 14:47:29,077 - Epoch:111, train_loss:7.8845, val_auc:0.5469, val_ap: 0.6201
2023-04-22 14:47:29,389 - Epoch:112, train_loss:9.7716, val_auc:0.5469, val_ap: 0.6201
2023-04-22 14:47:29,701 - Epoch:113, train_loss:7.2983, val_auc:0.5469, val_ap: 0.6201
2023-04-22 14:47:30,013 - Epoch:114, train_loss:7.9135, val_auc:0.5469, val_ap: 0.6201
2023-04-22 14:47:30,325 - Epoch:115, train_loss:8.9755, val_auc:0.5469, val_ap: 0.6201
2023-04-22 14:47:30,637 - Epoch:116, train_loss:9.9381, val_auc:0.5469, val_ap: 0.6201
2023-04-22 14:47:30,949 - Epoch:117, train_loss:8.3867, val_auc:0.5469, val_ap: 0.6201
2023-04-22 14:47:31,261 - Epoch:118, train_loss:7.4286, val_auc:0.5469, val_ap: 0.6201
2023-04-22 14:47:31,573 - Epoch:119, train_loss:8.9996, val_auc:0.5469, val_ap: 0.6201
2023-04-22 14:47:31,886 - Epoch:120, train_loss:7.2382, val_auc:0.5469, val_ap: 0.6201
2023-04-22 14:47:32,197 - Epoch:121, train_loss:7.2379, val_auc:0.5469, val_ap: 0.6201
2023-04-22 14:47:32,509 - Epoch:122, train_loss:8.5157, val_auc:0.5312, val_ap: 0.5993
2023-04-22 14:47:32,822 - Epoch:123, train_loss:8.0694, val_auc:0.5312, val_ap: 0.5993
2023-04-22 14:47:33,133 - Epoch:124, train_loss:7.3133, val_auc:0.5312, val_ap: 0.5993
2023-04-22 14:47:33,445 - Epoch:125, train_loss:7.5066, val_auc:0.5312, val_ap: 0.5993
2023-04-22 14:47:33,757 - Epoch:126, train_loss:8.3402, val_auc:0.5469, val_ap: 0.6049
2023-04-22 14:47:34,071 - Epoch:127, train_loss:7.1840, val_auc:0.5469, val_ap: 0.6049
2023-04-22 14:47:34,382 - Epoch:128, train_loss:8.9105, val_auc:0.5312, val_ap: 0.5993
2023-04-22 14:47:34,693 - Epoch:129, train_loss:9.2807, val_auc:0.5312, val_ap: 0.5993
2023-04-22 14:47:35,006 - Epoch:130, train_loss:7.3391, val_auc:0.5312, val_ap: 0.5993
2023-04-22 14:47:35,317 - Epoch:131, train_loss:7.4519, val_auc:0.5312, val_ap: 0.5993
2023-04-22 14:47:35,629 - Epoch:132, train_loss:7.2230, val_auc:0.5312, val_ap: 0.5993
2023-04-22 14:47:35,941 - Epoch:133, train_loss:6.0925, val_auc:0.5156, val_ap: 0.5868
2023-04-22 14:47:36,254 - Epoch:134, train_loss:5.8860, val_auc:0.5156, val_ap: 0.5868
2023-04-22 14:47:36,565 - Epoch:135, train_loss:6.9470, val_auc:0.5156, val_ap: 0.5868
2023-04-22 14:47:36,886 - Epoch:136, train_loss:7.1751, val_auc:0.5156, val_ap: 0.5868
2023-04-22 14:47:37,211 - Epoch:137, train_loss:7.3506, val_auc:0.5156, val_ap: 0.5868
2023-04-22 14:47:37,521 - Epoch:138, train_loss:6.4136, val_auc:0.5156, val_ap: 0.5868
2023-04-22 14:47:37,834 - Epoch:139, train_loss:6.9360, val_auc:0.5156, val_ap: 0.5868
2023-04-22 14:47:38,146 - Epoch:140, train_loss:6.0913, val_auc:0.5156, val_ap: 0.5868
2023-04-22 14:47:38,458 - Epoch:141, train_loss:5.6592, val_auc:0.5156, val_ap: 0.5868
2023-04-22 14:47:38,770 - Epoch:142, train_loss:7.1477, val_auc:0.5156, val_ap: 0.5868
2023-04-22 14:47:39,082 - Epoch:143, train_loss:5.9818, val_auc:0.5156, val_ap: 0.5868
2023-04-22 14:47:39,393 - Epoch:144, train_loss:6.7484, val_auc:0.5156, val_ap: 0.5868
2023-04-22 14:47:39,705 - Epoch:145, train_loss:5.7248, val_auc:0.5156, val_ap: 0.5868
2023-04-22 14:47:40,017 - Epoch:146, train_loss:7.3860, val_auc:0.5000, val_ap: 0.5778
2023-04-22 14:47:40,329 - Epoch:147, train_loss:7.2170, val_auc:0.5000, val_ap: 0.5778
2023-04-22 14:47:40,642 - Epoch:148, train_loss:7.7583, val_auc:0.5000, val_ap: 0.5778
2023-04-22 14:47:40,954 - Epoch:149, train_loss:7.4217, val_auc:0.5000, val_ap: 0.5778
2023-04-22 14:47:41,265 - Epoch:150, train_loss:6.1673, val_auc:0.5000, val_ap: 0.5778
2023-04-22 14:47:41,577 - Epoch:151, train_loss:6.2117, val_auc:0.5000, val_ap: 0.5778
2023-04-22 14:47:41,889 - Epoch:152, train_loss:6.5730, val_auc:0.5000, val_ap: 0.5778
2023-04-22 14:47:42,202 - Epoch:153, train_loss:6.2774, val_auc:0.5000, val_ap: 0.5778
2023-04-22 14:47:42,516 - Epoch:154, train_loss:6.0162, val_auc:0.5000, val_ap: 0.5778
2023-04-22 14:47:42,833 - Epoch:155, train_loss:6.7048, val_auc:0.5000, val_ap: 0.5778
2023-04-22 14:47:43,150 - Epoch:156, train_loss:7.4862, val_auc:0.5000, val_ap: 0.5778
2023-04-22 14:47:43,480 - Epoch:157, train_loss:6.2087, val_auc:0.5000, val_ap: 0.5778
2023-04-22 14:47:43,792 - Epoch:158, train_loss:7.5684, val_auc:0.5000, val_ap: 0.5778
2023-04-22 14:47:44,106 - Epoch:159, train_loss:6.4857, val_auc:0.5000, val_ap: 0.5778
2023-04-22 14:47:44,426 - Epoch:160, train_loss:5.5385, val_auc:0.5000, val_ap: 0.5778
2023-04-22 14:47:44,738 - Epoch:161, train_loss:6.8057, val_auc:0.5000, val_ap: 0.5778
2023-04-22 14:47:45,051 - Epoch:162, train_loss:6.1935, val_auc:0.5000, val_ap: 0.5778
2023-04-22 14:47:45,363 - Epoch:163, train_loss:5.7288, val_auc:0.5000, val_ap: 0.5778
2023-04-22 14:47:45,675 - Epoch:164, train_loss:6.0845, val_auc:0.5000, val_ap: 0.5778
2023-04-22 14:47:45,988 - Epoch:165, train_loss:6.7514, val_auc:0.5000, val_ap: 0.5778
2023-04-22 14:47:46,303 - Epoch:166, train_loss:5.8658, val_auc:0.5000, val_ap: 0.5778
2023-04-22 14:47:46,619 - Epoch:167, train_loss:6.5579, val_auc:0.5000, val_ap: 0.5778
2023-04-22 14:47:46,933 - Epoch:168, train_loss:5.2317, val_auc:0.5000, val_ap: 0.5778
2023-04-22 14:47:47,245 - Epoch:169, train_loss:5.3299, val_auc:0.5000, val_ap: 0.5778
2023-04-22 14:47:47,558 - Epoch:170, train_loss:6.4468, val_auc:0.5312, val_ap: 0.5909
2023-04-22 14:47:47,871 - Epoch:171, train_loss:5.4237, val_auc:0.5312, val_ap: 0.5909
2023-04-22 14:47:48,191 - Epoch:172, train_loss:5.2515, val_auc:0.5312, val_ap: 0.5909
2023-04-22 14:47:48,506 - Epoch:173, train_loss:5.0446, val_auc:0.5625, val_ap: 0.6123
2023-04-22 14:47:48,822 - Epoch:174, train_loss:5.9117, val_auc:0.5625, val_ap: 0.6123
2023-04-22 14:47:49,143 - Epoch:175, train_loss:5.2745, val_auc:0.5938, val_ap: 0.6379, text_auc:0.7472, text_ap: 0.7287
2023-04-22 14:47:49,463 - Epoch:176, train_loss:5.5215, val_auc:0.5938, val_ap: 0.6379
2023-04-22 14:47:49,793 - Epoch:177, train_loss:4.6927, val_auc:0.6250, val_ap: 0.6623, text_auc:0.7536, text_ap: 0.7323
2023-04-22 14:47:50,104 - Epoch:178, train_loss:4.9480, val_auc:0.6250, val_ap: 0.6623
2023-04-22 14:47:50,420 - Epoch:179, train_loss:4.8603, val_auc:0.6250, val_ap: 0.6972, text_auc:0.7616, text_ap: 0.7467
2023-04-22 14:47:50,737 - Epoch:180, train_loss:4.3319, val_auc:0.6719, val_ap: 0.7458, text_auc:0.7648, text_ap: 0.7646
2023-04-22 14:47:51,055 - Epoch:181, train_loss:4.6518, val_auc:0.6875, val_ap: 0.7545, text_auc:0.7728, text_ap: 0.7738
2023-04-22 14:47:51,369 - Epoch:182, train_loss:4.8236, val_auc:0.6875, val_ap: 0.7545
2023-04-22 14:47:51,691 - Epoch:183, train_loss:3.9808, val_auc:0.7031, val_ap: 0.7613, text_auc:0.7840, text_ap: 0.7885
2023-04-22 14:47:52,012 - Epoch:184, train_loss:4.4940, val_auc:0.7188, val_ap: 0.7696, text_auc:0.7904, text_ap: 0.7906
2023-04-22 14:47:52,333 - Epoch:185, train_loss:4.2486, val_auc:0.7344, val_ap: 0.7808, text_auc:0.7936, text_ap: 0.7889
2023-04-22 14:47:52,658 - Epoch:186, train_loss:3.8271, val_auc:0.7344, val_ap: 0.7808
2023-04-22 14:47:52,988 - Epoch:187, train_loss:4.7165, val_auc:0.7344, val_ap: 0.7891, text_auc:0.8064, text_ap: 0.7934
2023-04-22 14:47:53,318 - Epoch:188, train_loss:4.5862, val_auc:0.7344, val_ap: 0.7891
2023-04-22 14:47:53,645 - Epoch:189, train_loss:4.2446, val_auc:0.7344, val_ap: 0.7972, text_auc:0.8080, text_ap: 0.7931
2023-04-22 14:47:53,964 - Epoch:190, train_loss:3.7110, val_auc:0.7344, val_ap: 0.7972
2023-04-22 14:47:54,280 - Epoch:191, train_loss:3.8300, val_auc:0.7031, val_ap: 0.7656
2023-04-22 14:47:54,600 - Epoch:192, train_loss:3.2359, val_auc:0.7031, val_ap: 0.7656
2023-04-22 14:47:54,915 - Epoch:193, train_loss:3.0781, val_auc:0.7188, val_ap: 0.7823
2023-04-22 14:47:55,226 - Epoch:194, train_loss:3.8639, val_auc:0.7188, val_ap: 0.7823
2023-04-22 14:47:55,537 - Epoch:195, train_loss:3.6713, val_auc:0.7188, val_ap: 0.7823
2023-04-22 14:47:55,849 - Epoch:196, train_loss:3.8374, val_auc:0.7188, val_ap: 0.7780
2023-04-22 14:47:56,162 - Epoch:197, train_loss:4.2835, val_auc:0.7188, val_ap: 0.7780
2023-04-22 14:47:56,474 - Epoch:198, train_loss:3.9300, val_auc:0.7344, val_ap: 0.7863
2023-04-22 14:47:56,785 - Epoch:199, train_loss:4.0928, val_auc:0.7344, val_ap: 0.7863
2023-04-22 14:47:56,787 - final results:
2023-04-22 14:47:56,788 - ====================================================================================
2023-04-22 14:47:56,788 - AUC:0.7732+-0.0453 [0.7855999999999999, 0.8032, 0.696, 0.808]
2023-04-22 14:47:56,788 - AP:0.7597+-0.0360 [0.7606083701042246, 0.7843009163675531, 0.7008915557590338, 0.7931149843668385]
2023-04-22 14:47:57,154 - Epoch:000, train_loss:15.1137, val_auc:0.4688, val_ap: 0.5688, text_auc:0.7976, text_ap: 0.8418
2023-04-22 14:47:57,474 - Epoch:001, train_loss:15.8883, val_auc:0.5000, val_ap: 0.5736, text_auc:0.7624, text_ap: 0.7836
2023-04-22 14:47:57,789 - Epoch:002, train_loss:12.2530, val_auc:0.5156, val_ap: 0.5825, text_auc:0.7288, text_ap: 0.7123
2023-04-22 14:47:58,111 - Epoch:003, train_loss:15.3149, val_auc:0.5469, val_ap: 0.5930, text_auc:0.7192, text_ap: 0.6993
2023-04-22 14:47:58,431 - Epoch:004, train_loss:15.4401, val_auc:0.5625, val_ap: 0.6016, text_auc:0.7096, text_ap: 0.6881
2023-04-22 14:47:58,750 - Epoch:005, train_loss:16.4966, val_auc:0.5781, val_ap: 0.6100, text_auc:0.6968, text_ap: 0.6755
2023-04-22 14:47:59,062 - Epoch:006, train_loss:16.7760, val_auc:0.5781, val_ap: 0.6100
2023-04-22 14:47:59,373 - Epoch:007, train_loss:16.5458, val_auc:0.5781, val_ap: 0.6100
2023-04-22 14:47:59,686 - Epoch:008, train_loss:15.8979, val_auc:0.5781, val_ap: 0.6100
2023-04-22 14:48:00,003 - Epoch:009, train_loss:17.2440, val_auc:0.5938, val_ap: 0.6166, text_auc:0.6744, text_ap: 0.6312
2023-04-22 14:48:00,320 - Epoch:010, train_loss:15.5358, val_auc:0.5938, val_ap: 0.6166
2023-04-22 14:48:00,636 - Epoch:011, train_loss:16.5333, val_auc:0.6094, val_ap: 0.6214, text_auc:0.6680, text_ap: 0.6242
2023-04-22 14:48:00,950 - Epoch:012, train_loss:14.2404, val_auc:0.6094, val_ap: 0.6214
2023-04-22 14:48:01,264 - Epoch:013, train_loss:14.1139, val_auc:0.6094, val_ap: 0.6214
2023-04-22 14:48:01,577 - Epoch:014, train_loss:17.4682, val_auc:0.6094, val_ap: 0.6214
2023-04-22 14:48:01,888 - Epoch:015, train_loss:15.3498, val_auc:0.6094, val_ap: 0.6214
2023-04-22 14:48:02,200 - Epoch:016, train_loss:16.0125, val_auc:0.6094, val_ap: 0.6214
2023-04-22 14:48:02,512 - Epoch:017, train_loss:17.3201, val_auc:0.6094, val_ap: 0.6214
2023-04-22 14:48:02,824 - Epoch:018, train_loss:16.1808, val_auc:0.6094, val_ap: 0.6214
2023-04-22 14:48:03,136 - Epoch:019, train_loss:16.5369, val_auc:0.6094, val_ap: 0.6214
2023-04-22 14:48:03,453 - Epoch:020, train_loss:13.1375, val_auc:0.6250, val_ap: 0.6293, text_auc:0.6600, text_ap: 0.6239
2023-04-22 14:48:03,762 - Epoch:021, train_loss:13.4607, val_auc:0.6250, val_ap: 0.6293
2023-04-22 14:48:04,077 - Epoch:022, train_loss:13.2887, val_auc:0.6250, val_ap: 0.6293
2023-04-22 14:48:04,393 - Epoch:023, train_loss:14.9953, val_auc:0.6250, val_ap: 0.6293
2023-04-22 14:48:04,706 - Epoch:024, train_loss:15.0107, val_auc:0.6250, val_ap: 0.6293
2023-04-22 14:48:05,019 - Epoch:025, train_loss:15.7487, val_auc:0.6250, val_ap: 0.6293
2023-04-22 14:48:05,330 - Epoch:026, train_loss:14.9575, val_auc:0.6250, val_ap: 0.6293
2023-04-22 14:48:05,642 - Epoch:027, train_loss:15.2487, val_auc:0.6250, val_ap: 0.6293
2023-04-22 14:48:05,955 - Epoch:028, train_loss:13.7493, val_auc:0.6250, val_ap: 0.6293
2023-04-22 14:48:06,266 - Epoch:029, train_loss:13.9430, val_auc:0.6250, val_ap: 0.6293
2023-04-22 14:48:06,578 - Epoch:030, train_loss:16.5178, val_auc:0.6250, val_ap: 0.6293
2023-04-22 14:48:06,890 - Epoch:031, train_loss:12.5818, val_auc:0.6250, val_ap: 0.6293
2023-04-22 14:48:07,203 - Epoch:032, train_loss:13.0654, val_auc:0.6250, val_ap: 0.6293
2023-04-22 14:48:07,516 - Epoch:033, train_loss:13.9344, val_auc:0.6250, val_ap: 0.6293
2023-04-22 14:48:07,827 - Epoch:034, train_loss:12.8029, val_auc:0.6250, val_ap: 0.6293
2023-04-22 14:48:08,139 - Epoch:035, train_loss:12.3853, val_auc:0.6250, val_ap: 0.6293
2023-04-22 14:48:08,452 - Epoch:036, train_loss:13.8178, val_auc:0.6250, val_ap: 0.6293
2023-04-22 14:48:08,769 - Epoch:037, train_loss:12.5474, val_auc:0.6406, val_ap: 0.6348, text_auc:0.6424, text_ap: 0.6149
2023-04-22 14:48:09,078 - Epoch:038, train_loss:12.9181, val_auc:0.6406, val_ap: 0.6348
2023-04-22 14:48:09,392 - Epoch:039, train_loss:13.1972, val_auc:0.6406, val_ap: 0.6348
2023-04-22 14:48:09,708 - Epoch:040, train_loss:13.2335, val_auc:0.6406, val_ap: 0.6348
2023-04-22 14:48:10,021 - Epoch:041, train_loss:11.9022, val_auc:0.6406, val_ap: 0.6348
2023-04-22 14:48:10,334 - Epoch:042, train_loss:14.2030, val_auc:0.6406, val_ap: 0.6348
2023-04-22 14:48:10,646 - Epoch:043, train_loss:14.3309, val_auc:0.6406, val_ap: 0.6348
2023-04-22 14:48:10,958 - Epoch:044, train_loss:12.7094, val_auc:0.6406, val_ap: 0.6348
2023-04-22 14:48:11,270 - Epoch:045, train_loss:12.5933, val_auc:0.6406, val_ap: 0.6348
2023-04-22 14:48:11,582 - Epoch:046, train_loss:15.2968, val_auc:0.6406, val_ap: 0.6348
2023-04-22 14:48:11,895 - Epoch:047, train_loss:12.3061, val_auc:0.6406, val_ap: 0.6348
2023-04-22 14:48:12,207 - Epoch:048, train_loss:10.8761, val_auc:0.6406, val_ap: 0.6348
2023-04-22 14:48:12,519 - Epoch:049, train_loss:13.4239, val_auc:0.6406, val_ap: 0.6348
2023-04-22 14:48:12,831 - Epoch:050, train_loss:13.3905, val_auc:0.6406, val_ap: 0.6348
2023-04-22 14:48:13,143 - Epoch:051, train_loss:13.0157, val_auc:0.6406, val_ap: 0.6348
2023-04-22 14:48:13,455 - Epoch:052, train_loss:11.3969, val_auc:0.6406, val_ap: 0.6348
2023-04-22 14:48:13,767 - Epoch:053, train_loss:10.8459, val_auc:0.6406, val_ap: 0.6348
2023-04-22 14:48:14,079 - Epoch:054, train_loss:11.5828, val_auc:0.6406, val_ap: 0.6348
2023-04-22 14:48:14,391 - Epoch:055, train_loss:13.0148, val_auc:0.6406, val_ap: 0.6348
2023-04-22 14:48:14,703 - Epoch:056, train_loss:11.9607, val_auc:0.6406, val_ap: 0.6348
2023-04-22 14:48:15,015 - Epoch:057, train_loss:10.6819, val_auc:0.6406, val_ap: 0.6348
2023-04-22 14:48:15,327 - Epoch:058, train_loss:11.7328, val_auc:0.6406, val_ap: 0.6348
2023-04-22 14:48:15,639 - Epoch:059, train_loss:10.0589, val_auc:0.6406, val_ap: 0.6348
2023-04-22 14:48:15,952 - Epoch:060, train_loss:12.1658, val_auc:0.6406, val_ap: 0.6348
2023-04-22 14:48:16,263 - Epoch:061, train_loss:12.9043, val_auc:0.6406, val_ap: 0.6348
2023-04-22 14:48:16,575 - Epoch:062, train_loss:11.3327, val_auc:0.6406, val_ap: 0.6348
2023-04-22 14:48:16,888 - Epoch:063, train_loss:12.0843, val_auc:0.6406, val_ap: 0.6348
2023-04-22 14:48:17,199 - Epoch:064, train_loss:10.5622, val_auc:0.6406, val_ap: 0.6348
2023-04-22 14:48:17,511 - Epoch:065, train_loss:9.8229, val_auc:0.6406, val_ap: 0.6348
2023-04-22 14:48:17,824 - Epoch:066, train_loss:10.0623, val_auc:0.6406, val_ap: 0.6348
2023-04-22 14:48:18,141 - Epoch:067, train_loss:10.3473, val_auc:0.6406, val_ap: 0.6348
2023-04-22 14:48:18,457 - Epoch:068, train_loss:12.0315, val_auc:0.6406, val_ap: 0.6348
2023-04-22 14:48:18,770 - Epoch:069, train_loss:11.3334, val_auc:0.6406, val_ap: 0.6348
2023-04-22 14:48:19,082 - Epoch:070, train_loss:10.2907, val_auc:0.6406, val_ap: 0.6348
2023-04-22 14:48:19,394 - Epoch:071, train_loss:10.0800, val_auc:0.6406, val_ap: 0.6348
2023-04-22 14:48:19,706 - Epoch:072, train_loss:10.7042, val_auc:0.6406, val_ap: 0.6348
2023-04-22 14:48:20,019 - Epoch:073, train_loss:9.1104, val_auc:0.6406, val_ap: 0.6348
2023-04-22 14:48:20,331 - Epoch:074, train_loss:10.2970, val_auc:0.6406, val_ap: 0.6348
2023-04-22 14:48:20,642 - Epoch:075, train_loss:11.3002, val_auc:0.6406, val_ap: 0.6348
2023-04-22 14:48:20,954 - Epoch:076, train_loss:10.7897, val_auc:0.6406, val_ap: 0.6348
2023-04-22 14:48:21,266 - Epoch:077, train_loss:11.3665, val_auc:0.6406, val_ap: 0.6348
2023-04-22 14:48:21,578 - Epoch:078, train_loss:10.6630, val_auc:0.6406, val_ap: 0.6348
2023-04-22 14:48:21,890 - Epoch:079, train_loss:9.6915, val_auc:0.6406, val_ap: 0.6348
2023-04-22 14:48:22,202 - Epoch:080, train_loss:10.7379, val_auc:0.6406, val_ap: 0.6348
2023-04-22 14:48:22,514 - Epoch:081, train_loss:9.5354, val_auc:0.6406, val_ap: 0.6348
2023-04-22 14:48:22,826 - Epoch:082, train_loss:9.3491, val_auc:0.6406, val_ap: 0.6348
2023-04-22 14:48:23,139 - Epoch:083, train_loss:12.1504, val_auc:0.6406, val_ap: 0.6348
2023-04-22 14:48:23,451 - Epoch:084, train_loss:11.5650, val_auc:0.6406, val_ap: 0.6348
2023-04-22 14:48:23,763 - Epoch:085, train_loss:9.6663, val_auc:0.6406, val_ap: 0.6348
2023-04-22 14:48:24,076 - Epoch:086, train_loss:9.0393, val_auc:0.6406, val_ap: 0.6348
2023-04-22 14:48:24,387 - Epoch:087, train_loss:9.2864, val_auc:0.6406, val_ap: 0.6348
2023-04-22 14:48:24,699 - Epoch:088, train_loss:10.2699, val_auc:0.6406, val_ap: 0.6348
2023-04-22 14:48:25,011 - Epoch:089, train_loss:9.1341, val_auc:0.6406, val_ap: 0.6348
2023-04-22 14:48:25,324 - Epoch:090, train_loss:10.5504, val_auc:0.6406, val_ap: 0.6348
2023-04-22 14:48:25,635 - Epoch:091, train_loss:10.4028, val_auc:0.6406, val_ap: 0.6348
2023-04-22 14:48:25,947 - Epoch:092, train_loss:9.4664, val_auc:0.6406, val_ap: 0.6348
2023-04-22 14:48:26,259 - Epoch:093, train_loss:9.5017, val_auc:0.6406, val_ap: 0.6348
2023-04-22 14:48:26,571 - Epoch:094, train_loss:10.2297, val_auc:0.6406, val_ap: 0.6348
2023-04-22 14:48:26,883 - Epoch:095, train_loss:8.9428, val_auc:0.6406, val_ap: 0.6348
2023-04-22 14:48:27,195 - Epoch:096, train_loss:8.5292, val_auc:0.6406, val_ap: 0.6348
2023-04-22 14:48:27,506 - Epoch:097, train_loss:8.1496, val_auc:0.6406, val_ap: 0.6348
2023-04-22 14:48:27,819 - Epoch:098, train_loss:9.5714, val_auc:0.6406, val_ap: 0.6348
2023-04-22 14:48:28,131 - Epoch:099, train_loss:9.8510, val_auc:0.6406, val_ap: 0.6348
2023-04-22 14:48:28,443 - Epoch:100, train_loss:9.9279, val_auc:0.6406, val_ap: 0.6348
2023-04-22 14:48:28,755 - Epoch:101, train_loss:8.5133, val_auc:0.6406, val_ap: 0.6348
2023-04-22 14:48:29,067 - Epoch:102, train_loss:10.0784, val_auc:0.6406, val_ap: 0.6348
2023-04-22 14:48:29,379 - Epoch:103, train_loss:7.5598, val_auc:0.6406, val_ap: 0.6348
2023-04-22 14:48:29,691 - Epoch:104, train_loss:9.1290, val_auc:0.6406, val_ap: 0.6348
2023-04-22 14:48:30,003 - Epoch:105, train_loss:8.8460, val_auc:0.6406, val_ap: 0.6348
2023-04-22 14:48:30,316 - Epoch:106, train_loss:9.0704, val_auc:0.6406, val_ap: 0.6348
2023-04-22 14:48:30,628 - Epoch:107, train_loss:10.0469, val_auc:0.6406, val_ap: 0.6348
2023-04-22 14:48:30,940 - Epoch:108, train_loss:9.2125, val_auc:0.6406, val_ap: 0.6348
2023-04-22 14:48:31,252 - Epoch:109, train_loss:8.3562, val_auc:0.6406, val_ap: 0.6348
2023-04-22 14:48:31,564 - Epoch:110, train_loss:7.1746, val_auc:0.6406, val_ap: 0.6348
2023-04-22 14:48:31,876 - Epoch:111, train_loss:8.7061, val_auc:0.6406, val_ap: 0.6348
2023-04-22 14:48:32,188 - Epoch:112, train_loss:7.8587, val_auc:0.6406, val_ap: 0.6348
2023-04-22 14:48:32,501 - Epoch:113, train_loss:9.1715, val_auc:0.6406, val_ap: 0.6348
2023-04-22 14:48:32,812 - Epoch:114, train_loss:9.3784, val_auc:0.6406, val_ap: 0.6348
2023-04-22 14:48:33,124 - Epoch:115, train_loss:8.0055, val_auc:0.6406, val_ap: 0.6348
2023-04-22 14:48:33,437 - Epoch:116, train_loss:7.8992, val_auc:0.6406, val_ap: 0.6348
2023-04-22 14:48:33,748 - Epoch:117, train_loss:7.8005, val_auc:0.6406, val_ap: 0.6348
2023-04-22 14:48:34,061 - Epoch:118, train_loss:8.1650, val_auc:0.6250, val_ap: 0.5723
2023-04-22 14:48:34,373 - Epoch:119, train_loss:6.9386, val_auc:0.6250, val_ap: 0.5723
2023-04-22 14:48:34,685 - Epoch:120, train_loss:8.7504, val_auc:0.6250, val_ap: 0.5723
2023-04-22 14:48:34,997 - Epoch:121, train_loss:8.8957, val_auc:0.6250, val_ap: 0.5723
2023-04-22 14:48:35,309 - Epoch:122, train_loss:7.6969, val_auc:0.6250, val_ap: 0.5723
2023-04-22 14:48:35,621 - Epoch:123, train_loss:8.0735, val_auc:0.6250, val_ap: 0.5723
2023-04-22 14:48:35,933 - Epoch:124, train_loss:8.6675, val_auc:0.6250, val_ap: 0.5723
2023-04-22 14:48:36,245 - Epoch:125, train_loss:8.0020, val_auc:0.6250, val_ap: 0.5723
2023-04-22 14:48:36,557 - Epoch:126, train_loss:8.1245, val_auc:0.6250, val_ap: 0.5723
2023-04-22 14:48:36,869 - Epoch:127, train_loss:7.9983, val_auc:0.6250, val_ap: 0.5723
2023-04-22 14:48:37,181 - Epoch:128, train_loss:7.8167, val_auc:0.6250, val_ap: 0.5723
2023-04-22 14:48:37,494 - Epoch:129, train_loss:7.7709, val_auc:0.6250, val_ap: 0.5723
2023-04-22 14:48:37,806 - Epoch:130, train_loss:7.0509, val_auc:0.6250, val_ap: 0.5723
2023-04-22 14:48:38,118 - Epoch:131, train_loss:9.0115, val_auc:0.6250, val_ap: 0.5723
2023-04-22 14:48:38,430 - Epoch:132, train_loss:6.6019, val_auc:0.6250, val_ap: 0.5723
2023-04-22 14:48:38,742 - Epoch:133, train_loss:7.0397, val_auc:0.6250, val_ap: 0.5723
2023-04-22 14:48:39,054 - Epoch:134, train_loss:7.1252, val_auc:0.6250, val_ap: 0.5723
2023-04-22 14:48:39,366 - Epoch:135, train_loss:8.1499, val_auc:0.6250, val_ap: 0.5723
2023-04-22 14:48:39,678 - Epoch:136, train_loss:7.6549, val_auc:0.6250, val_ap: 0.5723
2023-04-22 14:48:39,990 - Epoch:137, train_loss:7.2467, val_auc:0.6250, val_ap: 0.5723
2023-04-22 14:48:40,302 - Epoch:138, train_loss:7.3433, val_auc:0.6250, val_ap: 0.5723
2023-04-22 14:48:40,614 - Epoch:139, train_loss:8.3571, val_auc:0.6250, val_ap: 0.5723
2023-04-22 14:48:40,933 - Epoch:140, train_loss:7.2980, val_auc:0.6406, val_ap: 0.5848
2023-04-22 14:48:41,248 - Epoch:141, train_loss:6.6587, val_auc:0.6406, val_ap: 0.5848
2023-04-22 14:48:41,560 - Epoch:142, train_loss:7.8574, val_auc:0.6406, val_ap: 0.5848
2023-04-22 14:48:41,873 - Epoch:143, train_loss:7.7445, val_auc:0.6406, val_ap: 0.5848
2023-04-22 14:48:42,185 - Epoch:144, train_loss:6.9795, val_auc:0.6406, val_ap: 0.5848
2023-04-22 14:48:42,497 - Epoch:145, train_loss:6.9092, val_auc:0.6406, val_ap: 0.5848
2023-04-22 14:48:42,809 - Epoch:146, train_loss:8.0007, val_auc:0.6406, val_ap: 0.5848
2023-04-22 14:48:43,120 - Epoch:147, train_loss:6.9933, val_auc:0.6406, val_ap: 0.5848
2023-04-22 14:48:43,433 - Epoch:148, train_loss:7.3278, val_auc:0.6406, val_ap: 0.5848
2023-04-22 14:48:43,745 - Epoch:149, train_loss:6.5988, val_auc:0.6406, val_ap: 0.5848
2023-04-22 14:48:44,057 - Epoch:150, train_loss:6.3307, val_auc:0.6406, val_ap: 0.5848
2023-04-22 14:48:44,369 - Epoch:151, train_loss:6.9460, val_auc:0.6406, val_ap: 0.5848
2023-04-22 14:48:44,681 - Epoch:152, train_loss:6.6108, val_auc:0.6406, val_ap: 0.5848
2023-04-22 14:48:44,993 - Epoch:153, train_loss:7.2003, val_auc:0.6406, val_ap: 0.5848
2023-04-22 14:48:45,305 - Epoch:154, train_loss:6.7378, val_auc:0.6406, val_ap: 0.5848
2023-04-22 14:48:45,617 - Epoch:155, train_loss:6.6289, val_auc:0.6406, val_ap: 0.5848
2023-04-22 14:48:45,929 - Epoch:156, train_loss:6.4344, val_auc:0.6406, val_ap: 0.5848
2023-04-22 14:48:46,241 - Epoch:157, train_loss:7.5908, val_auc:0.6406, val_ap: 0.5848
2023-04-22 14:48:46,553 - Epoch:158, train_loss:7.3939, val_auc:0.6250, val_ap: 0.5769
2023-04-22 14:48:46,865 - Epoch:159, train_loss:6.8523, val_auc:0.6250, val_ap: 0.5769
2023-04-22 14:48:47,177 - Epoch:160, train_loss:6.4495, val_auc:0.6250, val_ap: 0.5769
2023-04-22 14:48:47,489 - Epoch:161, train_loss:6.6503, val_auc:0.6250, val_ap: 0.5769
2023-04-22 14:48:47,801 - Epoch:162, train_loss:7.0651, val_auc:0.6250, val_ap: 0.5769
2023-04-22 14:48:48,113 - Epoch:163, train_loss:6.4303, val_auc:0.6250, val_ap: 0.5769
2023-04-22 14:48:48,425 - Epoch:164, train_loss:6.5634, val_auc:0.6250, val_ap: 0.5769
2023-04-22 14:48:48,738 - Epoch:165, train_loss:5.4057, val_auc:0.6250, val_ap: 0.5769
2023-04-22 14:48:49,051 - Epoch:166, train_loss:6.4242, val_auc:0.6250, val_ap: 0.5769
2023-04-22 14:48:49,362 - Epoch:167, train_loss:6.8113, val_auc:0.6250, val_ap: 0.5769
2023-04-22 14:48:49,673 - Epoch:168, train_loss:6.2573, val_auc:0.6250, val_ap: 0.5769
2023-04-22 14:48:49,985 - Epoch:169, train_loss:6.0650, val_auc:0.6250, val_ap: 0.5769
2023-04-22 14:48:50,297 - Epoch:170, train_loss:6.1781, val_auc:0.6250, val_ap: 0.5769
2023-04-22 14:48:50,610 - Epoch:171, train_loss:5.9546, val_auc:0.6250, val_ap: 0.5769
2023-04-22 14:48:50,926 - Epoch:172, train_loss:5.2862, val_auc:0.6250, val_ap: 0.5769
2023-04-22 14:48:51,235 - Epoch:173, train_loss:5.8556, val_auc:0.6562, val_ap: 0.5912
2023-04-22 14:48:51,546 - Epoch:174, train_loss:6.1670, val_auc:0.6562, val_ap: 0.5912
2023-04-22 14:48:51,863 - Epoch:175, train_loss:5.4912, val_auc:0.6719, val_ap: 0.6121, text_auc:0.6856, text_ap: 0.7255
2023-04-22 14:48:52,171 - Epoch:176, train_loss:6.5878, val_auc:0.6719, val_ap: 0.6121
2023-04-22 14:48:52,479 - Epoch:177, train_loss:5.5916, val_auc:0.6719, val_ap: 0.6121
2023-04-22 14:48:52,789 - Epoch:178, train_loss:6.1871, val_auc:0.6719, val_ap: 0.6121
2023-04-22 14:48:53,109 - Epoch:179, train_loss:6.0644, val_auc:0.6875, val_ap: 0.6196, text_auc:0.7112, text_ap: 0.7473
2023-04-22 14:48:53,416 - Epoch:180, train_loss:4.7380, val_auc:0.6719, val_ap: 0.6121
2023-04-22 14:48:53,730 - Epoch:181, train_loss:5.3472, val_auc:0.6719, val_ap: 0.6121
2023-04-22 14:48:54,042 - Epoch:182, train_loss:5.0415, val_auc:0.6406, val_ap: 0.5958
2023-04-22 14:48:54,354 - Epoch:183, train_loss:5.2865, val_auc:0.6406, val_ap: 0.5958
2023-04-22 14:48:54,666 - Epoch:184, train_loss:5.1074, val_auc:0.6406, val_ap: 0.5958
2023-04-22 14:48:54,978 - Epoch:185, train_loss:4.7843, val_auc:0.6406, val_ap: 0.5958
2023-04-22 14:48:55,290 - Epoch:186, train_loss:5.2202, val_auc:0.6094, val_ap: 0.5807
2023-04-22 14:48:55,602 - Epoch:187, train_loss:4.5814, val_auc:0.6094, val_ap: 0.5807
2023-04-22 14:48:55,915 - Epoch:188, train_loss:4.6978, val_auc:0.6250, val_ap: 0.5894
2023-04-22 14:48:56,226 - Epoch:189, train_loss:4.6196, val_auc:0.6094, val_ap: 0.5827
2023-04-22 14:48:56,538 - Epoch:190, train_loss:4.4643, val_auc:0.6094, val_ap: 0.5827
2023-04-22 14:48:56,851 - Epoch:191, train_loss:4.0178, val_auc:0.5781, val_ap: 0.5672
2023-04-22 14:48:57,163 - Epoch:192, train_loss:3.9284, val_auc:0.5781, val_ap: 0.5672
2023-04-22 14:48:57,475 - Epoch:193, train_loss:4.0222, val_auc:0.5781, val_ap: 0.5672
2023-04-22 14:48:57,787 - Epoch:194, train_loss:4.1425, val_auc:0.5625, val_ap: 0.5603
2023-04-22 14:48:58,098 - Epoch:195, train_loss:4.0647, val_auc:0.5625, val_ap: 0.5603
2023-04-22 14:48:58,410 - Epoch:196, train_loss:4.2521, val_auc:0.5625, val_ap: 0.5603
2023-04-22 14:48:58,722 - Epoch:197, train_loss:4.4009, val_auc:0.5625, val_ap: 0.5603
2023-04-22 14:48:59,034 - Epoch:198, train_loss:4.3451, val_auc:0.5625, val_ap: 0.5603
2023-04-22 14:48:59,346 - Epoch:199, train_loss:3.8465, val_auc:0.5625, val_ap: 0.5603
2023-04-22 14:48:59,348 - final results:
2023-04-22 14:48:59,349 - ====================================================================================
2023-04-22 14:48:59,349 - AUC:0.7608+-0.0475 [0.7855999999999999, 0.8032, 0.696, 0.808, 0.7111999999999999]
2023-04-22 14:48:59,349 - AP:0.7572+-0.0326 [0.7606083701042246, 0.7843009163675531, 0.7008915557590338, 0.7931149843668385, 0.7473090102560429]
