2023-04-22 14:39:53,609 - args: Namespace(dataset='Texas', datapath='../dataset', log_dir='logs/', name='debug', epoch=200, model_lr=0.01, mi_lr=0.003, alpha=0.01, k=5, x_dim=64, mi_iter=5, routit=3, val_frac=0.05, test_frac=0.1, dropout=0, model='VGAE', mi_est='CLUBSample', gpu=-1, trails=5, seed=-1, verbose=1, argv=['/home/dell/zxj/VGDAE_TNNLS_1/VGDAE/Updata/other_dataset/DGAE/main.py'], device=device(type='cuda', index=1))
2023-04-22 14:39:57,035 - Epoch:000, train_loss:14.9837, val_auc:0.7654, val_ap: 0.7082, text_auc:0.7392, text_ap: 0.7994
2023-04-22 14:39:57,362 - Epoch:001, train_loss:14.2010, val_auc:0.7407, val_ap: 0.7021
2023-04-22 14:39:57,687 - Epoch:002, train_loss:16.6022, val_auc:0.7284, val_ap: 0.6935
2023-04-22 14:39:58,019 - Epoch:003, train_loss:14.3555, val_auc:0.7407, val_ap: 0.6976
2023-04-22 14:39:58,351 - Epoch:004, train_loss:16.2014, val_auc:0.7407, val_ap: 0.6976
2023-04-22 14:39:58,680 - Epoch:005, train_loss:19.5871, val_auc:0.7407, val_ap: 0.6976
2023-04-22 14:39:59,017 - Epoch:006, train_loss:15.1052, val_auc:0.7407, val_ap: 0.6976
2023-04-22 14:39:59,349 - Epoch:007, train_loss:16.1409, val_auc:0.7531, val_ap: 0.7025
2023-04-22 14:39:59,680 - Epoch:008, train_loss:15.2423, val_auc:0.8025, val_ap: 0.7324, text_auc:0.7407, text_ap: 0.7393
2023-04-22 14:40:00,011 - Epoch:009, train_loss:16.1984, val_auc:0.8148, val_ap: 0.7379, text_auc:0.7438, text_ap: 0.7409
2023-04-22 14:40:00,342 - Epoch:010, train_loss:17.7236, val_auc:0.8148, val_ap: 0.7379
2023-04-22 14:40:00,668 - Epoch:011, train_loss:15.3853, val_auc:0.8148, val_ap: 0.7379
2023-04-22 14:40:01,005 - Epoch:012, train_loss:15.9561, val_auc:0.8148, val_ap: 0.7379
2023-04-22 14:40:01,337 - Epoch:013, train_loss:16.6334, val_auc:0.8148, val_ap: 0.7379
2023-04-22 14:40:01,672 - Epoch:014, train_loss:13.8696, val_auc:0.8272, val_ap: 0.7446, text_auc:0.7253, text_ap: 0.7316
2023-04-22 14:40:01,999 - Epoch:015, train_loss:13.3478, val_auc:0.8272, val_ap: 0.7446
2023-04-22 14:40:02,323 - Epoch:016, train_loss:14.6522, val_auc:0.8272, val_ap: 0.7446
2023-04-22 14:40:02,647 - Epoch:017, train_loss:14.1197, val_auc:0.8272, val_ap: 0.7446
2023-04-22 14:40:02,974 - Epoch:018, train_loss:13.3698, val_auc:0.8272, val_ap: 0.7446
2023-04-22 14:40:03,302 - Epoch:019, train_loss:13.4710, val_auc:0.8272, val_ap: 0.7446
2023-04-22 14:40:03,628 - Epoch:020, train_loss:16.9788, val_auc:0.8272, val_ap: 0.7446
2023-04-22 14:40:03,953 - Epoch:021, train_loss:15.8992, val_auc:0.8272, val_ap: 0.7446
2023-04-22 14:40:04,278 - Epoch:022, train_loss:14.0276, val_auc:0.8272, val_ap: 0.7446
2023-04-22 14:40:04,604 - Epoch:023, train_loss:15.5345, val_auc:0.8272, val_ap: 0.7446
2023-04-22 14:40:04,935 - Epoch:024, train_loss:14.1377, val_auc:0.8272, val_ap: 0.7446
2023-04-22 14:40:05,264 - Epoch:025, train_loss:14.9141, val_auc:0.8272, val_ap: 0.7446
2023-04-22 14:40:05,599 - Epoch:026, train_loss:15.2457, val_auc:0.8395, val_ap: 0.7527, text_auc:0.7253, text_ap: 0.7339
2023-04-22 14:40:05,923 - Epoch:027, train_loss:15.2196, val_auc:0.8395, val_ap: 0.7527
2023-04-22 14:40:06,254 - Epoch:028, train_loss:14.4356, val_auc:0.8519, val_ap: 0.7591, text_auc:0.7315, text_ap: 0.7396
2023-04-22 14:40:06,578 - Epoch:029, train_loss:12.9957, val_auc:0.8519, val_ap: 0.7591
2023-04-22 14:40:06,901 - Epoch:030, train_loss:16.4661, val_auc:0.8519, val_ap: 0.7591
2023-04-22 14:40:07,225 - Epoch:031, train_loss:12.6078, val_auc:0.8519, val_ap: 0.7591
2023-04-22 14:40:07,548 - Epoch:032, train_loss:14.5963, val_auc:0.8519, val_ap: 0.7591
2023-04-22 14:40:07,871 - Epoch:033, train_loss:12.6912, val_auc:0.8519, val_ap: 0.7591
2023-04-22 14:40:08,197 - Epoch:034, train_loss:13.4043, val_auc:0.8519, val_ap: 0.7591
2023-04-22 14:40:08,522 - Epoch:035, train_loss:13.0882, val_auc:0.8519, val_ap: 0.7591
2023-04-22 14:40:08,853 - Epoch:036, train_loss:14.6276, val_auc:0.8642, val_ap: 0.7667, text_auc:0.7284, text_ap: 0.7344
2023-04-22 14:40:09,177 - Epoch:037, train_loss:13.1011, val_auc:0.8642, val_ap: 0.7667
2023-04-22 14:40:09,509 - Epoch:038, train_loss:15.0664, val_auc:0.8642, val_ap: 0.7667
2023-04-22 14:40:09,831 - Epoch:039, train_loss:12.4324, val_auc:0.8642, val_ap: 0.7667
2023-04-22 14:40:10,157 - Epoch:040, train_loss:12.2526, val_auc:0.8642, val_ap: 0.7667
2023-04-22 14:40:10,482 - Epoch:041, train_loss:13.1509, val_auc:0.8642, val_ap: 0.7667
2023-04-22 14:40:10,808 - Epoch:042, train_loss:13.3942, val_auc:0.8642, val_ap: 0.7667
2023-04-22 14:40:11,133 - Epoch:043, train_loss:11.8412, val_auc:0.8642, val_ap: 0.7667
2023-04-22 14:40:11,455 - Epoch:044, train_loss:11.6867, val_auc:0.8642, val_ap: 0.7667
2023-04-22 14:40:11,778 - Epoch:045, train_loss:11.1216, val_auc:0.8642, val_ap: 0.7667
2023-04-22 14:40:12,101 - Epoch:046, train_loss:12.4973, val_auc:0.8642, val_ap: 0.7667
2023-04-22 14:40:12,425 - Epoch:047, train_loss:11.5730, val_auc:0.8642, val_ap: 0.7667
2023-04-22 14:40:12,751 - Epoch:048, train_loss:13.6713, val_auc:0.8642, val_ap: 0.7667
2023-04-22 14:40:13,076 - Epoch:049, train_loss:12.7249, val_auc:0.8642, val_ap: 0.7667
2023-04-22 14:40:13,398 - Epoch:050, train_loss:12.0548, val_auc:0.8642, val_ap: 0.7667
2023-04-22 14:40:13,721 - Epoch:051, train_loss:10.9784, val_auc:0.8642, val_ap: 0.7667
2023-04-22 14:40:14,044 - Epoch:052, train_loss:10.1765, val_auc:0.8642, val_ap: 0.7667
2023-04-22 14:40:14,365 - Epoch:053, train_loss:11.7584, val_auc:0.8642, val_ap: 0.7667
2023-04-22 14:40:14,686 - Epoch:054, train_loss:10.0928, val_auc:0.8642, val_ap: 0.7667
2023-04-22 14:40:15,009 - Epoch:055, train_loss:13.4237, val_auc:0.8642, val_ap: 0.7667
2023-04-22 14:40:15,331 - Epoch:056, train_loss:10.4579, val_auc:0.8642, val_ap: 0.7667
2023-04-22 14:40:15,654 - Epoch:057, train_loss:11.7248, val_auc:0.8642, val_ap: 0.7667
2023-04-22 14:40:15,985 - Epoch:058, train_loss:9.8544, val_auc:0.8642, val_ap: 0.7667
2023-04-22 14:40:16,315 - Epoch:059, train_loss:13.7168, val_auc:0.8642, val_ap: 0.7667
2023-04-22 14:40:16,636 - Epoch:060, train_loss:11.1833, val_auc:0.8642, val_ap: 0.7667
2023-04-22 14:40:16,965 - Epoch:061, train_loss:11.1230, val_auc:0.8642, val_ap: 0.7667
2023-04-22 14:40:17,289 - Epoch:062, train_loss:9.4302, val_auc:0.8642, val_ap: 0.7667
2023-04-22 14:40:17,622 - Epoch:063, train_loss:12.7663, val_auc:0.8642, val_ap: 0.7667
2023-04-22 14:40:17,952 - Epoch:064, train_loss:11.5749, val_auc:0.8642, val_ap: 0.7667
2023-04-22 14:40:18,277 - Epoch:065, train_loss:11.2788, val_auc:0.8642, val_ap: 0.7667
2023-04-22 14:40:18,602 - Epoch:066, train_loss:10.7380, val_auc:0.8642, val_ap: 0.7667
2023-04-22 14:40:18,925 - Epoch:067, train_loss:10.6420, val_auc:0.8642, val_ap: 0.7667
2023-04-22 14:40:19,255 - Epoch:068, train_loss:9.5466, val_auc:0.8642, val_ap: 0.7667
2023-04-22 14:40:19,586 - Epoch:069, train_loss:10.7304, val_auc:0.8642, val_ap: 0.7667
2023-04-22 14:40:19,906 - Epoch:070, train_loss:12.1019, val_auc:0.8642, val_ap: 0.7667
2023-04-22 14:40:20,232 - Epoch:071, train_loss:11.2623, val_auc:0.8642, val_ap: 0.7667
2023-04-22 14:40:20,562 - Epoch:072, train_loss:9.6183, val_auc:0.8642, val_ap: 0.7667
2023-04-22 14:40:20,884 - Epoch:073, train_loss:11.3168, val_auc:0.8642, val_ap: 0.7667
2023-04-22 14:40:21,206 - Epoch:074, train_loss:12.1415, val_auc:0.8642, val_ap: 0.7667
2023-04-22 14:40:21,524 - Epoch:075, train_loss:10.2119, val_auc:0.8642, val_ap: 0.7667
2023-04-22 14:40:21,848 - Epoch:076, train_loss:9.0006, val_auc:0.8642, val_ap: 0.7667
2023-04-22 14:40:22,171 - Epoch:077, train_loss:8.8428, val_auc:0.8642, val_ap: 0.7667
2023-04-22 14:40:22,497 - Epoch:078, train_loss:9.4554, val_auc:0.8642, val_ap: 0.7667
2023-04-22 14:40:22,818 - Epoch:079, train_loss:9.1058, val_auc:0.8642, val_ap: 0.7667
2023-04-22 14:40:23,140 - Epoch:080, train_loss:10.2731, val_auc:0.8642, val_ap: 0.7667
2023-04-22 14:40:23,460 - Epoch:081, train_loss:9.5973, val_auc:0.8642, val_ap: 0.7667
2023-04-22 14:40:23,783 - Epoch:082, train_loss:10.2700, val_auc:0.8642, val_ap: 0.7667
2023-04-22 14:40:24,105 - Epoch:083, train_loss:9.5617, val_auc:0.8642, val_ap: 0.7667
2023-04-22 14:40:24,429 - Epoch:084, train_loss:10.2762, val_auc:0.8642, val_ap: 0.7667
2023-04-22 14:40:24,753 - Epoch:085, train_loss:8.6556, val_auc:0.8642, val_ap: 0.7667
2023-04-22 14:40:25,076 - Epoch:086, train_loss:9.0900, val_auc:0.8642, val_ap: 0.7667
2023-04-22 14:40:25,408 - Epoch:087, train_loss:8.8464, val_auc:0.8642, val_ap: 0.7667
2023-04-22 14:40:25,737 - Epoch:088, train_loss:11.4739, val_auc:0.8642, val_ap: 0.7667
2023-04-22 14:40:26,067 - Epoch:089, train_loss:8.9626, val_auc:0.8642, val_ap: 0.7667
2023-04-22 14:40:26,402 - Epoch:090, train_loss:10.2642, val_auc:0.8642, val_ap: 0.7667
2023-04-22 14:40:26,731 - Epoch:091, train_loss:8.6641, val_auc:0.8642, val_ap: 0.7667
2023-04-22 14:40:27,058 - Epoch:092, train_loss:8.7496, val_auc:0.8642, val_ap: 0.7667
2023-04-22 14:40:27,395 - Epoch:093, train_loss:9.5218, val_auc:0.8765, val_ap: 0.7766, text_auc:0.7346, text_ap: 0.7460
2023-04-22 14:40:27,726 - Epoch:094, train_loss:9.9369, val_auc:0.8765, val_ap: 0.7766
2023-04-22 14:40:28,052 - Epoch:095, train_loss:7.6311, val_auc:0.8765, val_ap: 0.7766
2023-04-22 14:40:28,376 - Epoch:096, train_loss:9.1823, val_auc:0.8765, val_ap: 0.7766
2023-04-22 14:40:28,710 - Epoch:097, train_loss:9.7150, val_auc:0.8765, val_ap: 0.7766
2023-04-22 14:40:29,030 - Epoch:098, train_loss:8.2044, val_auc:0.8765, val_ap: 0.7766
2023-04-22 14:40:29,351 - Epoch:099, train_loss:7.7723, val_auc:0.8765, val_ap: 0.7766
2023-04-22 14:40:29,672 - Epoch:100, train_loss:9.3020, val_auc:0.8765, val_ap: 0.7766
2023-04-22 14:40:29,996 - Epoch:101, train_loss:8.2723, val_auc:0.8765, val_ap: 0.7766
2023-04-22 14:40:30,317 - Epoch:102, train_loss:8.8847, val_auc:0.8765, val_ap: 0.7766
2023-04-22 14:40:30,639 - Epoch:103, train_loss:8.0724, val_auc:0.8765, val_ap: 0.7766
2023-04-22 14:40:30,962 - Epoch:104, train_loss:9.4141, val_auc:0.8765, val_ap: 0.7766
2023-04-22 14:40:31,284 - Epoch:105, train_loss:8.8027, val_auc:0.8765, val_ap: 0.7766
2023-04-22 14:40:31,613 - Epoch:106, train_loss:8.6194, val_auc:0.8765, val_ap: 0.7766
2023-04-22 14:40:31,935 - Epoch:107, train_loss:8.6889, val_auc:0.8765, val_ap: 0.7766
2023-04-22 14:40:32,261 - Epoch:108, train_loss:8.3076, val_auc:0.8765, val_ap: 0.7766
2023-04-22 14:40:32,586 - Epoch:109, train_loss:8.4597, val_auc:0.8765, val_ap: 0.7766
2023-04-22 14:40:32,908 - Epoch:110, train_loss:9.1147, val_auc:0.8765, val_ap: 0.7766
2023-04-22 14:40:33,230 - Epoch:111, train_loss:8.6890, val_auc:0.8765, val_ap: 0.7766
2023-04-22 14:40:33,552 - Epoch:112, train_loss:8.5259, val_auc:0.8765, val_ap: 0.7766
2023-04-22 14:40:33,872 - Epoch:113, train_loss:7.3485, val_auc:0.8765, val_ap: 0.7766
2023-04-22 14:40:34,198 - Epoch:114, train_loss:8.0294, val_auc:0.8765, val_ap: 0.7766
2023-04-22 14:40:34,530 - Epoch:115, train_loss:7.9870, val_auc:0.8765, val_ap: 0.7766
2023-04-22 14:40:34,842 - Epoch:116, train_loss:8.8921, val_auc:0.8765, val_ap: 0.7766
2023-04-22 14:40:35,173 - Epoch:117, train_loss:8.2217, val_auc:0.8765, val_ap: 0.7766
2023-04-22 14:40:35,499 - Epoch:118, train_loss:6.6865, val_auc:0.8765, val_ap: 0.7766
2023-04-22 14:40:35,821 - Epoch:119, train_loss:7.0552, val_auc:0.8765, val_ap: 0.7766
2023-04-22 14:40:36,143 - Epoch:120, train_loss:7.9238, val_auc:0.8765, val_ap: 0.7766
2023-04-22 14:40:36,471 - Epoch:121, train_loss:7.6473, val_auc:0.8765, val_ap: 0.7766
2023-04-22 14:40:36,795 - Epoch:122, train_loss:8.9689, val_auc:0.8765, val_ap: 0.7766
2023-04-22 14:40:37,117 - Epoch:123, train_loss:7.7932, val_auc:0.8765, val_ap: 0.7766
2023-04-22 14:40:37,442 - Epoch:124, train_loss:7.7371, val_auc:0.8765, val_ap: 0.7766
2023-04-22 14:40:37,779 - Epoch:125, train_loss:8.4767, val_auc:0.8765, val_ap: 0.7766
2023-04-22 14:40:38,119 - Epoch:126, train_loss:8.0032, val_auc:0.8765, val_ap: 0.7766
2023-04-22 14:40:38,447 - Epoch:127, train_loss:7.7461, val_auc:0.8765, val_ap: 0.7766
2023-04-22 14:40:38,772 - Epoch:128, train_loss:7.3593, val_auc:0.8765, val_ap: 0.7766
2023-04-22 14:40:39,093 - Epoch:129, train_loss:7.4876, val_auc:0.8765, val_ap: 0.7766
2023-04-22 14:40:39,416 - Epoch:130, train_loss:8.5965, val_auc:0.8765, val_ap: 0.7766
2023-04-22 14:40:39,736 - Epoch:131, train_loss:7.0325, val_auc:0.8765, val_ap: 0.7766
2023-04-22 14:40:40,055 - Epoch:132, train_loss:7.0702, val_auc:0.8765, val_ap: 0.7766
2023-04-22 14:40:40,381 - Epoch:133, train_loss:8.0492, val_auc:0.8765, val_ap: 0.7766
2023-04-22 14:40:40,697 - Epoch:134, train_loss:8.0092, val_auc:0.8765, val_ap: 0.7766
2023-04-22 14:40:41,017 - Epoch:135, train_loss:7.1257, val_auc:0.8765, val_ap: 0.7766
2023-04-22 14:40:41,337 - Epoch:136, train_loss:7.6265, val_auc:0.8765, val_ap: 0.7766
2023-04-22 14:40:41,653 - Epoch:137, train_loss:7.0072, val_auc:0.8765, val_ap: 0.7766
2023-04-22 14:40:41,970 - Epoch:138, train_loss:6.5155, val_auc:0.8765, val_ap: 0.7766
2023-04-22 14:40:42,310 - Epoch:139, train_loss:6.9346, val_auc:0.8765, val_ap: 0.7766
2023-04-22 14:40:42,646 - Epoch:140, train_loss:7.0737, val_auc:0.8765, val_ap: 0.7766
2023-04-22 14:40:42,974 - Epoch:141, train_loss:7.0191, val_auc:0.8765, val_ap: 0.7766
2023-04-22 14:40:43,303 - Epoch:142, train_loss:7.5083, val_auc:0.8765, val_ap: 0.7766
2023-04-22 14:40:43,635 - Epoch:143, train_loss:6.6444, val_auc:0.8765, val_ap: 0.7766
2023-04-22 14:40:43,976 - Epoch:144, train_loss:7.8769, val_auc:0.8765, val_ap: 0.7766
2023-04-22 14:40:44,314 - Epoch:145, train_loss:6.0878, val_auc:0.8765, val_ap: 0.7766
2023-04-22 14:40:44,646 - Epoch:146, train_loss:6.0736, val_auc:0.8765, val_ap: 0.7766
2023-04-22 14:40:44,978 - Epoch:147, train_loss:6.7546, val_auc:0.8765, val_ap: 0.7766
2023-04-22 14:40:45,310 - Epoch:148, train_loss:6.9576, val_auc:0.8765, val_ap: 0.7766
2023-04-22 14:40:45,642 - Epoch:149, train_loss:6.8114, val_auc:0.8765, val_ap: 0.7766
2023-04-22 14:40:45,974 - Epoch:150, train_loss:6.8681, val_auc:0.8765, val_ap: 0.7766
2023-04-22 14:40:46,305 - Epoch:151, train_loss:6.7337, val_auc:0.8765, val_ap: 0.7766
2023-04-22 14:40:46,643 - Epoch:152, train_loss:6.1065, val_auc:0.8765, val_ap: 0.7766
2023-04-22 14:40:46,976 - Epoch:153, train_loss:7.1540, val_auc:0.8765, val_ap: 0.7766
2023-04-22 14:40:47,306 - Epoch:154, train_loss:6.7669, val_auc:0.8765, val_ap: 0.7766
2023-04-22 14:40:47,636 - Epoch:155, train_loss:6.2515, val_auc:0.8765, val_ap: 0.7766
2023-04-22 14:40:47,969 - Epoch:156, train_loss:5.8274, val_auc:0.8765, val_ap: 0.7766
2023-04-22 14:40:48,302 - Epoch:157, train_loss:5.6400, val_auc:0.8765, val_ap: 0.7766
2023-04-22 14:40:48,630 - Epoch:158, train_loss:6.2332, val_auc:0.8765, val_ap: 0.7766
2023-04-22 14:40:48,961 - Epoch:159, train_loss:6.7926, val_auc:0.8765, val_ap: 0.7766
2023-04-22 14:40:49,292 - Epoch:160, train_loss:6.8260, val_auc:0.8765, val_ap: 0.7766
2023-04-22 14:40:49,628 - Epoch:161, train_loss:6.4638, val_auc:0.8765, val_ap: 0.7766
2023-04-22 14:40:49,960 - Epoch:162, train_loss:6.6839, val_auc:0.8765, val_ap: 0.7766
2023-04-22 14:40:50,288 - Epoch:163, train_loss:6.2338, val_auc:0.8765, val_ap: 0.7766
2023-04-22 14:40:50,615 - Epoch:164, train_loss:6.4032, val_auc:0.8765, val_ap: 0.7766
2023-04-22 14:40:50,943 - Epoch:165, train_loss:6.5861, val_auc:0.8765, val_ap: 0.7766
2023-04-22 14:40:51,269 - Epoch:166, train_loss:6.5223, val_auc:0.8765, val_ap: 0.7766
2023-04-22 14:40:51,605 - Epoch:167, train_loss:5.8151, val_auc:0.8765, val_ap: 0.7766
2023-04-22 14:40:51,939 - Epoch:168, train_loss:6.7657, val_auc:0.8765, val_ap: 0.7766
2023-04-22 14:40:52,271 - Epoch:169, train_loss:5.9723, val_auc:0.8765, val_ap: 0.7766
2023-04-22 14:40:52,602 - Epoch:170, train_loss:5.5089, val_auc:0.8765, val_ap: 0.7766
2023-04-22 14:40:52,930 - Epoch:171, train_loss:6.3523, val_auc:0.8765, val_ap: 0.7766
2023-04-22 14:40:53,265 - Epoch:172, train_loss:6.3143, val_auc:0.8765, val_ap: 0.7766
2023-04-22 14:40:53,596 - Epoch:173, train_loss:6.4462, val_auc:0.8765, val_ap: 0.7766
2023-04-22 14:40:53,910 - Epoch:174, train_loss:6.1954, val_auc:0.8765, val_ap: 0.7766
2023-04-22 14:40:54,242 - Epoch:175, train_loss:6.4166, val_auc:0.8765, val_ap: 0.7766
2023-04-22 14:40:54,577 - Epoch:176, train_loss:5.4495, val_auc:0.8765, val_ap: 0.7766
2023-04-22 14:40:54,912 - Epoch:177, train_loss:5.4448, val_auc:0.8765, val_ap: 0.7766
2023-04-22 14:40:55,244 - Epoch:178, train_loss:5.0985, val_auc:0.8765, val_ap: 0.7766
2023-04-22 14:40:55,573 - Epoch:179, train_loss:5.9925, val_auc:0.8765, val_ap: 0.7766
2023-04-22 14:40:55,903 - Epoch:180, train_loss:6.2519, val_auc:0.8765, val_ap: 0.7766
2023-04-22 14:40:56,232 - Epoch:181, train_loss:5.8201, val_auc:0.8765, val_ap: 0.7766
2023-04-22 14:40:56,561 - Epoch:182, train_loss:5.0571, val_auc:0.8765, val_ap: 0.7766
2023-04-22 14:40:56,893 - Epoch:183, train_loss:5.1369, val_auc:0.8765, val_ap: 0.7766
2023-04-22 14:40:57,223 - Epoch:184, train_loss:5.2201, val_auc:0.8765, val_ap: 0.7766
2023-04-22 14:40:57,556 - Epoch:185, train_loss:5.1699, val_auc:0.8765, val_ap: 0.7766
2023-04-22 14:40:57,892 - Epoch:186, train_loss:5.3600, val_auc:0.8889, val_ap: 0.7857, text_auc:0.7130, text_ap: 0.7506
2023-04-22 14:40:58,219 - Epoch:187, train_loss:4.7181, val_auc:0.8889, val_ap: 0.7857
2023-04-22 14:40:58,560 - Epoch:188, train_loss:4.1907, val_auc:0.8889, val_ap: 0.7857
2023-04-22 14:40:58,892 - Epoch:189, train_loss:4.7059, val_auc:0.8889, val_ap: 0.7857
2023-04-22 14:40:59,222 - Epoch:190, train_loss:4.4228, val_auc:0.8889, val_ap: 0.7857
2023-04-22 14:40:59,554 - Epoch:191, train_loss:4.9662, val_auc:0.8889, val_ap: 0.7857
2023-04-22 14:40:59,882 - Epoch:192, train_loss:4.2525, val_auc:0.8889, val_ap: 0.7857
2023-04-22 14:41:00,213 - Epoch:193, train_loss:4.0666, val_auc:0.8889, val_ap: 0.7857
2023-04-22 14:41:00,544 - Epoch:194, train_loss:4.6505, val_auc:0.8889, val_ap: 0.7857
2023-04-22 14:41:00,875 - Epoch:195, train_loss:4.0560, val_auc:0.8889, val_ap: 0.7857
2023-04-22 14:41:01,211 - Epoch:196, train_loss:4.7589, val_auc:0.8889, val_ap: 0.7857
2023-04-22 14:41:01,542 - Epoch:197, train_loss:4.6265, val_auc:0.8889, val_ap: 0.7857
2023-04-22 14:41:01,877 - Epoch:198, train_loss:4.1532, val_auc:0.8889, val_ap: 0.7857
2023-04-22 14:41:02,210 - Epoch:199, train_loss:3.7751, val_auc:0.8889, val_ap: 0.7857
2023-04-22 14:41:02,212 - final results:
2023-04-22 14:41:02,213 - ====================================================================================
2023-04-22 14:41:02,214 - AUC:0.7130+-0.0000 [0.712962962962963]
2023-04-22 14:41:02,214 - AP:0.7506+-0.0000 [0.7505944994375122]
2023-04-22 14:41:02,641 - Epoch:000, train_loss:15.9855, val_auc:0.9012, val_ap: 0.9052, text_auc:0.6806, text_ap: 0.7594
2023-04-22 14:41:03,007 - Epoch:001, train_loss:16.9371, val_auc:0.9259, val_ap: 0.9396, text_auc:0.6790, text_ap: 0.7390
2023-04-22 14:41:03,350 - Epoch:002, train_loss:14.4977, val_auc:0.9136, val_ap: 0.9297
2023-04-22 14:41:03,697 - Epoch:003, train_loss:14.2046, val_auc:0.9136, val_ap: 0.9297
2023-04-22 14:41:04,047 - Epoch:004, train_loss:18.1443, val_auc:0.9136, val_ap: 0.9297
2023-04-22 14:41:04,378 - Epoch:005, train_loss:16.4937, val_auc:0.9136, val_ap: 0.9297
2023-04-22 14:41:04,706 - Epoch:006, train_loss:13.8146, val_auc:0.9136, val_ap: 0.9297
2023-04-22 14:41:05,038 - Epoch:007, train_loss:16.8597, val_auc:0.9136, val_ap: 0.9297
2023-04-22 14:41:05,367 - Epoch:008, train_loss:15.3860, val_auc:0.9136, val_ap: 0.9297
2023-04-22 14:41:05,699 - Epoch:009, train_loss:14.6096, val_auc:0.9136, val_ap: 0.9297
2023-04-22 14:41:06,029 - Epoch:010, train_loss:16.0309, val_auc:0.9136, val_ap: 0.9253
2023-04-22 14:41:06,360 - Epoch:011, train_loss:14.4878, val_auc:0.9136, val_ap: 0.9253
2023-04-22 14:41:06,690 - Epoch:012, train_loss:15.0720, val_auc:0.9259, val_ap: 0.9361
2023-04-22 14:41:07,021 - Epoch:013, train_loss:15.2485, val_auc:0.9259, val_ap: 0.9361
2023-04-22 14:41:07,351 - Epoch:014, train_loss:14.6193, val_auc:0.9136, val_ap: 0.9280
2023-04-22 14:41:07,682 - Epoch:015, train_loss:16.7388, val_auc:0.9012, val_ap: 0.9216
2023-04-22 14:41:08,012 - Epoch:016, train_loss:16.2053, val_auc:0.9012, val_ap: 0.9216
2023-04-22 14:41:08,338 - Epoch:017, train_loss:15.4221, val_auc:0.9012, val_ap: 0.9216
2023-04-22 14:41:08,668 - Epoch:018, train_loss:12.2162, val_auc:0.9012, val_ap: 0.9216
2023-04-22 14:41:08,997 - Epoch:019, train_loss:15.2439, val_auc:0.9012, val_ap: 0.9216
2023-04-22 14:41:09,357 - Epoch:020, train_loss:15.2850, val_auc:0.9012, val_ap: 0.9216
2023-04-22 14:41:09,676 - Epoch:021, train_loss:12.0813, val_auc:0.9012, val_ap: 0.9216
2023-04-22 14:41:10,000 - Epoch:022, train_loss:14.9569, val_auc:0.9012, val_ap: 0.9216
2023-04-22 14:41:10,326 - Epoch:023, train_loss:16.9710, val_auc:0.9012, val_ap: 0.9216
2023-04-22 14:41:10,644 - Epoch:024, train_loss:14.1101, val_auc:0.9012, val_ap: 0.9216
2023-04-22 14:41:10,969 - Epoch:025, train_loss:13.1014, val_auc:0.8889, val_ap: 0.9057
2023-04-22 14:41:11,291 - Epoch:026, train_loss:13.0689, val_auc:0.8889, val_ap: 0.9057
2023-04-22 14:41:11,611 - Epoch:027, train_loss:12.5555, val_auc:0.8889, val_ap: 0.9057
2023-04-22 14:41:11,932 - Epoch:028, train_loss:12.4391, val_auc:0.8765, val_ap: 0.8990
2023-04-22 14:41:12,254 - Epoch:029, train_loss:15.0275, val_auc:0.8765, val_ap: 0.8990
2023-04-22 14:41:12,577 - Epoch:030, train_loss:13.4197, val_auc:0.8765, val_ap: 0.8990
2023-04-22 14:41:12,899 - Epoch:031, train_loss:13.7118, val_auc:0.8765, val_ap: 0.8990
2023-04-22 14:41:13,221 - Epoch:032, train_loss:13.7958, val_auc:0.8765, val_ap: 0.8990
2023-04-22 14:41:13,543 - Epoch:033, train_loss:14.2827, val_auc:0.8765, val_ap: 0.8990
2023-04-22 14:41:13,868 - Epoch:034, train_loss:13.5223, val_auc:0.8765, val_ap: 0.8990
2023-04-22 14:41:14,190 - Epoch:035, train_loss:13.1688, val_auc:0.8765, val_ap: 0.8990
2023-04-22 14:41:14,513 - Epoch:036, train_loss:15.5174, val_auc:0.8765, val_ap: 0.8990
2023-04-22 14:41:14,835 - Epoch:037, train_loss:13.4332, val_auc:0.8765, val_ap: 0.8990
2023-04-22 14:41:15,157 - Epoch:038, train_loss:12.6341, val_auc:0.8765, val_ap: 0.8990
2023-04-22 14:41:15,479 - Epoch:039, train_loss:13.3232, val_auc:0.8765, val_ap: 0.8990
2023-04-22 14:41:15,807 - Epoch:040, train_loss:14.2580, val_auc:0.8765, val_ap: 0.8990
2023-04-22 14:41:16,127 - Epoch:041, train_loss:12.0450, val_auc:0.8765, val_ap: 0.8990
2023-04-22 14:41:16,448 - Epoch:042, train_loss:13.0097, val_auc:0.8765, val_ap: 0.8990
2023-04-22 14:41:16,770 - Epoch:043, train_loss:11.9073, val_auc:0.8765, val_ap: 0.8990
2023-04-22 14:41:17,090 - Epoch:044, train_loss:12.9104, val_auc:0.8765, val_ap: 0.8990
2023-04-22 14:41:17,411 - Epoch:045, train_loss:12.2674, val_auc:0.8765, val_ap: 0.8990
2023-04-22 14:41:17,733 - Epoch:046, train_loss:12.1730, val_auc:0.8765, val_ap: 0.8990
2023-04-22 14:41:18,055 - Epoch:047, train_loss:11.1384, val_auc:0.8765, val_ap: 0.8990
2023-04-22 14:41:18,380 - Epoch:048, train_loss:11.3560, val_auc:0.8765, val_ap: 0.8990
2023-04-22 14:41:18,702 - Epoch:049, train_loss:13.5415, val_auc:0.8765, val_ap: 0.8990
2023-04-22 14:41:19,023 - Epoch:050, train_loss:12.1015, val_auc:0.8765, val_ap: 0.8990
2023-04-22 14:41:19,347 - Epoch:051, train_loss:11.9491, val_auc:0.8765, val_ap: 0.8990
2023-04-22 14:41:19,669 - Epoch:052, train_loss:13.4964, val_auc:0.8889, val_ap: 0.9057
2023-04-22 14:41:19,990 - Epoch:053, train_loss:11.5729, val_auc:0.9012, val_ap: 0.9138
2023-04-22 14:41:20,316 - Epoch:054, train_loss:11.2666, val_auc:0.9136, val_ap: 0.9202
2023-04-22 14:41:20,645 - Epoch:055, train_loss:11.3684, val_auc:0.9259, val_ap: 0.9278
2023-04-22 14:41:20,970 - Epoch:056, train_loss:12.7120, val_auc:0.9259, val_ap: 0.9278
2023-04-22 14:41:21,295 - Epoch:057, train_loss:10.3520, val_auc:0.9259, val_ap: 0.9278
2023-04-22 14:41:21,622 - Epoch:058, train_loss:9.7688, val_auc:0.9259, val_ap: 0.9278
2023-04-22 14:41:21,944 - Epoch:059, train_loss:10.7148, val_auc:0.9259, val_ap: 0.9278
2023-04-22 14:41:22,266 - Epoch:060, train_loss:12.1777, val_auc:0.9259, val_ap: 0.9278
2023-04-22 14:41:22,588 - Epoch:061, train_loss:10.7393, val_auc:0.9259, val_ap: 0.9278
2023-04-22 14:41:22,908 - Epoch:062, train_loss:9.4291, val_auc:0.9259, val_ap: 0.9278
2023-04-22 14:41:23,238 - Epoch:063, train_loss:10.5274, val_auc:0.9259, val_ap: 0.9278
2023-04-22 14:41:23,562 - Epoch:064, train_loss:12.1669, val_auc:0.9259, val_ap: 0.9278
2023-04-22 14:41:23,884 - Epoch:065, train_loss:12.5129, val_auc:0.9259, val_ap: 0.9278
2023-04-22 14:41:24,211 - Epoch:066, train_loss:9.8945, val_auc:0.9259, val_ap: 0.9278
2023-04-22 14:41:24,538 - Epoch:067, train_loss:11.0155, val_auc:0.9259, val_ap: 0.9278
2023-04-22 14:41:24,876 - Epoch:068, train_loss:10.8489, val_auc:0.9259, val_ap: 0.9278
2023-04-22 14:41:25,204 - Epoch:069, train_loss:9.0961, val_auc:0.9259, val_ap: 0.9278
2023-04-22 14:41:25,529 - Epoch:070, train_loss:10.8750, val_auc:0.9259, val_ap: 0.9278
2023-04-22 14:41:25,850 - Epoch:071, train_loss:11.4433, val_auc:0.9259, val_ap: 0.9278
2023-04-22 14:41:26,173 - Epoch:072, train_loss:9.1281, val_auc:0.9259, val_ap: 0.9278
2023-04-22 14:41:26,494 - Epoch:073, train_loss:9.6176, val_auc:0.9259, val_ap: 0.9278
2023-04-22 14:41:26,813 - Epoch:074, train_loss:9.7217, val_auc:0.9259, val_ap: 0.9278
2023-04-22 14:41:27,139 - Epoch:075, train_loss:9.3382, val_auc:0.9259, val_ap: 0.9278
2023-04-22 14:41:27,467 - Epoch:076, train_loss:12.1697, val_auc:0.9259, val_ap: 0.9278
2023-04-22 14:41:27,792 - Epoch:077, train_loss:11.2019, val_auc:0.9259, val_ap: 0.9278
2023-04-22 14:41:28,114 - Epoch:078, train_loss:11.7374, val_auc:0.9259, val_ap: 0.9278
2023-04-22 14:41:28,444 - Epoch:079, train_loss:9.3841, val_auc:0.9259, val_ap: 0.9278
2023-04-22 14:41:28,772 - Epoch:080, train_loss:11.0534, val_auc:0.9383, val_ap: 0.9377, text_auc:0.7099, text_ap: 0.7757
2023-04-22 14:41:29,101 - Epoch:081, train_loss:9.1262, val_auc:0.9506, val_ap: 0.9468, text_auc:0.7068, text_ap: 0.7743
2023-04-22 14:41:29,425 - Epoch:082, train_loss:11.6923, val_auc:0.9444, val_ap: 0.9283
2023-04-22 14:41:29,751 - Epoch:083, train_loss:10.2631, val_auc:0.9383, val_ap: 0.9283
2023-04-22 14:41:30,081 - Epoch:084, train_loss:8.7028, val_auc:0.9383, val_ap: 0.9283
2023-04-22 14:41:30,410 - Epoch:085, train_loss:8.2673, val_auc:0.9383, val_ap: 0.9283
2023-04-22 14:41:30,734 - Epoch:086, train_loss:9.7765, val_auc:0.9383, val_ap: 0.9283
2023-04-22 14:41:31,055 - Epoch:087, train_loss:8.8146, val_auc:0.9383, val_ap: 0.9283
2023-04-22 14:41:31,382 - Epoch:088, train_loss:8.2376, val_auc:0.9383, val_ap: 0.9283
2023-04-22 14:41:31,733 - Epoch:089, train_loss:8.7587, val_auc:0.9383, val_ap: 0.9283
2023-04-22 14:41:32,066 - Epoch:090, train_loss:9.4021, val_auc:0.9383, val_ap: 0.9283
2023-04-22 14:41:32,395 - Epoch:091, train_loss:8.0072, val_auc:0.9383, val_ap: 0.9283
2023-04-22 14:41:32,720 - Epoch:092, train_loss:9.2006, val_auc:0.9383, val_ap: 0.9283
2023-04-22 14:41:33,046 - Epoch:093, train_loss:7.7391, val_auc:0.9383, val_ap: 0.9283
2023-04-22 14:41:33,370 - Epoch:094, train_loss:8.0148, val_auc:0.9383, val_ap: 0.9283
2023-04-22 14:41:33,695 - Epoch:095, train_loss:9.3368, val_auc:0.9383, val_ap: 0.9283
2023-04-22 14:41:34,017 - Epoch:096, train_loss:9.4655, val_auc:0.9383, val_ap: 0.9283
2023-04-22 14:41:34,342 - Epoch:097, train_loss:8.5712, val_auc:0.9383, val_ap: 0.9283
2023-04-22 14:41:34,680 - Epoch:098, train_loss:9.3711, val_auc:0.9383, val_ap: 0.9283
2023-04-22 14:41:35,003 - Epoch:099, train_loss:7.8363, val_auc:0.9383, val_ap: 0.9283
2023-04-22 14:41:35,336 - Epoch:100, train_loss:8.8085, val_auc:0.9383, val_ap: 0.9283
2023-04-22 14:41:35,675 - Epoch:101, train_loss:8.2201, val_auc:0.9383, val_ap: 0.9283
2023-04-22 14:41:36,004 - Epoch:102, train_loss:8.5717, val_auc:0.9383, val_ap: 0.9283
2023-04-22 14:41:36,333 - Epoch:103, train_loss:8.6457, val_auc:0.9383, val_ap: 0.9283
2023-04-22 14:41:36,660 - Epoch:104, train_loss:7.7895, val_auc:0.9383, val_ap: 0.9283
2023-04-22 14:41:36,987 - Epoch:105, train_loss:7.6109, val_auc:0.9383, val_ap: 0.9283
2023-04-22 14:41:37,318 - Epoch:106, train_loss:8.1662, val_auc:0.9383, val_ap: 0.9283
2023-04-22 14:41:37,648 - Epoch:107, train_loss:8.4510, val_auc:0.9383, val_ap: 0.9283
2023-04-22 14:41:37,975 - Epoch:108, train_loss:8.1465, val_auc:0.9383, val_ap: 0.9283
2023-04-22 14:41:38,304 - Epoch:109, train_loss:6.8329, val_auc:0.9383, val_ap: 0.9283
2023-04-22 14:41:38,631 - Epoch:110, train_loss:8.0302, val_auc:0.9383, val_ap: 0.9283
2023-04-22 14:41:38,959 - Epoch:111, train_loss:6.9998, val_auc:0.9383, val_ap: 0.9283
2023-04-22 14:41:39,283 - Epoch:112, train_loss:7.0791, val_auc:0.9383, val_ap: 0.9283
2023-04-22 14:41:39,609 - Epoch:113, train_loss:8.3634, val_auc:0.9259, val_ap: 0.9060
2023-04-22 14:41:39,936 - Epoch:114, train_loss:9.3843, val_auc:0.9259, val_ap: 0.9060
2023-04-22 14:41:40,265 - Epoch:115, train_loss:7.8264, val_auc:0.9259, val_ap: 0.9060
2023-04-22 14:41:40,596 - Epoch:116, train_loss:7.4152, val_auc:0.9259, val_ap: 0.9060
2023-04-22 14:41:40,919 - Epoch:117, train_loss:8.2997, val_auc:0.9259, val_ap: 0.9060
2023-04-22 14:41:41,241 - Epoch:118, train_loss:8.3670, val_auc:0.9259, val_ap: 0.9060
2023-04-22 14:41:41,578 - Epoch:119, train_loss:8.6569, val_auc:0.9259, val_ap: 0.9060
2023-04-22 14:41:41,902 - Epoch:120, train_loss:7.2160, val_auc:0.9136, val_ap: 0.8969
2023-04-22 14:41:42,228 - Epoch:121, train_loss:8.2150, val_auc:0.9136, val_ap: 0.8969
2023-04-22 14:41:42,566 - Epoch:122, train_loss:8.7279, val_auc:0.9136, val_ap: 0.8969
2023-04-22 14:41:42,889 - Epoch:123, train_loss:7.6183, val_auc:0.9136, val_ap: 0.8969
2023-04-22 14:41:43,214 - Epoch:124, train_loss:8.1929, val_auc:0.9136, val_ap: 0.8969
2023-04-22 14:41:43,544 - Epoch:125, train_loss:7.0026, val_auc:0.9136, val_ap: 0.8969
2023-04-22 14:41:43,885 - Epoch:126, train_loss:7.7285, val_auc:0.9136, val_ap: 0.8969
2023-04-22 14:41:44,206 - Epoch:127, train_loss:8.2869, val_auc:0.9136, val_ap: 0.8969
2023-04-22 14:41:44,523 - Epoch:128, train_loss:7.7422, val_auc:0.9136, val_ap: 0.8969
2023-04-22 14:41:44,847 - Epoch:129, train_loss:7.5115, val_auc:0.9136, val_ap: 0.8969
2023-04-22 14:41:45,169 - Epoch:130, train_loss:7.0212, val_auc:0.9012, val_ap: 0.8894
2023-04-22 14:41:45,492 - Epoch:131, train_loss:7.6234, val_auc:0.9012, val_ap: 0.8894
2023-04-22 14:41:45,747 - Epoch:132, train_loss:7.4253, val_auc:0.9012, val_ap: 0.8894
2023-04-22 14:41:45,905 - Epoch:133, train_loss:7.4848, val_auc:0.9012, val_ap: 0.8894
2023-04-22 14:41:46,063 - Epoch:134, train_loss:7.7174, val_auc:0.9012, val_ap: 0.8894
2023-04-22 14:41:46,218 - Epoch:135, train_loss:6.5129, val_auc:0.8889, val_ap: 0.8830
2023-04-22 14:41:46,396 - Epoch:136, train_loss:7.3282, val_auc:0.8889, val_ap: 0.8830
2023-04-22 14:41:46,563 - Epoch:137, train_loss:8.1098, val_auc:0.8889, val_ap: 0.8830
2023-04-22 14:41:46,719 - Epoch:138, train_loss:7.4271, val_auc:0.8889, val_ap: 0.8830
2023-04-22 14:41:46,874 - Epoch:139, train_loss:7.9846, val_auc:0.8889, val_ap: 0.8830
2023-04-22 14:41:47,020 - Epoch:140, train_loss:7.7740, val_auc:0.8889, val_ap: 0.8830
2023-04-22 14:41:47,149 - Epoch:141, train_loss:7.9438, val_auc:0.8889, val_ap: 0.8830
2023-04-22 14:41:47,280 - Epoch:142, train_loss:7.3764, val_auc:0.8889, val_ap: 0.8830
2023-04-22 14:41:47,404 - Epoch:143, train_loss:7.9762, val_auc:0.8889, val_ap: 0.8830
2023-04-22 14:41:47,536 - Epoch:144, train_loss:6.8000, val_auc:0.8889, val_ap: 0.8830
2023-04-22 14:41:47,664 - Epoch:145, train_loss:7.1776, val_auc:0.8889, val_ap: 0.8830
2023-04-22 14:41:47,791 - Epoch:146, train_loss:6.2104, val_auc:0.8765, val_ap: 0.8731
2023-04-22 14:41:47,913 - Epoch:147, train_loss:6.8362, val_auc:0.8765, val_ap: 0.8731
2023-04-22 14:41:48,036 - Epoch:148, train_loss:6.7065, val_auc:0.8765, val_ap: 0.8731
2023-04-22 14:41:48,156 - Epoch:149, train_loss:6.9326, val_auc:0.8765, val_ap: 0.8731
2023-04-22 14:41:48,286 - Epoch:150, train_loss:6.9769, val_auc:0.8765, val_ap: 0.8731
2023-04-22 14:41:48,409 - Epoch:151, train_loss:7.3578, val_auc:0.8765, val_ap: 0.8731
2023-04-22 14:41:48,537 - Epoch:152, train_loss:7.1721, val_auc:0.8765, val_ap: 0.8731
2023-04-22 14:41:48,661 - Epoch:153, train_loss:6.3798, val_auc:0.8765, val_ap: 0.8731
2023-04-22 14:41:48,781 - Epoch:154, train_loss:7.2690, val_auc:0.8765, val_ap: 0.8731
2023-04-22 14:41:48,902 - Epoch:155, train_loss:6.2016, val_auc:0.8765, val_ap: 0.8731
2023-04-22 14:41:49,030 - Epoch:156, train_loss:6.7301, val_auc:0.8765, val_ap: 0.8731
2023-04-22 14:41:49,149 - Epoch:157, train_loss:6.0661, val_auc:0.8765, val_ap: 0.8731
2023-04-22 14:41:49,273 - Epoch:158, train_loss:7.0776, val_auc:0.8765, val_ap: 0.8731
2023-04-22 14:41:49,407 - Epoch:159, train_loss:7.5929, val_auc:0.8765, val_ap: 0.8731
2023-04-22 14:41:49,532 - Epoch:160, train_loss:5.4117, val_auc:0.8765, val_ap: 0.8731
2023-04-22 14:41:49,651 - Epoch:161, train_loss:6.3838, val_auc:0.8765, val_ap: 0.8731
2023-04-22 14:41:49,785 - Epoch:162, train_loss:6.0998, val_auc:0.8765, val_ap: 0.8731
2023-04-22 14:41:49,907 - Epoch:163, train_loss:6.6438, val_auc:0.8765, val_ap: 0.8731
2023-04-22 14:41:50,028 - Epoch:164, train_loss:6.1402, val_auc:0.8765, val_ap: 0.8731
2023-04-22 14:41:50,149 - Epoch:165, train_loss:6.6734, val_auc:0.8765, val_ap: 0.8731
2023-04-22 14:41:50,267 - Epoch:166, train_loss:6.3351, val_auc:0.8765, val_ap: 0.8731
2023-04-22 14:41:50,394 - Epoch:167, train_loss:6.4893, val_auc:0.8765, val_ap: 0.8731
2023-04-22 14:41:50,525 - Epoch:168, train_loss:6.2697, val_auc:0.8765, val_ap: 0.8731
2023-04-22 14:41:50,648 - Epoch:169, train_loss:6.3066, val_auc:0.8889, val_ap: 0.8830
2023-04-22 14:41:50,781 - Epoch:170, train_loss:5.4262, val_auc:0.8889, val_ap: 0.8830
2023-04-22 14:41:50,909 - Epoch:171, train_loss:5.6303, val_auc:0.8889, val_ap: 0.8830
2023-04-22 14:41:51,065 - Epoch:172, train_loss:6.8584, val_auc:0.8889, val_ap: 0.8830
2023-04-22 14:41:51,391 - Epoch:173, train_loss:6.5712, val_auc:0.8889, val_ap: 0.8830
2023-04-22 14:41:51,717 - Epoch:174, train_loss:5.5902, val_auc:0.8889, val_ap: 0.8830
2023-04-22 14:41:52,045 - Epoch:175, train_loss:6.9099, val_auc:0.8889, val_ap: 0.8830
2023-04-22 14:41:52,370 - Epoch:176, train_loss:6.3566, val_auc:0.8765, val_ap: 0.8775
2023-04-22 14:41:52,702 - Epoch:177, train_loss:5.1780, val_auc:0.8765, val_ap: 0.8775
2023-04-22 14:41:53,031 - Epoch:178, train_loss:4.8839, val_auc:0.8765, val_ap: 0.8775
2023-04-22 14:41:53,357 - Epoch:179, train_loss:5.3735, val_auc:0.8765, val_ap: 0.8775
2023-04-22 14:41:53,688 - Epoch:180, train_loss:5.5240, val_auc:0.8765, val_ap: 0.8775
2023-04-22 14:41:54,015 - Epoch:181, train_loss:5.4568, val_auc:0.8765, val_ap: 0.8775
2023-04-22 14:41:54,350 - Epoch:182, train_loss:5.5745, val_auc:0.8642, val_ap: 0.8727
2023-04-22 14:41:54,678 - Epoch:183, train_loss:4.9824, val_auc:0.8642, val_ap: 0.8727
2023-04-22 14:41:55,004 - Epoch:184, train_loss:5.7273, val_auc:0.8642, val_ap: 0.8727
2023-04-22 14:41:55,329 - Epoch:185, train_loss:5.3172, val_auc:0.8642, val_ap: 0.8727
2023-04-22 14:41:55,669 - Epoch:186, train_loss:4.7840, val_auc:0.8642, val_ap: 0.8727
2023-04-22 14:41:56,006 - Epoch:187, train_loss:5.4038, val_auc:0.8642, val_ap: 0.8497
2023-04-22 14:41:56,329 - Epoch:188, train_loss:4.8801, val_auc:0.8519, val_ap: 0.8398
2023-04-22 14:41:56,662 - Epoch:189, train_loss:4.5093, val_auc:0.8519, val_ap: 0.8398
2023-04-22 14:41:56,996 - Epoch:190, train_loss:4.9743, val_auc:0.8765, val_ap: 0.8898
2023-04-22 14:41:57,322 - Epoch:191, train_loss:4.2235, val_auc:0.8889, val_ap: 0.8953
2023-04-22 14:41:57,653 - Epoch:192, train_loss:4.8040, val_auc:0.8642, val_ap: 0.8805
2023-04-22 14:41:58,000 - Epoch:193, train_loss:4.5408, val_auc:0.8519, val_ap: 0.8750
2023-04-22 14:41:58,327 - Epoch:194, train_loss:4.7746, val_auc:0.8395, val_ap: 0.8642
2023-04-22 14:41:58,647 - Epoch:195, train_loss:4.1220, val_auc:0.8272, val_ap: 0.8523
2023-04-22 14:41:58,971 - Epoch:196, train_loss:4.6097, val_auc:0.8395, val_ap: 0.8590
2023-04-22 14:41:59,292 - Epoch:197, train_loss:4.4556, val_auc:0.8519, val_ap: 0.8671
2023-04-22 14:41:59,645 - Epoch:198, train_loss:4.9226, val_auc:0.8519, val_ap: 0.8671
2023-04-22 14:41:59,978 - Epoch:199, train_loss:4.2565, val_auc:0.8519, val_ap: 0.8671
2023-04-22 14:41:59,980 - final results:
2023-04-22 14:41:59,981 - ====================================================================================
2023-04-22 14:41:59,981 - AUC:0.7099+-0.0031 [0.712962962962963, 0.7067901234567902]
2023-04-22 14:41:59,981 - AP:0.7625+-0.0119 [0.7505944994375122, 0.7743403675720257]
2023-04-22 14:42:00,370 - Epoch:000, train_loss:15.3187, val_auc:0.6914, val_ap: 0.7101, text_auc:0.6605, text_ap: 0.7572
2023-04-22 14:42:00,701 - Epoch:001, train_loss:15.9939, val_auc:0.7160, val_ap: 0.7132, text_auc:0.6914, text_ap: 0.7715
2023-04-22 14:42:01,028 - Epoch:002, train_loss:17.5487, val_auc:0.7160, val_ap: 0.7132
2023-04-22 14:42:01,355 - Epoch:003, train_loss:13.7622, val_auc:0.7160, val_ap: 0.7132
2023-04-22 14:42:01,700 - Epoch:004, train_loss:15.6494, val_auc:0.7037, val_ap: 0.7091
2023-04-22 14:42:02,039 - Epoch:005, train_loss:14.1706, val_auc:0.7037, val_ap: 0.7091
2023-04-22 14:42:02,365 - Epoch:006, train_loss:16.4501, val_auc:0.7037, val_ap: 0.7091
2023-04-22 14:42:02,696 - Epoch:007, train_loss:15.0405, val_auc:0.6914, val_ap: 0.7054
2023-04-22 14:42:03,029 - Epoch:008, train_loss:16.6705, val_auc:0.6667, val_ap: 0.6891
2023-04-22 14:42:03,352 - Epoch:009, train_loss:16.1757, val_auc:0.6667, val_ap: 0.6865
2023-04-22 14:42:03,674 - Epoch:010, train_loss:16.1892, val_auc:0.6667, val_ap: 0.6865
2023-04-22 14:42:03,996 - Epoch:011, train_loss:15.7282, val_auc:0.6667, val_ap: 0.6865
2023-04-22 14:42:04,317 - Epoch:012, train_loss:15.8207, val_auc:0.6296, val_ap: 0.6725
2023-04-22 14:42:04,651 - Epoch:013, train_loss:17.4092, val_auc:0.6296, val_ap: 0.6725
2023-04-22 14:42:04,976 - Epoch:014, train_loss:14.0669, val_auc:0.6296, val_ap: 0.6725
2023-04-22 14:42:05,311 - Epoch:015, train_loss:15.0096, val_auc:0.6296, val_ap: 0.6725
2023-04-22 14:42:05,655 - Epoch:016, train_loss:12.7702, val_auc:0.6296, val_ap: 0.6725
2023-04-22 14:42:05,992 - Epoch:017, train_loss:14.6592, val_auc:0.6296, val_ap: 0.6725
2023-04-22 14:42:06,311 - Epoch:018, train_loss:13.1684, val_auc:0.6296, val_ap: 0.6725
2023-04-22 14:42:06,642 - Epoch:019, train_loss:14.9735, val_auc:0.6296, val_ap: 0.6725
2023-04-22 14:42:06,972 - Epoch:020, train_loss:13.6902, val_auc:0.6296, val_ap: 0.6725
2023-04-22 14:42:07,300 - Epoch:021, train_loss:13.2956, val_auc:0.6296, val_ap: 0.6725
2023-04-22 14:42:07,636 - Epoch:022, train_loss:12.0832, val_auc:0.6296, val_ap: 0.6725
2023-04-22 14:42:07,967 - Epoch:023, train_loss:16.9244, val_auc:0.6420, val_ap: 0.6799
2023-04-22 14:42:08,300 - Epoch:024, train_loss:17.0406, val_auc:0.6296, val_ap: 0.6757
2023-04-22 14:42:08,629 - Epoch:025, train_loss:13.1679, val_auc:0.6296, val_ap: 0.6757
2023-04-22 14:42:08,952 - Epoch:026, train_loss:14.8838, val_auc:0.6296, val_ap: 0.6757
2023-04-22 14:42:09,282 - Epoch:027, train_loss:13.7533, val_auc:0.6420, val_ap: 0.6905
2023-04-22 14:42:09,644 - Epoch:028, train_loss:12.4906, val_auc:0.6420, val_ap: 0.6905
2023-04-22 14:42:09,971 - Epoch:029, train_loss:13.2104, val_auc:0.6420, val_ap: 0.6905
2023-04-22 14:42:10,295 - Epoch:030, train_loss:13.7038, val_auc:0.6420, val_ap: 0.6905
2023-04-22 14:42:10,618 - Epoch:031, train_loss:16.4558, val_auc:0.6420, val_ap: 0.6905
2023-04-22 14:42:10,946 - Epoch:032, train_loss:13.6752, val_auc:0.6543, val_ap: 0.6964
2023-04-22 14:42:11,269 - Epoch:033, train_loss:15.8521, val_auc:0.6543, val_ap: 0.6964
2023-04-22 14:42:11,595 - Epoch:034, train_loss:13.2858, val_auc:0.6420, val_ap: 0.6927
2023-04-22 14:42:11,923 - Epoch:035, train_loss:13.0606, val_auc:0.6420, val_ap: 0.6927
2023-04-22 14:42:12,246 - Epoch:036, train_loss:14.1306, val_auc:0.6420, val_ap: 0.6927
2023-04-22 14:42:12,572 - Epoch:037, train_loss:15.8854, val_auc:0.6420, val_ap: 0.6927
2023-04-22 14:42:12,893 - Epoch:038, train_loss:13.1493, val_auc:0.6420, val_ap: 0.6927
2023-04-22 14:42:13,215 - Epoch:039, train_loss:12.3717, val_auc:0.6420, val_ap: 0.6927
2023-04-22 14:42:13,541 - Epoch:040, train_loss:14.2830, val_auc:0.6420, val_ap: 0.6927
2023-04-22 14:42:13,864 - Epoch:041, train_loss:13.2156, val_auc:0.6420, val_ap: 0.6927
2023-04-22 14:42:14,188 - Epoch:042, train_loss:13.9298, val_auc:0.6420, val_ap: 0.6927
2023-04-22 14:42:14,511 - Epoch:043, train_loss:12.8650, val_auc:0.6420, val_ap: 0.6927
2023-04-22 14:42:14,838 - Epoch:044, train_loss:13.4770, val_auc:0.6420, val_ap: 0.6927
2023-04-22 14:42:15,165 - Epoch:045, train_loss:11.8382, val_auc:0.6420, val_ap: 0.6927
2023-04-22 14:42:15,489 - Epoch:046, train_loss:13.4205, val_auc:0.6173, val_ap: 0.6820
2023-04-22 14:42:15,816 - Epoch:047, train_loss:13.3018, val_auc:0.6173, val_ap: 0.6820
2023-04-22 14:42:16,142 - Epoch:048, train_loss:11.0866, val_auc:0.6173, val_ap: 0.6820
2023-04-22 14:42:16,465 - Epoch:049, train_loss:10.7030, val_auc:0.6173, val_ap: 0.6820
2023-04-22 14:42:16,787 - Epoch:050, train_loss:11.4387, val_auc:0.6173, val_ap: 0.6820
2023-04-22 14:42:17,110 - Epoch:051, train_loss:11.7686, val_auc:0.6173, val_ap: 0.6820
2023-04-22 14:42:17,432 - Epoch:052, train_loss:12.1174, val_auc:0.6173, val_ap: 0.6820
2023-04-22 14:42:17,758 - Epoch:053, train_loss:11.2334, val_auc:0.6173, val_ap: 0.6820
2023-04-22 14:42:18,086 - Epoch:054, train_loss:13.4995, val_auc:0.6173, val_ap: 0.6820
2023-04-22 14:42:18,408 - Epoch:055, train_loss:12.6817, val_auc:0.6173, val_ap: 0.6820
2023-04-22 14:42:18,730 - Epoch:056, train_loss:12.3645, val_auc:0.6173, val_ap: 0.6820
2023-04-22 14:42:19,052 - Epoch:057, train_loss:11.2390, val_auc:0.6173, val_ap: 0.6820
2023-04-22 14:42:19,374 - Epoch:058, train_loss:12.7277, val_auc:0.6173, val_ap: 0.6820
2023-04-22 14:42:19,696 - Epoch:059, train_loss:12.9026, val_auc:0.6173, val_ap: 0.6820
2023-04-22 14:42:20,015 - Epoch:060, train_loss:11.8281, val_auc:0.6173, val_ap: 0.6820
2023-04-22 14:42:20,338 - Epoch:061, train_loss:10.8522, val_auc:0.6173, val_ap: 0.6820
2023-04-22 14:42:20,662 - Epoch:062, train_loss:12.7469, val_auc:0.6173, val_ap: 0.6820
2023-04-22 14:42:20,986 - Epoch:063, train_loss:11.2455, val_auc:0.6173, val_ap: 0.6820
2023-04-22 14:42:21,312 - Epoch:064, train_loss:10.2857, val_auc:0.6173, val_ap: 0.6820
2023-04-22 14:42:21,640 - Epoch:065, train_loss:11.0841, val_auc:0.6173, val_ap: 0.6820
2023-04-22 14:42:21,966 - Epoch:066, train_loss:10.5841, val_auc:0.6173, val_ap: 0.6820
2023-04-22 14:42:22,295 - Epoch:067, train_loss:13.0831, val_auc:0.6173, val_ap: 0.6820
2023-04-22 14:42:22,617 - Epoch:068, train_loss:11.3834, val_auc:0.6173, val_ap: 0.6820
2023-04-22 14:42:22,939 - Epoch:069, train_loss:10.8016, val_auc:0.6173, val_ap: 0.6820
2023-04-22 14:42:23,260 - Epoch:070, train_loss:9.9364, val_auc:0.6173, val_ap: 0.6820
2023-04-22 14:42:23,587 - Epoch:071, train_loss:9.8467, val_auc:0.6173, val_ap: 0.6820
2023-04-22 14:42:23,911 - Epoch:072, train_loss:10.2147, val_auc:0.6173, val_ap: 0.6820
2023-04-22 14:42:24,238 - Epoch:073, train_loss:11.2171, val_auc:0.6173, val_ap: 0.6820
2023-04-22 14:42:24,560 - Epoch:074, train_loss:11.7360, val_auc:0.6173, val_ap: 0.6820
2023-04-22 14:42:24,881 - Epoch:075, train_loss:9.5259, val_auc:0.6173, val_ap: 0.6820
2023-04-22 14:42:25,203 - Epoch:076, train_loss:9.7634, val_auc:0.6173, val_ap: 0.6820
2023-04-22 14:42:25,525 - Epoch:077, train_loss:10.6903, val_auc:0.6173, val_ap: 0.6820
2023-04-22 14:42:25,852 - Epoch:078, train_loss:10.5959, val_auc:0.6173, val_ap: 0.6820
2023-04-22 14:42:26,186 - Epoch:079, train_loss:9.5404, val_auc:0.6173, val_ap: 0.6820
2023-04-22 14:42:26,477 - Epoch:080, train_loss:9.3181, val_auc:0.6173, val_ap: 0.6820
2023-04-22 14:42:26,802 - Epoch:081, train_loss:11.3167, val_auc:0.6173, val_ap: 0.6820
2023-04-22 14:42:27,124 - Epoch:082, train_loss:10.4681, val_auc:0.6173, val_ap: 0.6820
2023-04-22 14:42:27,447 - Epoch:083, train_loss:11.5322, val_auc:0.6173, val_ap: 0.6820
2023-04-22 14:42:27,770 - Epoch:084, train_loss:10.1931, val_auc:0.6173, val_ap: 0.6820
2023-04-22 14:42:28,090 - Epoch:085, train_loss:9.3859, val_auc:0.6173, val_ap: 0.6820
2023-04-22 14:42:28,420 - Epoch:086, train_loss:8.0881, val_auc:0.6173, val_ap: 0.6820
2023-04-22 14:42:28,741 - Epoch:087, train_loss:9.2291, val_auc:0.6173, val_ap: 0.6820
2023-04-22 14:42:29,064 - Epoch:088, train_loss:9.5012, val_auc:0.6173, val_ap: 0.6820
2023-04-22 14:42:29,385 - Epoch:089, train_loss:8.6315, val_auc:0.6173, val_ap: 0.6820
2023-04-22 14:42:29,710 - Epoch:090, train_loss:9.7536, val_auc:0.6173, val_ap: 0.6820
2023-04-22 14:42:30,033 - Epoch:091, train_loss:11.0238, val_auc:0.6173, val_ap: 0.6820
2023-04-22 14:42:30,354 - Epoch:092, train_loss:9.2092, val_auc:0.6173, val_ap: 0.6820
2023-04-22 14:42:30,679 - Epoch:093, train_loss:8.8579, val_auc:0.6173, val_ap: 0.6820
2023-04-22 14:42:31,003 - Epoch:094, train_loss:9.5309, val_auc:0.6173, val_ap: 0.6820
2023-04-22 14:42:31,323 - Epoch:095, train_loss:9.1341, val_auc:0.6173, val_ap: 0.6820
2023-04-22 14:42:31,645 - Epoch:096, train_loss:8.7918, val_auc:0.6173, val_ap: 0.6820
2023-04-22 14:42:31,966 - Epoch:097, train_loss:8.3745, val_auc:0.6049, val_ap: 0.6264
2023-04-22 14:42:32,287 - Epoch:098, train_loss:9.1325, val_auc:0.5926, val_ap: 0.6205
2023-04-22 14:42:32,616 - Epoch:099, train_loss:9.5232, val_auc:0.5926, val_ap: 0.6205
2023-04-22 14:42:32,962 - Epoch:100, train_loss:8.2881, val_auc:0.5926, val_ap: 0.6205
2023-04-22 14:42:33,301 - Epoch:101, train_loss:8.3079, val_auc:0.5926, val_ap: 0.6205
2023-04-22 14:42:33,643 - Epoch:102, train_loss:8.6191, val_auc:0.5926, val_ap: 0.6205
2023-04-22 14:42:33,971 - Epoch:103, train_loss:8.6727, val_auc:0.5926, val_ap: 0.6205
2023-04-22 14:42:34,299 - Epoch:104, train_loss:9.0908, val_auc:0.5926, val_ap: 0.6205
2023-04-22 14:42:34,639 - Epoch:105, train_loss:9.6028, val_auc:0.5926, val_ap: 0.6205
2023-04-22 14:42:34,971 - Epoch:106, train_loss:9.4405, val_auc:0.5926, val_ap: 0.6205
2023-04-22 14:42:35,310 - Epoch:107, train_loss:8.0982, val_auc:0.5926, val_ap: 0.6205
2023-04-22 14:42:35,642 - Epoch:108, train_loss:8.4392, val_auc:0.5988, val_ap: 0.6205
2023-04-22 14:42:35,972 - Epoch:109, train_loss:7.9285, val_auc:0.6049, val_ap: 0.6761
2023-04-22 14:42:36,300 - Epoch:110, train_loss:8.9231, val_auc:0.6049, val_ap: 0.6761
2023-04-22 14:42:36,624 - Epoch:111, train_loss:7.6386, val_auc:0.6049, val_ap: 0.6761
2023-04-22 14:42:36,950 - Epoch:112, train_loss:8.3046, val_auc:0.6049, val_ap: 0.6761
2023-04-22 14:42:37,273 - Epoch:113, train_loss:8.1492, val_auc:0.6173, val_ap: 0.6820
2023-04-22 14:42:37,601 - Epoch:114, train_loss:8.3729, val_auc:0.6173, val_ap: 0.6820
2023-04-22 14:42:37,926 - Epoch:115, train_loss:7.8395, val_auc:0.6173, val_ap: 0.6820
2023-04-22 14:42:38,256 - Epoch:116, train_loss:7.9932, val_auc:0.6173, val_ap: 0.6820
2023-04-22 14:42:38,584 - Epoch:117, train_loss:7.5737, val_auc:0.6173, val_ap: 0.6820
2023-04-22 14:42:38,913 - Epoch:118, train_loss:8.1921, val_auc:0.6173, val_ap: 0.6820
2023-04-22 14:42:39,241 - Epoch:119, train_loss:8.4080, val_auc:0.6173, val_ap: 0.6820
2023-04-22 14:42:39,570 - Epoch:120, train_loss:7.7045, val_auc:0.6173, val_ap: 0.6820
2023-04-22 14:42:39,894 - Epoch:121, train_loss:8.3979, val_auc:0.6173, val_ap: 0.6820
2023-04-22 14:42:40,223 - Epoch:122, train_loss:7.0744, val_auc:0.6173, val_ap: 0.6820
2023-04-22 14:42:40,548 - Epoch:123, train_loss:7.8135, val_auc:0.6173, val_ap: 0.6820
2023-04-22 14:42:40,873 - Epoch:124, train_loss:8.9593, val_auc:0.6049, val_ap: 0.6761
2023-04-22 14:42:41,201 - Epoch:125, train_loss:7.9715, val_auc:0.6049, val_ap: 0.6761
2023-04-22 14:42:41,526 - Epoch:126, train_loss:8.1719, val_auc:0.6049, val_ap: 0.6761
2023-04-22 14:42:41,850 - Epoch:127, train_loss:7.9039, val_auc:0.6049, val_ap: 0.6761
2023-04-22 14:42:42,180 - Epoch:128, train_loss:9.0332, val_auc:0.6049, val_ap: 0.6761
2023-04-22 14:42:42,516 - Epoch:129, train_loss:8.3266, val_auc:0.6049, val_ap: 0.6761
2023-04-22 14:42:42,842 - Epoch:130, train_loss:6.9395, val_auc:0.6049, val_ap: 0.6761
2023-04-22 14:42:43,166 - Epoch:131, train_loss:6.9342, val_auc:0.6049, val_ap: 0.6761
2023-04-22 14:42:43,496 - Epoch:132, train_loss:7.5556, val_auc:0.6049, val_ap: 0.6761
2023-04-22 14:42:43,820 - Epoch:133, train_loss:6.0123, val_auc:0.6049, val_ap: 0.6761
2023-04-22 14:42:44,151 - Epoch:134, train_loss:7.0126, val_auc:0.6049, val_ap: 0.6761
2023-04-22 14:42:44,473 - Epoch:135, train_loss:8.1456, val_auc:0.6049, val_ap: 0.6761
2023-04-22 14:42:44,795 - Epoch:136, train_loss:6.6894, val_auc:0.6049, val_ap: 0.6761
2023-04-22 14:42:45,128 - Epoch:137, train_loss:7.3897, val_auc:0.6049, val_ap: 0.6761
2023-04-22 14:42:45,461 - Epoch:138, train_loss:6.9187, val_auc:0.6049, val_ap: 0.6761
2023-04-22 14:42:45,793 - Epoch:139, train_loss:6.4226, val_auc:0.6049, val_ap: 0.6761
2023-04-22 14:42:46,117 - Epoch:140, train_loss:6.9789, val_auc:0.6049, val_ap: 0.6761
2023-04-22 14:42:46,449 - Epoch:141, train_loss:6.3189, val_auc:0.6049, val_ap: 0.6761
2023-04-22 14:42:46,773 - Epoch:142, train_loss:6.6132, val_auc:0.6049, val_ap: 0.6761
2023-04-22 14:42:47,096 - Epoch:143, train_loss:7.0348, val_auc:0.6173, val_ap: 0.6820
2023-04-22 14:42:47,425 - Epoch:144, train_loss:7.0497, val_auc:0.6173, val_ap: 0.6820
2023-04-22 14:42:47,754 - Epoch:145, train_loss:6.3509, val_auc:0.6173, val_ap: 0.6820
2023-04-22 14:42:48,093 - Epoch:146, train_loss:7.3365, val_auc:0.6173, val_ap: 0.6820
2023-04-22 14:42:48,437 - Epoch:147, train_loss:6.4536, val_auc:0.6173, val_ap: 0.6820
2023-04-22 14:42:48,767 - Epoch:148, train_loss:6.7522, val_auc:0.6173, val_ap: 0.6820
2023-04-22 14:42:48,979 - Epoch:149, train_loss:6.8171, val_auc:0.6173, val_ap: 0.6820
2023-04-22 14:42:49,135 - Epoch:150, train_loss:6.3164, val_auc:0.6173, val_ap: 0.6820
2023-04-22 14:42:49,290 - Epoch:151, train_loss:7.6206, val_auc:0.6173, val_ap: 0.6820
2023-04-22 14:42:49,447 - Epoch:152, train_loss:7.9546, val_auc:0.6173, val_ap: 0.6820
2023-04-22 14:42:49,603 - Epoch:153, train_loss:6.5417, val_auc:0.6173, val_ap: 0.6820
2023-04-22 14:42:49,757 - Epoch:154, train_loss:8.0544, val_auc:0.6173, val_ap: 0.6820
2023-04-22 14:42:49,912 - Epoch:155, train_loss:6.3455, val_auc:0.6049, val_ap: 0.6264
2023-04-22 14:42:50,067 - Epoch:156, train_loss:6.7645, val_auc:0.6049, val_ap: 0.6264
2023-04-22 14:42:50,209 - Epoch:157, train_loss:7.3475, val_auc:0.5926, val_ap: 0.6165
2023-04-22 14:42:50,337 - Epoch:158, train_loss:5.5788, val_auc:0.5926, val_ap: 0.6165
2023-04-22 14:42:50,473 - Epoch:159, train_loss:7.0085, val_auc:0.5926, val_ap: 0.6165
2023-04-22 14:42:50,601 - Epoch:160, train_loss:5.9417, val_auc:0.5926, val_ap: 0.6165
2023-04-22 14:42:50,727 - Epoch:161, train_loss:7.2078, val_auc:0.5926, val_ap: 0.6165
2023-04-22 14:42:50,856 - Epoch:162, train_loss:6.6060, val_auc:0.5926, val_ap: 0.6165
2023-04-22 14:42:50,986 - Epoch:163, train_loss:6.5790, val_auc:0.5926, val_ap: 0.6165
2023-04-22 14:42:51,117 - Epoch:164, train_loss:6.4341, val_auc:0.5926, val_ap: 0.6165
2023-04-22 14:42:51,241 - Epoch:165, train_loss:6.8379, val_auc:0.5926, val_ap: 0.6165
2023-04-22 14:42:51,369 - Epoch:166, train_loss:6.3417, val_auc:0.5926, val_ap: 0.6165
2023-04-22 14:42:51,498 - Epoch:167, train_loss:6.8089, val_auc:0.5926, val_ap: 0.6165
2023-04-22 14:42:51,626 - Epoch:168, train_loss:6.6713, val_auc:0.5926, val_ap: 0.6165
2023-04-22 14:42:51,752 - Epoch:169, train_loss:5.8128, val_auc:0.5926, val_ap: 0.6165
2023-04-22 14:42:51,881 - Epoch:170, train_loss:6.7873, val_auc:0.5926, val_ap: 0.6165
2023-04-22 14:42:52,007 - Epoch:171, train_loss:6.3311, val_auc:0.5926, val_ap: 0.6165
2023-04-22 14:42:52,132 - Epoch:172, train_loss:6.8993, val_auc:0.5926, val_ap: 0.6165
2023-04-22 14:42:52,267 - Epoch:173, train_loss:5.5796, val_auc:0.5926, val_ap: 0.6165
2023-04-22 14:42:52,399 - Epoch:174, train_loss:6.6382, val_auc:0.5926, val_ap: 0.6165
2023-04-22 14:42:52,528 - Epoch:175, train_loss:6.1766, val_auc:0.5926, val_ap: 0.6165
2023-04-22 14:42:52,657 - Epoch:176, train_loss:6.2007, val_auc:0.5926, val_ap: 0.6165
2023-04-22 14:42:52,787 - Epoch:177, train_loss:5.5738, val_auc:0.5926, val_ap: 0.6165
2023-04-22 14:42:52,926 - Epoch:178, train_loss:5.7484, val_auc:0.5926, val_ap: 0.6165
2023-04-22 14:42:53,055 - Epoch:179, train_loss:6.4306, val_auc:0.6049, val_ap: 0.6721
2023-04-22 14:42:53,187 - Epoch:180, train_loss:5.2216, val_auc:0.5926, val_ap: 0.6573
2023-04-22 14:42:53,317 - Epoch:181, train_loss:5.9329, val_auc:0.5926, val_ap: 0.6573
2023-04-22 14:42:53,450 - Epoch:182, train_loss:6.2292, val_auc:0.5926, val_ap: 0.6573
2023-04-22 14:42:53,582 - Epoch:183, train_loss:5.5785, val_auc:0.5926, val_ap: 0.6573
2023-04-22 14:42:53,706 - Epoch:184, train_loss:5.3798, val_auc:0.5926, val_ap: 0.6573
2023-04-22 14:42:53,836 - Epoch:185, train_loss:6.0245, val_auc:0.5926, val_ap: 0.6573
2023-04-22 14:42:53,964 - Epoch:186, train_loss:5.1605, val_auc:0.6049, val_ap: 0.6672
2023-04-22 14:42:54,090 - Epoch:187, train_loss:5.5515, val_auc:0.6173, val_ap: 0.6746
2023-04-22 14:42:54,214 - Epoch:188, train_loss:5.4692, val_auc:0.6173, val_ap: 0.6746
2023-04-22 14:42:54,340 - Epoch:189, train_loss:4.9885, val_auc:0.6296, val_ap: 0.6838
2023-04-22 14:42:54,463 - Epoch:190, train_loss:5.3279, val_auc:0.6543, val_ap: 0.7241
2023-04-22 14:42:54,597 - Epoch:191, train_loss:3.9456, val_auc:0.6667, val_ap: 0.7390
2023-04-22 14:42:54,725 - Epoch:192, train_loss:4.5645, val_auc:0.6914, val_ap: 0.7559, text_auc:0.8025, text_ap: 0.7918
2023-04-22 14:42:54,850 - Epoch:193, train_loss:4.1367, val_auc:0.6914, val_ap: 0.7559
2023-04-22 14:42:54,979 - Epoch:194, train_loss:4.0420, val_auc:0.7284, val_ap: 0.7671, text_auc:0.8272, text_ap: 0.8120
2023-04-22 14:42:55,100 - Epoch:195, train_loss:4.4388, val_auc:0.7284, val_ap: 0.7671
2023-04-22 14:42:55,231 - Epoch:196, train_loss:4.5406, val_auc:0.7531, val_ap: 0.7761, text_auc:0.8457, text_ap: 0.8307
2023-04-22 14:42:55,363 - Epoch:197, train_loss:4.0640, val_auc:0.7778, val_ap: 0.7866, text_auc:0.8580, text_ap: 0.8443
2023-04-22 14:42:55,492 - Epoch:198, train_loss:3.9121, val_auc:0.7778, val_ap: 0.7866
2023-04-22 14:42:55,621 - Epoch:199, train_loss:3.7255, val_auc:0.7901, val_ap: 0.8144, text_auc:0.8611, text_ap: 0.8472
2023-04-22 14:42:55,622 - final results:
2023-04-22 14:42:55,623 - ====================================================================================
2023-04-22 14:42:55,623 - AUC:0.7603+-0.0713 [0.712962962962963, 0.7067901234567902, 0.8611111111111112]
2023-04-22 14:42:55,623 - AP:0.7907+-0.0411 [0.7505944994375122, 0.7743403675720257, 0.8471869180202514]
2023-04-22 14:42:55,985 - Epoch:000, train_loss:19.3114, val_auc:0.6790, val_ap: 0.7646, text_auc:0.8333, text_ap: 0.8766
2023-04-22 14:42:56,309 - Epoch:001, train_loss:17.6974, val_auc:0.6667, val_ap: 0.7453
2023-04-22 14:42:56,638 - Epoch:002, train_loss:12.6628, val_auc:0.6790, val_ap: 0.7510
2023-04-22 14:42:56,961 - Epoch:003, train_loss:18.5374, val_auc:0.6790, val_ap: 0.7510
2023-04-22 14:42:57,281 - Epoch:004, train_loss:16.6300, val_auc:0.6790, val_ap: 0.7510
2023-04-22 14:42:57,604 - Epoch:005, train_loss:15.3039, val_auc:0.6543, val_ap: 0.7084
2023-04-22 14:42:57,942 - Epoch:006, train_loss:16.5789, val_auc:0.6543, val_ap: 0.7084
2023-04-22 14:42:58,277 - Epoch:007, train_loss:16.0778, val_auc:0.6543, val_ap: 0.7084
2023-04-22 14:42:58,542 - Epoch:008, train_loss:14.6885, val_auc:0.6543, val_ap: 0.7084
2023-04-22 14:42:58,698 - Epoch:009, train_loss:16.1480, val_auc:0.6543, val_ap: 0.7084
2023-04-22 14:42:58,856 - Epoch:010, train_loss:14.8258, val_auc:0.6790, val_ap: 0.7235
2023-04-22 14:42:59,014 - Epoch:011, train_loss:17.5627, val_auc:0.6790, val_ap: 0.7235
2023-04-22 14:42:59,172 - Epoch:012, train_loss:14.9726, val_auc:0.6790, val_ap: 0.7235
2023-04-22 14:42:59,331 - Epoch:013, train_loss:16.0380, val_auc:0.6790, val_ap: 0.7235
2023-04-22 14:42:59,487 - Epoch:014, train_loss:13.5801, val_auc:0.6790, val_ap: 0.7235
2023-04-22 14:42:59,647 - Epoch:015, train_loss:13.0066, val_auc:0.7037, val_ap: 0.7482, text_auc:0.8056, text_ap: 0.8446
2023-04-22 14:42:59,789 - Epoch:016, train_loss:14.6851, val_auc:0.7160, val_ap: 0.7553, text_auc:0.8056, text_ap: 0.8448
2023-04-22 14:42:59,915 - Epoch:017, train_loss:13.8446, val_auc:0.7160, val_ap: 0.7553
2023-04-22 14:43:00,038 - Epoch:018, train_loss:15.2909, val_auc:0.7160, val_ap: 0.7553
2023-04-22 14:43:00,167 - Epoch:019, train_loss:14.8383, val_auc:0.7160, val_ap: 0.7553
2023-04-22 14:43:00,290 - Epoch:020, train_loss:12.9411, val_auc:0.7160, val_ap: 0.7553
2023-04-22 14:43:00,419 - Epoch:021, train_loss:14.9203, val_auc:0.7160, val_ap: 0.7553
2023-04-22 14:43:00,546 - Epoch:022, train_loss:14.7941, val_auc:0.7160, val_ap: 0.7553
2023-04-22 14:43:00,676 - Epoch:023, train_loss:14.5483, val_auc:0.7037, val_ap: 0.7496
2023-04-22 14:43:00,806 - Epoch:024, train_loss:15.3374, val_auc:0.7037, val_ap: 0.7579
2023-04-22 14:43:00,935 - Epoch:025, train_loss:12.8691, val_auc:0.7037, val_ap: 0.7579
2023-04-22 14:43:01,070 - Epoch:026, train_loss:14.0881, val_auc:0.6914, val_ap: 0.7537
2023-04-22 14:43:01,198 - Epoch:027, train_loss:14.6103, val_auc:0.7037, val_ap: 0.7630
2023-04-22 14:43:01,330 - Epoch:028, train_loss:13.7758, val_auc:0.7037, val_ap: 0.7630
2023-04-22 14:43:01,460 - Epoch:029, train_loss:13.6116, val_auc:0.7037, val_ap: 0.7630
2023-04-22 14:43:01,588 - Epoch:030, train_loss:15.2113, val_auc:0.7037, val_ap: 0.7630
2023-04-22 14:43:01,714 - Epoch:031, train_loss:14.5951, val_auc:0.7160, val_ap: 0.7716, text_auc:0.8148, text_ap: 0.8559
2023-04-22 14:43:01,842 - Epoch:032, train_loss:14.8027, val_auc:0.7160, val_ap: 0.7716
2023-04-22 14:43:01,970 - Epoch:033, train_loss:13.2221, val_auc:0.7160, val_ap: 0.7716
2023-04-22 14:43:02,097 - Epoch:034, train_loss:13.3578, val_auc:0.7160, val_ap: 0.7716
2023-04-22 14:43:02,225 - Epoch:035, train_loss:11.5275, val_auc:0.7160, val_ap: 0.7716
2023-04-22 14:43:02,355 - Epoch:036, train_loss:13.4183, val_auc:0.7160, val_ap: 0.7716
2023-04-22 14:43:02,486 - Epoch:037, train_loss:13.0068, val_auc:0.7160, val_ap: 0.7716
2023-04-22 14:43:02,626 - Epoch:038, train_loss:13.1099, val_auc:0.7160, val_ap: 0.7716
2023-04-22 14:43:02,754 - Epoch:039, train_loss:11.9189, val_auc:0.7037, val_ap: 0.7679
2023-04-22 14:43:02,897 - Epoch:040, train_loss:13.2065, val_auc:0.7037, val_ap: 0.7679
2023-04-22 14:43:03,040 - Epoch:041, train_loss:12.5875, val_auc:0.7037, val_ap: 0.7679
2023-04-22 14:43:03,170 - Epoch:042, train_loss:12.0354, val_auc:0.7037, val_ap: 0.7679
2023-04-22 14:43:03,302 - Epoch:043, train_loss:13.0200, val_auc:0.7037, val_ap: 0.7679
2023-04-22 14:43:03,432 - Epoch:044, train_loss:13.9205, val_auc:0.7037, val_ap: 0.7679
2023-04-22 14:43:03,565 - Epoch:045, train_loss:13.1764, val_auc:0.7160, val_ap: 0.7798, text_auc:0.8179, text_ap: 0.8610
2023-04-22 14:43:03,691 - Epoch:046, train_loss:12.4320, val_auc:0.7160, val_ap: 0.7798
2023-04-22 14:43:03,818 - Epoch:047, train_loss:14.4493, val_auc:0.7160, val_ap: 0.7798
2023-04-22 14:43:04,129 - Epoch:048, train_loss:12.0096, val_auc:0.7160, val_ap: 0.7798
2023-04-22 14:43:04,451 - Epoch:049, train_loss:12.4424, val_auc:0.7160, val_ap: 0.7798
2023-04-22 14:43:04,776 - Epoch:050, train_loss:12.9605, val_auc:0.7160, val_ap: 0.7798
2023-04-22 14:43:05,099 - Epoch:051, train_loss:11.6987, val_auc:0.7160, val_ap: 0.7798
2023-04-22 14:43:05,420 - Epoch:052, train_loss:12.1195, val_auc:0.7160, val_ap: 0.7798
2023-04-22 14:43:05,743 - Epoch:053, train_loss:10.3588, val_auc:0.7160, val_ap: 0.7798
2023-04-22 14:43:06,066 - Epoch:054, train_loss:11.0124, val_auc:0.7160, val_ap: 0.7798
2023-04-22 14:43:06,389 - Epoch:055, train_loss:11.7873, val_auc:0.7160, val_ap: 0.7798
2023-04-22 14:43:06,710 - Epoch:056, train_loss:10.2731, val_auc:0.7160, val_ap: 0.7798
2023-04-22 14:43:07,033 - Epoch:057, train_loss:12.9440, val_auc:0.7160, val_ap: 0.7798
2023-04-22 14:43:07,354 - Epoch:058, train_loss:13.1090, val_auc:0.7160, val_ap: 0.7798
2023-04-22 14:43:07,680 - Epoch:059, train_loss:11.9449, val_auc:0.7160, val_ap: 0.7798
2023-04-22 14:43:08,004 - Epoch:060, train_loss:9.4871, val_auc:0.7160, val_ap: 0.7798
2023-04-22 14:43:08,328 - Epoch:061, train_loss:12.3019, val_auc:0.7160, val_ap: 0.7798
2023-04-22 14:43:08,652 - Epoch:062, train_loss:11.5080, val_auc:0.7160, val_ap: 0.7798
2023-04-22 14:43:08,975 - Epoch:063, train_loss:9.6044, val_auc:0.7160, val_ap: 0.7798
2023-04-22 14:43:09,297 - Epoch:064, train_loss:10.3619, val_auc:0.7160, val_ap: 0.7798
2023-04-22 14:43:09,620 - Epoch:065, train_loss:9.8655, val_auc:0.7160, val_ap: 0.7798
2023-04-22 14:43:09,941 - Epoch:066, train_loss:11.8279, val_auc:0.7160, val_ap: 0.7798
2023-04-22 14:43:10,263 - Epoch:067, train_loss:10.1027, val_auc:0.7160, val_ap: 0.7798
2023-04-22 14:43:10,586 - Epoch:068, train_loss:11.1309, val_auc:0.7160, val_ap: 0.7798
2023-04-22 14:43:10,907 - Epoch:069, train_loss:10.6719, val_auc:0.7160, val_ap: 0.7798
2023-04-22 14:43:11,230 - Epoch:070, train_loss:9.4475, val_auc:0.7160, val_ap: 0.7798
2023-04-22 14:43:11,552 - Epoch:071, train_loss:12.4850, val_auc:0.7160, val_ap: 0.7798
2023-04-22 14:43:11,874 - Epoch:072, train_loss:9.4310, val_auc:0.7160, val_ap: 0.7798
2023-04-22 14:43:12,202 - Epoch:073, train_loss:11.2648, val_auc:0.7160, val_ap: 0.7873, text_auc:0.8025, text_ap: 0.8529
2023-04-22 14:43:12,526 - Epoch:074, train_loss:8.8916, val_auc:0.7160, val_ap: 0.7873
2023-04-22 14:43:12,850 - Epoch:075, train_loss:9.4186, val_auc:0.7160, val_ap: 0.7873
2023-04-22 14:43:13,173 - Epoch:076, train_loss:11.1195, val_auc:0.7160, val_ap: 0.7873
2023-04-22 14:43:13,495 - Epoch:077, train_loss:10.6585, val_auc:0.7160, val_ap: 0.7873
2023-04-22 14:43:13,821 - Epoch:078, train_loss:10.1991, val_auc:0.7160, val_ap: 0.7873
2023-04-22 14:43:14,179 - Epoch:079, train_loss:9.6491, val_auc:0.7284, val_ap: 0.7906, text_auc:0.7901, text_ap: 0.8407
2023-04-22 14:43:14,505 - Epoch:080, train_loss:10.9160, val_auc:0.7284, val_ap: 0.7906, text_auc:0.7901, text_ap: 0.8407
2023-04-22 14:43:14,832 - Epoch:081, train_loss:10.6735, val_auc:0.7284, val_ap: 0.7906
2023-04-22 14:43:15,167 - Epoch:082, train_loss:9.6941, val_auc:0.7284, val_ap: 0.7906
2023-04-22 14:43:15,489 - Epoch:083, train_loss:9.0003, val_auc:0.7284, val_ap: 0.7906
2023-04-22 14:43:15,814 - Epoch:084, train_loss:10.2084, val_auc:0.7284, val_ap: 0.7906
2023-04-22 14:43:16,144 - Epoch:085, train_loss:8.9438, val_auc:0.7284, val_ap: 0.7906
2023-04-22 14:43:16,463 - Epoch:086, train_loss:8.1424, val_auc:0.7284, val_ap: 0.7906
2023-04-22 14:43:16,787 - Epoch:087, train_loss:11.1101, val_auc:0.7284, val_ap: 0.7906
2023-04-22 14:43:17,106 - Epoch:088, train_loss:9.6359, val_auc:0.7284, val_ap: 0.7906
2023-04-22 14:43:17,431 - Epoch:089, train_loss:10.2688, val_auc:0.7284, val_ap: 0.7906
2023-04-22 14:43:17,761 - Epoch:090, train_loss:8.9678, val_auc:0.7284, val_ap: 0.7906
2023-04-22 14:43:18,084 - Epoch:091, train_loss:8.8298, val_auc:0.7284, val_ap: 0.7906
2023-04-22 14:43:18,405 - Epoch:092, train_loss:8.4698, val_auc:0.7284, val_ap: 0.7906
2023-04-22 14:43:18,727 - Epoch:093, train_loss:8.3487, val_auc:0.7284, val_ap: 0.7906
2023-04-22 14:43:19,054 - Epoch:094, train_loss:9.1470, val_auc:0.7284, val_ap: 0.7906
2023-04-22 14:43:19,382 - Epoch:095, train_loss:9.2033, val_auc:0.7284, val_ap: 0.7906
2023-04-22 14:43:19,706 - Epoch:096, train_loss:11.0015, val_auc:0.7284, val_ap: 0.7906
2023-04-22 14:43:20,030 - Epoch:097, train_loss:8.4229, val_auc:0.7284, val_ap: 0.7906
2023-04-22 14:43:20,353 - Epoch:098, train_loss:8.5485, val_auc:0.7284, val_ap: 0.7906
2023-04-22 14:43:20,675 - Epoch:099, train_loss:8.0980, val_auc:0.7284, val_ap: 0.7906
2023-04-22 14:43:20,997 - Epoch:100, train_loss:7.3693, val_auc:0.7284, val_ap: 0.7906
2023-04-22 14:43:21,319 - Epoch:101, train_loss:8.2631, val_auc:0.7284, val_ap: 0.7906
2023-04-22 14:43:21,653 - Epoch:102, train_loss:8.3509, val_auc:0.7407, val_ap: 0.7939, text_auc:0.7963, text_ap: 0.8489
2023-04-22 14:43:21,999 - Epoch:103, train_loss:10.1914, val_auc:0.7407, val_ap: 0.7939
2023-04-22 14:43:22,327 - Epoch:104, train_loss:9.4005, val_auc:0.7407, val_ap: 0.7939
2023-04-22 14:43:22,671 - Epoch:105, train_loss:8.5706, val_auc:0.7407, val_ap: 0.7939
2023-04-22 14:43:23,003 - Epoch:106, train_loss:8.3905, val_auc:0.7407, val_ap: 0.7939
2023-04-22 14:43:23,339 - Epoch:107, train_loss:8.5480, val_auc:0.7407, val_ap: 0.7939
2023-04-22 14:43:23,675 - Epoch:108, train_loss:7.8430, val_auc:0.7407, val_ap: 0.7939
2023-04-22 14:43:24,011 - Epoch:109, train_loss:9.2524, val_auc:0.7407, val_ap: 0.7939
2023-04-22 14:43:24,352 - Epoch:110, train_loss:9.7435, val_auc:0.7407, val_ap: 0.7939
2023-04-22 14:43:24,705 - Epoch:111, train_loss:8.4879, val_auc:0.7407, val_ap: 0.7939
2023-04-22 14:43:25,044 - Epoch:112, train_loss:7.4479, val_auc:0.7407, val_ap: 0.7939
2023-04-22 14:43:25,381 - Epoch:113, train_loss:8.2490, val_auc:0.7407, val_ap: 0.7939
2023-04-22 14:43:25,719 - Epoch:114, train_loss:8.0275, val_auc:0.7407, val_ap: 0.7939
2023-04-22 14:43:26,055 - Epoch:115, train_loss:7.3024, val_auc:0.7407, val_ap: 0.7939
2023-04-22 14:43:26,387 - Epoch:116, train_loss:7.0787, val_auc:0.7407, val_ap: 0.7939
2023-04-22 14:43:26,725 - Epoch:117, train_loss:7.1876, val_auc:0.7407, val_ap: 0.7939
2023-04-22 14:43:27,058 - Epoch:118, train_loss:9.6825, val_auc:0.7407, val_ap: 0.7939
2023-04-22 14:43:27,392 - Epoch:119, train_loss:9.1826, val_auc:0.7407, val_ap: 0.7939
2023-04-22 14:43:27,725 - Epoch:120, train_loss:8.2492, val_auc:0.7407, val_ap: 0.7939
2023-04-22 14:43:28,054 - Epoch:121, train_loss:6.5158, val_auc:0.7407, val_ap: 0.7939
2023-04-22 14:43:28,378 - Epoch:122, train_loss:6.7674, val_auc:0.7407, val_ap: 0.7939
2023-04-22 14:43:28,700 - Epoch:123, train_loss:7.7870, val_auc:0.7407, val_ap: 0.7939
2023-04-22 14:43:29,022 - Epoch:124, train_loss:7.3367, val_auc:0.7407, val_ap: 0.7939
2023-04-22 14:43:29,356 - Epoch:125, train_loss:8.0698, val_auc:0.7407, val_ap: 0.7939
2023-04-22 14:43:29,687 - Epoch:126, train_loss:7.0470, val_auc:0.7407, val_ap: 0.7939
2023-04-22 14:43:30,008 - Epoch:127, train_loss:7.2656, val_auc:0.7407, val_ap: 0.7939
2023-04-22 14:43:30,337 - Epoch:128, train_loss:8.0100, val_auc:0.7407, val_ap: 0.7939
2023-04-22 14:43:30,663 - Epoch:129, train_loss:7.8935, val_auc:0.7407, val_ap: 0.7939
2023-04-22 14:43:30,985 - Epoch:130, train_loss:7.4053, val_auc:0.7407, val_ap: 0.7939
2023-04-22 14:43:31,307 - Epoch:131, train_loss:6.5657, val_auc:0.7407, val_ap: 0.7939
2023-04-22 14:43:31,637 - Epoch:132, train_loss:7.3834, val_auc:0.7407, val_ap: 0.7939
2023-04-22 14:43:31,977 - Epoch:133, train_loss:6.5043, val_auc:0.7407, val_ap: 0.7939
2023-04-22 14:43:32,314 - Epoch:134, train_loss:6.5981, val_auc:0.7407, val_ap: 0.7939
2023-04-22 14:43:32,649 - Epoch:135, train_loss:6.4361, val_auc:0.7407, val_ap: 0.7939
2023-04-22 14:43:32,982 - Epoch:136, train_loss:7.3006, val_auc:0.7407, val_ap: 0.7939
2023-04-22 14:43:33,315 - Epoch:137, train_loss:7.2604, val_auc:0.7407, val_ap: 0.7939
2023-04-22 14:43:33,645 - Epoch:138, train_loss:6.2895, val_auc:0.7407, val_ap: 0.7939
2023-04-22 14:43:33,977 - Epoch:139, train_loss:7.3781, val_auc:0.7407, val_ap: 0.7939
2023-04-22 14:43:34,304 - Epoch:140, train_loss:5.7681, val_auc:0.7407, val_ap: 0.7939
2023-04-22 14:43:34,631 - Epoch:141, train_loss:7.0311, val_auc:0.7407, val_ap: 0.7939
2023-04-22 14:43:34,955 - Epoch:142, train_loss:6.8488, val_auc:0.7407, val_ap: 0.7939
2023-04-22 14:43:35,282 - Epoch:143, train_loss:6.2827, val_auc:0.7407, val_ap: 0.7939
2023-04-22 14:43:35,615 - Epoch:144, train_loss:8.6031, val_auc:0.7407, val_ap: 0.7939
2023-04-22 14:43:35,950 - Epoch:145, train_loss:6.7615, val_auc:0.7407, val_ap: 0.7939
2023-04-22 14:43:36,283 - Epoch:146, train_loss:6.8712, val_auc:0.7407, val_ap: 0.7939
2023-04-22 14:43:36,620 - Epoch:147, train_loss:6.2518, val_auc:0.7531, val_ap: 0.7976, text_auc:0.8086, text_ap: 0.8573
2023-04-22 14:43:36,943 - Epoch:148, train_loss:6.5304, val_auc:0.7531, val_ap: 0.7976
2023-04-22 14:43:37,272 - Epoch:149, train_loss:7.3554, val_auc:0.7531, val_ap: 0.7976
2023-04-22 14:43:37,607 - Epoch:150, train_loss:7.0072, val_auc:0.7531, val_ap: 0.7976
2023-04-22 14:43:37,937 - Epoch:151, train_loss:6.9502, val_auc:0.7531, val_ap: 0.7976
2023-04-22 14:43:38,262 - Epoch:152, train_loss:6.4019, val_auc:0.7531, val_ap: 0.7976
2023-04-22 14:43:38,588 - Epoch:153, train_loss:6.6161, val_auc:0.7531, val_ap: 0.7976
2023-04-22 14:43:38,920 - Epoch:154, train_loss:6.8917, val_auc:0.7531, val_ap: 0.7976
2023-04-22 14:43:39,251 - Epoch:155, train_loss:6.8257, val_auc:0.7531, val_ap: 0.7976
2023-04-22 14:43:39,571 - Epoch:156, train_loss:5.9503, val_auc:0.7531, val_ap: 0.7976
2023-04-22 14:43:39,905 - Epoch:157, train_loss:6.2785, val_auc:0.7531, val_ap: 0.7976
2023-04-22 14:43:40,223 - Epoch:158, train_loss:6.8395, val_auc:0.7531, val_ap: 0.7976
2023-04-22 14:43:40,542 - Epoch:159, train_loss:6.4275, val_auc:0.7531, val_ap: 0.7976
2023-04-22 14:43:40,859 - Epoch:160, train_loss:6.7334, val_auc:0.7531, val_ap: 0.7976
2023-04-22 14:43:41,180 - Epoch:161, train_loss:6.8932, val_auc:0.7531, val_ap: 0.7976
2023-04-22 14:43:41,504 - Epoch:162, train_loss:5.9393, val_auc:0.7531, val_ap: 0.7976
2023-04-22 14:43:41,811 - Epoch:163, train_loss:6.7781, val_auc:0.7531, val_ap: 0.7976
2023-04-22 14:43:42,135 - Epoch:164, train_loss:5.9390, val_auc:0.7531, val_ap: 0.7976
2023-04-22 14:43:42,457 - Epoch:165, train_loss:6.4194, val_auc:0.7531, val_ap: 0.7976
2023-04-22 14:43:42,780 - Epoch:166, train_loss:6.3829, val_auc:0.7531, val_ap: 0.7976
2023-04-22 14:43:43,110 - Epoch:167, train_loss:6.6330, val_auc:0.7654, val_ap: 0.8013, text_auc:0.8025, text_ap: 0.8541
2023-04-22 14:43:43,432 - Epoch:168, train_loss:7.0636, val_auc:0.7654, val_ap: 0.8013
2023-04-22 14:43:43,756 - Epoch:169, train_loss:6.8759, val_auc:0.7654, val_ap: 0.8013
2023-04-22 14:43:44,081 - Epoch:170, train_loss:5.9495, val_auc:0.7654, val_ap: 0.8013
2023-04-22 14:43:44,407 - Epoch:171, train_loss:6.5336, val_auc:0.7654, val_ap: 0.8013
2023-04-22 14:43:44,732 - Epoch:172, train_loss:5.9975, val_auc:0.7654, val_ap: 0.8013
2023-04-22 14:43:45,056 - Epoch:173, train_loss:6.1897, val_auc:0.7654, val_ap: 0.8013
2023-04-22 14:43:45,384 - Epoch:174, train_loss:5.2760, val_auc:0.7654, val_ap: 0.8013
2023-04-22 14:43:45,709 - Epoch:175, train_loss:6.5106, val_auc:0.7654, val_ap: 0.8013
2023-04-22 14:43:46,031 - Epoch:176, train_loss:5.7818, val_auc:0.7654, val_ap: 0.8013
2023-04-22 14:43:46,352 - Epoch:177, train_loss:5.5577, val_auc:0.7654, val_ap: 0.8013
2023-04-22 14:43:46,676 - Epoch:178, train_loss:5.8121, val_auc:0.7654, val_ap: 0.8013
2023-04-22 14:43:47,004 - Epoch:179, train_loss:5.8977, val_auc:0.7654, val_ap: 0.8013
2023-04-22 14:43:47,334 - Epoch:180, train_loss:5.2731, val_auc:0.7654, val_ap: 0.8013
2023-04-22 14:43:47,660 - Epoch:181, train_loss:6.6537, val_auc:0.7654, val_ap: 0.8013
2023-04-22 14:43:47,981 - Epoch:182, train_loss:5.5802, val_auc:0.7654, val_ap: 0.8013
2023-04-22 14:43:48,303 - Epoch:183, train_loss:5.1182, val_auc:0.7654, val_ap: 0.8013
2023-04-22 14:43:48,625 - Epoch:184, train_loss:6.1865, val_auc:0.7654, val_ap: 0.8013
2023-04-22 14:43:48,947 - Epoch:185, train_loss:5.0399, val_auc:0.7654, val_ap: 0.8013
2023-04-22 14:43:49,275 - Epoch:186, train_loss:5.5688, val_auc:0.8025, val_ap: 0.8161, text_auc:0.8302, text_ap: 0.8869
2023-04-22 14:43:49,596 - Epoch:187, train_loss:5.2404, val_auc:0.7901, val_ap: 0.8104
2023-04-22 14:43:49,914 - Epoch:188, train_loss:4.9218, val_auc:0.7901, val_ap: 0.8104
2023-04-22 14:43:50,233 - Epoch:189, train_loss:4.7766, val_auc:0.7901, val_ap: 0.8104
2023-04-22 14:43:50,555 - Epoch:190, train_loss:4.7995, val_auc:0.7778, val_ap: 0.8067
2023-04-22 14:43:50,877 - Epoch:191, train_loss:5.3885, val_auc:0.7778, val_ap: 0.8067
2023-04-22 14:43:51,198 - Epoch:192, train_loss:5.1670, val_auc:0.7778, val_ap: 0.8067
2023-04-22 14:43:51,519 - Epoch:193, train_loss:4.8087, val_auc:0.7778, val_ap: 0.8016
2023-04-22 14:43:51,843 - Epoch:194, train_loss:4.6275, val_auc:0.8025, val_ap: 0.8361, text_auc:0.8827, text_ap: 0.9134
2023-04-22 14:43:52,167 - Epoch:195, train_loss:4.1879, val_auc:0.8148, val_ap: 0.8398, text_auc:0.8920, text_ap: 0.9211
2023-04-22 14:43:52,493 - Epoch:196, train_loss:3.9284, val_auc:0.8272, val_ap: 0.8506, text_auc:0.8920, text_ap: 0.9211
2023-04-22 14:43:52,813 - Epoch:197, train_loss:4.8286, val_auc:0.8148, val_ap: 0.8438
2023-04-22 14:43:53,135 - Epoch:198, train_loss:4.7385, val_auc:0.8272, val_ap: 0.8506
2023-04-22 14:43:53,457 - Epoch:199, train_loss:4.6679, val_auc:0.8148, val_ap: 0.8438
2023-04-22 14:43:53,459 - final results:
2023-04-22 14:43:53,460 - ====================================================================================
2023-04-22 14:43:53,460 - AUC:0.7932+-0.0841 [0.712962962962963, 0.7067901234567902, 0.8611111111111112, 0.8919753086419753]
2023-04-22 14:43:53,461 - AP:0.8233+-0.0667 [0.7505944994375122, 0.7743403675720257, 0.8471869180202514, 0.9211169577548889]
2023-04-22 14:43:53,830 - Epoch:000, train_loss:18.8933, val_auc:0.7778, val_ap: 0.8283, text_auc:0.8920, text_ap: 0.9157
2023-04-22 14:43:54,149 - Epoch:001, train_loss:15.2814, val_auc:0.7407, val_ap: 0.8067
2023-04-22 14:43:54,470 - Epoch:002, train_loss:15.8591, val_auc:0.7531, val_ap: 0.8199
2023-04-22 14:43:54,789 - Epoch:003, train_loss:15.3461, val_auc:0.7407, val_ap: 0.8162
2023-04-22 14:43:55,109 - Epoch:004, train_loss:16.1859, val_auc:0.7407, val_ap: 0.8172
2023-04-22 14:43:55,430 - Epoch:005, train_loss:15.5947, val_auc:0.7531, val_ap: 0.8221
2023-04-22 14:43:55,750 - Epoch:006, train_loss:16.4375, val_auc:0.7531, val_ap: 0.8221
2023-04-22 14:43:56,071 - Epoch:007, train_loss:14.6817, val_auc:0.7531, val_ap: 0.8056
2023-04-22 14:43:56,393 - Epoch:008, train_loss:16.9461, val_auc:0.7531, val_ap: 0.8056
2023-04-22 14:43:56,715 - Epoch:009, train_loss:14.2070, val_auc:0.7654, val_ap: 0.8175
2023-04-22 14:43:57,037 - Epoch:010, train_loss:14.9396, val_auc:0.7654, val_ap: 0.8175
2023-04-22 14:43:57,359 - Epoch:011, train_loss:12.7482, val_auc:0.7654, val_ap: 0.8175
2023-04-22 14:43:57,689 - Epoch:012, train_loss:16.7649, val_auc:0.7531, val_ap: 0.8056
2023-04-22 14:43:58,014 - Epoch:013, train_loss:13.2224, val_auc:0.7531, val_ap: 0.8056
2023-04-22 14:43:58,337 - Epoch:014, train_loss:14.0117, val_auc:0.7531, val_ap: 0.8056
2023-04-22 14:43:58,659 - Epoch:015, train_loss:13.8615, val_auc:0.7531, val_ap: 0.8056
2023-04-22 14:43:58,980 - Epoch:016, train_loss:13.9484, val_auc:0.7531, val_ap: 0.8056
2023-04-22 14:43:59,302 - Epoch:017, train_loss:14.5778, val_auc:0.7531, val_ap: 0.8056
2023-04-22 14:43:59,630 - Epoch:018, train_loss:15.2975, val_auc:0.7654, val_ap: 0.8088
2023-04-22 14:43:59,952 - Epoch:019, train_loss:14.7169, val_auc:0.7531, val_ap: 0.7996
2023-04-22 14:44:00,276 - Epoch:020, train_loss:14.4324, val_auc:0.7531, val_ap: 0.7996
2023-04-22 14:44:00,595 - Epoch:021, train_loss:14.4260, val_auc:0.7531, val_ap: 0.7996
2023-04-22 14:44:00,920 - Epoch:022, train_loss:14.2794, val_auc:0.7531, val_ap: 0.7996
2023-04-22 14:44:01,246 - Epoch:023, train_loss:15.4018, val_auc:0.7469, val_ap: 0.7939
2023-04-22 14:44:01,571 - Epoch:024, train_loss:14.4044, val_auc:0.7407, val_ap: 0.7939
2023-04-22 14:44:01,892 - Epoch:025, train_loss:14.8655, val_auc:0.7407, val_ap: 0.7939
2023-04-22 14:44:02,215 - Epoch:026, train_loss:12.6241, val_auc:0.7407, val_ap: 0.7939
2023-04-22 14:44:02,538 - Epoch:027, train_loss:13.0040, val_auc:0.7407, val_ap: 0.7939
2023-04-22 14:44:02,859 - Epoch:028, train_loss:15.4020, val_auc:0.7407, val_ap: 0.7939
2023-04-22 14:44:03,185 - Epoch:029, train_loss:15.0985, val_auc:0.7407, val_ap: 0.7939
2023-04-22 14:44:03,510 - Epoch:030, train_loss:14.0525, val_auc:0.7407, val_ap: 0.7939
2023-04-22 14:44:03,832 - Epoch:031, train_loss:14.8589, val_auc:0.7407, val_ap: 0.7939
2023-04-22 14:44:04,154 - Epoch:032, train_loss:12.6146, val_auc:0.7407, val_ap: 0.7939
2023-04-22 14:44:04,476 - Epoch:033, train_loss:13.7558, val_auc:0.7407, val_ap: 0.7939
2023-04-22 14:44:04,798 - Epoch:034, train_loss:12.8692, val_auc:0.7284, val_ap: 0.7906
2023-04-22 14:44:05,124 - Epoch:035, train_loss:12.8763, val_auc:0.7284, val_ap: 0.7906
2023-04-22 14:44:05,446 - Epoch:036, train_loss:13.6833, val_auc:0.7284, val_ap: 0.7906
2023-04-22 14:44:05,772 - Epoch:037, train_loss:12.5038, val_auc:0.7284, val_ap: 0.7906
2023-04-22 14:44:06,094 - Epoch:038, train_loss:14.5975, val_auc:0.7160, val_ap: 0.7835
2023-04-22 14:44:06,414 - Epoch:039, train_loss:11.9253, val_auc:0.7160, val_ap: 0.7835
2023-04-22 14:44:06,739 - Epoch:040, train_loss:11.4570, val_auc:0.7160, val_ap: 0.7835
2023-04-22 14:44:07,060 - Epoch:041, train_loss:13.8248, val_auc:0.7037, val_ap: 0.7776
2023-04-22 14:44:07,382 - Epoch:042, train_loss:14.4435, val_auc:0.7037, val_ap: 0.7776
2023-04-22 14:44:07,704 - Epoch:043, train_loss:15.2556, val_auc:0.7037, val_ap: 0.7776
2023-04-22 14:44:08,032 - Epoch:044, train_loss:14.8071, val_auc:0.7037, val_ap: 0.7776
2023-04-22 14:44:08,355 - Epoch:045, train_loss:13.8055, val_auc:0.7160, val_ap: 0.7835
2023-04-22 14:44:08,682 - Epoch:046, train_loss:12.4729, val_auc:0.7160, val_ap: 0.7835
2023-04-22 14:44:09,002 - Epoch:047, train_loss:13.8816, val_auc:0.7160, val_ap: 0.7835
2023-04-22 14:44:09,322 - Epoch:048, train_loss:10.7563, val_auc:0.7160, val_ap: 0.7835
2023-04-22 14:44:09,647 - Epoch:049, train_loss:11.9604, val_auc:0.7037, val_ap: 0.7703
2023-04-22 14:44:09,968 - Epoch:050, train_loss:11.4099, val_auc:0.7037, val_ap: 0.7703
2023-04-22 14:44:10,295 - Epoch:051, train_loss:11.7733, val_auc:0.7037, val_ap: 0.7703
2023-04-22 14:44:10,617 - Epoch:052, train_loss:13.2579, val_auc:0.7037, val_ap: 0.7703
2023-04-22 14:44:10,940 - Epoch:053, train_loss:12.7115, val_auc:0.7037, val_ap: 0.7703
2023-04-22 14:44:11,261 - Epoch:054, train_loss:14.2671, val_auc:0.7037, val_ap: 0.7703
2023-04-22 14:44:11,589 - Epoch:055, train_loss:10.5235, val_auc:0.7037, val_ap: 0.7703
2023-04-22 14:44:11,911 - Epoch:056, train_loss:10.1984, val_auc:0.7037, val_ap: 0.7703
2023-04-22 14:44:12,235 - Epoch:057, train_loss:12.3772, val_auc:0.7037, val_ap: 0.7703
2023-04-22 14:44:12,555 - Epoch:058, train_loss:10.2250, val_auc:0.7037, val_ap: 0.7703
2023-04-22 14:44:12,877 - Epoch:059, train_loss:12.5254, val_auc:0.7037, val_ap: 0.7703
2023-04-22 14:44:13,201 - Epoch:060, train_loss:12.4807, val_auc:0.6914, val_ap: 0.7644
2023-04-22 14:44:13,521 - Epoch:061, train_loss:9.0719, val_auc:0.6914, val_ap: 0.7644
2023-04-22 14:44:13,842 - Epoch:062, train_loss:10.8314, val_auc:0.6790, val_ap: 0.7595
2023-04-22 14:44:14,165 - Epoch:063, train_loss:10.3744, val_auc:0.6790, val_ap: 0.7595
2023-04-22 14:44:14,486 - Epoch:064, train_loss:9.6944, val_auc:0.6790, val_ap: 0.7595
2023-04-22 14:44:14,808 - Epoch:065, train_loss:9.5789, val_auc:0.6790, val_ap: 0.7595
2023-04-22 14:44:15,133 - Epoch:066, train_loss:11.5176, val_auc:0.6914, val_ap: 0.7688
2023-04-22 14:44:15,453 - Epoch:067, train_loss:11.1782, val_auc:0.6914, val_ap: 0.7688
2023-04-22 14:44:15,779 - Epoch:068, train_loss:12.4757, val_auc:0.6914, val_ap: 0.7688
2023-04-22 14:44:16,099 - Epoch:069, train_loss:10.4097, val_auc:0.6914, val_ap: 0.7688
2023-04-22 14:44:16,421 - Epoch:070, train_loss:10.4862, val_auc:0.6790, val_ap: 0.7646
2023-04-22 14:44:16,746 - Epoch:071, train_loss:10.4749, val_auc:0.6790, val_ap: 0.7646
2023-04-22 14:44:17,068 - Epoch:072, train_loss:9.3720, val_auc:0.6790, val_ap: 0.7646
2023-04-22 14:44:17,390 - Epoch:073, train_loss:10.4470, val_auc:0.6914, val_ap: 0.7678
2023-04-22 14:44:17,715 - Epoch:074, train_loss:11.0847, val_auc:0.6914, val_ap: 0.7678
2023-04-22 14:44:18,045 - Epoch:075, train_loss:11.4266, val_auc:0.6914, val_ap: 0.7678
2023-04-22 14:44:18,367 - Epoch:076, train_loss:10.2042, val_auc:0.6914, val_ap: 0.7678
2023-04-22 14:44:18,697 - Epoch:077, train_loss:9.1079, val_auc:0.6914, val_ap: 0.7678
2023-04-22 14:44:19,019 - Epoch:078, train_loss:9.8578, val_auc:0.6914, val_ap: 0.7678
2023-04-22 14:44:19,339 - Epoch:079, train_loss:11.5057, val_auc:0.6914, val_ap: 0.7678
2023-04-22 14:44:19,661 - Epoch:080, train_loss:10.5082, val_auc:0.6914, val_ap: 0.7678
2023-04-22 14:44:19,983 - Epoch:081, train_loss:9.1396, val_auc:0.6790, val_ap: 0.7586
2023-04-22 14:44:20,303 - Epoch:082, train_loss:9.5266, val_auc:0.6667, val_ap: 0.7553
2023-04-22 14:44:20,625 - Epoch:083, train_loss:10.0050, val_auc:0.6667, val_ap: 0.7553
2023-04-22 14:44:20,947 - Epoch:084, train_loss:9.5278, val_auc:0.6667, val_ap: 0.7553
2023-04-22 14:44:21,271 - Epoch:085, train_loss:10.0169, val_auc:0.6667, val_ap: 0.7596
2023-04-22 14:44:21,598 - Epoch:086, train_loss:9.8606, val_auc:0.6667, val_ap: 0.7596
2023-04-22 14:44:21,920 - Epoch:087, train_loss:9.7839, val_auc:0.6543, val_ap: 0.7503
2023-04-22 14:44:22,246 - Epoch:088, train_loss:9.9466, val_auc:0.6543, val_ap: 0.7503
2023-04-22 14:44:22,570 - Epoch:089, train_loss:9.2864, val_auc:0.6543, val_ap: 0.7503
2023-04-22 14:44:22,892 - Epoch:090, train_loss:10.0938, val_auc:0.6543, val_ap: 0.7503
2023-04-22 14:44:23,214 - Epoch:091, train_loss:9.4092, val_auc:0.6543, val_ap: 0.7503
2023-04-22 14:44:23,542 - Epoch:092, train_loss:9.5428, val_auc:0.6543, val_ap: 0.7503
2023-04-22 14:44:23,870 - Epoch:093, train_loss:9.9970, val_auc:0.6543, val_ap: 0.7503
2023-04-22 14:44:24,196 - Epoch:094, train_loss:9.0776, val_auc:0.6420, val_ap: 0.7466
2023-04-22 14:44:24,518 - Epoch:095, train_loss:8.7599, val_auc:0.6420, val_ap: 0.7466
2023-04-22 14:44:24,839 - Epoch:096, train_loss:7.7974, val_auc:0.6420, val_ap: 0.7466
2023-04-22 14:44:25,161 - Epoch:097, train_loss:7.5069, val_auc:0.6420, val_ap: 0.7466
2023-04-22 14:44:25,487 - Epoch:098, train_loss:8.5873, val_auc:0.6420, val_ap: 0.7466
2023-04-22 14:44:25,809 - Epoch:099, train_loss:8.2367, val_auc:0.6420, val_ap: 0.7466
2023-04-22 14:44:26,133 - Epoch:100, train_loss:7.9937, val_auc:0.6420, val_ap: 0.7466
2023-04-22 14:44:26,453 - Epoch:101, train_loss:7.9767, val_auc:0.6420, val_ap: 0.7466
2023-04-22 14:44:26,776 - Epoch:102, train_loss:8.6972, val_auc:0.6420, val_ap: 0.7466
2023-04-22 14:44:27,100 - Epoch:103, train_loss:7.5890, val_auc:0.6420, val_ap: 0.7466
2023-04-22 14:44:27,422 - Epoch:104, train_loss:8.0447, val_auc:0.6420, val_ap: 0.7466
2023-04-22 14:44:27,747 - Epoch:105, train_loss:7.3681, val_auc:0.6420, val_ap: 0.7466
2023-04-22 14:44:28,069 - Epoch:106, train_loss:6.9125, val_auc:0.6420, val_ap: 0.7466
2023-04-22 14:44:28,391 - Epoch:107, train_loss:8.2100, val_auc:0.6420, val_ap: 0.7466
2023-04-22 14:44:28,717 - Epoch:108, train_loss:9.2648, val_auc:0.6420, val_ap: 0.7466
2023-04-22 14:44:29,048 - Epoch:109, train_loss:9.8418, val_auc:0.6420, val_ap: 0.7466
2023-04-22 14:44:29,369 - Epoch:110, train_loss:8.1880, val_auc:0.6420, val_ap: 0.7466
2023-04-22 14:44:29,698 - Epoch:111, train_loss:8.2133, val_auc:0.6420, val_ap: 0.7466
2023-04-22 14:44:30,020 - Epoch:112, train_loss:8.0363, val_auc:0.6420, val_ap: 0.7466
2023-04-22 14:44:30,341 - Epoch:113, train_loss:7.6156, val_auc:0.6420, val_ap: 0.7466
2023-04-22 14:44:30,660 - Epoch:114, train_loss:8.2971, val_auc:0.6420, val_ap: 0.7466
2023-04-22 14:44:30,985 - Epoch:115, train_loss:8.7840, val_auc:0.6420, val_ap: 0.7466
2023-04-22 14:44:31,309 - Epoch:116, train_loss:7.5866, val_auc:0.6420, val_ap: 0.7466
2023-04-22 14:44:31,640 - Epoch:117, train_loss:7.4573, val_auc:0.6420, val_ap: 0.7466
2023-04-22 14:44:31,961 - Epoch:118, train_loss:7.9297, val_auc:0.6420, val_ap: 0.7466
2023-04-22 14:44:32,288 - Epoch:119, train_loss:8.0535, val_auc:0.6296, val_ap: 0.7433
2023-04-22 14:44:32,614 - Epoch:120, train_loss:7.5008, val_auc:0.6296, val_ap: 0.7433
2023-04-22 14:44:32,937 - Epoch:121, train_loss:6.9542, val_auc:0.6296, val_ap: 0.7433
2023-04-22 14:44:33,261 - Epoch:122, train_loss:7.3527, val_auc:0.6296, val_ap: 0.7433
2023-04-22 14:44:33,585 - Epoch:123, train_loss:7.6465, val_auc:0.6296, val_ap: 0.7433
2023-04-22 14:44:33,911 - Epoch:124, train_loss:7.9543, val_auc:0.6296, val_ap: 0.7433
2023-04-22 14:44:34,234 - Epoch:125, train_loss:7.7834, val_auc:0.6296, val_ap: 0.7433
2023-04-22 14:44:34,557 - Epoch:126, train_loss:8.0294, val_auc:0.6296, val_ap: 0.7433
2023-04-22 14:44:34,879 - Epoch:127, train_loss:7.4305, val_auc:0.6296, val_ap: 0.7433
2023-04-22 14:44:35,206 - Epoch:128, train_loss:7.7600, val_auc:0.6296, val_ap: 0.7433
2023-04-22 14:44:35,535 - Epoch:129, train_loss:7.1386, val_auc:0.6296, val_ap: 0.7433
2023-04-22 14:44:35,858 - Epoch:130, train_loss:7.6566, val_auc:0.6296, val_ap: 0.7433
2023-04-22 14:44:36,180 - Epoch:131, train_loss:7.3092, val_auc:0.6173, val_ap: 0.7359
2023-04-22 14:44:36,502 - Epoch:132, train_loss:7.6286, val_auc:0.6173, val_ap: 0.7359
2023-04-22 14:44:36,824 - Epoch:133, train_loss:7.2041, val_auc:0.6173, val_ap: 0.7359
2023-04-22 14:44:37,155 - Epoch:134, train_loss:8.2266, val_auc:0.6173, val_ap: 0.7359
2023-04-22 14:44:37,477 - Epoch:135, train_loss:6.1510, val_auc:0.6173, val_ap: 0.7359
2023-04-22 14:44:37,803 - Epoch:136, train_loss:8.1542, val_auc:0.6173, val_ap: 0.7359
2023-04-22 14:44:38,128 - Epoch:137, train_loss:6.5624, val_auc:0.6173, val_ap: 0.7359
2023-04-22 14:44:38,451 - Epoch:138, train_loss:7.6347, val_auc:0.6173, val_ap: 0.7359
2023-04-22 14:44:38,775 - Epoch:139, train_loss:7.7930, val_auc:0.6173, val_ap: 0.7359
2023-04-22 14:44:39,106 - Epoch:140, train_loss:6.3733, val_auc:0.6173, val_ap: 0.7359
2023-04-22 14:44:39,429 - Epoch:141, train_loss:6.9867, val_auc:0.6173, val_ap: 0.7359
2023-04-22 14:44:39,758 - Epoch:142, train_loss:6.3958, val_auc:0.6173, val_ap: 0.7359
2023-04-22 14:44:40,085 - Epoch:143, train_loss:6.6654, val_auc:0.6173, val_ap: 0.7359
2023-04-22 14:44:40,405 - Epoch:144, train_loss:6.8351, val_auc:0.6173, val_ap: 0.7359
2023-04-22 14:44:40,727 - Epoch:145, train_loss:5.8552, val_auc:0.6173, val_ap: 0.7359
2023-04-22 14:44:41,053 - Epoch:146, train_loss:7.2910, val_auc:0.6173, val_ap: 0.7359
2023-04-22 14:44:41,380 - Epoch:147, train_loss:7.1500, val_auc:0.6173, val_ap: 0.7359
2023-04-22 14:44:41,708 - Epoch:148, train_loss:7.5417, val_auc:0.6173, val_ap: 0.7359
2023-04-22 14:44:42,037 - Epoch:149, train_loss:6.9187, val_auc:0.6173, val_ap: 0.7359
2023-04-22 14:44:42,357 - Epoch:150, train_loss:6.8860, val_auc:0.6173, val_ap: 0.7359
2023-04-22 14:44:42,691 - Epoch:151, train_loss:6.5695, val_auc:0.6173, val_ap: 0.7359
2023-04-22 14:44:43,015 - Epoch:152, train_loss:7.6784, val_auc:0.6173, val_ap: 0.7331
2023-04-22 14:44:43,340 - Epoch:153, train_loss:5.6051, val_auc:0.6173, val_ap: 0.7331
2023-04-22 14:44:43,665 - Epoch:154, train_loss:6.6894, val_auc:0.6173, val_ap: 0.7331
2023-04-22 14:44:43,987 - Epoch:155, train_loss:6.3834, val_auc:0.6049, val_ap: 0.7054
2023-04-22 14:44:44,310 - Epoch:156, train_loss:6.1921, val_auc:0.6049, val_ap: 0.7054
2023-04-22 14:44:44,632 - Epoch:157, train_loss:5.4768, val_auc:0.6049, val_ap: 0.7054
2023-04-22 14:44:44,954 - Epoch:158, train_loss:7.5271, val_auc:0.6049, val_ap: 0.7054
2023-04-22 14:44:45,275 - Epoch:159, train_loss:7.1543, val_auc:0.6049, val_ap: 0.7054
2023-04-22 14:44:45,603 - Epoch:160, train_loss:6.2994, val_auc:0.6049, val_ap: 0.7054
2023-04-22 14:44:45,931 - Epoch:161, train_loss:6.8190, val_auc:0.6049, val_ap: 0.7054
2023-04-22 14:44:46,257 - Epoch:162, train_loss:5.3166, val_auc:0.6049, val_ap: 0.7054
2023-04-22 14:44:46,582 - Epoch:163, train_loss:5.8003, val_auc:0.6049, val_ap: 0.7054
2023-04-22 14:44:46,904 - Epoch:164, train_loss:5.3370, val_auc:0.6049, val_ap: 0.7054
2023-04-22 14:44:47,230 - Epoch:165, train_loss:5.8615, val_auc:0.6049, val_ap: 0.7054
2023-04-22 14:44:47,558 - Epoch:166, train_loss:6.0542, val_auc:0.5926, val_ap: 0.7003
2023-04-22 14:44:47,880 - Epoch:167, train_loss:5.9736, val_auc:0.5926, val_ap: 0.7003
2023-04-22 14:44:48,209 - Epoch:168, train_loss:6.9511, val_auc:0.5926, val_ap: 0.7003
2023-04-22 14:44:48,538 - Epoch:169, train_loss:6.1674, val_auc:0.6049, val_ap: 0.7036
2023-04-22 14:44:48,864 - Epoch:170, train_loss:5.8343, val_auc:0.6049, val_ap: 0.7036
2023-04-22 14:44:49,188 - Epoch:171, train_loss:5.5809, val_auc:0.6049, val_ap: 0.7036
2023-04-22 14:44:49,511 - Epoch:172, train_loss:5.4857, val_auc:0.6049, val_ap: 0.7036
2023-04-22 14:44:49,835 - Epoch:173, train_loss:5.3749, val_auc:0.5926, val_ap: 0.6882
2023-04-22 14:44:50,159 - Epoch:174, train_loss:5.1369, val_auc:0.6049, val_ap: 0.6919
2023-04-22 14:44:50,481 - Epoch:175, train_loss:5.5126, val_auc:0.6173, val_ap: 0.7196
2023-04-22 14:44:50,809 - Epoch:176, train_loss:4.9466, val_auc:0.6173, val_ap: 0.7196
2023-04-22 14:44:51,133 - Epoch:177, train_loss:5.0637, val_auc:0.6173, val_ap: 0.7196
2023-04-22 14:44:51,457 - Epoch:178, train_loss:5.0064, val_auc:0.6173, val_ap: 0.7196
2023-04-22 14:44:51,778 - Epoch:179, train_loss:5.0392, val_auc:0.6049, val_ap: 0.7160
2023-04-22 14:44:52,105 - Epoch:180, train_loss:4.7195, val_auc:0.6049, val_ap: 0.7160
2023-04-22 14:44:52,430 - Epoch:181, train_loss:4.8265, val_auc:0.6173, val_ap: 0.7210
2023-04-22 14:44:52,758 - Epoch:182, train_loss:4.4779, val_auc:0.6296, val_ap: 0.7253
2023-04-22 14:44:53,084 - Epoch:183, train_loss:4.7143, val_auc:0.6543, val_ap: 0.7332
2023-04-22 14:44:53,406 - Epoch:184, train_loss:4.4922, val_auc:0.6667, val_ap: 0.7393
2023-04-22 14:44:53,731 - Epoch:185, train_loss:4.1280, val_auc:0.6667, val_ap: 0.7406
2023-04-22 14:44:54,058 - Epoch:186, train_loss:4.4363, val_auc:0.6914, val_ap: 0.7539
2023-04-22 14:44:54,382 - Epoch:187, train_loss:3.7705, val_auc:0.7037, val_ap: 0.7588
2023-04-22 14:44:54,709 - Epoch:188, train_loss:3.8285, val_auc:0.7284, val_ap: 0.7715
2023-04-22 14:44:55,034 - Epoch:189, train_loss:3.7924, val_auc:0.7284, val_ap: 0.7715
2023-04-22 14:44:55,359 - Epoch:190, train_loss:3.8600, val_auc:0.7284, val_ap: 0.7715
2023-04-22 14:44:55,681 - Epoch:191, train_loss:3.8826, val_auc:0.7407, val_ap: 0.7843
2023-04-22 14:44:56,006 - Epoch:192, train_loss:3.3479, val_auc:0.7531, val_ap: 0.8065
2023-04-22 14:44:56,328 - Epoch:193, train_loss:3.5086, val_auc:0.7531, val_ap: 0.8065
2023-04-22 14:44:56,654 - Epoch:194, train_loss:3.4807, val_auc:0.7531, val_ap: 0.8065
2023-04-22 14:44:56,976 - Epoch:195, train_loss:3.5038, val_auc:0.7160, val_ap: 0.7596
2023-04-22 14:44:57,305 - Epoch:196, train_loss:4.0186, val_auc:0.7284, val_ap: 0.7744
2023-04-22 14:44:57,627 - Epoch:197, train_loss:3.4331, val_auc:0.7284, val_ap: 0.7744
2023-04-22 14:44:57,950 - Epoch:198, train_loss:3.3865, val_auc:0.7284, val_ap: 0.7744
2023-04-22 14:44:58,269 - Epoch:199, train_loss:3.5010, val_auc:0.7284, val_ap: 0.7744
2023-04-22 14:44:58,271 - final results:
2023-04-22 14:44:58,272 - ====================================================================================
2023-04-22 14:44:58,272 - AUC:0.8130+-0.0849 [0.712962962962963, 0.7067901234567902, 0.8611111111111112, 0.8919753086419753, 0.8919753086419753]
2023-04-22 14:44:58,273 - AP:0.8418+-0.0702 [0.7505944994375122, 0.7743403675720257, 0.8471869180202514, 0.9211169577548889, 0.9156876620111914]
