2023-04-22 15:06:38,689 - args: Namespace(dataset='Photo', datapath='../dataset', log_dir='logs/', name='debug', epoch=200, model_lr=0.01, mi_lr=0.003, alpha=0.01, k=5, x_dim=64, mi_iter=5, routit=3, val_frac=0.05, test_frac=0.15, dropout=0, model='VGAE', mi_est='CLUBSample', gpu=-1, trails=5, seed=-1, verbose=1, argv=['/home/dell/zxj/VGDAE_TNNLS_1/VGDAE/Updata/other_dataset/DGAE/main_vgae_co.py'], device=device(type='cuda', index=1))
2023-04-22 15:06:56,211 - args: Namespace(dataset='Photo', datapath='../dataset', log_dir='logs/', name='debug', epoch=200, model_lr=0.01, mi_lr=0.003, alpha=0.01, k=5, x_dim=64, mi_iter=5, routit=3, val_frac=0.05, test_frac=0.15, dropout=0, model='VGAE', mi_est='CLUBSample', gpu=-1, trails=5, seed=-1, verbose=1, argv=['/home/dell/zxj/VGDAE_TNNLS_1/VGDAE/Updata/other_dataset/DGAE/main_vgae_co.py'], device=device(type='cuda', index=0))
2023-04-22 15:07:00,929 - Epoch:000, train_loss:16.9041, val_auc:0.9338, val_ap: 0.9268, text_auc:0.9403, text_ap: 0.9364
2023-04-22 15:07:01,688 - Epoch:001, train_loss:16.2873, val_auc:0.9414, val_ap: 0.9320, text_auc:0.9463, text_ap: 0.9396
2023-04-22 15:07:02,295 - Epoch:002, train_loss:15.9905, val_auc:0.9434, val_ap: 0.9331, text_auc:0.9477, text_ap: 0.9399
2023-04-22 15:07:03,083 - Epoch:003, train_loss:15.5679, val_auc:0.9440, val_ap: 0.9329, text_auc:0.9480, text_ap: 0.9394
2023-04-22 15:07:03,711 - Epoch:004, train_loss:15.1345, val_auc:0.9442, val_ap: 0.9330, text_auc:0.9480, text_ap: 0.9389
2023-04-22 15:07:04,457 - Epoch:005, train_loss:14.7233, val_auc:0.9441, val_ap: 0.9325
2023-04-22 15:07:05,097 - Epoch:006, train_loss:14.3310, val_auc:0.9440, val_ap: 0.9323
2023-04-22 15:07:05,816 - Epoch:007, train_loss:13.9078, val_auc:0.9438, val_ap: 0.9321
2023-04-22 15:07:06,460 - Epoch:008, train_loss:13.5100, val_auc:0.9437, val_ap: 0.9320
2023-04-22 15:07:07,125 - Epoch:009, train_loss:13.2083, val_auc:0.9436, val_ap: 0.9317
2023-04-22 15:07:07,856 - Epoch:010, train_loss:12.7429, val_auc:0.9435, val_ap: 0.9317
2023-04-22 15:07:08,484 - Epoch:011, train_loss:12.2892, val_auc:0.9435, val_ap: 0.9315
2023-04-22 15:07:09,260 - Epoch:012, train_loss:11.8915, val_auc:0.9434, val_ap: 0.9313
2023-04-22 15:07:09,854 - Epoch:013, train_loss:11.6910, val_auc:0.9433, val_ap: 0.9313
2023-04-22 15:07:10,625 - Epoch:014, train_loss:11.2808, val_auc:0.9432, val_ap: 0.9312
2023-04-22 15:07:11,216 - Epoch:015, train_loss:10.8947, val_auc:0.9431, val_ap: 0.9311
2023-04-22 15:07:12,018 - Epoch:016, train_loss:10.6104, val_auc:0.9431, val_ap: 0.9311
2023-04-22 15:07:12,611 - Epoch:017, train_loss:10.2448, val_auc:0.9430, val_ap: 0.9309
2023-04-22 15:07:13,351 - Epoch:018, train_loss:10.0409, val_auc:0.9429, val_ap: 0.9307
2023-04-22 15:07:13,929 - Epoch:019, train_loss:9.7169, val_auc:0.9428, val_ap: 0.9306
2023-04-22 15:07:14,682 - Epoch:020, train_loss:9.2934, val_auc:0.9428, val_ap: 0.9306
2023-04-22 15:07:15,312 - Epoch:021, train_loss:9.1543, val_auc:0.9427, val_ap: 0.9305
2023-04-22 15:07:16,091 - Epoch:022, train_loss:8.8008, val_auc:0.9426, val_ap: 0.9304
2023-04-22 15:07:16,707 - Epoch:023, train_loss:8.5843, val_auc:0.9426, val_ap: 0.9304
2023-04-22 15:07:17,383 - Epoch:024, train_loss:8.3044, val_auc:0.9425, val_ap: 0.9302
2023-04-22 15:07:18,039 - Epoch:025, train_loss:8.1246, val_auc:0.9424, val_ap: 0.9302
2023-04-22 15:07:18,799 - Epoch:026, train_loss:7.8850, val_auc:0.9423, val_ap: 0.9299
2023-04-22 15:07:19,485 - Epoch:027, train_loss:7.7577, val_auc:0.9422, val_ap: 0.9299
2023-04-22 15:07:20,144 - Epoch:028, train_loss:7.4571, val_auc:0.9422, val_ap: 0.9299
2023-04-22 15:07:20,839 - Epoch:029, train_loss:7.3231, val_auc:0.9421, val_ap: 0.9299
2023-04-22 15:07:21,459 - Epoch:030, train_loss:7.1984, val_auc:0.9420, val_ap: 0.9298
2023-04-22 15:07:22,190 - Epoch:031, train_loss:7.0165, val_auc:0.9419, val_ap: 0.9297
2023-04-22 15:07:22,792 - Epoch:032, train_loss:6.8893, val_auc:0.9418, val_ap: 0.9296
2023-04-22 15:07:23,513 - Epoch:033, train_loss:6.7288, val_auc:0.9418, val_ap: 0.9295
2023-04-22 15:07:24,142 - Epoch:034, train_loss:6.5731, val_auc:0.9416, val_ap: 0.9293
2023-04-22 15:07:24,875 - Epoch:035, train_loss:6.5085, val_auc:0.9415, val_ap: 0.9291
2023-04-22 15:07:25,385 - Epoch:036, train_loss:6.4042, val_auc:0.9414, val_ap: 0.9291
2023-04-22 15:07:26,113 - Epoch:037, train_loss:6.2749, val_auc:0.9413, val_ap: 0.9290
2023-04-22 15:07:26,642 - Epoch:038, train_loss:6.1981, val_auc:0.9412, val_ap: 0.9288
2023-04-22 15:07:27,392 - Epoch:039, train_loss:6.0944, val_auc:0.9411, val_ap: 0.9287
2023-04-22 15:07:27,958 - Epoch:040, train_loss:6.0073, val_auc:0.9409, val_ap: 0.9284
2023-04-22 15:07:28,728 - Epoch:041, train_loss:5.9704, val_auc:0.9407, val_ap: 0.9282
2023-04-22 15:07:29,362 - Epoch:042, train_loss:5.9017, val_auc:0.9407, val_ap: 0.9282
2023-04-22 15:07:30,043 - Epoch:043, train_loss:5.8520, val_auc:0.9405, val_ap: 0.9280
2023-04-22 15:07:30,689 - Epoch:044, train_loss:5.7599, val_auc:0.9403, val_ap: 0.9278
2023-04-22 15:07:31,406 - Epoch:045, train_loss:5.7789, val_auc:0.9402, val_ap: 0.9277
2023-04-22 15:07:32,055 - Epoch:046, train_loss:5.6954, val_auc:0.9401, val_ap: 0.9276
2023-04-22 15:07:32,742 - Epoch:047, train_loss:5.6380, val_auc:0.9399, val_ap: 0.9274
2023-04-22 15:07:33,363 - Epoch:048, train_loss:5.6002, val_auc:0.9397, val_ap: 0.9271
2023-04-22 15:07:34,030 - Epoch:049, train_loss:5.5746, val_auc:0.9396, val_ap: 0.9269
2023-04-22 15:07:34,692 - Epoch:050, train_loss:5.5249, val_auc:0.9394, val_ap: 0.9269
2023-04-22 15:07:35,356 - Epoch:051, train_loss:5.4974, val_auc:0.9392, val_ap: 0.9266
2023-04-22 15:07:36,013 - Epoch:052, train_loss:5.5051, val_auc:0.9391, val_ap: 0.9264
2023-04-22 15:07:36,652 - Epoch:053, train_loss:5.4838, val_auc:0.9389, val_ap: 0.9262
2023-04-22 15:07:37,324 - Epoch:054, train_loss:5.4421, val_auc:0.9387, val_ap: 0.9260
2023-04-22 15:07:37,932 - Epoch:055, train_loss:5.4228, val_auc:0.9386, val_ap: 0.9259
2023-04-22 15:07:38,631 - Epoch:056, train_loss:5.4128, val_auc:0.9384, val_ap: 0.9257
2023-04-22 15:07:39,217 - Epoch:057, train_loss:5.3573, val_auc:0.9383, val_ap: 0.9255
2023-04-22 15:07:39,930 - Epoch:058, train_loss:5.3479, val_auc:0.9381, val_ap: 0.9252
2023-04-22 15:07:40,509 - Epoch:059, train_loss:5.3319, val_auc:0.9379, val_ap: 0.9252
2023-04-22 15:07:41,263 - Epoch:060, train_loss:5.3102, val_auc:0.9377, val_ap: 0.9249
2023-04-22 15:07:41,753 - Epoch:061, train_loss:5.2747, val_auc:0.9376, val_ap: 0.9247
2023-04-22 15:07:42,461 - Epoch:062, train_loss:5.2748, val_auc:0.9374, val_ap: 0.9245
2023-04-22 15:07:43,007 - Epoch:063, train_loss:5.3012, val_auc:0.9372, val_ap: 0.9242
2023-04-22 15:07:43,755 - Epoch:064, train_loss:5.2976, val_auc:0.9370, val_ap: 0.9240
2023-04-22 15:07:44,367 - Epoch:065, train_loss:5.2350, val_auc:0.9369, val_ap: 0.9239
2023-04-22 15:07:45,110 - Epoch:066, train_loss:5.2439, val_auc:0.9367, val_ap: 0.9237
2023-04-22 15:07:45,723 - Epoch:067, train_loss:5.2558, val_auc:0.9365, val_ap: 0.9235
2023-04-22 15:07:46,392 - Epoch:068, train_loss:5.1946, val_auc:0.9363, val_ap: 0.9233
2023-04-22 15:07:47,099 - Epoch:069, train_loss:5.1888, val_auc:0.9361, val_ap: 0.9231
2023-04-22 15:07:47,686 - Epoch:070, train_loss:5.2156, val_auc:0.9359, val_ap: 0.9229
2023-04-22 15:07:48,434 - Epoch:071, train_loss:5.1897, val_auc:0.9358, val_ap: 0.9227
2023-04-22 15:07:49,010 - Epoch:072, train_loss:5.1754, val_auc:0.9356, val_ap: 0.9224
2023-04-22 15:07:49,746 - Epoch:073, train_loss:5.1663, val_auc:0.9354, val_ap: 0.9223
2023-04-22 15:07:50,307 - Epoch:074, train_loss:5.1622, val_auc:0.9352, val_ap: 0.9221
2023-04-22 15:07:51,064 - Epoch:075, train_loss:5.1190, val_auc:0.9351, val_ap: 0.9219
2023-04-22 15:07:51,644 - Epoch:076, train_loss:5.0969, val_auc:0.9349, val_ap: 0.9217
2023-04-22 15:07:52,365 - Epoch:077, train_loss:5.1425, val_auc:0.9348, val_ap: 0.9216
2023-04-22 15:07:53,026 - Epoch:078, train_loss:5.0559, val_auc:0.9347, val_ap: 0.9215
2023-04-22 15:07:53,704 - Epoch:079, train_loss:5.0724, val_auc:0.9346, val_ap: 0.9214
2023-04-22 15:07:54,315 - Epoch:080, train_loss:5.0342, val_auc:0.9347, val_ap: 0.9215
2023-04-22 15:07:54,985 - Epoch:081, train_loss:4.9924, val_auc:0.9349, val_ap: 0.9218
2023-04-22 15:07:55,628 - Epoch:082, train_loss:4.9507, val_auc:0.9357, val_ap: 0.9228
2023-04-22 15:07:56,270 - Epoch:083, train_loss:4.8391, val_auc:0.9369, val_ap: 0.9248
2023-04-22 15:07:56,988 - Epoch:084, train_loss:4.5988, val_auc:0.9367, val_ap: 0.9264
2023-04-22 15:07:57,565 - Epoch:085, train_loss:4.3383, val_auc:0.9378, val_ap: 0.9275
2023-04-22 15:07:58,265 - Epoch:086, train_loss:4.1662, val_auc:0.9375, val_ap: 0.9275
2023-04-22 15:07:58,793 - Epoch:087, train_loss:3.7831, val_auc:0.9394, val_ap: 0.9293
2023-04-22 15:07:59,502 - Epoch:088, train_loss:3.5639, val_auc:0.9400, val_ap: 0.9295
2023-04-22 15:08:00,031 - Epoch:089, train_loss:3.3246, val_auc:0.9408, val_ap: 0.9305
2023-04-22 15:08:00,718 - Epoch:090, train_loss:3.2186, val_auc:0.9414, val_ap: 0.9312
2023-04-22 15:08:01,267 - Epoch:091, train_loss:2.9755, val_auc:0.9420, val_ap: 0.9317
2023-04-22 15:08:01,970 - Epoch:092, train_loss:2.8057, val_auc:0.9418, val_ap: 0.9312
2023-04-22 15:08:02,517 - Epoch:093, train_loss:2.5891, val_auc:0.9415, val_ap: 0.9312
2023-04-22 15:08:03,234 - Epoch:094, train_loss:2.5459, val_auc:0.9407, val_ap: 0.9308
2023-04-22 15:08:03,792 - Epoch:095, train_loss:2.4918, val_auc:0.9401, val_ap: 0.9302
2023-04-22 15:08:04,503 - Epoch:096, train_loss:2.3974, val_auc:0.9394, val_ap: 0.9298
2023-04-22 15:08:05,112 - Epoch:097, train_loss:2.3403, val_auc:0.9390, val_ap: 0.9295
2023-04-22 15:08:05,778 - Epoch:098, train_loss:2.2967, val_auc:0.9386, val_ap: 0.9292
2023-04-22 15:08:06,401 - Epoch:099, train_loss:2.2614, val_auc:0.9386, val_ap: 0.9292
2023-04-22 15:08:07,026 - Epoch:100, train_loss:2.2079, val_auc:0.9391, val_ap: 0.9296
2023-04-22 15:08:07,683 - Epoch:101, train_loss:2.1480, val_auc:0.9398, val_ap: 0.9302
2023-04-22 15:08:08,298 - Epoch:102, train_loss:2.1171, val_auc:0.9401, val_ap: 0.9307
2023-04-22 15:08:08,994 - Epoch:103, train_loss:2.0770, val_auc:0.9401, val_ap: 0.9309
2023-04-22 15:08:09,573 - Epoch:104, train_loss:2.0539, val_auc:0.9397, val_ap: 0.9309
2023-04-22 15:08:10,277 - Epoch:105, train_loss:2.0407, val_auc:0.9394, val_ap: 0.9308
2023-04-22 15:08:10,816 - Epoch:106, train_loss:2.0189, val_auc:0.9389, val_ap: 0.9304
2023-04-22 15:08:11,544 - Epoch:107, train_loss:1.9915, val_auc:0.9384, val_ap: 0.9301
2023-04-22 15:08:12,129 - Epoch:108, train_loss:1.9810, val_auc:0.9379, val_ap: 0.9298
2023-04-22 15:08:12,840 - Epoch:109, train_loss:1.9519, val_auc:0.9376, val_ap: 0.9297
2023-04-22 15:08:13,410 - Epoch:110, train_loss:1.9310, val_auc:0.9376, val_ap: 0.9297
2023-04-22 15:08:14,116 - Epoch:111, train_loss:1.9182, val_auc:0.9382, val_ap: 0.9302
2023-04-22 15:08:14,718 - Epoch:112, train_loss:1.9101, val_auc:0.9390, val_ap: 0.9307
2023-04-22 15:08:15,368 - Epoch:113, train_loss:1.8785, val_auc:0.9395, val_ap: 0.9312
2023-04-22 15:08:15,908 - Epoch:114, train_loss:1.8874, val_auc:0.9395, val_ap: 0.9313
2023-04-22 15:08:16,632 - Epoch:115, train_loss:1.8577, val_auc:0.9392, val_ap: 0.9312
2023-04-22 15:08:17,183 - Epoch:116, train_loss:1.8713, val_auc:0.9390, val_ap: 0.9311
2023-04-22 15:08:17,897 - Epoch:117, train_loss:1.8546, val_auc:0.9389, val_ap: 0.9312
2023-04-22 15:08:18,501 - Epoch:118, train_loss:1.8476, val_auc:0.9389, val_ap: 0.9314
2023-04-22 15:08:19,201 - Epoch:119, train_loss:1.8285, val_auc:0.9387, val_ap: 0.9314
2023-04-22 15:08:19,795 - Epoch:120, train_loss:1.8282, val_auc:0.9386, val_ap: 0.9315
2023-04-22 15:08:20,459 - Epoch:121, train_loss:1.8042, val_auc:0.9387, val_ap: 0.9318
2023-04-22 15:08:21,078 - Epoch:122, train_loss:1.8092, val_auc:0.9389, val_ap: 0.9320
2023-04-22 15:08:21,720 - Epoch:123, train_loss:1.7907, val_auc:0.9392, val_ap: 0.9321
2023-04-22 15:08:22,441 - Epoch:124, train_loss:1.8052, val_auc:0.9394, val_ap: 0.9322
2023-04-22 15:08:23,043 - Epoch:125, train_loss:1.7839, val_auc:0.9394, val_ap: 0.9322
2023-04-22 15:08:23,734 - Epoch:126, train_loss:1.7672, val_auc:0.9394, val_ap: 0.9322
2023-04-22 15:08:24,301 - Epoch:127, train_loss:1.7707, val_auc:0.9394, val_ap: 0.9323
2023-04-22 15:08:25,060 - Epoch:128, train_loss:1.7613, val_auc:0.9394, val_ap: 0.9324
2023-04-22 15:08:25,687 - Epoch:129, train_loss:1.7528, val_auc:0.9396, val_ap: 0.9326
2023-04-22 15:08:26,405 - Epoch:130, train_loss:1.7510, val_auc:0.9398, val_ap: 0.9329
2023-04-22 15:08:26,995 - Epoch:131, train_loss:1.7487, val_auc:0.9398, val_ap: 0.9330
2023-04-22 15:08:27,648 - Epoch:132, train_loss:1.7267, val_auc:0.9399, val_ap: 0.9332
2023-04-22 15:08:28,264 - Epoch:133, train_loss:1.7283, val_auc:0.9399, val_ap: 0.9333
2023-04-22 15:08:28,917 - Epoch:134, train_loss:1.7273, val_auc:0.9399, val_ap: 0.9334
2023-04-22 15:08:29,571 - Epoch:135, train_loss:1.7189, val_auc:0.9399, val_ap: 0.9334
2023-04-22 15:08:30,282 - Epoch:136, train_loss:1.7165, val_auc:0.9400, val_ap: 0.9336
2023-04-22 15:08:30,971 - Epoch:137, train_loss:1.7060, val_auc:0.9402, val_ap: 0.9338
2023-04-22 15:08:31,568 - Epoch:138, train_loss:1.7003, val_auc:0.9405, val_ap: 0.9342
2023-04-22 15:08:32,305 - Epoch:139, train_loss:1.7081, val_auc:0.9406, val_ap: 0.9343
2023-04-22 15:08:32,882 - Epoch:140, train_loss:1.6858, val_auc:0.9406, val_ap: 0.9344
2023-04-22 15:08:33,613 - Epoch:141, train_loss:1.6947, val_auc:0.9405, val_ap: 0.9345
2023-04-22 15:08:34,236 - Epoch:142, train_loss:1.6774, val_auc:0.9406, val_ap: 0.9346
2023-04-22 15:08:34,919 - Epoch:143, train_loss:1.6785, val_auc:0.9407, val_ap: 0.9347
2023-04-22 15:08:35,519 - Epoch:144, train_loss:1.6701, val_auc:0.9409, val_ap: 0.9349
2023-04-22 15:08:36,169 - Epoch:145, train_loss:1.6778, val_auc:0.9408, val_ap: 0.9349
2023-04-22 15:08:36,815 - Epoch:146, train_loss:1.6690, val_auc:0.9408, val_ap: 0.9349
2023-04-22 15:08:37,439 - Epoch:147, train_loss:1.6710, val_auc:0.9409, val_ap: 0.9351
2023-04-22 15:08:38,138 - Epoch:148, train_loss:1.6400, val_auc:0.9412, val_ap: 0.9353
2023-04-22 15:08:38,697 - Epoch:149, train_loss:1.6676, val_auc:0.9415, val_ap: 0.9357
2023-04-22 15:08:39,472 - Epoch:150, train_loss:1.6540, val_auc:0.9417, val_ap: 0.9359, text_auc:0.9453, text_ap: 0.9383
2023-04-22 15:08:40,071 - Epoch:151, train_loss:1.6576, val_auc:0.9417, val_ap: 0.9359
2023-04-22 15:08:40,778 - Epoch:152, train_loss:1.6414, val_auc:0.9415, val_ap: 0.9359
2023-04-22 15:08:41,388 - Epoch:153, train_loss:1.6374, val_auc:0.9416, val_ap: 0.9360
2023-04-22 15:08:42,034 - Epoch:154, train_loss:1.6375, val_auc:0.9416, val_ap: 0.9360
2023-04-22 15:08:42,731 - Epoch:155, train_loss:1.6327, val_auc:0.9416, val_ap: 0.9361, text_auc:0.9451, text_ap: 0.9385
2023-04-22 15:08:43,361 - Epoch:156, train_loss:1.6408, val_auc:0.9419, val_ap: 0.9364, text_auc:0.9454, text_ap: 0.9387
2023-04-22 15:08:44,110 - Epoch:157, train_loss:1.6309, val_auc:0.9421, val_ap: 0.9366, text_auc:0.9456, text_ap: 0.9388
2023-04-22 15:08:44,659 - Epoch:158, train_loss:1.6305, val_auc:0.9421, val_ap: 0.9367, text_auc:0.9456, text_ap: 0.9389
2023-04-22 15:08:45,536 - Epoch:159, train_loss:1.6275, val_auc:0.9423, val_ap: 0.9369, text_auc:0.9457, text_ap: 0.9391
2023-04-22 15:08:46,204 - Epoch:160, train_loss:1.6100, val_auc:0.9424, val_ap: 0.9371, text_auc:0.9458, text_ap: 0.9392
2023-04-22 15:08:46,860 - Epoch:161, train_loss:1.6150, val_auc:0.9424, val_ap: 0.9371, text_auc:0.9458, text_ap: 0.9393
2023-04-22 15:08:47,586 - Epoch:162, train_loss:1.6121, val_auc:0.9424, val_ap: 0.9373, text_auc:0.9459, text_ap: 0.9394
2023-04-22 15:08:48,211 - Epoch:163, train_loss:1.6118, val_auc:0.9425, val_ap: 0.9374, text_auc:0.9459, text_ap: 0.9395
2023-04-22 15:08:49,010 - Epoch:164, train_loss:1.5979, val_auc:0.9426, val_ap: 0.9375, text_auc:0.9460, text_ap: 0.9396
2023-04-22 15:08:49,659 - Epoch:165, train_loss:1.5934, val_auc:0.9427, val_ap: 0.9376, text_auc:0.9461, text_ap: 0.9397
2023-04-22 15:08:50,297 - Epoch:166, train_loss:1.6032, val_auc:0.9429, val_ap: 0.9377, text_auc:0.9462, text_ap: 0.9398
2023-04-22 15:08:51,023 - Epoch:167, train_loss:1.5891, val_auc:0.9430, val_ap: 0.9379, text_auc:0.9464, text_ap: 0.9400
2023-04-22 15:08:51,607 - Epoch:168, train_loss:1.5908, val_auc:0.9431, val_ap: 0.9380, text_auc:0.9465, text_ap: 0.9401
2023-04-22 15:08:52,327 - Epoch:169, train_loss:1.5890, val_auc:0.9431, val_ap: 0.9380
2023-04-22 15:08:52,852 - Epoch:170, train_loss:1.5775, val_auc:0.9428, val_ap: 0.9379
2023-04-22 15:08:53,574 - Epoch:171, train_loss:1.5803, val_auc:0.9427, val_ap: 0.9379
2023-04-22 15:08:54,181 - Epoch:172, train_loss:1.5773, val_auc:0.9427, val_ap: 0.9380
2023-04-22 15:08:54,848 - Epoch:173, train_loss:1.5712, val_auc:0.9427, val_ap: 0.9381
2023-04-22 15:08:55,510 - Epoch:174, train_loss:1.5662, val_auc:0.9430, val_ap: 0.9384, text_auc:0.9463, text_ap: 0.9404
2023-04-22 15:08:56,149 - Epoch:175, train_loss:1.5669, val_auc:0.9435, val_ap: 0.9388, text_auc:0.9468, text_ap: 0.9407
2023-04-22 15:08:56,885 - Epoch:176, train_loss:1.5603, val_auc:0.9439, val_ap: 0.9391, text_auc:0.9471, text_ap: 0.9410
2023-04-22 15:08:57,459 - Epoch:177, train_loss:1.5576, val_auc:0.9441, val_ap: 0.9392, text_auc:0.9473, text_ap: 0.9411
2023-04-22 15:08:58,227 - Epoch:178, train_loss:1.5538, val_auc:0.9441, val_ap: 0.9392, text_auc:0.9473, text_ap: 0.9411
2023-04-22 15:08:58,771 - Epoch:179, train_loss:1.5381, val_auc:0.9439, val_ap: 0.9391
2023-04-22 15:08:59,486 - Epoch:180, train_loss:1.5487, val_auc:0.9437, val_ap: 0.9390
2023-04-22 15:09:00,083 - Epoch:181, train_loss:1.5380, val_auc:0.9437, val_ap: 0.9391
2023-04-22 15:09:00,745 - Epoch:182, train_loss:1.5391, val_auc:0.9440, val_ap: 0.9393
2023-04-22 15:09:01,372 - Epoch:183, train_loss:1.5399, val_auc:0.9441, val_ap: 0.9394, text_auc:0.9473, text_ap: 0.9414
2023-04-22 15:09:01,997 - Epoch:184, train_loss:1.5354, val_auc:0.9440, val_ap: 0.9394
2023-04-22 15:09:02,680 - Epoch:185, train_loss:1.5266, val_auc:0.9440, val_ap: 0.9395
2023-04-22 15:09:03,248 - Epoch:186, train_loss:1.5217, val_auc:0.9439, val_ap: 0.9395
2023-04-22 15:09:03,985 - Epoch:187, train_loss:1.5292, val_auc:0.9441, val_ap: 0.9396, text_auc:0.9472, text_ap: 0.9415
2023-04-22 15:09:04,597 - Epoch:188, train_loss:1.5152, val_auc:0.9443, val_ap: 0.9398, text_auc:0.9473, text_ap: 0.9416
2023-04-22 15:09:05,348 - Epoch:189, train_loss:1.5215, val_auc:0.9447, val_ap: 0.9401, text_auc:0.9477, text_ap: 0.9419
2023-04-22 15:09:05,936 - Epoch:190, train_loss:1.5188, val_auc:0.9446, val_ap: 0.9400
2023-04-22 15:09:06,593 - Epoch:191, train_loss:1.5110, val_auc:0.9444, val_ap: 0.9399
2023-04-22 15:09:07,199 - Epoch:192, train_loss:1.5019, val_auc:0.9443, val_ap: 0.9399
2023-04-22 15:09:07,827 - Epoch:193, train_loss:1.5092, val_auc:0.9445, val_ap: 0.9401
2023-04-22 15:09:08,534 - Epoch:194, train_loss:1.4884, val_auc:0.9448, val_ap: 0.9403, text_auc:0.9478, text_ap: 0.9421
2023-04-22 15:09:09,137 - Epoch:195, train_loss:1.4976, val_auc:0.9448, val_ap: 0.9405, text_auc:0.9478, text_ap: 0.9422
2023-04-22 15:09:09,883 - Epoch:196, train_loss:1.4861, val_auc:0.9450, val_ap: 0.9406, text_auc:0.9480, text_ap: 0.9423
2023-04-22 15:09:10,448 - Epoch:197, train_loss:1.4902, val_auc:0.9449, val_ap: 0.9405
2023-04-22 15:09:11,159 - Epoch:198, train_loss:1.4746, val_auc:0.9449, val_ap: 0.9405
2023-04-22 15:09:11,752 - Epoch:199, train_loss:1.4837, val_auc:0.9449, val_ap: 0.9405
2023-04-22 15:09:11,753 - final results:
2023-04-22 15:09:11,754 - ====================================================================================
2023-04-22 15:09:11,754 - AUC:0.9480+-0.0000 [0.9479730036551768]
2023-04-22 15:09:11,754 - AP:0.9423+-0.0000 [0.9423444863736954]
2023-04-22 15:09:12,608 - Epoch:000, train_loss:16.7917, val_auc:0.9327, val_ap: 0.9250, text_auc:0.9375, text_ap: 0.9312
2023-04-22 15:09:13,351 - Epoch:001, train_loss:16.4709, val_auc:0.9401, val_ap: 0.9305, text_auc:0.9431, text_ap: 0.9348
2023-04-22 15:09:14,016 - Epoch:002, train_loss:15.9445, val_auc:0.9424, val_ap: 0.9322, text_auc:0.9445, text_ap: 0.9353
2023-04-22 15:09:14,650 - Epoch:003, train_loss:15.4783, val_auc:0.9430, val_ap: 0.9328, text_auc:0.9448, text_ap: 0.9351
2023-04-22 15:09:15,388 - Epoch:004, train_loss:15.0291, val_auc:0.9433, val_ap: 0.9327, text_auc:0.9447, text_ap: 0.9347
2023-04-22 15:09:15,937 - Epoch:005, train_loss:14.8229, val_auc:0.9433, val_ap: 0.9326
2023-04-22 15:09:16,713 - Epoch:006, train_loss:14.2339, val_auc:0.9434, val_ap: 0.9327, text_auc:0.9445, text_ap: 0.9340
2023-04-22 15:09:17,320 - Epoch:007, train_loss:13.9213, val_auc:0.9433, val_ap: 0.9325
2023-04-22 15:09:17,985 - Epoch:008, train_loss:13.5328, val_auc:0.9431, val_ap: 0.9322
2023-04-22 15:09:18,616 - Epoch:009, train_loss:13.0962, val_auc:0.9430, val_ap: 0.9321
2023-04-22 15:09:19,237 - Epoch:010, train_loss:12.7569, val_auc:0.9430, val_ap: 0.9320
2023-04-22 15:09:19,942 - Epoch:011, train_loss:12.3057, val_auc:0.9428, val_ap: 0.9318
2023-04-22 15:09:20,484 - Epoch:012, train_loss:11.9485, val_auc:0.9427, val_ap: 0.9316
2023-04-22 15:09:21,193 - Epoch:013, train_loss:11.5993, val_auc:0.9427, val_ap: 0.9315
2023-04-22 15:09:21,719 - Epoch:014, train_loss:11.3039, val_auc:0.9426, val_ap: 0.9316
2023-04-22 15:09:22,416 - Epoch:015, train_loss:10.9188, val_auc:0.9426, val_ap: 0.9317
2023-04-22 15:09:22,977 - Epoch:016, train_loss:10.5588, val_auc:0.9425, val_ap: 0.9317
2023-04-22 15:09:23,716 - Epoch:017, train_loss:10.3357, val_auc:0.9426, val_ap: 0.9318
2023-04-22 15:09:24,324 - Epoch:018, train_loss:9.9608, val_auc:0.9424, val_ap: 0.9314
2023-04-22 15:09:24,989 - Epoch:019, train_loss:9.7013, val_auc:0.9424, val_ap: 0.9315
2023-04-22 15:09:25,607 - Epoch:020, train_loss:9.3058, val_auc:0.9423, val_ap: 0.9313
2023-04-22 15:09:26,238 - Epoch:021, train_loss:9.0807, val_auc:0.9422, val_ap: 0.9311
2023-04-22 15:09:26,920 - Epoch:022, train_loss:8.7815, val_auc:0.9421, val_ap: 0.9310
2023-04-22 15:09:27,502 - Epoch:023, train_loss:8.6410, val_auc:0.9420, val_ap: 0.9308
2023-04-22 15:09:28,193 - Epoch:024, train_loss:8.3451, val_auc:0.9420, val_ap: 0.9308
2023-04-22 15:09:28,752 - Epoch:025, train_loss:8.0556, val_auc:0.9419, val_ap: 0.9307
2023-04-22 15:09:29,467 - Epoch:026, train_loss:7.8819, val_auc:0.9418, val_ap: 0.9309
2023-04-22 15:09:30,040 - Epoch:027, train_loss:7.7319, val_auc:0.9417, val_ap: 0.9307
2023-04-22 15:09:30,744 - Epoch:028, train_loss:7.4570, val_auc:0.9417, val_ap: 0.9307
2023-04-22 15:09:31,328 - Epoch:029, train_loss:7.2417, val_auc:0.9416, val_ap: 0.9305
2023-04-22 15:09:31,994 - Epoch:030, train_loss:7.1607, val_auc:0.9415, val_ap: 0.9303
2023-04-22 15:09:32,622 - Epoch:031, train_loss:7.0042, val_auc:0.9414, val_ap: 0.9303
2023-04-22 15:09:33,240 - Epoch:032, train_loss:6.7964, val_auc:0.9413, val_ap: 0.9301
2023-04-22 15:09:33,907 - Epoch:033, train_loss:6.6927, val_auc:0.9412, val_ap: 0.9300
2023-04-22 15:09:34,492 - Epoch:034, train_loss:6.5847, val_auc:0.9411, val_ap: 0.9298
2023-04-22 15:09:35,172 - Epoch:035, train_loss:6.4547, val_auc:0.9411, val_ap: 0.9299
2023-04-22 15:09:35,728 - Epoch:036, train_loss:6.3260, val_auc:0.9410, val_ap: 0.9298
2023-04-22 15:09:36,463 - Epoch:037, train_loss:6.2452, val_auc:0.9409, val_ap: 0.9297
2023-04-22 15:09:37,024 - Epoch:038, train_loss:6.1800, val_auc:0.9408, val_ap: 0.9296
2023-04-22 15:09:37,741 - Epoch:039, train_loss:6.0898, val_auc:0.9407, val_ap: 0.9295
2023-04-22 15:09:38,344 - Epoch:040, train_loss:6.0383, val_auc:0.9406, val_ap: 0.9293
2023-04-22 15:09:39,012 - Epoch:041, train_loss:6.0196, val_auc:0.9404, val_ap: 0.9292
2023-04-22 15:09:39,607 - Epoch:042, train_loss:5.9012, val_auc:0.9403, val_ap: 0.9289
2023-04-22 15:09:40,259 - Epoch:043, train_loss:5.7679, val_auc:0.9402, val_ap: 0.9286
2023-04-22 15:09:40,950 - Epoch:044, train_loss:5.7692, val_auc:0.9401, val_ap: 0.9287
2023-04-22 15:09:41,539 - Epoch:045, train_loss:5.6897, val_auc:0.9400, val_ap: 0.9284
2023-04-22 15:09:42,236 - Epoch:046, train_loss:5.6651, val_auc:0.9399, val_ap: 0.9282
2023-04-22 15:09:42,774 - Epoch:047, train_loss:5.6204, val_auc:0.9398, val_ap: 0.9282
2023-04-22 15:09:43,479 - Epoch:048, train_loss:5.5920, val_auc:0.9396, val_ap: 0.9282
2023-04-22 15:09:44,051 - Epoch:049, train_loss:5.5664, val_auc:0.9395, val_ap: 0.9280
2023-04-22 15:09:44,756 - Epoch:050, train_loss:5.5151, val_auc:0.9394, val_ap: 0.9278
2023-04-22 15:09:45,362 - Epoch:051, train_loss:5.4796, val_auc:0.9392, val_ap: 0.9274
2023-04-22 15:09:46,028 - Epoch:052, train_loss:5.4769, val_auc:0.9391, val_ap: 0.9276
2023-04-22 15:09:46,644 - Epoch:053, train_loss:5.4220, val_auc:0.9389, val_ap: 0.9273
2023-04-22 15:09:47,279 - Epoch:054, train_loss:5.4916, val_auc:0.9387, val_ap: 0.9270
2023-04-22 15:09:47,996 - Epoch:055, train_loss:5.4053, val_auc:0.9386, val_ap: 0.9268
2023-04-22 15:09:48,566 - Epoch:056, train_loss:5.4071, val_auc:0.9384, val_ap: 0.9266
2023-04-22 15:09:49,260 - Epoch:057, train_loss:5.3888, val_auc:0.9383, val_ap: 0.9265
2023-04-22 15:09:49,800 - Epoch:058, train_loss:5.3787, val_auc:0.9381, val_ap: 0.9262
2023-04-22 15:09:50,521 - Epoch:059, train_loss:5.3404, val_auc:0.9380, val_ap: 0.9261
2023-04-22 15:09:51,112 - Epoch:060, train_loss:5.3166, val_auc:0.9378, val_ap: 0.9259
2023-04-22 15:09:51,820 - Epoch:061, train_loss:5.2610, val_auc:0.9376, val_ap: 0.9257
2023-04-22 15:09:52,412 - Epoch:062, train_loss:5.2945, val_auc:0.9375, val_ap: 0.9255
2023-04-22 15:09:53,069 - Epoch:063, train_loss:5.2449, val_auc:0.9373, val_ap: 0.9253
2023-04-22 15:09:53,710 - Epoch:064, train_loss:5.2688, val_auc:0.9371, val_ap: 0.9250
2023-04-22 15:09:54,317 - Epoch:065, train_loss:5.2690, val_auc:0.9370, val_ap: 0.9248
2023-04-22 15:09:54,991 - Epoch:066, train_loss:5.2378, val_auc:0.9368, val_ap: 0.9246
2023-04-22 15:09:55,567 - Epoch:067, train_loss:5.2189, val_auc:0.9366, val_ap: 0.9244
2023-04-22 15:09:56,255 - Epoch:068, train_loss:5.2262, val_auc:0.9364, val_ap: 0.9242
2023-04-22 15:09:56,794 - Epoch:069, train_loss:5.2181, val_auc:0.9362, val_ap: 0.9239
2023-04-22 15:09:57,508 - Epoch:070, train_loss:5.1746, val_auc:0.9361, val_ap: 0.9237
2023-04-22 15:09:58,079 - Epoch:071, train_loss:5.1929, val_auc:0.9359, val_ap: 0.9235
2023-04-22 15:09:58,781 - Epoch:072, train_loss:5.2170, val_auc:0.9357, val_ap: 0.9232
2023-04-22 15:09:59,366 - Epoch:073, train_loss:5.1765, val_auc:0.9355, val_ap: 0.9230
2023-04-22 15:10:00,029 - Epoch:074, train_loss:5.1669, val_auc:0.9353, val_ap: 0.9227
2023-04-22 15:10:00,655 - Epoch:075, train_loss:5.1767, val_auc:0.9352, val_ap: 0.9226
2023-04-22 15:10:01,272 - Epoch:076, train_loss:5.1127, val_auc:0.9350, val_ap: 0.9223
2023-04-22 15:10:01,932 - Epoch:077, train_loss:5.1302, val_auc:0.9348, val_ap: 0.9221
2023-04-22 15:10:02,527 - Epoch:078, train_loss:5.1368, val_auc:0.9347, val_ap: 0.9219
2023-04-22 15:10:03,210 - Epoch:079, train_loss:5.0628, val_auc:0.9346, val_ap: 0.9217
2023-04-22 15:10:03,766 - Epoch:080, train_loss:5.0763, val_auc:0.9345, val_ap: 0.9215
2023-04-22 15:10:04,459 - Epoch:081, train_loss:5.0701, val_auc:0.9345, val_ap: 0.9214
2023-04-22 15:10:04,961 - Epoch:082, train_loss:5.0328, val_auc:0.9346, val_ap: 0.9214
2023-04-22 15:10:05,678 - Epoch:083, train_loss:4.9836, val_auc:0.9350, val_ap: 0.9216
2023-04-22 15:10:06,270 - Epoch:084, train_loss:4.9040, val_auc:0.9358, val_ap: 0.9223
2023-04-22 15:10:06,974 - Epoch:085, train_loss:4.7873, val_auc:0.9373, val_ap: 0.9241
2023-04-22 15:10:07,581 - Epoch:086, train_loss:4.5590, val_auc:0.9381, val_ap: 0.9260
2023-04-22 15:10:08,240 - Epoch:087, train_loss:4.0933, val_auc:0.9385, val_ap: 0.9277
2023-04-22 15:10:08,902 - Epoch:088, train_loss:3.8903, val_auc:0.9400, val_ap: 0.9299
2023-04-22 15:10:09,495 - Epoch:089, train_loss:3.6160, val_auc:0.9404, val_ap: 0.9312
2023-04-22 15:10:10,184 - Epoch:090, train_loss:3.4397, val_auc:0.9412, val_ap: 0.9318
2023-04-22 15:10:10,734 - Epoch:091, train_loss:3.3131, val_auc:0.9415, val_ap: 0.9315
2023-04-22 15:10:11,434 - Epoch:092, train_loss:3.2010, val_auc:0.9402, val_ap: 0.9299
2023-04-22 15:10:12,008 - Epoch:093, train_loss:3.0227, val_auc:0.9391, val_ap: 0.9289
2023-04-22 15:10:12,727 - Epoch:094, train_loss:2.8622, val_auc:0.9392, val_ap: 0.9291
2023-04-22 15:10:13,337 - Epoch:095, train_loss:2.7402, val_auc:0.9399, val_ap: 0.9301
2023-04-22 15:10:14,003 - Epoch:096, train_loss:2.6972, val_auc:0.9398, val_ap: 0.9302
2023-04-22 15:10:14,619 - Epoch:097, train_loss:2.6585, val_auc:0.9395, val_ap: 0.9301
2023-04-22 15:10:15,246 - Epoch:098, train_loss:2.6007, val_auc:0.9397, val_ap: 0.9302
2023-04-22 15:10:15,924 - Epoch:099, train_loss:2.5624, val_auc:0.9400, val_ap: 0.9304
2023-04-22 15:10:16,516 - Epoch:100, train_loss:2.5117, val_auc:0.9403, val_ap: 0.9305
2023-04-22 15:10:17,208 - Epoch:101, train_loss:2.3446, val_auc:0.9408, val_ap: 0.9303
2023-04-22 15:10:17,751 - Epoch:102, train_loss:2.2075, val_auc:0.9411, val_ap: 0.9308
2023-04-22 15:10:18,464 - Epoch:103, train_loss:2.1744, val_auc:0.9410, val_ap: 0.9311
2023-04-22 15:10:19,016 - Epoch:104, train_loss:2.1906, val_auc:0.9405, val_ap: 0.9309
2023-04-22 15:10:19,730 - Epoch:105, train_loss:2.1733, val_auc:0.9397, val_ap: 0.9304
2023-04-22 15:10:20,330 - Epoch:106, train_loss:2.1169, val_auc:0.9390, val_ap: 0.9296
2023-04-22 15:10:20,993 - Epoch:107, train_loss:2.0818, val_auc:0.9390, val_ap: 0.9292
2023-04-22 15:10:21,609 - Epoch:108, train_loss:2.0391, val_auc:0.9397, val_ap: 0.9295
2023-04-22 15:10:22,260 - Epoch:109, train_loss:1.9964, val_auc:0.9404, val_ap: 0.9301
2023-04-22 15:10:22,851 - Epoch:110, train_loss:1.9968, val_auc:0.9409, val_ap: 0.9307
2023-04-22 15:10:23,546 - Epoch:111, train_loss:1.9781, val_auc:0.9409, val_ap: 0.9310
2023-04-22 15:10:24,164 - Epoch:112, train_loss:1.9613, val_auc:0.9402, val_ap: 0.9306
2023-04-22 15:10:24,800 - Epoch:113, train_loss:1.9422, val_auc:0.9391, val_ap: 0.9299
2023-04-22 15:10:25,453 - Epoch:114, train_loss:1.9042, val_auc:0.9386, val_ap: 0.9296
2023-04-22 15:10:26,076 - Epoch:115, train_loss:1.8912, val_auc:0.9394, val_ap: 0.9300
2023-04-22 15:10:26,694 - Epoch:116, train_loss:1.8933, val_auc:0.9402, val_ap: 0.9304
2023-04-22 15:10:27,320 - Epoch:117, train_loss:1.8774, val_auc:0.9406, val_ap: 0.9306
2023-04-22 15:10:27,913 - Epoch:118, train_loss:1.8545, val_auc:0.9406, val_ap: 0.9307
2023-04-22 15:10:28,588 - Epoch:119, train_loss:1.8429, val_auc:0.9403, val_ap: 0.9307
2023-04-22 15:10:29,183 - Epoch:120, train_loss:1.8540, val_auc:0.9400, val_ap: 0.9307
2023-04-22 15:10:29,835 - Epoch:121, train_loss:1.8352, val_auc:0.9398, val_ap: 0.9308
2023-04-22 15:10:30,466 - Epoch:122, train_loss:1.8313, val_auc:0.9397, val_ap: 0.9310
2023-04-22 15:10:31,109 - Epoch:123, train_loss:1.8148, val_auc:0.9398, val_ap: 0.9312
2023-04-22 15:10:31,709 - Epoch:124, train_loss:1.8179, val_auc:0.9401, val_ap: 0.9314
2023-04-22 15:10:32,379 - Epoch:125, train_loss:1.7946, val_auc:0.9403, val_ap: 0.9315
2023-04-22 15:10:32,967 - Epoch:126, train_loss:1.7922, val_auc:0.9403, val_ap: 0.9315
2023-04-22 15:10:33,638 - Epoch:127, train_loss:1.7918, val_auc:0.9403, val_ap: 0.9314
2023-04-22 15:10:34,234 - Epoch:128, train_loss:1.7701, val_auc:0.9405, val_ap: 0.9314
2023-04-22 15:10:34,906 - Epoch:129, train_loss:1.7670, val_auc:0.9408, val_ap: 0.9317
2023-04-22 15:10:35,495 - Epoch:130, train_loss:1.7563, val_auc:0.9411, val_ap: 0.9319
2023-04-22 15:10:36,167 - Epoch:131, train_loss:1.7579, val_auc:0.9411, val_ap: 0.9321
2023-04-22 15:10:36,774 - Epoch:132, train_loss:1.7452, val_auc:0.9411, val_ap: 0.9322
2023-04-22 15:10:37,434 - Epoch:133, train_loss:1.7364, val_auc:0.9409, val_ap: 0.9322
2023-04-22 15:10:38,092 - Epoch:134, train_loss:1.7450, val_auc:0.9408, val_ap: 0.9323
2023-04-22 15:10:38,700 - Epoch:135, train_loss:1.7291, val_auc:0.9409, val_ap: 0.9324
2023-04-22 15:10:39,388 - Epoch:136, train_loss:1.7378, val_auc:0.9411, val_ap: 0.9326
2023-04-22 15:10:39,982 - Epoch:137, train_loss:1.7100, val_auc:0.9415, val_ap: 0.9329
2023-04-22 15:10:40,664 - Epoch:138, train_loss:1.7210, val_auc:0.9418, val_ap: 0.9333
2023-04-22 15:10:41,255 - Epoch:139, train_loss:1.7136, val_auc:0.9417, val_ap: 0.9334
2023-04-22 15:10:41,974 - Epoch:140, train_loss:1.7201, val_auc:0.9417, val_ap: 0.9335
2023-04-22 15:10:42,530 - Epoch:141, train_loss:1.7103, val_auc:0.9418, val_ap: 0.9336
2023-04-22 15:10:43,222 - Epoch:142, train_loss:1.7027, val_auc:0.9418, val_ap: 0.9337
2023-04-22 15:10:43,754 - Epoch:143, train_loss:1.6986, val_auc:0.9418, val_ap: 0.9336
2023-04-22 15:10:44,474 - Epoch:144, train_loss:1.6959, val_auc:0.9418, val_ap: 0.9336
2023-04-22 15:10:45,034 - Epoch:145, train_loss:1.7048, val_auc:0.9418, val_ap: 0.9337
2023-04-22 15:10:45,769 - Epoch:146, train_loss:1.6651, val_auc:0.9420, val_ap: 0.9339
2023-04-22 15:10:46,406 - Epoch:147, train_loss:1.6713, val_auc:0.9422, val_ap: 0.9341, text_auc:0.9432, text_ap: 0.9366
2023-04-22 15:10:47,077 - Epoch:148, train_loss:1.6716, val_auc:0.9423, val_ap: 0.9342, text_auc:0.9433, text_ap: 0.9367
2023-04-22 15:10:47,821 - Epoch:149, train_loss:1.6549, val_auc:0.9425, val_ap: 0.9345, text_auc:0.9435, text_ap: 0.9370
2023-04-22 15:10:48,402 - Epoch:150, train_loss:1.6676, val_auc:0.9427, val_ap: 0.9348, text_auc:0.9437, text_ap: 0.9372
2023-04-22 15:10:49,134 - Epoch:151, train_loss:1.6571, val_auc:0.9426, val_ap: 0.9349, text_auc:0.9437, text_ap: 0.9373
2023-04-22 15:10:49,761 - Epoch:152, train_loss:1.6605, val_auc:0.9427, val_ap: 0.9350, text_auc:0.9437, text_ap: 0.9373
2023-04-22 15:10:50,507 - Epoch:153, train_loss:1.6583, val_auc:0.9427, val_ap: 0.9350, text_auc:0.9437, text_ap: 0.9373
2023-04-22 15:10:51,143 - Epoch:154, train_loss:1.6590, val_auc:0.9428, val_ap: 0.9351, text_auc:0.9439, text_ap: 0.9375
2023-04-22 15:10:51,759 - Epoch:155, train_loss:1.6423, val_auc:0.9427, val_ap: 0.9350
2023-04-22 15:10:52,425 - Epoch:156, train_loss:1.6281, val_auc:0.9425, val_ap: 0.9349
2023-04-22 15:10:53,009 - Epoch:157, train_loss:1.6469, val_auc:0.9425, val_ap: 0.9350
2023-04-22 15:10:53,769 - Epoch:158, train_loss:1.6386, val_auc:0.9428, val_ap: 0.9353, text_auc:0.9439, text_ap: 0.9377
2023-04-22 15:10:54,348 - Epoch:159, train_loss:1.6363, val_auc:0.9432, val_ap: 0.9357, text_auc:0.9442, text_ap: 0.9380
2023-04-22 15:10:55,121 - Epoch:160, train_loss:1.6294, val_auc:0.9435, val_ap: 0.9361, text_auc:0.9446, text_ap: 0.9383
2023-04-22 15:10:55,741 - Epoch:161, train_loss:1.6123, val_auc:0.9437, val_ap: 0.9363, text_auc:0.9448, text_ap: 0.9385
2023-04-22 15:10:56,422 - Epoch:162, train_loss:1.6278, val_auc:0.9436, val_ap: 0.9363
2023-04-22 15:10:57,011 - Epoch:163, train_loss:1.6157, val_auc:0.9434, val_ap: 0.9362
2023-04-22 15:10:57,668 - Epoch:164, train_loss:1.6255, val_auc:0.9433, val_ap: 0.9363
2023-04-22 15:10:58,292 - Epoch:165, train_loss:1.6042, val_auc:0.9434, val_ap: 0.9364
2023-04-22 15:10:58,953 - Epoch:166, train_loss:1.6118, val_auc:0.9435, val_ap: 0.9365, text_auc:0.9447, text_ap: 0.9388
2023-04-22 15:10:59,686 - Epoch:167, train_loss:1.6073, val_auc:0.9436, val_ap: 0.9366, text_auc:0.9448, text_ap: 0.9388
2023-04-22 15:11:00,265 - Epoch:168, train_loss:1.5830, val_auc:0.9438, val_ap: 0.9367, text_auc:0.9450, text_ap: 0.9390
2023-04-22 15:11:01,006 - Epoch:169, train_loss:1.5942, val_auc:0.9439, val_ap: 0.9368, text_auc:0.9450, text_ap: 0.9391
2023-04-22 15:11:01,504 - Epoch:170, train_loss:1.5958, val_auc:0.9438, val_ap: 0.9368
2023-04-22 15:11:02,243 - Epoch:171, train_loss:1.5776, val_auc:0.9439, val_ap: 0.9369, text_auc:0.9451, text_ap: 0.9392
2023-04-22 15:11:02,859 - Epoch:172, train_loss:1.5901, val_auc:0.9441, val_ap: 0.9371, text_auc:0.9453, text_ap: 0.9394
2023-04-22 15:11:03,613 - Epoch:173, train_loss:1.5844, val_auc:0.9442, val_ap: 0.9372, text_auc:0.9454, text_ap: 0.9395
2023-04-22 15:11:04,261 - Epoch:174, train_loss:1.5851, val_auc:0.9443, val_ap: 0.9374, text_auc:0.9455, text_ap: 0.9396
2023-04-22 15:11:04,905 - Epoch:175, train_loss:1.5859, val_auc:0.9444, val_ap: 0.9375, text_auc:0.9456, text_ap: 0.9397
2023-04-22 15:11:05,585 - Epoch:176, train_loss:1.5635, val_auc:0.9444, val_ap: 0.9376
2023-04-22 15:11:06,146 - Epoch:177, train_loss:1.5779, val_auc:0.9443, val_ap: 0.9376
2023-04-22 15:11:06,832 - Epoch:178, train_loss:1.5761, val_auc:0.9442, val_ap: 0.9376
2023-04-22 15:11:07,357 - Epoch:179, train_loss:1.5619, val_auc:0.9441, val_ap: 0.9376
2023-04-22 15:11:08,045 - Epoch:180, train_loss:1.5518, val_auc:0.9440, val_ap: 0.9375
2023-04-22 15:11:08,583 - Epoch:181, train_loss:1.5569, val_auc:0.9441, val_ap: 0.9375
2023-04-22 15:11:09,307 - Epoch:182, train_loss:1.5607, val_auc:0.9442, val_ap: 0.9376
2023-04-22 15:11:09,908 - Epoch:183, train_loss:1.5407, val_auc:0.9446, val_ap: 0.9379, text_auc:0.9459, text_ap: 0.9402
2023-04-22 15:11:10,649 - Epoch:184, train_loss:1.5446, val_auc:0.9450, val_ap: 0.9383, text_auc:0.9463, text_ap: 0.9405
2023-04-22 15:11:11,230 - Epoch:185, train_loss:1.5464, val_auc:0.9449, val_ap: 0.9383
2023-04-22 15:11:11,900 - Epoch:186, train_loss:1.5290, val_auc:0.9448, val_ap: 0.9383
2023-04-22 15:11:12,509 - Epoch:187, train_loss:1.5206, val_auc:0.9449, val_ap: 0.9383
2023-04-22 15:11:13,183 - Epoch:188, train_loss:1.5307, val_auc:0.9448, val_ap: 0.9382
2023-04-22 15:11:13,776 - Epoch:189, train_loss:1.5306, val_auc:0.9445, val_ap: 0.9380
2023-04-22 15:11:14,441 - Epoch:190, train_loss:1.5254, val_auc:0.9443, val_ap: 0.9380
2023-04-22 15:11:15,113 - Epoch:191, train_loss:1.5200, val_auc:0.9445, val_ap: 0.9382
2023-04-22 15:11:15,720 - Epoch:192, train_loss:1.5153, val_auc:0.9447, val_ap: 0.9384
2023-04-22 15:11:16,390 - Epoch:193, train_loss:1.5184, val_auc:0.9450, val_ap: 0.9386, text_auc:0.9464, text_ap: 0.9407
2023-04-22 15:11:17,034 - Epoch:194, train_loss:1.5127, val_auc:0.9450, val_ap: 0.9387, text_auc:0.9465, text_ap: 0.9408
2023-04-22 15:11:17,721 - Epoch:195, train_loss:1.4989, val_auc:0.9449, val_ap: 0.9385
2023-04-22 15:11:18,267 - Epoch:196, train_loss:1.5015, val_auc:0.9449, val_ap: 0.9384
2023-04-22 15:11:18,999 - Epoch:197, train_loss:1.4966, val_auc:0.9446, val_ap: 0.9382
2023-04-22 15:11:19,541 - Epoch:198, train_loss:1.5018, val_auc:0.9443, val_ap: 0.9381
2023-04-22 15:11:20,249 - Epoch:199, train_loss:1.4963, val_auc:0.9443, val_ap: 0.9381
2023-04-22 15:11:20,250 - final results:
2023-04-22 15:11:20,251 - ====================================================================================
2023-04-22 15:11:20,251 - AUC:0.9472+-0.0008 [0.9479730036551768, 0.946460408698741]
2023-04-22 15:11:20,251 - AP:0.9416+-0.0008 [0.9423444863736954, 0.9407701905181325]
2023-04-22 15:11:21,035 - Epoch:000, train_loss:16.8271, val_auc:0.9341, val_ap: 0.9275, text_auc:0.9388, text_ap: 0.9320
2023-04-22 15:11:21,649 - Epoch:001, train_loss:16.4215, val_auc:0.9410, val_ap: 0.9319, text_auc:0.9435, text_ap: 0.9349
2023-04-22 15:11:22,359 - Epoch:002, train_loss:15.9901, val_auc:0.9432, val_ap: 0.9333, text_auc:0.9447, text_ap: 0.9351
2023-04-22 15:11:22,957 - Epoch:003, train_loss:15.4909, val_auc:0.9440, val_ap: 0.9337, text_auc:0.9450, text_ap: 0.9350
2023-04-22 15:11:23,713 - Epoch:004, train_loss:15.1341, val_auc:0.9443, val_ap: 0.9340, text_auc:0.9450, text_ap: 0.9348
2023-04-22 15:11:24,303 - Epoch:005, train_loss:14.7217, val_auc:0.9444, val_ap: 0.9335
2023-04-22 15:11:25,018 - Epoch:006, train_loss:14.2830, val_auc:0.9443, val_ap: 0.9335
2023-04-22 15:11:25,662 - Epoch:007, train_loss:13.9088, val_auc:0.9443, val_ap: 0.9334
2023-04-22 15:11:26,310 - Epoch:008, train_loss:13.4632, val_auc:0.9441, val_ap: 0.9331
2023-04-22 15:11:26,952 - Epoch:009, train_loss:13.0725, val_auc:0.9440, val_ap: 0.9329
2023-04-22 15:11:27,578 - Epoch:010, train_loss:12.6756, val_auc:0.9439, val_ap: 0.9327
2023-04-22 15:11:28,258 - Epoch:011, train_loss:12.3305, val_auc:0.9439, val_ap: 0.9326
2023-04-22 15:11:28,815 - Epoch:012, train_loss:11.8654, val_auc:0.9438, val_ap: 0.9325
2023-04-22 15:11:29,503 - Epoch:013, train_loss:11.5764, val_auc:0.9437, val_ap: 0.9325
2023-04-22 15:11:30,028 - Epoch:014, train_loss:11.2035, val_auc:0.9437, val_ap: 0.9323
2023-04-22 15:11:30,729 - Epoch:015, train_loss:10.9431, val_auc:0.9436, val_ap: 0.9322
2023-04-22 15:11:31,237 - Epoch:016, train_loss:10.5208, val_auc:0.9435, val_ap: 0.9320
2023-04-22 15:11:31,931 - Epoch:017, train_loss:10.2420, val_auc:0.9435, val_ap: 0.9321
2023-04-22 15:11:32,483 - Epoch:018, train_loss:9.9343, val_auc:0.9434, val_ap: 0.9320
2023-04-22 15:11:33,206 - Epoch:019, train_loss:9.6394, val_auc:0.9434, val_ap: 0.9320
2023-04-22 15:11:33,777 - Epoch:020, train_loss:9.3908, val_auc:0.9434, val_ap: 0.9320
2023-04-22 15:11:34,478 - Epoch:021, train_loss:9.0801, val_auc:0.9433, val_ap: 0.9320
2023-04-22 15:11:35,042 - Epoch:022, train_loss:8.8040, val_auc:0.9432, val_ap: 0.9319
2023-04-22 15:11:35,734 - Epoch:023, train_loss:8.4819, val_auc:0.9432, val_ap: 0.9319
2023-04-22 15:11:36,290 - Epoch:024, train_loss:8.3343, val_auc:0.9431, val_ap: 0.9317
2023-04-22 15:11:36,999 - Epoch:025, train_loss:8.0646, val_auc:0.9429, val_ap: 0.9314
2023-04-22 15:11:37,597 - Epoch:026, train_loss:7.9003, val_auc:0.9429, val_ap: 0.9315
2023-04-22 15:11:38,268 - Epoch:027, train_loss:7.6539, val_auc:0.9428, val_ap: 0.9313
2023-04-22 15:11:38,883 - Epoch:028, train_loss:7.4590, val_auc:0.9427, val_ap: 0.9312
2023-04-22 15:11:39,523 - Epoch:029, train_loss:7.3177, val_auc:0.9426, val_ap: 0.9312
2023-04-22 15:11:40,138 - Epoch:030, train_loss:7.1241, val_auc:0.9425, val_ap: 0.9310
2023-04-22 15:11:40,800 - Epoch:031, train_loss:6.9554, val_auc:0.9423, val_ap: 0.9308
2023-04-22 15:11:41,475 - Epoch:032, train_loss:6.8438, val_auc:0.9423, val_ap: 0.9309
2023-04-22 15:11:42,064 - Epoch:033, train_loss:6.6654, val_auc:0.9421, val_ap: 0.9307
2023-04-22 15:11:42,760 - Epoch:034, train_loss:6.5676, val_auc:0.9420, val_ap: 0.9307
2023-04-22 15:11:43,303 - Epoch:035, train_loss:6.4735, val_auc:0.9418, val_ap: 0.9303
2023-04-22 15:11:44,056 - Epoch:036, train_loss:6.3634, val_auc:0.9417, val_ap: 0.9302
2023-04-22 15:11:44,612 - Epoch:037, train_loss:6.2282, val_auc:0.9416, val_ap: 0.9301
2023-04-22 15:11:45,325 - Epoch:038, train_loss:6.2191, val_auc:0.9414, val_ap: 0.9298
2023-04-22 15:11:45,904 - Epoch:039, train_loss:6.0556, val_auc:0.9413, val_ap: 0.9297
2023-04-22 15:11:46,612 - Epoch:040, train_loss:6.0611, val_auc:0.9411, val_ap: 0.9295
2023-04-22 15:11:47,263 - Epoch:041, train_loss:5.9293, val_auc:0.9409, val_ap: 0.9293
2023-04-22 15:11:47,909 - Epoch:042, train_loss:5.8952, val_auc:0.9408, val_ap: 0.9291
2023-04-22 15:11:48,558 - Epoch:043, train_loss:5.7801, val_auc:0.9406, val_ap: 0.9289
2023-04-22 15:11:49,165 - Epoch:044, train_loss:5.7300, val_auc:0.9404, val_ap: 0.9285
2023-04-22 15:11:49,858 - Epoch:045, train_loss:5.7121, val_auc:0.9403, val_ap: 0.9286
2023-04-22 15:11:50,460 - Epoch:046, train_loss:5.6861, val_auc:0.9401, val_ap: 0.9287
2023-04-22 15:11:51,168 - Epoch:047, train_loss:5.6656, val_auc:0.9399, val_ap: 0.9285
2023-04-22 15:11:51,712 - Epoch:048, train_loss:5.6198, val_auc:0.9397, val_ap: 0.9282
2023-04-22 15:11:52,452 - Epoch:049, train_loss:5.5942, val_auc:0.9395, val_ap: 0.9279
2023-04-22 15:11:53,032 - Epoch:050, train_loss:5.5509, val_auc:0.9393, val_ap: 0.9276
2023-04-22 15:11:53,721 - Epoch:051, train_loss:5.5145, val_auc:0.9391, val_ap: 0.9274
2023-04-22 15:11:54,325 - Epoch:052, train_loss:5.4657, val_auc:0.9389, val_ap: 0.9273
2023-04-22 15:11:54,993 - Epoch:053, train_loss:5.4510, val_auc:0.9387, val_ap: 0.9271
2023-04-22 15:11:55,622 - Epoch:054, train_loss:5.4014, val_auc:0.9385, val_ap: 0.9269
2023-04-22 15:11:56,280 - Epoch:055, train_loss:5.3629, val_auc:0.9383, val_ap: 0.9266
2023-04-22 15:11:56,876 - Epoch:056, train_loss:5.3975, val_auc:0.9381, val_ap: 0.9263
2023-04-22 15:11:57,556 - Epoch:057, train_loss:5.3818, val_auc:0.9379, val_ap: 0.9260
2023-04-22 15:11:58,183 - Epoch:058, train_loss:5.3625, val_auc:0.9377, val_ap: 0.9258
2023-04-22 15:11:58,809 - Epoch:059, train_loss:5.3375, val_auc:0.9375, val_ap: 0.9256
2023-04-22 15:11:59,492 - Epoch:060, train_loss:5.3158, val_auc:0.9372, val_ap: 0.9253
2023-04-22 15:12:00,095 - Epoch:061, train_loss:5.2605, val_auc:0.9370, val_ap: 0.9252
2023-04-22 15:12:00,744 - Epoch:062, train_loss:5.3100, val_auc:0.9368, val_ap: 0.9248
2023-04-22 15:12:01,354 - Epoch:063, train_loss:5.2603, val_auc:0.9366, val_ap: 0.9246
2023-04-22 15:12:02,038 - Epoch:064, train_loss:5.2808, val_auc:0.9364, val_ap: 0.9243
2023-04-22 15:12:02,604 - Epoch:065, train_loss:5.2659, val_auc:0.9361, val_ap: 0.9241
2023-04-22 15:12:03,296 - Epoch:066, train_loss:5.2421, val_auc:0.9359, val_ap: 0.9239
2023-04-22 15:12:03,843 - Epoch:067, train_loss:5.2090, val_auc:0.9357, val_ap: 0.9237
2023-04-22 15:12:04,539 - Epoch:068, train_loss:5.2055, val_auc:0.9355, val_ap: 0.9233
2023-04-22 15:12:05,106 - Epoch:069, train_loss:5.2188, val_auc:0.9353, val_ap: 0.9231
2023-04-22 15:12:05,834 - Epoch:070, train_loss:5.1925, val_auc:0.9351, val_ap: 0.9228
2023-04-22 15:12:06,438 - Epoch:071, train_loss:5.1875, val_auc:0.9349, val_ap: 0.9227
2023-04-22 15:12:07,168 - Epoch:072, train_loss:5.2225, val_auc:0.9347, val_ap: 0.9225
2023-04-22 15:12:07,802 - Epoch:073, train_loss:5.1656, val_auc:0.9345, val_ap: 0.9223
2023-04-22 15:12:08,463 - Epoch:074, train_loss:5.1669, val_auc:0.9343, val_ap: 0.9220
2023-04-22 15:12:09,138 - Epoch:075, train_loss:5.1562, val_auc:0.9341, val_ap: 0.9219
2023-04-22 15:12:09,739 - Epoch:076, train_loss:5.1369, val_auc:0.9339, val_ap: 0.9216
2023-04-22 15:12:10,385 - Epoch:077, train_loss:5.1377, val_auc:0.9338, val_ap: 0.9215
2023-04-22 15:12:11,000 - Epoch:078, train_loss:5.0821, val_auc:0.9337, val_ap: 0.9214
2023-04-22 15:12:11,694 - Epoch:079, train_loss:5.0813, val_auc:0.9336, val_ap: 0.9214
2023-04-22 15:12:12,234 - Epoch:080, train_loss:5.0460, val_auc:0.9337, val_ap: 0.9216
2023-04-22 15:12:12,943 - Epoch:081, train_loss:5.0169, val_auc:0.9342, val_ap: 0.9223
2023-04-22 15:12:13,412 - Epoch:082, train_loss:4.9976, val_auc:0.9355, val_ap: 0.9240
2023-04-22 15:12:14,089 - Epoch:083, train_loss:4.8692, val_auc:0.9386, val_ap: 0.9278
2023-04-22 15:12:14,753 - Epoch:084, train_loss:4.6971, val_auc:0.9416, val_ap: 0.9317
2023-04-22 15:12:15,382 - Epoch:085, train_loss:4.3884, val_auc:0.9432, val_ap: 0.9336
2023-04-22 15:12:16,033 - Epoch:086, train_loss:4.3903, val_auc:0.9425, val_ap: 0.9338
2023-04-22 15:12:16,634 - Epoch:087, train_loss:4.0785, val_auc:0.9409, val_ap: 0.9334
2023-04-22 15:12:17,283 - Epoch:088, train_loss:3.8244, val_auc:0.9403, val_ap: 0.9332
2023-04-22 15:12:17,937 - Epoch:089, train_loss:3.6991, val_auc:0.9412, val_ap: 0.9333
2023-04-22 15:12:18,547 - Epoch:090, train_loss:3.4833, val_auc:0.9421, val_ap: 0.9337
2023-04-22 15:12:19,236 - Epoch:091, train_loss:3.3051, val_auc:0.9417, val_ap: 0.9333
2023-04-22 15:12:19,810 - Epoch:092, train_loss:3.1190, val_auc:0.9416, val_ap: 0.9331
2023-04-22 15:12:20,503 - Epoch:093, train_loss:2.8333, val_auc:0.9425, val_ap: 0.9339
2023-04-22 15:12:21,067 - Epoch:094, train_loss:2.7055, val_auc:0.9430, val_ap: 0.9345
2023-04-22 15:12:21,859 - Epoch:095, train_loss:2.5800, val_auc:0.9435, val_ap: 0.9349, text_auc:0.9423, text_ap: 0.9329
2023-04-22 15:12:22,454 - Epoch:096, train_loss:2.5501, val_auc:0.9432, val_ap: 0.9345
2023-04-22 15:12:23,145 - Epoch:097, train_loss:2.4503, val_auc:0.9428, val_ap: 0.9340
2023-04-22 15:12:23,782 - Epoch:098, train_loss:2.3851, val_auc:0.9424, val_ap: 0.9339
2023-04-22 15:12:24,412 - Epoch:099, train_loss:2.2932, val_auc:0.9422, val_ap: 0.9339
2023-04-22 15:12:25,072 - Epoch:100, train_loss:2.2632, val_auc:0.9420, val_ap: 0.9339
2023-04-22 15:12:25,663 - Epoch:101, train_loss:2.2158, val_auc:0.9419, val_ap: 0.9339
2023-04-22 15:12:26,363 - Epoch:102, train_loss:2.1906, val_auc:0.9416, val_ap: 0.9338
2023-04-22 15:12:26,917 - Epoch:103, train_loss:2.1435, val_auc:0.9410, val_ap: 0.9335
2023-04-22 15:12:27,622 - Epoch:104, train_loss:2.0845, val_auc:0.9409, val_ap: 0.9336
2023-04-22 15:12:28,178 - Epoch:105, train_loss:2.0625, val_auc:0.9412, val_ap: 0.9338
2023-04-22 15:12:28,902 - Epoch:106, train_loss:2.0538, val_auc:0.9411, val_ap: 0.9336
2023-04-22 15:12:29,495 - Epoch:107, train_loss:2.0379, val_auc:0.9407, val_ap: 0.9332
2023-04-22 15:12:30,200 - Epoch:108, train_loss:1.9944, val_auc:0.9405, val_ap: 0.9331
2023-04-22 15:12:30,802 - Epoch:109, train_loss:1.9804, val_auc:0.9408, val_ap: 0.9334
2023-04-22 15:12:31,526 - Epoch:110, train_loss:1.9624, val_auc:0.9412, val_ap: 0.9336
2023-04-22 15:12:32,183 - Epoch:111, train_loss:1.9479, val_auc:0.9415, val_ap: 0.9338
2023-04-22 15:12:32,801 - Epoch:112, train_loss:1.9237, val_auc:0.9414, val_ap: 0.9337
2023-04-22 15:12:33,492 - Epoch:113, train_loss:1.9130, val_auc:0.9412, val_ap: 0.9336
2023-04-22 15:12:34,079 - Epoch:114, train_loss:1.9053, val_auc:0.9409, val_ap: 0.9336
2023-04-22 15:12:34,765 - Epoch:115, train_loss:1.8856, val_auc:0.9410, val_ap: 0.9337
2023-04-22 15:12:35,322 - Epoch:116, train_loss:1.8874, val_auc:0.9411, val_ap: 0.9339
2023-04-22 15:12:36,039 - Epoch:117, train_loss:1.8565, val_auc:0.9411, val_ap: 0.9340
2023-04-22 15:12:36,595 - Epoch:118, train_loss:1.8646, val_auc:0.9411, val_ap: 0.9340
2023-04-22 15:12:37,353 - Epoch:119, train_loss:1.8394, val_auc:0.9413, val_ap: 0.9341
2023-04-22 15:12:37,960 - Epoch:120, train_loss:1.8313, val_auc:0.9417, val_ap: 0.9344
2023-04-22 15:12:38,650 - Epoch:121, train_loss:1.8209, val_auc:0.9421, val_ap: 0.9346
2023-04-22 15:12:39,289 - Epoch:122, train_loss:1.8195, val_auc:0.9420, val_ap: 0.9346
2023-04-22 15:12:39,935 - Epoch:123, train_loss:1.8047, val_auc:0.9417, val_ap: 0.9346
2023-04-22 15:12:40,612 - Epoch:124, train_loss:1.7962, val_auc:0.9414, val_ap: 0.9346
2023-04-22 15:12:41,246 - Epoch:125, train_loss:1.8072, val_auc:0.9412, val_ap: 0.9346
2023-04-22 15:12:41,928 - Epoch:126, train_loss:1.7889, val_auc:0.9412, val_ap: 0.9346
2023-04-22 15:12:42,502 - Epoch:127, train_loss:1.7760, val_auc:0.9413, val_ap: 0.9347
2023-04-22 15:12:43,213 - Epoch:128, train_loss:1.7831, val_auc:0.9415, val_ap: 0.9348
2023-04-22 15:12:43,759 - Epoch:129, train_loss:1.7587, val_auc:0.9420, val_ap: 0.9352
2023-04-22 15:12:44,501 - Epoch:130, train_loss:1.7572, val_auc:0.9426, val_ap: 0.9356
2023-04-22 15:12:45,113 - Epoch:131, train_loss:1.7531, val_auc:0.9432, val_ap: 0.9361, text_auc:0.9414, text_ap: 0.9338
2023-04-22 15:12:45,858 - Epoch:132, train_loss:1.7531, val_auc:0.9435, val_ap: 0.9363, text_auc:0.9417, text_ap: 0.9340
2023-04-22 15:12:46,525 - Epoch:133, train_loss:1.7447, val_auc:0.9436, val_ap: 0.9364, text_auc:0.9417, text_ap: 0.9341
2023-04-22 15:12:47,117 - Epoch:134, train_loss:1.7254, val_auc:0.9433, val_ap: 0.9363
2023-04-22 15:12:47,819 - Epoch:135, train_loss:1.7290, val_auc:0.9428, val_ap: 0.9361
2023-04-22 15:12:48,389 - Epoch:136, train_loss:1.7266, val_auc:0.9423, val_ap: 0.9359
2023-04-22 15:12:49,135 - Epoch:137, train_loss:1.7251, val_auc:0.9424, val_ap: 0.9360
2023-04-22 15:12:49,731 - Epoch:138, train_loss:1.7210, val_auc:0.9428, val_ap: 0.9363
2023-04-22 15:12:50,467 - Epoch:139, train_loss:1.7107, val_auc:0.9433, val_ap: 0.9366
2023-04-22 15:12:51,125 - Epoch:140, train_loss:1.6979, val_auc:0.9436, val_ap: 0.9369, text_auc:0.9416, text_ap: 0.9346
2023-04-22 15:12:51,793 - Epoch:141, train_loss:1.7070, val_auc:0.9439, val_ap: 0.9372, text_auc:0.9419, text_ap: 0.9348
2023-04-22 15:12:52,524 - Epoch:142, train_loss:1.6893, val_auc:0.9440, val_ap: 0.9372, text_auc:0.9419, text_ap: 0.9349
2023-04-22 15:12:53,092 - Epoch:143, train_loss:1.7014, val_auc:0.9440, val_ap: 0.9372, text_auc:0.9419, text_ap: 0.9350
2023-04-22 15:12:53,854 - Epoch:144, train_loss:1.6810, val_auc:0.9440, val_ap: 0.9373, text_auc:0.9420, text_ap: 0.9351
2023-04-22 15:12:54,492 - Epoch:145, train_loss:1.6827, val_auc:0.9442, val_ap: 0.9375, text_auc:0.9422, text_ap: 0.9353
2023-04-22 15:12:55,224 - Epoch:146, train_loss:1.6838, val_auc:0.9442, val_ap: 0.9376, text_auc:0.9422, text_ap: 0.9354
2023-04-22 15:12:55,860 - Epoch:147, train_loss:1.6835, val_auc:0.9439, val_ap: 0.9376
2023-04-22 15:12:56,478 - Epoch:148, train_loss:1.6687, val_auc:0.9438, val_ap: 0.9376
2023-04-22 15:12:57,163 - Epoch:149, train_loss:1.6693, val_auc:0.9438, val_ap: 0.9376
2023-04-22 15:12:57,770 - Epoch:150, train_loss:1.6527, val_auc:0.9441, val_ap: 0.9378, text_auc:0.9420, text_ap: 0.9356
2023-04-22 15:12:58,517 - Epoch:151, train_loss:1.6621, val_auc:0.9444, val_ap: 0.9380, text_auc:0.9424, text_ap: 0.9358
2023-04-22 15:12:59,134 - Epoch:152, train_loss:1.6485, val_auc:0.9446, val_ap: 0.9382, text_auc:0.9426, text_ap: 0.9360
2023-04-22 15:12:59,870 - Epoch:153, train_loss:1.6550, val_auc:0.9447, val_ap: 0.9383, text_auc:0.9426, text_ap: 0.9361
2023-04-22 15:13:00,526 - Epoch:154, train_loss:1.6345, val_auc:0.9446, val_ap: 0.9384
2023-04-22 15:13:01,182 - Epoch:155, train_loss:1.6466, val_auc:0.9447, val_ap: 0.9385, text_auc:0.9426, text_ap: 0.9363
2023-04-22 15:13:01,931 - Epoch:156, train_loss:1.6479, val_auc:0.9447, val_ap: 0.9385, text_auc:0.9427, text_ap: 0.9364
2023-04-22 15:13:02,525 - Epoch:157, train_loss:1.6335, val_auc:0.9451, val_ap: 0.9388, text_auc:0.9431, text_ap: 0.9367
2023-04-22 15:13:03,297 - Epoch:158, train_loss:1.6173, val_auc:0.9453, val_ap: 0.9389, text_auc:0.9433, text_ap: 0.9369
2023-04-22 15:13:03,926 - Epoch:159, train_loss:1.6180, val_auc:0.9455, val_ap: 0.9391, text_auc:0.9436, text_ap: 0.9371
2023-04-22 15:13:04,627 - Epoch:160, train_loss:1.6274, val_auc:0.9456, val_ap: 0.9391, text_auc:0.9436, text_ap: 0.9371
2023-04-22 15:13:05,299 - Epoch:161, train_loss:1.6255, val_auc:0.9454, val_ap: 0.9391
2023-04-22 15:13:05,895 - Epoch:162, train_loss:1.6110, val_auc:0.9452, val_ap: 0.9391
2023-04-22 15:13:06,658 - Epoch:163, train_loss:1.6241, val_auc:0.9451, val_ap: 0.9391
2023-04-22 15:13:07,226 - Epoch:164, train_loss:1.6173, val_auc:0.9453, val_ap: 0.9393
2023-04-22 15:13:07,973 - Epoch:165, train_loss:1.6027, val_auc:0.9455, val_ap: 0.9395, text_auc:0.9433, text_ap: 0.9374
2023-04-22 15:13:08,616 - Epoch:166, train_loss:1.6129, val_auc:0.9457, val_ap: 0.9397, text_auc:0.9436, text_ap: 0.9376
2023-04-22 15:13:09,278 - Epoch:167, train_loss:1.6104, val_auc:0.9458, val_ap: 0.9397, text_auc:0.9437, text_ap: 0.9377
2023-04-22 15:13:09,994 - Epoch:168, train_loss:1.6026, val_auc:0.9458, val_ap: 0.9398, text_auc:0.9437, text_ap: 0.9378
2023-04-22 15:13:10,583 - Epoch:169, train_loss:1.6017, val_auc:0.9460, val_ap: 0.9400, text_auc:0.9440, text_ap: 0.9380
2023-04-22 15:13:11,367 - Epoch:170, train_loss:1.5929, val_auc:0.9462, val_ap: 0.9401, text_auc:0.9441, text_ap: 0.9382
2023-04-22 15:13:11,990 - Epoch:171, train_loss:1.5951, val_auc:0.9462, val_ap: 0.9403, text_auc:0.9441, text_ap: 0.9383
2023-04-22 15:13:12,663 - Epoch:172, train_loss:1.5820, val_auc:0.9460, val_ap: 0.9401
2023-04-22 15:13:13,284 - Epoch:173, train_loss:1.5850, val_auc:0.9458, val_ap: 0.9400
2023-04-22 15:13:13,913 - Epoch:174, train_loss:1.5749, val_auc:0.9457, val_ap: 0.9400
2023-04-22 15:13:14,632 - Epoch:175, train_loss:1.5749, val_auc:0.9462, val_ap: 0.9403, text_auc:0.9441, text_ap: 0.9384
2023-04-22 15:13:15,237 - Epoch:176, train_loss:1.5697, val_auc:0.9467, val_ap: 0.9407, text_auc:0.9446, text_ap: 0.9388
2023-04-22 15:13:15,992 - Epoch:177, train_loss:1.5665, val_auc:0.9470, val_ap: 0.9409, text_auc:0.9449, text_ap: 0.9390
2023-04-22 15:13:16,561 - Epoch:178, train_loss:1.5497, val_auc:0.9467, val_ap: 0.9408
2023-04-22 15:13:17,266 - Epoch:179, train_loss:1.5497, val_auc:0.9463, val_ap: 0.9405
2023-04-22 15:13:17,866 - Epoch:180, train_loss:1.5618, val_auc:0.9461, val_ap: 0.9404
2023-04-22 15:13:18,537 - Epoch:181, train_loss:1.5571, val_auc:0.9462, val_ap: 0.9405
2023-04-22 15:13:19,133 - Epoch:182, train_loss:1.5498, val_auc:0.9466, val_ap: 0.9408
2023-04-22 15:13:19,813 - Epoch:183, train_loss:1.5496, val_auc:0.9471, val_ap: 0.9412, text_auc:0.9450, text_ap: 0.9394
2023-04-22 15:13:20,563 - Epoch:184, train_loss:1.5522, val_auc:0.9473, val_ap: 0.9414, text_auc:0.9452, text_ap: 0.9396
2023-04-22 15:13:21,170 - Epoch:185, train_loss:1.5527, val_auc:0.9473, val_ap: 0.9414, text_auc:0.9452, text_ap: 0.9396
2023-04-22 15:13:21,946 - Epoch:186, train_loss:1.5351, val_auc:0.9471, val_ap: 0.9413
2023-04-22 15:13:22,549 - Epoch:187, train_loss:1.5277, val_auc:0.9471, val_ap: 0.9413
2023-04-22 15:13:23,342 - Epoch:188, train_loss:1.5350, val_auc:0.9470, val_ap: 0.9413
2023-04-22 15:13:23,961 - Epoch:189, train_loss:1.5282, val_auc:0.9470, val_ap: 0.9413
2023-04-22 15:13:24,630 - Epoch:190, train_loss:1.5191, val_auc:0.9471, val_ap: 0.9414
2023-04-22 15:13:25,314 - Epoch:191, train_loss:1.5244, val_auc:0.9475, val_ap: 0.9416, text_auc:0.9454, text_ap: 0.9400
2023-04-22 15:13:25,981 - Epoch:192, train_loss:1.5311, val_auc:0.9478, val_ap: 0.9418, text_auc:0.9456, text_ap: 0.9402
2023-04-22 15:13:26,821 - Epoch:193, train_loss:1.5066, val_auc:0.9478, val_ap: 0.9419, text_auc:0.9457, text_ap: 0.9402
2023-04-22 15:13:27,418 - Epoch:194, train_loss:1.5142, val_auc:0.9477, val_ap: 0.9418
2023-04-22 15:13:28,090 - Epoch:195, train_loss:1.5060, val_auc:0.9475, val_ap: 0.9416
2023-04-22 15:13:28,670 - Epoch:196, train_loss:1.5126, val_auc:0.9474, val_ap: 0.9416
2023-04-22 15:13:29,324 - Epoch:197, train_loss:1.5006, val_auc:0.9473, val_ap: 0.9416
2023-04-22 15:13:29,959 - Epoch:198, train_loss:1.4967, val_auc:0.9472, val_ap: 0.9415
2023-04-22 15:13:30,599 - Epoch:199, train_loss:1.4915, val_auc:0.9475, val_ap: 0.9417
2023-04-22 15:13:30,601 - final results:
2023-04-22 15:13:30,602 - ====================================================================================
2023-04-22 15:13:30,602 - AUC:0.9467+-0.0009 [0.9479730036551768, 0.946460408698741, 0.9457068223854489]
2023-04-22 15:13:30,602 - AP:0.9411+-0.0009 [0.9423444863736954, 0.9407701905181325, 0.9402416778826354]
2023-04-22 15:13:31,454 - Epoch:000, train_loss:16.9938, val_auc:0.9356, val_ap: 0.9264, text_auc:0.9394, text_ap: 0.9335
2023-04-22 15:13:32,149 - Epoch:001, train_loss:16.4995, val_auc:0.9416, val_ap: 0.9300, text_auc:0.9445, text_ap: 0.9369
2023-04-22 15:13:32,834 - Epoch:002, train_loss:16.0628, val_auc:0.9434, val_ap: 0.9308, text_auc:0.9459, text_ap: 0.9376
2023-04-22 15:13:33,544 - Epoch:003, train_loss:15.5855, val_auc:0.9442, val_ap: 0.9310, text_auc:0.9465, text_ap: 0.9376
2023-04-22 15:13:34,150 - Epoch:004, train_loss:15.1592, val_auc:0.9444, val_ap: 0.9310, text_auc:0.9466, text_ap: 0.9372
2023-04-22 15:13:34,843 - Epoch:005, train_loss:14.7569, val_auc:0.9444, val_ap: 0.9306
2023-04-22 15:13:35,406 - Epoch:006, train_loss:14.3659, val_auc:0.9444, val_ap: 0.9303
2023-04-22 15:13:36,129 - Epoch:007, train_loss:13.9707, val_auc:0.9443, val_ap: 0.9303
2023-04-22 15:13:36,731 - Epoch:008, train_loss:13.5112, val_auc:0.9442, val_ap: 0.9299
2023-04-22 15:13:37,407 - Epoch:009, train_loss:13.0965, val_auc:0.9441, val_ap: 0.9297
2023-04-22 15:13:38,024 - Epoch:010, train_loss:12.7321, val_auc:0.9440, val_ap: 0.9294
2023-04-22 15:13:38,683 - Epoch:011, train_loss:12.4473, val_auc:0.9440, val_ap: 0.9293
2023-04-22 15:13:39,302 - Epoch:012, train_loss:12.0398, val_auc:0.9440, val_ap: 0.9294
2023-04-22 15:13:39,936 - Epoch:013, train_loss:11.5356, val_auc:0.9439, val_ap: 0.9293
2023-04-22 15:13:40,630 - Epoch:014, train_loss:11.2882, val_auc:0.9438, val_ap: 0.9289
2023-04-22 15:13:41,225 - Epoch:015, train_loss:10.9724, val_auc:0.9437, val_ap: 0.9287
2023-04-22 15:13:41,910 - Epoch:016, train_loss:10.5964, val_auc:0.9436, val_ap: 0.9285
2023-04-22 15:13:42,470 - Epoch:017, train_loss:10.2965, val_auc:0.9436, val_ap: 0.9286
2023-04-22 15:13:43,177 - Epoch:018, train_loss:9.8967, val_auc:0.9435, val_ap: 0.9284
2023-04-22 15:13:43,710 - Epoch:019, train_loss:9.6878, val_auc:0.9435, val_ap: 0.9288
2023-04-22 15:13:44,440 - Epoch:020, train_loss:9.4189, val_auc:0.9434, val_ap: 0.9285
2023-04-22 15:13:45,047 - Epoch:021, train_loss:9.1405, val_auc:0.9433, val_ap: 0.9285
2023-04-22 15:13:45,739 - Epoch:022, train_loss:8.8827, val_auc:0.9432, val_ap: 0.9284
2023-04-22 15:13:46,334 - Epoch:023, train_loss:8.6586, val_auc:0.9431, val_ap: 0.9281
2023-04-22 15:13:46,985 - Epoch:024, train_loss:8.3493, val_auc:0.9431, val_ap: 0.9280
2023-04-22 15:13:47,655 - Epoch:025, train_loss:8.1019, val_auc:0.9430, val_ap: 0.9279
2023-04-22 15:13:48,314 - Epoch:026, train_loss:7.9643, val_auc:0.9429, val_ap: 0.9277
2023-04-22 15:13:49,074 - Epoch:027, train_loss:7.6782, val_auc:0.9428, val_ap: 0.9277
2023-04-22 15:13:49,698 - Epoch:028, train_loss:7.5130, val_auc:0.9427, val_ap: 0.9278
2023-04-22 15:13:50,435 - Epoch:029, train_loss:7.2568, val_auc:0.9426, val_ap: 0.9277
2023-04-22 15:13:51,104 - Epoch:030, train_loss:7.2116, val_auc:0.9426, val_ap: 0.9275
2023-04-22 15:13:51,857 - Epoch:031, train_loss:6.9873, val_auc:0.9425, val_ap: 0.9273
2023-04-22 15:13:52,470 - Epoch:032, train_loss:6.8457, val_auc:0.9424, val_ap: 0.9272
2023-04-22 15:13:53,165 - Epoch:033, train_loss:6.7045, val_auc:0.9423, val_ap: 0.9269
2023-04-22 15:13:53,716 - Epoch:034, train_loss:6.5759, val_auc:0.9422, val_ap: 0.9268
2023-04-22 15:13:54,429 - Epoch:035, train_loss:6.4798, val_auc:0.9422, val_ap: 0.9267
2023-04-22 15:13:55,003 - Epoch:036, train_loss:6.4121, val_auc:0.9421, val_ap: 0.9267
2023-04-22 15:13:55,716 - Epoch:037, train_loss:6.2267, val_auc:0.9420, val_ap: 0.9266
2023-04-22 15:13:56,333 - Epoch:038, train_loss:6.1901, val_auc:0.9419, val_ap: 0.9265
2023-04-22 15:13:56,995 - Epoch:039, train_loss:6.1047, val_auc:0.9418, val_ap: 0.9267
2023-04-22 15:13:57,612 - Epoch:040, train_loss:6.0258, val_auc:0.9417, val_ap: 0.9266
2023-04-22 15:13:58,244 - Epoch:041, train_loss:5.9155, val_auc:0.9416, val_ap: 0.9265
2023-04-22 15:13:58,933 - Epoch:042, train_loss:5.8691, val_auc:0.9414, val_ap: 0.9265
2023-04-22 15:13:59,558 - Epoch:043, train_loss:5.8309, val_auc:0.9413, val_ap: 0.9262
2023-04-22 15:14:00,266 - Epoch:044, train_loss:5.7923, val_auc:0.9412, val_ap: 0.9261
2023-04-22 15:14:00,855 - Epoch:045, train_loss:5.7428, val_auc:0.9410, val_ap: 0.9259
2023-04-22 15:14:01,544 - Epoch:046, train_loss:5.6551, val_auc:0.9409, val_ap: 0.9258
2023-04-22 15:14:02,089 - Epoch:047, train_loss:5.6415, val_auc:0.9408, val_ap: 0.9255
2023-04-22 15:14:02,822 - Epoch:048, train_loss:5.6336, val_auc:0.9406, val_ap: 0.9251
2023-04-22 15:14:03,416 - Epoch:049, train_loss:5.5681, val_auc:0.9405, val_ap: 0.9252
2023-04-22 15:14:04,132 - Epoch:050, train_loss:5.5532, val_auc:0.9403, val_ap: 0.9251
2023-04-22 15:14:04,781 - Epoch:051, train_loss:5.5291, val_auc:0.9402, val_ap: 0.9249
2023-04-22 15:14:05,412 - Epoch:052, train_loss:5.4404, val_auc:0.9400, val_ap: 0.9248
2023-04-22 15:14:06,103 - Epoch:053, train_loss:5.4637, val_auc:0.9399, val_ap: 0.9245
2023-04-22 15:14:06,669 - Epoch:054, train_loss:5.4132, val_auc:0.9397, val_ap: 0.9247
2023-04-22 15:14:07,360 - Epoch:055, train_loss:5.3905, val_auc:0.9396, val_ap: 0.9244
2023-04-22 15:14:07,905 - Epoch:056, train_loss:5.3712, val_auc:0.9394, val_ap: 0.9240
2023-04-22 15:14:08,620 - Epoch:057, train_loss:5.3524, val_auc:0.9392, val_ap: 0.9240
2023-04-22 15:14:09,195 - Epoch:058, train_loss:5.4146, val_auc:0.9390, val_ap: 0.9237
2023-04-22 15:14:09,911 - Epoch:059, train_loss:5.3593, val_auc:0.9388, val_ap: 0.9236
2023-04-22 15:14:10,508 - Epoch:060, train_loss:5.3171, val_auc:0.9387, val_ap: 0.9235
2023-04-22 15:14:11,164 - Epoch:061, train_loss:5.3282, val_auc:0.9385, val_ap: 0.9231
2023-04-22 15:14:11,786 - Epoch:062, train_loss:5.2779, val_auc:0.9383, val_ap: 0.9230
2023-04-22 15:14:12,408 - Epoch:063, train_loss:5.2606, val_auc:0.9381, val_ap: 0.9228
2023-04-22 15:14:13,073 - Epoch:064, train_loss:5.2900, val_auc:0.9379, val_ap: 0.9226
2023-04-22 15:14:13,662 - Epoch:065, train_loss:5.2377, val_auc:0.9377, val_ap: 0.9225
2023-04-22 15:14:14,355 - Epoch:066, train_loss:5.2551, val_auc:0.9375, val_ap: 0.9223
2023-04-22 15:14:14,904 - Epoch:067, train_loss:5.2335, val_auc:0.9373, val_ap: 0.9221
2023-04-22 15:14:15,601 - Epoch:068, train_loss:5.2246, val_auc:0.9371, val_ap: 0.9218
2023-04-22 15:14:16,172 - Epoch:069, train_loss:5.1914, val_auc:0.9369, val_ap: 0.9217
2023-04-22 15:14:16,890 - Epoch:070, train_loss:5.2050, val_auc:0.9368, val_ap: 0.9214
2023-04-22 15:14:17,501 - Epoch:071, train_loss:5.1749, val_auc:0.9366, val_ap: 0.9213
2023-04-22 15:14:18,170 - Epoch:072, train_loss:5.1496, val_auc:0.9364, val_ap: 0.9211
2023-04-22 15:14:18,779 - Epoch:073, train_loss:5.1752, val_auc:0.9362, val_ap: 0.9210
2023-04-22 15:14:19,428 - Epoch:074, train_loss:5.1385, val_auc:0.9361, val_ap: 0.9208
2023-04-22 15:14:20,089 - Epoch:075, train_loss:5.1456, val_auc:0.9359, val_ap: 0.9207
2023-04-22 15:14:20,668 - Epoch:076, train_loss:5.1268, val_auc:0.9359, val_ap: 0.9206
2023-04-22 15:14:21,350 - Epoch:077, train_loss:5.1046, val_auc:0.9358, val_ap: 0.9206
2023-04-22 15:14:21,896 - Epoch:078, train_loss:5.1000, val_auc:0.9360, val_ap: 0.9208
2023-04-22 15:14:22,585 - Epoch:079, train_loss:5.0476, val_auc:0.9365, val_ap: 0.9215
2023-04-22 15:14:23,122 - Epoch:080, train_loss:5.0346, val_auc:0.9378, val_ap: 0.9232
2023-04-22 15:14:23,851 - Epoch:081, train_loss:4.9102, val_auc:0.9400, val_ap: 0.9268
2023-04-22 15:14:24,454 - Epoch:082, train_loss:4.6893, val_auc:0.9399, val_ap: 0.9292
2023-04-22 15:14:25,165 - Epoch:083, train_loss:4.5253, val_auc:0.9409, val_ap: 0.9316
2023-04-22 15:14:25,817 - Epoch:084, train_loss:4.3700, val_auc:0.9417, val_ap: 0.9313
2023-04-22 15:14:26,518 - Epoch:085, train_loss:4.3085, val_auc:0.9414, val_ap: 0.9300
2023-04-22 15:14:27,152 - Epoch:086, train_loss:4.1828, val_auc:0.9402, val_ap: 0.9294
2023-04-22 15:14:27,779 - Epoch:087, train_loss:3.9593, val_auc:0.9393, val_ap: 0.9302
2023-04-22 15:14:28,434 - Epoch:088, train_loss:3.8428, val_auc:0.9374, val_ap: 0.9297
2023-04-22 15:14:29,085 - Epoch:089, train_loss:3.7346, val_auc:0.9371, val_ap: 0.9293
2023-04-22 15:14:29,755 - Epoch:090, train_loss:3.6594, val_auc:0.9390, val_ap: 0.9298
2023-04-22 15:14:30,355 - Epoch:091, train_loss:3.5501, val_auc:0.9408, val_ap: 0.9306
2023-04-22 15:14:31,045 - Epoch:092, train_loss:3.4155, val_auc:0.9422, val_ap: 0.9311
2023-04-22 15:14:31,613 - Epoch:093, train_loss:3.1470, val_auc:0.9427, val_ap: 0.9319
2023-04-22 15:14:32,323 - Epoch:094, train_loss:2.9578, val_auc:0.9424, val_ap: 0.9323
2023-04-22 15:14:32,809 - Epoch:095, train_loss:2.7993, val_auc:0.9414, val_ap: 0.9320
2023-04-22 15:14:33,500 - Epoch:096, train_loss:2.6955, val_auc:0.9407, val_ap: 0.9316
2023-04-22 15:14:33,994 - Epoch:097, train_loss:2.6318, val_auc:0.9407, val_ap: 0.9315
2023-04-22 15:14:34,732 - Epoch:098, train_loss:2.6036, val_auc:0.9404, val_ap: 0.9310
2023-04-22 15:14:35,283 - Epoch:099, train_loss:2.5514, val_auc:0.9403, val_ap: 0.9305
2023-04-22 15:14:36,018 - Epoch:100, train_loss:2.4653, val_auc:0.9407, val_ap: 0.9304
2023-04-22 15:14:36,594 - Epoch:101, train_loss:2.2988, val_auc:0.9410, val_ap: 0.9307
2023-04-22 15:14:37,292 - Epoch:102, train_loss:2.2445, val_auc:0.9415, val_ap: 0.9315
2023-04-22 15:14:37,900 - Epoch:103, train_loss:2.2121, val_auc:0.9417, val_ap: 0.9319
2023-04-22 15:14:38,615 - Epoch:104, train_loss:2.1727, val_auc:0.9414, val_ap: 0.9318
2023-04-22 15:14:39,263 - Epoch:105, train_loss:2.1392, val_auc:0.9410, val_ap: 0.9313
2023-04-22 15:14:39,893 - Epoch:106, train_loss:2.0887, val_auc:0.9408, val_ap: 0.9311
2023-04-22 15:14:40,620 - Epoch:107, train_loss:2.0256, val_auc:0.9409, val_ap: 0.9314
2023-04-22 15:14:41,204 - Epoch:108, train_loss:2.0248, val_auc:0.9409, val_ap: 0.9316
2023-04-22 15:14:41,905 - Epoch:109, train_loss:2.0237, val_auc:0.9405, val_ap: 0.9313
2023-04-22 15:14:42,472 - Epoch:110, train_loss:2.0012, val_auc:0.9400, val_ap: 0.9308
2023-04-22 15:14:43,218 - Epoch:111, train_loss:1.9697, val_auc:0.9394, val_ap: 0.9303
2023-04-22 15:14:43,802 - Epoch:112, train_loss:1.9538, val_auc:0.9393, val_ap: 0.9302
2023-04-22 15:14:44,589 - Epoch:113, train_loss:1.9250, val_auc:0.9394, val_ap: 0.9301
2023-04-22 15:14:45,224 - Epoch:114, train_loss:1.9172, val_auc:0.9396, val_ap: 0.9303
2023-04-22 15:14:45,914 - Epoch:115, train_loss:1.8857, val_auc:0.9399, val_ap: 0.9306
2023-04-22 15:14:46,604 - Epoch:116, train_loss:1.8702, val_auc:0.9405, val_ap: 0.9312
2023-04-22 15:14:47,242 - Epoch:117, train_loss:1.8655, val_auc:0.9410, val_ap: 0.9317
2023-04-22 15:14:47,938 - Epoch:118, train_loss:1.8561, val_auc:0.9412, val_ap: 0.9319
2023-04-22 15:14:48,542 - Epoch:119, train_loss:1.8556, val_auc:0.9407, val_ap: 0.9316
2023-04-22 15:14:49,266 - Epoch:120, train_loss:1.8264, val_auc:0.9398, val_ap: 0.9310
2023-04-22 15:14:49,872 - Epoch:121, train_loss:1.8142, val_auc:0.9392, val_ap: 0.9306
2023-04-22 15:14:50,609 - Epoch:122, train_loss:1.8104, val_auc:0.9392, val_ap: 0.9306
2023-04-22 15:14:51,214 - Epoch:123, train_loss:1.8000, val_auc:0.9398, val_ap: 0.9310
2023-04-22 15:14:51,956 - Epoch:124, train_loss:1.7984, val_auc:0.9404, val_ap: 0.9314
2023-04-22 15:14:52,576 - Epoch:125, train_loss:1.7923, val_auc:0.9409, val_ap: 0.9316
2023-04-22 15:14:53,289 - Epoch:126, train_loss:1.7726, val_auc:0.9409, val_ap: 0.9316
2023-04-22 15:14:53,896 - Epoch:127, train_loss:1.7692, val_auc:0.9407, val_ap: 0.9317
2023-04-22 15:14:54,649 - Epoch:128, train_loss:1.7608, val_auc:0.9406, val_ap: 0.9318
2023-04-22 15:14:55,331 - Epoch:129, train_loss:1.7544, val_auc:0.9404, val_ap: 0.9318
2023-04-22 15:14:56,010 - Epoch:130, train_loss:1.7509, val_auc:0.9404, val_ap: 0.9320
2023-04-22 15:14:56,686 - Epoch:131, train_loss:1.7599, val_auc:0.9407, val_ap: 0.9322
2023-04-22 15:14:57,348 - Epoch:132, train_loss:1.7457, val_auc:0.9408, val_ap: 0.9323
2023-04-22 15:14:58,095 - Epoch:133, train_loss:1.7393, val_auc:0.9408, val_ap: 0.9323
2023-04-22 15:14:58,712 - Epoch:134, train_loss:1.7235, val_auc:0.9410, val_ap: 0.9324
2023-04-22 15:14:59,441 - Epoch:135, train_loss:1.7266, val_auc:0.9411, val_ap: 0.9324
2023-04-22 15:15:00,097 - Epoch:136, train_loss:1.7286, val_auc:0.9413, val_ap: 0.9325
2023-04-22 15:15:00,853 - Epoch:137, train_loss:1.7090, val_auc:0.9415, val_ap: 0.9327
2023-04-22 15:15:01,474 - Epoch:138, train_loss:1.6934, val_auc:0.9414, val_ap: 0.9328
2023-04-22 15:15:02,206 - Epoch:139, train_loss:1.7082, val_auc:0.9414, val_ap: 0.9329
2023-04-22 15:15:02,817 - Epoch:140, train_loss:1.6880, val_auc:0.9413, val_ap: 0.9329
2023-04-22 15:15:03,539 - Epoch:141, train_loss:1.6953, val_auc:0.9411, val_ap: 0.9329
2023-04-22 15:15:04,056 - Epoch:142, train_loss:1.6897, val_auc:0.9413, val_ap: 0.9332
2023-04-22 15:15:04,819 - Epoch:143, train_loss:1.6836, val_auc:0.9418, val_ap: 0.9336
2023-04-22 15:15:05,478 - Epoch:144, train_loss:1.6860, val_auc:0.9421, val_ap: 0.9337, text_auc:0.9449, text_ap: 0.9395
2023-04-22 15:15:06,227 - Epoch:145, train_loss:1.6691, val_auc:0.9420, val_ap: 0.9336
2023-04-22 15:15:06,855 - Epoch:146, train_loss:1.6664, val_auc:0.9418, val_ap: 0.9335
2023-04-22 15:15:07,562 - Epoch:147, train_loss:1.6642, val_auc:0.9417, val_ap: 0.9335
2023-04-22 15:15:08,175 - Epoch:148, train_loss:1.6666, val_auc:0.9417, val_ap: 0.9335
2023-04-22 15:15:08,899 - Epoch:149, train_loss:1.6645, val_auc:0.9419, val_ap: 0.9337
2023-04-22 15:15:09,558 - Epoch:150, train_loss:1.6552, val_auc:0.9423, val_ap: 0.9340, text_auc:0.9451, text_ap: 0.9399
2023-04-22 15:15:10,267 - Epoch:151, train_loss:1.6659, val_auc:0.9427, val_ap: 0.9344, text_auc:0.9456, text_ap: 0.9403
2023-04-22 15:15:11,038 - Epoch:152, train_loss:1.6486, val_auc:0.9428, val_ap: 0.9346, text_auc:0.9457, text_ap: 0.9405
2023-04-22 15:15:11,603 - Epoch:153, train_loss:1.6517, val_auc:0.9426, val_ap: 0.9345
2023-04-22 15:15:12,323 - Epoch:154, train_loss:1.6320, val_auc:0.9423, val_ap: 0.9344
2023-04-22 15:15:12,890 - Epoch:155, train_loss:1.6404, val_auc:0.9422, val_ap: 0.9343
2023-04-22 15:15:13,656 - Epoch:156, train_loss:1.6300, val_auc:0.9423, val_ap: 0.9344
2023-04-22 15:15:14,215 - Epoch:157, train_loss:1.6271, val_auc:0.9426, val_ap: 0.9346
2023-04-22 15:15:15,011 - Epoch:158, train_loss:1.6229, val_auc:0.9427, val_ap: 0.9347, text_auc:0.9456, text_ap: 0.9406
2023-04-22 15:15:15,563 - Epoch:159, train_loss:1.6161, val_auc:0.9428, val_ap: 0.9347, text_auc:0.9457, text_ap: 0.9407
2023-04-22 15:15:16,368 - Epoch:160, train_loss:1.6212, val_auc:0.9428, val_ap: 0.9348, text_auc:0.9458, text_ap: 0.9408
2023-04-22 15:15:17,004 - Epoch:161, train_loss:1.6092, val_auc:0.9431, val_ap: 0.9350, text_auc:0.9460, text_ap: 0.9410
2023-04-22 15:15:17,760 - Epoch:162, train_loss:1.6058, val_auc:0.9430, val_ap: 0.9351, text_auc:0.9460, text_ap: 0.9411
2023-04-22 15:15:18,458 - Epoch:163, train_loss:1.6102, val_auc:0.9428, val_ap: 0.9350
2023-04-22 15:15:19,106 - Epoch:164, train_loss:1.6044, val_auc:0.9427, val_ap: 0.9350
2023-04-22 15:15:19,878 - Epoch:165, train_loss:1.5968, val_auc:0.9430, val_ap: 0.9352, text_auc:0.9459, text_ap: 0.9411
2023-04-22 15:15:20,492 - Epoch:166, train_loss:1.5830, val_auc:0.9434, val_ap: 0.9355, text_auc:0.9463, text_ap: 0.9414
2023-04-22 15:15:21,262 - Epoch:167, train_loss:1.5817, val_auc:0.9435, val_ap: 0.9357, text_auc:0.9465, text_ap: 0.9416
2023-04-22 15:15:21,804 - Epoch:168, train_loss:1.5828, val_auc:0.9433, val_ap: 0.9356
2023-04-22 15:15:22,553 - Epoch:169, train_loss:1.5796, val_auc:0.9432, val_ap: 0.9356
2023-04-22 15:15:23,111 - Epoch:170, train_loss:1.5684, val_auc:0.9433, val_ap: 0.9356
2023-04-22 15:15:23,913 - Epoch:171, train_loss:1.5784, val_auc:0.9435, val_ap: 0.9358, text_auc:0.9465, text_ap: 0.9417
2023-04-22 15:15:24,549 - Epoch:172, train_loss:1.5775, val_auc:0.9439, val_ap: 0.9360, text_auc:0.9469, text_ap: 0.9420
2023-04-22 15:15:25,305 - Epoch:173, train_loss:1.5771, val_auc:0.9441, val_ap: 0.9361, text_auc:0.9471, text_ap: 0.9421
2023-04-22 15:15:25,940 - Epoch:174, train_loss:1.5818, val_auc:0.9439, val_ap: 0.9360
2023-04-22 15:15:26,648 - Epoch:175, train_loss:1.5706, val_auc:0.9438, val_ap: 0.9360
2023-04-22 15:15:27,262 - Epoch:176, train_loss:1.5504, val_auc:0.9439, val_ap: 0.9361
2023-04-22 15:15:27,956 - Epoch:177, train_loss:1.5555, val_auc:0.9439, val_ap: 0.9362
2023-04-22 15:15:28,585 - Epoch:178, train_loss:1.5556, val_auc:0.9439, val_ap: 0.9362
2023-04-22 15:15:29,263 - Epoch:179, train_loss:1.5423, val_auc:0.9439, val_ap: 0.9362
2023-04-22 15:15:29,911 - Epoch:180, train_loss:1.5343, val_auc:0.9438, val_ap: 0.9362
2023-04-22 15:15:30,589 - Epoch:181, train_loss:1.5439, val_auc:0.9437, val_ap: 0.9362
2023-04-22 15:15:31,293 - Epoch:182, train_loss:1.5480, val_auc:0.9439, val_ap: 0.9363, text_auc:0.9470, text_ap: 0.9424
2023-04-22 15:15:31,994 - Epoch:183, train_loss:1.5388, val_auc:0.9442, val_ap: 0.9366, text_auc:0.9474, text_ap: 0.9427
2023-04-22 15:15:32,799 - Epoch:184, train_loss:1.5324, val_auc:0.9445, val_ap: 0.9368, text_auc:0.9476, text_ap: 0.9429
2023-04-22 15:15:33,408 - Epoch:185, train_loss:1.5351, val_auc:0.9446, val_ap: 0.9369, text_auc:0.9477, text_ap: 0.9430
2023-04-22 15:15:34,175 - Epoch:186, train_loss:1.5244, val_auc:0.9444, val_ap: 0.9368
2023-04-22 15:15:34,662 - Epoch:187, train_loss:1.5279, val_auc:0.9444, val_ap: 0.9367
2023-04-22 15:15:35,415 - Epoch:188, train_loss:1.5154, val_auc:0.9443, val_ap: 0.9366
2023-04-22 15:15:36,012 - Epoch:189, train_loss:1.5081, val_auc:0.9442, val_ap: 0.9366
2023-04-22 15:15:36,757 - Epoch:190, train_loss:1.5056, val_auc:0.9443, val_ap: 0.9366
2023-04-22 15:15:37,344 - Epoch:191, train_loss:1.5021, val_auc:0.9444, val_ap: 0.9367
2023-04-22 15:15:38,092 - Epoch:192, train_loss:1.5016, val_auc:0.9446, val_ap: 0.9369
2023-04-22 15:15:38,715 - Epoch:193, train_loss:1.4988, val_auc:0.9448, val_ap: 0.9371, text_auc:0.9480, text_ap: 0.9433
2023-04-22 15:15:39,423 - Epoch:194, train_loss:1.5070, val_auc:0.9447, val_ap: 0.9370
2023-04-22 15:15:40,015 - Epoch:195, train_loss:1.4976, val_auc:0.9445, val_ap: 0.9369
2023-04-22 15:15:40,752 - Epoch:196, train_loss:1.4874, val_auc:0.9445, val_ap: 0.9368
2023-04-22 15:15:41,384 - Epoch:197, train_loss:1.4890, val_auc:0.9444, val_ap: 0.9368
2023-04-22 15:15:42,069 - Epoch:198, train_loss:1.4880, val_auc:0.9443, val_ap: 0.9367
2023-04-22 15:15:42,819 - Epoch:199, train_loss:1.4711, val_auc:0.9445, val_ap: 0.9368
2023-04-22 15:15:42,821 - final results:
2023-04-22 15:15:42,821 - ====================================================================================
2023-04-22 15:15:42,821 - AUC:0.9470+-0.0010 [0.9479730036551768, 0.946460408698741, 0.9457068223854489, 0.9480209928415091]
2023-04-22 15:15:42,822 - AP:0.9417+-0.0012 [0.9423444863736954, 0.9407701905181325, 0.9402416778826354, 0.9433052406940672]
2023-04-22 15:15:43,721 - Epoch:000, train_loss:16.8694, val_auc:0.9345, val_ap: 0.9291, text_auc:0.9390, text_ap: 0.9336
2023-04-22 15:15:44,470 - Epoch:001, train_loss:16.4611, val_auc:0.9420, val_ap: 0.9342, text_auc:0.9455, text_ap: 0.9379
2023-04-22 15:15:45,177 - Epoch:002, train_loss:15.9509, val_auc:0.9450, val_ap: 0.9362, text_auc:0.9477, text_ap: 0.9392
2023-04-22 15:15:45,841 - Epoch:003, train_loss:15.4807, val_auc:0.9463, val_ap: 0.9370, text_auc:0.9482, text_ap: 0.9392
2023-04-22 15:15:46,616 - Epoch:004, train_loss:15.0998, val_auc:0.9468, val_ap: 0.9367, text_auc:0.9484, text_ap: 0.9389
2023-04-22 15:15:47,222 - Epoch:005, train_loss:14.6425, val_auc:0.9471, val_ap: 0.9367, text_auc:0.9484, text_ap: 0.9387
2023-04-22 15:15:47,986 - Epoch:006, train_loss:14.2186, val_auc:0.9472, val_ap: 0.9366, text_auc:0.9482, text_ap: 0.9384
2023-04-22 15:15:48,530 - Epoch:007, train_loss:13.9030, val_auc:0.9473, val_ap: 0.9365
2023-04-22 15:15:49,278 - Epoch:008, train_loss:13.4666, val_auc:0.9472, val_ap: 0.9363
2023-04-22 15:15:49,813 - Epoch:009, train_loss:13.0539, val_auc:0.9471, val_ap: 0.9362
2023-04-22 15:15:50,555 - Epoch:010, train_loss:12.6841, val_auc:0.9471, val_ap: 0.9359
2023-04-22 15:15:51,100 - Epoch:011, train_loss:12.3325, val_auc:0.9470, val_ap: 0.9358
2023-04-22 15:15:51,837 - Epoch:012, train_loss:11.9408, val_auc:0.9469, val_ap: 0.9357
2023-04-22 15:15:52,445 - Epoch:013, train_loss:11.6072, val_auc:0.9468, val_ap: 0.9355
2023-04-22 15:15:53,166 - Epoch:014, train_loss:11.2899, val_auc:0.9467, val_ap: 0.9352
2023-04-22 15:15:53,859 - Epoch:015, train_loss:10.8369, val_auc:0.9466, val_ap: 0.9351
2023-04-22 15:15:54,517 - Epoch:016, train_loss:10.5810, val_auc:0.9466, val_ap: 0.9349
2023-04-22 15:15:55,149 - Epoch:017, train_loss:10.2469, val_auc:0.9465, val_ap: 0.9348
2023-04-22 15:15:55,811 - Epoch:018, train_loss:9.9516, val_auc:0.9464, val_ap: 0.9346
2023-04-22 15:15:56,496 - Epoch:019, train_loss:9.6748, val_auc:0.9463, val_ap: 0.9346
2023-04-22 15:15:57,128 - Epoch:020, train_loss:9.4277, val_auc:0.9463, val_ap: 0.9346
2023-04-22 15:15:57,789 - Epoch:021, train_loss:9.0501, val_auc:0.9462, val_ap: 0.9345
2023-04-22 15:15:58,418 - Epoch:022, train_loss:8.8330, val_auc:0.9461, val_ap: 0.9343
2023-04-22 15:15:59,111 - Epoch:023, train_loss:8.4921, val_auc:0.9460, val_ap: 0.9341
2023-04-22 15:15:59,727 - Epoch:024, train_loss:8.2905, val_auc:0.9459, val_ap: 0.9340
2023-04-22 15:16:00,452 - Epoch:025, train_loss:8.0870, val_auc:0.9458, val_ap: 0.9338
2023-04-22 15:16:01,054 - Epoch:026, train_loss:7.8973, val_auc:0.9457, val_ap: 0.9336
2023-04-22 15:16:01,809 - Epoch:027, train_loss:7.6367, val_auc:0.9456, val_ap: 0.9335
2023-04-22 15:16:02,354 - Epoch:028, train_loss:7.4970, val_auc:0.9455, val_ap: 0.9333
2023-04-22 15:16:03,064 - Epoch:029, train_loss:7.2709, val_auc:0.9454, val_ap: 0.9332
2023-04-22 15:16:03,610 - Epoch:030, train_loss:7.1605, val_auc:0.9454, val_ap: 0.9331
2023-04-22 15:16:04,365 - Epoch:031, train_loss:7.0234, val_auc:0.9453, val_ap: 0.9330
2023-04-22 15:16:04,919 - Epoch:032, train_loss:6.8545, val_auc:0.9452, val_ap: 0.9330
2023-04-22 15:16:05,660 - Epoch:033, train_loss:6.7402, val_auc:0.9451, val_ap: 0.9328
2023-04-22 15:16:06,260 - Epoch:034, train_loss:6.5644, val_auc:0.9450, val_ap: 0.9326
2023-04-22 15:16:06,970 - Epoch:035, train_loss:6.4261, val_auc:0.9449, val_ap: 0.9325
2023-04-22 15:16:07,585 - Epoch:036, train_loss:6.3253, val_auc:0.9447, val_ap: 0.9323
2023-04-22 15:16:08,286 - Epoch:037, train_loss:6.2505, val_auc:0.9446, val_ap: 0.9321
2023-04-22 15:16:08,961 - Epoch:038, train_loss:6.1613, val_auc:0.9444, val_ap: 0.9319
2023-04-22 15:16:09,640 - Epoch:039, train_loss:6.0708, val_auc:0.9443, val_ap: 0.9318
2023-04-22 15:16:10,320 - Epoch:040, train_loss:6.0110, val_auc:0.9442, val_ap: 0.9316
2023-04-22 15:16:10,954 - Epoch:041, train_loss:5.9532, val_auc:0.9441, val_ap: 0.9314
2023-04-22 15:16:11,654 - Epoch:042, train_loss:5.8343, val_auc:0.9439, val_ap: 0.9313
2023-04-22 15:16:12,252 - Epoch:043, train_loss:5.8458, val_auc:0.9438, val_ap: 0.9311
2023-04-22 15:16:12,963 - Epoch:044, train_loss:5.7575, val_auc:0.9437, val_ap: 0.9311
2023-04-22 15:16:13,513 - Epoch:045, train_loss:5.7429, val_auc:0.9435, val_ap: 0.9308
2023-04-22 15:16:14,225 - Epoch:046, train_loss:5.7078, val_auc:0.9434, val_ap: 0.9307
2023-04-22 15:16:14,772 - Epoch:047, train_loss:5.6261, val_auc:0.9432, val_ap: 0.9303
2023-04-22 15:16:15,501 - Epoch:048, train_loss:5.5613, val_auc:0.9431, val_ap: 0.9302
2023-04-22 15:16:16,049 - Epoch:049, train_loss:5.5754, val_auc:0.9429, val_ap: 0.9301
2023-04-22 15:16:16,791 - Epoch:050, train_loss:5.5236, val_auc:0.9427, val_ap: 0.9299
2023-04-22 15:16:17,299 - Epoch:051, train_loss:5.4594, val_auc:0.9426, val_ap: 0.9298
2023-04-22 15:16:17,986 - Epoch:052, train_loss:5.4682, val_auc:0.9424, val_ap: 0.9295
2023-04-22 15:16:18,614 - Epoch:053, train_loss:5.4274, val_auc:0.9422, val_ap: 0.9293
2023-04-22 15:16:19,305 - Epoch:054, train_loss:5.4620, val_auc:0.9421, val_ap: 0.9291
2023-04-22 15:16:19,929 - Epoch:055, train_loss:5.4336, val_auc:0.9419, val_ap: 0.9290
2023-04-22 15:16:20,620 - Epoch:056, train_loss:5.3644, val_auc:0.9417, val_ap: 0.9287
2023-04-22 15:16:21,237 - Epoch:057, train_loss:5.3464, val_auc:0.9415, val_ap: 0.9284
2023-04-22 15:16:21,941 - Epoch:058, train_loss:5.3523, val_auc:0.9414, val_ap: 0.9282
2023-04-22 15:16:22,491 - Epoch:059, train_loss:5.3334, val_auc:0.9412, val_ap: 0.9281
2023-04-22 15:16:23,210 - Epoch:060, train_loss:5.3235, val_auc:0.9410, val_ap: 0.9277
2023-04-22 15:16:23,775 - Epoch:061, train_loss:5.2934, val_auc:0.9408, val_ap: 0.9276
2023-04-22 15:16:24,511 - Epoch:062, train_loss:5.2761, val_auc:0.9407, val_ap: 0.9274
2023-04-22 15:16:25,115 - Epoch:063, train_loss:5.2997, val_auc:0.9405, val_ap: 0.9271
2023-04-22 15:16:25,819 - Epoch:064, train_loss:5.2477, val_auc:0.9403, val_ap: 0.9270
2023-04-22 15:16:26,429 - Epoch:065, train_loss:5.2154, val_auc:0.9401, val_ap: 0.9268
2023-04-22 15:16:27,101 - Epoch:066, train_loss:5.2498, val_auc:0.9399, val_ap: 0.9265
2023-04-22 15:16:27,737 - Epoch:067, train_loss:5.2262, val_auc:0.9397, val_ap: 0.9264
2023-04-22 15:16:28,391 - Epoch:068, train_loss:5.2438, val_auc:0.9396, val_ap: 0.9261
2023-04-22 15:16:29,040 - Epoch:069, train_loss:5.2446, val_auc:0.9394, val_ap: 0.9260
2023-04-22 15:16:29,673 - Epoch:070, train_loss:5.1651, val_auc:0.9392, val_ap: 0.9257
2023-04-22 15:16:30,338 - Epoch:071, train_loss:5.1774, val_auc:0.9390, val_ap: 0.9255
2023-04-22 15:16:30,947 - Epoch:072, train_loss:5.1559, val_auc:0.9388, val_ap: 0.9252
2023-04-22 15:16:31,640 - Epoch:073, train_loss:5.1937, val_auc:0.9387, val_ap: 0.9251
2023-04-22 15:16:32,217 - Epoch:074, train_loss:5.1503, val_auc:0.9385, val_ap: 0.9249
2023-04-22 15:16:32,918 - Epoch:075, train_loss:5.1283, val_auc:0.9383, val_ap: 0.9247
2023-04-22 15:16:33,469 - Epoch:076, train_loss:5.1589, val_auc:0.9382, val_ap: 0.9245
2023-04-22 15:16:34,197 - Epoch:077, train_loss:5.1174, val_auc:0.9381, val_ap: 0.9244
2023-04-22 15:16:34,757 - Epoch:078, train_loss:5.0831, val_auc:0.9380, val_ap: 0.9242
2023-04-22 15:16:35,487 - Epoch:079, train_loss:5.0502, val_auc:0.9379, val_ap: 0.9241
2023-04-22 15:16:36,093 - Epoch:080, train_loss:5.0839, val_auc:0.9379, val_ap: 0.9240
2023-04-22 15:16:36,765 - Epoch:081, train_loss:5.0457, val_auc:0.9380, val_ap: 0.9241
2023-04-22 15:16:37,375 - Epoch:082, train_loss:5.0239, val_auc:0.9383, val_ap: 0.9242
2023-04-22 15:16:38,008 - Epoch:083, train_loss:4.9811, val_auc:0.9388, val_ap: 0.9247
2023-04-22 15:16:38,677 - Epoch:084, train_loss:4.9384, val_auc:0.9400, val_ap: 0.9258
2023-04-22 15:16:39,266 - Epoch:085, train_loss:4.7849, val_auc:0.9422, val_ap: 0.9286
2023-04-22 15:16:39,949 - Epoch:086, train_loss:4.5194, val_auc:0.9448, val_ap: 0.9329
2023-04-22 15:16:40,501 - Epoch:087, train_loss:4.2144, val_auc:0.9469, val_ap: 0.9356
2023-04-22 15:16:41,185 - Epoch:088, train_loss:3.9602, val_auc:0.9473, val_ap: 0.9359
2023-04-22 15:16:41,721 - Epoch:089, train_loss:3.6074, val_auc:0.9462, val_ap: 0.9353
2023-04-22 15:16:42,442 - Epoch:090, train_loss:3.3367, val_auc:0.9445, val_ap: 0.9338
2023-04-22 15:16:43,022 - Epoch:091, train_loss:3.1456, val_auc:0.9432, val_ap: 0.9329
2023-04-22 15:16:43,716 - Epoch:092, train_loss:3.0082, val_auc:0.9428, val_ap: 0.9328
2023-04-22 15:16:44,321 - Epoch:093, train_loss:2.9094, val_auc:0.9433, val_ap: 0.9333
2023-04-22 15:16:44,959 - Epoch:094, train_loss:2.8566, val_auc:0.9440, val_ap: 0.9341
2023-04-22 15:16:45,565 - Epoch:095, train_loss:2.7881, val_auc:0.9445, val_ap: 0.9347
2023-04-22 15:16:46,182 - Epoch:096, train_loss:2.6854, val_auc:0.9445, val_ap: 0.9346
2023-04-22 15:16:46,817 - Epoch:097, train_loss:2.5842, val_auc:0.9442, val_ap: 0.9344
2023-04-22 15:16:47,423 - Epoch:098, train_loss:2.4836, val_auc:0.9437, val_ap: 0.9341
2023-04-22 15:16:48,090 - Epoch:099, train_loss:2.3758, val_auc:0.9427, val_ap: 0.9330
2023-04-22 15:16:48,638 - Epoch:100, train_loss:2.2418, val_auc:0.9433, val_ap: 0.9340
2023-04-22 15:16:49,309 - Epoch:101, train_loss:2.2771, val_auc:0.9431, val_ap: 0.9341
2023-04-22 15:16:49,840 - Epoch:102, train_loss:2.2855, val_auc:0.9423, val_ap: 0.9335
2023-04-22 15:16:50,523 - Epoch:103, train_loss:2.1920, val_auc:0.9419, val_ap: 0.9330
2023-04-22 15:16:51,026 - Epoch:104, train_loss:2.1059, val_auc:0.9417, val_ap: 0.9328
2023-04-22 15:16:51,705 - Epoch:105, train_loss:2.0555, val_auc:0.9414, val_ap: 0.9326
2023-04-22 15:16:52,189 - Epoch:106, train_loss:2.0589, val_auc:0.9414, val_ap: 0.9327
2023-04-22 15:16:52,870 - Epoch:107, train_loss:2.0594, val_auc:0.9419, val_ap: 0.9330
2023-04-22 15:16:53,342 - Epoch:108, train_loss:2.0438, val_auc:0.9423, val_ap: 0.9332
2023-04-22 15:16:54,022 - Epoch:109, train_loss:1.9956, val_auc:0.9424, val_ap: 0.9333
2023-04-22 15:16:54,471 - Epoch:110, train_loss:1.9678, val_auc:0.9421, val_ap: 0.9334
2023-04-22 15:16:55,161 - Epoch:111, train_loss:1.9319, val_auc:0.9414, val_ap: 0.9332
2023-04-22 15:16:55,604 - Epoch:112, train_loss:1.9394, val_auc:0.9407, val_ap: 0.9329
2023-04-22 15:16:56,305 - Epoch:113, train_loss:1.9219, val_auc:0.9404, val_ap: 0.9326
2023-04-22 15:16:56,780 - Epoch:114, train_loss:1.9073, val_auc:0.9409, val_ap: 0.9327
2023-04-22 15:16:57,493 - Epoch:115, train_loss:1.8763, val_auc:0.9417, val_ap: 0.9330
2023-04-22 15:16:57,991 - Epoch:116, train_loss:1.8826, val_auc:0.9424, val_ap: 0.9334
2023-04-22 15:16:58,699 - Epoch:117, train_loss:1.8686, val_auc:0.9428, val_ap: 0.9337
2023-04-22 15:16:59,233 - Epoch:118, train_loss:1.8543, val_auc:0.9423, val_ap: 0.9337
2023-04-22 15:16:59,933 - Epoch:119, train_loss:1.8500, val_auc:0.9412, val_ap: 0.9331
2023-04-22 15:17:00,484 - Epoch:120, train_loss:1.8269, val_auc:0.9402, val_ap: 0.9327
2023-04-22 15:17:01,162 - Epoch:121, train_loss:1.8280, val_auc:0.9399, val_ap: 0.9327
2023-04-22 15:17:01,700 - Epoch:122, train_loss:1.8233, val_auc:0.9403, val_ap: 0.9331
2023-04-22 15:17:02,367 - Epoch:123, train_loss:1.8111, val_auc:0.9414, val_ap: 0.9338
2023-04-22 15:17:02,883 - Epoch:124, train_loss:1.7961, val_auc:0.9422, val_ap: 0.9344
2023-04-22 15:17:03,560 - Epoch:125, train_loss:1.7781, val_auc:0.9426, val_ap: 0.9346
2023-04-22 15:17:04,089 - Epoch:126, train_loss:1.7934, val_auc:0.9425, val_ap: 0.9346
2023-04-22 15:17:04,771 - Epoch:127, train_loss:1.7690, val_auc:0.9422, val_ap: 0.9344
2023-04-22 15:17:05,334 - Epoch:128, train_loss:1.7773, val_auc:0.9420, val_ap: 0.9344
2023-04-22 15:17:05,989 - Epoch:129, train_loss:1.7581, val_auc:0.9420, val_ap: 0.9345
2023-04-22 15:17:06,522 - Epoch:130, train_loss:1.7653, val_auc:0.9420, val_ap: 0.9346
2023-04-22 15:17:07,186 - Epoch:131, train_loss:1.7575, val_auc:0.9420, val_ap: 0.9346
2023-04-22 15:17:07,706 - Epoch:132, train_loss:1.7490, val_auc:0.9422, val_ap: 0.9348
2023-04-22 15:17:08,381 - Epoch:133, train_loss:1.7422, val_auc:0.9423, val_ap: 0.9349
2023-04-22 15:17:08,901 - Epoch:134, train_loss:1.7336, val_auc:0.9425, val_ap: 0.9350
2023-04-22 15:17:09,577 - Epoch:135, train_loss:1.7437, val_auc:0.9429, val_ap: 0.9353
2023-04-22 15:17:10,113 - Epoch:136, train_loss:1.7183, val_auc:0.9432, val_ap: 0.9356
2023-04-22 15:17:10,791 - Epoch:137, train_loss:1.7298, val_auc:0.9432, val_ap: 0.9357
2023-04-22 15:17:11,354 - Epoch:138, train_loss:1.7041, val_auc:0.9432, val_ap: 0.9358
2023-04-22 15:17:12,010 - Epoch:139, train_loss:1.7078, val_auc:0.9431, val_ap: 0.9358
2023-04-22 15:17:12,554 - Epoch:140, train_loss:1.6968, val_auc:0.9431, val_ap: 0.9358
2023-04-22 15:17:13,212 - Epoch:141, train_loss:1.6841, val_auc:0.9429, val_ap: 0.9358
2023-04-22 15:17:13,754 - Epoch:142, train_loss:1.6950, val_auc:0.9430, val_ap: 0.9359
2023-04-22 15:17:14,420 - Epoch:143, train_loss:1.6958, val_auc:0.9432, val_ap: 0.9361
2023-04-22 15:17:14,965 - Epoch:144, train_loss:1.6781, val_auc:0.9433, val_ap: 0.9363
2023-04-22 15:17:15,629 - Epoch:145, train_loss:1.6569, val_auc:0.9436, val_ap: 0.9366
2023-04-22 15:17:16,204 - Epoch:146, train_loss:1.6675, val_auc:0.9435, val_ap: 0.9367
2023-04-22 15:17:16,852 - Epoch:147, train_loss:1.6628, val_auc:0.9433, val_ap: 0.9365
2023-04-22 15:17:17,435 - Epoch:148, train_loss:1.6617, val_auc:0.9433, val_ap: 0.9364
2023-04-22 15:17:18,073 - Epoch:149, train_loss:1.6616, val_auc:0.9433, val_ap: 0.9364
2023-04-22 15:17:18,632 - Epoch:150, train_loss:1.6607, val_auc:0.9437, val_ap: 0.9367
2023-04-22 15:17:19,281 - Epoch:151, train_loss:1.6493, val_auc:0.9441, val_ap: 0.9371
2023-04-22 15:17:19,810 - Epoch:152, train_loss:1.6478, val_auc:0.9443, val_ap: 0.9374
2023-04-22 15:17:20,479 - Epoch:153, train_loss:1.6507, val_auc:0.9443, val_ap: 0.9375
2023-04-22 15:17:21,000 - Epoch:154, train_loss:1.6570, val_auc:0.9440, val_ap: 0.9374
2023-04-22 15:17:21,675 - Epoch:155, train_loss:1.6407, val_auc:0.9439, val_ap: 0.9373
2023-04-22 15:17:22,178 - Epoch:156, train_loss:1.6284, val_auc:0.9441, val_ap: 0.9375
2023-04-22 15:17:22,867 - Epoch:157, train_loss:1.6239, val_auc:0.9445, val_ap: 0.9378
2023-04-22 15:17:23,381 - Epoch:158, train_loss:1.6288, val_auc:0.9448, val_ap: 0.9381
2023-04-22 15:17:24,068 - Epoch:159, train_loss:1.6263, val_auc:0.9449, val_ap: 0.9382
2023-04-22 15:17:24,600 - Epoch:160, train_loss:1.6090, val_auc:0.9449, val_ap: 0.9383
2023-04-22 15:17:25,290 - Epoch:161, train_loss:1.6178, val_auc:0.9448, val_ap: 0.9382
2023-04-22 15:17:25,861 - Epoch:162, train_loss:1.6039, val_auc:0.9445, val_ap: 0.9381
2023-04-22 15:17:26,540 - Epoch:163, train_loss:1.6041, val_auc:0.9447, val_ap: 0.9382
2023-04-22 15:17:27,177 - Epoch:164, train_loss:1.6071, val_auc:0.9449, val_ap: 0.9385
2023-04-22 15:17:27,795 - Epoch:165, train_loss:1.5961, val_auc:0.9451, val_ap: 0.9387
2023-04-22 15:17:28,447 - Epoch:166, train_loss:1.5913, val_auc:0.9451, val_ap: 0.9387
2023-04-22 15:17:29,042 - Epoch:167, train_loss:1.5886, val_auc:0.9450, val_ap: 0.9387
2023-04-22 15:17:29,703 - Epoch:168, train_loss:1.5888, val_auc:0.9450, val_ap: 0.9388
2023-04-22 15:17:30,311 - Epoch:169, train_loss:1.5904, val_auc:0.9452, val_ap: 0.9389, text_auc:0.9435, text_ap: 0.9368
2023-04-22 15:17:31,049 - Epoch:170, train_loss:1.5887, val_auc:0.9453, val_ap: 0.9391, text_auc:0.9436, text_ap: 0.9370
2023-04-22 15:17:31,619 - Epoch:171, train_loss:1.5898, val_auc:0.9456, val_ap: 0.9393, text_auc:0.9439, text_ap: 0.9372
2023-04-22 15:17:32,385 - Epoch:172, train_loss:1.5872, val_auc:0.9456, val_ap: 0.9393, text_auc:0.9439, text_ap: 0.9373
2023-04-22 15:17:32,975 - Epoch:173, train_loss:1.5635, val_auc:0.9455, val_ap: 0.9394
2023-04-22 15:17:33,660 - Epoch:174, train_loss:1.5698, val_auc:0.9453, val_ap: 0.9392
2023-04-22 15:17:34,261 - Epoch:175, train_loss:1.5563, val_auc:0.9452, val_ap: 0.9392
2023-04-22 15:17:34,935 - Epoch:176, train_loss:1.5701, val_auc:0.9456, val_ap: 0.9395, text_auc:0.9438, text_ap: 0.9374
2023-04-22 15:17:35,641 - Epoch:177, train_loss:1.5571, val_auc:0.9461, val_ap: 0.9399, text_auc:0.9443, text_ap: 0.9378
2023-04-22 15:17:36,238 - Epoch:178, train_loss:1.5561, val_auc:0.9462, val_ap: 0.9400, text_auc:0.9444, text_ap: 0.9379
2023-04-22 15:17:36,967 - Epoch:179, train_loss:1.5523, val_auc:0.9462, val_ap: 0.9400, text_auc:0.9444, text_ap: 0.9380
2023-04-22 15:17:37,526 - Epoch:180, train_loss:1.5450, val_auc:0.9461, val_ap: 0.9400
2023-04-22 15:17:38,279 - Epoch:181, train_loss:1.5371, val_auc:0.9460, val_ap: 0.9400
2023-04-22 15:17:38,893 - Epoch:182, train_loss:1.5518, val_auc:0.9461, val_ap: 0.9401
2023-04-22 15:17:39,608 - Epoch:183, train_loss:1.5334, val_auc:0.9463, val_ap: 0.9403, text_auc:0.9446, text_ap: 0.9383
2023-04-22 15:17:40,280 - Epoch:184, train_loss:1.5291, val_auc:0.9465, val_ap: 0.9404, text_auc:0.9447, text_ap: 0.9384
2023-04-22 15:17:40,910 - Epoch:185, train_loss:1.5385, val_auc:0.9467, val_ap: 0.9406, text_auc:0.9449, text_ap: 0.9385
2023-04-22 15:17:41,608 - Epoch:186, train_loss:1.5377, val_auc:0.9466, val_ap: 0.9406
2023-04-22 15:17:42,141 - Epoch:187, train_loss:1.5348, val_auc:0.9463, val_ap: 0.9404
2023-04-22 15:17:42,838 - Epoch:188, train_loss:1.5215, val_auc:0.9462, val_ap: 0.9404
2023-04-22 15:17:43,404 - Epoch:189, train_loss:1.5276, val_auc:0.9463, val_ap: 0.9404
2023-04-22 15:17:44,123 - Epoch:190, train_loss:1.5050, val_auc:0.9465, val_ap: 0.9406
2023-04-22 15:17:44,776 - Epoch:191, train_loss:1.5110, val_auc:0.9470, val_ap: 0.9410, text_auc:0.9452, text_ap: 0.9389
2023-04-22 15:17:45,457 - Epoch:192, train_loss:1.5061, val_auc:0.9473, val_ap: 0.9412, text_auc:0.9455, text_ap: 0.9392
2023-04-22 15:17:46,174 - Epoch:193, train_loss:1.5075, val_auc:0.9473, val_ap: 0.9413, text_auc:0.9455, text_ap: 0.9392
2023-04-22 15:17:46,835 - Epoch:194, train_loss:1.4968, val_auc:0.9470, val_ap: 0.9412
2023-04-22 15:17:47,533 - Epoch:195, train_loss:1.5044, val_auc:0.9468, val_ap: 0.9411
2023-04-22 15:17:48,074 - Epoch:196, train_loss:1.5001, val_auc:0.9470, val_ap: 0.9412
2023-04-22 15:17:48,848 - Epoch:197, train_loss:1.5022, val_auc:0.9472, val_ap: 0.9414, text_auc:0.9454, text_ap: 0.9394
2023-04-22 15:17:49,459 - Epoch:198, train_loss:1.5001, val_auc:0.9475, val_ap: 0.9417, text_auc:0.9457, text_ap: 0.9396
2023-04-22 15:17:50,199 - Epoch:199, train_loss:1.4967, val_auc:0.9477, val_ap: 0.9418, text_auc:0.9458, text_ap: 0.9397
2023-04-22 15:17:50,200 - final results:
2023-04-22 15:17:50,201 - ====================================================================================
2023-04-22 15:17:50,201 - AUC:0.9468+-0.0010 [0.9479730036551768, 0.946460408698741, 0.9457068223854489, 0.9480209928415091, 0.9458497963730217]
2023-04-22 15:17:50,201 - AP:0.9413+-0.0013 [0.9423444863736954, 0.9407701905181325, 0.9402416778826354, 0.9433052406940672, 0.9397166714035274]
