2023-04-22 14:53:17,499 - args: Namespace(dataset='Computers', datapath='../dataset', log_dir='logs/', name='debug', epoch=200, model_lr=0.01, mi_lr=0.003, alpha=0.01, k=5, x_dim=64, mi_iter=5, routit=3, val_frac=0.05, test_frac=0.1, dropout=0, model='VGAE', mi_est='CLUBSample', gpu=-1, trails=5, seed=-1, verbose=1, argv=['/home/dell/zxj/VGDAE_TNNLS_1/VGDAE/Updata/other_dataset/DGAE/main.py'], device=device(type='cuda', index=1))
2023-04-22 14:53:21,706 - Epoch:000, train_loss:16.8255, val_auc:0.9217, val_ap: 0.9198, text_auc:0.9257, text_ap: 0.9229
2023-04-22 14:53:22,652 - Epoch:001, train_loss:16.3816, val_auc:0.9265, val_ap: 0.9223, text_auc:0.9303, text_ap: 0.9254
2023-04-22 14:53:23,570 - Epoch:002, train_loss:15.9910, val_auc:0.9278, val_ap: 0.9226, text_auc:0.9314, text_ap: 0.9254
2023-04-22 14:53:24,479 - Epoch:003, train_loss:15.5302, val_auc:0.9281, val_ap: 0.9224, text_auc:0.9315, text_ap: 0.9250
2023-04-22 14:53:25,329 - Epoch:004, train_loss:15.0433, val_auc:0.9281, val_ap: 0.9220
2023-04-22 14:53:26,181 - Epoch:005, train_loss:14.6745, val_auc:0.9280, val_ap: 0.9217
2023-04-22 14:53:27,030 - Epoch:006, train_loss:14.2338, val_auc:0.9278, val_ap: 0.9212
2023-04-22 14:53:27,878 - Epoch:007, train_loss:13.8313, val_auc:0.9276, val_ap: 0.9207
2023-04-22 14:53:28,727 - Epoch:008, train_loss:13.4990, val_auc:0.9274, val_ap: 0.9205
2023-04-22 14:53:29,577 - Epoch:009, train_loss:13.1344, val_auc:0.9271, val_ap: 0.9202
2023-04-22 14:53:30,437 - Epoch:010, train_loss:12.5992, val_auc:0.9269, val_ap: 0.9198
2023-04-22 14:53:31,297 - Epoch:011, train_loss:12.3336, val_auc:0.9267, val_ap: 0.9197
2023-04-22 14:53:32,150 - Epoch:012, train_loss:11.8970, val_auc:0.9265, val_ap: 0.9194
2023-04-22 14:53:33,020 - Epoch:013, train_loss:11.5858, val_auc:0.9264, val_ap: 0.9194
2023-04-22 14:53:33,860 - Epoch:014, train_loss:11.3020, val_auc:0.9262, val_ap: 0.9188
2023-04-22 14:53:34,715 - Epoch:015, train_loss:10.8377, val_auc:0.9260, val_ap: 0.9186
2023-04-22 14:53:35,572 - Epoch:016, train_loss:10.4995, val_auc:0.9259, val_ap: 0.9185
2023-04-22 14:53:36,432 - Epoch:017, train_loss:10.2387, val_auc:0.9257, val_ap: 0.9180
2023-04-22 14:53:37,290 - Epoch:018, train_loss:9.8959, val_auc:0.9256, val_ap: 0.9181
2023-04-22 14:53:38,156 - Epoch:019, train_loss:9.6387, val_auc:0.9255, val_ap: 0.9181
2023-04-22 14:53:39,009 - Epoch:020, train_loss:9.3234, val_auc:0.9254, val_ap: 0.9179
2023-04-22 14:53:39,870 - Epoch:021, train_loss:9.0855, val_auc:0.9254, val_ap: 0.9179
2023-04-22 14:53:40,734 - Epoch:022, train_loss:8.8212, val_auc:0.9253, val_ap: 0.9178
2023-04-22 14:53:41,601 - Epoch:023, train_loss:8.5690, val_auc:0.9252, val_ap: 0.9178
2023-04-22 14:53:42,441 - Epoch:024, train_loss:8.2615, val_auc:0.9252, val_ap: 0.9177
2023-04-22 14:53:43,311 - Epoch:025, train_loss:8.0400, val_auc:0.9251, val_ap: 0.9177
2023-04-22 14:53:44,185 - Epoch:026, train_loss:7.8444, val_auc:0.9249, val_ap: 0.9175
2023-04-22 14:53:45,044 - Epoch:027, train_loss:7.6369, val_auc:0.9249, val_ap: 0.9174
2023-04-22 14:53:45,895 - Epoch:028, train_loss:7.4882, val_auc:0.9248, val_ap: 0.9173
2023-04-22 14:53:46,761 - Epoch:029, train_loss:7.2414, val_auc:0.9246, val_ap: 0.9171
2023-04-22 14:53:47,616 - Epoch:030, train_loss:7.1051, val_auc:0.9245, val_ap: 0.9171
2023-04-22 14:53:48,482 - Epoch:031, train_loss:6.9850, val_auc:0.9243, val_ap: 0.9167
2023-04-22 14:53:49,347 - Epoch:032, train_loss:6.8139, val_auc:0.9242, val_ap: 0.9167
2023-04-22 14:53:50,206 - Epoch:033, train_loss:6.6495, val_auc:0.9241, val_ap: 0.9167
2023-04-22 14:53:51,044 - Epoch:034, train_loss:6.5464, val_auc:0.9240, val_ap: 0.9164
2023-04-22 14:53:51,911 - Epoch:035, train_loss:6.5018, val_auc:0.9238, val_ap: 0.9162
2023-04-22 14:53:52,767 - Epoch:036, train_loss:6.3633, val_auc:0.9236, val_ap: 0.9160
2023-04-22 14:53:53,614 - Epoch:037, train_loss:6.2157, val_auc:0.9235, val_ap: 0.9158
2023-04-22 14:53:54,469 - Epoch:038, train_loss:6.1990, val_auc:0.9234, val_ap: 0.9157
2023-04-22 14:53:55,351 - Epoch:039, train_loss:6.1148, val_auc:0.9233, val_ap: 0.9157
2023-04-22 14:53:56,232 - Epoch:040, train_loss:6.0066, val_auc:0.9232, val_ap: 0.9157
2023-04-22 14:53:57,121 - Epoch:041, train_loss:5.9570, val_auc:0.9230, val_ap: 0.9154
2023-04-22 14:53:58,000 - Epoch:042, train_loss:5.8816, val_auc:0.9229, val_ap: 0.9153
2023-04-22 14:53:58,870 - Epoch:043, train_loss:5.8368, val_auc:0.9228, val_ap: 0.9151
2023-04-22 14:53:59,769 - Epoch:044, train_loss:5.7669, val_auc:0.9227, val_ap: 0.9149
2023-04-22 14:54:00,667 - Epoch:045, train_loss:5.7015, val_auc:0.9225, val_ap: 0.9146
2023-04-22 14:54:01,563 - Epoch:046, train_loss:5.6574, val_auc:0.9224, val_ap: 0.9147
2023-04-22 14:54:02,470 - Epoch:047, train_loss:5.6034, val_auc:0.9223, val_ap: 0.9145
2023-04-22 14:54:03,377 - Epoch:048, train_loss:5.5852, val_auc:0.9221, val_ap: 0.9143
2023-04-22 14:54:04,291 - Epoch:049, train_loss:5.5541, val_auc:0.9220, val_ap: 0.9141
2023-04-22 14:54:05,222 - Epoch:050, train_loss:5.5472, val_auc:0.9218, val_ap: 0.9140
2023-04-22 14:54:06,126 - Epoch:051, train_loss:5.5015, val_auc:0.9216, val_ap: 0.9137
2023-04-22 14:54:07,038 - Epoch:052, train_loss:5.4562, val_auc:0.9215, val_ap: 0.9135
2023-04-22 14:54:07,946 - Epoch:053, train_loss:5.4567, val_auc:0.9213, val_ap: 0.9133
2023-04-22 14:54:08,856 - Epoch:054, train_loss:5.4294, val_auc:0.9211, val_ap: 0.9132
2023-04-22 14:54:09,749 - Epoch:055, train_loss:5.4134, val_auc:0.9210, val_ap: 0.9132
2023-04-22 14:54:10,672 - Epoch:056, train_loss:5.4221, val_auc:0.9208, val_ap: 0.9129
2023-04-22 14:54:11,588 - Epoch:057, train_loss:5.3968, val_auc:0.9207, val_ap: 0.9128
2023-04-22 14:54:12,495 - Epoch:058, train_loss:5.3489, val_auc:0.9205, val_ap: 0.9126
2023-04-22 14:54:13,415 - Epoch:059, train_loss:5.3225, val_auc:0.9203, val_ap: 0.9125
2023-04-22 14:54:14,294 - Epoch:060, train_loss:5.3163, val_auc:0.9202, val_ap: 0.9124
2023-04-22 14:54:15,224 - Epoch:061, train_loss:5.2926, val_auc:0.9200, val_ap: 0.9121
2023-04-22 14:54:16,156 - Epoch:062, train_loss:5.3058, val_auc:0.9198, val_ap: 0.9119
2023-04-22 14:54:17,079 - Epoch:063, train_loss:5.2957, val_auc:0.9197, val_ap: 0.9116
2023-04-22 14:54:17,979 - Epoch:064, train_loss:5.2636, val_auc:0.9195, val_ap: 0.9113
2023-04-22 14:54:18,893 - Epoch:065, train_loss:5.2779, val_auc:0.9193, val_ap: 0.9113
2023-04-22 14:54:19,806 - Epoch:066, train_loss:5.2666, val_auc:0.9192, val_ap: 0.9111
2023-04-22 14:54:20,730 - Epoch:067, train_loss:5.2826, val_auc:0.9190, val_ap: 0.9109
2023-04-22 14:54:21,656 - Epoch:068, train_loss:5.2291, val_auc:0.9188, val_ap: 0.9107
2023-04-22 14:54:22,565 - Epoch:069, train_loss:5.2401, val_auc:0.9187, val_ap: 0.9105
2023-04-22 14:54:23,487 - Epoch:070, train_loss:5.2253, val_auc:0.9185, val_ap: 0.9103
2023-04-22 14:54:24,399 - Epoch:071, train_loss:5.2222, val_auc:0.9184, val_ap: 0.9101
2023-04-22 14:54:25,291 - Epoch:072, train_loss:5.2155, val_auc:0.9182, val_ap: 0.9100
2023-04-22 14:54:26,208 - Epoch:073, train_loss:5.2061, val_auc:0.9180, val_ap: 0.9097
2023-04-22 14:54:27,120 - Epoch:074, train_loss:5.2202, val_auc:0.9179, val_ap: 0.9097
2023-04-22 14:54:28,029 - Epoch:075, train_loss:5.1807, val_auc:0.9177, val_ap: 0.9094
2023-04-22 14:54:28,940 - Epoch:076, train_loss:5.1936, val_auc:0.9176, val_ap: 0.9093
2023-04-22 14:54:29,850 - Epoch:077, train_loss:5.1694, val_auc:0.9174, val_ap: 0.9091
2023-04-22 14:54:30,769 - Epoch:078, train_loss:5.1689, val_auc:0.9173, val_ap: 0.9089
2023-04-22 14:54:31,676 - Epoch:079, train_loss:5.1834, val_auc:0.9171, val_ap: 0.9087
2023-04-22 14:54:32,587 - Epoch:080, train_loss:5.1506, val_auc:0.9170, val_ap: 0.9085
2023-04-22 14:54:33,477 - Epoch:081, train_loss:5.1645, val_auc:0.9168, val_ap: 0.9082
2023-04-22 14:54:34,402 - Epoch:082, train_loss:5.1603, val_auc:0.9167, val_ap: 0.9081
2023-04-22 14:54:35,317 - Epoch:083, train_loss:5.1402, val_auc:0.9165, val_ap: 0.9080
2023-04-22 14:54:36,226 - Epoch:084, train_loss:5.1513, val_auc:0.9164, val_ap: 0.9078
2023-04-22 14:54:37,146 - Epoch:085, train_loss:5.1438, val_auc:0.9162, val_ap: 0.9076
2023-04-22 14:54:38,064 - Epoch:086, train_loss:5.1384, val_auc:0.9161, val_ap: 0.9074
2023-04-22 14:54:38,969 - Epoch:087, train_loss:5.1353, val_auc:0.9160, val_ap: 0.9072
2023-04-22 14:54:39,885 - Epoch:088, train_loss:5.1171, val_auc:0.9158, val_ap: 0.9071
2023-04-22 14:54:40,813 - Epoch:089, train_loss:5.1308, val_auc:0.9157, val_ap: 0.9069
2023-04-22 14:54:41,719 - Epoch:090, train_loss:5.1067, val_auc:0.9156, val_ap: 0.9068
2023-04-22 14:54:42,628 - Epoch:091, train_loss:5.1283, val_auc:0.9155, val_ap: 0.9066
2023-04-22 14:54:43,550 - Epoch:092, train_loss:5.1012, val_auc:0.9154, val_ap: 0.9065
2023-04-22 14:54:44,473 - Epoch:093, train_loss:5.1150, val_auc:0.9153, val_ap: 0.9064
2023-04-22 14:54:45,385 - Epoch:094, train_loss:5.1158, val_auc:0.9153, val_ap: 0.9063
2023-04-22 14:54:46,297 - Epoch:095, train_loss:5.1072, val_auc:0.9152, val_ap: 0.9062
2023-04-22 14:54:47,206 - Epoch:096, train_loss:5.0914, val_auc:0.9152, val_ap: 0.9061
2023-04-22 14:54:48,121 - Epoch:097, train_loss:5.0747, val_auc:0.9152, val_ap: 0.9062
2023-04-22 14:54:49,030 - Epoch:098, train_loss:5.0459, val_auc:0.9154, val_ap: 0.9063
2023-04-22 14:54:49,939 - Epoch:099, train_loss:5.0577, val_auc:0.9157, val_ap: 0.9066
2023-04-22 14:54:50,855 - Epoch:100, train_loss:5.0334, val_auc:0.9164, val_ap: 0.9072
2023-04-22 14:54:51,768 - Epoch:101, train_loss:4.9674, val_auc:0.9178, val_ap: 0.9087
2023-04-22 14:54:52,676 - Epoch:102, train_loss:4.9419, val_auc:0.9203, val_ap: 0.9117
2023-04-22 14:54:53,600 - Epoch:103, train_loss:4.8103, val_auc:0.9244, val_ap: 0.9163
2023-04-22 14:54:54,594 - Epoch:104, train_loss:4.5911, val_auc:0.9293, val_ap: 0.9230, text_auc:0.9305, text_ap: 0.9238
2023-04-22 14:54:55,495 - Epoch:105, train_loss:4.4643, val_auc:0.9278, val_ap: 0.9215
2023-04-22 14:54:56,428 - Epoch:106, train_loss:4.5019, val_auc:0.9263, val_ap: 0.9190
2023-04-22 14:54:57,349 - Epoch:107, train_loss:4.4363, val_auc:0.9252, val_ap: 0.9175
2023-04-22 14:54:58,267 - Epoch:108, train_loss:4.3399, val_auc:0.9241, val_ap: 0.9162
2023-04-22 14:54:59,167 - Epoch:109, train_loss:4.2417, val_auc:0.9234, val_ap: 0.9161
2023-04-22 14:55:00,091 - Epoch:110, train_loss:4.1538, val_auc:0.9243, val_ap: 0.9172
2023-04-22 14:55:01,007 - Epoch:111, train_loss:3.9571, val_auc:0.9258, val_ap: 0.9182
2023-04-22 14:55:01,946 - Epoch:112, train_loss:3.6185, val_auc:0.9279, val_ap: 0.9199
2023-04-22 14:55:02,861 - Epoch:113, train_loss:3.2142, val_auc:0.9291, val_ap: 0.9208
2023-04-22 14:55:03,781 - Epoch:114, train_loss:3.0827, val_auc:0.9287, val_ap: 0.9202
2023-04-22 14:55:04,709 - Epoch:115, train_loss:2.9863, val_auc:0.9272, val_ap: 0.9186
2023-04-22 14:55:05,620 - Epoch:116, train_loss:2.7997, val_auc:0.9253, val_ap: 0.9170
2023-04-22 14:55:06,547 - Epoch:117, train_loss:2.6344, val_auc:0.9250, val_ap: 0.9167
2023-04-22 14:55:07,458 - Epoch:118, train_loss:2.5256, val_auc:0.9251, val_ap: 0.9166
2023-04-22 14:55:08,382 - Epoch:119, train_loss:2.4445, val_auc:0.9258, val_ap: 0.9170
2023-04-22 14:55:09,295 - Epoch:120, train_loss:2.3693, val_auc:0.9266, val_ap: 0.9175
2023-04-22 14:55:10,223 - Epoch:121, train_loss:2.3159, val_auc:0.9266, val_ap: 0.9174
2023-04-22 14:55:11,136 - Epoch:122, train_loss:2.2399, val_auc:0.9257, val_ap: 0.9167
2023-04-22 14:55:12,057 - Epoch:123, train_loss:2.1568, val_auc:0.9248, val_ap: 0.9163
2023-04-22 14:55:12,975 - Epoch:124, train_loss:2.1009, val_auc:0.9246, val_ap: 0.9163
2023-04-22 14:55:13,889 - Epoch:125, train_loss:2.0935, val_auc:0.9236, val_ap: 0.9155
2023-04-22 14:55:14,796 - Epoch:126, train_loss:2.0603, val_auc:0.9228, val_ap: 0.9149
2023-04-22 14:55:15,723 - Epoch:127, train_loss:2.0319, val_auc:0.9226, val_ap: 0.9148
2023-04-22 14:55:16,624 - Epoch:128, train_loss:1.9991, val_auc:0.9228, val_ap: 0.9148
2023-04-22 14:55:17,566 - Epoch:129, train_loss:1.9599, val_auc:0.9232, val_ap: 0.9149
2023-04-22 14:55:18,500 - Epoch:130, train_loss:1.9415, val_auc:0.9234, val_ap: 0.9150
2023-04-22 14:55:19,439 - Epoch:131, train_loss:1.9220, val_auc:0.9230, val_ap: 0.9148
2023-04-22 14:55:20,350 - Epoch:132, train_loss:1.8987, val_auc:0.9226, val_ap: 0.9146
2023-04-22 14:55:21,279 - Epoch:133, train_loss:1.8972, val_auc:0.9220, val_ap: 0.9143
2023-04-22 14:55:22,185 - Epoch:134, train_loss:1.8560, val_auc:0.9214, val_ap: 0.9141
2023-04-22 14:55:23,104 - Epoch:135, train_loss:1.8399, val_auc:0.9212, val_ap: 0.9141
2023-04-22 14:55:24,030 - Epoch:136, train_loss:1.8398, val_auc:0.9215, val_ap: 0.9144
2023-04-22 14:55:24,942 - Epoch:137, train_loss:1.8149, val_auc:0.9217, val_ap: 0.9146
2023-04-22 14:55:25,873 - Epoch:138, train_loss:1.8042, val_auc:0.9217, val_ap: 0.9147
2023-04-22 14:55:26,778 - Epoch:139, train_loss:1.7955, val_auc:0.9217, val_ap: 0.9148
2023-04-22 14:55:27,695 - Epoch:140, train_loss:1.7905, val_auc:0.9217, val_ap: 0.9147
2023-04-22 14:55:28,624 - Epoch:141, train_loss:1.7769, val_auc:0.9217, val_ap: 0.9148
2023-04-22 14:55:29,542 - Epoch:142, train_loss:1.7697, val_auc:0.9216, val_ap: 0.9147
2023-04-22 14:55:30,527 - Epoch:143, train_loss:1.7616, val_auc:0.9212, val_ap: 0.9146
2023-04-22 14:55:31,423 - Epoch:144, train_loss:1.7517, val_auc:0.9211, val_ap: 0.9145
2023-04-22 14:55:32,362 - Epoch:145, train_loss:1.7422, val_auc:0.9210, val_ap: 0.9146
2023-04-22 14:55:33,273 - Epoch:146, train_loss:1.7375, val_auc:0.9212, val_ap: 0.9148
2023-04-22 14:55:34,202 - Epoch:147, train_loss:1.7216, val_auc:0.9219, val_ap: 0.9153
2023-04-22 14:55:35,112 - Epoch:148, train_loss:1.7184, val_auc:0.9223, val_ap: 0.9155
2023-04-22 14:55:36,034 - Epoch:149, train_loss:1.7014, val_auc:0.9224, val_ap: 0.9156
2023-04-22 14:55:36,936 - Epoch:150, train_loss:1.6982, val_auc:0.9224, val_ap: 0.9156
2023-04-22 14:55:37,835 - Epoch:151, train_loss:1.7003, val_auc:0.9222, val_ap: 0.9156
2023-04-22 14:55:38,754 - Epoch:152, train_loss:1.6952, val_auc:0.9220, val_ap: 0.9155
2023-04-22 14:55:40,301 - Epoch:153, train_loss:1.6813, val_auc:0.9219, val_ap: 0.9155
2023-04-22 14:55:41,600 - Epoch:154, train_loss:1.6793, val_auc:0.9221, val_ap: 0.9157
2023-04-22 14:55:42,768 - Epoch:155, train_loss:1.6724, val_auc:0.9221, val_ap: 0.9158
2023-04-22 14:55:43,928 - Epoch:156, train_loss:1.6612, val_auc:0.9221, val_ap: 0.9159
2023-04-22 14:55:45,006 - Epoch:157, train_loss:1.6475, val_auc:0.9221, val_ap: 0.9160
2023-04-22 14:55:46,039 - Epoch:158, train_loss:1.6446, val_auc:0.9222, val_ap: 0.9161
2023-04-22 14:55:47,034 - Epoch:159, train_loss:1.6444, val_auc:0.9224, val_ap: 0.9162
2023-04-22 14:55:48,032 - Epoch:160, train_loss:1.6383, val_auc:0.9226, val_ap: 0.9163
2023-04-22 14:55:49,038 - Epoch:161, train_loss:1.6363, val_auc:0.9230, val_ap: 0.9166
2023-04-22 14:55:50,013 - Epoch:162, train_loss:1.6355, val_auc:0.9231, val_ap: 0.9168
2023-04-22 14:55:50,965 - Epoch:163, train_loss:1.6323, val_auc:0.9229, val_ap: 0.9167
2023-04-22 14:55:51,916 - Epoch:164, train_loss:1.6180, val_auc:0.9228, val_ap: 0.9166
2023-04-22 14:55:52,860 - Epoch:165, train_loss:1.6175, val_auc:0.9226, val_ap: 0.9166
2023-04-22 14:55:53,809 - Epoch:166, train_loss:1.5997, val_auc:0.9228, val_ap: 0.9168
2023-04-22 14:55:54,829 - Epoch:167, train_loss:1.6031, val_auc:0.9231, val_ap: 0.9170
2023-04-22 14:55:55,847 - Epoch:168, train_loss:1.5963, val_auc:0.9232, val_ap: 0.9172
2023-04-22 14:55:56,779 - Epoch:169, train_loss:1.5925, val_auc:0.9233, val_ap: 0.9173
2023-04-22 14:55:57,720 - Epoch:170, train_loss:1.5894, val_auc:0.9231, val_ap: 0.9172
2023-04-22 14:55:58,658 - Epoch:171, train_loss:1.5844, val_auc:0.9232, val_ap: 0.9172
2023-04-22 14:55:59,588 - Epoch:172, train_loss:1.5825, val_auc:0.9233, val_ap: 0.9173
2023-04-22 14:56:00,521 - Epoch:173, train_loss:1.5661, val_auc:0.9236, val_ap: 0.9176
2023-04-22 14:56:01,443 - Epoch:174, train_loss:1.5677, val_auc:0.9241, val_ap: 0.9179
2023-04-22 14:56:02,368 - Epoch:175, train_loss:1.5693, val_auc:0.9240, val_ap: 0.9179
2023-04-22 14:56:03,264 - Epoch:176, train_loss:1.5707, val_auc:0.9235, val_ap: 0.9175
2023-04-22 14:56:04,196 - Epoch:177, train_loss:1.5653, val_auc:0.9233, val_ap: 0.9174
2023-04-22 14:56:05,119 - Epoch:178, train_loss:1.5553, val_auc:0.9235, val_ap: 0.9177
2023-04-22 14:56:06,061 - Epoch:179, train_loss:1.5492, val_auc:0.9242, val_ap: 0.9182
2023-04-22 14:56:06,976 - Epoch:180, train_loss:1.5564, val_auc:0.9246, val_ap: 0.9185
2023-04-22 14:56:07,901 - Epoch:181, train_loss:1.5448, val_auc:0.9243, val_ap: 0.9183
2023-04-22 14:56:08,843 - Epoch:182, train_loss:1.5412, val_auc:0.9239, val_ap: 0.9181
2023-04-22 14:56:09,760 - Epoch:183, train_loss:1.5394, val_auc:0.9239, val_ap: 0.9181
2023-04-22 14:56:10,677 - Epoch:184, train_loss:1.5343, val_auc:0.9242, val_ap: 0.9184
2023-04-22 14:56:11,601 - Epoch:185, train_loss:1.5300, val_auc:0.9246, val_ap: 0.9187
2023-04-22 14:56:12,492 - Epoch:186, train_loss:1.5363, val_auc:0.9246, val_ap: 0.9187
2023-04-22 14:56:13,406 - Epoch:187, train_loss:1.5269, val_auc:0.9244, val_ap: 0.9186
2023-04-22 14:56:14,306 - Epoch:188, train_loss:1.5236, val_auc:0.9244, val_ap: 0.9186
2023-04-22 14:56:15,242 - Epoch:189, train_loss:1.5206, val_auc:0.9244, val_ap: 0.9186
2023-04-22 14:56:16,148 - Epoch:190, train_loss:1.5120, val_auc:0.9246, val_ap: 0.9188
2023-04-22 14:56:17,042 - Epoch:191, train_loss:1.5149, val_auc:0.9248, val_ap: 0.9190
2023-04-22 14:56:17,970 - Epoch:192, train_loss:1.5153, val_auc:0.9248, val_ap: 0.9190
2023-04-22 14:56:19,690 - Epoch:193, train_loss:1.5083, val_auc:0.9248, val_ap: 0.9189
2023-04-22 14:56:21,046 - Epoch:194, train_loss:1.5055, val_auc:0.9248, val_ap: 0.9189
2023-04-22 14:56:22,127 - Epoch:195, train_loss:1.4998, val_auc:0.9249, val_ap: 0.9191
2023-04-22 14:56:23,134 - Epoch:196, train_loss:1.4966, val_auc:0.9252, val_ap: 0.9194
2023-04-22 14:56:24,187 - Epoch:197, train_loss:1.4972, val_auc:0.9253, val_ap: 0.9195
2023-04-22 14:56:25,171 - Epoch:198, train_loss:1.4877, val_auc:0.9252, val_ap: 0.9195
2023-04-22 14:56:26,159 - Epoch:199, train_loss:1.4886, val_auc:0.9251, val_ap: 0.9193
2023-04-22 14:56:26,161 - final results:
2023-04-22 14:56:26,161 - ====================================================================================
2023-04-22 14:56:26,161 - AUC:0.9305+-0.0000 [0.9305052881278107]
2023-04-22 14:56:26,161 - AP:0.9238+-0.0000 [0.923802251238172]
2023-04-22 14:56:27,328 - Epoch:000, train_loss:16.8161, val_auc:0.9237, val_ap: 0.9230, text_auc:0.9255, text_ap: 0.9225
2023-04-22 14:56:28,347 - Epoch:001, train_loss:16.3252, val_auc:0.9320, val_ap: 0.9281, text_auc:0.9329, text_ap: 0.9272
2023-04-22 14:56:29,365 - Epoch:002, train_loss:15.8465, val_auc:0.9347, val_ap: 0.9294, text_auc:0.9352, text_ap: 0.9284
2023-04-22 14:56:30,388 - Epoch:003, train_loss:15.4682, val_auc:0.9360, val_ap: 0.9300, text_auc:0.9360, text_ap: 0.9286
2023-04-22 14:56:31,391 - Epoch:004, train_loss:15.0033, val_auc:0.9364, val_ap: 0.9301, text_auc:0.9363, text_ap: 0.9287
2023-04-22 14:56:32,314 - Epoch:005, train_loss:14.6668, val_auc:0.9365, val_ap: 0.9296
2023-04-22 14:56:33,257 - Epoch:006, train_loss:14.2994, val_auc:0.9366, val_ap: 0.9294
2023-04-22 14:56:34,180 - Epoch:007, train_loss:13.7837, val_auc:0.9366, val_ap: 0.9293
2023-04-22 14:56:35,106 - Epoch:008, train_loss:13.4260, val_auc:0.9366, val_ap: 0.9293
2023-04-22 14:56:36,010 - Epoch:009, train_loss:12.9856, val_auc:0.9366, val_ap: 0.9293
2023-04-22 14:56:36,936 - Epoch:010, train_loss:12.5734, val_auc:0.9366, val_ap: 0.9292
2023-04-22 14:56:37,853 - Epoch:011, train_loss:12.2885, val_auc:0.9366, val_ap: 0.9293
2023-04-22 14:56:38,773 - Epoch:012, train_loss:11.9184, val_auc:0.9365, val_ap: 0.9291
2023-04-22 14:56:39,685 - Epoch:013, train_loss:11.4740, val_auc:0.9365, val_ap: 0.9291
2023-04-22 14:56:40,615 - Epoch:014, train_loss:11.2081, val_auc:0.9365, val_ap: 0.9291
2023-04-22 14:56:41,521 - Epoch:015, train_loss:10.8851, val_auc:0.9364, val_ap: 0.9289
2023-04-22 14:56:42,433 - Epoch:016, train_loss:10.4362, val_auc:0.9362, val_ap: 0.9286
2023-04-22 14:56:43,345 - Epoch:017, train_loss:10.2107, val_auc:0.9362, val_ap: 0.9285
2023-04-22 14:56:44,270 - Epoch:018, train_loss:9.8834, val_auc:0.9361, val_ap: 0.9284
2023-04-22 14:56:45,174 - Epoch:019, train_loss:9.5785, val_auc:0.9359, val_ap: 0.9283
2023-04-22 14:56:46,082 - Epoch:020, train_loss:9.3130, val_auc:0.9359, val_ap: 0.9282
2023-04-22 14:56:47,007 - Epoch:021, train_loss:9.0245, val_auc:0.9357, val_ap: 0.9281
2023-04-22 14:56:47,926 - Epoch:022, train_loss:8.7442, val_auc:0.9356, val_ap: 0.9281
2023-04-22 14:56:48,847 - Epoch:023, train_loss:8.5020, val_auc:0.9356, val_ap: 0.9280
2023-04-22 14:56:49,759 - Epoch:024, train_loss:8.3055, val_auc:0.9355, val_ap: 0.9279
2023-04-22 14:56:50,654 - Epoch:025, train_loss:8.0691, val_auc:0.9353, val_ap: 0.9277
2023-04-22 14:56:51,570 - Epoch:026, train_loss:7.8621, val_auc:0.9352, val_ap: 0.9276
2023-04-22 14:56:52,496 - Epoch:027, train_loss:7.6421, val_auc:0.9351, val_ap: 0.9276
2023-04-22 14:56:53,423 - Epoch:028, train_loss:7.4413, val_auc:0.9350, val_ap: 0.9274
2023-04-22 14:56:54,319 - Epoch:029, train_loss:7.2926, val_auc:0.9349, val_ap: 0.9274
2023-04-22 14:56:55,265 - Epoch:030, train_loss:7.1368, val_auc:0.9347, val_ap: 0.9272
2023-04-22 14:56:56,200 - Epoch:031, train_loss:6.9323, val_auc:0.9347, val_ap: 0.9272
2023-04-22 14:56:57,142 - Epoch:032, train_loss:6.7890, val_auc:0.9346, val_ap: 0.9272
2023-04-22 14:56:58,091 - Epoch:033, train_loss:6.6818, val_auc:0.9345, val_ap: 0.9270
2023-04-22 14:56:59,026 - Epoch:034, train_loss:6.5436, val_auc:0.9344, val_ap: 0.9268
2023-04-22 14:56:59,961 - Epoch:035, train_loss:6.4477, val_auc:0.9342, val_ap: 0.9266
2023-04-22 14:57:00,925 - Epoch:036, train_loss:6.3519, val_auc:0.9341, val_ap: 0.9265
2023-04-22 14:57:01,846 - Epoch:037, train_loss:6.2124, val_auc:0.9340, val_ap: 0.9264
2023-04-22 14:57:02,721 - Epoch:038, train_loss:6.1182, val_auc:0.9339, val_ap: 0.9262
2023-04-22 14:57:03,636 - Epoch:039, train_loss:6.0747, val_auc:0.9338, val_ap: 0.9262
2023-04-22 14:57:04,629 - Epoch:040, train_loss:6.0100, val_auc:0.9337, val_ap: 0.9262
2023-04-22 14:57:05,604 - Epoch:041, train_loss:5.9537, val_auc:0.9335, val_ap: 0.9261
2023-04-22 14:57:06,571 - Epoch:042, train_loss:5.8745, val_auc:0.9335, val_ap: 0.9259
2023-04-22 14:57:07,544 - Epoch:043, train_loss:5.7732, val_auc:0.9333, val_ap: 0.9257
2023-04-22 14:57:08,520 - Epoch:044, train_loss:5.7665, val_auc:0.9333, val_ap: 0.9257
2023-04-22 14:57:09,478 - Epoch:045, train_loss:5.7154, val_auc:0.9331, val_ap: 0.9255
2023-04-22 14:57:10,422 - Epoch:046, train_loss:5.6902, val_auc:0.9330, val_ap: 0.9253
2023-04-22 14:57:11,359 - Epoch:047, train_loss:5.6244, val_auc:0.9328, val_ap: 0.9252
2023-04-22 14:57:12,318 - Epoch:048, train_loss:5.6097, val_auc:0.9327, val_ap: 0.9252
2023-04-22 14:57:13,260 - Epoch:049, train_loss:5.5565, val_auc:0.9326, val_ap: 0.9250
2023-04-22 14:57:14,188 - Epoch:050, train_loss:5.5279, val_auc:0.9325, val_ap: 0.9253
2023-04-22 14:57:15,126 - Epoch:051, train_loss:5.4965, val_auc:0.9323, val_ap: 0.9251
2023-04-22 14:57:16,070 - Epoch:052, train_loss:5.4802, val_auc:0.9322, val_ap: 0.9248
2023-04-22 14:57:17,000 - Epoch:053, train_loss:5.4843, val_auc:0.9320, val_ap: 0.9245
2023-04-22 14:57:18,014 - Epoch:054, train_loss:5.4501, val_auc:0.9319, val_ap: 0.9245
2023-04-22 14:57:18,915 - Epoch:055, train_loss:5.3950, val_auc:0.9317, val_ap: 0.9241
2023-04-22 14:57:19,841 - Epoch:056, train_loss:5.4123, val_auc:0.9315, val_ap: 0.9241
2023-04-22 14:57:20,774 - Epoch:057, train_loss:5.3792, val_auc:0.9314, val_ap: 0.9241
2023-04-22 14:57:21,697 - Epoch:058, train_loss:5.3235, val_auc:0.9313, val_ap: 0.9239
2023-04-22 14:57:22,631 - Epoch:059, train_loss:5.3407, val_auc:0.9311, val_ap: 0.9236
2023-04-22 14:57:23,577 - Epoch:060, train_loss:5.3163, val_auc:0.9309, val_ap: 0.9234
2023-04-22 14:57:24,558 - Epoch:061, train_loss:5.3239, val_auc:0.9308, val_ap: 0.9233
2023-04-22 14:57:25,526 - Epoch:062, train_loss:5.2949, val_auc:0.9306, val_ap: 0.9231
2023-04-22 14:57:26,495 - Epoch:063, train_loss:5.3129, val_auc:0.9304, val_ap: 0.9228
2023-04-22 14:57:27,452 - Epoch:064, train_loss:5.3151, val_auc:0.9303, val_ap: 0.9227
2023-04-22 14:57:28,395 - Epoch:065, train_loss:5.2580, val_auc:0.9301, val_ap: 0.9225
2023-04-22 14:57:29,338 - Epoch:066, train_loss:5.2425, val_auc:0.9299, val_ap: 0.9225
2023-04-22 14:57:30,281 - Epoch:067, train_loss:5.2368, val_auc:0.9297, val_ap: 0.9222
2023-04-22 14:57:31,203 - Epoch:068, train_loss:5.2534, val_auc:0.9296, val_ap: 0.9221
2023-04-22 14:57:32,151 - Epoch:069, train_loss:5.2220, val_auc:0.9294, val_ap: 0.9220
2023-04-22 14:57:33,076 - Epoch:070, train_loss:5.2416, val_auc:0.9293, val_ap: 0.9219
2023-04-22 14:57:33,976 - Epoch:071, train_loss:5.2162, val_auc:0.9291, val_ap: 0.9216
2023-04-22 14:57:34,908 - Epoch:072, train_loss:5.2371, val_auc:0.9290, val_ap: 0.9215
2023-04-22 14:57:35,842 - Epoch:073, train_loss:5.2047, val_auc:0.9288, val_ap: 0.9212
2023-04-22 14:57:36,771 - Epoch:074, train_loss:5.2129, val_auc:0.9286, val_ap: 0.9211
2023-04-22 14:57:37,679 - Epoch:075, train_loss:5.1990, val_auc:0.9284, val_ap: 0.9209
2023-04-22 14:57:38,630 - Epoch:076, train_loss:5.1803, val_auc:0.9283, val_ap: 0.9206
2023-04-22 14:57:39,498 - Epoch:077, train_loss:5.1681, val_auc:0.9281, val_ap: 0.9205
2023-04-22 14:57:40,346 - Epoch:078, train_loss:5.1767, val_auc:0.9279, val_ap: 0.9202
2023-04-22 14:57:41,309 - Epoch:079, train_loss:5.1797, val_auc:0.9278, val_ap: 0.9201
2023-04-22 14:57:42,252 - Epoch:080, train_loss:5.1677, val_auc:0.9276, val_ap: 0.9201
2023-04-22 14:57:43,184 - Epoch:081, train_loss:5.1445, val_auc:0.9275, val_ap: 0.9198
2023-04-22 14:57:44,101 - Epoch:082, train_loss:5.1636, val_auc:0.9273, val_ap: 0.9195
2023-04-22 14:57:45,013 - Epoch:083, train_loss:5.1690, val_auc:0.9272, val_ap: 0.9195
2023-04-22 14:57:45,909 - Epoch:084, train_loss:5.1694, val_auc:0.9270, val_ap: 0.9193
2023-04-22 14:57:46,818 - Epoch:085, train_loss:5.1393, val_auc:0.9269, val_ap: 0.9191
2023-04-22 14:57:47,725 - Epoch:086, train_loss:5.1451, val_auc:0.9267, val_ap: 0.9189
2023-04-22 14:57:48,604 - Epoch:087, train_loss:5.1494, val_auc:0.9266, val_ap: 0.9187
2023-04-22 14:57:49,521 - Epoch:088, train_loss:5.1084, val_auc:0.9264, val_ap: 0.9186
2023-04-22 14:57:50,444 - Epoch:089, train_loss:5.1185, val_auc:0.9263, val_ap: 0.9184
2023-04-22 14:57:51,339 - Epoch:090, train_loss:5.1321, val_auc:0.9261, val_ap: 0.9182
2023-04-22 14:57:52,227 - Epoch:091, train_loss:5.1406, val_auc:0.9260, val_ap: 0.9180
2023-04-22 14:57:53,115 - Epoch:092, train_loss:5.1362, val_auc:0.9259, val_ap: 0.9179
2023-04-22 14:57:54,001 - Epoch:093, train_loss:5.1131, val_auc:0.9257, val_ap: 0.9177
2023-04-22 14:57:55,023 - Epoch:094, train_loss:5.1219, val_auc:0.9256, val_ap: 0.9176
2023-04-22 14:57:55,906 - Epoch:095, train_loss:5.1091, val_auc:0.9255, val_ap: 0.9174
2023-04-22 14:57:56,791 - Epoch:096, train_loss:5.1047, val_auc:0.9254, val_ap: 0.9173
2023-04-22 14:57:57,674 - Epoch:097, train_loss:5.0771, val_auc:0.9253, val_ap: 0.9171
2023-04-22 14:57:58,533 - Epoch:098, train_loss:5.0784, val_auc:0.9252, val_ap: 0.9170
2023-04-22 14:57:59,412 - Epoch:099, train_loss:5.0831, val_auc:0.9251, val_ap: 0.9169
2023-04-22 14:58:00,289 - Epoch:100, train_loss:5.0715, val_auc:0.9251, val_ap: 0.9168
2023-04-22 14:58:01,171 - Epoch:101, train_loss:5.0489, val_auc:0.9251, val_ap: 0.9168
2023-04-22 14:58:02,055 - Epoch:102, train_loss:5.0454, val_auc:0.9252, val_ap: 0.9168
2023-04-22 14:58:02,926 - Epoch:103, train_loss:5.0184, val_auc:0.9253, val_ap: 0.9169
2023-04-22 14:58:03,784 - Epoch:104, train_loss:5.0227, val_auc:0.9257, val_ap: 0.9173
2023-04-22 14:58:04,649 - Epoch:105, train_loss:5.0036, val_auc:0.9268, val_ap: 0.9184
2023-04-22 14:58:05,526 - Epoch:106, train_loss:4.9046, val_auc:0.9289, val_ap: 0.9207
2023-04-22 14:58:06,399 - Epoch:107, train_loss:4.7354, val_auc:0.9319, val_ap: 0.9245
2023-04-22 14:58:07,279 - Epoch:108, train_loss:4.5776, val_auc:0.9361, val_ap: 0.9291
2023-04-22 14:58:08,153 - Epoch:109, train_loss:4.4787, val_auc:0.9360, val_ap: 0.9289
2023-04-22 14:58:09,023 - Epoch:110, train_loss:4.4275, val_auc:0.9340, val_ap: 0.9267
2023-04-22 14:58:09,898 - Epoch:111, train_loss:4.3557, val_auc:0.9339, val_ap: 0.9262
2023-04-22 14:58:10,771 - Epoch:112, train_loss:4.2828, val_auc:0.9331, val_ap: 0.9252
2023-04-22 14:58:11,634 - Epoch:113, train_loss:4.0623, val_auc:0.9331, val_ap: 0.9254
2023-04-22 14:58:12,496 - Epoch:114, train_loss:3.6587, val_auc:0.9331, val_ap: 0.9259
2023-04-22 14:58:13,355 - Epoch:115, train_loss:3.4946, val_auc:0.9333, val_ap: 0.9267
2023-04-22 14:58:14,253 - Epoch:116, train_loss:3.4349, val_auc:0.9334, val_ap: 0.9266
2023-04-22 14:58:15,805 - Epoch:117, train_loss:3.3661, val_auc:0.9328, val_ap: 0.9257
2023-04-22 14:58:17,067 - Epoch:118, train_loss:3.2708, val_auc:0.9314, val_ap: 0.9242
2023-04-22 14:58:18,239 - Epoch:119, train_loss:3.1501, val_auc:0.9305, val_ap: 0.9232
2023-04-22 14:58:19,242 - Epoch:120, train_loss:3.0305, val_auc:0.9309, val_ap: 0.9236
2023-04-22 14:58:20,205 - Epoch:121, train_loss:2.9525, val_auc:0.9315, val_ap: 0.9244
2023-04-22 14:58:21,148 - Epoch:122, train_loss:2.8633, val_auc:0.9319, val_ap: 0.9248
2023-04-22 14:58:22,064 - Epoch:123, train_loss:2.6973, val_auc:0.9328, val_ap: 0.9249
2023-04-22 14:58:22,970 - Epoch:124, train_loss:2.4207, val_auc:0.9326, val_ap: 0.9248
2023-04-22 14:58:23,881 - Epoch:125, train_loss:2.3692, val_auc:0.9317, val_ap: 0.9242
2023-04-22 14:58:24,772 - Epoch:126, train_loss:2.3352, val_auc:0.9311, val_ap: 0.9236
2023-04-22 14:58:25,654 - Epoch:127, train_loss:2.2929, val_auc:0.9308, val_ap: 0.9231
2023-04-22 14:58:26,539 - Epoch:128, train_loss:2.2309, val_auc:0.9308, val_ap: 0.9226
2023-04-22 14:58:27,443 - Epoch:129, train_loss:2.1465, val_auc:0.9311, val_ap: 0.9226
2023-04-22 14:58:28,322 - Epoch:130, train_loss:2.0833, val_auc:0.9313, val_ap: 0.9229
2023-04-22 14:58:29,182 - Epoch:131, train_loss:2.0713, val_auc:0.9310, val_ap: 0.9228
2023-04-22 14:58:30,085 - Epoch:132, train_loss:2.0668, val_auc:0.9298, val_ap: 0.9219
2023-04-22 14:58:30,956 - Epoch:133, train_loss:2.0128, val_auc:0.9280, val_ap: 0.9204
2023-04-22 14:58:31,831 - Epoch:134, train_loss:1.9507, val_auc:0.9274, val_ap: 0.9199
2023-04-22 14:58:32,698 - Epoch:135, train_loss:1.9275, val_auc:0.9281, val_ap: 0.9206
2023-04-22 14:58:33,539 - Epoch:136, train_loss:1.9215, val_auc:0.9287, val_ap: 0.9211
2023-04-22 14:58:34,371 - Epoch:137, train_loss:1.9191, val_auc:0.9289, val_ap: 0.9211
2023-04-22 14:58:35,184 - Epoch:138, train_loss:1.8897, val_auc:0.9288, val_ap: 0.9207
2023-04-22 14:58:36,010 - Epoch:139, train_loss:1.8460, val_auc:0.9288, val_ap: 0.9207
2023-04-22 14:58:36,822 - Epoch:140, train_loss:1.8350, val_auc:0.9284, val_ap: 0.9205
2023-04-22 14:58:37,633 - Epoch:141, train_loss:1.8395, val_auc:0.9275, val_ap: 0.9200
2023-04-22 14:58:38,443 - Epoch:142, train_loss:1.8209, val_auc:0.9266, val_ap: 0.9193
2023-04-22 14:58:39,258 - Epoch:143, train_loss:1.8134, val_auc:0.9261, val_ap: 0.9189
2023-04-22 14:58:40,070 - Epoch:144, train_loss:1.7938, val_auc:0.9262, val_ap: 0.9189
2023-04-22 14:58:40,932 - Epoch:145, train_loss:1.7811, val_auc:0.9266, val_ap: 0.9192
2023-04-22 14:58:41,735 - Epoch:146, train_loss:1.7676, val_auc:0.9272, val_ap: 0.9197
2023-04-22 14:58:42,544 - Epoch:147, train_loss:1.7765, val_auc:0.9273, val_ap: 0.9199
2023-04-22 14:58:43,370 - Epoch:148, train_loss:1.7553, val_auc:0.9275, val_ap: 0.9200
2023-04-22 14:58:44,225 - Epoch:149, train_loss:1.7461, val_auc:0.9275, val_ap: 0.9200
2023-04-22 14:58:45,077 - Epoch:150, train_loss:1.7290, val_auc:0.9269, val_ap: 0.9195
2023-04-22 14:58:45,928 - Epoch:151, train_loss:1.7291, val_auc:0.9261, val_ap: 0.9190
2023-04-22 14:58:46,756 - Epoch:152, train_loss:1.7276, val_auc:0.9260, val_ap: 0.9189
2023-04-22 14:58:47,667 - Epoch:153, train_loss:1.7144, val_auc:0.9264, val_ap: 0.9191
2023-04-22 14:58:48,513 - Epoch:154, train_loss:1.7087, val_auc:0.9270, val_ap: 0.9196
2023-04-22 14:58:49,343 - Epoch:155, train_loss:1.6994, val_auc:0.9272, val_ap: 0.9197
2023-04-22 14:58:50,124 - Epoch:156, train_loss:1.6915, val_auc:0.9271, val_ap: 0.9197
2023-04-22 14:58:50,910 - Epoch:157, train_loss:1.6866, val_auc:0.9269, val_ap: 0.9197
2023-04-22 14:58:51,768 - Epoch:158, train_loss:1.6813, val_auc:0.9267, val_ap: 0.9196
2023-04-22 14:58:52,627 - Epoch:159, train_loss:1.6745, val_auc:0.9266, val_ap: 0.9195
2023-04-22 14:58:53,485 - Epoch:160, train_loss:1.6703, val_auc:0.9267, val_ap: 0.9195
2023-04-22 14:58:54,347 - Epoch:161, train_loss:1.6607, val_auc:0.9269, val_ap: 0.9196
2023-04-22 14:58:55,204 - Epoch:162, train_loss:1.6611, val_auc:0.9273, val_ap: 0.9200
2023-04-22 14:58:56,076 - Epoch:163, train_loss:1.6558, val_auc:0.9276, val_ap: 0.9203
2023-04-22 14:58:56,968 - Epoch:164, train_loss:1.6407, val_auc:0.9277, val_ap: 0.9204
2023-04-22 14:58:57,859 - Epoch:165, train_loss:1.6417, val_auc:0.9275, val_ap: 0.9202
2023-04-22 14:58:58,788 - Epoch:166, train_loss:1.6407, val_auc:0.9270, val_ap: 0.9198
2023-04-22 14:58:59,681 - Epoch:167, train_loss:1.6400, val_auc:0.9269, val_ap: 0.9198
2023-04-22 14:59:00,563 - Epoch:168, train_loss:1.6254, val_auc:0.9272, val_ap: 0.9200
2023-04-22 14:59:01,486 - Epoch:169, train_loss:1.6281, val_auc:0.9274, val_ap: 0.9203
2023-04-22 14:59:02,386 - Epoch:170, train_loss:1.6137, val_auc:0.9275, val_ap: 0.9203
2023-04-22 14:59:03,318 - Epoch:171, train_loss:1.6176, val_auc:0.9275, val_ap: 0.9204
2023-04-22 14:59:04,238 - Epoch:172, train_loss:1.6079, val_auc:0.9276, val_ap: 0.9204
2023-04-22 14:59:05,165 - Epoch:173, train_loss:1.6101, val_auc:0.9276, val_ap: 0.9204
2023-04-22 14:59:06,070 - Epoch:174, train_loss:1.5975, val_auc:0.9278, val_ap: 0.9206
2023-04-22 14:59:06,996 - Epoch:175, train_loss:1.5996, val_auc:0.9280, val_ap: 0.9206
2023-04-22 14:59:07,907 - Epoch:176, train_loss:1.5959, val_auc:0.9277, val_ap: 0.9205
2023-04-22 14:59:08,818 - Epoch:177, train_loss:1.5812, val_auc:0.9277, val_ap: 0.9206
2023-04-22 14:59:09,731 - Epoch:178, train_loss:1.5821, val_auc:0.9279, val_ap: 0.9208
2023-04-22 14:59:10,650 - Epoch:179, train_loss:1.5836, val_auc:0.9280, val_ap: 0.9207
2023-04-22 14:59:11,557 - Epoch:180, train_loss:1.5784, val_auc:0.9280, val_ap: 0.9207
2023-04-22 14:59:12,464 - Epoch:181, train_loss:1.5764, val_auc:0.9281, val_ap: 0.9208
2023-04-22 14:59:13,379 - Epoch:182, train_loss:1.5695, val_auc:0.9284, val_ap: 0.9210
2023-04-22 14:59:14,281 - Epoch:183, train_loss:1.5645, val_auc:0.9285, val_ap: 0.9212
2023-04-22 14:59:15,192 - Epoch:184, train_loss:1.5669, val_auc:0.9285, val_ap: 0.9213
2023-04-22 14:59:16,111 - Epoch:185, train_loss:1.5599, val_auc:0.9283, val_ap: 0.9211
2023-04-22 14:59:17,019 - Epoch:186, train_loss:1.5652, val_auc:0.9281, val_ap: 0.9209
2023-04-22 14:59:17,957 - Epoch:187, train_loss:1.5529, val_auc:0.9280, val_ap: 0.9208
2023-04-22 14:59:18,861 - Epoch:188, train_loss:1.5456, val_auc:0.9282, val_ap: 0.9210
2023-04-22 14:59:19,771 - Epoch:189, train_loss:1.5488, val_auc:0.9286, val_ap: 0.9213
2023-04-22 14:59:20,676 - Epoch:190, train_loss:1.5464, val_auc:0.9287, val_ap: 0.9214
2023-04-22 14:59:21,573 - Epoch:191, train_loss:1.5347, val_auc:0.9287, val_ap: 0.9214
2023-04-22 14:59:22,485 - Epoch:192, train_loss:1.5386, val_auc:0.9285, val_ap: 0.9212
2023-04-22 14:59:23,371 - Epoch:193, train_loss:1.5388, val_auc:0.9285, val_ap: 0.9212
2023-04-22 14:59:24,286 - Epoch:194, train_loss:1.5254, val_auc:0.9285, val_ap: 0.9213
2023-04-22 14:59:25,193 - Epoch:195, train_loss:1.5226, val_auc:0.9287, val_ap: 0.9214
2023-04-22 14:59:26,148 - Epoch:196, train_loss:1.5250, val_auc:0.9287, val_ap: 0.9215
2023-04-22 14:59:27,043 - Epoch:197, train_loss:1.5266, val_auc:0.9288, val_ap: 0.9215
2023-04-22 14:59:27,942 - Epoch:198, train_loss:1.5133, val_auc:0.9288, val_ap: 0.9215
2023-04-22 14:59:28,841 - Epoch:199, train_loss:1.5106, val_auc:0.9289, val_ap: 0.9216
2023-04-22 14:59:28,842 - final results:
2023-04-22 14:59:28,842 - ====================================================================================
2023-04-22 14:59:28,843 - AUC:0.9334+-0.0029 [0.9305052881278107, 0.936266850251422]
2023-04-22 14:59:28,843 - AP:0.9262+-0.0024 [0.923802251238172, 0.9286742183968831]
2023-04-22 14:59:29,951 - Epoch:000, train_loss:16.8575, val_auc:0.9209, val_ap: 0.9194, text_auc:0.9222, text_ap: 0.9208
2023-04-22 14:59:30,919 - Epoch:001, train_loss:16.5439, val_auc:0.9272, val_ap: 0.9233, text_auc:0.9283, text_ap: 0.9244
2023-04-22 14:59:31,903 - Epoch:002, train_loss:15.9840, val_auc:0.9294, val_ap: 0.9243, text_auc:0.9302, text_ap: 0.9251
2023-04-22 14:59:32,874 - Epoch:003, train_loss:15.5921, val_auc:0.9300, val_ap: 0.9240, text_auc:0.9307, text_ap: 0.9249
2023-04-22 14:59:33,845 - Epoch:004, train_loss:15.0818, val_auc:0.9304, val_ap: 0.9239, text_auc:0.9311, text_ap: 0.9246
2023-04-22 14:59:34,776 - Epoch:005, train_loss:14.7163, val_auc:0.9306, val_ap: 0.9236
2023-04-22 14:59:36,445 - Epoch:006, train_loss:14.2531, val_auc:0.9306, val_ap: 0.9236
2023-04-22 14:59:37,762 - Epoch:007, train_loss:13.8728, val_auc:0.9305, val_ap: 0.9233
2023-04-22 14:59:38,846 - Epoch:008, train_loss:13.5289, val_auc:0.9304, val_ap: 0.9227
2023-04-22 14:59:39,835 - Epoch:009, train_loss:13.1108, val_auc:0.9302, val_ap: 0.9225
2023-04-22 14:59:40,824 - Epoch:010, train_loss:12.7408, val_auc:0.9301, val_ap: 0.9226
2023-04-22 14:59:41,793 - Epoch:011, train_loss:12.3312, val_auc:0.9300, val_ap: 0.9222
2023-04-22 14:59:42,727 - Epoch:012, train_loss:11.9416, val_auc:0.9298, val_ap: 0.9220
2023-04-22 14:59:43,651 - Epoch:013, train_loss:11.6252, val_auc:0.9298, val_ap: 0.9221
2023-04-22 14:59:44,532 - Epoch:014, train_loss:11.2006, val_auc:0.9298, val_ap: 0.9219
2023-04-22 14:59:45,407 - Epoch:015, train_loss:10.8149, val_auc:0.9296, val_ap: 0.9215
2023-04-22 14:59:46,269 - Epoch:016, train_loss:10.6218, val_auc:0.9296, val_ap: 0.9215
2023-04-22 14:59:47,151 - Epoch:017, train_loss:10.2702, val_auc:0.9296, val_ap: 0.9214
2023-04-22 14:59:48,075 - Epoch:018, train_loss:9.8719, val_auc:0.9295, val_ap: 0.9214
2023-04-22 14:59:49,027 - Epoch:019, train_loss:9.6364, val_auc:0.9295, val_ap: 0.9214
2023-04-22 14:59:49,964 - Epoch:020, train_loss:9.3330, val_auc:0.9294, val_ap: 0.9213
2023-04-22 14:59:50,901 - Epoch:021, train_loss:9.0684, val_auc:0.9293, val_ap: 0.9213
2023-04-22 14:59:51,847 - Epoch:022, train_loss:8.7962, val_auc:0.9291, val_ap: 0.9210
2023-04-22 14:59:52,800 - Epoch:023, train_loss:8.5748, val_auc:0.9290, val_ap: 0.9208
2023-04-22 14:59:53,754 - Epoch:024, train_loss:8.3761, val_auc:0.9288, val_ap: 0.9207
2023-04-22 14:59:54,777 - Epoch:025, train_loss:8.1086, val_auc:0.9287, val_ap: 0.9207
2023-04-22 14:59:55,724 - Epoch:026, train_loss:7.8743, val_auc:0.9285, val_ap: 0.9204
2023-04-22 14:59:56,663 - Epoch:027, train_loss:7.6929, val_auc:0.9284, val_ap: 0.9203
2023-04-22 14:59:57,588 - Epoch:028, train_loss:7.4686, val_auc:0.9283, val_ap: 0.9203
2023-04-22 14:59:58,514 - Epoch:029, train_loss:7.3195, val_auc:0.9282, val_ap: 0.9201
2023-04-22 14:59:59,561 - Epoch:030, train_loss:7.1336, val_auc:0.9280, val_ap: 0.9198
2023-04-22 15:00:00,484 - Epoch:031, train_loss:7.0292, val_auc:0.9279, val_ap: 0.9197
2023-04-22 15:00:01,413 - Epoch:032, train_loss:6.8324, val_auc:0.9278, val_ap: 0.9196
2023-04-22 15:00:02,325 - Epoch:033, train_loss:6.7207, val_auc:0.9276, val_ap: 0.9193
2023-04-22 15:00:03,267 - Epoch:034, train_loss:6.5829, val_auc:0.9276, val_ap: 0.9193
2023-04-22 15:00:04,193 - Epoch:035, train_loss:6.4641, val_auc:0.9274, val_ap: 0.9190
2023-04-22 15:00:05,109 - Epoch:036, train_loss:6.3691, val_auc:0.9273, val_ap: 0.9189
2023-04-22 15:00:06,023 - Epoch:037, train_loss:6.2782, val_auc:0.9271, val_ap: 0.9188
2023-04-22 15:00:06,959 - Epoch:038, train_loss:6.1768, val_auc:0.9271, val_ap: 0.9188
2023-04-22 15:00:07,880 - Epoch:039, train_loss:6.0690, val_auc:0.9269, val_ap: 0.9186
2023-04-22 15:00:08,780 - Epoch:040, train_loss:6.0282, val_auc:0.9268, val_ap: 0.9185
2023-04-22 15:00:09,655 - Epoch:041, train_loss:5.9332, val_auc:0.9266, val_ap: 0.9184
2023-04-22 15:00:10,572 - Epoch:042, train_loss:5.8743, val_auc:0.9265, val_ap: 0.9182
2023-04-22 15:00:11,494 - Epoch:043, train_loss:5.8155, val_auc:0.9263, val_ap: 0.9181
2023-04-22 15:00:12,416 - Epoch:044, train_loss:5.7519, val_auc:0.9262, val_ap: 0.9180
2023-04-22 15:00:13,324 - Epoch:045, train_loss:5.7211, val_auc:0.9260, val_ap: 0.9177
2023-04-22 15:00:14,221 - Epoch:046, train_loss:5.6825, val_auc:0.9259, val_ap: 0.9175
2023-04-22 15:00:15,122 - Epoch:047, train_loss:5.5845, val_auc:0.9257, val_ap: 0.9174
2023-04-22 15:00:16,020 - Epoch:048, train_loss:5.6304, val_auc:0.9256, val_ap: 0.9171
2023-04-22 15:00:16,916 - Epoch:049, train_loss:5.5499, val_auc:0.9254, val_ap: 0.9169
2023-04-22 15:00:17,839 - Epoch:050, train_loss:5.5148, val_auc:0.9253, val_ap: 0.9168
2023-04-22 15:00:18,808 - Epoch:051, train_loss:5.4773, val_auc:0.9252, val_ap: 0.9169
2023-04-22 15:00:19,707 - Epoch:052, train_loss:5.4802, val_auc:0.9250, val_ap: 0.9167
2023-04-22 15:00:20,612 - Epoch:053, train_loss:5.4760, val_auc:0.9248, val_ap: 0.9165
2023-04-22 15:00:21,508 - Epoch:054, train_loss:5.4214, val_auc:0.9247, val_ap: 0.9164
2023-04-22 15:00:22,411 - Epoch:055, train_loss:5.4147, val_auc:0.9245, val_ap: 0.9162
2023-04-22 15:00:23,328 - Epoch:056, train_loss:5.4194, val_auc:0.9244, val_ap: 0.9160
2023-04-22 15:00:24,246 - Epoch:057, train_loss:5.3548, val_auc:0.9242, val_ap: 0.9158
2023-04-22 15:00:25,175 - Epoch:058, train_loss:5.3788, val_auc:0.9241, val_ap: 0.9157
2023-04-22 15:00:26,090 - Epoch:059, train_loss:5.3063, val_auc:0.9239, val_ap: 0.9155
2023-04-22 15:00:26,980 - Epoch:060, train_loss:5.3438, val_auc:0.9237, val_ap: 0.9152
2023-04-22 15:00:27,884 - Epoch:061, train_loss:5.3168, val_auc:0.9236, val_ap: 0.9152
2023-04-22 15:00:28,797 - Epoch:062, train_loss:5.2993, val_auc:0.9234, val_ap: 0.9149
2023-04-22 15:00:29,812 - Epoch:063, train_loss:5.2711, val_auc:0.9232, val_ap: 0.9148
2023-04-22 15:00:30,842 - Epoch:064, train_loss:5.2882, val_auc:0.9230, val_ap: 0.9146
2023-04-22 15:00:31,830 - Epoch:065, train_loss:5.2743, val_auc:0.9228, val_ap: 0.9143
2023-04-22 15:00:32,787 - Epoch:066, train_loss:5.2669, val_auc:0.9227, val_ap: 0.9142
2023-04-22 15:00:33,782 - Epoch:067, train_loss:5.2820, val_auc:0.9226, val_ap: 0.9141
2023-04-22 15:00:34,759 - Epoch:068, train_loss:5.2363, val_auc:0.9224, val_ap: 0.9139
2023-04-22 15:00:35,744 - Epoch:069, train_loss:5.2474, val_auc:0.9222, val_ap: 0.9136
2023-04-22 15:00:36,725 - Epoch:070, train_loss:5.2347, val_auc:0.9220, val_ap: 0.9134
2023-04-22 15:00:37,678 - Epoch:071, train_loss:5.2331, val_auc:0.9219, val_ap: 0.9134
2023-04-22 15:00:38,636 - Epoch:072, train_loss:5.2403, val_auc:0.9217, val_ap: 0.9132
2023-04-22 15:00:39,588 - Epoch:073, train_loss:5.2210, val_auc:0.9216, val_ap: 0.9130
2023-04-22 15:00:40,553 - Epoch:074, train_loss:5.2061, val_auc:0.9214, val_ap: 0.9127
2023-04-22 15:00:41,527 - Epoch:075, train_loss:5.2165, val_auc:0.9213, val_ap: 0.9126
2023-04-22 15:00:42,474 - Epoch:076, train_loss:5.1936, val_auc:0.9211, val_ap: 0.9125
2023-04-22 15:00:43,406 - Epoch:077, train_loss:5.1705, val_auc:0.9210, val_ap: 0.9123
2023-04-22 15:00:44,345 - Epoch:078, train_loss:5.1701, val_auc:0.9208, val_ap: 0.9119
2023-04-22 15:00:45,301 - Epoch:079, train_loss:5.1764, val_auc:0.9207, val_ap: 0.9118
2023-04-22 15:00:46,446 - Epoch:080, train_loss:5.1577, val_auc:0.9205, val_ap: 0.9117
2023-04-22 15:00:47,480 - Epoch:081, train_loss:5.1703, val_auc:0.9204, val_ap: 0.9115
2023-04-22 15:00:48,484 - Epoch:082, train_loss:5.1574, val_auc:0.9203, val_ap: 0.9114
2023-04-22 15:00:49,472 - Epoch:083, train_loss:5.1492, val_auc:0.9201, val_ap: 0.9111
2023-04-22 15:00:50,444 - Epoch:084, train_loss:5.1384, val_auc:0.9200, val_ap: 0.9110
2023-04-22 15:00:51,452 - Epoch:085, train_loss:5.1358, val_auc:0.9199, val_ap: 0.9109
2023-04-22 15:00:52,387 - Epoch:086, train_loss:5.1095, val_auc:0.9197, val_ap: 0.9106
2023-04-22 15:00:53,444 - Epoch:087, train_loss:5.1413, val_auc:0.9196, val_ap: 0.9104
2023-04-22 15:00:54,393 - Epoch:088, train_loss:5.1206, val_auc:0.9195, val_ap: 0.9104
2023-04-22 15:00:55,327 - Epoch:089, train_loss:5.1421, val_auc:0.9194, val_ap: 0.9101
2023-04-22 15:00:56,262 - Epoch:090, train_loss:5.1315, val_auc:0.9193, val_ap: 0.9100
2023-04-22 15:00:57,189 - Epoch:091, train_loss:5.1183, val_auc:0.9191, val_ap: 0.9098
2023-04-22 15:00:58,121 - Epoch:092, train_loss:5.1321, val_auc:0.9190, val_ap: 0.9096
2023-04-22 15:00:59,043 - Epoch:093, train_loss:5.1115, val_auc:0.9189, val_ap: 0.9095
2023-04-22 15:00:59,969 - Epoch:094, train_loss:5.1207, val_auc:0.9188, val_ap: 0.9093
2023-04-22 15:01:01,721 - Epoch:095, train_loss:5.1427, val_auc:0.9187, val_ap: 0.9091
2023-04-22 15:01:02,960 - Epoch:096, train_loss:5.0951, val_auc:0.9186, val_ap: 0.9090
2023-04-22 15:01:04,079 - Epoch:097, train_loss:5.0945, val_auc:0.9185, val_ap: 0.9089
2023-04-22 15:01:05,110 - Epoch:098, train_loss:5.0823, val_auc:0.9184, val_ap: 0.9088
2023-04-22 15:01:06,003 - Epoch:099, train_loss:5.0812, val_auc:0.9184, val_ap: 0.9087
2023-04-22 15:01:06,907 - Epoch:100, train_loss:5.0748, val_auc:0.9184, val_ap: 0.9086
2023-04-22 15:01:07,803 - Epoch:101, train_loss:5.0634, val_auc:0.9184, val_ap: 0.9085
2023-04-22 15:01:08,697 - Epoch:102, train_loss:5.0606, val_auc:0.9184, val_ap: 0.9085
2023-04-22 15:01:09,605 - Epoch:103, train_loss:5.0482, val_auc:0.9185, val_ap: 0.9086
2023-04-22 15:01:10,510 - Epoch:104, train_loss:5.0182, val_auc:0.9187, val_ap: 0.9087
2023-04-22 15:01:11,396 - Epoch:105, train_loss:5.0152, val_auc:0.9191, val_ap: 0.9090
2023-04-22 15:01:12,292 - Epoch:106, train_loss:5.0007, val_auc:0.9197, val_ap: 0.9095
2023-04-22 15:01:13,183 - Epoch:107, train_loss:4.9249, val_auc:0.9208, val_ap: 0.9105
2023-04-22 15:01:14,082 - Epoch:108, train_loss:4.8655, val_auc:0.9227, val_ap: 0.9127
2023-04-22 15:01:14,986 - Epoch:109, train_loss:4.7131, val_auc:0.9261, val_ap: 0.9169
2023-04-22 15:01:15,896 - Epoch:110, train_loss:4.3637, val_auc:0.9277, val_ap: 0.9193
2023-04-22 15:01:16,814 - Epoch:111, train_loss:4.0630, val_auc:0.9291, val_ap: 0.9213
2023-04-22 15:01:17,710 - Epoch:112, train_loss:4.0225, val_auc:0.9272, val_ap: 0.9199
2023-04-22 15:01:18,603 - Epoch:113, train_loss:3.8367, val_auc:0.9257, val_ap: 0.9186
2023-04-22 15:01:19,505 - Epoch:114, train_loss:3.5809, val_auc:0.9249, val_ap: 0.9179
2023-04-22 15:01:20,446 - Epoch:115, train_loss:3.4678, val_auc:0.9267, val_ap: 0.9195
2023-04-22 15:01:21,340 - Epoch:116, train_loss:3.3503, val_auc:0.9271, val_ap: 0.9198
2023-04-22 15:01:22,239 - Epoch:117, train_loss:3.2615, val_auc:0.9266, val_ap: 0.9193
2023-04-22 15:01:23,148 - Epoch:118, train_loss:3.1963, val_auc:0.9261, val_ap: 0.9188
2023-04-22 15:01:24,057 - Epoch:119, train_loss:3.1140, val_auc:0.9254, val_ap: 0.9182
2023-04-22 15:01:24,996 - Epoch:120, train_loss:3.0086, val_auc:0.9253, val_ap: 0.9179
2023-04-22 15:01:25,916 - Epoch:121, train_loss:2.8401, val_auc:0.9253, val_ap: 0.9179
2023-04-22 15:01:26,830 - Epoch:122, train_loss:2.6564, val_auc:0.9257, val_ap: 0.9187
2023-04-22 15:01:27,703 - Epoch:123, train_loss:2.5613, val_auc:0.9264, val_ap: 0.9192
2023-04-22 15:01:28,554 - Epoch:124, train_loss:2.4077, val_auc:0.9260, val_ap: 0.9186
2023-04-22 15:01:29,430 - Epoch:125, train_loss:2.3511, val_auc:0.9258, val_ap: 0.9183
2023-04-22 15:01:30,299 - Epoch:126, train_loss:2.3084, val_auc:0.9256, val_ap: 0.9181
2023-04-22 15:01:31,161 - Epoch:127, train_loss:2.2458, val_auc:0.9250, val_ap: 0.9176
2023-04-22 15:01:32,036 - Epoch:128, train_loss:2.1758, val_auc:0.9250, val_ap: 0.9175
2023-04-22 15:01:32,905 - Epoch:129, train_loss:2.1275, val_auc:0.9254, val_ap: 0.9178
2023-04-22 15:01:33,768 - Epoch:130, train_loss:2.1022, val_auc:0.9254, val_ap: 0.9178
2023-04-22 15:01:34,644 - Epoch:131, train_loss:2.0730, val_auc:0.9249, val_ap: 0.9172
2023-04-22 15:01:35,515 - Epoch:132, train_loss:2.0159, val_auc:0.9241, val_ap: 0.9165
2023-04-22 15:01:36,383 - Epoch:133, train_loss:1.9802, val_auc:0.9236, val_ap: 0.9162
2023-04-22 15:01:37,243 - Epoch:134, train_loss:1.9602, val_auc:0.9227, val_ap: 0.9157
2023-04-22 15:01:38,983 - Epoch:135, train_loss:1.9402, val_auc:0.9217, val_ap: 0.9150
2023-04-22 15:01:40,181 - Epoch:136, train_loss:1.9162, val_auc:0.9218, val_ap: 0.9151
2023-04-22 15:01:41,220 - Epoch:137, train_loss:1.9115, val_auc:0.9225, val_ap: 0.9155
2023-04-22 15:01:42,209 - Epoch:138, train_loss:1.8912, val_auc:0.9231, val_ap: 0.9159
2023-04-22 15:01:43,160 - Epoch:139, train_loss:1.8740, val_auc:0.9235, val_ap: 0.9163
2023-04-22 15:01:44,085 - Epoch:140, train_loss:1.8511, val_auc:0.9228, val_ap: 0.9160
2023-04-22 15:01:44,995 - Epoch:141, train_loss:1.8289, val_auc:0.9221, val_ap: 0.9157
2023-04-22 15:01:45,893 - Epoch:142, train_loss:1.8224, val_auc:0.9216, val_ap: 0.9154
2023-04-22 15:01:46,798 - Epoch:143, train_loss:1.8189, val_auc:0.9213, val_ap: 0.9152
2023-04-22 15:01:47,687 - Epoch:144, train_loss:1.8043, val_auc:0.9210, val_ap: 0.9150
2023-04-22 15:01:48,569 - Epoch:145, train_loss:1.7933, val_auc:0.9213, val_ap: 0.9153
2023-04-22 15:01:49,430 - Epoch:146, train_loss:1.7838, val_auc:0.9219, val_ap: 0.9157
2023-04-22 15:01:50,317 - Epoch:147, train_loss:1.7719, val_auc:0.9220, val_ap: 0.9157
2023-04-22 15:01:51,190 - Epoch:148, train_loss:1.7511, val_auc:0.9218, val_ap: 0.9157
2023-04-22 15:01:52,019 - Epoch:149, train_loss:1.7516, val_auc:0.9217, val_ap: 0.9158
2023-04-22 15:01:52,907 - Epoch:150, train_loss:1.7423, val_auc:0.9215, val_ap: 0.9158
2023-04-22 15:01:53,777 - Epoch:151, train_loss:1.7355, val_auc:0.9211, val_ap: 0.9157
2023-04-22 15:01:54,621 - Epoch:152, train_loss:1.7252, val_auc:0.9208, val_ap: 0.9155
2023-04-22 15:01:55,487 - Epoch:153, train_loss:1.7176, val_auc:0.9211, val_ap: 0.9158
2023-04-22 15:01:56,393 - Epoch:154, train_loss:1.7044, val_auc:0.9220, val_ap: 0.9163
2023-04-22 15:01:57,276 - Epoch:155, train_loss:1.7145, val_auc:0.9224, val_ap: 0.9166
2023-04-22 15:01:58,147 - Epoch:156, train_loss:1.7008, val_auc:0.9225, val_ap: 0.9167
2023-04-22 15:01:59,021 - Epoch:157, train_loss:1.7005, val_auc:0.9221, val_ap: 0.9166
2023-04-22 15:01:59,887 - Epoch:158, train_loss:1.6804, val_auc:0.9218, val_ap: 0.9165
2023-04-22 15:02:00,758 - Epoch:159, train_loss:1.6768, val_auc:0.9218, val_ap: 0.9166
2023-04-22 15:02:01,628 - Epoch:160, train_loss:1.6754, val_auc:0.9220, val_ap: 0.9167
2023-04-22 15:02:03,008 - Epoch:161, train_loss:1.6726, val_auc:0.9224, val_ap: 0.9170
2023-04-22 15:02:04,158 - Epoch:162, train_loss:1.6624, val_auc:0.9227, val_ap: 0.9172
2023-04-22 15:02:05,205 - Epoch:163, train_loss:1.6583, val_auc:0.9226, val_ap: 0.9172
2023-04-22 15:02:06,219 - Epoch:164, train_loss:1.6596, val_auc:0.9223, val_ap: 0.9171
2023-04-22 15:02:07,172 - Epoch:165, train_loss:1.6379, val_auc:0.9222, val_ap: 0.9171
2023-04-22 15:02:08,077 - Epoch:166, train_loss:1.6394, val_auc:0.9223, val_ap: 0.9172
2023-04-22 15:02:08,976 - Epoch:167, train_loss:1.6291, val_auc:0.9227, val_ap: 0.9175
2023-04-22 15:02:09,834 - Epoch:168, train_loss:1.6318, val_auc:0.9232, val_ap: 0.9178
2023-04-22 15:02:10,669 - Epoch:169, train_loss:1.6262, val_auc:0.9234, val_ap: 0.9180
2023-04-22 15:02:11,502 - Epoch:170, train_loss:1.6289, val_auc:0.9233, val_ap: 0.9181
2023-04-22 15:02:12,330 - Epoch:171, train_loss:1.6234, val_auc:0.9230, val_ap: 0.9180
2023-04-22 15:02:13,157 - Epoch:172, train_loss:1.6164, val_auc:0.9229, val_ap: 0.9180
2023-04-22 15:02:13,981 - Epoch:173, train_loss:1.6131, val_auc:0.9229, val_ap: 0.9181
2023-04-22 15:02:14,805 - Epoch:174, train_loss:1.6013, val_auc:0.9230, val_ap: 0.9181
2023-04-22 15:02:15,627 - Epoch:175, train_loss:1.6024, val_auc:0.9234, val_ap: 0.9185
2023-04-22 15:02:16,448 - Epoch:176, train_loss:1.5930, val_auc:0.9238, val_ap: 0.9188
2023-04-22 15:02:17,268 - Epoch:177, train_loss:1.6016, val_auc:0.9240, val_ap: 0.9190
2023-04-22 15:02:18,087 - Epoch:178, train_loss:1.5905, val_auc:0.9240, val_ap: 0.9190
2023-04-22 15:02:18,906 - Epoch:179, train_loss:1.5843, val_auc:0.9237, val_ap: 0.9189
2023-04-22 15:02:19,723 - Epoch:180, train_loss:1.5799, val_auc:0.9235, val_ap: 0.9188
2023-04-22 15:02:20,538 - Epoch:181, train_loss:1.5883, val_auc:0.9234, val_ap: 0.9187
2023-04-22 15:02:21,353 - Epoch:182, train_loss:1.5702, val_auc:0.9236, val_ap: 0.9189
2023-04-22 15:02:22,172 - Epoch:183, train_loss:1.5731, val_auc:0.9240, val_ap: 0.9192
2023-04-22 15:02:22,995 - Epoch:184, train_loss:1.5645, val_auc:0.9244, val_ap: 0.9195
2023-04-22 15:02:23,807 - Epoch:185, train_loss:1.5662, val_auc:0.9246, val_ap: 0.9197
2023-04-22 15:02:24,622 - Epoch:186, train_loss:1.5563, val_auc:0.9246, val_ap: 0.9197
2023-04-22 15:02:25,434 - Epoch:187, train_loss:1.5680, val_auc:0.9245, val_ap: 0.9197
2023-04-22 15:02:26,244 - Epoch:188, train_loss:1.5549, val_auc:0.9243, val_ap: 0.9196
2023-04-22 15:02:27,060 - Epoch:189, train_loss:1.5523, val_auc:0.9242, val_ap: 0.9196
2023-04-22 15:02:27,873 - Epoch:190, train_loss:1.5538, val_auc:0.9243, val_ap: 0.9198
2023-04-22 15:02:28,680 - Epoch:191, train_loss:1.5458, val_auc:0.9246, val_ap: 0.9200
2023-04-22 15:02:29,490 - Epoch:192, train_loss:1.5402, val_auc:0.9249, val_ap: 0.9202
2023-04-22 15:02:30,298 - Epoch:193, train_loss:1.5367, val_auc:0.9250, val_ap: 0.9203
2023-04-22 15:02:31,104 - Epoch:194, train_loss:1.5278, val_auc:0.9250, val_ap: 0.9203
2023-04-22 15:02:31,914 - Epoch:195, train_loss:1.5303, val_auc:0.9250, val_ap: 0.9203
2023-04-22 15:02:32,722 - Epoch:196, train_loss:1.5225, val_auc:0.9251, val_ap: 0.9205
2023-04-22 15:02:34,156 - Epoch:197, train_loss:1.5224, val_auc:0.9253, val_ap: 0.9207
2023-04-22 15:02:35,281 - Epoch:198, train_loss:1.5208, val_auc:0.9254, val_ap: 0.9208
2023-04-22 15:02:36,305 - Epoch:199, train_loss:1.5180, val_auc:0.9254, val_ap: 0.9208
2023-04-22 15:02:36,307 - final results:
2023-04-22 15:02:36,307 - ====================================================================================
2023-04-22 15:02:36,307 - AUC:0.9326+-0.0026 [0.9305052881278107, 0.936266850251422, 0.9310551081891061]
2023-04-22 15:02:36,307 - AP:0.9257+-0.0021 [0.923802251238172, 0.9286742183968831, 0.924636076956333]
2023-04-22 15:02:37,393 - Epoch:000, train_loss:16.8594, val_auc:0.9223, val_ap: 0.9216, text_auc:0.9243, text_ap: 0.9217
2023-04-22 15:02:38,308 - Epoch:001, train_loss:16.3445, val_auc:0.9296, val_ap: 0.9259, text_auc:0.9307, text_ap: 0.9255
2023-04-22 15:02:39,213 - Epoch:002, train_loss:15.9810, val_auc:0.9323, val_ap: 0.9272, text_auc:0.9329, text_ap: 0.9266
2023-04-22 15:02:40,113 - Epoch:003, train_loss:15.4996, val_auc:0.9333, val_ap: 0.9272, text_auc:0.9337, text_ap: 0.9267
2023-04-22 15:02:40,943 - Epoch:004, train_loss:15.0560, val_auc:0.9335, val_ap: 0.9267
2023-04-22 15:02:41,772 - Epoch:005, train_loss:14.5943, val_auc:0.9335, val_ap: 0.9261
2023-04-22 15:02:42,586 - Epoch:006, train_loss:14.2539, val_auc:0.9337, val_ap: 0.9260
2023-04-22 15:02:43,396 - Epoch:007, train_loss:13.8974, val_auc:0.9335, val_ap: 0.9256
2023-04-22 15:02:44,157 - Epoch:008, train_loss:13.4311, val_auc:0.9334, val_ap: 0.9254
2023-04-22 15:02:44,912 - Epoch:009, train_loss:13.0616, val_auc:0.9333, val_ap: 0.9251
2023-04-22 15:02:45,666 - Epoch:010, train_loss:12.7359, val_auc:0.9333, val_ap: 0.9250
2023-04-22 15:02:46,421 - Epoch:011, train_loss:12.2928, val_auc:0.9332, val_ap: 0.9247
2023-04-22 15:02:47,177 - Epoch:012, train_loss:11.9892, val_auc:0.9330, val_ap: 0.9245
2023-04-22 15:02:47,927 - Epoch:013, train_loss:11.5559, val_auc:0.9328, val_ap: 0.9243
2023-04-22 15:02:48,676 - Epoch:014, train_loss:11.2419, val_auc:0.9326, val_ap: 0.9241
2023-04-22 15:02:49,426 - Epoch:015, train_loss:10.8377, val_auc:0.9325, val_ap: 0.9239
2023-04-22 15:02:50,175 - Epoch:016, train_loss:10.5470, val_auc:0.9324, val_ap: 0.9238
2023-04-22 15:02:50,926 - Epoch:017, train_loss:10.2084, val_auc:0.9322, val_ap: 0.9236
2023-04-22 15:02:52,309 - Epoch:018, train_loss:9.9217, val_auc:0.9321, val_ap: 0.9232
2023-04-22 15:02:53,445 - Epoch:019, train_loss:9.6654, val_auc:0.9319, val_ap: 0.9230
2023-04-22 15:02:54,467 - Epoch:020, train_loss:9.3433, val_auc:0.9317, val_ap: 0.9228
2023-04-22 15:02:55,414 - Epoch:021, train_loss:8.9919, val_auc:0.9316, val_ap: 0.9228
2023-04-22 15:02:56,266 - Epoch:022, train_loss:8.7935, val_auc:0.9315, val_ap: 0.9226
2023-04-22 15:02:57,075 - Epoch:023, train_loss:8.6161, val_auc:0.9313, val_ap: 0.9223
2023-04-22 15:02:57,865 - Epoch:024, train_loss:8.2922, val_auc:0.9312, val_ap: 0.9223
2023-04-22 15:02:58,645 - Epoch:025, train_loss:8.0884, val_auc:0.9311, val_ap: 0.9221
2023-04-22 15:02:59,426 - Epoch:026, train_loss:7.8637, val_auc:0.9309, val_ap: 0.9220
2023-04-22 15:03:00,206 - Epoch:027, train_loss:7.6596, val_auc:0.9308, val_ap: 0.9216
2023-04-22 15:03:01,075 - Epoch:028, train_loss:7.4670, val_auc:0.9307, val_ap: 0.9218
2023-04-22 15:03:01,884 - Epoch:029, train_loss:7.3265, val_auc:0.9306, val_ap: 0.9217
2023-04-22 15:03:02,647 - Epoch:030, train_loss:7.1144, val_auc:0.9304, val_ap: 0.9214
2023-04-22 15:03:03,406 - Epoch:031, train_loss:6.9849, val_auc:0.9302, val_ap: 0.9212
2023-04-22 15:03:04,163 - Epoch:032, train_loss:6.7876, val_auc:0.9300, val_ap: 0.9208
2023-04-22 15:03:04,928 - Epoch:033, train_loss:6.6574, val_auc:0.9299, val_ap: 0.9208
2023-04-22 15:03:05,693 - Epoch:034, train_loss:6.5478, val_auc:0.9297, val_ap: 0.9206
2023-04-22 15:03:06,450 - Epoch:035, train_loss:6.4600, val_auc:0.9296, val_ap: 0.9205
2023-04-22 15:03:07,208 - Epoch:036, train_loss:6.3412, val_auc:0.9294, val_ap: 0.9202
2023-04-22 15:03:07,968 - Epoch:037, train_loss:6.2056, val_auc:0.9292, val_ap: 0.9199
2023-04-22 15:03:09,394 - Epoch:038, train_loss:6.1524, val_auc:0.9290, val_ap: 0.9197
2023-04-22 15:03:10,391 - Epoch:039, train_loss:6.0473, val_auc:0.9289, val_ap: 0.9196
2023-04-22 15:03:11,297 - Epoch:040, train_loss:6.0050, val_auc:0.9288, val_ap: 0.9198
2023-04-22 15:03:12,190 - Epoch:041, train_loss:5.9146, val_auc:0.9286, val_ap: 0.9196
2023-04-22 15:03:13,049 - Epoch:042, train_loss:5.8684, val_auc:0.9285, val_ap: 0.9194
2023-04-22 15:03:13,863 - Epoch:043, train_loss:5.8136, val_auc:0.9283, val_ap: 0.9193
2023-04-22 15:03:14,659 - Epoch:044, train_loss:5.7587, val_auc:0.9282, val_ap: 0.9190
2023-04-22 15:03:15,446 - Epoch:045, train_loss:5.7437, val_auc:0.9280, val_ap: 0.9188
2023-04-22 15:03:16,232 - Epoch:046, train_loss:5.6678, val_auc:0.9279, val_ap: 0.9187
2023-04-22 15:03:17,009 - Epoch:047, train_loss:5.6153, val_auc:0.9276, val_ap: 0.9184
2023-04-22 15:03:17,784 - Epoch:048, train_loss:5.5848, val_auc:0.9275, val_ap: 0.9183
2023-04-22 15:03:18,566 - Epoch:049, train_loss:5.5534, val_auc:0.9274, val_ap: 0.9183
2023-04-22 15:03:19,337 - Epoch:050, train_loss:5.5372, val_auc:0.9272, val_ap: 0.9182
2023-04-22 15:03:20,106 - Epoch:051, train_loss:5.4942, val_auc:0.9271, val_ap: 0.9183
2023-04-22 15:03:20,887 - Epoch:052, train_loss:5.4894, val_auc:0.9269, val_ap: 0.9180
2023-04-22 15:03:21,653 - Epoch:053, train_loss:5.4641, val_auc:0.9267, val_ap: 0.9177
2023-04-22 15:03:22,490 - Epoch:054, train_loss:5.4264, val_auc:0.9266, val_ap: 0.9177
2023-04-22 15:03:23,312 - Epoch:055, train_loss:5.4097, val_auc:0.9264, val_ap: 0.9173
2023-04-22 15:03:24,130 - Epoch:056, train_loss:5.3886, val_auc:0.9262, val_ap: 0.9170
2023-04-22 15:03:24,947 - Epoch:057, train_loss:5.3689, val_auc:0.9260, val_ap: 0.9168
2023-04-22 15:03:25,763 - Epoch:058, train_loss:5.3591, val_auc:0.9258, val_ap: 0.9164
2023-04-22 15:03:26,578 - Epoch:059, train_loss:5.3712, val_auc:0.9256, val_ap: 0.9163
2023-04-22 15:03:27,390 - Epoch:060, train_loss:5.3438, val_auc:0.9255, val_ap: 0.9163
2023-04-22 15:03:28,194 - Epoch:061, train_loss:5.3551, val_auc:0.9253, val_ap: 0.9160
2023-04-22 15:03:28,999 - Epoch:062, train_loss:5.3012, val_auc:0.9250, val_ap: 0.9157
2023-04-22 15:03:29,802 - Epoch:063, train_loss:5.2706, val_auc:0.9249, val_ap: 0.9155
2023-04-22 15:03:30,605 - Epoch:064, train_loss:5.2862, val_auc:0.9247, val_ap: 0.9153
2023-04-22 15:03:31,406 - Epoch:065, train_loss:5.2954, val_auc:0.9245, val_ap: 0.9151
2023-04-22 15:03:32,209 - Epoch:066, train_loss:5.2760, val_auc:0.9243, val_ap: 0.9149
2023-04-22 15:03:33,015 - Epoch:067, train_loss:5.2616, val_auc:0.9241, val_ap: 0.9147
2023-04-22 15:03:33,820 - Epoch:068, train_loss:5.2325, val_auc:0.9238, val_ap: 0.9145
2023-04-22 15:03:34,624 - Epoch:069, train_loss:5.2489, val_auc:0.9236, val_ap: 0.9142
2023-04-22 15:03:35,426 - Epoch:070, train_loss:5.2465, val_auc:0.9234, val_ap: 0.9140
2023-04-22 15:03:36,228 - Epoch:071, train_loss:5.2307, val_auc:0.9232, val_ap: 0.9137
2023-04-22 15:03:37,037 - Epoch:072, train_loss:5.2000, val_auc:0.9230, val_ap: 0.9136
2023-04-22 15:03:37,840 - Epoch:073, train_loss:5.1980, val_auc:0.9228, val_ap: 0.9133
2023-04-22 15:03:38,646 - Epoch:074, train_loss:5.1904, val_auc:0.9226, val_ap: 0.9131
2023-04-22 15:03:39,445 - Epoch:075, train_loss:5.1959, val_auc:0.9224, val_ap: 0.9128
2023-04-22 15:03:40,243 - Epoch:076, train_loss:5.1955, val_auc:0.9222, val_ap: 0.9126
2023-04-22 15:03:41,043 - Epoch:077, train_loss:5.2084, val_auc:0.9220, val_ap: 0.9124
2023-04-22 15:03:41,842 - Epoch:078, train_loss:5.1826, val_auc:0.9218, val_ap: 0.9121
2023-04-22 15:03:42,642 - Epoch:079, train_loss:5.1834, val_auc:0.9216, val_ap: 0.9119
2023-04-22 15:03:43,458 - Epoch:080, train_loss:5.1813, val_auc:0.9214, val_ap: 0.9117
2023-04-22 15:03:44,262 - Epoch:081, train_loss:5.1373, val_auc:0.9212, val_ap: 0.9114
2023-04-22 15:03:45,063 - Epoch:082, train_loss:5.1623, val_auc:0.9210, val_ap: 0.9112
2023-04-22 15:03:45,864 - Epoch:083, train_loss:5.1543, val_auc:0.9208, val_ap: 0.9109
2023-04-22 15:03:46,666 - Epoch:084, train_loss:5.1761, val_auc:0.9206, val_ap: 0.9108
2023-04-22 15:03:47,466 - Epoch:085, train_loss:5.1626, val_auc:0.9204, val_ap: 0.9106
2023-04-22 15:03:48,267 - Epoch:086, train_loss:5.1393, val_auc:0.9202, val_ap: 0.9103
2023-04-22 15:03:49,069 - Epoch:087, train_loss:5.1548, val_auc:0.9200, val_ap: 0.9100
2023-04-22 15:03:49,870 - Epoch:088, train_loss:5.1290, val_auc:0.9199, val_ap: 0.9099
2023-04-22 15:03:50,674 - Epoch:089, train_loss:5.1441, val_auc:0.9197, val_ap: 0.9097
2023-04-22 15:03:51,477 - Epoch:090, train_loss:5.1295, val_auc:0.9196, val_ap: 0.9095
2023-04-22 15:03:52,288 - Epoch:091, train_loss:5.1336, val_auc:0.9194, val_ap: 0.9093
2023-04-22 15:03:53,091 - Epoch:092, train_loss:5.1287, val_auc:0.9192, val_ap: 0.9091
2023-04-22 15:03:53,893 - Epoch:093, train_loss:5.1024, val_auc:0.9191, val_ap: 0.9089
2023-04-22 15:03:54,701 - Epoch:094, train_loss:5.1043, val_auc:0.9190, val_ap: 0.9088
2023-04-22 15:03:55,511 - Epoch:095, train_loss:5.1139, val_auc:0.9188, val_ap: 0.9085
2023-04-22 15:03:56,316 - Epoch:096, train_loss:5.1000, val_auc:0.9187, val_ap: 0.9083
2023-04-22 15:03:57,122 - Epoch:097, train_loss:5.0733, val_auc:0.9186, val_ap: 0.9082
2023-04-22 15:03:57,928 - Epoch:098, train_loss:5.0683, val_auc:0.9184, val_ap: 0.9080
2023-04-22 15:03:58,733 - Epoch:099, train_loss:5.0758, val_auc:0.9183, val_ap: 0.9078
2023-04-22 15:03:59,539 - Epoch:100, train_loss:5.0696, val_auc:0.9183, val_ap: 0.9077
2023-04-22 15:04:00,343 - Epoch:101, train_loss:5.0511, val_auc:0.9182, val_ap: 0.9076
2023-04-22 15:04:01,507 - Epoch:102, train_loss:5.0527, val_auc:0.9182, val_ap: 0.9076
2023-04-22 15:04:02,619 - Epoch:103, train_loss:5.0137, val_auc:0.9183, val_ap: 0.9076
2023-04-22 15:04:03,615 - Epoch:104, train_loss:4.9989, val_auc:0.9187, val_ap: 0.9079
2023-04-22 15:04:04,547 - Epoch:105, train_loss:4.9665, val_auc:0.9193, val_ap: 0.9086
2023-04-22 15:04:05,434 - Epoch:106, train_loss:4.9344, val_auc:0.9208, val_ap: 0.9101
2023-04-22 15:04:06,353 - Epoch:107, train_loss:4.8466, val_auc:0.9237, val_ap: 0.9131
2023-04-22 15:04:07,269 - Epoch:108, train_loss:4.6400, val_auc:0.9267, val_ap: 0.9168
2023-04-22 15:04:08,176 - Epoch:109, train_loss:4.3195, val_auc:0.9271, val_ap: 0.9184
2023-04-22 15:04:09,070 - Epoch:110, train_loss:3.9677, val_auc:0.9292, val_ap: 0.9207
2023-04-22 15:04:09,974 - Epoch:111, train_loss:3.8079, val_auc:0.9302, val_ap: 0.9209
2023-04-22 15:04:10,885 - Epoch:112, train_loss:3.6256, val_auc:0.9297, val_ap: 0.9202
2023-04-22 15:04:11,750 - Epoch:113, train_loss:3.4993, val_auc:0.9285, val_ap: 0.9191
2023-04-22 15:04:12,642 - Epoch:114, train_loss:3.3154, val_auc:0.9284, val_ap: 0.9187
2023-04-22 15:04:13,530 - Epoch:115, train_loss:3.0299, val_auc:0.9288, val_ap: 0.9194
2023-04-22 15:04:14,432 - Epoch:116, train_loss:2.9873, val_auc:0.9282, val_ap: 0.9193
2023-04-22 15:04:15,325 - Epoch:117, train_loss:2.9319, val_auc:0.9255, val_ap: 0.9172
2023-04-22 15:04:16,219 - Epoch:118, train_loss:2.8230, val_auc:0.9238, val_ap: 0.9157
2023-04-22 15:04:17,101 - Epoch:119, train_loss:2.7147, val_auc:0.9244, val_ap: 0.9157
2023-04-22 15:04:18,000 - Epoch:120, train_loss:2.6513, val_auc:0.9263, val_ap: 0.9168
2023-04-22 15:04:18,888 - Epoch:121, train_loss:2.5837, val_auc:0.9270, val_ap: 0.9173
2023-04-22 15:04:19,770 - Epoch:122, train_loss:2.5263, val_auc:0.9269, val_ap: 0.9173
2023-04-22 15:04:20,650 - Epoch:123, train_loss:2.5341, val_auc:0.9254, val_ap: 0.9163
2023-04-22 15:04:21,545 - Epoch:124, train_loss:2.4494, val_auc:0.9236, val_ap: 0.9151
2023-04-22 15:04:22,435 - Epoch:125, train_loss:2.3704, val_auc:0.9227, val_ap: 0.9146
2023-04-22 15:04:23,318 - Epoch:126, train_loss:2.3462, val_auc:0.9221, val_ap: 0.9143
2023-04-22 15:04:24,210 - Epoch:127, train_loss:2.3275, val_auc:0.9223, val_ap: 0.9144
2023-04-22 15:04:25,100 - Epoch:128, train_loss:2.3005, val_auc:0.9231, val_ap: 0.9150
2023-04-22 15:04:26,057 - Epoch:129, train_loss:2.2297, val_auc:0.9248, val_ap: 0.9162
2023-04-22 15:04:26,925 - Epoch:130, train_loss:2.1152, val_auc:0.9259, val_ap: 0.9170
2023-04-22 15:04:27,784 - Epoch:131, train_loss:2.0650, val_auc:0.9265, val_ap: 0.9176
2023-04-22 15:04:28,655 - Epoch:132, train_loss:2.0548, val_auc:0.9267, val_ap: 0.9176
2023-04-22 15:04:29,522 - Epoch:133, train_loss:2.0242, val_auc:0.9265, val_ap: 0.9173
2023-04-22 15:04:30,387 - Epoch:134, train_loss:1.9815, val_auc:0.9261, val_ap: 0.9170
2023-04-22 15:04:31,262 - Epoch:135, train_loss:1.9698, val_auc:0.9249, val_ap: 0.9162
2023-04-22 15:04:32,113 - Epoch:136, train_loss:1.9307, val_auc:0.9238, val_ap: 0.9156
2023-04-22 15:04:32,998 - Epoch:137, train_loss:1.9010, val_auc:0.9237, val_ap: 0.9156
2023-04-22 15:04:33,885 - Epoch:138, train_loss:1.8948, val_auc:0.9239, val_ap: 0.9158
2023-04-22 15:04:34,771 - Epoch:139, train_loss:1.8964, val_auc:0.9237, val_ap: 0.9156
2023-04-22 15:04:35,632 - Epoch:140, train_loss:1.8611, val_auc:0.9237, val_ap: 0.9156
2023-04-22 15:04:36,519 - Epoch:141, train_loss:1.8429, val_auc:0.9244, val_ap: 0.9160
2023-04-22 15:04:37,418 - Epoch:142, train_loss:1.8296, val_auc:0.9252, val_ap: 0.9166
2023-04-22 15:04:38,295 - Epoch:143, train_loss:1.8123, val_auc:0.9254, val_ap: 0.9168
2023-04-22 15:04:39,182 - Epoch:144, train_loss:1.8069, val_auc:0.9247, val_ap: 0.9164
2023-04-22 15:04:40,067 - Epoch:145, train_loss:1.7896, val_auc:0.9240, val_ap: 0.9160
2023-04-22 15:04:40,969 - Epoch:146, train_loss:1.7828, val_auc:0.9234, val_ap: 0.9156
2023-04-22 15:04:41,859 - Epoch:147, train_loss:1.7678, val_auc:0.9233, val_ap: 0.9156
2023-04-22 15:04:42,749 - Epoch:148, train_loss:1.7575, val_auc:0.9239, val_ap: 0.9162
2023-04-22 15:04:43,661 - Epoch:149, train_loss:1.7593, val_auc:0.9247, val_ap: 0.9169
2023-04-22 15:04:44,555 - Epoch:150, train_loss:1.7481, val_auc:0.9249, val_ap: 0.9173
2023-04-22 15:04:45,452 - Epoch:151, train_loss:1.7355, val_auc:0.9246, val_ap: 0.9171
2023-04-22 15:04:46,340 - Epoch:152, train_loss:1.7352, val_auc:0.9243, val_ap: 0.9169
2023-04-22 15:04:47,250 - Epoch:153, train_loss:1.7206, val_auc:0.9244, val_ap: 0.9169
2023-04-22 15:04:48,161 - Epoch:154, train_loss:1.7162, val_auc:0.9248, val_ap: 0.9172
2023-04-22 15:04:49,081 - Epoch:155, train_loss:1.7167, val_auc:0.9252, val_ap: 0.9175
2023-04-22 15:04:49,990 - Epoch:156, train_loss:1.7034, val_auc:0.9255, val_ap: 0.9179
2023-04-22 15:04:50,886 - Epoch:157, train_loss:1.7021, val_auc:0.9255, val_ap: 0.9180
2023-04-22 15:04:51,812 - Epoch:158, train_loss:1.6914, val_auc:0.9251, val_ap: 0.9178
2023-04-22 15:04:52,737 - Epoch:159, train_loss:1.6835, val_auc:0.9252, val_ap: 0.9179
2023-04-22 15:04:53,661 - Epoch:160, train_loss:1.6811, val_auc:0.9252, val_ap: 0.9180
2023-04-22 15:04:54,581 - Epoch:161, train_loss:1.6749, val_auc:0.9253, val_ap: 0.9180
2023-04-22 15:04:56,346 - Epoch:162, train_loss:1.6598, val_auc:0.9256, val_ap: 0.9183
2023-04-22 15:04:57,681 - Epoch:163, train_loss:1.6709, val_auc:0.9259, val_ap: 0.9185
2023-04-22 15:04:58,767 - Epoch:164, train_loss:1.6629, val_auc:0.9262, val_ap: 0.9188
2023-04-22 15:04:59,772 - Epoch:165, train_loss:1.6416, val_auc:0.9265, val_ap: 0.9192
2023-04-22 15:05:00,765 - Epoch:166, train_loss:1.6487, val_auc:0.9263, val_ap: 0.9191
2023-04-22 15:05:01,695 - Epoch:167, train_loss:1.6438, val_auc:0.9257, val_ap: 0.9188
2023-04-22 15:05:02,632 - Epoch:168, train_loss:1.6371, val_auc:0.9254, val_ap: 0.9186
2023-04-22 15:05:03,585 - Epoch:169, train_loss:1.6216, val_auc:0.9258, val_ap: 0.9190
2023-04-22 15:05:04,509 - Epoch:170, train_loss:1.6270, val_auc:0.9265, val_ap: 0.9195
2023-04-22 15:05:05,440 - Epoch:171, train_loss:1.6159, val_auc:0.9270, val_ap: 0.9198
2023-04-22 15:05:06,363 - Epoch:172, train_loss:1.5998, val_auc:0.9272, val_ap: 0.9200
2023-04-22 15:05:07,267 - Epoch:173, train_loss:1.6043, val_auc:0.9271, val_ap: 0.9200
2023-04-22 15:05:08,164 - Epoch:174, train_loss:1.6155, val_auc:0.9269, val_ap: 0.9199
2023-04-22 15:05:09,050 - Epoch:175, train_loss:1.6051, val_auc:0.9266, val_ap: 0.9197
2023-04-22 15:05:09,960 - Epoch:176, train_loss:1.6002, val_auc:0.9267, val_ap: 0.9199
2023-04-22 15:05:10,864 - Epoch:177, train_loss:1.5993, val_auc:0.9271, val_ap: 0.9202
2023-04-22 15:05:11,777 - Epoch:178, train_loss:1.5909, val_auc:0.9274, val_ap: 0.9205
2023-04-22 15:05:12,689 - Epoch:179, train_loss:1.5871, val_auc:0.9275, val_ap: 0.9206
2023-04-22 15:05:13,582 - Epoch:180, train_loss:1.5802, val_auc:0.9277, val_ap: 0.9208
2023-04-22 15:05:14,464 - Epoch:181, train_loss:1.5805, val_auc:0.9279, val_ap: 0.9210
2023-04-22 15:05:15,352 - Epoch:182, train_loss:1.5723, val_auc:0.9279, val_ap: 0.9210
2023-04-22 15:05:16,238 - Epoch:183, train_loss:1.5659, val_auc:0.9278, val_ap: 0.9209
2023-04-22 15:05:17,138 - Epoch:184, train_loss:1.5652, val_auc:0.9278, val_ap: 0.9210
2023-04-22 15:05:18,019 - Epoch:185, train_loss:1.5528, val_auc:0.9279, val_ap: 0.9211
2023-04-22 15:05:18,917 - Epoch:186, train_loss:1.5541, val_auc:0.9280, val_ap: 0.9211
2023-04-22 15:05:19,813 - Epoch:187, train_loss:1.5489, val_auc:0.9280, val_ap: 0.9212
2023-04-22 15:05:20,701 - Epoch:188, train_loss:1.5489, val_auc:0.9281, val_ap: 0.9213
2023-04-22 15:05:21,584 - Epoch:189, train_loss:1.5465, val_auc:0.9282, val_ap: 0.9214
2023-04-22 15:05:22,457 - Epoch:190, train_loss:1.5388, val_auc:0.9282, val_ap: 0.9214
2023-04-22 15:05:23,333 - Epoch:191, train_loss:1.5396, val_auc:0.9280, val_ap: 0.9213
2023-04-22 15:05:24,254 - Epoch:192, train_loss:1.5301, val_auc:0.9282, val_ap: 0.9215
2023-04-22 15:05:25,128 - Epoch:193, train_loss:1.5386, val_auc:0.9287, val_ap: 0.9218
2023-04-22 15:05:26,001 - Epoch:194, train_loss:1.5305, val_auc:0.9289, val_ap: 0.9220
2023-04-22 15:05:27,310 - Epoch:195, train_loss:1.5255, val_auc:0.9289, val_ap: 0.9220
2023-04-22 15:05:28,444 - Epoch:196, train_loss:1.5262, val_auc:0.9288, val_ap: 0.9220
2023-04-22 15:05:29,483 - Epoch:197, train_loss:1.5214, val_auc:0.9286, val_ap: 0.9219
2023-04-22 15:05:30,470 - Epoch:198, train_loss:1.5103, val_auc:0.9287, val_ap: 0.9220
2023-04-22 15:05:31,423 - Epoch:199, train_loss:1.5077, val_auc:0.9290, val_ap: 0.9222
2023-04-22 15:05:31,424 - final results:
2023-04-22 15:05:31,425 - ====================================================================================
2023-04-22 15:05:31,425 - AUC:0.9329+-0.0023 [0.9305052881278107, 0.936266850251422, 0.9310551081891061, 0.9336554057555437]
2023-04-22 15:05:31,425 - AP:0.9260+-0.0019 [0.923802251238172, 0.9286742183968831, 0.924636076956333, 0.9267065504082433]
2023-04-22 15:05:32,546 - Epoch:000, train_loss:16.8306, val_auc:0.9192, val_ap: 0.9192, text_auc:0.9229, text_ap: 0.9208
2023-04-22 15:05:33,521 - Epoch:001, train_loss:16.4336, val_auc:0.9263, val_ap: 0.9234, text_auc:0.9291, text_ap: 0.9246
2023-04-22 15:05:34,478 - Epoch:002, train_loss:16.0155, val_auc:0.9293, val_ap: 0.9250, text_auc:0.9317, text_ap: 0.9259
2023-04-22 15:05:35,412 - Epoch:003, train_loss:15.5352, val_auc:0.9306, val_ap: 0.9253, text_auc:0.9328, text_ap: 0.9262
2023-04-22 15:05:36,371 - Epoch:004, train_loss:15.1020, val_auc:0.9313, val_ap: 0.9257, text_auc:0.9332, text_ap: 0.9261
2023-04-22 15:05:37,257 - Epoch:005, train_loss:14.6435, val_auc:0.9316, val_ap: 0.9252
2023-04-22 15:05:38,149 - Epoch:006, train_loss:14.2627, val_auc:0.9318, val_ap: 0.9251
2023-04-22 15:05:39,048 - Epoch:007, train_loss:13.9015, val_auc:0.9318, val_ap: 0.9249
2023-04-22 15:05:39,953 - Epoch:008, train_loss:13.4373, val_auc:0.9319, val_ap: 0.9247
2023-04-22 15:05:40,819 - Epoch:009, train_loss:13.0397, val_auc:0.9318, val_ap: 0.9244
2023-04-22 15:05:41,719 - Epoch:010, train_loss:12.6622, val_auc:0.9318, val_ap: 0.9241
2023-04-22 15:05:42,605 - Epoch:011, train_loss:12.2950, val_auc:0.9317, val_ap: 0.9239
2023-04-22 15:05:43,483 - Epoch:012, train_loss:11.9905, val_auc:0.9317, val_ap: 0.9238
2023-04-22 15:05:44,354 - Epoch:013, train_loss:11.6312, val_auc:0.9315, val_ap: 0.9235
2023-04-22 15:05:45,219 - Epoch:014, train_loss:11.2095, val_auc:0.9314, val_ap: 0.9232
2023-04-22 15:05:46,098 - Epoch:015, train_loss:10.8925, val_auc:0.9313, val_ap: 0.9231
2023-04-22 15:05:46,972 - Epoch:016, train_loss:10.5357, val_auc:0.9313, val_ap: 0.9230
2023-04-22 15:05:47,793 - Epoch:017, train_loss:10.2651, val_auc:0.9312, val_ap: 0.9228
2023-04-22 15:05:48,720 - Epoch:018, train_loss:9.9207, val_auc:0.9311, val_ap: 0.9227
2023-04-22 15:05:49,588 - Epoch:019, train_loss:9.5774, val_auc:0.9310, val_ap: 0.9225
2023-04-22 15:05:50,466 - Epoch:020, train_loss:9.3135, val_auc:0.9309, val_ap: 0.9224
2023-04-22 15:05:51,342 - Epoch:021, train_loss:9.0634, val_auc:0.9308, val_ap: 0.9223
2023-04-22 15:05:52,215 - Epoch:022, train_loss:8.7682, val_auc:0.9306, val_ap: 0.9221
2023-04-22 15:05:53,096 - Epoch:023, train_loss:8.5355, val_auc:0.9305, val_ap: 0.9220
2023-04-22 15:05:53,968 - Epoch:024, train_loss:8.2647, val_auc:0.9304, val_ap: 0.9219
2023-04-22 15:05:54,854 - Epoch:025, train_loss:8.0848, val_auc:0.9303, val_ap: 0.9218
2023-04-22 15:05:55,726 - Epoch:026, train_loss:7.9039, val_auc:0.9301, val_ap: 0.9216
2023-04-22 15:05:56,602 - Epoch:027, train_loss:7.6884, val_auc:0.9300, val_ap: 0.9215
2023-04-22 15:05:57,511 - Epoch:028, train_loss:7.4714, val_auc:0.9299, val_ap: 0.9214
2023-04-22 15:05:58,404 - Epoch:029, train_loss:7.2976, val_auc:0.9296, val_ap: 0.9211
2023-04-22 15:05:59,318 - Epoch:030, train_loss:7.1249, val_auc:0.9294, val_ap: 0.9209
2023-04-22 15:06:00,230 - Epoch:031, train_loss:6.9546, val_auc:0.9293, val_ap: 0.9208
2023-04-22 15:06:01,350 - Epoch:032, train_loss:6.7992, val_auc:0.9292, val_ap: 0.9206
2023-04-22 15:06:02,663 - Epoch:033, train_loss:6.6835, val_auc:0.9290, val_ap: 0.9204
2023-04-22 15:06:04,277 - Epoch:034, train_loss:6.5649, val_auc:0.9289, val_ap: 0.9204
2023-04-22 15:06:06,031 - Epoch:035, train_loss:6.4318, val_auc:0.9287, val_ap: 0.9202
2023-04-22 15:06:07,786 - Epoch:036, train_loss:6.3525, val_auc:0.9286, val_ap: 0.9202
2023-04-22 15:06:09,523 - Epoch:037, train_loss:6.2302, val_auc:0.9284, val_ap: 0.9199
2023-04-22 15:06:11,244 - Epoch:038, train_loss:6.1860, val_auc:0.9283, val_ap: 0.9198
2023-04-22 15:06:12,956 - Epoch:039, train_loss:6.0677, val_auc:0.9281, val_ap: 0.9196
2023-04-22 15:06:14,639 - Epoch:040, train_loss:5.9922, val_auc:0.9280, val_ap: 0.9194
2023-04-22 15:06:16,317 - Epoch:041, train_loss:5.9270, val_auc:0.9278, val_ap: 0.9192
2023-04-22 15:06:17,998 - Epoch:042, train_loss:5.8531, val_auc:0.9276, val_ap: 0.9190
2023-04-22 15:06:19,666 - Epoch:043, train_loss:5.7896, val_auc:0.9275, val_ap: 0.9189
2023-04-22 15:06:21,325 - Epoch:044, train_loss:5.7635, val_auc:0.9273, val_ap: 0.9187
2023-04-22 15:06:22,991 - Epoch:045, train_loss:5.7353, val_auc:0.9271, val_ap: 0.9185
2023-04-22 15:06:24,659 - Epoch:046, train_loss:5.6658, val_auc:0.9269, val_ap: 0.9184
2023-04-22 15:06:26,326 - Epoch:047, train_loss:5.6601, val_auc:0.9267, val_ap: 0.9180
2023-04-22 15:06:27,993 - Epoch:048, train_loss:5.5967, val_auc:0.9266, val_ap: 0.9179
2023-04-22 15:06:29,623 - Epoch:049, train_loss:5.5772, val_auc:0.9264, val_ap: 0.9176
2023-04-22 15:06:31,237 - Epoch:050, train_loss:5.5288, val_auc:0.9262, val_ap: 0.9175
2023-04-22 15:06:32,834 - Epoch:051, train_loss:5.5196, val_auc:0.9259, val_ap: 0.9171
2023-04-22 15:06:34,439 - Epoch:052, train_loss:5.4731, val_auc:0.9258, val_ap: 0.9170
2023-04-22 15:06:36,025 - Epoch:053, train_loss:5.4632, val_auc:0.9256, val_ap: 0.9166
2023-04-22 15:06:37,631 - Epoch:054, train_loss:5.4540, val_auc:0.9254, val_ap: 0.9164
2023-04-22 15:06:39,228 - Epoch:055, train_loss:5.4187, val_auc:0.9252, val_ap: 0.9164
2023-04-22 15:06:40,830 - Epoch:056, train_loss:5.3822, val_auc:0.9250, val_ap: 0.9162
2023-04-22 15:06:42,430 - Epoch:057, train_loss:5.3724, val_auc:0.9249, val_ap: 0.9160
2023-04-22 15:06:44,028 - Epoch:058, train_loss:5.3707, val_auc:0.9247, val_ap: 0.9158
2023-04-22 15:06:45,643 - Epoch:059, train_loss:5.3169, val_auc:0.9245, val_ap: 0.9155
2023-04-22 15:06:47,233 - Epoch:060, train_loss:5.3172, val_auc:0.9243, val_ap: 0.9153
2023-04-22 15:06:48,864 - Epoch:061, train_loss:5.3294, val_auc:0.9241, val_ap: 0.9152
2023-04-22 15:06:50,517 - Epoch:062, train_loss:5.3093, val_auc:0.9239, val_ap: 0.9149
2023-04-22 15:06:52,089 - Epoch:063, train_loss:5.3041, val_auc:0.9237, val_ap: 0.9145
2023-04-22 15:06:53,731 - Epoch:064, train_loss:5.2828, val_auc:0.9235, val_ap: 0.9144
2023-04-22 15:06:55,338 - Epoch:065, train_loss:5.2466, val_auc:0.9234, val_ap: 0.9142
2023-04-22 15:06:57,019 - Epoch:066, train_loss:5.2736, val_auc:0.9231, val_ap: 0.9141
2023-04-22 15:06:58,682 - Epoch:067, train_loss:5.2423, val_auc:0.9229, val_ap: 0.9138
2023-04-22 15:07:00,234 - Epoch:068, train_loss:5.2467, val_auc:0.9227, val_ap: 0.9135
2023-04-22 15:07:01,797 - Epoch:069, train_loss:5.2458, val_auc:0.9225, val_ap: 0.9132
2023-04-22 15:07:03,323 - Epoch:070, train_loss:5.2216, val_auc:0.9223, val_ap: 0.9129
2023-04-22 15:07:04,786 - Epoch:071, train_loss:5.2344, val_auc:0.9221, val_ap: 0.9126
2023-04-22 15:07:06,333 - Epoch:072, train_loss:5.2015, val_auc:0.9219, val_ap: 0.9124
2023-04-22 15:07:07,793 - Epoch:073, train_loss:5.1931, val_auc:0.9217, val_ap: 0.9122
2023-04-22 15:07:09,294 - Epoch:074, train_loss:5.1780, val_auc:0.9215, val_ap: 0.9120
2023-04-22 15:07:10,790 - Epoch:075, train_loss:5.1951, val_auc:0.9214, val_ap: 0.9119
2023-04-22 15:07:12,274 - Epoch:076, train_loss:5.1688, val_auc:0.9212, val_ap: 0.9117
2023-04-22 15:07:13,733 - Epoch:077, train_loss:5.1810, val_auc:0.9209, val_ap: 0.9113
2023-04-22 15:07:15,221 - Epoch:078, train_loss:5.1631, val_auc:0.9207, val_ap: 0.9111
2023-04-22 15:07:16,727 - Epoch:079, train_loss:5.1643, val_auc:0.9205, val_ap: 0.9108
2023-04-22 15:07:18,128 - Epoch:080, train_loss:5.1635, val_auc:0.9204, val_ap: 0.9106
2023-04-22 15:07:19,625 - Epoch:081, train_loss:5.1456, val_auc:0.9202, val_ap: 0.9103
2023-04-22 15:07:21,116 - Epoch:082, train_loss:5.1688, val_auc:0.9199, val_ap: 0.9101
2023-04-22 15:07:22,574 - Epoch:083, train_loss:5.1430, val_auc:0.9197, val_ap: 0.9098
2023-04-22 15:07:24,067 - Epoch:084, train_loss:5.1546, val_auc:0.9195, val_ap: 0.9095
2023-04-22 15:07:25,519 - Epoch:085, train_loss:5.1612, val_auc:0.9193, val_ap: 0.9093
2023-04-22 15:07:26,929 - Epoch:086, train_loss:5.1520, val_auc:0.9191, val_ap: 0.9091
2023-04-22 15:07:28,395 - Epoch:087, train_loss:5.1385, val_auc:0.9189, val_ap: 0.9088
2023-04-22 15:07:29,842 - Epoch:088, train_loss:5.1368, val_auc:0.9188, val_ap: 0.9088
2023-04-22 15:07:31,246 - Epoch:089, train_loss:5.1237, val_auc:0.9186, val_ap: 0.9084
2023-04-22 15:07:32,634 - Epoch:090, train_loss:5.1105, val_auc:0.9184, val_ap: 0.9082
2023-04-22 15:07:34,014 - Epoch:091, train_loss:5.1017, val_auc:0.9182, val_ap: 0.9079
2023-04-22 15:07:35,390 - Epoch:092, train_loss:5.0947, val_auc:0.9180, val_ap: 0.9077
2023-04-22 15:07:36,871 - Epoch:093, train_loss:5.1222, val_auc:0.9178, val_ap: 0.9074
2023-04-22 15:07:38,366 - Epoch:094, train_loss:5.0941, val_auc:0.9176, val_ap: 0.9072
2023-04-22 15:07:39,882 - Epoch:095, train_loss:5.0811, val_auc:0.9175, val_ap: 0.9070
2023-04-22 15:07:41,339 - Epoch:096, train_loss:5.0833, val_auc:0.9173, val_ap: 0.9068
2023-04-22 15:07:42,799 - Epoch:097, train_loss:5.0643, val_auc:0.9172, val_ap: 0.9066
2023-04-22 15:07:44,233 - Epoch:098, train_loss:5.0899, val_auc:0.9171, val_ap: 0.9065
2023-04-22 15:07:45,673 - Epoch:099, train_loss:5.0734, val_auc:0.9170, val_ap: 0.9064
2023-04-22 15:07:47,115 - Epoch:100, train_loss:5.0454, val_auc:0.9172, val_ap: 0.9065
2023-04-22 15:07:48,473 - Epoch:101, train_loss:4.9931, val_auc:0.9177, val_ap: 0.9070
2023-04-22 15:07:49,822 - Epoch:102, train_loss:4.9445, val_auc:0.9190, val_ap: 0.9084
2023-04-22 15:07:51,177 - Epoch:103, train_loss:4.8148, val_auc:0.9217, val_ap: 0.9111
2023-04-22 15:07:52,515 - Epoch:104, train_loss:4.6270, val_auc:0.9297, val_ap: 0.9182
2023-04-22 15:07:53,877 - Epoch:105, train_loss:4.5615, val_auc:0.9313, val_ap: 0.9212
2023-04-22 15:07:55,236 - Epoch:106, train_loss:4.4198, val_auc:0.9286, val_ap: 0.9202
2023-04-22 15:07:56,655 - Epoch:107, train_loss:4.3395, val_auc:0.9264, val_ap: 0.9172
2023-04-22 15:07:58,102 - Epoch:108, train_loss:4.1575, val_auc:0.9250, val_ap: 0.9152
2023-04-22 15:07:59,499 - Epoch:109, train_loss:3.9895, val_auc:0.9244, val_ap: 0.9148
2023-04-22 15:08:00,891 - Epoch:110, train_loss:3.8425, val_auc:0.9273, val_ap: 0.9174
2023-04-22 15:08:02,286 - Epoch:111, train_loss:3.8191, val_auc:0.9292, val_ap: 0.9190
2023-04-22 15:08:03,691 - Epoch:112, train_loss:3.8076, val_auc:0.9288, val_ap: 0.9186
2023-04-22 15:08:05,104 - Epoch:113, train_loss:3.6636, val_auc:0.9275, val_ap: 0.9178
2023-04-22 15:08:06,484 - Epoch:114, train_loss:3.4373, val_auc:0.9273, val_ap: 0.9170
2023-04-22 15:08:07,877 - Epoch:115, train_loss:3.2255, val_auc:0.9272, val_ap: 0.9173
2023-04-22 15:08:09,263 - Epoch:116, train_loss:3.2646, val_auc:0.9240, val_ap: 0.9153
2023-04-22 15:08:10,614 - Epoch:117, train_loss:3.1871, val_auc:0.9200, val_ap: 0.9126
2023-04-22 15:08:11,998 - Epoch:118, train_loss:3.0671, val_auc:0.9205, val_ap: 0.9130
2023-04-22 15:08:13,363 - Epoch:119, train_loss:2.9565, val_auc:0.9241, val_ap: 0.9149
2023-04-22 15:08:14,706 - Epoch:120, train_loss:2.8466, val_auc:0.9262, val_ap: 0.9154
2023-04-22 15:08:16,055 - Epoch:121, train_loss:2.6459, val_auc:0.9272, val_ap: 0.9159
2023-04-22 15:08:17,407 - Epoch:122, train_loss:2.6352, val_auc:0.9273, val_ap: 0.9161
2023-04-22 15:08:18,758 - Epoch:123, train_loss:2.6000, val_auc:0.9255, val_ap: 0.9150
2023-04-22 15:08:20,101 - Epoch:124, train_loss:2.5167, val_auc:0.9234, val_ap: 0.9137
2023-04-22 15:08:21,425 - Epoch:125, train_loss:2.4345, val_auc:0.9221, val_ap: 0.9129
2023-04-22 15:08:22,779 - Epoch:126, train_loss:2.3942, val_auc:0.9213, val_ap: 0.9125
2023-04-22 15:08:24,119 - Epoch:127, train_loss:2.3766, val_auc:0.9217, val_ap: 0.9126
2023-04-22 15:08:25,440 - Epoch:128, train_loss:2.3270, val_auc:0.9230, val_ap: 0.9133
2023-04-22 15:08:26,726 - Epoch:129, train_loss:2.2547, val_auc:0.9241, val_ap: 0.9135
2023-04-22 15:08:27,998 - Epoch:130, train_loss:2.1507, val_auc:0.9244, val_ap: 0.9133
2023-04-22 15:08:29,248 - Epoch:131, train_loss:2.0893, val_auc:0.9245, val_ap: 0.9132
2023-04-22 15:08:30,539 - Epoch:132, train_loss:2.0727, val_auc:0.9243, val_ap: 0.9130
2023-04-22 15:08:31,809 - Epoch:133, train_loss:2.0122, val_auc:0.9235, val_ap: 0.9126
2023-04-22 15:08:33,142 - Epoch:134, train_loss:1.9797, val_auc:0.9233, val_ap: 0.9127
2023-04-22 15:08:34,530 - Epoch:135, train_loss:1.9868, val_auc:0.9229, val_ap: 0.9124
2023-04-22 15:08:35,914 - Epoch:136, train_loss:1.9812, val_auc:0.9222, val_ap: 0.9118
2023-04-22 15:08:37,308 - Epoch:137, train_loss:1.9385, val_auc:0.9217, val_ap: 0.9114
2023-04-22 15:08:38,686 - Epoch:138, train_loss:1.8855, val_auc:0.9217, val_ap: 0.9114
2023-04-22 15:08:40,053 - Epoch:139, train_loss:1.8618, val_auc:0.9229, val_ap: 0.9122
2023-04-22 15:08:41,442 - Epoch:140, train_loss:1.8605, val_auc:0.9234, val_ap: 0.9125
2023-04-22 15:08:42,832 - Epoch:141, train_loss:1.8563, val_auc:0.9231, val_ap: 0.9122
2023-04-22 15:08:44,212 - Epoch:142, train_loss:1.8341, val_auc:0.9222, val_ap: 0.9117
2023-04-22 15:08:45,587 - Epoch:143, train_loss:1.8230, val_auc:0.9214, val_ap: 0.9112
2023-04-22 15:08:47,000 - Epoch:144, train_loss:1.8067, val_auc:0.9210, val_ap: 0.9109
2023-04-22 15:08:48,435 - Epoch:145, train_loss:1.7912, val_auc:0.9212, val_ap: 0.9111
2023-04-22 15:08:49,846 - Epoch:146, train_loss:1.7820, val_auc:0.9218, val_ap: 0.9115
2023-04-22 15:08:51,255 - Epoch:147, train_loss:1.7878, val_auc:0.9217, val_ap: 0.9115
2023-04-22 15:08:52,702 - Epoch:148, train_loss:1.7769, val_auc:0.9215, val_ap: 0.9114
2023-04-22 15:08:54,168 - Epoch:149, train_loss:1.7646, val_auc:0.9215, val_ap: 0.9116
2023-04-22 15:08:55,620 - Epoch:150, train_loss:1.7507, val_auc:0.9215, val_ap: 0.9117
2023-04-22 15:08:57,022 - Epoch:151, train_loss:1.7352, val_auc:0.9215, val_ap: 0.9117
2023-04-22 15:08:58,441 - Epoch:152, train_loss:1.7333, val_auc:0.9215, val_ap: 0.9118
2023-04-22 15:08:59,885 - Epoch:153, train_loss:1.7262, val_auc:0.9215, val_ap: 0.9118
2023-04-22 15:09:01,317 - Epoch:154, train_loss:1.7219, val_auc:0.9219, val_ap: 0.9122
2023-04-22 15:09:02,737 - Epoch:155, train_loss:1.7138, val_auc:0.9225, val_ap: 0.9127
2023-04-22 15:09:04,163 - Epoch:156, train_loss:1.7102, val_auc:0.9229, val_ap: 0.9131
2023-04-22 15:09:05,593 - Epoch:157, train_loss:1.6952, val_auc:0.9228, val_ap: 0.9131
2023-04-22 15:09:06,996 - Epoch:158, train_loss:1.6806, val_auc:0.9220, val_ap: 0.9127
2023-04-22 15:09:08,432 - Epoch:159, train_loss:1.6766, val_auc:0.9213, val_ap: 0.9123
2023-04-22 15:09:09,866 - Epoch:160, train_loss:1.6759, val_auc:0.9211, val_ap: 0.9121
2023-04-22 15:09:11,318 - Epoch:161, train_loss:1.6846, val_auc:0.9215, val_ap: 0.9124
2023-04-22 15:09:12,744 - Epoch:162, train_loss:1.6662, val_auc:0.9223, val_ap: 0.9129
2023-04-22 15:09:14,173 - Epoch:163, train_loss:1.6637, val_auc:0.9228, val_ap: 0.9133
2023-04-22 15:09:15,614 - Epoch:164, train_loss:1.6589, val_auc:0.9230, val_ap: 0.9134
2023-04-22 15:09:16,976 - Epoch:165, train_loss:1.6549, val_auc:0.9229, val_ap: 0.9134
2023-04-22 15:09:18,428 - Epoch:166, train_loss:1.6491, val_auc:0.9228, val_ap: 0.9135
2023-04-22 15:09:19,868 - Epoch:167, train_loss:1.6340, val_auc:0.9225, val_ap: 0.9135
2023-04-22 15:09:21,277 - Epoch:168, train_loss:1.6396, val_auc:0.9223, val_ap: 0.9134
2023-04-22 15:09:22,808 - Epoch:169, train_loss:1.6396, val_auc:0.9226, val_ap: 0.9136
2023-04-22 15:09:24,330 - Epoch:170, train_loss:1.6221, val_auc:0.9231, val_ap: 0.9140
2023-04-22 15:09:25,758 - Epoch:171, train_loss:1.6269, val_auc:0.9233, val_ap: 0.9142
2023-04-22 15:09:27,210 - Epoch:172, train_loss:1.6169, val_auc:0.9232, val_ap: 0.9141
2023-04-22 15:09:28,684 - Epoch:173, train_loss:1.6189, val_auc:0.9229, val_ap: 0.9140
2023-04-22 15:09:30,164 - Epoch:174, train_loss:1.6020, val_auc:0.9229, val_ap: 0.9139
2023-04-22 15:09:31,612 - Epoch:175, train_loss:1.6126, val_auc:0.9229, val_ap: 0.9140
2023-04-22 15:09:33,019 - Epoch:176, train_loss:1.6038, val_auc:0.9232, val_ap: 0.9142
2023-04-22 15:09:34,384 - Epoch:177, train_loss:1.6033, val_auc:0.9236, val_ap: 0.9145
2023-04-22 15:09:35,780 - Epoch:178, train_loss:1.6048, val_auc:0.9236, val_ap: 0.9146
2023-04-22 15:09:37,165 - Epoch:179, train_loss:1.5828, val_auc:0.9234, val_ap: 0.9145
2023-04-22 15:09:38,609 - Epoch:180, train_loss:1.5891, val_auc:0.9232, val_ap: 0.9144
2023-04-22 15:09:40,042 - Epoch:181, train_loss:1.5786, val_auc:0.9234, val_ap: 0.9146
2023-04-22 15:09:41,540 - Epoch:182, train_loss:1.5853, val_auc:0.9237, val_ap: 0.9148
2023-04-22 15:09:43,003 - Epoch:183, train_loss:1.5825, val_auc:0.9236, val_ap: 0.9148
2023-04-22 15:09:44,490 - Epoch:184, train_loss:1.5720, val_auc:0.9236, val_ap: 0.9148
2023-04-22 15:09:46,004 - Epoch:185, train_loss:1.5645, val_auc:0.9239, val_ap: 0.9151
2023-04-22 15:09:47,415 - Epoch:186, train_loss:1.5636, val_auc:0.9241, val_ap: 0.9153
2023-04-22 15:09:48,818 - Epoch:187, train_loss:1.5571, val_auc:0.9242, val_ap: 0.9154
2023-04-22 15:09:50,217 - Epoch:188, train_loss:1.5534, val_auc:0.9239, val_ap: 0.9153
2023-04-22 15:09:51,605 - Epoch:189, train_loss:1.5507, val_auc:0.9237, val_ap: 0.9152
2023-04-22 15:09:53,002 - Epoch:190, train_loss:1.5534, val_auc:0.9239, val_ap: 0.9152
2023-04-22 15:09:54,430 - Epoch:191, train_loss:1.5517, val_auc:0.9242, val_ap: 0.9154
2023-04-22 15:09:55,860 - Epoch:192, train_loss:1.5414, val_auc:0.9243, val_ap: 0.9156
2023-04-22 15:09:57,348 - Epoch:193, train_loss:1.5362, val_auc:0.9242, val_ap: 0.9156
2023-04-22 15:09:58,839 - Epoch:194, train_loss:1.5413, val_auc:0.9242, val_ap: 0.9156
2023-04-22 15:10:00,366 - Epoch:195, train_loss:1.5321, val_auc:0.9241, val_ap: 0.9156
2023-04-22 15:10:01,885 - Epoch:196, train_loss:1.5217, val_auc:0.9241, val_ap: 0.9156
2023-04-22 15:10:03,392 - Epoch:197, train_loss:1.5303, val_auc:0.9242, val_ap: 0.9156
2023-04-22 15:10:04,889 - Epoch:198, train_loss:1.5214, val_auc:0.9241, val_ap: 0.9156
2023-04-22 15:10:06,379 - Epoch:199, train_loss:1.5280, val_auc:0.9244, val_ap: 0.9158
2023-04-22 15:10:06,381 - final results:
2023-04-22 15:10:06,381 - ====================================================================================
2023-04-22 15:10:06,381 - AUC:0.9329+-0.0021 [0.9305052881278107, 0.936266850251422, 0.9310551081891061, 0.9336554057555437, 0.9331933565968107]
2023-04-22 15:10:06,382 - AP:0.9260+-0.0017 [0.923802251238172, 0.9286742183968831, 0.924636076956333, 0.9267065504082433, 0.9261083669346145]
